starting at Wed Oct 12 23:36:31 CDT 2022 on mhgcp-g00.grid.bcm.edu
SLURM_JOBID=624167
2022-10-12 23:36:38,045 - DEBUG - Using logic: Default
2022-10-12 23:36:38,069 - INFO - Read 5375 cell barcodes from /storage/singlecell/zz4/fetal_bash/data/Retina_fetal/Multiome_16w4d_NR/outs/filtered_feature_bc_matrix/barcodes.tsv.gz
2022-10-12 23:36:38,069 - DEBUG - Example of barcode: AAACAGCCAAGTAAGC and cell_id: Multiome_16w4d_NR:AAACAGCCAAGTAAGC-1
2022-10-12 23:36:38,085 - DEBUG - Peeking into /storage/singlecell/zz4/fetal_bash/data/Retina_fetal/Multiome_16w4d_NR/outs/gex_possorted_bam.bam
2022-10-12 23:36:38,263 - WARNING - Not found cell and umi barcode in entry 7 of the bam file
2022-10-12 23:36:38,263 - WARNING - Not found cell and umi barcode in entry 25 of the bam file
2022-10-12 23:36:38,263 - WARNING - Not found cell and umi barcode in entry 26 of the bam file
2022-10-12 23:36:38,263 - WARNING - Not found cell and umi barcode in entry 27 of the bam file
2022-10-12 23:36:38,263 - WARNING - Not found cell and umi barcode in entry 28 of the bam file
2022-10-12 23:36:38,263 - WARNING - Not found cell and umi barcode in entry 29 of the bam file
2022-10-12 23:36:38,263 - WARNING - Not found cell and umi barcode in entry 66 of the bam file
2022-10-12 23:36:38,263 - WARNING - Not found cell and umi barcode in entry 162 of the bam file
2022-10-12 23:36:38,263 - WARNING - Not found cell and umi barcode in entry 227 of the bam file
2022-10-12 23:36:38,264 - WARNING - Not found cell and umi barcode in entry 269 of the bam file
2022-10-12 23:36:38,264 - WARNING - Not found cell and umi barcode in entry 432 of the bam file
2022-10-12 23:36:38,264 - WARNING - Not found cell and umi barcode in entry 482 of the bam file
2022-10-12 23:36:38,264 - WARNING - Not found cell and umi barcode in entry 566 of the bam file
2022-10-12 23:36:38,264 - WARNING - Not found cell and umi barcode in entry 572 of the bam file
2022-10-12 23:36:38,264 - WARNING - Not found cell and umi barcode in entry 573 of the bam file
2022-10-12 23:36:38,264 - WARNING - Not found cell and umi barcode in entry 574 of the bam file
2022-10-12 23:36:38,265 - WARNING - Not found cell and umi barcode in entry 575 of the bam file
2022-10-12 23:36:38,265 - WARNING - Not found cell and umi barcode in entry 576 of the bam file
2022-10-12 23:36:38,265 - WARNING - Not found cell and umi barcode in entry 577 of the bam file
2022-10-12 23:36:38,265 - WARNING - Not found cell and umi barcode in entry 662 of the bam file
2022-10-12 23:36:38,265 - WARNING - Not found cell and umi barcode in entry 696 of the bam file
2022-10-12 23:36:38,265 - WARNING - Not found cell and umi barcode in entry 697 of the bam file
2022-10-12 23:36:38,265 - WARNING - Not found cell and umi barcode in entry 707 of the bam file
2022-10-12 23:36:38,265 - WARNING - Not found cell and umi barcode in entry 746 of the bam file
2022-10-12 23:36:38,265 - WARNING - Not found cell and umi barcode in entry 750 of the bam file
2022-10-12 23:36:38,265 - WARNING - Not found cell and umi barcode in entry 763 of the bam file
2022-10-12 23:36:38,265 - WARNING - Not found cell and umi barcode in entry 846 of the bam file
2022-10-12 23:36:38,265 - WARNING - Not found cell and umi barcode in entry 851 of the bam file
2022-10-12 23:36:38,265 - WARNING - Not found cell and umi barcode in entry 919 of the bam file
2022-10-12 23:36:38,266 - WARNING - Not found cell and umi barcode in entry 983 of the bam file
2022-10-12 23:36:38,266 - WARNING - Not found cell and umi barcode in entry 984 of the bam file
2022-10-12 23:36:38,266 - WARNING - Not found cell and umi barcode in entry 985 of the bam file
2022-10-12 23:36:38,266 - WARNING - Not found cell and umi barcode in entry 986 of the bam file
2022-10-12 23:36:38,266 - WARNING - Not found cell and umi barcode in entry 988 of the bam file
2022-10-12 23:36:38,266 - WARNING - Not found cell and umi barcode in entry 990 of the bam file
2022-10-12 23:36:38,266 - WARNING - Not found cell and umi barcode in entry 991 of the bam file
2022-10-12 23:36:38,266 - WARNING - Not found cell and umi barcode in entry 993 of the bam file
2022-10-12 23:36:38,266 - WARNING - Not found cell and umi barcode in entry 994 of the bam file
2022-10-12 23:36:38,266 - WARNING - Not found cell and umi barcode in entry 995 of the bam file
2022-10-12 23:36:38,266 - WARNING - Not found cell and umi barcode in entry 996 of the bam file
2022-10-12 23:36:38,266 - WARNING - Not found cell and umi barcode in entry 997 of the bam file
2022-10-12 23:36:38,266 - WARNING - Not found cell and umi barcode in entry 998 of the bam file
2022-10-12 23:36:38,266 - WARNING - Not found cell and umi barcode in entry 1023 of the bam file
2022-10-12 23:36:38,266 - WARNING - Not found cell and umi barcode in entry 1026 of the bam file
2022-10-12 23:36:38,266 - WARNING - Not found cell and umi barcode in entry 1039 of the bam file
2022-10-12 23:36:38,266 - WARNING - Not found cell and umi barcode in entry 1040 of the bam file
2022-10-12 23:36:38,266 - WARNING - Not found cell and umi barcode in entry 1041 of the bam file
2022-10-12 23:36:38,266 - WARNING - Not found cell and umi barcode in entry 1042 of the bam file
2022-10-12 23:36:38,266 - WARNING - Not found cell and umi barcode in entry 1043 of the bam file
2022-10-12 23:36:38,271 - WARNING - The file /storage/singlecell/zz4/fetal_bash/data/Retina_fetal/Multiome_16w4d_NR/outs/cellsorted_gex_possorted_bam.bam already exists. The sorting step will be skipped and the existing file will be used.
2022-10-12 23:36:38,272 - INFO - Load the annotation from /storage/singlecell/zz4/Reference/refdata-cellranger-arc-GRCh38-2020-A/genes/genes.gtf
2022-10-12 23:36:48,069 - DEBUG - Parsing Chromosome GL000009.2 strand - [line 0]
2022-10-12 23:36:48,070 - DEBUG - Done with GL000009.2- [line 7]
2022-10-12 23:36:48,070 - DEBUG - Assigning indexes to genes
2022-10-12 23:36:48,070 - DEBUG - Seen 1 genes until now
2022-10-12 23:36:48,070 - DEBUG - Parsing Chromosome GL000194.1 strand - [line 8]
2022-10-12 23:36:48,070 - DEBUG - Done with GL000194.1- [line 33]
2022-10-12 23:36:48,070 - DEBUG - Assigning indexes to genes
2022-10-12 23:36:48,070 - DEBUG - Seen 3 genes until now
2022-10-12 23:36:48,070 - DEBUG - Parsing Chromosome GL000195.1 strand - [line 34]
2022-10-12 23:36:48,070 - DEBUG - Done with GL000195.1- [line 43]
2022-10-12 23:36:48,070 - DEBUG - Assigning indexes to genes
2022-10-12 23:36:48,070 - DEBUG - Seen 4 genes until now
2022-10-12 23:36:48,070 - DEBUG - Parsing Chromosome GL000195.1 strand + [line 44]
2022-10-12 23:36:48,070 - DEBUG - Done with GL000195.1+ [line 57]
2022-10-12 23:36:48,070 - DEBUG - Assigning indexes to genes
2022-10-12 23:36:48,070 - DEBUG - Seen 5 genes until now
2022-10-12 23:36:48,070 - DEBUG - Parsing Chromosome GL000205.2 strand - [line 58]
2022-10-12 23:36:48,070 - DEBUG - Done with GL000205.2- [line 71]
2022-10-12 23:36:48,070 - DEBUG - Assigning indexes to genes
2022-10-12 23:36:48,070 - DEBUG - Seen 6 genes until now
2022-10-12 23:36:48,070 - DEBUG - Parsing Chromosome GL000213.1 strand - [line 72]
2022-10-12 23:36:48,071 - DEBUG - Done with GL000213.1- [line 120]
2022-10-12 23:36:48,071 - DEBUG - Assigning indexes to genes
2022-10-12 23:36:48,071 - DEBUG - Seen 7 genes until now
2022-10-12 23:36:48,071 - DEBUG - Parsing Chromosome GL000218.1 strand - [line 121]
2022-10-12 23:36:48,071 - DEBUG - Done with GL000218.1- [line 128]
2022-10-12 23:36:48,071 - DEBUG - Assigning indexes to genes
2022-10-12 23:36:48,071 - DEBUG - Seen 8 genes until now
2022-10-12 23:36:48,071 - DEBUG - Parsing Chromosome GL000219.1 strand - [line 129]
2022-10-12 23:36:48,071 - DEBUG - Done with GL000219.1- [line 141]
2022-10-12 23:36:48,071 - DEBUG - Assigning indexes to genes
2022-10-12 23:36:48,071 - DEBUG - Seen 9 genes until now
2022-10-12 23:36:48,071 - DEBUG - Parsing Chromosome KI270711.1 strand - [line 142]
2022-10-12 23:36:48,071 - DEBUG - Done with KI270711.1- [line 292]
2022-10-12 23:36:48,072 - DEBUG - Assigning indexes to genes
2022-10-12 23:36:48,072 - DEBUG - Seen 10 genes until now
2022-10-12 23:36:48,072 - DEBUG - Parsing Chromosome KI270713.1 strand - [line 293]
2022-10-12 23:36:48,072 - DEBUG - Done with KI270713.1- [line 300]
2022-10-12 23:36:48,072 - DEBUG - Assigning indexes to genes
2022-10-12 23:36:48,072 - DEBUG - Seen 11 genes until now
2022-10-12 23:36:48,072 - DEBUG - Parsing Chromosome KI270713.1 strand + [line 301]
2022-10-12 23:36:48,072 - DEBUG - Done with KI270713.1+ [line 307]
2022-10-12 23:36:48,072 - DEBUG - Assigning indexes to genes
2022-10-12 23:36:48,072 - DEBUG - Seen 12 genes until now
2022-10-12 23:36:48,072 - DEBUG - Parsing Chromosome KI270721.1 strand + [line 308]
2022-10-12 23:36:48,072 - DEBUG - Done with KI270721.1+ [line 323]
2022-10-12 23:36:48,072 - DEBUG - Assigning indexes to genes
2022-10-12 23:36:48,072 - DEBUG - Seen 13 genes until now
2022-10-12 23:36:48,072 - DEBUG - Parsing Chromosome KI270726.1 strand + [line 324]
2022-10-12 23:36:48,072 - DEBUG - Done with KI270726.1+ [line 334]
2022-10-12 23:36:48,072 - DEBUG - Assigning indexes to genes
2022-10-12 23:36:48,072 - DEBUG - Seen 15 genes until now
2022-10-12 23:36:48,072 - DEBUG - Parsing Chromosome KI270727.1 strand - [line 335]
2022-10-12 23:36:48,072 - DEBUG - Done with KI270727.1- [line 394]
2022-10-12 23:36:48,072 - DEBUG - Assigning indexes to genes
2022-10-12 23:36:48,072 - DEBUG - Seen 17 genes until now
2022-10-12 23:36:48,072 - DEBUG - Parsing Chromosome KI270727.1 strand + [line 395]
2022-10-12 23:36:48,073 - DEBUG - Done with KI270727.1+ [line 409]
2022-10-12 23:36:48,073 - DEBUG - Assigning indexes to genes
2022-10-12 23:36:48,073 - DEBUG - Seen 19 genes until now
2022-10-12 23:36:48,073 - DEBUG - Parsing Chromosome KI270728.1 strand - [line 410]
2022-10-12 23:36:48,073 - DEBUG - Done with KI270728.1- [line 486]
2022-10-12 23:36:48,073 - DEBUG - Assigning indexes to genes
2022-10-12 23:36:48,073 - DEBUG - Seen 21 genes until now
2022-10-12 23:36:48,073 - DEBUG - Parsing Chromosome KI270728.1 strand + [line 487]
2022-10-12 23:36:48,073 - DEBUG - Done with KI270728.1+ [line 523]
2022-10-12 23:36:48,073 - DEBUG - Assigning indexes to genes
2022-10-12 23:36:48,073 - DEBUG - Seen 25 genes until now
2022-10-12 23:36:48,073 - DEBUG - Parsing Chromosome KI270731.1 strand - [line 524]
2022-10-12 23:36:48,073 - DEBUG - Done with KI270731.1- [line 530]
2022-10-12 23:36:48,073 - DEBUG - Assigning indexes to genes
2022-10-12 23:36:48,073 - DEBUG - Seen 26 genes until now
2022-10-12 23:36:48,073 - DEBUG - Parsing Chromosome KI270734.1 strand - [line 531]
2022-10-12 23:36:48,074 - DEBUG - Done with KI270734.1- [line 599]
2022-10-12 23:36:48,074 - DEBUG - Assigning indexes to genes
2022-10-12 23:36:48,074 - DEBUG - Seen 27 genes until now
2022-10-12 23:36:48,074 - DEBUG - Parsing Chromosome KI270734.1 strand + [line 600]
2022-10-12 23:36:48,074 - DEBUG - Done with KI270734.1+ [line 622]
2022-10-12 23:36:48,074 - DEBUG - Assigning indexes to genes
2022-10-12 23:36:48,074 - DEBUG - Seen 29 genes until now
2022-10-12 23:36:48,074 - DEBUG - Parsing Chromosome 1 strand - [line 623]
2022-10-12 23:36:48,806 - DEBUG - Done with 1- [line 118876]
2022-10-12 23:36:48,806 - DEBUG - Assigning indexes to genes
2022-10-12 23:36:48,823 - DEBUG - Seen 1711 genes until now
2022-10-12 23:36:48,823 - DEBUG - Parsing Chromosome 1 strand + [line 118877]
2022-10-12 23:36:49,958 - DEBUG - Done with 1+ [line 253796]
2022-10-12 23:36:49,958 - DEBUG - Assigning indexes to genes
2022-10-12 23:36:49,972 - DEBUG - Seen 3439 genes until now
2022-10-12 23:36:49,972 - DEBUG - Parsing Chromosome 10 strand - [line 253797]
2022-10-12 23:36:50,209 - DEBUG - Done with 10- [line 304078]
2022-10-12 23:36:50,209 - DEBUG - Assigning indexes to genes
2022-10-12 23:36:50,215 - DEBUG - Seen 4100 genes until now
2022-10-12 23:36:50,215 - DEBUG - Parsing Chromosome 10 strand + [line 304079]
2022-10-12 23:36:50,738 - DEBUG - Done with 10+ [line 356023]
2022-10-12 23:36:50,738 - DEBUG - Assigning indexes to genes
2022-10-12 23:36:50,744 - DEBUG - Seen 4833 genes until now
2022-10-12 23:36:50,744 - DEBUG - Parsing Chromosome 11 strand - [line 356024]
2022-10-12 23:36:51,130 - DEBUG - Done with 11- [line 438038]
2022-10-12 23:36:51,130 - DEBUG - Assigning indexes to genes
2022-10-12 23:36:51,141 - DEBUG - Seen 5833 genes until now
2022-10-12 23:36:51,141 - DEBUG - Parsing Chromosome 11 strand + [line 438039]
2022-10-12 23:36:51,838 - DEBUG - Done with 11+ [line 521163]
2022-10-12 23:36:51,838 - DEBUG - Assigning indexes to genes
2022-10-12 23:36:51,850 - DEBUG - Seen 6898 genes until now
2022-10-12 23:36:51,850 - DEBUG - Parsing Chromosome 12 strand - [line 521164]
2022-10-12 23:36:52,204 - DEBUG - Done with 12- [line 601582]
2022-10-12 23:36:52,204 - DEBUG - Assigning indexes to genes
2022-10-12 23:36:52,213 - DEBUG - Seen 7848 genes until now
2022-10-12 23:36:52,213 - DEBUG - Parsing Chromosome 12 strand + [line 601583]
2022-10-12 23:36:52,563 - DEBUG - Done with 12+ [line 681983]
2022-10-12 23:36:52,563 - DEBUG - Assigning indexes to genes
2022-10-12 23:36:52,576 - DEBUG - Seen 8826 genes until now
2022-10-12 23:36:52,576 - DEBUG - Parsing Chromosome 13 strand - [line 681984]
2022-10-12 23:36:53,037 - DEBUG - Done with 13- [line 702449]
2022-10-12 23:36:53,037 - DEBUG - Assigning indexes to genes
2022-10-12 23:36:53,040 - DEBUG - Seen 9225 genes until now
2022-10-12 23:36:53,040 - DEBUG - Parsing Chromosome 13 strand + [line 702450]
2022-10-12 23:36:53,151 - DEBUG - Done with 13+ [line 726349]
2022-10-12 23:36:53,151 - DEBUG - Assigning indexes to genes
2022-10-12 23:36:53,154 - DEBUG - Seen 9614 genes until now
2022-10-12 23:36:53,154 - DEBUG - Parsing Chromosome 14 strand - [line 726350]
2022-10-12 23:36:53,348 - DEBUG - Done with 14- [line 770987]
2022-10-12 23:36:53,348 - DEBUG - Assigning indexes to genes
2022-10-12 23:36:53,355 - DEBUG - Seen 10373 genes until now
2022-10-12 23:36:53,355 - DEBUG - Parsing Chromosome 14 strand + [line 770988]
2022-10-12 23:36:53,581 - DEBUG - Done with 14+ [line 822908]
2022-10-12 23:36:53,581 - DEBUG - Assigning indexes to genes
2022-10-12 23:36:53,591 - DEBUG - Seen 11088 genes until now
2022-10-12 23:36:53,591 - DEBUG - Parsing Chromosome 15 strand - [line 822909]
2022-10-12 23:36:53,818 - DEBUG - Done with 15- [line 873715]
2022-10-12 23:36:53,818 - DEBUG - Assigning indexes to genes
2022-10-12 23:36:53,824 - DEBUG - Seen 11734 genes until now
2022-10-12 23:36:53,824 - DEBUG - Parsing Chromosome 15 strand + [line 873716]
2022-10-12 23:36:54,732 - DEBUG - Done with 15+ [line 923824]
2022-10-12 23:36:54,732 - DEBUG - Assigning indexes to genes
2022-10-12 23:36:54,738 - DEBUG - Seen 12355 genes until now
2022-10-12 23:36:54,738 - DEBUG - Parsing Chromosome 16 strand - [line 923825]
2022-10-12 23:36:54,987 - DEBUG - Done with 16- [line 979238]
2022-10-12 23:36:54,987 - DEBUG - Assigning indexes to genes
2022-10-12 23:36:54,994 - DEBUG - Seen 13151 genes until now
2022-10-12 23:36:54,995 - DEBUG - Parsing Chromosome 16 strand + [line 979239]
2022-10-12 23:36:55,317 - DEBUG - Done with 16+ [line 1052152]
2022-10-12 23:36:55,317 - DEBUG - Assigning indexes to genes
2022-10-12 23:36:55,326 - DEBUG - Seen 14004 genes until now
2022-10-12 23:36:55,326 - DEBUG - Parsing Chromosome 17 strand - [line 1052153]
2022-10-12 23:36:55,727 - DEBUG - Done with 17- [line 1140008]
2022-10-12 23:36:55,727 - DEBUG - Assigning indexes to genes
2022-10-12 23:36:55,741 - DEBUG - Seen 15039 genes until now
2022-10-12 23:36:55,741 - DEBUG - Parsing Chromosome 17 strand + [line 1140009]
2022-10-12 23:36:56,601 - DEBUG - Done with 17+ [line 1219447]
2022-10-12 23:36:56,601 - DEBUG - Assigning indexes to genes
2022-10-12 23:36:56,613 - DEBUG - Seen 15996 genes until now
2022-10-12 23:36:56,613 - DEBUG - Parsing Chromosome 18 strand - [line 1219448]
2022-10-12 23:36:56,739 - DEBUG - Done with 18- [line 1246083]
2022-10-12 23:36:56,739 - DEBUG - Assigning indexes to genes
2022-10-12 23:36:56,742 - DEBUG - Seen 16371 genes until now
2022-10-12 23:36:56,742 - DEBUG - Parsing Chromosome 18 strand + [line 1246084]
2022-10-12 23:36:56,851 - DEBUG - Done with 18+ [line 1269821]
2022-10-12 23:36:56,851 - DEBUG - Assigning indexes to genes
2022-10-12 23:36:56,855 - DEBUG - Seen 16777 genes until now
2022-10-12 23:36:56,855 - DEBUG - Parsing Chromosome 19 strand - [line 1269822]
2022-10-12 23:36:57,222 - DEBUG - Done with 19- [line 1350736]
2022-10-12 23:36:57,222 - DEBUG - Assigning indexes to genes
2022-10-12 23:36:57,238 - DEBUG - Seen 17790 genes until now
2022-10-12 23:36:57,238 - DEBUG - Parsing Chromosome 19 strand + [line 1350737]
2022-10-12 23:36:57,609 - DEBUG - Done with 19+ [line 1435648]
2022-10-12 23:36:57,609 - DEBUG - Assigning indexes to genes
2022-10-12 23:36:57,623 - DEBUG - Seen 18804 genes until now
2022-10-12 23:36:57,624 - DEBUG - Parsing Chromosome 2 strand - [line 1435649]
2022-10-12 23:36:58,088 - DEBUG - Done with 2- [line 1542996]
2022-10-12 23:36:58,088 - DEBUG - Assigning indexes to genes
2022-10-12 23:36:58,102 - DEBUG - Seen 20037 genes until now
2022-10-12 23:36:58,102 - DEBUG - Parsing Chromosome 2 strand + [line 1542997]
2022-10-12 23:36:59,118 - DEBUG - Done with 2+ [line 1642863]
2022-10-12 23:36:59,119 - DEBUG - Assigning indexes to genes
2022-10-12 23:36:59,135 - DEBUG - Seen 21345 genes until now
2022-10-12 23:36:59,135 - DEBUG - Parsing Chromosome 20 strand - [line 1642864]
2022-10-12 23:36:59,274 - DEBUG - Done with 20- [line 1672442]
2022-10-12 23:36:59,274 - DEBUG - Assigning indexes to genes
2022-10-12 23:36:59,280 - DEBUG - Seen 21828 genes until now
2022-10-12 23:36:59,280 - DEBUG - Parsing Chromosome 20 strand + [line 1672443]
2022-10-12 23:36:59,442 - DEBUG - Done with 20+ [line 1707817]
2022-10-12 23:36:59,442 - DEBUG - Assigning indexes to genes
2022-10-12 23:36:59,451 - DEBUG - Seen 22309 genes until now
2022-10-12 23:36:59,451 - DEBUG - Parsing Chromosome 21 strand - [line 1707818]
2022-10-12 23:36:59,524 - DEBUG - Done with 21- [line 1722798]
2022-10-12 23:36:59,524 - DEBUG - Assigning indexes to genes
2022-10-12 23:36:59,527 - DEBUG - Seen 22596 genes until now
2022-10-12 23:36:59,527 - DEBUG - Parsing Chromosome 21 strand + [line 1722799]
2022-10-12 23:36:59,605 - DEBUG - Done with 21+ [line 1738981]
2022-10-12 23:36:59,605 - DEBUG - Assigning indexes to genes
2022-10-12 23:36:59,608 - DEBUG - Seen 22864 genes until now
2022-10-12 23:36:59,608 - DEBUG - Parsing Chromosome 22 strand - [line 1738982]
2022-10-12 23:36:59,732 - DEBUG - Done with 22- [line 1765357]
2022-10-12 23:36:59,733 - DEBUG - Assigning indexes to genes
2022-10-12 23:36:59,737 - DEBUG - Seen 23260 genes until now
2022-10-12 23:36:59,737 - DEBUG - Parsing Chromosome 22 strand + [line 1765358]
2022-10-12 23:36:59,885 - DEBUG - Done with 22+ [line 1797598]
2022-10-12 23:36:59,885 - DEBUG - Assigning indexes to genes
2022-10-12 23:36:59,890 - DEBUG - Seen 23765 genes until now
2022-10-12 23:36:59,890 - DEBUG - Parsing Chromosome 3 strand - [line 1797599]
2022-10-12 23:37:00,277 - DEBUG - Done with 3- [line 1887377]
2022-10-12 23:37:00,277 - DEBUG - Assigning indexes to genes
2022-10-12 23:37:00,290 - DEBUG - Seen 24693 genes until now
2022-10-12 23:37:00,290 - DEBUG - Parsing Chromosome 3 strand + [line 1887378]
2022-10-12 23:37:00,670 - DEBUG - Done with 3+ [line 1977011]
2022-10-12 23:37:00,670 - DEBUG - Assigning indexes to genes
2022-10-12 23:37:00,680 - DEBUG - Seen 25658 genes until now
2022-10-12 23:37:00,681 - DEBUG - Parsing Chromosome 4 strand - [line 1977012]
2022-10-12 23:37:01,858 - DEBUG - Done with 4- [line 2034238]
2022-10-12 23:37:01,858 - DEBUG - Assigning indexes to genes
2022-10-12 23:37:01,866 - DEBUG - Seen 26401 genes until now
2022-10-12 23:37:01,866 - DEBUG - Parsing Chromosome 4 strand + [line 2034239]
2022-10-12 23:37:02,126 - DEBUG - Done with 4+ [line 2094594]
2022-10-12 23:37:02,126 - DEBUG - Assigning indexes to genes
2022-10-12 23:37:02,136 - DEBUG - Seen 27191 genes until now
2022-10-12 23:37:02,136 - DEBUG - Parsing Chromosome 5 strand - [line 2094595]
2022-10-12 23:37:02,385 - DEBUG - Done with 5- [line 2152660]
2022-10-12 23:37:02,385 - DEBUG - Assigning indexes to genes
2022-10-12 23:37:02,395 - DEBUG - Seen 28071 genes until now
2022-10-12 23:37:02,395 - DEBUG - Parsing Chromosome 5 strand + [line 2152661]
2022-10-12 23:37:02,678 - DEBUG - Done with 5+ [line 2218657]
2022-10-12 23:37:02,678 - DEBUG - Assigning indexes to genes
2022-10-12 23:37:02,688 - DEBUG - Seen 29002 genes until now
2022-10-12 23:37:02,689 - DEBUG - Parsing Chromosome 6 strand - [line 2218658]
2022-10-12 23:37:02,965 - DEBUG - Done with 6- [line 2284937]
2022-10-12 23:37:02,965 - DEBUG - Assigning indexes to genes
2022-10-12 23:37:02,973 - DEBUG - Seen 29928 genes until now
2022-10-12 23:37:02,973 - DEBUG - Parsing Chromosome 6 strand + [line 2284938]
2022-10-12 23:37:03,223 - DEBUG - Done with 6+ [line 2345240]
2022-10-12 23:37:03,223 - DEBUG - Assigning indexes to genes
2022-10-12 23:37:03,231 - DEBUG - Seen 30829 genes until now
2022-10-12 23:37:03,231 - DEBUG - Parsing Chromosome 7 strand - [line 2345241]
2022-10-12 23:37:03,491 - DEBUG - Done with 7- [line 2406845]
2022-10-12 23:37:03,491 - DEBUG - Assigning indexes to genes
2022-10-12 23:37:03,498 - DEBUG - Seen 31621 genes until now
2022-10-12 23:37:03,498 - DEBUG - Parsing Chromosome 7 strand + [line 2406846]
2022-10-12 23:37:03,789 - DEBUG - Done with 7+ [line 2476014]
2022-10-12 23:37:03,790 - DEBUG - Assigning indexes to genes
2022-10-12 23:37:03,801 - DEBUG - Seen 32515 genes until now
2022-10-12 23:37:03,801 - DEBUG - Parsing Chromosome 8 strand - [line 2476015]
2022-10-12 23:37:04,023 - DEBUG - Done with 8- [line 2527366]
2022-10-12 23:37:04,023 - DEBUG - Assigning indexes to genes
2022-10-12 23:37:04,033 - DEBUG - Seen 33270 genes until now
2022-10-12 23:37:04,033 - DEBUG - Parsing Chromosome 8 strand + [line 2527367]
2022-10-12 23:37:05,100 - DEBUG - Done with 8+ [line 2577021]
2022-10-12 23:37:05,100 - DEBUG - Assigning indexes to genes
2022-10-12 23:37:05,111 - DEBUG - Seen 34010 genes until now
2022-10-12 23:37:05,111 - DEBUG - Parsing Chromosome 9 strand - [line 2577022]
2022-10-12 23:37:05,326 - DEBUG - Done with 9- [line 2622811]
2022-10-12 23:37:05,326 - DEBUG - Assigning indexes to genes
2022-10-12 23:37:05,335 - DEBUG - Seen 34681 genes until now
2022-10-12 23:37:05,335 - DEBUG - Parsing Chromosome 9 strand + [line 2622812]
2022-10-12 23:37:05,558 - DEBUG - Done with 9+ [line 2672374]
2022-10-12 23:37:05,558 - DEBUG - Assigning indexes to genes
2022-10-12 23:37:05,565 - DEBUG - Seen 35329 genes until now
2022-10-12 23:37:05,565 - DEBUG - Parsing Chromosome M strand - [line 2672375]
2022-10-12 23:37:05,565 - DEBUG - Done with M- [line 2672379]
2022-10-12 23:37:05,565 - DEBUG - Assigning indexes to genes
2022-10-12 23:37:05,565 - DEBUG - Seen 35330 genes until now
2022-10-12 23:37:05,565 - DEBUG - Parsing Chromosome M strand + [line 2672380]
2022-10-12 23:37:05,565 - DEBUG - Done with M+ [line 2672445]
2022-10-12 23:37:05,565 - DEBUG - Assigning indexes to genes
2022-10-12 23:37:05,566 - DEBUG - Seen 35342 genes until now
2022-10-12 23:37:05,566 - DEBUG - Parsing Chromosome X strand - [line 2672446]
2022-10-12 23:37:05,748 - DEBUG - Done with X- [line 2716088]
2022-10-12 23:37:05,748 - DEBUG - Assigning indexes to genes
2022-10-12 23:37:05,754 - DEBUG - Seen 35884 genes until now
2022-10-12 23:37:05,754 - DEBUG - Parsing Chromosome X strand + [line 2716089]
2022-10-12 23:37:05,936 - DEBUG - Done with X+ [line 2760500]
2022-10-12 23:37:05,936 - DEBUG - Assigning indexes to genes
2022-10-12 23:37:05,941 - DEBUG - Seen 36490 genes until now
2022-10-12 23:37:05,941 - DEBUG - Parsing Chromosome Y strand - [line 2760501]
2022-10-12 23:37:05,953 - DEBUG - Done with Y- [line 2763031]
2022-10-12 23:37:05,953 - DEBUG - Assigning indexes to genes
2022-10-12 23:37:05,954 - DEBUG - Seen 36543 genes until now
2022-10-12 23:37:05,954 - DEBUG - Parsing Chromosome Y strand + [line 2763032]
2022-10-12 23:37:05,965 - DEBUG - Assigning indexes to genes
2022-10-12 23:37:05,966 - DEBUG - Done with Y+ [line 2765967]
2022-10-12 23:37:05,966 - DEBUG - Fixing corner cases of transcript models containg intron longer than 1000Kbp
2022-10-12 23:37:08,086 - DEBUG - Generated 2411536 features corresponding to 199138 transcript models from /storage/singlecell/zz4/Reference/refdata-cellranger-arc-GRCh38-2020-A/genes/genes.gtf
2022-10-12 23:37:08,118 - INFO - Scan /storage/singlecell/zz4/fetal_bash/data/Retina_fetal/Multiome_16w4d_NR/outs/gex_possorted_bam.bam to validate intron intervals
2022-10-12 23:37:11,787 - DEBUG - Reading /storage/singlecell/zz4/fetal_bash/data/Retina_fetal/Multiome_16w4d_NR/outs/gex_possorted_bam.bam
2022-10-12 23:37:11,809 - DEBUG - Read first 0 million reads
2022-10-12 23:37:11,810 - DEBUG - Marking up chromosome 1
2022-10-12 23:39:11,769 - DEBUG - Read first 10 million reads
2022-10-12 23:41:24,649 - DEBUG - Read first 20 million reads
2022-10-12 23:43:25,930 - DEBUG - Read first 30 million reads
2022-10-12 23:43:27,009 - DEBUG - Marking up chromosome 10
2022-10-12 23:45:50,086 - DEBUG - Read first 40 million reads
2022-10-12 23:46:56,179 - DEBUG - Marking up chromosome 11
2022-10-12 23:48:00,394 - DEBUG - Read first 50 million reads
2022-10-12 23:50:36,355 - DEBUG - Read first 60 million reads
2022-10-12 23:53:08,633 - DEBUG - Read first 70 million reads
2022-10-12 23:54:07,343 - DEBUG - Marking up chromosome 12
2022-10-12 23:55:27,527 - DEBUG - Read first 80 million reads
2022-10-12 23:57:53,574 - DEBUG - Read first 90 million reads
2022-10-12 23:58:26,610 - DEBUG - Marking up chromosome 13
2022-10-12 23:59:47,737 - DEBUG - Read first 100 million reads
2022-10-13 00:00:39,443 - DEBUG - Marking up chromosome 14
2022-10-13 00:01:47,018 - DEBUG - Read first 110 million reads
2022-10-13 00:03:21,239 - DEBUG - Marking up chromosome 15
2022-10-13 00:04:23,478 - DEBUG - Read first 120 million reads
2022-10-13 00:06:30,345 - DEBUG - Marking up chromosome 16
2022-10-13 00:06:31,748 - DEBUG - Read first 130 million reads
2022-10-13 00:08:33,537 - DEBUG - Marking up chromosome 17
2022-10-13 00:08:33,779 - DEBUG - Read first 140 million reads
2022-10-13 00:10:37,413 - DEBUG - Read first 150 million reads
2022-10-13 00:11:42,216 - DEBUG - Marking up chromosome 18
2022-10-13 00:13:25,627 - DEBUG - Read first 160 million reads
2022-10-13 00:13:57,099 - DEBUG - Marking up chromosome 19
2022-10-13 00:15:34,820 - DEBUG - Read first 170 million reads
2022-10-13 00:16:09,481 - DEBUG - Marking up chromosome 2
2022-10-13 00:17:30,264 - DEBUG - Read first 180 million reads
2022-10-13 00:19:51,549 - DEBUG - Read first 190 million reads
2022-10-13 00:22:10,826 - DEBUG - Read first 200 million reads
2022-10-13 00:22:42,203 - DEBUG - Marking up chromosome 20
2022-10-13 00:23:58,793 - DEBUG - Marking up chromosome 21
2022-10-13 00:24:00,679 - DEBUG - Read first 210 million reads
2022-10-13 00:25:04,933 - DEBUG - Marking up chromosome 22
2022-10-13 00:25:52,365 - DEBUG - Read first 220 million reads
2022-10-13 00:26:04,498 - DEBUG - Marking up chromosome 3
2022-10-13 00:28:00,208 - DEBUG - Read first 230 million reads
2022-10-13 00:30:10,552 - DEBUG - Read first 240 million reads
2022-10-13 00:32:16,600 - DEBUG - Marking up chromosome 4
2022-10-13 00:32:38,128 - DEBUG - Read first 250 million reads
2022-10-13 00:35:32,132 - DEBUG - Read first 260 million reads
2022-10-13 00:37:35,213 - DEBUG - Marking up chromosome 5
2022-10-13 00:37:53,097 - DEBUG - Read first 270 million reads
2022-10-13 00:40:24,544 - DEBUG - Read first 280 million reads
2022-10-13 00:42:04,995 - DEBUG - Marking up chromosome 6
2022-10-13 00:42:28,838 - DEBUG - Read first 290 million reads
2022-10-13 00:44:34,802 - DEBUG - Read first 300 million reads
2022-10-13 00:46:23,752 - DEBUG - Marking up chromosome 7
2022-10-13 00:46:39,441 - DEBUG - Read first 310 million reads
2022-10-13 00:48:40,723 - DEBUG - Read first 320 million reads
2022-10-13 00:50:26,503 - DEBUG - Marking up chromosome 8
2022-10-13 00:50:48,795 - DEBUG - Read first 330 million reads
2022-10-13 00:53:09,256 - DEBUG - Read first 340 million reads
2022-10-13 00:53:54,399 - DEBUG - Marking up chromosome 9
2022-10-13 00:55:06,680 - DEBUG - Read first 350 million reads
2022-10-13 00:56:48,228 - DEBUG - Marking up chromosome MT
2022-10-13 00:56:48,228 - WARNING - The .bam file refers to a chromosome 'MT+' not present in the annotation (.gtf) file
2022-10-13 00:56:48,228 - WARNING - The .bam file refers to a chromosome 'MT-' not present in the annotation (.gtf) file
2022-10-13 00:56:53,727 - DEBUG - Read first 360 million reads
2022-10-13 00:57:23,419 - DEBUG - Marking up chromosome X
2022-10-13 00:58:41,340 - DEBUG - Read first 370 million reads
2022-10-13 00:59:56,482 - DEBUG - Marking up chromosome Y
2022-10-13 01:00:08,348 - DEBUG - Marking up chromosome KI270728.1
2022-10-13 01:00:08,352 - DEBUG - Marking up chromosome KI270727.1
2022-10-13 01:00:08,363 - DEBUG - Marking up chromosome KI270442.1
2022-10-13 01:00:08,363 - WARNING - The .bam file refers to a chromosome 'KI270442.1+' not present in the annotation (.gtf) file
2022-10-13 01:00:08,363 - WARNING - The .bam file refers to a chromosome 'KI270442.1-' not present in the annotation (.gtf) file
2022-10-13 01:00:08,380 - DEBUG - Marking up chromosome KI270729.1
2022-10-13 01:00:08,380 - WARNING - The .bam file refers to a chromosome 'KI270729.1+' not present in the annotation (.gtf) file
2022-10-13 01:00:08,380 - WARNING - The .bam file refers to a chromosome 'KI270729.1-' not present in the annotation (.gtf) file
2022-10-13 01:00:08,381 - DEBUG - Marking up chromosome GL000225.1
2022-10-13 01:00:08,381 - WARNING - The .bam file refers to a chromosome 'GL000225.1+' not present in the annotation (.gtf) file
2022-10-13 01:00:08,381 - WARNING - The .bam file refers to a chromosome 'GL000225.1-' not present in the annotation (.gtf) file
2022-10-13 01:00:08,381 - DEBUG - Marking up chromosome KI270743.1
2022-10-13 01:00:08,381 - WARNING - The .bam file refers to a chromosome 'KI270743.1+' not present in the annotation (.gtf) file
2022-10-13 01:00:08,381 - WARNING - The .bam file refers to a chromosome 'KI270743.1-' not present in the annotation (.gtf) file
2022-10-13 01:00:08,383 - DEBUG - Marking up chromosome GL000008.2
2022-10-13 01:00:08,383 - WARNING - The .bam file refers to a chromosome 'GL000008.2+' not present in the annotation (.gtf) file
2022-10-13 01:00:08,383 - WARNING - The .bam file refers to a chromosome 'GL000008.2-' not present in the annotation (.gtf) file
2022-10-13 01:00:08,386 - DEBUG - Marking up chromosome GL000009.2
2022-10-13 01:00:08,386 - WARNING - The .bam file refers to a chromosome 'GL000009.2+' not present in the annotation (.gtf) file
2022-10-13 01:00:08,388 - DEBUG - Marking up chromosome KI270722.1
2022-10-13 01:00:08,388 - WARNING - The .bam file refers to a chromosome 'KI270722.1+' not present in the annotation (.gtf) file
2022-10-13 01:00:08,388 - WARNING - The .bam file refers to a chromosome 'KI270722.1-' not present in the annotation (.gtf) file
2022-10-13 01:00:08,388 - DEBUG - Marking up chromosome GL000194.1
2022-10-13 01:00:08,388 - WARNING - The .bam file refers to a chromosome 'GL000194.1+' not present in the annotation (.gtf) file
2022-10-13 01:00:08,410 - DEBUG - Marking up chromosome KI270742.1
2022-10-13 01:00:08,410 - WARNING - The .bam file refers to a chromosome 'KI270742.1+' not present in the annotation (.gtf) file
2022-10-13 01:00:08,410 - WARNING - The .bam file refers to a chromosome 'KI270742.1-' not present in the annotation (.gtf) file
2022-10-13 01:00:08,427 - DEBUG - Marking up chromosome GL000205.2
2022-10-13 01:00:08,427 - WARNING - The .bam file refers to a chromosome 'GL000205.2+' not present in the annotation (.gtf) file
2022-10-13 01:00:08,679 - DEBUG - Marking up chromosome GL000195.1
2022-10-13 01:00:09,298 - DEBUG - Marking up chromosome KI270733.1
2022-10-13 01:00:09,298 - WARNING - The .bam file refers to a chromosome 'KI270733.1+' not present in the annotation (.gtf) file
2022-10-13 01:00:09,298 - WARNING - The .bam file refers to a chromosome 'KI270733.1-' not present in the annotation (.gtf) file
2022-10-13 01:00:09,606 - DEBUG - Marking up chromosome GL000224.1
2022-10-13 01:00:09,607 - WARNING - The .bam file refers to a chromosome 'GL000224.1+' not present in the annotation (.gtf) file
2022-10-13 01:00:09,607 - WARNING - The .bam file refers to a chromosome 'GL000224.1-' not present in the annotation (.gtf) file
2022-10-13 01:00:09,624 - DEBUG - Marking up chromosome GL000219.1
2022-10-13 01:00:09,624 - WARNING - The .bam file refers to a chromosome 'GL000219.1+' not present in the annotation (.gtf) file
2022-10-13 01:00:10,296 - DEBUG - Marking up chromosome KI270719.1
2022-10-13 01:00:10,296 - WARNING - The .bam file refers to a chromosome 'KI270719.1+' not present in the annotation (.gtf) file
2022-10-13 01:00:10,296 - WARNING - The .bam file refers to a chromosome 'KI270719.1-' not present in the annotation (.gtf) file
2022-10-13 01:00:10,313 - DEBUG - Marking up chromosome GL000216.2
2022-10-13 01:00:10,313 - WARNING - The .bam file refers to a chromosome 'GL000216.2+' not present in the annotation (.gtf) file
2022-10-13 01:00:10,313 - WARNING - The .bam file refers to a chromosome 'GL000216.2-' not present in the annotation (.gtf) file
2022-10-13 01:00:10,313 - DEBUG - Marking up chromosome KI270712.1
2022-10-13 01:00:10,314 - WARNING - The .bam file refers to a chromosome 'KI270712.1+' not present in the annotation (.gtf) file
2022-10-13 01:00:10,314 - WARNING - The .bam file refers to a chromosome 'KI270712.1-' not present in the annotation (.gtf) file
2022-10-13 01:00:10,318 - DEBUG - Marking up chromosome KI270706.1
2022-10-13 01:00:10,319 - WARNING - The .bam file refers to a chromosome 'KI270706.1+' not present in the annotation (.gtf) file
2022-10-13 01:00:10,319 - WARNING - The .bam file refers to a chromosome 'KI270706.1-' not present in the annotation (.gtf) file
2022-10-13 01:00:10,348 - DEBUG - Marking up chromosome KI270725.1
2022-10-13 01:00:10,348 - WARNING - The .bam file refers to a chromosome 'KI270725.1+' not present in the annotation (.gtf) file
2022-10-13 01:00:10,348 - WARNING - The .bam file refers to a chromosome 'KI270725.1-' not present in the annotation (.gtf) file
2022-10-13 01:00:10,349 - DEBUG - Marking up chromosome KI270744.1
2022-10-13 01:00:10,350 - WARNING - The .bam file refers to a chromosome 'KI270744.1+' not present in the annotation (.gtf) file
2022-10-13 01:00:10,350 - WARNING - The .bam file refers to a chromosome 'KI270744.1-' not present in the annotation (.gtf) file
2022-10-13 01:00:10,354 - DEBUG - Marking up chromosome KI270734.1
2022-10-13 01:00:10,361 - DEBUG - Marking up chromosome GL000220.1
2022-10-13 01:00:10,361 - WARNING - The .bam file refers to a chromosome 'GL000220.1+' not present in the annotation (.gtf) file
2022-10-13 01:00:10,361 - WARNING - The .bam file refers to a chromosome 'GL000220.1-' not present in the annotation (.gtf) file
2022-10-13 01:00:13,324 - DEBUG - Marking up chromosome KI270715.1
2022-10-13 01:00:13,324 - WARNING - The .bam file refers to a chromosome 'KI270715.1+' not present in the annotation (.gtf) file
2022-10-13 01:00:13,324 - WARNING - The .bam file refers to a chromosome 'KI270715.1-' not present in the annotation (.gtf) file
2022-10-13 01:00:13,324 - DEBUG - Marking up chromosome GL000218.1
2022-10-13 01:00:13,325 - WARNING - The .bam file refers to a chromosome 'GL000218.1+' not present in the annotation (.gtf) file
2022-10-13 01:00:13,355 - DEBUG - Marking up chromosome KI270749.1
2022-10-13 01:00:13,355 - WARNING - The .bam file refers to a chromosome 'KI270749.1+' not present in the annotation (.gtf) file
2022-10-13 01:00:13,355 - WARNING - The .bam file refers to a chromosome 'KI270749.1-' not present in the annotation (.gtf) file
2022-10-13 01:00:13,358 - DEBUG - Marking up chromosome KI270741.1
2022-10-13 01:00:13,358 - WARNING - The .bam file refers to a chromosome 'KI270741.1+' not present in the annotation (.gtf) file
2022-10-13 01:00:13,358 - WARNING - The .bam file refers to a chromosome 'KI270741.1-' not present in the annotation (.gtf) file
2022-10-13 01:00:13,364 - DEBUG - Marking up chromosome GL000221.1
2022-10-13 01:00:13,364 - WARNING - The .bam file refers to a chromosome 'GL000221.1+' not present in the annotation (.gtf) file
2022-10-13 01:00:13,364 - WARNING - The .bam file refers to a chromosome 'GL000221.1-' not present in the annotation (.gtf) file
2022-10-13 01:00:13,382 - DEBUG - Marking up chromosome KI270716.1
2022-10-13 01:00:13,382 - WARNING - The .bam file refers to a chromosome 'KI270716.1+' not present in the annotation (.gtf) file
2022-10-13 01:00:13,382 - WARNING - The .bam file refers to a chromosome 'KI270716.1-' not present in the annotation (.gtf) file
2022-10-13 01:00:13,382 - DEBUG - Marking up chromosome KI270731.1
2022-10-13 01:00:13,382 - WARNING - The .bam file refers to a chromosome 'KI270731.1+' not present in the annotation (.gtf) file
2022-10-13 01:00:13,383 - DEBUG - Marking up chromosome KI270751.1
2022-10-13 01:00:13,383 - WARNING - The .bam file refers to a chromosome 'KI270751.1+' not present in the annotation (.gtf) file
2022-10-13 01:00:13,383 - WARNING - The .bam file refers to a chromosome 'KI270751.1-' not present in the annotation (.gtf) file
2022-10-13 01:00:13,383 - DEBUG - Marking up chromosome KI270750.1
2022-10-13 01:00:13,383 - WARNING - The .bam file refers to a chromosome 'KI270750.1+' not present in the annotation (.gtf) file
2022-10-13 01:00:13,383 - WARNING - The .bam file refers to a chromosome 'KI270750.1-' not present in the annotation (.gtf) file
2022-10-13 01:00:13,383 - DEBUG - Marking up chromosome KI270519.1
2022-10-13 01:00:13,383 - WARNING - The .bam file refers to a chromosome 'KI270519.1+' not present in the annotation (.gtf) file
2022-10-13 01:00:13,383 - WARNING - The .bam file refers to a chromosome 'KI270519.1-' not present in the annotation (.gtf) file
2022-10-13 01:00:13,384 - DEBUG - Marking up chromosome GL000214.1
2022-10-13 01:00:13,384 - WARNING - The .bam file refers to a chromosome 'GL000214.1+' not present in the annotation (.gtf) file
2022-10-13 01:00:13,384 - WARNING - The .bam file refers to a chromosome 'GL000214.1-' not present in the annotation (.gtf) file
2022-10-13 01:00:13,385 - DEBUG - Marking up chromosome KI270708.1
2022-10-13 01:00:13,385 - WARNING - The .bam file refers to a chromosome 'KI270708.1+' not present in the annotation (.gtf) file
2022-10-13 01:00:13,385 - WARNING - The .bam file refers to a chromosome 'KI270708.1-' not present in the annotation (.gtf) file
2022-10-13 01:00:13,386 - DEBUG - Marking up chromosome KI270737.1
2022-10-13 01:00:13,386 - WARNING - The .bam file refers to a chromosome 'KI270737.1+' not present in the annotation (.gtf) file
2022-10-13 01:00:13,386 - WARNING - The .bam file refers to a chromosome 'KI270737.1-' not present in the annotation (.gtf) file
2022-10-13 01:00:13,388 - DEBUG - Marking up chromosome KI270721.1
2022-10-13 01:00:13,388 - WARNING - The .bam file refers to a chromosome 'KI270721.1-' not present in the annotation (.gtf) file
2022-10-13 01:00:13,389 - DEBUG - Marking up chromosome KI270738.1
2022-10-13 01:00:13,389 - WARNING - The .bam file refers to a chromosome 'KI270738.1+' not present in the annotation (.gtf) file
2022-10-13 01:00:13,389 - WARNING - The .bam file refers to a chromosome 'KI270738.1-' not present in the annotation (.gtf) file
2022-10-13 01:00:13,391 - DEBUG - Marking up chromosome KI270748.1
2022-10-13 01:00:13,391 - WARNING - The .bam file refers to a chromosome 'KI270748.1+' not present in the annotation (.gtf) file
2022-10-13 01:00:13,391 - WARNING - The .bam file refers to a chromosome 'KI270748.1-' not present in the annotation (.gtf) file
2022-10-13 01:00:13,393 - DEBUG - Marking up chromosome KI270435.1
2022-10-13 01:00:13,393 - WARNING - The .bam file refers to a chromosome 'KI270435.1+' not present in the annotation (.gtf) file
2022-10-13 01:00:13,393 - WARNING - The .bam file refers to a chromosome 'KI270435.1-' not present in the annotation (.gtf) file
2022-10-13 01:00:13,393 - DEBUG - Marking up chromosome GL000208.1
2022-10-13 01:00:13,393 - WARNING - The .bam file refers to a chromosome 'GL000208.1+' not present in the annotation (.gtf) file
2022-10-13 01:00:13,393 - WARNING - The .bam file refers to a chromosome 'GL000208.1-' not present in the annotation (.gtf) file
2022-10-13 01:00:13,393 - DEBUG - Marking up chromosome KI270538.1
2022-10-13 01:00:13,393 - WARNING - The .bam file refers to a chromosome 'KI270538.1+' not present in the annotation (.gtf) file
2022-10-13 01:00:13,393 - WARNING - The .bam file refers to a chromosome 'KI270538.1-' not present in the annotation (.gtf) file
2022-10-13 01:00:13,394 - DEBUG - Marking up chromosome KI270709.1
2022-10-13 01:00:13,394 - WARNING - The .bam file refers to a chromosome 'KI270709.1+' not present in the annotation (.gtf) file
2022-10-13 01:00:13,394 - WARNING - The .bam file refers to a chromosome 'KI270709.1-' not present in the annotation (.gtf) file
2022-10-13 01:00:13,395 - DEBUG - Marking up chromosome KI270746.1
2022-10-13 01:00:13,395 - WARNING - The .bam file refers to a chromosome 'KI270746.1+' not present in the annotation (.gtf) file
2022-10-13 01:00:13,395 - WARNING - The .bam file refers to a chromosome 'KI270746.1-' not present in the annotation (.gtf) file
2022-10-13 01:00:13,396 - DEBUG - Marking up chromosome KI270753.1
2022-10-13 01:00:13,396 - WARNING - The .bam file refers to a chromosome 'KI270753.1+' not present in the annotation (.gtf) file
2022-10-13 01:00:13,396 - WARNING - The .bam file refers to a chromosome 'KI270753.1-' not present in the annotation (.gtf) file
2022-10-13 01:00:13,396 - DEBUG - Marking up chromosome KI270589.1
2022-10-13 01:00:13,396 - WARNING - The .bam file refers to a chromosome 'KI270589.1+' not present in the annotation (.gtf) file
2022-10-13 01:00:13,396 - WARNING - The .bam file refers to a chromosome 'KI270589.1-' not present in the annotation (.gtf) file
2022-10-13 01:00:13,396 - DEBUG - Marking up chromosome KI270726.1
2022-10-13 01:00:13,396 - WARNING - The .bam file refers to a chromosome 'KI270726.1-' not present in the annotation (.gtf) file
2022-10-13 01:00:13,396 - DEBUG - Marking up chromosome KI270735.1
2022-10-13 01:00:13,396 - WARNING - The .bam file refers to a chromosome 'KI270735.1+' not present in the annotation (.gtf) file
2022-10-13 01:00:13,396 - WARNING - The .bam file refers to a chromosome 'KI270735.1-' not present in the annotation (.gtf) file
2022-10-13 01:00:13,396 - DEBUG - Marking up chromosome KI270711.1
2022-10-13 01:00:13,396 - WARNING - The .bam file refers to a chromosome 'KI270711.1+' not present in the annotation (.gtf) file
2022-10-13 01:00:13,455 - DEBUG - Marking up chromosome KI270745.1
2022-10-13 01:00:13,455 - WARNING - The .bam file refers to a chromosome 'KI270745.1+' not present in the annotation (.gtf) file
2022-10-13 01:00:13,455 - WARNING - The .bam file refers to a chromosome 'KI270745.1-' not present in the annotation (.gtf) file
2022-10-13 01:00:13,457 - DEBUG - Marking up chromosome KI270714.1
2022-10-13 01:00:13,457 - WARNING - The .bam file refers to a chromosome 'KI270714.1+' not present in the annotation (.gtf) file
2022-10-13 01:00:13,457 - WARNING - The .bam file refers to a chromosome 'KI270714.1-' not present in the annotation (.gtf) file
2022-10-13 01:00:13,460 - DEBUG - Marking up chromosome KI270732.1
2022-10-13 01:00:13,460 - WARNING - The .bam file refers to a chromosome 'KI270732.1+' not present in the annotation (.gtf) file
2022-10-13 01:00:13,460 - WARNING - The .bam file refers to a chromosome 'KI270732.1-' not present in the annotation (.gtf) file
2022-10-13 01:00:13,460 - DEBUG - Marking up chromosome KI270713.1
2022-10-13 01:00:13,471 - DEBUG - Marking up chromosome KI270717.1
2022-10-13 01:00:13,471 - WARNING - The .bam file refers to a chromosome 'KI270717.1+' not present in the annotation (.gtf) file
2022-10-13 01:00:13,471 - WARNING - The .bam file refers to a chromosome 'KI270717.1-' not present in the annotation (.gtf) file
2022-10-13 01:00:13,474 - DEBUG - Marking up chromosome KI270720.1
2022-10-13 01:00:13,474 - WARNING - The .bam file refers to a chromosome 'KI270720.1+' not present in the annotation (.gtf) file
2022-10-13 01:00:13,474 - WARNING - The .bam file refers to a chromosome 'KI270720.1-' not present in the annotation (.gtf) file
2022-10-13 01:00:13,475 - DEBUG - Marking up chromosome KI270723.1
2022-10-13 01:00:13,475 - WARNING - The .bam file refers to a chromosome 'KI270723.1+' not present in the annotation (.gtf) file
2022-10-13 01:00:13,475 - WARNING - The .bam file refers to a chromosome 'KI270723.1-' not present in the annotation (.gtf) file
2022-10-13 01:00:13,476 - DEBUG - Marking up chromosome KI270718.1
2022-10-13 01:00:13,476 - WARNING - The .bam file refers to a chromosome 'KI270718.1+' not present in the annotation (.gtf) file
2022-10-13 01:00:13,476 - WARNING - The .bam file refers to a chromosome 'KI270718.1-' not present in the annotation (.gtf) file
2022-10-13 01:00:13,495 - DEBUG - Marking up chromosome KI270755.1
2022-10-13 01:00:13,495 - WARNING - The .bam file refers to a chromosome 'KI270755.1+' not present in the annotation (.gtf) file
2022-10-13 01:00:13,495 - WARNING - The .bam file refers to a chromosome 'KI270755.1-' not present in the annotation (.gtf) file
2022-10-13 01:00:13,498 - DEBUG - Marking up chromosome KI270707.1
2022-10-13 01:00:13,498 - WARNING - The .bam file refers to a chromosome 'KI270707.1+' not present in the annotation (.gtf) file
2022-10-13 01:00:13,498 - WARNING - The .bam file refers to a chromosome 'KI270707.1-' not present in the annotation (.gtf) file
2022-10-13 01:00:13,501 - DEBUG - Marking up chromosome KI270414.1
2022-10-13 01:00:13,501 - WARNING - The .bam file refers to a chromosome 'KI270414.1+' not present in the annotation (.gtf) file
2022-10-13 01:00:13,501 - WARNING - The .bam file refers to a chromosome 'KI270414.1-' not present in the annotation (.gtf) file
2022-10-13 01:00:13,501 - DEBUG - Marking up chromosome KI270304.1
2022-10-13 01:00:13,501 - WARNING - The .bam file refers to a chromosome 'KI270304.1+' not present in the annotation (.gtf) file
2022-10-13 01:00:13,501 - WARNING - The .bam file refers to a chromosome 'KI270304.1-' not present in the annotation (.gtf) file
2022-10-13 01:00:13,501 - DEBUG - Marking up chromosome KI270508.1
2022-10-13 01:00:13,501 - WARNING - The .bam file refers to a chromosome 'KI270508.1+' not present in the annotation (.gtf) file
2022-10-13 01:00:13,501 - WARNING - The .bam file refers to a chromosome 'KI270508.1-' not present in the annotation (.gtf) file
2022-10-13 01:00:13,501 - DEBUG - Marking up chromosome KI270303.1
2022-10-13 01:00:13,501 - WARNING - The .bam file refers to a chromosome 'KI270303.1+' not present in the annotation (.gtf) file
2022-10-13 01:00:13,501 - WARNING - The .bam file refers to a chromosome 'KI270303.1-' not present in the annotation (.gtf) file
2022-10-13 01:00:13,501 - DEBUG - Marking up chromosome KI270330.1
2022-10-13 01:00:13,501 - WARNING - The .bam file refers to a chromosome 'KI270330.1+' not present in the annotation (.gtf) file
2022-10-13 01:00:13,501 - WARNING - The .bam file refers to a chromosome 'KI270330.1-' not present in the annotation (.gtf) file
2022-10-13 01:00:13,502 - DEBUG - Marking up chromosome KI270310.1
2022-10-13 01:00:13,502 - WARNING - The .bam file refers to a chromosome 'KI270310.1+' not present in the annotation (.gtf) file
2022-10-13 01:00:13,502 - WARNING - The .bam file refers to a chromosome 'KI270310.1-' not present in the annotation (.gtf) file
2022-10-13 01:00:15,489 - DEBUG - Read first 380 million reads
2022-10-13 01:00:30,142 - DEBUG - Read first 390 million reads
2022-10-13 01:00:36,251 - DEBUG - End of file. Reset index: start scanning from initial position.
2022-10-13 01:00:36,252 - DEBUG - 17862263 reads were skipped because no apropiate cell or umi barcode was found
2022-10-13 01:00:36,252 - DEBUG - Start molecule counting!
2022-10-13 01:00:39,815 - DEBUG - Features available for chromosomes : ['GL000009.2-', 'GL000194.1-', 'GL000195.1-', 'GL000195.1+', 'GL000205.2-', 'GL000213.1-', 'GL000218.1-', 'GL000219.1-', 'KI270711.1-', 'KI270713.1-', 'KI270713.1+', 'KI270721.1+', 'KI270726.1+', 'KI270727.1-', 'KI270727.1+', 'KI270728.1-', 'KI270728.1+', 'KI270731.1-', 'KI270734.1-', 'KI270734.1+', '1-', '1+', '10-', '10+', '11-', '11+', '12-', '12+', '13-', '13+', '14-', '14+', '15-', '15+', '16-', '16+', '17-', '17+', '18-', '18+', '19-', '19+', '2-', '2+', '20-', '20+', '21-', '21+', '22-', '22+', '3-', '3+', '4-', '4+', '5-', '5+', '6-', '6+', '7-', '7+', '8-', '8+', '9-', '9+', 'M-', 'M+', 'X-', 'X+', 'Y-', 'Y+']
2022-10-13 01:00:39,816 - DEBUG - Mask available for chromosomes : []
2022-10-13 01:00:39,816 - DEBUG - Summarizing the results of intron validation.
2022-10-13 01:00:40,532 - DEBUG - Validated 688323 introns (of which unique intervals 213834) out of 1106199 total possible introns (considering each possible transcript models).
2022-10-13 01:00:40,532 - DEBUG - Reading /storage/singlecell/zz4/fetal_bash/data/Retina_fetal/Multiome_16w4d_NR/outs/cellsorted_gex_possorted_bam.bam
2022-10-13 01:00:40,575 - DEBUG - Read first 0 million reads
2022-10-13 01:01:13,894 - DEBUG - Read first 10 million reads
2022-10-13 01:01:45,642 - DEBUG - Read first 20 million reads
2022-10-13 01:02:58,798 - DEBUG - Counting for batch 1, containing 100 cells and 5708555 reads
2022-10-13 01:06:21,634 - DEBUG - 0 reads not considered because fully enclosed in repeat masked regions
2022-10-13 01:07:23,122 - DEBUG - Read first 30 million reads
2022-10-13 01:07:58,908 - DEBUG - Counting for batch 2, containing 100 cells and 5779057 reads
2022-10-13 01:10:55,358 - DEBUG - 0 reads not considered because fully enclosed in repeat masked regions
2022-10-13 01:12:17,617 - DEBUG - Read first 40 million reads
2022-10-13 01:12:21,414 - DEBUG - Counting for batch 3, containing 100 cells and 5496250 reads
2022-10-13 01:15:09,673 - DEBUG - 0 reads not considered because fully enclosed in repeat masked regions
2022-10-13 01:17:01,649 - DEBUG - Counting for batch 4, containing 100 cells and 7717816 reads
2022-10-13 01:20:54,982 - DEBUG - 0 reads not considered because fully enclosed in repeat masked regions
2022-10-13 01:21:43,273 - DEBUG - Read first 50 million reads
2022-10-13 01:22:27,936 - DEBUG - Counting for batch 5, containing 100 cells and 5222110 reads
2022-10-13 01:24:56,477 - DEBUG - 0 reads not considered because fully enclosed in repeat masked regions
2022-10-13 01:26:15,342 - DEBUG - Read first 60 million reads
2022-10-13 01:26:48,865 - DEBUG - Counting for batch 6, containing 100 cells and 6233755 reads
2022-10-13 01:29:56,628 - DEBUG - 0 reads not considered because fully enclosed in repeat masked regions
2022-10-13 01:31:24,883 - DEBUG - Counting for batch 7, containing 100 cells and 4619261 reads
2022-10-13 01:33:42,757 - DEBUG - 0 reads not considered because fully enclosed in repeat masked regions
2022-10-13 01:34:20,684 - DEBUG - Read first 70 million reads
2022-10-13 01:35:13,152 - DEBUG - Counting for batch 8, containing 100 cells and 5294865 reads
2022-10-13 01:37:45,333 - DEBUG - 0 reads not considered because fully enclosed in repeat masked regions
2022-10-13 01:39:00,750 - DEBUG - Read first 80 million reads
2022-10-13 01:39:17,622 - DEBUG - Counting for batch 9, containing 100 cells and 5293406 reads
2022-10-13 01:41:52,507 - DEBUG - 0 reads not considered because fully enclosed in repeat masked regions
2022-10-13 01:43:17,219 - DEBUG - Counting for batch 10, containing 100 cells and 4250398 reads
2022-10-13 01:45:22,941 - DEBUG - 0 reads not considered because fully enclosed in repeat masked regions
2022-10-13 01:46:10,440 - DEBUG - Read first 90 million reads
2022-10-13 01:46:38,488 - DEBUG - Counting for batch 11, containing 100 cells and 4468754 reads
2022-10-13 01:48:51,580 - DEBUG - 0 reads not considered because fully enclosed in repeat masked regions
2022-10-13 01:50:08,639 - DEBUG - Counting for batch 12, containing 100 cells and 4478894 reads
2022-10-13 01:52:22,056 - DEBUG - 0 reads not considered because fully enclosed in repeat masked regions
2022-10-13 01:52:57,875 - DEBUG - Read first 100 million reads
2022-10-13 01:53:55,353 - DEBUG - Counting for batch 13, containing 100 cells and 5821826 reads
2022-10-13 01:56:49,005 - DEBUG - 0 reads not considered because fully enclosed in repeat masked regions
2022-10-13 01:57:59,048 - DEBUG - Read first 110 million reads
2022-10-13 01:58:59,980 - DEBUG - Counting for batch 14, containing 100 cells and 8686963 reads
2022-10-13 02:03:22,240 - DEBUG - 0 reads not considered because fully enclosed in repeat masked regions
2022-10-13 02:04:45,599 - DEBUG - Read first 120 million reads
2022-10-13 02:05:14,934 - DEBUG - Counting for batch 15, containing 100 cells and 5752985 reads
2022-10-13 02:08:10,773 - DEBUG - 0 reads not considered because fully enclosed in repeat masked regions
2022-10-13 02:09:34,054 - DEBUG - Counting for batch 16, containing 100 cells and 4314750 reads
2022-10-13 02:11:44,345 - DEBUG - 0 reads not considered because fully enclosed in repeat masked regions
2022-10-13 02:12:27,508 - DEBUG - Read first 130 million reads
2022-10-13 02:13:21,826 - DEBUG - Counting for batch 17, containing 100 cells and 5797379 reads
2022-10-13 02:16:26,006 - DEBUG - 0 reads not considered because fully enclosed in repeat masked regions
2022-10-13 02:17:38,066 - DEBUG - Read first 140 million reads
2022-10-13 02:18:31,481 - DEBUG - Counting for batch 18, containing 100 cells and 8126102 reads
2022-10-13 02:22:35,508 - DEBUG - 0 reads not considered because fully enclosed in repeat masked regions
2022-10-13 02:24:05,187 - DEBUG - Read first 150 million reads
2022-10-13 02:24:19,776 - DEBUG - Counting for batch 19, containing 100 cells and 5194486 reads
2022-10-13 02:27:02,216 - DEBUG - 0 reads not considered because fully enclosed in repeat masked regions
2022-10-13 02:28:50,993 - DEBUG - Read first 160 million reads
2022-10-13 02:28:56,193 - DEBUG - Counting for batch 20, containing 100 cells and 7961296 reads
2022-10-13 02:33:06,130 - DEBUG - 0 reads not considered because fully enclosed in repeat masked regions
2022-10-13 02:34:56,313 - DEBUG - Counting for batch 21, containing 100 cells and 6109079 reads
2022-10-13 02:38:08,890 - DEBUG - 0 reads not considered because fully enclosed in repeat masked regions
2022-10-13 02:39:01,000 - DEBUG - Read first 170 million reads
2022-10-13 02:39:30,038 - DEBUG - Counting for batch 22, containing 100 cells and 4704185 reads
2022-10-13 02:41:52,771 - DEBUG - 0 reads not considered because fully enclosed in repeat masked regions
2022-10-13 02:43:03,938 - DEBUG - Counting for batch 23, containing 100 cells and 3828425 reads
2022-10-13 02:45:03,733 - DEBUG - 0 reads not considered because fully enclosed in repeat masked regions
2022-10-13 02:45:37,319 - DEBUG - Read first 180 million reads
2022-10-13 02:46:51,246 - DEBUG - Counting for batch 24, containing 100 cells and 7148968 reads
2022-10-13 02:50:16,893 - DEBUG - 0 reads not considered because fully enclosed in repeat masked regions
2022-10-13 02:51:11,105 - DEBUG - Read first 190 million reads
2022-10-13 02:52:36,889 - DEBUG - Counting for batch 25, containing 100 cells and 8391295 reads
2022-10-13 02:56:40,787 - DEBUG - 0 reads not considered because fully enclosed in repeat masked regions
2022-10-13 02:57:48,032 - DEBUG - Read first 200 million reads
2022-10-13 02:59:05,643 - DEBUG - Counting for batch 26, containing 100 cells and 8002750 reads
2022-10-13 03:03:00,642 - DEBUG - 0 reads not considered because fully enclosed in repeat masked regions
2022-10-13 03:04:07,329 - DEBUG - Read first 210 million reads
2022-10-13 03:05:10,724 - DEBUG - Counting for batch 27, containing 100 cells and 7489096 reads
2022-10-13 03:09:00,084 - DEBUG - 0 reads not considered because fully enclosed in repeat masked regions
2022-10-13 03:10:11,045 - DEBUG - Read first 220 million reads
2022-10-13 03:10:51,247 - DEBUG - Counting for batch 28, containing 100 cells and 6558533 reads
2022-10-13 03:14:12,060 - DEBUG - 0 reads not considered because fully enclosed in repeat masked regions
2022-10-13 03:15:34,761 - DEBUG - Counting for batch 29, containing 100 cells and 4135903 reads
2022-10-13 03:17:44,395 - DEBUG - 0 reads not considered because fully enclosed in repeat masked regions
2022-10-13 03:18:09,389 - DEBUG - Read first 230 million reads
2022-10-13 03:19:12,070 - DEBUG - Counting for batch 30, containing 100 cells and 6018546 reads
2022-10-13 03:22:17,876 - DEBUG - 0 reads not considered because fully enclosed in repeat masked regions
2022-10-13 03:23:16,895 - DEBUG - Read first 240 million reads
2022-10-13 03:23:34,615 - DEBUG - Counting for batch 31, containing 100 cells and 4370471 reads
2022-10-13 03:25:48,725 - DEBUG - 0 reads not considered because fully enclosed in repeat masked regions
2022-10-13 03:27:20,991 - DEBUG - Counting for batch 32, containing 100 cells and 6162839 reads
2022-10-13 03:30:32,585 - DEBUG - 0 reads not considered because fully enclosed in repeat masked regions
2022-10-13 03:31:11,917 - DEBUG - Read first 250 million reads
2022-10-13 03:31:48,959 - DEBUG - Counting for batch 33, containing 100 cells and 4040468 reads
2022-10-13 03:34:00,520 - DEBUG - 0 reads not considered because fully enclosed in repeat masked regions
2022-10-13 03:35:09,549 - DEBUG - Read first 260 million reads
2022-10-13 03:35:46,802 - DEBUG - Counting for batch 34, containing 100 cells and 7661120 reads
2022-10-13 03:39:45,561 - DEBUG - 0 reads not considered because fully enclosed in repeat masked regions
2022-10-13 03:41:20,425 - DEBUG - Counting for batch 35, containing 100 cells and 4839428 reads
2022-10-13 03:43:44,472 - DEBUG - 0 reads not considered because fully enclosed in repeat masked regions
2022-10-13 03:44:14,314 - DEBUG - Read first 270 million reads
2022-10-13 03:45:57,995 - DEBUG - Counting for batch 36, containing 100 cells and 6695415 reads
2022-10-13 03:49:14,818 - DEBUG - 0 reads not considered because fully enclosed in repeat masked regions
2022-10-13 03:50:09,402 - DEBUG - Read first 280 million reads
2022-10-13 03:50:53,550 - DEBUG - Counting for batch 37, containing 100 cells and 5412285 reads
2022-10-13 03:53:32,942 - DEBUG - 0 reads not considered because fully enclosed in repeat masked regions
2022-10-13 03:55:03,984 - DEBUG - Counting for batch 38, containing 100 cells and 4539151 reads
2022-10-13 03:57:26,747 - DEBUG - 0 reads not considered because fully enclosed in repeat masked regions
2022-10-13 03:57:53,204 - DEBUG - Read first 290 million reads
2022-10-13 03:58:38,517 - DEBUG - Counting for batch 39, containing 100 cells and 4309943 reads
2022-10-13 04:00:49,302 - DEBUG - 0 reads not considered because fully enclosed in repeat masked regions
2022-10-13 04:02:00,972 - DEBUG - Read first 300 million reads
2022-10-13 04:02:14,070 - DEBUG - Counting for batch 40, containing 100 cells and 4893313 reads
2022-10-13 04:04:40,445 - DEBUG - 0 reads not considered because fully enclosed in repeat masked regions
2022-10-13 04:06:06,123 - DEBUG - Counting for batch 41, containing 100 cells and 5344368 reads
2022-10-13 04:08:44,993 - DEBUG - 0 reads not considered because fully enclosed in repeat masked regions
2022-10-13 04:09:36,712 - DEBUG - Read first 310 million reads
2022-10-13 04:10:26,525 - DEBUG - Counting for batch 42, containing 100 cells and 5910308 reads
2022-10-13 04:13:33,275 - DEBUG - 0 reads not considered because fully enclosed in repeat masked regions
2022-10-13 04:14:47,325 - DEBUG - Read first 320 million reads
2022-10-13 04:15:00,158 - DEBUG - Counting for batch 43, containing 100 cells and 5609231 reads
2022-10-13 04:17:52,649 - DEBUG - 0 reads not considered because fully enclosed in repeat masked regions
2022-10-13 04:19:23,903 - DEBUG - Counting for batch 44, containing 100 cells and 5848318 reads
2022-10-13 04:22:17,073 - DEBUG - 0 reads not considered because fully enclosed in repeat masked regions
2022-10-13 04:23:01,856 - DEBUG - Read first 330 million reads
2022-10-13 04:24:08,937 - DEBUG - Counting for batch 45, containing 100 cells and 6519964 reads
2022-10-13 04:27:33,747 - DEBUG - 0 reads not considered because fully enclosed in repeat masked regions
2022-10-13 04:28:37,967 - DEBUG - Read first 340 million reads
2022-10-13 04:29:17,509 - DEBUG - Counting for batch 46, containing 100 cells and 6399738 reads
2022-10-13 04:32:29,816 - DEBUG - 0 reads not considered because fully enclosed in repeat masked regions
2022-10-13 04:33:53,703 - DEBUG - Read first 350 million reads
2022-10-13 04:33:58,057 - DEBUG - Counting for batch 47, containing 100 cells and 5000601 reads
2022-10-13 04:36:30,270 - DEBUG - 0 reads not considered because fully enclosed in repeat masked regions
2022-10-13 04:38:00,669 - DEBUG - Counting for batch 48, containing 100 cells and 5478040 reads
2022-10-13 04:40:45,386 - DEBUG - 0 reads not considered because fully enclosed in repeat masked regions
2022-10-13 04:41:38,791 - DEBUG - Read first 360 million reads
2022-10-13 04:42:06,458 - DEBUG - Counting for batch 49, containing 100 cells and 4487979 reads
2022-10-13 04:44:22,694 - DEBUG - 0 reads not considered because fully enclosed in repeat masked regions
2022-10-13 04:45:29,888 - DEBUG - Counting for batch 50, containing 100 cells and 3946928 reads
2022-10-13 04:47:29,222 - DEBUG - 0 reads not considered because fully enclosed in repeat masked regions
2022-10-13 04:48:11,313 - DEBUG - Read first 370 million reads
2022-10-13 04:48:56,444 - DEBUG - Counting for batch 51, containing 100 cells and 5475310 reads
2022-10-13 04:51:41,493 - DEBUG - 0 reads not considered because fully enclosed in repeat masked regions
2022-10-13 04:53:02,397 - DEBUG - Read first 380 million reads
2022-10-13 04:53:18,712 - DEBUG - Counting for batch 52, containing 100 cells and 5424755 reads
2022-10-13 04:56:05,284 - DEBUG - 0 reads not considered because fully enclosed in repeat masked regions
2022-10-13 04:57:45,573 - DEBUG - Counting for batch 53, containing 100 cells and 6203818 reads
2022-10-13 05:01:03,315 - DEBUG - 0 reads not considered because fully enclosed in repeat masked regions
2022-10-13 05:01:50,480 - DEBUG - Read first 390 million reads
2022-10-13 05:02:31,923 - DEBUG - Counting for batch 54, containing 75 cells and 4300339 reads
2022-10-13 05:04:34,852 - DEBUG - 0 reads not considered because fully enclosed in repeat masked regions
2022-10-13 05:04:58,480 - DEBUG - 17862263 reads were skipped because no apropiate cell or umi barcode was found
2022-10-13 05:04:58,486 - DEBUG - Counting done!
2022-10-13 05:04:58,554 - DEBUG - Generating output file /storage/singlecell/zz4/fetal_bash/results/RNA_velocity/Multiome_16w4d_NR/Multiome_16w4d_NR.loom
2022-10-13 05:04:58,555 - DEBUG - Collecting row attributes
2022-10-13 05:04:58,745 - DEBUG - Generating data table
2022-10-13 05:05:00,972 - DEBUG - Writing loom file
2022-10-13 05:05:03,346 - DEBUG - Creating converter from 5 to 3
2022-10-13 05:05:03,347 - DEBUG - Creating converter from 3 to 5
2022-10-13 05:05:17,545 - DEBUG - Terminated Succesfully!
ended at Thu Oct 13 05:05:21 CDT 2022 on mhgcp-g00.grid.bcm.edu. Time elapsed: 05:28:50
