starting at Wed Oct 12 23:36:31 CDT 2022 on mhgcp-g00.grid.bcm.edu
SLURM_JOBID=624166
2022-10-12 23:36:38,504 - DEBUG - Using logic: Default
2022-10-12 23:36:38,534 - INFO - Read 5932 cell barcodes from /storage/singlecell/zz4/fetal_bash/data/Retina_fetal/Multiome_16w4d_FR/outs/filtered_feature_bc_matrix/barcodes.tsv.gz
2022-10-12 23:36:38,534 - DEBUG - Example of barcode: AAACAGCCAACAGGAT and cell_id: Multiome_16w4d_FR:AAACAGCCAACAGGAT-1
2022-10-12 23:36:38,550 - DEBUG - Peeking into /storage/singlecell/zz4/fetal_bash/data/Retina_fetal/Multiome_16w4d_FR/outs/gex_possorted_bam.bam
2022-10-12 23:36:38,715 - WARNING - Not found cell and umi barcode in entry 8 of the bam file
2022-10-12 23:36:38,715 - WARNING - Not found cell and umi barcode in entry 9 of the bam file
2022-10-12 23:36:38,715 - WARNING - Not found cell and umi barcode in entry 28 of the bam file
2022-10-12 23:36:38,715 - WARNING - Not found cell and umi barcode in entry 29 of the bam file
2022-10-12 23:36:38,715 - WARNING - Not found cell and umi barcode in entry 30 of the bam file
2022-10-12 23:36:38,715 - WARNING - Not found cell and umi barcode in entry 31 of the bam file
2022-10-12 23:36:38,715 - WARNING - Not found cell and umi barcode in entry 32 of the bam file
2022-10-12 23:36:38,715 - WARNING - Not found cell and umi barcode in entry 123 of the bam file
2022-10-12 23:36:38,715 - WARNING - Not found cell and umi barcode in entry 186 of the bam file
2022-10-12 23:36:38,715 - WARNING - Not found cell and umi barcode in entry 188 of the bam file
2022-10-12 23:36:38,715 - WARNING - Not found cell and umi barcode in entry 192 of the bam file
2022-10-12 23:36:38,716 - WARNING - Not found cell and umi barcode in entry 193 of the bam file
2022-10-12 23:36:38,716 - WARNING - Not found cell and umi barcode in entry 200 of the bam file
2022-10-12 23:36:38,716 - WARNING - Not found cell and umi barcode in entry 204 of the bam file
2022-10-12 23:36:38,716 - WARNING - Not found cell and umi barcode in entry 208 of the bam file
2022-10-12 23:36:38,716 - WARNING - Not found cell and umi barcode in entry 209 of the bam file
2022-10-12 23:36:38,716 - WARNING - Not found cell and umi barcode in entry 214 of the bam file
2022-10-12 23:36:38,716 - WARNING - Not found cell and umi barcode in entry 255 of the bam file
2022-10-12 23:36:38,716 - WARNING - Not found cell and umi barcode in entry 284 of the bam file
2022-10-12 23:36:38,716 - WARNING - Not found cell and umi barcode in entry 409 of the bam file
2022-10-12 23:36:38,716 - WARNING - Not found cell and umi barcode in entry 410 of the bam file
2022-10-12 23:36:38,716 - WARNING - Not found cell and umi barcode in entry 418 of the bam file
2022-10-12 23:36:38,716 - WARNING - Not found cell and umi barcode in entry 487 of the bam file
2022-10-12 23:36:38,716 - WARNING - Not found cell and umi barcode in entry 490 of the bam file
2022-10-12 23:36:38,717 - WARNING - Not found cell and umi barcode in entry 541 of the bam file
2022-10-12 23:36:38,717 - WARNING - Not found cell and umi barcode in entry 547 of the bam file
2022-10-12 23:36:38,717 - WARNING - Not found cell and umi barcode in entry 553 of the bam file
2022-10-12 23:36:38,717 - WARNING - Not found cell and umi barcode in entry 592 of the bam file
2022-10-12 23:36:38,717 - WARNING - Not found cell and umi barcode in entry 594 of the bam file
2022-10-12 23:36:38,717 - WARNING - Not found cell and umi barcode in entry 597 of the bam file
2022-10-12 23:36:38,717 - WARNING - Not found cell and umi barcode in entry 633 of the bam file
2022-10-12 23:36:38,717 - WARNING - Not found cell and umi barcode in entry 753 of the bam file
2022-10-12 23:36:38,718 - WARNING - Not found cell and umi barcode in entry 811 of the bam file
2022-10-12 23:36:38,718 - WARNING - Not found cell and umi barcode in entry 828 of the bam file
2022-10-12 23:36:38,718 - WARNING - Not found cell and umi barcode in entry 832 of the bam file
2022-10-12 23:36:38,718 - WARNING - Not found cell and umi barcode in entry 953 of the bam file
2022-10-12 23:36:38,718 - WARNING - Not found cell and umi barcode in entry 964 of the bam file
2022-10-12 23:36:38,718 - WARNING - Not found cell and umi barcode in entry 1009 of the bam file
2022-10-12 23:36:38,724 - WARNING - The file /storage/singlecell/zz4/fetal_bash/data/Retina_fetal/Multiome_16w4d_FR/outs/cellsorted_gex_possorted_bam.bam already exists. The sorting step will be skipped and the existing file will be used.
2022-10-12 23:36:38,724 - INFO - Load the annotation from /storage/singlecell/zz4/Reference/refdata-cellranger-arc-GRCh38-2020-A/genes/genes.gtf
2022-10-12 23:36:49,021 - DEBUG - Parsing Chromosome GL000009.2 strand - [line 0]
2022-10-12 23:36:49,022 - DEBUG - Done with GL000009.2- [line 7]
2022-10-12 23:36:49,022 - DEBUG - Assigning indexes to genes
2022-10-12 23:36:49,022 - DEBUG - Seen 1 genes until now
2022-10-12 23:36:49,022 - DEBUG - Parsing Chromosome GL000194.1 strand - [line 8]
2022-10-12 23:36:49,022 - DEBUG - Done with GL000194.1- [line 33]
2022-10-12 23:36:49,022 - DEBUG - Assigning indexes to genes
2022-10-12 23:36:49,022 - DEBUG - Seen 3 genes until now
2022-10-12 23:36:49,022 - DEBUG - Parsing Chromosome GL000195.1 strand - [line 34]
2022-10-12 23:36:49,022 - DEBUG - Done with GL000195.1- [line 43]
2022-10-12 23:36:49,022 - DEBUG - Assigning indexes to genes
2022-10-12 23:36:49,022 - DEBUG - Seen 4 genes until now
2022-10-12 23:36:49,022 - DEBUG - Parsing Chromosome GL000195.1 strand + [line 44]
2022-10-12 23:36:49,022 - DEBUG - Done with GL000195.1+ [line 57]
2022-10-12 23:36:49,022 - DEBUG - Assigning indexes to genes
2022-10-12 23:36:49,022 - DEBUG - Seen 5 genes until now
2022-10-12 23:36:49,022 - DEBUG - Parsing Chromosome GL000205.2 strand - [line 58]
2022-10-12 23:36:49,022 - DEBUG - Done with GL000205.2- [line 71]
2022-10-12 23:36:49,022 - DEBUG - Assigning indexes to genes
2022-10-12 23:36:49,022 - DEBUG - Seen 6 genes until now
2022-10-12 23:36:49,022 - DEBUG - Parsing Chromosome GL000213.1 strand - [line 72]
2022-10-12 23:36:49,023 - DEBUG - Done with GL000213.1- [line 120]
2022-10-12 23:36:49,023 - DEBUG - Assigning indexes to genes
2022-10-12 23:36:49,023 - DEBUG - Seen 7 genes until now
2022-10-12 23:36:49,023 - DEBUG - Parsing Chromosome GL000218.1 strand - [line 121]
2022-10-12 23:36:49,023 - DEBUG - Done with GL000218.1- [line 128]
2022-10-12 23:36:49,023 - DEBUG - Assigning indexes to genes
2022-10-12 23:36:49,023 - DEBUG - Seen 8 genes until now
2022-10-12 23:36:49,023 - DEBUG - Parsing Chromosome GL000219.1 strand - [line 129]
2022-10-12 23:36:49,023 - DEBUG - Done with GL000219.1- [line 141]
2022-10-12 23:36:49,023 - DEBUG - Assigning indexes to genes
2022-10-12 23:36:49,023 - DEBUG - Seen 9 genes until now
2022-10-12 23:36:49,023 - DEBUG - Parsing Chromosome KI270711.1 strand - [line 142]
2022-10-12 23:36:49,024 - DEBUG - Done with KI270711.1- [line 292]
2022-10-12 23:36:49,024 - DEBUG - Assigning indexes to genes
2022-10-12 23:36:49,024 - DEBUG - Seen 10 genes until now
2022-10-12 23:36:49,024 - DEBUG - Parsing Chromosome KI270713.1 strand - [line 293]
2022-10-12 23:36:49,024 - DEBUG - Done with KI270713.1- [line 300]
2022-10-12 23:36:49,024 - DEBUG - Assigning indexes to genes
2022-10-12 23:36:49,024 - DEBUG - Seen 11 genes until now
2022-10-12 23:36:49,024 - DEBUG - Parsing Chromosome KI270713.1 strand + [line 301]
2022-10-12 23:36:49,024 - DEBUG - Done with KI270713.1+ [line 307]
2022-10-12 23:36:49,024 - DEBUG - Assigning indexes to genes
2022-10-12 23:36:49,024 - DEBUG - Seen 12 genes until now
2022-10-12 23:36:49,024 - DEBUG - Parsing Chromosome KI270721.1 strand + [line 308]
2022-10-12 23:36:49,024 - DEBUG - Done with KI270721.1+ [line 323]
2022-10-12 23:36:49,024 - DEBUG - Assigning indexes to genes
2022-10-12 23:36:49,024 - DEBUG - Seen 13 genes until now
2022-10-12 23:36:49,024 - DEBUG - Parsing Chromosome KI270726.1 strand + [line 324]
2022-10-12 23:36:49,024 - DEBUG - Done with KI270726.1+ [line 334]
2022-10-12 23:36:49,024 - DEBUG - Assigning indexes to genes
2022-10-12 23:36:49,024 - DEBUG - Seen 15 genes until now
2022-10-12 23:36:49,024 - DEBUG - Parsing Chromosome KI270727.1 strand - [line 335]
2022-10-12 23:36:49,025 - DEBUG - Done with KI270727.1- [line 394]
2022-10-12 23:36:49,025 - DEBUG - Assigning indexes to genes
2022-10-12 23:36:49,025 - DEBUG - Seen 17 genes until now
2022-10-12 23:36:49,025 - DEBUG - Parsing Chromosome KI270727.1 strand + [line 395]
2022-10-12 23:36:49,025 - DEBUG - Done with KI270727.1+ [line 409]
2022-10-12 23:36:49,025 - DEBUG - Assigning indexes to genes
2022-10-12 23:36:49,025 - DEBUG - Seen 19 genes until now
2022-10-12 23:36:49,025 - DEBUG - Parsing Chromosome KI270728.1 strand - [line 410]
2022-10-12 23:36:49,025 - DEBUG - Done with KI270728.1- [line 486]
2022-10-12 23:36:49,025 - DEBUG - Assigning indexes to genes
2022-10-12 23:36:49,025 - DEBUG - Seen 21 genes until now
2022-10-12 23:36:49,025 - DEBUG - Parsing Chromosome KI270728.1 strand + [line 487]
2022-10-12 23:36:49,025 - DEBUG - Done with KI270728.1+ [line 523]
2022-10-12 23:36:49,025 - DEBUG - Assigning indexes to genes
2022-10-12 23:36:49,025 - DEBUG - Seen 25 genes until now
2022-10-12 23:36:49,025 - DEBUG - Parsing Chromosome KI270731.1 strand - [line 524]
2022-10-12 23:36:49,025 - DEBUG - Done with KI270731.1- [line 530]
2022-10-12 23:36:49,026 - DEBUG - Assigning indexes to genes
2022-10-12 23:36:49,026 - DEBUG - Seen 26 genes until now
2022-10-12 23:36:49,026 - DEBUG - Parsing Chromosome KI270734.1 strand - [line 531]
2022-10-12 23:36:49,026 - DEBUG - Done with KI270734.1- [line 599]
2022-10-12 23:36:49,026 - DEBUG - Assigning indexes to genes
2022-10-12 23:36:49,026 - DEBUG - Seen 27 genes until now
2022-10-12 23:36:49,026 - DEBUG - Parsing Chromosome KI270734.1 strand + [line 600]
2022-10-12 23:36:49,026 - DEBUG - Done with KI270734.1+ [line 622]
2022-10-12 23:36:49,026 - DEBUG - Assigning indexes to genes
2022-10-12 23:36:49,026 - DEBUG - Seen 29 genes until now
2022-10-12 23:36:49,026 - DEBUG - Parsing Chromosome 1 strand - [line 623]
2022-10-12 23:36:49,790 - DEBUG - Done with 1- [line 118876]
2022-10-12 23:36:49,790 - DEBUG - Assigning indexes to genes
2022-10-12 23:36:49,805 - DEBUG - Seen 1711 genes until now
2022-10-12 23:36:49,805 - DEBUG - Parsing Chromosome 1 strand + [line 118877]
2022-10-12 23:36:50,961 - DEBUG - Done with 1+ [line 253796]
2022-10-12 23:36:50,961 - DEBUG - Assigning indexes to genes
2022-10-12 23:36:50,983 - DEBUG - Seen 3439 genes until now
2022-10-12 23:36:50,983 - DEBUG - Parsing Chromosome 10 strand - [line 253797]
2022-10-12 23:36:51,223 - DEBUG - Done with 10- [line 304078]
2022-10-12 23:36:51,223 - DEBUG - Assigning indexes to genes
2022-10-12 23:36:51,229 - DEBUG - Seen 4100 genes until now
2022-10-12 23:36:51,229 - DEBUG - Parsing Chromosome 10 strand + [line 304079]
2022-10-12 23:36:51,795 - DEBUG - Done with 10+ [line 356023]
2022-10-12 23:36:51,795 - DEBUG - Assigning indexes to genes
2022-10-12 23:36:51,803 - DEBUG - Seen 4833 genes until now
2022-10-12 23:36:51,804 - DEBUG - Parsing Chromosome 11 strand - [line 356024]
2022-10-12 23:36:52,163 - DEBUG - Done with 11- [line 438038]
2022-10-12 23:36:52,163 - DEBUG - Assigning indexes to genes
2022-10-12 23:36:52,172 - DEBUG - Seen 5833 genes until now
2022-10-12 23:36:52,172 - DEBUG - Parsing Chromosome 11 strand + [line 438039]
2022-10-12 23:36:52,902 - DEBUG - Done with 11+ [line 521163]
2022-10-12 23:36:52,903 - DEBUG - Assigning indexes to genes
2022-10-12 23:36:52,918 - DEBUG - Seen 6898 genes until now
2022-10-12 23:36:52,919 - DEBUG - Parsing Chromosome 12 strand - [line 521164]
2022-10-12 23:36:53,291 - DEBUG - Done with 12- [line 601582]
2022-10-12 23:36:53,291 - DEBUG - Assigning indexes to genes
2022-10-12 23:36:53,305 - DEBUG - Seen 7848 genes until now
2022-10-12 23:36:53,305 - DEBUG - Parsing Chromosome 12 strand + [line 601583]
2022-10-12 23:36:53,663 - DEBUG - Done with 12+ [line 681983]
2022-10-12 23:36:53,663 - DEBUG - Assigning indexes to genes
2022-10-12 23:36:53,674 - DEBUG - Seen 8826 genes until now
2022-10-12 23:36:53,674 - DEBUG - Parsing Chromosome 13 strand - [line 681984]
2022-10-12 23:36:54,385 - DEBUG - Done with 13- [line 702449]
2022-10-12 23:36:54,386 - DEBUG - Assigning indexes to genes
2022-10-12 23:36:54,388 - DEBUG - Seen 9225 genes until now
2022-10-12 23:36:54,388 - DEBUG - Parsing Chromosome 13 strand + [line 702450]
2022-10-12 23:36:54,496 - DEBUG - Done with 13+ [line 726349]
2022-10-12 23:36:54,496 - DEBUG - Assigning indexes to genes
2022-10-12 23:36:54,499 - DEBUG - Seen 9614 genes until now
2022-10-12 23:36:54,500 - DEBUG - Parsing Chromosome 14 strand - [line 726350]
2022-10-12 23:36:54,696 - DEBUG - Done with 14- [line 770987]
2022-10-12 23:36:54,696 - DEBUG - Assigning indexes to genes
2022-10-12 23:36:54,704 - DEBUG - Seen 10373 genes until now
2022-10-12 23:36:54,705 - DEBUG - Parsing Chromosome 14 strand + [line 770988]
2022-10-12 23:36:54,936 - DEBUG - Done with 14+ [line 822908]
2022-10-12 23:36:54,937 - DEBUG - Assigning indexes to genes
2022-10-12 23:36:54,946 - DEBUG - Seen 11088 genes until now
2022-10-12 23:36:54,947 - DEBUG - Parsing Chromosome 15 strand - [line 822909]
2022-10-12 23:36:55,189 - DEBUG - Done with 15- [line 873715]
2022-10-12 23:36:55,189 - DEBUG - Assigning indexes to genes
2022-10-12 23:36:55,198 - DEBUG - Seen 11734 genes until now
2022-10-12 23:36:55,198 - DEBUG - Parsing Chromosome 15 strand + [line 873716]
2022-10-12 23:36:55,918 - DEBUG - Done with 15+ [line 923824]
2022-10-12 23:36:55,918 - DEBUG - Assigning indexes to genes
2022-10-12 23:36:55,927 - DEBUG - Seen 12355 genes until now
2022-10-12 23:36:55,927 - DEBUG - Parsing Chromosome 16 strand - [line 923825]
2022-10-12 23:36:56,166 - DEBUG - Done with 16- [line 979238]
2022-10-12 23:36:56,166 - DEBUG - Assigning indexes to genes
2022-10-12 23:36:56,172 - DEBUG - Seen 13151 genes until now
2022-10-12 23:36:56,173 - DEBUG - Parsing Chromosome 16 strand + [line 979239]
2022-10-12 23:36:56,485 - DEBUG - Done with 16+ [line 1052152]
2022-10-12 23:36:56,485 - DEBUG - Assigning indexes to genes
2022-10-12 23:36:56,493 - DEBUG - Seen 14004 genes until now
2022-10-12 23:36:56,493 - DEBUG - Parsing Chromosome 17 strand - [line 1052153]
2022-10-12 23:36:56,897 - DEBUG - Done with 17- [line 1140008]
2022-10-12 23:36:56,897 - DEBUG - Assigning indexes to genes
2022-10-12 23:36:56,910 - DEBUG - Seen 15039 genes until now
2022-10-12 23:36:56,911 - DEBUG - Parsing Chromosome 17 strand + [line 1140009]
2022-10-12 23:36:57,908 - DEBUG - Done with 17+ [line 1219447]
2022-10-12 23:36:57,908 - DEBUG - Assigning indexes to genes
2022-10-12 23:36:57,924 - DEBUG - Seen 15996 genes until now
2022-10-12 23:36:57,924 - DEBUG - Parsing Chromosome 18 strand - [line 1219448]
2022-10-12 23:36:58,052 - DEBUG - Done with 18- [line 1246083]
2022-10-12 23:36:58,053 - DEBUG - Assigning indexes to genes
2022-10-12 23:36:58,057 - DEBUG - Seen 16371 genes until now
2022-10-12 23:36:58,057 - DEBUG - Parsing Chromosome 18 strand + [line 1246084]
2022-10-12 23:36:58,168 - DEBUG - Done with 18+ [line 1269821]
2022-10-12 23:36:58,168 - DEBUG - Assigning indexes to genes
2022-10-12 23:36:58,172 - DEBUG - Seen 16777 genes until now
2022-10-12 23:36:58,172 - DEBUG - Parsing Chromosome 19 strand - [line 1269822]
2022-10-12 23:36:58,534 - DEBUG - Done with 19- [line 1350736]
2022-10-12 23:36:58,534 - DEBUG - Assigning indexes to genes
2022-10-12 23:36:58,544 - DEBUG - Seen 17790 genes until now
2022-10-12 23:36:58,544 - DEBUG - Parsing Chromosome 19 strand + [line 1350737]
2022-10-12 23:36:58,920 - DEBUG - Done with 19+ [line 1435648]
2022-10-12 23:36:58,920 - DEBUG - Assigning indexes to genes
2022-10-12 23:36:58,936 - DEBUG - Seen 18804 genes until now
2022-10-12 23:36:58,936 - DEBUG - Parsing Chromosome 2 strand - [line 1435649]
2022-10-12 23:36:59,415 - DEBUG - Done with 2- [line 1542996]
2022-10-12 23:36:59,416 - DEBUG - Assigning indexes to genes
2022-10-12 23:36:59,436 - DEBUG - Seen 20037 genes until now
2022-10-12 23:36:59,436 - DEBUG - Parsing Chromosome 2 strand + [line 1542997]
2022-10-12 23:37:00,535 - DEBUG - Done with 2+ [line 1642863]
2022-10-12 23:37:00,535 - DEBUG - Assigning indexes to genes
2022-10-12 23:37:00,554 - DEBUG - Seen 21345 genes until now
2022-10-12 23:37:00,554 - DEBUG - Parsing Chromosome 20 strand - [line 1642864]
2022-10-12 23:37:00,692 - DEBUG - Done with 20- [line 1672442]
2022-10-12 23:37:00,692 - DEBUG - Assigning indexes to genes
2022-10-12 23:37:00,696 - DEBUG - Seen 21828 genes until now
2022-10-12 23:37:00,696 - DEBUG - Parsing Chromosome 20 strand + [line 1672443]
2022-10-12 23:37:00,856 - DEBUG - Done with 20+ [line 1707817]
2022-10-12 23:37:00,856 - DEBUG - Assigning indexes to genes
2022-10-12 23:37:00,862 - DEBUG - Seen 22309 genes until now
2022-10-12 23:37:00,862 - DEBUG - Parsing Chromosome 21 strand - [line 1707818]
2022-10-12 23:37:00,931 - DEBUG - Done with 21- [line 1722798]
2022-10-12 23:37:00,931 - DEBUG - Assigning indexes to genes
2022-10-12 23:37:00,933 - DEBUG - Seen 22596 genes until now
2022-10-12 23:37:00,933 - DEBUG - Parsing Chromosome 21 strand + [line 1722799]
2022-10-12 23:37:01,007 - DEBUG - Done with 21+ [line 1738981]
2022-10-12 23:37:01,007 - DEBUG - Assigning indexes to genes
2022-10-12 23:37:01,009 - DEBUG - Seen 22864 genes until now
2022-10-12 23:37:01,009 - DEBUG - Parsing Chromosome 22 strand - [line 1738982]
2022-10-12 23:37:01,121 - DEBUG - Done with 22- [line 1765357]
2022-10-12 23:37:01,121 - DEBUG - Assigning indexes to genes
2022-10-12 23:37:01,125 - DEBUG - Seen 23260 genes until now
2022-10-12 23:37:01,125 - DEBUG - Parsing Chromosome 22 strand + [line 1765358]
2022-10-12 23:37:01,264 - DEBUG - Done with 22+ [line 1797598]
2022-10-12 23:37:01,264 - DEBUG - Assigning indexes to genes
2022-10-12 23:37:01,268 - DEBUG - Seen 23765 genes until now
2022-10-12 23:37:01,268 - DEBUG - Parsing Chromosome 3 strand - [line 1797599]
2022-10-12 23:37:01,669 - DEBUG - Done with 3- [line 1887377]
2022-10-12 23:37:01,669 - DEBUG - Assigning indexes to genes
2022-10-12 23:37:01,688 - DEBUG - Seen 24693 genes until now
2022-10-12 23:37:01,688 - DEBUG - Parsing Chromosome 3 strand + [line 1887378]
2022-10-12 23:37:02,085 - DEBUG - Done with 3+ [line 1977011]
2022-10-12 23:37:02,085 - DEBUG - Assigning indexes to genes
2022-10-12 23:37:02,101 - DEBUG - Seen 25658 genes until now
2022-10-12 23:37:02,101 - DEBUG - Parsing Chromosome 4 strand - [line 1977012]
2022-10-12 23:37:03,231 - DEBUG - Done with 4- [line 2034238]
2022-10-12 23:37:03,231 - DEBUG - Assigning indexes to genes
2022-10-12 23:37:03,240 - DEBUG - Seen 26401 genes until now
2022-10-12 23:37:03,241 - DEBUG - Parsing Chromosome 4 strand + [line 2034239]
2022-10-12 23:37:03,516 - DEBUG - Done with 4+ [line 2094594]
2022-10-12 23:37:03,516 - DEBUG - Assigning indexes to genes
2022-10-12 23:37:03,527 - DEBUG - Seen 27191 genes until now
2022-10-12 23:37:03,527 - DEBUG - Parsing Chromosome 5 strand - [line 2094595]
2022-10-12 23:37:03,801 - DEBUG - Done with 5- [line 2152660]
2022-10-12 23:37:03,801 - DEBUG - Assigning indexes to genes
2022-10-12 23:37:03,814 - DEBUG - Seen 28071 genes until now
2022-10-12 23:37:03,814 - DEBUG - Parsing Chromosome 5 strand + [line 2152661]
2022-10-12 23:37:04,121 - DEBUG - Done with 5+ [line 2218657]
2022-10-12 23:37:04,121 - DEBUG - Assigning indexes to genes
2022-10-12 23:37:04,135 - DEBUG - Seen 29002 genes until now
2022-10-12 23:37:04,135 - DEBUG - Parsing Chromosome 6 strand - [line 2218658]
2022-10-12 23:37:04,447 - DEBUG - Done with 6- [line 2284937]
2022-10-12 23:37:04,447 - DEBUG - Assigning indexes to genes
2022-10-12 23:37:04,458 - DEBUG - Seen 29928 genes until now
2022-10-12 23:37:04,458 - DEBUG - Parsing Chromosome 6 strand + [line 2284938]
2022-10-12 23:37:04,729 - DEBUG - Done with 6+ [line 2345240]
2022-10-12 23:37:04,729 - DEBUG - Assigning indexes to genes
2022-10-12 23:37:04,736 - DEBUG - Seen 30829 genes until now
2022-10-12 23:37:04,737 - DEBUG - Parsing Chromosome 7 strand - [line 2345241]
2022-10-12 23:37:05,011 - DEBUG - Done with 7- [line 2406845]
2022-10-12 23:37:05,012 - DEBUG - Assigning indexes to genes
2022-10-12 23:37:05,020 - DEBUG - Seen 31621 genes until now
2022-10-12 23:37:05,020 - DEBUG - Parsing Chromosome 7 strand + [line 2406846]
2022-10-12 23:37:05,327 - DEBUG - Done with 7+ [line 2476014]
2022-10-12 23:37:05,327 - DEBUG - Assigning indexes to genes
2022-10-12 23:37:05,340 - DEBUG - Seen 32515 genes until now
2022-10-12 23:37:05,340 - DEBUG - Parsing Chromosome 8 strand - [line 2476015]
2022-10-12 23:37:05,573 - DEBUG - Done with 8- [line 2527366]
2022-10-12 23:37:05,573 - DEBUG - Assigning indexes to genes
2022-10-12 23:37:05,582 - DEBUG - Seen 33270 genes until now
2022-10-12 23:37:05,582 - DEBUG - Parsing Chromosome 8 strand + [line 2527367]
2022-10-12 23:37:06,824 - DEBUG - Done with 8+ [line 2577021]
2022-10-12 23:37:06,824 - DEBUG - Assigning indexes to genes
2022-10-12 23:37:06,834 - DEBUG - Seen 34010 genes until now
2022-10-12 23:37:06,834 - DEBUG - Parsing Chromosome 9 strand - [line 2577022]
2022-10-12 23:37:07,037 - DEBUG - Done with 9- [line 2622811]
2022-10-12 23:37:07,037 - DEBUG - Assigning indexes to genes
2022-10-12 23:37:07,042 - DEBUG - Seen 34681 genes until now
2022-10-12 23:37:07,042 - DEBUG - Parsing Chromosome 9 strand + [line 2622812]
2022-10-12 23:37:07,267 - DEBUG - Done with 9+ [line 2672374]
2022-10-12 23:37:07,267 - DEBUG - Assigning indexes to genes
2022-10-12 23:37:07,273 - DEBUG - Seen 35329 genes until now
2022-10-12 23:37:07,273 - DEBUG - Parsing Chromosome M strand - [line 2672375]
2022-10-12 23:37:07,273 - DEBUG - Done with M- [line 2672379]
2022-10-12 23:37:07,273 - DEBUG - Assigning indexes to genes
2022-10-12 23:37:07,273 - DEBUG - Seen 35330 genes until now
2022-10-12 23:37:07,273 - DEBUG - Parsing Chromosome M strand + [line 2672380]
2022-10-12 23:37:07,273 - DEBUG - Done with M+ [line 2672445]
2022-10-12 23:37:07,273 - DEBUG - Assigning indexes to genes
2022-10-12 23:37:07,273 - DEBUG - Seen 35342 genes until now
2022-10-12 23:37:07,273 - DEBUG - Parsing Chromosome X strand - [line 2672446]
2022-10-12 23:37:07,466 - DEBUG - Done with X- [line 2716088]
2022-10-12 23:37:07,466 - DEBUG - Assigning indexes to genes
2022-10-12 23:37:07,470 - DEBUG - Seen 35884 genes until now
2022-10-12 23:37:07,470 - DEBUG - Parsing Chromosome X strand + [line 2716089]
2022-10-12 23:37:07,663 - DEBUG - Done with X+ [line 2760500]
2022-10-12 23:37:07,663 - DEBUG - Assigning indexes to genes
2022-10-12 23:37:07,668 - DEBUG - Seen 36490 genes until now
2022-10-12 23:37:07,668 - DEBUG - Parsing Chromosome Y strand - [line 2760501]
2022-10-12 23:37:07,680 - DEBUG - Done with Y- [line 2763031]
2022-10-12 23:37:07,680 - DEBUG - Assigning indexes to genes
2022-10-12 23:37:07,681 - DEBUG - Seen 36543 genes until now
2022-10-12 23:37:07,681 - DEBUG - Parsing Chromosome Y strand + [line 2763032]
2022-10-12 23:37:07,693 - DEBUG - Assigning indexes to genes
2022-10-12 23:37:07,694 - DEBUG - Done with Y+ [line 2765967]
2022-10-12 23:37:07,694 - DEBUG - Fixing corner cases of transcript models containg intron longer than 1000Kbp
2022-10-12 23:37:09,902 - DEBUG - Generated 2411536 features corresponding to 199138 transcript models from /storage/singlecell/zz4/Reference/refdata-cellranger-arc-GRCh38-2020-A/genes/genes.gtf
2022-10-12 23:37:09,937 - INFO - Scan /storage/singlecell/zz4/fetal_bash/data/Retina_fetal/Multiome_16w4d_FR/outs/gex_possorted_bam.bam to validate intron intervals
2022-10-12 23:37:13,721 - DEBUG - Reading /storage/singlecell/zz4/fetal_bash/data/Retina_fetal/Multiome_16w4d_FR/outs/gex_possorted_bam.bam
2022-10-12 23:37:13,743 - DEBUG - Read first 0 million reads
2022-10-12 23:37:13,744 - DEBUG - Marking up chromosome 1
2022-10-12 23:39:08,278 - DEBUG - Read first 10 million reads
2022-10-12 23:41:11,523 - DEBUG - Read first 20 million reads
2022-10-12 23:43:07,861 - DEBUG - Read first 30 million reads
2022-10-12 23:43:24,130 - DEBUG - Marking up chromosome 10
2022-10-12 23:45:57,886 - DEBUG - Read first 40 million reads
2022-10-12 23:47:34,012 - DEBUG - Marking up chromosome 11
2022-10-12 23:48:07,279 - DEBUG - Read first 50 million reads
2022-10-12 23:50:31,764 - DEBUG - Read first 60 million reads
2022-10-12 23:52:55,188 - DEBUG - Read first 70 million reads
2022-10-12 23:53:16,583 - DEBUG - Marking up chromosome 12
2022-10-12 23:55:00,867 - DEBUG - Read first 80 million reads
2022-10-12 23:57:25,277 - DEBUG - Read first 90 million reads
2022-10-12 23:57:57,617 - DEBUG - Marking up chromosome 13
2022-10-12 23:59:13,674 - DEBUG - Read first 100 million reads
2022-10-13 00:00:08,224 - DEBUG - Marking up chromosome 14
2022-10-13 00:01:10,652 - DEBUG - Read first 110 million reads
2022-10-13 00:03:20,631 - DEBUG - Read first 120 million reads
2022-10-13 00:03:28,314 - DEBUG - Marking up chromosome 15
2022-10-13 00:06:09,847 - DEBUG - Read first 130 million reads
2022-10-13 00:06:58,848 - DEBUG - Marking up chromosome 16
2022-10-13 00:08:00,483 - DEBUG - Read first 140 million reads
2022-10-13 00:09:09,667 - DEBUG - Marking up chromosome 17
2022-10-13 00:10:03,894 - DEBUG - Read first 150 million reads
2022-10-13 00:12:06,138 - DEBUG - Read first 160 million reads
2022-10-13 00:12:10,860 - DEBUG - Marking up chromosome 18
2022-10-13 00:14:25,966 - DEBUG - Marking up chromosome 19
2022-10-13 00:14:40,525 - DEBUG - Read first 170 million reads
2022-10-13 00:16:31,418 - DEBUG - Read first 180 million reads
2022-10-13 00:16:41,672 - DEBUG - Marking up chromosome 2
2022-10-13 00:18:44,767 - DEBUG - Read first 190 million reads
2022-10-13 00:20:50,986 - DEBUG - Read first 200 million reads
2022-10-13 00:23:06,314 - DEBUG - Read first 210 million reads
2022-10-13 00:23:57,811 - DEBUG - Marking up chromosome 20
2022-10-13 00:25:03,735 - DEBUG - Read first 220 million reads
2022-10-13 00:25:28,996 - DEBUG - Marking up chromosome 21
2022-10-13 00:26:36,770 - DEBUG - Read first 230 million reads
2022-10-13 00:26:40,266 - DEBUG - Marking up chromosome 22
2022-10-13 00:27:35,978 - DEBUG - Marking up chromosome 3
2022-10-13 00:28:37,691 - DEBUG - Read first 240 million reads
2022-10-13 00:30:39,450 - DEBUG - Read first 250 million reads
2022-10-13 00:32:42,084 - DEBUG - Read first 260 million reads
2022-10-13 00:33:53,035 - DEBUG - Marking up chromosome 4
2022-10-13 00:34:55,146 - DEBUG - Read first 270 million reads
2022-10-13 00:37:58,452 - DEBUG - Read first 280 million reads
2022-10-13 00:39:31,417 - DEBUG - Marking up chromosome 5
2022-10-13 00:40:09,079 - DEBUG - Read first 290 million reads
2022-10-13 00:42:27,934 - DEBUG - Read first 300 million reads
2022-10-13 00:44:04,529 - DEBUG - Marking up chromosome 6
2022-10-13 00:44:28,832 - DEBUG - Read first 310 million reads
2022-10-13 00:46:19,273 - DEBUG - Read first 320 million reads
2022-10-13 00:48:14,731 - DEBUG - Marking up chromosome 7
2022-10-13 00:48:21,076 - DEBUG - Read first 330 million reads
2022-10-13 00:50:15,246 - DEBUG - Read first 340 million reads
2022-10-13 00:52:20,475 - DEBUG - Read first 350 million reads
2022-10-13 00:52:33,388 - DEBUG - Marking up chromosome 8
2022-10-13 00:54:41,978 - DEBUG - Read first 360 million reads
2022-10-13 00:56:45,316 - DEBUG - Marking up chromosome 9
2022-10-13 00:56:55,543 - DEBUG - Read first 370 million reads
2022-10-13 00:58:39,442 - DEBUG - Read first 380 million reads
2022-10-13 00:59:29,957 - DEBUG - Marking up chromosome MT
2022-10-13 00:59:29,958 - WARNING - The .bam file refers to a chromosome 'MT+' not present in the annotation (.gtf) file
2022-10-13 00:59:29,958 - WARNING - The .bam file refers to a chromosome 'MT-' not present in the annotation (.gtf) file
2022-10-13 01:00:03,265 - DEBUG - Read first 390 million reads
2022-10-13 01:00:11,213 - DEBUG - Marking up chromosome X
2022-10-13 01:02:25,822 - DEBUG - Read first 400 million reads
2022-10-13 01:02:52,608 - DEBUG - Marking up chromosome Y
2022-10-13 01:03:04,700 - DEBUG - Marking up chromosome KI270728.1
2022-10-13 01:03:04,705 - DEBUG - Marking up chromosome KI270727.1
2022-10-13 01:03:04,718 - DEBUG - Marking up chromosome KI270442.1
2022-10-13 01:03:04,718 - WARNING - The .bam file refers to a chromosome 'KI270442.1+' not present in the annotation (.gtf) file
2022-10-13 01:03:04,718 - WARNING - The .bam file refers to a chromosome 'KI270442.1-' not present in the annotation (.gtf) file
2022-10-13 01:03:04,742 - DEBUG - Marking up chromosome KI270729.1
2022-10-13 01:03:04,742 - WARNING - The .bam file refers to a chromosome 'KI270729.1+' not present in the annotation (.gtf) file
2022-10-13 01:03:04,742 - WARNING - The .bam file refers to a chromosome 'KI270729.1-' not present in the annotation (.gtf) file
2022-10-13 01:03:04,744 - DEBUG - Marking up chromosome GL000225.1
2022-10-13 01:03:04,744 - WARNING - The .bam file refers to a chromosome 'GL000225.1+' not present in the annotation (.gtf) file
2022-10-13 01:03:04,744 - WARNING - The .bam file refers to a chromosome 'GL000225.1-' not present in the annotation (.gtf) file
2022-10-13 01:03:04,744 - DEBUG - Marking up chromosome KI270743.1
2022-10-13 01:03:04,744 - WARNING - The .bam file refers to a chromosome 'KI270743.1+' not present in the annotation (.gtf) file
2022-10-13 01:03:04,744 - WARNING - The .bam file refers to a chromosome 'KI270743.1-' not present in the annotation (.gtf) file
2022-10-13 01:03:04,746 - DEBUG - Marking up chromosome GL000008.2
2022-10-13 01:03:04,746 - WARNING - The .bam file refers to a chromosome 'GL000008.2+' not present in the annotation (.gtf) file
2022-10-13 01:03:04,747 - WARNING - The .bam file refers to a chromosome 'GL000008.2-' not present in the annotation (.gtf) file
2022-10-13 01:03:04,752 - DEBUG - Marking up chromosome GL000009.2
2022-10-13 01:03:04,752 - WARNING - The .bam file refers to a chromosome 'GL000009.2+' not present in the annotation (.gtf) file
2022-10-13 01:03:04,754 - DEBUG - Marking up chromosome KI270747.1
2022-10-13 01:03:04,754 - WARNING - The .bam file refers to a chromosome 'KI270747.1+' not present in the annotation (.gtf) file
2022-10-13 01:03:04,754 - WARNING - The .bam file refers to a chromosome 'KI270747.1-' not present in the annotation (.gtf) file
2022-10-13 01:03:04,754 - DEBUG - Marking up chromosome KI270722.1
2022-10-13 01:03:04,754 - WARNING - The .bam file refers to a chromosome 'KI270722.1+' not present in the annotation (.gtf) file
2022-10-13 01:03:04,754 - WARNING - The .bam file refers to a chromosome 'KI270722.1-' not present in the annotation (.gtf) file
2022-10-13 01:03:04,755 - DEBUG - Marking up chromosome GL000194.1
2022-10-13 01:03:04,755 - WARNING - The .bam file refers to a chromosome 'GL000194.1+' not present in the annotation (.gtf) file
2022-10-13 01:03:04,779 - DEBUG - Marking up chromosome KI270742.1
2022-10-13 01:03:04,780 - WARNING - The .bam file refers to a chromosome 'KI270742.1+' not present in the annotation (.gtf) file
2022-10-13 01:03:04,780 - WARNING - The .bam file refers to a chromosome 'KI270742.1-' not present in the annotation (.gtf) file
2022-10-13 01:03:04,795 - DEBUG - Marking up chromosome GL000205.2
2022-10-13 01:03:04,796 - WARNING - The .bam file refers to a chromosome 'GL000205.2+' not present in the annotation (.gtf) file
2022-10-13 01:03:04,968 - DEBUG - Marking up chromosome GL000195.1
2022-10-13 01:03:05,306 - DEBUG - Marking up chromosome KI270736.1
2022-10-13 01:03:05,306 - WARNING - The .bam file refers to a chromosome 'KI270736.1+' not present in the annotation (.gtf) file
2022-10-13 01:03:05,306 - WARNING - The .bam file refers to a chromosome 'KI270736.1-' not present in the annotation (.gtf) file
2022-10-13 01:03:05,306 - DEBUG - Marking up chromosome KI270733.1
2022-10-13 01:03:05,306 - WARNING - The .bam file refers to a chromosome 'KI270733.1+' not present in the annotation (.gtf) file
2022-10-13 01:03:05,306 - WARNING - The .bam file refers to a chromosome 'KI270733.1-' not present in the annotation (.gtf) file
2022-10-13 01:03:06,019 - DEBUG - Marking up chromosome GL000224.1
2022-10-13 01:03:06,019 - WARNING - The .bam file refers to a chromosome 'GL000224.1+' not present in the annotation (.gtf) file
2022-10-13 01:03:06,019 - WARNING - The .bam file refers to a chromosome 'GL000224.1-' not present in the annotation (.gtf) file
2022-10-13 01:03:06,041 - DEBUG - Marking up chromosome GL000219.1
2022-10-13 01:03:06,041 - WARNING - The .bam file refers to a chromosome 'GL000219.1+' not present in the annotation (.gtf) file
2022-10-13 01:03:06,803 - DEBUG - Marking up chromosome KI270719.1
2022-10-13 01:03:06,803 - WARNING - The .bam file refers to a chromosome 'KI270719.1+' not present in the annotation (.gtf) file
2022-10-13 01:03:06,803 - WARNING - The .bam file refers to a chromosome 'KI270719.1-' not present in the annotation (.gtf) file
2022-10-13 01:03:06,817 - DEBUG - Marking up chromosome GL000216.2
2022-10-13 01:03:06,818 - WARNING - The .bam file refers to a chromosome 'GL000216.2+' not present in the annotation (.gtf) file
2022-10-13 01:03:06,818 - WARNING - The .bam file refers to a chromosome 'GL000216.2-' not present in the annotation (.gtf) file
2022-10-13 01:03:06,818 - DEBUG - Marking up chromosome KI270712.1
2022-10-13 01:03:06,818 - WARNING - The .bam file refers to a chromosome 'KI270712.1+' not present in the annotation (.gtf) file
2022-10-13 01:03:06,818 - WARNING - The .bam file refers to a chromosome 'KI270712.1-' not present in the annotation (.gtf) file
2022-10-13 01:03:06,826 - DEBUG - Marking up chromosome KI270706.1
2022-10-13 01:03:06,826 - WARNING - The .bam file refers to a chromosome 'KI270706.1+' not present in the annotation (.gtf) file
2022-10-13 01:03:06,826 - WARNING - The .bam file refers to a chromosome 'KI270706.1-' not present in the annotation (.gtf) file
2022-10-13 01:03:06,857 - DEBUG - Marking up chromosome KI270725.1
2022-10-13 01:03:06,857 - WARNING - The .bam file refers to a chromosome 'KI270725.1+' not present in the annotation (.gtf) file
2022-10-13 01:03:06,857 - WARNING - The .bam file refers to a chromosome 'KI270725.1-' not present in the annotation (.gtf) file
2022-10-13 01:03:06,858 - DEBUG - Marking up chromosome KI270744.1
2022-10-13 01:03:06,859 - WARNING - The .bam file refers to a chromosome 'KI270744.1+' not present in the annotation (.gtf) file
2022-10-13 01:03:06,859 - WARNING - The .bam file refers to a chromosome 'KI270744.1-' not present in the annotation (.gtf) file
2022-10-13 01:03:06,863 - DEBUG - Marking up chromosome KI270734.1
2022-10-13 01:03:06,878 - DEBUG - Marking up chromosome GL000213.1
2022-10-13 01:03:06,878 - WARNING - The .bam file refers to a chromosome 'GL000213.1+' not present in the annotation (.gtf) file
2022-10-13 01:03:06,878 - DEBUG - Marking up chromosome GL000220.1
2022-10-13 01:03:06,878 - WARNING - The .bam file refers to a chromosome 'GL000220.1+' not present in the annotation (.gtf) file
2022-10-13 01:03:06,878 - WARNING - The .bam file refers to a chromosome 'GL000220.1-' not present in the annotation (.gtf) file
2022-10-13 01:03:12,420 - DEBUG - Marking up chromosome KI270715.1
2022-10-13 01:03:12,421 - WARNING - The .bam file refers to a chromosome 'KI270715.1+' not present in the annotation (.gtf) file
2022-10-13 01:03:12,421 - WARNING - The .bam file refers to a chromosome 'KI270715.1-' not present in the annotation (.gtf) file
2022-10-13 01:03:12,421 - DEBUG - Marking up chromosome GL000218.1
2022-10-13 01:03:12,421 - WARNING - The .bam file refers to a chromosome 'GL000218.1+' not present in the annotation (.gtf) file
2022-10-13 01:03:12,464 - DEBUG - Marking up chromosome KI270749.1
2022-10-13 01:03:12,464 - WARNING - The .bam file refers to a chromosome 'KI270749.1+' not present in the annotation (.gtf) file
2022-10-13 01:03:12,464 - WARNING - The .bam file refers to a chromosome 'KI270749.1-' not present in the annotation (.gtf) file
2022-10-13 01:03:12,469 - DEBUG - Marking up chromosome KI270741.1
2022-10-13 01:03:12,469 - WARNING - The .bam file refers to a chromosome 'KI270741.1+' not present in the annotation (.gtf) file
2022-10-13 01:03:12,469 - WARNING - The .bam file refers to a chromosome 'KI270741.1-' not present in the annotation (.gtf) file
2022-10-13 01:03:12,476 - DEBUG - Marking up chromosome GL000221.1
2022-10-13 01:03:12,477 - WARNING - The .bam file refers to a chromosome 'GL000221.1+' not present in the annotation (.gtf) file
2022-10-13 01:03:12,477 - WARNING - The .bam file refers to a chromosome 'GL000221.1-' not present in the annotation (.gtf) file
2022-10-13 01:03:12,495 - DEBUG - Marking up chromosome KI270716.1
2022-10-13 01:03:12,495 - WARNING - The .bam file refers to a chromosome 'KI270716.1+' not present in the annotation (.gtf) file
2022-10-13 01:03:12,495 - WARNING - The .bam file refers to a chromosome 'KI270716.1-' not present in the annotation (.gtf) file
2022-10-13 01:03:12,495 - DEBUG - Marking up chromosome KI270731.1
2022-10-13 01:03:12,495 - WARNING - The .bam file refers to a chromosome 'KI270731.1+' not present in the annotation (.gtf) file
2022-10-13 01:03:12,496 - DEBUG - Marking up chromosome KI270751.1
2022-10-13 01:03:12,496 - WARNING - The .bam file refers to a chromosome 'KI270751.1+' not present in the annotation (.gtf) file
2022-10-13 01:03:12,496 - WARNING - The .bam file refers to a chromosome 'KI270751.1-' not present in the annotation (.gtf) file
2022-10-13 01:03:12,496 - DEBUG - Marking up chromosome KI270750.1
2022-10-13 01:03:12,497 - WARNING - The .bam file refers to a chromosome 'KI270750.1+' not present in the annotation (.gtf) file
2022-10-13 01:03:12,497 - WARNING - The .bam file refers to a chromosome 'KI270750.1-' not present in the annotation (.gtf) file
2022-10-13 01:03:12,497 - DEBUG - Marking up chromosome KI270519.1
2022-10-13 01:03:12,497 - WARNING - The .bam file refers to a chromosome 'KI270519.1+' not present in the annotation (.gtf) file
2022-10-13 01:03:12,497 - WARNING - The .bam file refers to a chromosome 'KI270519.1-' not present in the annotation (.gtf) file
2022-10-13 01:03:12,497 - DEBUG - Marking up chromosome GL000214.1
2022-10-13 01:03:12,497 - WARNING - The .bam file refers to a chromosome 'GL000214.1+' not present in the annotation (.gtf) file
2022-10-13 01:03:12,497 - WARNING - The .bam file refers to a chromosome 'GL000214.1-' not present in the annotation (.gtf) file
2022-10-13 01:03:12,498 - DEBUG - Marking up chromosome KI270708.1
2022-10-13 01:03:12,498 - WARNING - The .bam file refers to a chromosome 'KI270708.1+' not present in the annotation (.gtf) file
2022-10-13 01:03:12,498 - WARNING - The .bam file refers to a chromosome 'KI270708.1-' not present in the annotation (.gtf) file
2022-10-13 01:03:12,499 - DEBUG - Marking up chromosome KI270438.1
2022-10-13 01:03:12,499 - WARNING - The .bam file refers to a chromosome 'KI270438.1+' not present in the annotation (.gtf) file
2022-10-13 01:03:12,499 - WARNING - The .bam file refers to a chromosome 'KI270438.1-' not present in the annotation (.gtf) file
2022-10-13 01:03:12,499 - DEBUG - Marking up chromosome KI270737.1
2022-10-13 01:03:12,500 - WARNING - The .bam file refers to a chromosome 'KI270737.1+' not present in the annotation (.gtf) file
2022-10-13 01:03:12,500 - WARNING - The .bam file refers to a chromosome 'KI270737.1-' not present in the annotation (.gtf) file
2022-10-13 01:03:12,500 - DEBUG - Marking up chromosome KI270721.1
2022-10-13 01:03:12,500 - WARNING - The .bam file refers to a chromosome 'KI270721.1-' not present in the annotation (.gtf) file
2022-10-13 01:03:12,503 - DEBUG - Marking up chromosome KI270738.1
2022-10-13 01:03:12,503 - WARNING - The .bam file refers to a chromosome 'KI270738.1+' not present in the annotation (.gtf) file
2022-10-13 01:03:12,503 - WARNING - The .bam file refers to a chromosome 'KI270738.1-' not present in the annotation (.gtf) file
2022-10-13 01:03:12,506 - DEBUG - Marking up chromosome KI270748.1
2022-10-13 01:03:12,506 - WARNING - The .bam file refers to a chromosome 'KI270748.1+' not present in the annotation (.gtf) file
2022-10-13 01:03:12,506 - WARNING - The .bam file refers to a chromosome 'KI270748.1-' not present in the annotation (.gtf) file
2022-10-13 01:03:12,508 - DEBUG - Marking up chromosome KI270435.1
2022-10-13 01:03:12,508 - WARNING - The .bam file refers to a chromosome 'KI270435.1+' not present in the annotation (.gtf) file
2022-10-13 01:03:12,508 - WARNING - The .bam file refers to a chromosome 'KI270435.1-' not present in the annotation (.gtf) file
2022-10-13 01:03:12,508 - DEBUG - Marking up chromosome GL000208.1
2022-10-13 01:03:12,508 - WARNING - The .bam file refers to a chromosome 'GL000208.1+' not present in the annotation (.gtf) file
2022-10-13 01:03:12,508 - WARNING - The .bam file refers to a chromosome 'GL000208.1-' not present in the annotation (.gtf) file
2022-10-13 01:03:12,508 - DEBUG - Marking up chromosome KI270538.1
2022-10-13 01:03:12,508 - WARNING - The .bam file refers to a chromosome 'KI270538.1+' not present in the annotation (.gtf) file
2022-10-13 01:03:12,509 - WARNING - The .bam file refers to a chromosome 'KI270538.1-' not present in the annotation (.gtf) file
2022-10-13 01:03:12,509 - DEBUG - Marking up chromosome KI270757.1
2022-10-13 01:03:12,509 - WARNING - The .bam file refers to a chromosome 'KI270757.1+' not present in the annotation (.gtf) file
2022-10-13 01:03:12,509 - WARNING - The .bam file refers to a chromosome 'KI270757.1-' not present in the annotation (.gtf) file
2022-10-13 01:03:12,509 - DEBUG - Marking up chromosome KI270709.1
2022-10-13 01:03:12,509 - WARNING - The .bam file refers to a chromosome 'KI270709.1+' not present in the annotation (.gtf) file
2022-10-13 01:03:12,509 - WARNING - The .bam file refers to a chromosome 'KI270709.1-' not present in the annotation (.gtf) file
2022-10-13 01:03:12,511 - DEBUG - Marking up chromosome KI270746.1
2022-10-13 01:03:12,511 - WARNING - The .bam file refers to a chromosome 'KI270746.1+' not present in the annotation (.gtf) file
2022-10-13 01:03:12,511 - WARNING - The .bam file refers to a chromosome 'KI270746.1-' not present in the annotation (.gtf) file
2022-10-13 01:03:12,512 - DEBUG - Marking up chromosome KI270753.1
2022-10-13 01:03:12,512 - WARNING - The .bam file refers to a chromosome 'KI270753.1+' not present in the annotation (.gtf) file
2022-10-13 01:03:12,512 - WARNING - The .bam file refers to a chromosome 'KI270753.1-' not present in the annotation (.gtf) file
2022-10-13 01:03:12,512 - DEBUG - Marking up chromosome KI270589.1
2022-10-13 01:03:12,512 - WARNING - The .bam file refers to a chromosome 'KI270589.1+' not present in the annotation (.gtf) file
2022-10-13 01:03:12,512 - WARNING - The .bam file refers to a chromosome 'KI270589.1-' not present in the annotation (.gtf) file
2022-10-13 01:03:12,512 - DEBUG - Marking up chromosome KI270726.1
2022-10-13 01:03:12,512 - WARNING - The .bam file refers to a chromosome 'KI270726.1-' not present in the annotation (.gtf) file
2022-10-13 01:03:12,513 - DEBUG - Marking up chromosome KI270735.1
2022-10-13 01:03:12,513 - WARNING - The .bam file refers to a chromosome 'KI270735.1+' not present in the annotation (.gtf) file
2022-10-13 01:03:12,513 - WARNING - The .bam file refers to a chromosome 'KI270735.1-' not present in the annotation (.gtf) file
2022-10-13 01:03:12,513 - DEBUG - Marking up chromosome KI270711.1
2022-10-13 01:03:12,513 - WARNING - The .bam file refers to a chromosome 'KI270711.1+' not present in the annotation (.gtf) file
2022-10-13 01:03:12,555 - DEBUG - Marking up chromosome KI270745.1
2022-10-13 01:03:12,555 - WARNING - The .bam file refers to a chromosome 'KI270745.1+' not present in the annotation (.gtf) file
2022-10-13 01:03:12,555 - WARNING - The .bam file refers to a chromosome 'KI270745.1-' not present in the annotation (.gtf) file
2022-10-13 01:03:12,558 - DEBUG - Marking up chromosome KI270714.1
2022-10-13 01:03:12,558 - WARNING - The .bam file refers to a chromosome 'KI270714.1+' not present in the annotation (.gtf) file
2022-10-13 01:03:12,558 - WARNING - The .bam file refers to a chromosome 'KI270714.1-' not present in the annotation (.gtf) file
2022-10-13 01:03:12,561 - DEBUG - Marking up chromosome KI270732.1
2022-10-13 01:03:12,561 - WARNING - The .bam file refers to a chromosome 'KI270732.1+' not present in the annotation (.gtf) file
2022-10-13 01:03:12,561 - WARNING - The .bam file refers to a chromosome 'KI270732.1-' not present in the annotation (.gtf) file
2022-10-13 01:03:12,562 - DEBUG - Marking up chromosome KI270713.1
2022-10-13 01:03:12,575 - DEBUG - Marking up chromosome KI270754.1
2022-10-13 01:03:12,575 - WARNING - The .bam file refers to a chromosome 'KI270754.1+' not present in the annotation (.gtf) file
2022-10-13 01:03:12,575 - WARNING - The .bam file refers to a chromosome 'KI270754.1-' not present in the annotation (.gtf) file
2022-10-13 01:03:12,575 - DEBUG - Marking up chromosome KI270717.1
2022-10-13 01:03:12,575 - WARNING - The .bam file refers to a chromosome 'KI270717.1+' not present in the annotation (.gtf) file
2022-10-13 01:03:12,575 - WARNING - The .bam file refers to a chromosome 'KI270717.1-' not present in the annotation (.gtf) file
2022-10-13 01:03:12,579 - DEBUG - Marking up chromosome KI270720.1
2022-10-13 01:03:12,579 - WARNING - The .bam file refers to a chromosome 'KI270720.1+' not present in the annotation (.gtf) file
2022-10-13 01:03:12,579 - WARNING - The .bam file refers to a chromosome 'KI270720.1-' not present in the annotation (.gtf) file
2022-10-13 01:03:12,580 - DEBUG - Marking up chromosome KI270723.1
2022-10-13 01:03:12,580 - WARNING - The .bam file refers to a chromosome 'KI270723.1+' not present in the annotation (.gtf) file
2022-10-13 01:03:12,581 - WARNING - The .bam file refers to a chromosome 'KI270723.1-' not present in the annotation (.gtf) file
2022-10-13 01:03:12,582 - DEBUG - Marking up chromosome KI270718.1
2022-10-13 01:03:12,582 - WARNING - The .bam file refers to a chromosome 'KI270718.1+' not present in the annotation (.gtf) file
2022-10-13 01:03:12,582 - WARNING - The .bam file refers to a chromosome 'KI270718.1-' not present in the annotation (.gtf) file
2022-10-13 01:03:12,616 - DEBUG - Marking up chromosome KI270740.1
2022-10-13 01:03:12,616 - WARNING - The .bam file refers to a chromosome 'KI270740.1+' not present in the annotation (.gtf) file
2022-10-13 01:03:12,616 - WARNING - The .bam file refers to a chromosome 'KI270740.1-' not present in the annotation (.gtf) file
2022-10-13 01:03:12,616 - DEBUG - Marking up chromosome KI270755.1
2022-10-13 01:03:12,616 - WARNING - The .bam file refers to a chromosome 'KI270755.1+' not present in the annotation (.gtf) file
2022-10-13 01:03:12,616 - WARNING - The .bam file refers to a chromosome 'KI270755.1-' not present in the annotation (.gtf) file
2022-10-13 01:03:12,620 - DEBUG - Marking up chromosome KI270707.1
2022-10-13 01:03:12,620 - WARNING - The .bam file refers to a chromosome 'KI270707.1+' not present in the annotation (.gtf) file
2022-10-13 01:03:12,620 - WARNING - The .bam file refers to a chromosome 'KI270707.1-' not present in the annotation (.gtf) file
2022-10-13 01:03:12,624 - DEBUG - Marking up chromosome KI270512.1
2022-10-13 01:03:12,624 - WARNING - The .bam file refers to a chromosome 'KI270512.1+' not present in the annotation (.gtf) file
2022-10-13 01:03:12,624 - WARNING - The .bam file refers to a chromosome 'KI270512.1-' not present in the annotation (.gtf) file
2022-10-13 01:03:12,625 - DEBUG - Marking up chromosome KI270448.1
2022-10-13 01:03:12,625 - WARNING - The .bam file refers to a chromosome 'KI270448.1+' not present in the annotation (.gtf) file
2022-10-13 01:03:12,625 - WARNING - The .bam file refers to a chromosome 'KI270448.1-' not present in the annotation (.gtf) file
2022-10-13 01:03:12,625 - DEBUG - Marking up chromosome KI270515.1
2022-10-13 01:03:12,625 - WARNING - The .bam file refers to a chromosome 'KI270515.1+' not present in the annotation (.gtf) file
2022-10-13 01:03:12,625 - WARNING - The .bam file refers to a chromosome 'KI270515.1-' not present in the annotation (.gtf) file
2022-10-13 01:03:12,625 - DEBUG - Marking up chromosome KI270382.1
2022-10-13 01:03:12,625 - WARNING - The .bam file refers to a chromosome 'KI270382.1+' not present in the annotation (.gtf) file
2022-10-13 01:03:12,625 - WARNING - The .bam file refers to a chromosome 'KI270382.1-' not present in the annotation (.gtf) file
2022-10-13 01:03:12,625 - DEBUG - Marking up chromosome KI270467.1
2022-10-13 01:03:12,625 - WARNING - The .bam file refers to a chromosome 'KI270467.1+' not present in the annotation (.gtf) file
2022-10-13 01:03:12,625 - WARNING - The .bam file refers to a chromosome 'KI270467.1-' not present in the annotation (.gtf) file
2022-10-13 01:03:12,625 - DEBUG - Marking up chromosome KI270333.1
2022-10-13 01:03:12,625 - WARNING - The .bam file refers to a chromosome 'KI270333.1+' not present in the annotation (.gtf) file
2022-10-13 01:03:12,625 - WARNING - The .bam file refers to a chromosome 'KI270333.1-' not present in the annotation (.gtf) file
2022-10-13 01:03:12,625 - DEBUG - Marking up chromosome KI270509.1
2022-10-13 01:03:12,625 - WARNING - The .bam file refers to a chromosome 'KI270509.1+' not present in the annotation (.gtf) file
2022-10-13 01:03:12,625 - WARNING - The .bam file refers to a chromosome 'KI270509.1-' not present in the annotation (.gtf) file
2022-10-13 01:03:12,625 - DEBUG - Marking up chromosome KI270315.1
2022-10-13 01:03:12,625 - WARNING - The .bam file refers to a chromosome 'KI270315.1+' not present in the annotation (.gtf) file
2022-10-13 01:03:12,625 - WARNING - The .bam file refers to a chromosome 'KI270315.1-' not present in the annotation (.gtf) file
2022-10-13 01:03:12,625 - DEBUG - Marking up chromosome KI270303.1
2022-10-13 01:03:12,626 - WARNING - The .bam file refers to a chromosome 'KI270303.1+' not present in the annotation (.gtf) file
2022-10-13 01:03:12,626 - WARNING - The .bam file refers to a chromosome 'KI270303.1-' not present in the annotation (.gtf) file
2022-10-13 01:03:12,626 - DEBUG - Marking up chromosome KI270396.1
2022-10-13 01:03:12,626 - WARNING - The .bam file refers to a chromosome 'KI270396.1+' not present in the annotation (.gtf) file
2022-10-13 01:03:12,626 - WARNING - The .bam file refers to a chromosome 'KI270396.1-' not present in the annotation (.gtf) file
2022-10-13 01:03:12,626 - DEBUG - Marking up chromosome KI270330.1
2022-10-13 01:03:12,626 - WARNING - The .bam file refers to a chromosome 'KI270330.1+' not present in the annotation (.gtf) file
2022-10-13 01:03:12,626 - WARNING - The .bam file refers to a chromosome 'KI270330.1-' not present in the annotation (.gtf) file
2022-10-13 01:03:12,626 - DEBUG - Marking up chromosome KI270466.1
2022-10-13 01:03:12,626 - WARNING - The .bam file refers to a chromosome 'KI270466.1+' not present in the annotation (.gtf) file
2022-10-13 01:03:12,626 - WARNING - The .bam file refers to a chromosome 'KI270466.1-' not present in the annotation (.gtf) file
2022-10-13 01:03:15,812 - DEBUG - Read first 410 million reads
2022-10-13 01:03:30,064 - DEBUG - Read first 420 million reads
2022-10-13 01:03:38,108 - DEBUG - End of file. Reset index: start scanning from initial position.
2022-10-13 01:03:38,109 - DEBUG - 17949492 reads were skipped because no apropiate cell or umi barcode was found
2022-10-13 01:03:38,109 - DEBUG - Start molecule counting!
2022-10-13 01:03:41,938 - DEBUG - Features available for chromosomes : ['GL000009.2-', 'GL000194.1-', 'GL000195.1-', 'GL000195.1+', 'GL000205.2-', 'GL000213.1-', 'GL000218.1-', 'GL000219.1-', 'KI270711.1-', 'KI270713.1-', 'KI270713.1+', 'KI270721.1+', 'KI270726.1+', 'KI270727.1-', 'KI270727.1+', 'KI270728.1-', 'KI270728.1+', 'KI270731.1-', 'KI270734.1-', 'KI270734.1+', '1-', '1+', '10-', '10+', '11-', '11+', '12-', '12+', '13-', '13+', '14-', '14+', '15-', '15+', '16-', '16+', '17-', '17+', '18-', '18+', '19-', '19+', '2-', '2+', '20-', '20+', '21-', '21+', '22-', '22+', '3-', '3+', '4-', '4+', '5-', '5+', '6-', '6+', '7-', '7+', '8-', '8+', '9-', '9+', 'M-', 'M+', 'X-', 'X+', 'Y-', 'Y+']
2022-10-13 01:03:41,938 - DEBUG - Mask available for chromosomes : []
2022-10-13 01:03:41,938 - DEBUG - Summarizing the results of intron validation.
2022-10-13 01:03:42,744 - DEBUG - Validated 671390 introns (of which unique intervals 208816) out of 1106199 total possible introns (considering each possible transcript models).
2022-10-13 01:03:42,745 - DEBUG - Reading /storage/singlecell/zz4/fetal_bash/data/Retina_fetal/Multiome_16w4d_FR/outs/cellsorted_gex_possorted_bam.bam
2022-10-13 01:03:42,806 - DEBUG - Read first 0 million reads
2022-10-13 01:04:19,268 - DEBUG - Read first 10 million reads
2022-10-13 01:04:51,452 - DEBUG - Read first 20 million reads
2022-10-13 01:05:51,636 - DEBUG - Counting for batch 1, containing 100 cells and 4236017 reads
2022-10-13 01:08:04,432 - DEBUG - 0 reads not considered because fully enclosed in repeat masked regions
2022-10-13 01:08:58,296 - DEBUG - Read first 30 million reads
2022-10-13 01:09:44,217 - DEBUG - Counting for batch 2, containing 100 cells and 5938759 reads
2022-10-13 01:13:01,185 - DEBUG - 0 reads not considered because fully enclosed in repeat masked regions
2022-10-13 01:14:22,405 - DEBUG - Read first 40 million reads
2022-10-13 01:14:26,994 - DEBUG - Counting for batch 3, containing 100 cells and 4411394 reads
2022-10-13 01:16:47,240 - DEBUG - 0 reads not considered because fully enclosed in repeat masked regions
2022-10-13 01:18:12,085 - DEBUG - Counting for batch 4, containing 100 cells and 4674565 reads
2022-10-13 01:20:38,776 - DEBUG - 0 reads not considered because fully enclosed in repeat masked regions
2022-10-13 01:21:40,006 - DEBUG - Read first 50 million reads
2022-10-13 01:22:22,094 - DEBUG - Counting for batch 5, containing 100 cells and 5837941 reads
2022-10-13 01:25:31,114 - DEBUG - 0 reads not considered because fully enclosed in repeat masked regions
2022-10-13 01:26:55,423 - DEBUG - Read first 60 million reads
2022-10-13 01:27:07,219 - DEBUG - Counting for batch 6, containing 100 cells and 4639184 reads
2022-10-13 01:29:33,770 - DEBUG - 0 reads not considered because fully enclosed in repeat masked regions
2022-10-13 01:30:50,063 - DEBUG - Counting for batch 7, containing 100 cells and 4106899 reads
2022-10-13 01:33:04,977 - DEBUG - 0 reads not considered because fully enclosed in repeat masked regions
2022-10-13 01:33:56,751 - DEBUG - Read first 70 million reads
2022-10-13 01:34:21,690 - DEBUG - Counting for batch 8, containing 100 cells and 4695715 reads
2022-10-13 01:36:45,862 - DEBUG - 0 reads not considered because fully enclosed in repeat masked regions
2022-10-13 01:38:25,671 - DEBUG - Read first 80 million reads
2022-10-13 01:38:26,196 - DEBUG - Counting for batch 9, containing 100 cells and 5565204 reads
2022-10-13 01:41:16,505 - DEBUG - 0 reads not considered because fully enclosed in repeat masked regions
2022-10-13 01:42:59,000 - DEBUG - Counting for batch 10, containing 100 cells and 5194953 reads
2022-10-13 01:45:47,824 - DEBUG - 0 reads not considered because fully enclosed in repeat masked regions
2022-10-13 01:46:44,643 - DEBUG - Read first 90 million reads
2022-10-13 01:47:15,763 - DEBUG - Counting for batch 11, containing 100 cells and 4168552 reads
2022-10-13 01:49:24,902 - DEBUG - 0 reads not considered because fully enclosed in repeat masked regions
2022-10-13 01:50:36,406 - DEBUG - Counting for batch 12, containing 100 cells and 3975351 reads
2022-10-13 01:52:43,036 - DEBUG - 0 reads not considered because fully enclosed in repeat masked regions
2022-10-13 01:53:21,199 - DEBUG - Read first 100 million reads
2022-10-13 01:54:09,210 - DEBUG - Counting for batch 13, containing 100 cells and 5389255 reads
2022-10-13 01:56:54,420 - DEBUG - 0 reads not considered because fully enclosed in repeat masked regions
2022-10-13 01:57:59,255 - DEBUG - Read first 110 million reads
2022-10-13 01:58:21,917 - DEBUG - Counting for batch 14, containing 100 cells and 4384276 reads
2022-10-13 02:00:40,042 - DEBUG - 0 reads not considered because fully enclosed in repeat masked regions
2022-10-13 02:01:48,188 - DEBUG - Counting for batch 15, containing 100 cells and 4175480 reads
2022-10-13 02:04:00,911 - DEBUG - 0 reads not considered because fully enclosed in repeat masked regions
2022-10-13 02:04:47,824 - DEBUG - Read first 120 million reads
2022-10-13 02:05:33,570 - DEBUG - Counting for batch 16, containing 100 cells and 5613069 reads
2022-10-13 02:08:34,704 - DEBUG - 0 reads not considered because fully enclosed in repeat masked regions
2022-10-13 02:09:49,750 - DEBUG - Read first 130 million reads
2022-10-13 02:09:57,750 - DEBUG - Counting for batch 17, containing 100 cells and 4557644 reads
2022-10-13 02:12:17,134 - DEBUG - 0 reads not considered because fully enclosed in repeat masked regions
2022-10-13 02:13:46,610 - DEBUG - Counting for batch 18, containing 100 cells and 4101455 reads
2022-10-13 02:16:04,715 - DEBUG - 0 reads not considered because fully enclosed in repeat masked regions
2022-10-13 02:16:42,343 - DEBUG - Read first 140 million reads
2022-10-13 02:17:37,886 - DEBUG - Counting for batch 19, containing 100 cells and 5446671 reads
2022-10-13 02:20:25,484 - DEBUG - 0 reads not considered because fully enclosed in repeat masked regions
2022-10-13 02:21:39,420 - DEBUG - Read first 150 million reads
2022-10-13 02:22:07,941 - DEBUG - Counting for batch 20, containing 100 cells and 5023373 reads
2022-10-13 02:24:44,049 - DEBUG - 0 reads not considered because fully enclosed in repeat masked regions
2022-10-13 02:26:26,286 - DEBUG - Read first 160 million reads
2022-10-13 02:26:37,679 - DEBUG - Counting for batch 21, containing 100 cells and 6786503 reads
2022-10-13 02:30:18,287 - DEBUG - 0 reads not considered because fully enclosed in repeat masked regions
2022-10-13 02:32:12,132 - DEBUG - Counting for batch 22, containing 100 cells and 5159365 reads
2022-10-13 02:34:58,128 - DEBUG - 0 reads not considered because fully enclosed in repeat masked regions
2022-10-13 02:35:45,832 - DEBUG - Read first 170 million reads
2022-10-13 02:36:22,193 - DEBUG - Counting for batch 23, containing 100 cells and 4973138 reads
2022-10-13 02:39:00,922 - DEBUG - 0 reads not considered because fully enclosed in repeat masked regions
2022-10-13 02:40:23,098 - DEBUG - Read first 180 million reads
2022-10-13 02:41:05,356 - DEBUG - Counting for batch 24, containing 100 cells and 7666477 reads
2022-10-13 02:45:17,214 - DEBUG - 0 reads not considered because fully enclosed in repeat masked regions
2022-10-13 02:46:52,871 - DEBUG - Read first 190 million reads
2022-10-13 02:46:52,900 - DEBUG - Counting for batch 25, containing 100 cells and 4230558 reads
2022-10-13 02:49:15,422 - DEBUG - 0 reads not considered because fully enclosed in repeat masked regions
2022-10-13 02:50:39,033 - DEBUG - Counting for batch 26, containing 100 cells and 5128001 reads
2022-10-13 02:53:22,439 - DEBUG - 0 reads not considered because fully enclosed in repeat masked regions
2022-10-13 02:54:21,910 - DEBUG - Read first 200 million reads
2022-10-13 02:55:00,614 - DEBUG - Counting for batch 27, containing 100 cells and 5761213 reads
2022-10-13 02:57:59,775 - DEBUG - 0 reads not considered because fully enclosed in repeat masked regions
2022-10-13 02:59:24,058 - DEBUG - Read first 210 million reads
2022-10-13 02:59:28,538 - DEBUG - Counting for batch 28, containing 100 cells and 4614840 reads
2022-10-13 03:01:50,599 - DEBUG - 0 reads not considered because fully enclosed in repeat masked regions
2022-10-13 03:03:22,807 - DEBUG - Counting for batch 29, containing 100 cells and 5191698 reads
2022-10-13 03:06:00,756 - DEBUG - 0 reads not considered because fully enclosed in repeat masked regions
2022-10-13 03:07:02,833 - DEBUG - Read first 220 million reads
2022-10-13 03:07:40,800 - DEBUG - Counting for batch 30, containing 100 cells and 5613481 reads
2022-10-13 03:10:37,449 - DEBUG - 0 reads not considered because fully enclosed in repeat masked regions
2022-10-13 03:12:01,897 - DEBUG - Read first 230 million reads
2022-10-13 03:12:03,718 - DEBUG - Counting for batch 31, containing 100 cells and 4576073 reads
2022-10-13 03:14:30,847 - DEBUG - 0 reads not considered because fully enclosed in repeat masked regions
2022-10-13 03:15:57,750 - DEBUG - Counting for batch 32, containing 100 cells and 4967170 reads
2022-10-13 03:18:35,532 - DEBUG - 0 reads not considered because fully enclosed in repeat masked regions
2022-10-13 03:19:32,260 - DEBUG - Read first 240 million reads
2022-10-13 03:20:38,914 - DEBUG - Counting for batch 33, containing 100 cells and 8144917 reads
2022-10-13 03:25:02,932 - DEBUG - 0 reads not considered because fully enclosed in repeat masked regions
2022-10-13 03:26:23,174 - DEBUG - Read first 250 million reads
2022-10-13 03:26:49,020 - DEBUG - Counting for batch 34, containing 100 cells and 4274183 reads
2022-10-13 03:29:08,296 - DEBUG - 0 reads not considered because fully enclosed in repeat masked regions
2022-10-13 03:30:35,598 - DEBUG - Counting for batch 35, containing 100 cells and 4715538 reads
2022-10-13 03:33:16,838 - DEBUG - 0 reads not considered because fully enclosed in repeat masked regions
2022-10-13 03:34:01,258 - DEBUG - Read first 260 million reads
2022-10-13 03:34:54,257 - DEBUG - Counting for batch 36, containing 100 cells and 4467823 reads
2022-10-13 03:37:12,116 - DEBUG - 0 reads not considered because fully enclosed in repeat masked regions
2022-10-13 03:38:36,815 - DEBUG - Read first 270 million reads
2022-10-13 03:39:06,786 - DEBUG - Counting for batch 37, containing 100 cells and 5397367 reads
2022-10-13 03:41:57,772 - DEBUG - 0 reads not considered because fully enclosed in repeat masked regions
2022-10-13 03:43:40,341 - DEBUG - Read first 280 million reads
2022-10-13 03:43:51,759 - DEBUG - Counting for batch 38, containing 100 cells and 6242701 reads
2022-10-13 03:47:07,867 - DEBUG - 0 reads not considered because fully enclosed in repeat masked regions
2022-10-13 03:48:45,084 - DEBUG - Counting for batch 39, containing 100 cells and 3800329 reads
2022-10-13 03:50:46,343 - DEBUG - 0 reads not considered because fully enclosed in repeat masked regions
2022-10-13 03:51:30,899 - DEBUG - Read first 290 million reads
2022-10-13 03:52:01,066 - DEBUG - Counting for batch 40, containing 100 cells and 4712554 reads
2022-10-13 03:54:30,422 - DEBUG - 0 reads not considered because fully enclosed in repeat masked regions
2022-10-13 03:55:41,933 - DEBUG - Counting for batch 41, containing 100 cells and 3835826 reads
2022-10-13 03:57:46,751 - DEBUG - 0 reads not considered because fully enclosed in repeat masked regions
2022-10-13 03:58:24,588 - DEBUG - Read first 300 million reads
2022-10-13 03:59:08,543 - DEBUG - Counting for batch 42, containing 100 cells and 5071420 reads
2022-10-13 04:01:45,634 - DEBUG - 0 reads not considered because fully enclosed in repeat masked regions
2022-10-13 04:03:04,738 - DEBUG - Read first 310 million reads
2022-10-13 04:03:36,300 - DEBUG - Counting for batch 43, containing 100 cells and 6581170 reads
2022-10-13 04:07:05,560 - DEBUG - 0 reads not considered because fully enclosed in repeat masked regions
2022-10-13 04:08:48,880 - DEBUG - Read first 320 million reads
2022-10-13 04:08:59,754 - DEBUG - Counting for batch 44, containing 100 cells and 6073962 reads
2022-10-13 04:12:05,448 - DEBUG - 0 reads not considered because fully enclosed in repeat masked regions
2022-10-13 04:13:37,906 - DEBUG - Counting for batch 45, containing 100 cells and 3947424 reads
2022-10-13 04:15:45,099 - DEBUG - 0 reads not considered because fully enclosed in repeat masked regions
2022-10-13 04:16:29,773 - DEBUG - Read first 330 million reads
2022-10-13 04:17:08,862 - DEBUG - Counting for batch 46, containing 100 cells and 5233872 reads
2022-10-13 04:19:55,764 - DEBUG - 0 reads not considered because fully enclosed in repeat masked regions
2022-10-13 04:21:11,213 - DEBUG - Read first 340 million reads
2022-10-13 04:21:19,369 - DEBUG - Counting for batch 47, containing 100 cells and 4753076 reads
2022-10-13 04:23:52,504 - DEBUG - 0 reads not considered because fully enclosed in repeat masked regions
2022-10-13 04:25:23,779 - DEBUG - Counting for batch 48, containing 100 cells and 5336425 reads
2022-10-13 04:28:07,403 - DEBUG - 0 reads not considered because fully enclosed in repeat masked regions
2022-10-13 04:28:52,384 - DEBUG - Read first 350 million reads
2022-10-13 04:29:56,982 - DEBUG - Counting for batch 49, containing 100 cells and 5654350 reads
2022-10-13 04:33:00,682 - DEBUG - 0 reads not considered because fully enclosed in repeat masked regions
2022-10-13 04:34:01,778 - DEBUG - Read first 360 million reads
2022-10-13 04:35:02,133 - DEBUG - Counting for batch 50, containing 100 cells and 7861363 reads
2022-10-13 04:39:13,708 - DEBUG - 0 reads not considered because fully enclosed in repeat masked regions
2022-10-13 04:40:33,282 - DEBUG - Read first 370 million reads
2022-10-13 04:40:48,704 - DEBUG - Counting for batch 51, containing 100 cells and 4210934 reads
2022-10-13 04:43:07,371 - DEBUG - 0 reads not considered because fully enclosed in repeat masked regions
2022-10-13 04:44:30,722 - DEBUG - Counting for batch 52, containing 100 cells and 5212109 reads
2022-10-13 04:47:24,021 - DEBUG - 0 reads not considered because fully enclosed in repeat masked regions
2022-10-13 04:48:08,152 - DEBUG - Read first 380 million reads
2022-10-13 04:48:44,882 - DEBUG - Counting for batch 53, containing 100 cells and 4525332 reads
2022-10-13 04:51:14,715 - DEBUG - 0 reads not considered because fully enclosed in repeat masked regions
2022-10-13 04:52:23,476 - DEBUG - Read first 390 million reads
2022-10-13 04:52:37,935 - DEBUG - Counting for batch 54, containing 100 cells and 4944600 reads
2022-10-13 04:55:21,637 - DEBUG - 0 reads not considered because fully enclosed in repeat masked regions
2022-10-13 04:57:08,025 - DEBUG - Counting for batch 55, containing 100 cells and 6675929 reads
2022-10-13 05:00:45,330 - DEBUG - 0 reads not considered because fully enclosed in repeat masked regions
2022-10-13 05:01:32,544 - DEBUG - Read first 400 million reads
2022-10-13 05:02:12,001 - DEBUG - Counting for batch 56, containing 100 cells and 4024293 reads
2022-10-13 05:04:17,728 - DEBUG - 0 reads not considered because fully enclosed in repeat masked regions
2022-10-13 05:05:25,255 - DEBUG - Read first 410 million reads
2022-10-13 05:05:48,290 - DEBUG - Counting for batch 57, containing 100 cells and 5458059 reads
2022-10-13 05:08:43,452 - DEBUG - 0 reads not considered because fully enclosed in repeat masked regions
2022-10-13 05:10:00,345 - DEBUG - Counting for batch 58, containing 100 cells and 3912996 reads
2022-10-13 05:12:01,608 - DEBUG - 0 reads not considered because fully enclosed in repeat masked regions
2022-10-13 05:12:45,325 - DEBUG - Read first 420 million reads
2022-10-13 05:13:25,256 - DEBUG - Counting for batch 59, containing 100 cells and 4721158 reads
2022-10-13 05:15:47,317 - DEBUG - 0 reads not considered because fully enclosed in repeat masked regions
2022-10-13 05:16:29,458 - DEBUG - Counting for batch 60, containing 32 cells and 1006572 reads
2022-10-13 05:17:01,081 - DEBUG - 0 reads not considered because fully enclosed in repeat masked regions
2022-10-13 05:17:07,293 - DEBUG - 17949492 reads were skipped because no apropiate cell or umi barcode was found
2022-10-13 05:17:07,293 - DEBUG - Counting done!
2022-10-13 05:17:07,346 - DEBUG - Generating output file /storage/singlecell/zz4/fetal_bash/results/RNA_velocity/Multiome_16w4d_FR/Multiome_16w4d_FR.loom
2022-10-13 05:17:07,346 - DEBUG - Collecting row attributes
2022-10-13 05:17:07,528 - DEBUG - Generating data table
2022-10-13 05:17:10,379 - DEBUG - Writing loom file
2022-10-13 05:17:15,826 - DEBUG - Creating converter from 5 to 3
2022-10-13 05:17:16,045 - DEBUG - Creating converter from 3 to 5
2022-10-13 05:17:34,733 - DEBUG - Terminated Succesfully!
ended at Thu Oct 13 05:17:38 CDT 2022 on mhgcp-g00.grid.bcm.edu. Time elapsed: 05:41:07
