starting at Thu Oct 13 00:03:21 CDT 2022 on mhgcp-g00.grid.bcm.edu
SLURM_JOBID=624170
2022-10-13 00:03:28,177 - DEBUG - Using logic: Default
2022-10-13 00:03:28,204 - INFO - Read 6461 cell barcodes from /storage/singlecell/zz4/fetal_bash/data/Retina_fetal/Multiome_23w4d_FR/outs/filtered_feature_bc_matrix/barcodes.tsv.gz
2022-10-13 00:03:28,204 - DEBUG - Example of barcode: AAACAGCCATAAGGAC and cell_id: Multiome_23w4d_FR:AAACAGCCATAAGGAC-1
2022-10-13 00:03:28,225 - DEBUG - Peeking into /storage/singlecell/zz4/fetal_bash/data/Retina_fetal/Multiome_23w4d_FR/outs/gex_possorted_bam.bam
2022-10-13 00:03:28,408 - WARNING - Not found cell and umi barcode in entry 2 of the bam file
2022-10-13 00:03:28,409 - WARNING - Not found cell and umi barcode in entry 6 of the bam file
2022-10-13 00:03:28,409 - WARNING - Not found cell and umi barcode in entry 10 of the bam file
2022-10-13 00:03:28,409 - WARNING - Not found cell and umi barcode in entry 31 of the bam file
2022-10-13 00:03:28,409 - WARNING - Not found cell and umi barcode in entry 32 of the bam file
2022-10-13 00:03:28,409 - WARNING - Not found cell and umi barcode in entry 33 of the bam file
2022-10-13 00:03:28,409 - WARNING - Not found cell and umi barcode in entry 34 of the bam file
2022-10-13 00:03:28,409 - WARNING - Not found cell and umi barcode in entry 35 of the bam file
2022-10-13 00:03:28,409 - WARNING - Not found cell and umi barcode in entry 36 of the bam file
2022-10-13 00:03:28,409 - WARNING - Not found cell and umi barcode in entry 37 of the bam file
2022-10-13 00:03:28,409 - WARNING - Not found cell and umi barcode in entry 40 of the bam file
2022-10-13 00:03:28,409 - WARNING - Not found cell and umi barcode in entry 41 of the bam file
2022-10-13 00:03:28,409 - WARNING - Not found cell and umi barcode in entry 42 of the bam file
2022-10-13 00:03:28,409 - WARNING - Not found cell and umi barcode in entry 43 of the bam file
2022-10-13 00:03:28,409 - WARNING - Not found cell and umi barcode in entry 46 of the bam file
2022-10-13 00:03:28,409 - WARNING - Not found cell and umi barcode in entry 47 of the bam file
2022-10-13 00:03:28,409 - WARNING - Not found cell and umi barcode in entry 75 of the bam file
2022-10-13 00:03:28,410 - WARNING - Not found cell and umi barcode in entry 205 of the bam file
2022-10-13 00:03:28,410 - WARNING - Not found cell and umi barcode in entry 249 of the bam file
2022-10-13 00:03:28,410 - WARNING - Not found cell and umi barcode in entry 252 of the bam file
2022-10-13 00:03:28,410 - WARNING - Not found cell and umi barcode in entry 255 of the bam file
2022-10-13 00:03:28,410 - WARNING - Not found cell and umi barcode in entry 265 of the bam file
2022-10-13 00:03:28,410 - WARNING - Not found cell and umi barcode in entry 273 of the bam file
2022-10-13 00:03:28,410 - WARNING - Not found cell and umi barcode in entry 275 of the bam file
2022-10-13 00:03:28,410 - WARNING - Not found cell and umi barcode in entry 293 of the bam file
2022-10-13 00:03:28,410 - WARNING - Not found cell and umi barcode in entry 300 of the bam file
2022-10-13 00:03:28,410 - WARNING - Not found cell and umi barcode in entry 301 of the bam file
2022-10-13 00:03:28,410 - WARNING - Not found cell and umi barcode in entry 304 of the bam file
2022-10-13 00:03:28,410 - WARNING - Not found cell and umi barcode in entry 316 of the bam file
2022-10-13 00:03:28,410 - WARNING - Not found cell and umi barcode in entry 318 of the bam file
2022-10-13 00:03:28,410 - WARNING - Not found cell and umi barcode in entry 372 of the bam file
2022-10-13 00:03:28,411 - WARNING - Not found cell and umi barcode in entry 568 of the bam file
2022-10-13 00:03:28,411 - WARNING - Not found cell and umi barcode in entry 572 of the bam file
2022-10-13 00:03:28,411 - WARNING - Not found cell and umi barcode in entry 578 of the bam file
2022-10-13 00:03:28,411 - WARNING - Not found cell and umi barcode in entry 589 of the bam file
2022-10-13 00:03:28,411 - WARNING - Not found cell and umi barcode in entry 598 of the bam file
2022-10-13 00:03:28,411 - WARNING - Not found cell and umi barcode in entry 627 of the bam file
2022-10-13 00:03:28,411 - WARNING - Not found cell and umi barcode in entry 634 of the bam file
2022-10-13 00:03:28,411 - WARNING - Not found cell and umi barcode in entry 696 of the bam file
2022-10-13 00:03:28,411 - WARNING - Not found cell and umi barcode in entry 790 of the bam file
2022-10-13 00:03:28,412 - WARNING - Not found cell and umi barcode in entry 829 of the bam file
2022-10-13 00:03:28,412 - WARNING - Not found cell and umi barcode in entry 844 of the bam file
2022-10-13 00:03:28,412 - WARNING - Not found cell and umi barcode in entry 851 of the bam file
2022-10-13 00:03:28,412 - WARNING - Not found cell and umi barcode in entry 876 of the bam file
2022-10-13 00:03:28,412 - WARNING - Not found cell and umi barcode in entry 996 of the bam file
2022-10-13 00:03:28,412 - WARNING - Not found cell and umi barcode in entry 1033 of the bam file
2022-10-13 00:03:28,412 - WARNING - Not found cell and umi barcode in entry 1034 of the bam file
2022-10-13 00:03:28,419 - WARNING - The file /storage/singlecell/zz4/fetal_bash/data/Retina_fetal/Multiome_23w4d_FR/outs/cellsorted_gex_possorted_bam.bam already exists. The sorting step will be skipped and the existing file will be used.
2022-10-13 00:03:28,419 - INFO - Load the annotation from /storage/singlecell/zz4/Reference/refdata-cellranger-arc-GRCh38-2020-A/genes/genes.gtf
2022-10-13 00:03:38,122 - DEBUG - Parsing Chromosome GL000009.2 strand - [line 0]
2022-10-13 00:03:38,122 - DEBUG - Done with GL000009.2- [line 7]
2022-10-13 00:03:38,123 - DEBUG - Assigning indexes to genes
2022-10-13 00:03:38,123 - DEBUG - Seen 1 genes until now
2022-10-13 00:03:38,123 - DEBUG - Parsing Chromosome GL000194.1 strand - [line 8]
2022-10-13 00:03:38,123 - DEBUG - Done with GL000194.1- [line 33]
2022-10-13 00:03:38,123 - DEBUG - Assigning indexes to genes
2022-10-13 00:03:38,123 - DEBUG - Seen 3 genes until now
2022-10-13 00:03:38,123 - DEBUG - Parsing Chromosome GL000195.1 strand - [line 34]
2022-10-13 00:03:38,123 - DEBUG - Done with GL000195.1- [line 43]
2022-10-13 00:03:38,123 - DEBUG - Assigning indexes to genes
2022-10-13 00:03:38,123 - DEBUG - Seen 4 genes until now
2022-10-13 00:03:38,123 - DEBUG - Parsing Chromosome GL000195.1 strand + [line 44]
2022-10-13 00:03:38,123 - DEBUG - Done with GL000195.1+ [line 57]
2022-10-13 00:03:38,123 - DEBUG - Assigning indexes to genes
2022-10-13 00:03:38,123 - DEBUG - Seen 5 genes until now
2022-10-13 00:03:38,123 - DEBUG - Parsing Chromosome GL000205.2 strand - [line 58]
2022-10-13 00:03:38,123 - DEBUG - Done with GL000205.2- [line 71]
2022-10-13 00:03:38,123 - DEBUG - Assigning indexes to genes
2022-10-13 00:03:38,123 - DEBUG - Seen 6 genes until now
2022-10-13 00:03:38,123 - DEBUG - Parsing Chromosome GL000213.1 strand - [line 72]
2022-10-13 00:03:38,124 - DEBUG - Done with GL000213.1- [line 120]
2022-10-13 00:03:38,124 - DEBUG - Assigning indexes to genes
2022-10-13 00:03:38,124 - DEBUG - Seen 7 genes until now
2022-10-13 00:03:38,124 - DEBUG - Parsing Chromosome GL000218.1 strand - [line 121]
2022-10-13 00:03:38,124 - DEBUG - Done with GL000218.1- [line 128]
2022-10-13 00:03:38,124 - DEBUG - Assigning indexes to genes
2022-10-13 00:03:38,124 - DEBUG - Seen 8 genes until now
2022-10-13 00:03:38,124 - DEBUG - Parsing Chromosome GL000219.1 strand - [line 129]
2022-10-13 00:03:38,124 - DEBUG - Done with GL000219.1- [line 141]
2022-10-13 00:03:38,124 - DEBUG - Assigning indexes to genes
2022-10-13 00:03:38,124 - DEBUG - Seen 9 genes until now
2022-10-13 00:03:38,124 - DEBUG - Parsing Chromosome KI270711.1 strand - [line 142]
2022-10-13 00:03:38,125 - DEBUG - Done with KI270711.1- [line 292]
2022-10-13 00:03:38,125 - DEBUG - Assigning indexes to genes
2022-10-13 00:03:38,125 - DEBUG - Seen 10 genes until now
2022-10-13 00:03:38,125 - DEBUG - Parsing Chromosome KI270713.1 strand - [line 293]
2022-10-13 00:03:38,125 - DEBUG - Done with KI270713.1- [line 300]
2022-10-13 00:03:38,125 - DEBUG - Assigning indexes to genes
2022-10-13 00:03:38,125 - DEBUG - Seen 11 genes until now
2022-10-13 00:03:38,125 - DEBUG - Parsing Chromosome KI270713.1 strand + [line 301]
2022-10-13 00:03:38,125 - DEBUG - Done with KI270713.1+ [line 307]
2022-10-13 00:03:38,125 - DEBUG - Assigning indexes to genes
2022-10-13 00:03:38,125 - DEBUG - Seen 12 genes until now
2022-10-13 00:03:38,125 - DEBUG - Parsing Chromosome KI270721.1 strand + [line 308]
2022-10-13 00:03:38,125 - DEBUG - Done with KI270721.1+ [line 323]
2022-10-13 00:03:38,125 - DEBUG - Assigning indexes to genes
2022-10-13 00:03:38,125 - DEBUG - Seen 13 genes until now
2022-10-13 00:03:38,125 - DEBUG - Parsing Chromosome KI270726.1 strand + [line 324]
2022-10-13 00:03:38,125 - DEBUG - Done with KI270726.1+ [line 334]
2022-10-13 00:03:38,125 - DEBUG - Assigning indexes to genes
2022-10-13 00:03:38,125 - DEBUG - Seen 15 genes until now
2022-10-13 00:03:38,125 - DEBUG - Parsing Chromosome KI270727.1 strand - [line 335]
2022-10-13 00:03:38,125 - DEBUG - Done with KI270727.1- [line 394]
2022-10-13 00:03:38,125 - DEBUG - Assigning indexes to genes
2022-10-13 00:03:38,126 - DEBUG - Seen 17 genes until now
2022-10-13 00:03:38,126 - DEBUG - Parsing Chromosome KI270727.1 strand + [line 395]
2022-10-13 00:03:38,126 - DEBUG - Done with KI270727.1+ [line 409]
2022-10-13 00:03:38,126 - DEBUG - Assigning indexes to genes
2022-10-13 00:03:38,126 - DEBUG - Seen 19 genes until now
2022-10-13 00:03:38,126 - DEBUG - Parsing Chromosome KI270728.1 strand - [line 410]
2022-10-13 00:03:38,126 - DEBUG - Done with KI270728.1- [line 486]
2022-10-13 00:03:38,126 - DEBUG - Assigning indexes to genes
2022-10-13 00:03:38,126 - DEBUG - Seen 21 genes until now
2022-10-13 00:03:38,126 - DEBUG - Parsing Chromosome KI270728.1 strand + [line 487]
2022-10-13 00:03:38,126 - DEBUG - Done with KI270728.1+ [line 523]
2022-10-13 00:03:38,126 - DEBUG - Assigning indexes to genes
2022-10-13 00:03:38,126 - DEBUG - Seen 25 genes until now
2022-10-13 00:03:38,126 - DEBUG - Parsing Chromosome KI270731.1 strand - [line 524]
2022-10-13 00:03:38,126 - DEBUG - Done with KI270731.1- [line 530]
2022-10-13 00:03:38,127 - DEBUG - Assigning indexes to genes
2022-10-13 00:03:38,127 - DEBUG - Seen 26 genes until now
2022-10-13 00:03:38,127 - DEBUG - Parsing Chromosome KI270734.1 strand - [line 531]
2022-10-13 00:03:38,127 - DEBUG - Done with KI270734.1- [line 599]
2022-10-13 00:03:38,127 - DEBUG - Assigning indexes to genes
2022-10-13 00:03:38,127 - DEBUG - Seen 27 genes until now
2022-10-13 00:03:38,127 - DEBUG - Parsing Chromosome KI270734.1 strand + [line 600]
2022-10-13 00:03:38,127 - DEBUG - Done with KI270734.1+ [line 622]
2022-10-13 00:03:38,127 - DEBUG - Assigning indexes to genes
2022-10-13 00:03:38,127 - DEBUG - Seen 29 genes until now
2022-10-13 00:03:38,127 - DEBUG - Parsing Chromosome 1 strand - [line 623]
2022-10-13 00:03:38,918 - DEBUG - Done with 1- [line 118876]
2022-10-13 00:03:38,918 - DEBUG - Assigning indexes to genes
2022-10-13 00:03:38,932 - DEBUG - Seen 1711 genes until now
2022-10-13 00:03:38,932 - DEBUG - Parsing Chromosome 1 strand + [line 118877]
2022-10-13 00:03:40,155 - DEBUG - Done with 1+ [line 253796]
2022-10-13 00:03:40,156 - DEBUG - Assigning indexes to genes
2022-10-13 00:03:40,172 - DEBUG - Seen 3439 genes until now
2022-10-13 00:03:40,172 - DEBUG - Parsing Chromosome 10 strand - [line 253797]
2022-10-13 00:03:40,408 - DEBUG - Done with 10- [line 304078]
2022-10-13 00:03:40,408 - DEBUG - Assigning indexes to genes
2022-10-13 00:03:40,415 - DEBUG - Seen 4100 genes until now
2022-10-13 00:03:40,415 - DEBUG - Parsing Chromosome 10 strand + [line 304079]
2022-10-13 00:03:40,995 - DEBUG - Done with 10+ [line 356023]
2022-10-13 00:03:40,995 - DEBUG - Assigning indexes to genes
2022-10-13 00:03:41,003 - DEBUG - Seen 4833 genes until now
2022-10-13 00:03:41,003 - DEBUG - Parsing Chromosome 11 strand - [line 356024]
2022-10-13 00:03:41,375 - DEBUG - Done with 11- [line 438038]
2022-10-13 00:03:41,375 - DEBUG - Assigning indexes to genes
2022-10-13 00:03:41,384 - DEBUG - Seen 5833 genes until now
2022-10-13 00:03:41,384 - DEBUG - Parsing Chromosome 11 strand + [line 438039]
2022-10-13 00:03:42,353 - DEBUG - Done with 11+ [line 521163]
2022-10-13 00:03:42,353 - DEBUG - Assigning indexes to genes
2022-10-13 00:03:42,362 - DEBUG - Seen 6898 genes until now
2022-10-13 00:03:42,362 - DEBUG - Parsing Chromosome 12 strand - [line 521164]
2022-10-13 00:03:42,739 - DEBUG - Done with 12- [line 601582]
2022-10-13 00:03:42,739 - DEBUG - Assigning indexes to genes
2022-10-13 00:03:42,751 - DEBUG - Seen 7848 genes until now
2022-10-13 00:03:42,752 - DEBUG - Parsing Chromosome 12 strand + [line 601583]
2022-10-13 00:03:43,113 - DEBUG - Done with 12+ [line 681983]
2022-10-13 00:03:43,113 - DEBUG - Assigning indexes to genes
2022-10-13 00:03:43,124 - DEBUG - Seen 8826 genes until now
2022-10-13 00:03:43,124 - DEBUG - Parsing Chromosome 13 strand - [line 681984]
2022-10-13 00:03:43,632 - DEBUG - Done with 13- [line 702449]
2022-10-13 00:03:43,633 - DEBUG - Assigning indexes to genes
2022-10-13 00:03:43,635 - DEBUG - Seen 9225 genes until now
2022-10-13 00:03:43,635 - DEBUG - Parsing Chromosome 13 strand + [line 702450]
2022-10-13 00:03:43,747 - DEBUG - Done with 13+ [line 726349]
2022-10-13 00:03:43,747 - DEBUG - Assigning indexes to genes
2022-10-13 00:03:43,750 - DEBUG - Seen 9614 genes until now
2022-10-13 00:03:43,750 - DEBUG - Parsing Chromosome 14 strand - [line 726350]
2022-10-13 00:03:43,951 - DEBUG - Done with 14- [line 770987]
2022-10-13 00:03:43,951 - DEBUG - Assigning indexes to genes
2022-10-13 00:03:43,956 - DEBUG - Seen 10373 genes until now
2022-10-13 00:03:43,956 - DEBUG - Parsing Chromosome 14 strand + [line 770988]
2022-10-13 00:03:44,191 - DEBUG - Done with 14+ [line 822908]
2022-10-13 00:03:44,191 - DEBUG - Assigning indexes to genes
2022-10-13 00:03:44,198 - DEBUG - Seen 11088 genes until now
2022-10-13 00:03:44,198 - DEBUG - Parsing Chromosome 15 strand - [line 822909]
2022-10-13 00:03:44,436 - DEBUG - Done with 15- [line 873715]
2022-10-13 00:03:44,437 - DEBUG - Assigning indexes to genes
2022-10-13 00:03:44,444 - DEBUG - Seen 11734 genes until now
2022-10-13 00:03:44,444 - DEBUG - Parsing Chromosome 15 strand + [line 873716]
2022-10-13 00:03:45,156 - DEBUG - Done with 15+ [line 923824]
2022-10-13 00:03:45,157 - DEBUG - Assigning indexes to genes
2022-10-13 00:03:45,165 - DEBUG - Seen 12355 genes until now
2022-10-13 00:03:45,165 - DEBUG - Parsing Chromosome 16 strand - [line 923825]
2022-10-13 00:03:45,417 - DEBUG - Done with 16- [line 979238]
2022-10-13 00:03:45,417 - DEBUG - Assigning indexes to genes
2022-10-13 00:03:45,424 - DEBUG - Seen 13151 genes until now
2022-10-13 00:03:45,425 - DEBUG - Parsing Chromosome 16 strand + [line 979239]
2022-10-13 00:03:45,747 - DEBUG - Done with 16+ [line 1052152]
2022-10-13 00:03:45,747 - DEBUG - Assigning indexes to genes
2022-10-13 00:03:45,754 - DEBUG - Seen 14004 genes until now
2022-10-13 00:03:45,755 - DEBUG - Parsing Chromosome 17 strand - [line 1052153]
2022-10-13 00:03:46,120 - DEBUG - Done with 17- [line 1140008]
2022-10-13 00:03:46,120 - DEBUG - Assigning indexes to genes
2022-10-13 00:03:46,130 - DEBUG - Seen 15039 genes until now
2022-10-13 00:03:46,130 - DEBUG - Parsing Chromosome 17 strand + [line 1140009]
2022-10-13 00:03:46,989 - DEBUG - Done with 17+ [line 1219447]
2022-10-13 00:03:46,989 - DEBUG - Assigning indexes to genes
2022-10-13 00:03:46,998 - DEBUG - Seen 15996 genes until now
2022-10-13 00:03:46,998 - DEBUG - Parsing Chromosome 18 strand - [line 1219448]
2022-10-13 00:03:47,114 - DEBUG - Done with 18- [line 1246083]
2022-10-13 00:03:47,114 - DEBUG - Assigning indexes to genes
2022-10-13 00:03:47,118 - DEBUG - Seen 16371 genes until now
2022-10-13 00:03:47,118 - DEBUG - Parsing Chromosome 18 strand + [line 1246084]
2022-10-13 00:03:47,221 - DEBUG - Done with 18+ [line 1269821]
2022-10-13 00:03:47,221 - DEBUG - Assigning indexes to genes
2022-10-13 00:03:47,225 - DEBUG - Seen 16777 genes until now
2022-10-13 00:03:47,225 - DEBUG - Parsing Chromosome 19 strand - [line 1269822]
2022-10-13 00:03:47,566 - DEBUG - Done with 19- [line 1350736]
2022-10-13 00:03:47,566 - DEBUG - Assigning indexes to genes
2022-10-13 00:03:47,578 - DEBUG - Seen 17790 genes until now
2022-10-13 00:03:47,578 - DEBUG - Parsing Chromosome 19 strand + [line 1350737]
2022-10-13 00:03:47,927 - DEBUG - Done with 19+ [line 1435648]
2022-10-13 00:03:47,927 - DEBUG - Assigning indexes to genes
2022-10-13 00:03:47,937 - DEBUG - Seen 18804 genes until now
2022-10-13 00:03:47,937 - DEBUG - Parsing Chromosome 2 strand - [line 1435649]
2022-10-13 00:03:48,423 - DEBUG - Done with 2- [line 1542996]
2022-10-13 00:03:48,423 - DEBUG - Assigning indexes to genes
2022-10-13 00:03:48,435 - DEBUG - Seen 20037 genes until now
2022-10-13 00:03:48,435 - DEBUG - Parsing Chromosome 2 strand + [line 1542997]
2022-10-13 00:03:49,564 - DEBUG - Done with 2+ [line 1642863]
2022-10-13 00:03:49,564 - DEBUG - Assigning indexes to genes
2022-10-13 00:03:49,579 - DEBUG - Seen 21345 genes until now
2022-10-13 00:03:49,580 - DEBUG - Parsing Chromosome 20 strand - [line 1642864]
2022-10-13 00:03:49,717 - DEBUG - Done with 20- [line 1672442]
2022-10-13 00:03:49,717 - DEBUG - Assigning indexes to genes
2022-10-13 00:03:49,720 - DEBUG - Seen 21828 genes until now
2022-10-13 00:03:49,720 - DEBUG - Parsing Chromosome 20 strand + [line 1672443]
2022-10-13 00:03:49,881 - DEBUG - Done with 20+ [line 1707817]
2022-10-13 00:03:49,881 - DEBUG - Assigning indexes to genes
2022-10-13 00:03:49,888 - DEBUG - Seen 22309 genes until now
2022-10-13 00:03:49,888 - DEBUG - Parsing Chromosome 21 strand - [line 1707818]
2022-10-13 00:03:49,960 - DEBUG - Done with 21- [line 1722798]
2022-10-13 00:03:49,961 - DEBUG - Assigning indexes to genes
2022-10-13 00:03:49,963 - DEBUG - Seen 22596 genes until now
2022-10-13 00:03:49,963 - DEBUG - Parsing Chromosome 21 strand + [line 1722799]
2022-10-13 00:03:50,039 - DEBUG - Done with 21+ [line 1738981]
2022-10-13 00:03:50,039 - DEBUG - Assigning indexes to genes
2022-10-13 00:03:50,041 - DEBUG - Seen 22864 genes until now
2022-10-13 00:03:50,041 - DEBUG - Parsing Chromosome 22 strand - [line 1738982]
2022-10-13 00:03:50,157 - DEBUG - Done with 22- [line 1765357]
2022-10-13 00:03:50,157 - DEBUG - Assigning indexes to genes
2022-10-13 00:03:50,160 - DEBUG - Seen 23260 genes until now
2022-10-13 00:03:50,160 - DEBUG - Parsing Chromosome 22 strand + [line 1765358]
2022-10-13 00:03:50,305 - DEBUG - Done with 22+ [line 1797598]
2022-10-13 00:03:50,305 - DEBUG - Assigning indexes to genes
2022-10-13 00:03:50,308 - DEBUG - Seen 23765 genes until now
2022-10-13 00:03:50,308 - DEBUG - Parsing Chromosome 3 strand - [line 1797599]
2022-10-13 00:03:50,731 - DEBUG - Done with 3- [line 1887377]
2022-10-13 00:03:50,732 - DEBUG - Assigning indexes to genes
2022-10-13 00:03:50,746 - DEBUG - Seen 24693 genes until now
2022-10-13 00:03:50,746 - DEBUG - Parsing Chromosome 3 strand + [line 1887378]
2022-10-13 00:03:51,168 - DEBUG - Done with 3+ [line 1977011]
2022-10-13 00:03:51,169 - DEBUG - Assigning indexes to genes
2022-10-13 00:03:51,181 - DEBUG - Seen 25658 genes until now
2022-10-13 00:03:51,181 - DEBUG - Parsing Chromosome 4 strand - [line 1977012]
2022-10-13 00:03:52,177 - DEBUG - Done with 4- [line 2034238]
2022-10-13 00:03:52,177 - DEBUG - Assigning indexes to genes
2022-10-13 00:03:52,184 - DEBUG - Seen 26401 genes until now
2022-10-13 00:03:52,185 - DEBUG - Parsing Chromosome 4 strand + [line 2034239]
2022-10-13 00:03:52,462 - DEBUG - Done with 4+ [line 2094594]
2022-10-13 00:03:52,462 - DEBUG - Assigning indexes to genes
2022-10-13 00:03:52,472 - DEBUG - Seen 27191 genes until now
2022-10-13 00:03:52,472 - DEBUG - Parsing Chromosome 5 strand - [line 2094595]
2022-10-13 00:03:52,728 - DEBUG - Done with 5- [line 2152660]
2022-10-13 00:03:52,728 - DEBUG - Assigning indexes to genes
2022-10-13 00:03:52,739 - DEBUG - Seen 28071 genes until now
2022-10-13 00:03:52,739 - DEBUG - Parsing Chromosome 5 strand + [line 2152661]
2022-10-13 00:03:53,027 - DEBUG - Done with 5+ [line 2218657]
2022-10-13 00:03:53,027 - DEBUG - Assigning indexes to genes
2022-10-13 00:03:53,039 - DEBUG - Seen 29002 genes until now
2022-10-13 00:03:53,039 - DEBUG - Parsing Chromosome 6 strand - [line 2218658]
2022-10-13 00:03:53,337 - DEBUG - Done with 6- [line 2284937]
2022-10-13 00:03:53,337 - DEBUG - Assigning indexes to genes
2022-10-13 00:03:53,345 - DEBUG - Seen 29928 genes until now
2022-10-13 00:03:53,345 - DEBUG - Parsing Chromosome 6 strand + [line 2284938]
2022-10-13 00:03:53,600 - DEBUG - Done with 6+ [line 2345240]
2022-10-13 00:03:53,601 - DEBUG - Assigning indexes to genes
2022-10-13 00:03:53,608 - DEBUG - Seen 30829 genes until now
2022-10-13 00:03:53,608 - DEBUG - Parsing Chromosome 7 strand - [line 2345241]
2022-10-13 00:03:53,887 - DEBUG - Done with 7- [line 2406845]
2022-10-13 00:03:53,887 - DEBUG - Assigning indexes to genes
2022-10-13 00:03:53,894 - DEBUG - Seen 31621 genes until now
2022-10-13 00:03:53,894 - DEBUG - Parsing Chromosome 7 strand + [line 2406846]
2022-10-13 00:03:54,197 - DEBUG - Done with 7+ [line 2476014]
2022-10-13 00:03:54,197 - DEBUG - Assigning indexes to genes
2022-10-13 00:03:54,205 - DEBUG - Seen 32515 genes until now
2022-10-13 00:03:54,205 - DEBUG - Parsing Chromosome 8 strand - [line 2476015]
2022-10-13 00:03:54,442 - DEBUG - Done with 8- [line 2527366]
2022-10-13 00:03:54,442 - DEBUG - Assigning indexes to genes
2022-10-13 00:03:54,452 - DEBUG - Seen 33270 genes until now
2022-10-13 00:03:54,452 - DEBUG - Parsing Chromosome 8 strand + [line 2527367]
2022-10-13 00:03:55,703 - DEBUG - Done with 8+ [line 2577021]
2022-10-13 00:03:55,703 - DEBUG - Assigning indexes to genes
2022-10-13 00:03:55,712 - DEBUG - Seen 34010 genes until now
2022-10-13 00:03:55,712 - DEBUG - Parsing Chromosome 9 strand - [line 2577022]
2022-10-13 00:03:55,919 - DEBUG - Done with 9- [line 2622811]
2022-10-13 00:03:55,919 - DEBUG - Assigning indexes to genes
2022-10-13 00:03:55,925 - DEBUG - Seen 34681 genes until now
2022-10-13 00:03:55,925 - DEBUG - Parsing Chromosome 9 strand + [line 2622812]
2022-10-13 00:03:56,148 - DEBUG - Done with 9+ [line 2672374]
2022-10-13 00:03:56,148 - DEBUG - Assigning indexes to genes
2022-10-13 00:03:56,155 - DEBUG - Seen 35329 genes until now
2022-10-13 00:03:56,155 - DEBUG - Parsing Chromosome M strand - [line 2672375]
2022-10-13 00:03:56,155 - DEBUG - Done with M- [line 2672379]
2022-10-13 00:03:56,155 - DEBUG - Assigning indexes to genes
2022-10-13 00:03:56,155 - DEBUG - Seen 35330 genes until now
2022-10-13 00:03:56,155 - DEBUG - Parsing Chromosome M strand + [line 2672380]
2022-10-13 00:03:56,155 - DEBUG - Done with M+ [line 2672445]
2022-10-13 00:03:56,155 - DEBUG - Assigning indexes to genes
2022-10-13 00:03:56,155 - DEBUG - Seen 35342 genes until now
2022-10-13 00:03:56,155 - DEBUG - Parsing Chromosome X strand - [line 2672446]
2022-10-13 00:03:56,335 - DEBUG - Done with X- [line 2716088]
2022-10-13 00:03:56,335 - DEBUG - Assigning indexes to genes
2022-10-13 00:03:56,340 - DEBUG - Seen 35884 genes until now
2022-10-13 00:03:56,340 - DEBUG - Parsing Chromosome X strand + [line 2716089]
2022-10-13 00:03:56,522 - DEBUG - Done with X+ [line 2760500]
2022-10-13 00:03:56,522 - DEBUG - Assigning indexes to genes
2022-10-13 00:03:56,527 - DEBUG - Seen 36490 genes until now
2022-10-13 00:03:56,527 - DEBUG - Parsing Chromosome Y strand - [line 2760501]
2022-10-13 00:03:56,540 - DEBUG - Done with Y- [line 2763031]
2022-10-13 00:03:56,540 - DEBUG - Assigning indexes to genes
2022-10-13 00:03:56,541 - DEBUG - Seen 36543 genes until now
2022-10-13 00:03:56,541 - DEBUG - Parsing Chromosome Y strand + [line 2763032]
2022-10-13 00:03:56,553 - DEBUG - Assigning indexes to genes
2022-10-13 00:03:56,554 - DEBUG - Done with Y+ [line 2765967]
2022-10-13 00:03:56,554 - DEBUG - Fixing corner cases of transcript models containg intron longer than 1000Kbp
2022-10-13 00:03:58,653 - DEBUG - Generated 2411536 features corresponding to 199138 transcript models from /storage/singlecell/zz4/Reference/refdata-cellranger-arc-GRCh38-2020-A/genes/genes.gtf
2022-10-13 00:03:58,685 - INFO - Scan /storage/singlecell/zz4/fetal_bash/data/Retina_fetal/Multiome_23w4d_FR/outs/gex_possorted_bam.bam to validate intron intervals
2022-10-13 00:04:02,285 - DEBUG - Reading /storage/singlecell/zz4/fetal_bash/data/Retina_fetal/Multiome_23w4d_FR/outs/gex_possorted_bam.bam
2022-10-13 00:04:02,315 - DEBUG - Read first 0 million reads
2022-10-13 00:04:02,315 - DEBUG - Marking up chromosome 1
2022-10-13 00:05:57,423 - DEBUG - Read first 10 million reads
2022-10-13 00:08:03,333 - DEBUG - Read first 20 million reads
2022-10-13 00:09:56,338 - DEBUG - Read first 30 million reads
2022-10-13 00:10:58,788 - DEBUG - Marking up chromosome 10
2022-10-13 00:12:02,279 - DEBUG - Read first 40 million reads
2022-10-13 00:15:29,582 - DEBUG - Read first 50 million reads
2022-10-13 00:16:02,302 - DEBUG - Marking up chromosome 11
2022-10-13 00:17:40,861 - DEBUG - Read first 60 million reads
2022-10-13 00:20:08,402 - DEBUG - Read first 70 million reads
2022-10-13 00:22:25,917 - DEBUG - Read first 80 million reads
2022-10-13 00:22:35,042 - DEBUG - Marking up chromosome 12
2022-10-13 00:24:30,767 - DEBUG - Read first 90 million reads
2022-10-13 00:26:53,191 - DEBUG - Read first 100 million reads
2022-10-13 00:27:24,716 - DEBUG - Marking up chromosome 13
2022-10-13 00:28:45,030 - DEBUG - Read first 110 million reads
2022-10-13 00:29:50,499 - DEBUG - Marking up chromosome 14
2022-10-13 00:30:40,475 - DEBUG - Read first 120 million reads
2022-10-13 00:32:46,076 - DEBUG - Read first 130 million reads
2022-10-13 00:33:18,900 - DEBUG - Marking up chromosome 15
2022-10-13 00:35:33,557 - DEBUG - Read first 140 million reads
2022-10-13 00:37:08,433 - DEBUG - Marking up chromosome 16
2022-10-13 00:37:33,172 - DEBUG - Read first 150 million reads
2022-10-13 00:39:29,166 - DEBUG - Marking up chromosome 17
2022-10-13 00:39:32,276 - DEBUG - Read first 160 million reads
2022-10-13 00:41:27,285 - DEBUG - Read first 170 million reads
2022-10-13 00:42:40,071 - DEBUG - Marking up chromosome 18
2022-10-13 00:43:29,376 - DEBUG - Read first 180 million reads
2022-10-13 00:44:52,580 - DEBUG - Marking up chromosome 19
2022-10-13 00:45:54,182 - DEBUG - Read first 190 million reads
2022-10-13 00:47:09,324 - DEBUG - Marking up chromosome 2
2022-10-13 00:47:43,407 - DEBUG - Read first 200 million reads
2022-10-13 00:50:13,514 - DEBUG - Read first 210 million reads
2022-10-13 00:52:09,826 - DEBUG - Read first 220 million reads
2022-10-13 00:54:21,195 - DEBUG - Read first 230 million reads
2022-10-13 00:54:57,306 - DEBUG - Marking up chromosome 20
2022-10-13 00:56:17,458 - DEBUG - Read first 240 million reads
2022-10-13 00:56:35,463 - DEBUG - Marking up chromosome 21
2022-10-13 00:57:39,475 - DEBUG - Read first 250 million reads
2022-10-13 00:57:54,328 - DEBUG - Marking up chromosome 22
2022-10-13 00:58:52,619 - DEBUG - Marking up chromosome 3
2022-10-13 00:59:37,722 - DEBUG - Read first 260 million reads
2022-10-13 01:01:37,326 - DEBUG - Read first 270 million reads
2022-10-13 01:03:34,087 - DEBUG - Read first 280 million reads
2022-10-13 01:05:37,194 - DEBUG - Marking up chromosome 4
2022-10-13 01:05:55,021 - DEBUG - Read first 290 million reads
2022-10-13 01:08:27,404 - DEBUG - Read first 300 million reads
2022-10-13 01:10:51,753 - DEBUG - Read first 310 million reads
2022-10-13 01:11:25,229 - DEBUG - Marking up chromosome 5
2022-10-13 01:12:54,343 - DEBUG - Read first 320 million reads
2022-10-13 01:15:09,324 - DEBUG - Read first 330 million reads
2022-10-13 01:16:31,312 - DEBUG - Marking up chromosome 6
2022-10-13 01:17:20,363 - DEBUG - Read first 340 million reads
2022-10-13 01:19:08,218 - DEBUG - Read first 350 million reads
2022-10-13 01:21:10,360 - DEBUG - Marking up chromosome 7
2022-10-13 01:21:12,906 - DEBUG - Read first 360 million reads
2022-10-13 01:23:04,141 - DEBUG - Read first 370 million reads
2022-10-13 01:25:11,731 - DEBUG - Read first 380 million reads
2022-10-13 01:25:58,239 - DEBUG - Marking up chromosome 8
2022-10-13 01:27:16,953 - DEBUG - Read first 390 million reads
2022-10-13 01:29:45,383 - DEBUG - Read first 400 million reads
2022-10-13 01:30:37,342 - DEBUG - Marking up chromosome 9
2022-10-13 01:31:41,507 - DEBUG - Read first 410 million reads
2022-10-13 01:33:24,226 - DEBUG - Marking up chromosome MT
2022-10-13 01:33:24,227 - WARNING - The .bam file refers to a chromosome 'MT+' not present in the annotation (.gtf) file
2022-10-13 01:33:24,227 - WARNING - The .bam file refers to a chromosome 'MT-' not present in the annotation (.gtf) file
2022-10-13 01:33:25,915 - DEBUG - Read first 420 million reads
2022-10-13 01:34:11,331 - DEBUG - Marking up chromosome X
2022-10-13 01:34:34,093 - DEBUG - Read first 430 million reads
2022-10-13 01:37:26,562 - DEBUG - Read first 440 million reads
2022-10-13 01:37:28,995 - DEBUG - Marking up chromosome Y
2022-10-13 01:37:29,187 - DEBUG - Marking up chromosome KI270728.1
2022-10-13 01:37:29,193 - DEBUG - Marking up chromosome KI270727.1
2022-10-13 01:37:29,201 - DEBUG - Marking up chromosome KI270442.1
2022-10-13 01:37:29,201 - WARNING - The .bam file refers to a chromosome 'KI270442.1+' not present in the annotation (.gtf) file
2022-10-13 01:37:29,201 - WARNING - The .bam file refers to a chromosome 'KI270442.1-' not present in the annotation (.gtf) file
2022-10-13 01:37:29,225 - DEBUG - Marking up chromosome KI270729.1
2022-10-13 01:37:29,225 - WARNING - The .bam file refers to a chromosome 'KI270729.1+' not present in the annotation (.gtf) file
2022-10-13 01:37:29,225 - WARNING - The .bam file refers to a chromosome 'KI270729.1-' not present in the annotation (.gtf) file
2022-10-13 01:37:29,227 - DEBUG - Marking up chromosome GL000225.1
2022-10-13 01:37:29,227 - WARNING - The .bam file refers to a chromosome 'GL000225.1+' not present in the annotation (.gtf) file
2022-10-13 01:37:29,227 - WARNING - The .bam file refers to a chromosome 'GL000225.1-' not present in the annotation (.gtf) file
2022-10-13 01:37:29,227 - DEBUG - Marking up chromosome KI270743.1
2022-10-13 01:37:29,227 - WARNING - The .bam file refers to a chromosome 'KI270743.1+' not present in the annotation (.gtf) file
2022-10-13 01:37:29,227 - WARNING - The .bam file refers to a chromosome 'KI270743.1-' not present in the annotation (.gtf) file
2022-10-13 01:37:29,236 - DEBUG - Marking up chromosome GL000008.2
2022-10-13 01:37:29,236 - WARNING - The .bam file refers to a chromosome 'GL000008.2+' not present in the annotation (.gtf) file
2022-10-13 01:37:29,236 - WARNING - The .bam file refers to a chromosome 'GL000008.2-' not present in the annotation (.gtf) file
2022-10-13 01:37:29,243 - DEBUG - Marking up chromosome GL000009.2
2022-10-13 01:37:29,243 - WARNING - The .bam file refers to a chromosome 'GL000009.2+' not present in the annotation (.gtf) file
2022-10-13 01:37:29,249 - DEBUG - Marking up chromosome KI270722.1
2022-10-13 01:37:29,249 - WARNING - The .bam file refers to a chromosome 'KI270722.1+' not present in the annotation (.gtf) file
2022-10-13 01:37:29,249 - WARNING - The .bam file refers to a chromosome 'KI270722.1-' not present in the annotation (.gtf) file
2022-10-13 01:37:29,250 - DEBUG - Marking up chromosome GL000194.1
2022-10-13 01:37:29,250 - WARNING - The .bam file refers to a chromosome 'GL000194.1+' not present in the annotation (.gtf) file
2022-10-13 01:37:29,252 - DEBUG - Marking up chromosome KI270742.1
2022-10-13 01:37:29,252 - WARNING - The .bam file refers to a chromosome 'KI270742.1+' not present in the annotation (.gtf) file
2022-10-13 01:37:29,252 - WARNING - The .bam file refers to a chromosome 'KI270742.1-' not present in the annotation (.gtf) file
2022-10-13 01:37:29,391 - DEBUG - Marking up chromosome GL000205.2
2022-10-13 01:37:29,391 - WARNING - The .bam file refers to a chromosome 'GL000205.2+' not present in the annotation (.gtf) file
2022-10-13 01:37:29,484 - DEBUG - Marking up chromosome GL000195.1
2022-10-13 01:37:29,837 - DEBUG - Marking up chromosome KI270733.1
2022-10-13 01:37:29,837 - WARNING - The .bam file refers to a chromosome 'KI270733.1+' not present in the annotation (.gtf) file
2022-10-13 01:37:29,837 - WARNING - The .bam file refers to a chromosome 'KI270733.1-' not present in the annotation (.gtf) file
2022-10-13 01:37:30,861 - DEBUG - Marking up chromosome GL000224.1
2022-10-13 01:37:30,861 - WARNING - The .bam file refers to a chromosome 'GL000224.1+' not present in the annotation (.gtf) file
2022-10-13 01:37:30,861 - WARNING - The .bam file refers to a chromosome 'GL000224.1-' not present in the annotation (.gtf) file
2022-10-13 01:37:30,899 - DEBUG - Marking up chromosome GL000219.1
2022-10-13 01:37:30,900 - WARNING - The .bam file refers to a chromosome 'GL000219.1+' not present in the annotation (.gtf) file
2022-10-13 01:37:31,130 - DEBUG - Marking up chromosome KI270719.1
2022-10-13 01:37:31,130 - WARNING - The .bam file refers to a chromosome 'KI270719.1+' not present in the annotation (.gtf) file
2022-10-13 01:37:31,130 - WARNING - The .bam file refers to a chromosome 'KI270719.1-' not present in the annotation (.gtf) file
2022-10-13 01:37:31,146 - DEBUG - Marking up chromosome GL000216.2
2022-10-13 01:37:31,146 - WARNING - The .bam file refers to a chromosome 'GL000216.2+' not present in the annotation (.gtf) file
2022-10-13 01:37:31,146 - WARNING - The .bam file refers to a chromosome 'GL000216.2-' not present in the annotation (.gtf) file
2022-10-13 01:37:31,146 - DEBUG - Marking up chromosome KI270712.1
2022-10-13 01:37:31,146 - WARNING - The .bam file refers to a chromosome 'KI270712.1+' not present in the annotation (.gtf) file
2022-10-13 01:37:31,146 - WARNING - The .bam file refers to a chromosome 'KI270712.1-' not present in the annotation (.gtf) file
2022-10-13 01:37:31,159 - DEBUG - Marking up chromosome KI270706.1
2022-10-13 01:37:31,160 - WARNING - The .bam file refers to a chromosome 'KI270706.1+' not present in the annotation (.gtf) file
2022-10-13 01:37:31,160 - WARNING - The .bam file refers to a chromosome 'KI270706.1-' not present in the annotation (.gtf) file
2022-10-13 01:37:31,204 - DEBUG - Marking up chromosome KI270725.1
2022-10-13 01:37:31,204 - WARNING - The .bam file refers to a chromosome 'KI270725.1+' not present in the annotation (.gtf) file
2022-10-13 01:37:31,204 - WARNING - The .bam file refers to a chromosome 'KI270725.1-' not present in the annotation (.gtf) file
2022-10-13 01:37:31,207 - DEBUG - Marking up chromosome KI270744.1
2022-10-13 01:37:31,207 - WARNING - The .bam file refers to a chromosome 'KI270744.1+' not present in the annotation (.gtf) file
2022-10-13 01:37:31,207 - WARNING - The .bam file refers to a chromosome 'KI270744.1-' not present in the annotation (.gtf) file
2022-10-13 01:37:31,212 - DEBUG - Marking up chromosome KI270734.1
2022-10-13 01:37:31,225 - DEBUG - Marking up chromosome GL000213.1
2022-10-13 01:37:31,225 - WARNING - The .bam file refers to a chromosome 'GL000213.1+' not present in the annotation (.gtf) file
2022-10-13 01:37:31,225 - DEBUG - Marking up chromosome GL000220.1
2022-10-13 01:37:31,225 - WARNING - The .bam file refers to a chromosome 'GL000220.1+' not present in the annotation (.gtf) file
2022-10-13 01:37:31,225 - WARNING - The .bam file refers to a chromosome 'GL000220.1-' not present in the annotation (.gtf) file
2022-10-13 01:37:39,436 - DEBUG - Marking up chromosome KI270715.1
2022-10-13 01:37:39,436 - WARNING - The .bam file refers to a chromosome 'KI270715.1+' not present in the annotation (.gtf) file
2022-10-13 01:37:39,437 - WARNING - The .bam file refers to a chromosome 'KI270715.1-' not present in the annotation (.gtf) file
2022-10-13 01:37:39,437 - DEBUG - Marking up chromosome GL000218.1
2022-10-13 01:37:39,437 - WARNING - The .bam file refers to a chromosome 'GL000218.1+' not present in the annotation (.gtf) file
2022-10-13 01:37:39,440 - DEBUG - Marking up chromosome KI270749.1
2022-10-13 01:37:39,440 - WARNING - The .bam file refers to a chromosome 'KI270749.1+' not present in the annotation (.gtf) file
2022-10-13 01:37:39,440 - WARNING - The .bam file refers to a chromosome 'KI270749.1-' not present in the annotation (.gtf) file
2022-10-13 01:37:39,443 - DEBUG - Marking up chromosome KI270741.1
2022-10-13 01:37:39,443 - WARNING - The .bam file refers to a chromosome 'KI270741.1+' not present in the annotation (.gtf) file
2022-10-13 01:37:39,443 - WARNING - The .bam file refers to a chromosome 'KI270741.1-' not present in the annotation (.gtf) file
2022-10-13 01:37:39,445 - DEBUG - Marking up chromosome GL000221.1
2022-10-13 01:37:39,445 - WARNING - The .bam file refers to a chromosome 'GL000221.1+' not present in the annotation (.gtf) file
2022-10-13 01:37:39,445 - WARNING - The .bam file refers to a chromosome 'GL000221.1-' not present in the annotation (.gtf) file
2022-10-13 01:37:39,534 - DEBUG - Marking up chromosome KI270716.1
2022-10-13 01:37:39,534 - WARNING - The .bam file refers to a chromosome 'KI270716.1+' not present in the annotation (.gtf) file
2022-10-13 01:37:39,534 - WARNING - The .bam file refers to a chromosome 'KI270716.1-' not present in the annotation (.gtf) file
2022-10-13 01:37:39,534 - DEBUG - Marking up chromosome KI270731.1
2022-10-13 01:37:39,534 - WARNING - The .bam file refers to a chromosome 'KI270731.1+' not present in the annotation (.gtf) file
2022-10-13 01:37:39,535 - DEBUG - Marking up chromosome KI270751.1
2022-10-13 01:37:39,535 - WARNING - The .bam file refers to a chromosome 'KI270751.1+' not present in the annotation (.gtf) file
2022-10-13 01:37:39,535 - WARNING - The .bam file refers to a chromosome 'KI270751.1-' not present in the annotation (.gtf) file
2022-10-13 01:37:39,535 - DEBUG - Marking up chromosome KI270750.1
2022-10-13 01:37:39,536 - WARNING - The .bam file refers to a chromosome 'KI270750.1+' not present in the annotation (.gtf) file
2022-10-13 01:37:39,536 - WARNING - The .bam file refers to a chromosome 'KI270750.1-' not present in the annotation (.gtf) file
2022-10-13 01:37:39,536 - DEBUG - Marking up chromosome KI270519.1
2022-10-13 01:37:39,536 - WARNING - The .bam file refers to a chromosome 'KI270519.1+' not present in the annotation (.gtf) file
2022-10-13 01:37:39,536 - WARNING - The .bam file refers to a chromosome 'KI270519.1-' not present in the annotation (.gtf) file
2022-10-13 01:37:39,537 - DEBUG - Marking up chromosome GL000214.1
2022-10-13 01:37:39,537 - WARNING - The .bam file refers to a chromosome 'GL000214.1+' not present in the annotation (.gtf) file
2022-10-13 01:37:39,537 - WARNING - The .bam file refers to a chromosome 'GL000214.1-' not present in the annotation (.gtf) file
2022-10-13 01:37:39,542 - DEBUG - Marking up chromosome KI270708.1
2022-10-13 01:37:39,542 - WARNING - The .bam file refers to a chromosome 'KI270708.1+' not present in the annotation (.gtf) file
2022-10-13 01:37:39,543 - WARNING - The .bam file refers to a chromosome 'KI270708.1-' not present in the annotation (.gtf) file
2022-10-13 01:37:39,543 - DEBUG - Marking up chromosome KI270730.1
2022-10-13 01:37:39,543 - WARNING - The .bam file refers to a chromosome 'KI270730.1+' not present in the annotation (.gtf) file
2022-10-13 01:37:39,543 - WARNING - The .bam file refers to a chromosome 'KI270730.1-' not present in the annotation (.gtf) file
2022-10-13 01:37:39,543 - DEBUG - Marking up chromosome KI270438.1
2022-10-13 01:37:39,543 - WARNING - The .bam file refers to a chromosome 'KI270438.1+' not present in the annotation (.gtf) file
2022-10-13 01:37:39,543 - WARNING - The .bam file refers to a chromosome 'KI270438.1-' not present in the annotation (.gtf) file
2022-10-13 01:37:39,544 - DEBUG - Marking up chromosome KI270737.1
2022-10-13 01:37:39,544 - WARNING - The .bam file refers to a chromosome 'KI270737.1+' not present in the annotation (.gtf) file
2022-10-13 01:37:39,544 - WARNING - The .bam file refers to a chromosome 'KI270737.1-' not present in the annotation (.gtf) file
2022-10-13 01:37:39,547 - DEBUG - Marking up chromosome KI270721.1
2022-10-13 01:37:39,548 - WARNING - The .bam file refers to a chromosome 'KI270721.1-' not present in the annotation (.gtf) file
2022-10-13 01:37:39,548 - DEBUG - Marking up chromosome KI270738.1
2022-10-13 01:37:39,548 - WARNING - The .bam file refers to a chromosome 'KI270738.1+' not present in the annotation (.gtf) file
2022-10-13 01:37:39,548 - WARNING - The .bam file refers to a chromosome 'KI270738.1-' not present in the annotation (.gtf) file
2022-10-13 01:37:39,551 - DEBUG - Marking up chromosome KI270748.1
2022-10-13 01:37:39,551 - WARNING - The .bam file refers to a chromosome 'KI270748.1+' not present in the annotation (.gtf) file
2022-10-13 01:37:39,551 - WARNING - The .bam file refers to a chromosome 'KI270748.1-' not present in the annotation (.gtf) file
2022-10-13 01:37:39,553 - DEBUG - Marking up chromosome KI270435.1
2022-10-13 01:37:39,553 - WARNING - The .bam file refers to a chromosome 'KI270435.1+' not present in the annotation (.gtf) file
2022-10-13 01:37:39,553 - WARNING - The .bam file refers to a chromosome 'KI270435.1-' not present in the annotation (.gtf) file
2022-10-13 01:37:39,553 - DEBUG - Marking up chromosome GL000208.1
2022-10-13 01:37:39,554 - WARNING - The .bam file refers to a chromosome 'GL000208.1+' not present in the annotation (.gtf) file
2022-10-13 01:37:39,554 - WARNING - The .bam file refers to a chromosome 'GL000208.1-' not present in the annotation (.gtf) file
2022-10-13 01:37:39,554 - DEBUG - Marking up chromosome KI270538.1
2022-10-13 01:37:39,554 - WARNING - The .bam file refers to a chromosome 'KI270538.1+' not present in the annotation (.gtf) file
2022-10-13 01:37:39,554 - WARNING - The .bam file refers to a chromosome 'KI270538.1-' not present in the annotation (.gtf) file
2022-10-13 01:37:39,555 - DEBUG - Marking up chromosome KI270739.1
2022-10-13 01:37:39,555 - WARNING - The .bam file refers to a chromosome 'KI270739.1+' not present in the annotation (.gtf) file
2022-10-13 01:37:39,555 - WARNING - The .bam file refers to a chromosome 'KI270739.1-' not present in the annotation (.gtf) file
2022-10-13 01:37:39,555 - DEBUG - Marking up chromosome KI270709.1
2022-10-13 01:37:39,555 - WARNING - The .bam file refers to a chromosome 'KI270709.1+' not present in the annotation (.gtf) file
2022-10-13 01:37:39,555 - WARNING - The .bam file refers to a chromosome 'KI270709.1-' not present in the annotation (.gtf) file
2022-10-13 01:37:39,557 - DEBUG - Marking up chromosome KI270746.1
2022-10-13 01:37:39,557 - WARNING - The .bam file refers to a chromosome 'KI270746.1+' not present in the annotation (.gtf) file
2022-10-13 01:37:39,557 - WARNING - The .bam file refers to a chromosome 'KI270746.1-' not present in the annotation (.gtf) file
2022-10-13 01:37:39,558 - DEBUG - Marking up chromosome KI270753.1
2022-10-13 01:37:39,558 - WARNING - The .bam file refers to a chromosome 'KI270753.1+' not present in the annotation (.gtf) file
2022-10-13 01:37:39,558 - WARNING - The .bam file refers to a chromosome 'KI270753.1-' not present in the annotation (.gtf) file
2022-10-13 01:37:39,558 - DEBUG - Marking up chromosome KI270589.1
2022-10-13 01:37:39,558 - WARNING - The .bam file refers to a chromosome 'KI270589.1+' not present in the annotation (.gtf) file
2022-10-13 01:37:39,558 - WARNING - The .bam file refers to a chromosome 'KI270589.1-' not present in the annotation (.gtf) file
2022-10-13 01:37:39,558 - DEBUG - Marking up chromosome KI270726.1
2022-10-13 01:37:39,558 - WARNING - The .bam file refers to a chromosome 'KI270726.1-' not present in the annotation (.gtf) file
2022-10-13 01:37:39,559 - DEBUG - Marking up chromosome KI270735.1
2022-10-13 01:37:39,559 - WARNING - The .bam file refers to a chromosome 'KI270735.1+' not present in the annotation (.gtf) file
2022-10-13 01:37:39,559 - WARNING - The .bam file refers to a chromosome 'KI270735.1-' not present in the annotation (.gtf) file
2022-10-13 01:37:39,559 - DEBUG - Marking up chromosome KI270711.1
2022-10-13 01:37:39,559 - WARNING - The .bam file refers to a chromosome 'KI270711.1+' not present in the annotation (.gtf) file
2022-10-13 01:37:39,608 - DEBUG - Marking up chromosome KI270745.1
2022-10-13 01:37:39,608 - WARNING - The .bam file refers to a chromosome 'KI270745.1+' not present in the annotation (.gtf) file
2022-10-13 01:37:39,608 - WARNING - The .bam file refers to a chromosome 'KI270745.1-' not present in the annotation (.gtf) file
2022-10-13 01:37:39,613 - DEBUG - Marking up chromosome KI270714.1
2022-10-13 01:37:39,613 - WARNING - The .bam file refers to a chromosome 'KI270714.1+' not present in the annotation (.gtf) file
2022-10-13 01:37:39,613 - WARNING - The .bam file refers to a chromosome 'KI270714.1-' not present in the annotation (.gtf) file
2022-10-13 01:37:39,617 - DEBUG - Marking up chromosome KI270732.1
2022-10-13 01:37:39,617 - WARNING - The .bam file refers to a chromosome 'KI270732.1+' not present in the annotation (.gtf) file
2022-10-13 01:37:39,617 - WARNING - The .bam file refers to a chromosome 'KI270732.1-' not present in the annotation (.gtf) file
2022-10-13 01:37:39,619 - DEBUG - Marking up chromosome KI270713.1
2022-10-13 01:37:39,633 - DEBUG - Marking up chromosome KI270754.1
2022-10-13 01:37:39,633 - WARNING - The .bam file refers to a chromosome 'KI270754.1+' not present in the annotation (.gtf) file
2022-10-13 01:37:39,633 - WARNING - The .bam file refers to a chromosome 'KI270754.1-' not present in the annotation (.gtf) file
2022-10-13 01:37:39,633 - DEBUG - Marking up chromosome KI270710.1
2022-10-13 01:37:39,633 - WARNING - The .bam file refers to a chromosome 'KI270710.1+' not present in the annotation (.gtf) file
2022-10-13 01:37:39,633 - WARNING - The .bam file refers to a chromosome 'KI270710.1-' not present in the annotation (.gtf) file
2022-10-13 01:37:39,633 - DEBUG - Marking up chromosome KI270717.1
2022-10-13 01:37:39,633 - WARNING - The .bam file refers to a chromosome 'KI270717.1+' not present in the annotation (.gtf) file
2022-10-13 01:37:39,633 - WARNING - The .bam file refers to a chromosome 'KI270717.1-' not present in the annotation (.gtf) file
2022-10-13 01:37:39,638 - DEBUG - Marking up chromosome KI270724.1
2022-10-13 01:37:39,638 - WARNING - The .bam file refers to a chromosome 'KI270724.1+' not present in the annotation (.gtf) file
2022-10-13 01:37:39,638 - WARNING - The .bam file refers to a chromosome 'KI270724.1-' not present in the annotation (.gtf) file
2022-10-13 01:37:39,638 - DEBUG - Marking up chromosome KI270720.1
2022-10-13 01:37:39,638 - WARNING - The .bam file refers to a chromosome 'KI270720.1+' not present in the annotation (.gtf) file
2022-10-13 01:37:39,638 - WARNING - The .bam file refers to a chromosome 'KI270720.1-' not present in the annotation (.gtf) file
2022-10-13 01:37:39,639 - DEBUG - Marking up chromosome KI270723.1
2022-10-13 01:37:39,639 - WARNING - The .bam file refers to a chromosome 'KI270723.1+' not present in the annotation (.gtf) file
2022-10-13 01:37:39,639 - WARNING - The .bam file refers to a chromosome 'KI270723.1-' not present in the annotation (.gtf) file
2022-10-13 01:37:39,641 - DEBUG - Marking up chromosome KI270718.1
2022-10-13 01:37:39,641 - WARNING - The .bam file refers to a chromosome 'KI270718.1+' not present in the annotation (.gtf) file
2022-10-13 01:37:39,641 - WARNING - The .bam file refers to a chromosome 'KI270718.1-' not present in the annotation (.gtf) file
2022-10-13 01:37:39,675 - DEBUG - Marking up chromosome KI270755.1
2022-10-13 01:37:39,675 - WARNING - The .bam file refers to a chromosome 'KI270755.1+' not present in the annotation (.gtf) file
2022-10-13 01:37:39,675 - WARNING - The .bam file refers to a chromosome 'KI270755.1-' not present in the annotation (.gtf) file
2022-10-13 01:37:39,676 - DEBUG - Marking up chromosome KI270707.1
2022-10-13 01:37:39,676 - WARNING - The .bam file refers to a chromosome 'KI270707.1+' not present in the annotation (.gtf) file
2022-10-13 01:37:39,676 - WARNING - The .bam file refers to a chromosome 'KI270707.1-' not present in the annotation (.gtf) file
2022-10-13 01:37:39,679 - DEBUG - Marking up chromosome KI270512.1
2022-10-13 01:37:39,680 - WARNING - The .bam file refers to a chromosome 'KI270512.1+' not present in the annotation (.gtf) file
2022-10-13 01:37:39,680 - WARNING - The .bam file refers to a chromosome 'KI270512.1-' not present in the annotation (.gtf) file
2022-10-13 01:37:39,680 - DEBUG - Marking up chromosome KI270448.1
2022-10-13 01:37:39,680 - WARNING - The .bam file refers to a chromosome 'KI270448.1+' not present in the annotation (.gtf) file
2022-10-13 01:37:39,680 - WARNING - The .bam file refers to a chromosome 'KI270448.1-' not present in the annotation (.gtf) file
2022-10-13 01:37:39,680 - DEBUG - Marking up chromosome KI270582.1
2022-10-13 01:37:39,680 - WARNING - The .bam file refers to a chromosome 'KI270582.1+' not present in the annotation (.gtf) file
2022-10-13 01:37:39,680 - WARNING - The .bam file refers to a chromosome 'KI270582.1-' not present in the annotation (.gtf) file
2022-10-13 01:37:39,680 - DEBUG - Marking up chromosome KI270362.1
2022-10-13 01:37:39,680 - WARNING - The .bam file refers to a chromosome 'KI270362.1+' not present in the annotation (.gtf) file
2022-10-13 01:37:39,680 - WARNING - The .bam file refers to a chromosome 'KI270362.1-' not present in the annotation (.gtf) file
2022-10-13 01:37:39,680 - DEBUG - Marking up chromosome KI270302.1
2022-10-13 01:37:39,680 - WARNING - The .bam file refers to a chromosome 'KI270302.1+' not present in the annotation (.gtf) file
2022-10-13 01:37:39,680 - WARNING - The .bam file refers to a chromosome 'KI270302.1-' not present in the annotation (.gtf) file
2022-10-13 01:37:39,680 - DEBUG - Marking up chromosome KI270303.1
2022-10-13 01:37:39,680 - WARNING - The .bam file refers to a chromosome 'KI270303.1+' not present in the annotation (.gtf) file
2022-10-13 01:37:39,680 - WARNING - The .bam file refers to a chromosome 'KI270303.1-' not present in the annotation (.gtf) file
2022-10-13 01:37:39,681 - DEBUG - Marking up chromosome KI270330.1
2022-10-13 01:37:39,681 - WARNING - The .bam file refers to a chromosome 'KI270330.1+' not present in the annotation (.gtf) file
2022-10-13 01:37:39,681 - WARNING - The .bam file refers to a chromosome 'KI270330.1-' not present in the annotation (.gtf) file
2022-10-13 01:37:39,685 - DEBUG - Marking up chromosome KI270466.1
2022-10-13 01:37:39,685 - WARNING - The .bam file refers to a chromosome 'KI270466.1+' not present in the annotation (.gtf) file
2022-10-13 01:37:39,685 - WARNING - The .bam file refers to a chromosome 'KI270466.1-' not present in the annotation (.gtf) file
2022-10-13 01:37:39,685 - DEBUG - Marking up chromosome KI270310.1
2022-10-13 01:37:39,685 - WARNING - The .bam file refers to a chromosome 'KI270310.1+' not present in the annotation (.gtf) file
2022-10-13 01:37:39,685 - WARNING - The .bam file refers to a chromosome 'KI270310.1-' not present in the annotation (.gtf) file
2022-10-13 01:37:44,487 - DEBUG - Read first 450 million reads
2022-10-13 01:37:58,993 - DEBUG - Read first 460 million reads
2022-10-13 01:38:08,153 - DEBUG - End of file. Reset index: start scanning from initial position.
2022-10-13 01:38:08,153 - DEBUG - 19051974 reads were skipped because no apropiate cell or umi barcode was found
2022-10-13 01:38:08,154 - DEBUG - Start molecule counting!
2022-10-13 01:38:11,857 - DEBUG - Features available for chromosomes : ['GL000009.2-', 'GL000194.1-', 'GL000195.1-', 'GL000195.1+', 'GL000205.2-', 'GL000213.1-', 'GL000218.1-', 'GL000219.1-', 'KI270711.1-', 'KI270713.1-', 'KI270713.1+', 'KI270721.1+', 'KI270726.1+', 'KI270727.1-', 'KI270727.1+', 'KI270728.1-', 'KI270728.1+', 'KI270731.1-', 'KI270734.1-', 'KI270734.1+', '1-', '1+', '10-', '10+', '11-', '11+', '12-', '12+', '13-', '13+', '14-', '14+', '15-', '15+', '16-', '16+', '17-', '17+', '18-', '18+', '19-', '19+', '2-', '2+', '20-', '20+', '21-', '21+', '22-', '22+', '3-', '3+', '4-', '4+', '5-', '5+', '6-', '6+', '7-', '7+', '8-', '8+', '9-', '9+', 'M-', 'M+', 'X-', 'X+', 'Y-', 'Y+']
2022-10-13 01:38:11,857 - DEBUG - Mask available for chromosomes : []
2022-10-13 01:38:11,857 - DEBUG - Summarizing the results of intron validation.
2022-10-13 01:38:12,655 - DEBUG - Validated 701125 introns (of which unique intervals 217522) out of 1106199 total possible introns (considering each possible transcript models).
2022-10-13 01:38:12,656 - DEBUG - Reading /storage/singlecell/zz4/fetal_bash/data/Retina_fetal/Multiome_23w4d_FR/outs/cellsorted_gex_possorted_bam.bam
2022-10-13 01:38:12,712 - DEBUG - Read first 0 million reads
2022-10-13 01:38:46,327 - DEBUG - Read first 10 million reads
2022-10-13 01:39:18,503 - DEBUG - Read first 20 million reads
2022-10-13 01:40:29,168 - DEBUG - Counting for batch 1, containing 100 cells and 5054762 reads
2022-10-13 01:43:12,115 - DEBUG - 0 reads not considered because fully enclosed in repeat masked regions
2022-10-13 01:43:49,266 - DEBUG - Read first 30 million reads
2022-10-13 01:44:52,742 - DEBUG - Counting for batch 2, containing 100 cells and 5158297 reads
2022-10-13 01:47:31,021 - DEBUG - 0 reads not considered because fully enclosed in repeat masked regions
2022-10-13 01:48:37,069 - DEBUG - Read first 40 million reads
2022-10-13 01:49:06,518 - DEBUG - Counting for batch 3, containing 100 cells and 5029602 reads
2022-10-13 01:51:40,399 - DEBUG - 0 reads not considered because fully enclosed in repeat masked regions
2022-10-13 01:53:20,939 - DEBUG - Read first 50 million reads
2022-10-13 01:53:20,991 - DEBUG - Counting for batch 4, containing 100 cells and 5515339 reads
2022-10-13 01:56:15,141 - DEBUG - 0 reads not considered because fully enclosed in repeat masked regions
2022-10-13 01:58:11,304 - DEBUG - Counting for batch 5, containing 100 cells and 7194893 reads
2022-10-13 02:02:05,373 - DEBUG - 0 reads not considered because fully enclosed in repeat masked regions
2022-10-13 02:02:52,387 - DEBUG - Read first 60 million reads
2022-10-13 02:03:41,403 - DEBUG - Counting for batch 6, containing 100 cells and 4855748 reads
2022-10-13 02:06:11,945 - DEBUG - 0 reads not considered because fully enclosed in repeat masked regions
2022-10-13 02:07:05,921 - DEBUG - Read first 70 million reads
2022-10-13 02:07:37,112 - DEBUG - Counting for batch 7, containing 100 cells and 4757600 reads
2022-10-13 02:10:05,415 - DEBUG - 0 reads not considered because fully enclosed in repeat masked regions
2022-10-13 02:11:19,418 - DEBUG - Counting for batch 8, containing 100 cells and 4487009 reads
2022-10-13 02:13:42,303 - DEBUG - 0 reads not considered because fully enclosed in repeat masked regions
2022-10-13 02:14:11,371 - DEBUG - Read first 80 million reads
2022-10-13 02:15:07,601 - DEBUG - Counting for batch 9, containing 100 cells and 5562151 reads
2022-10-13 02:18:06,151 - DEBUG - 0 reads not considered because fully enclosed in repeat masked regions
2022-10-13 02:19:07,462 - DEBUG - Read first 90 million reads
2022-10-13 02:19:41,060 - DEBUG - Counting for batch 10, containing 100 cells and 5383942 reads
2022-10-13 02:22:29,046 - DEBUG - 0 reads not considered because fully enclosed in repeat masked regions
2022-10-13 02:23:34,338 - DEBUG - Read first 100 million reads
2022-10-13 02:23:46,465 - DEBUG - Counting for batch 11, containing 100 cells and 4092658 reads
2022-10-13 02:25:49,274 - DEBUG - 0 reads not considered because fully enclosed in repeat masked regions
2022-10-13 02:27:14,597 - DEBUG - Counting for batch 12, containing 100 cells and 4986481 reads
2022-10-13 02:29:43,429 - DEBUG - 0 reads not considered because fully enclosed in repeat masked regions
2022-10-13 02:30:38,897 - DEBUG - Read first 110 million reads
2022-10-13 02:31:28,754 - DEBUG - Counting for batch 13, containing 100 cells and 6173676 reads
2022-10-13 02:34:41,348 - DEBUG - 0 reads not considered because fully enclosed in repeat masked regions
2022-10-13 02:35:55,074 - DEBUG - Read first 120 million reads
2022-10-13 02:36:08,926 - DEBUG - Counting for batch 14, containing 100 cells and 4646934 reads
2022-10-13 02:38:27,654 - DEBUG - 0 reads not considered because fully enclosed in repeat masked regions
2022-10-13 02:39:55,161 - DEBUG - Counting for batch 15, containing 100 cells and 4946734 reads
2022-10-13 02:42:22,885 - DEBUG - 0 reads not considered because fully enclosed in repeat masked regions
2022-10-13 02:43:13,511 - DEBUG - Read first 130 million reads
2022-10-13 02:43:58,442 - DEBUG - Counting for batch 16, containing 100 cells and 5170372 reads
2022-10-13 02:46:38,715 - DEBUG - 0 reads not considered because fully enclosed in repeat masked regions
2022-10-13 02:47:45,647 - DEBUG - Read first 140 million reads
2022-10-13 02:48:21,850 - DEBUG - Counting for batch 17, containing 100 cells and 6590735 reads
2022-10-13 02:51:46,016 - DEBUG - 0 reads not considered because fully enclosed in repeat masked regions
2022-10-13 02:53:13,598 - DEBUG - Read first 150 million reads
2022-10-13 02:53:27,941 - DEBUG - Counting for batch 18, containing 100 cells and 6422642 reads
2022-10-13 02:56:48,431 - DEBUG - 0 reads not considered because fully enclosed in repeat masked regions
2022-10-13 02:58:20,794 - DEBUG - Counting for batch 19, containing 100 cells and 4694636 reads
2022-10-13 03:00:41,418 - DEBUG - 0 reads not considered because fully enclosed in repeat masked regions
2022-10-13 03:01:22,952 - DEBUG - Read first 160 million reads
2022-10-13 03:02:24,336 - DEBUG - Counting for batch 20, containing 100 cells and 6088266 reads
2022-10-13 03:05:43,041 - DEBUG - 0 reads not considered because fully enclosed in repeat masked regions
2022-10-13 03:06:53,247 - DEBUG - Read first 170 million reads
2022-10-13 03:07:22,497 - DEBUG - Counting for batch 21, containing 100 cells and 5689015 reads
2022-10-13 03:10:12,166 - DEBUG - 0 reads not considered because fully enclosed in repeat masked regions
2022-10-13 03:11:48,468 - DEBUG - Counting for batch 22, containing 100 cells and 5287057 reads
2022-10-13 03:14:26,649 - DEBUG - 0 reads not considered because fully enclosed in repeat masked regions
2022-10-13 03:14:58,280 - DEBUG - Read first 180 million reads
2022-10-13 03:16:21,564 - DEBUG - Counting for batch 23, containing 100 cells and 7367557 reads
2022-10-13 03:20:12,258 - DEBUG - 0 reads not considered because fully enclosed in repeat masked regions
2022-10-13 03:21:07,248 - DEBUG - Read first 190 million reads
2022-10-13 03:21:44,297 - DEBUG - Counting for batch 24, containing 100 cells and 4303987 reads
2022-10-13 03:23:59,437 - DEBUG - 0 reads not considered because fully enclosed in repeat masked regions
2022-10-13 03:25:11,809 - DEBUG - Read first 200 million reads
2022-10-13 03:25:20,241 - DEBUG - Counting for batch 25, containing 100 cells and 4949938 reads
2022-10-13 03:27:50,583 - DEBUG - 0 reads not considered because fully enclosed in repeat masked regions
2022-10-13 03:29:21,235 - DEBUG - Counting for batch 26, containing 100 cells and 5258273 reads
2022-10-13 03:31:59,290 - DEBUG - 0 reads not considered because fully enclosed in repeat masked regions
2022-10-13 03:32:55,382 - DEBUG - Read first 210 million reads
2022-10-13 03:33:24,546 - DEBUG - Counting for batch 27, containing 100 cells and 4104185 reads
2022-10-13 03:35:28,296 - DEBUG - 0 reads not considered because fully enclosed in repeat masked regions
2022-10-13 03:36:47,479 - DEBUG - Counting for batch 28, containing 100 cells and 4618012 reads
2022-10-13 03:39:08,198 - DEBUG - 0 reads not considered because fully enclosed in repeat masked regions
2022-10-13 03:39:40,166 - DEBUG - Read first 220 million reads
2022-10-13 03:40:42,993 - DEBUG - Counting for batch 29, containing 100 cells and 5292560 reads
2022-10-13 03:43:23,451 - DEBUG - 0 reads not considered because fully enclosed in repeat masked regions
2022-10-13 03:44:46,297 - DEBUG - Read first 230 million reads
2022-10-13 03:45:24,918 - DEBUG - Counting for batch 30, containing 100 cells and 4991707 reads
2022-10-13 03:48:01,209 - DEBUG - 0 reads not considered because fully enclosed in repeat masked regions
2022-10-13 03:49:38,629 - DEBUG - Read first 240 million reads
2022-10-13 03:49:49,896 - DEBUG - Counting for batch 31, containing 100 cells and 5143833 reads
2022-10-13 03:52:35,202 - DEBUG - 0 reads not considered because fully enclosed in repeat masked regions
2022-10-13 03:54:10,055 - DEBUG - Counting for batch 32, containing 100 cells and 5012543 reads
2022-10-13 03:56:49,672 - DEBUG - 0 reads not considered because fully enclosed in repeat masked regions
2022-10-13 03:57:29,184 - DEBUG - Read first 250 million reads
2022-10-13 03:58:07,404 - DEBUG - Counting for batch 33, containing 100 cells and 4796256 reads
2022-10-13 04:00:40,170 - DEBUG - 0 reads not considered because fully enclosed in repeat masked regions
2022-10-13 04:01:51,844 - DEBUG - Read first 260 million reads
2022-10-13 04:02:03,877 - DEBUG - Counting for batch 34, containing 100 cells and 4966398 reads
2022-10-13 04:04:33,523 - DEBUG - 0 reads not considered because fully enclosed in repeat masked regions
2022-10-13 04:05:57,726 - DEBUG - Counting for batch 35, containing 100 cells and 4741004 reads
2022-10-13 04:08:19,938 - DEBUG - 0 reads not considered because fully enclosed in repeat masked regions
2022-10-13 04:09:13,146 - DEBUG - Read first 270 million reads
2022-10-13 04:09:51,417 - DEBUG - Counting for batch 36, containing 100 cells and 5291794 reads
2022-10-13 04:12:27,725 - DEBUG - 0 reads not considered because fully enclosed in repeat masked regions
2022-10-13 04:13:52,722 - DEBUG - Read first 280 million reads
2022-10-13 04:14:07,071 - DEBUG - Counting for batch 37, containing 100 cells and 5505922 reads
2022-10-13 04:16:54,421 - DEBUG - 0 reads not considered because fully enclosed in repeat masked regions
2022-10-13 04:18:17,681 - DEBUG - Counting for batch 38, containing 100 cells and 4416785 reads
2022-10-13 04:20:40,777 - DEBUG - 0 reads not considered because fully enclosed in repeat masked regions
2022-10-13 04:21:27,162 - DEBUG - Read first 290 million reads
2022-10-13 04:21:58,652 - DEBUG - Counting for batch 39, containing 100 cells and 4859085 reads
2022-10-13 04:24:24,502 - DEBUG - 0 reads not considered because fully enclosed in repeat masked regions
2022-10-13 04:25:51,438 - DEBUG - Read first 300 million reads
2022-10-13 04:26:00,213 - DEBUG - Counting for batch 40, containing 100 cells and 5353077 reads
2022-10-13 04:28:43,805 - DEBUG - 0 reads not considered because fully enclosed in repeat masked regions
2022-10-13 04:30:09,765 - DEBUG - Counting for batch 41, containing 100 cells and 4569107 reads
2022-10-13 04:32:33,538 - DEBUG - 0 reads not considered because fully enclosed in repeat masked regions
2022-10-13 04:33:22,928 - DEBUG - Read first 310 million reads
2022-10-13 04:34:03,179 - DEBUG - Counting for batch 42, containing 100 cells and 6009080 reads
2022-10-13 04:37:08,776 - DEBUG - 0 reads not considered because fully enclosed in repeat masked regions
2022-10-13 04:38:30,212 - DEBUG - Read first 320 million reads
2022-10-13 04:38:38,286 - DEBUG - Counting for batch 43, containing 100 cells and 4658164 reads
2022-10-13 04:41:04,908 - DEBUG - 0 reads not considered because fully enclosed in repeat masked regions
2022-10-13 04:42:16,912 - DEBUG - Counting for batch 44, containing 100 cells and 4518171 reads
2022-10-13 04:44:41,677 - DEBUG - 0 reads not considered because fully enclosed in repeat masked regions
2022-10-13 04:45:30,968 - DEBUG - Read first 330 million reads
2022-10-13 04:45:57,161 - DEBUG - Counting for batch 45, containing 100 cells and 4386926 reads
2022-10-13 04:48:10,676 - DEBUG - 0 reads not considered because fully enclosed in repeat masked regions
2022-10-13 04:49:39,594 - DEBUG - Read first 340 million reads
2022-10-13 04:49:40,525 - DEBUG - Counting for batch 46, containing 100 cells and 5576667 reads
2022-10-13 04:52:28,138 - DEBUG - 0 reads not considered because fully enclosed in repeat masked regions
2022-10-13 04:54:02,494 - DEBUG - Counting for batch 47, containing 100 cells and 4137804 reads
2022-10-13 04:56:11,488 - DEBUG - 0 reads not considered because fully enclosed in repeat masked regions
2022-10-13 04:56:59,031 - DEBUG - Read first 350 million reads
2022-10-13 04:57:40,835 - DEBUG - Counting for batch 48, containing 100 cells and 5552602 reads
2022-10-13 05:00:36,343 - DEBUG - 0 reads not considered because fully enclosed in repeat masked regions
2022-10-13 05:01:49,674 - DEBUG - Read first 360 million reads
2022-10-13 05:01:54,369 - DEBUG - Counting for batch 49, containing 100 cells and 4200343 reads
2022-10-13 05:04:05,989 - DEBUG - 0 reads not considered because fully enclosed in repeat masked regions
2022-10-13 05:05:25,545 - DEBUG - Counting for batch 50, containing 100 cells and 4283513 reads
2022-10-13 05:07:31,465 - DEBUG - 0 reads not considered because fully enclosed in repeat masked regions
2022-10-13 05:08:31,738 - DEBUG - Read first 370 million reads
2022-10-13 05:09:05,524 - DEBUG - Counting for batch 51, containing 100 cells and 5278356 reads
2022-10-13 05:11:46,932 - DEBUG - 0 reads not considered because fully enclosed in repeat masked regions
2022-10-13 05:13:13,858 - DEBUG - Counting for batch 52, containing 100 cells and 4525963 reads
2022-10-13 05:15:30,845 - DEBUG - 0 reads not considered because fully enclosed in repeat masked regions
2022-10-13 05:16:00,124 - DEBUG - Read first 380 million reads
2022-10-13 05:17:05,323 - DEBUG - Counting for batch 53, containing 100 cells and 6107680 reads
2022-10-13 05:20:15,584 - DEBUG - 0 reads not considered because fully enclosed in repeat masked regions
2022-10-13 05:21:09,022 - DEBUG - Read first 390 million reads
2022-10-13 05:21:52,261 - DEBUG - Counting for batch 54, containing 100 cells and 6262933 reads
2022-10-13 05:25:02,842 - DEBUG - 0 reads not considered because fully enclosed in repeat masked regions
2022-10-13 05:26:11,763 - DEBUG - Read first 400 million reads
2022-10-13 05:26:32,182 - DEBUG - Counting for batch 55, containing 100 cells and 5532883 reads
2022-10-13 05:29:09,651 - DEBUG - 0 reads not considered because fully enclosed in repeat masked regions
2022-10-13 05:30:45,412 - DEBUG - Counting for batch 56, containing 100 cells and 5433009 reads
2022-10-13 05:33:24,534 - DEBUG - 0 reads not considered because fully enclosed in repeat masked regions
2022-10-13 05:33:59,574 - DEBUG - Read first 410 million reads
2022-10-13 05:34:51,174 - DEBUG - Counting for batch 57, containing 100 cells and 5733544 reads
2022-10-13 05:37:37,589 - DEBUG - 0 reads not considered because fully enclosed in repeat masked regions
2022-10-13 05:38:35,805 - DEBUG - Read first 420 million reads
2022-10-13 05:39:02,251 - DEBUG - Counting for batch 58, containing 100 cells and 4708868 reads
2022-10-13 05:41:26,531 - DEBUG - 0 reads not considered because fully enclosed in repeat masked regions
2022-10-13 05:42:38,855 - DEBUG - Counting for batch 59, containing 100 cells and 4146323 reads
2022-10-13 05:44:38,547 - DEBUG - 0 reads not considered because fully enclosed in repeat masked regions
2022-10-13 05:45:13,519 - DEBUG - Read first 430 million reads
2022-10-13 05:45:46,891 - DEBUG - Counting for batch 60, containing 100 cells and 3821735 reads
2022-10-13 05:47:35,247 - DEBUG - 0 reads not considered because fully enclosed in repeat masked regions
2022-10-13 05:48:45,832 - DEBUG - Read first 440 million reads
2022-10-13 05:48:58,292 - DEBUG - Counting for batch 61, containing 100 cells and 5144918 reads
2022-10-13 05:51:25,553 - DEBUG - 0 reads not considered because fully enclosed in repeat masked regions
2022-10-13 05:52:52,852 - DEBUG - Counting for batch 62, containing 100 cells and 5492039 reads
2022-10-13 05:55:34,156 - DEBUG - 0 reads not considered because fully enclosed in repeat masked regions
2022-10-13 05:56:15,188 - DEBUG - Read first 450 million reads
2022-10-13 05:56:55,439 - DEBUG - Counting for batch 63, containing 100 cells and 5326181 reads
2022-10-13 05:59:31,223 - DEBUG - 0 reads not considered because fully enclosed in repeat masked regions
2022-10-13 06:00:38,541 - DEBUG - Read first 460 million reads
2022-10-13 06:00:53,000 - DEBUG - Counting for batch 64, containing 100 cells and 4707193 reads
2022-10-13 06:03:04,104 - DEBUG - 0 reads not considered because fully enclosed in repeat masked regions
2022-10-13 06:04:07,973 - DEBUG - Counting for batch 65, containing 61 cells and 3296213 reads
2022-10-13 06:05:39,284 - DEBUG - 0 reads not considered because fully enclosed in repeat masked regions
2022-10-13 06:05:56,631 - DEBUG - 19051974 reads were skipped because no apropiate cell or umi barcode was found
2022-10-13 06:05:56,641 - DEBUG - Counting done!
2022-10-13 06:05:56,717 - DEBUG - Generating output file /storage/singlecell/zz4/fetal_bash/results/RNA_velocity/Multiome_23w4d_FR/Multiome_23w4d_FR.loom
2022-10-13 06:05:56,717 - DEBUG - Collecting row attributes
2022-10-13 06:05:56,895 - DEBUG - Generating data table
2022-10-13 06:05:59,250 - DEBUG - Writing loom file
2022-10-13 06:06:02,443 - DEBUG - Creating converter from 5 to 3
2022-10-13 06:06:02,444 - DEBUG - Creating converter from 3 to 5
2022-10-13 06:06:21,064 - DEBUG - Terminated Succesfully!
ended at Thu Oct 13 06:06:25 CDT 2022 on mhgcp-g00.grid.bcm.edu. Time elapsed: 06:03:04
