starting at Wed Oct 12 16:48:28 CDT 2022 on mhgcp-g00.grid.bcm.edu
SLURM_JOBID=624150
2022-10-12 16:48:57,496 - DEBUG - Using logic: Default
2022-10-12 16:48:57,555 - INFO - Read 17628 cell barcodes from /storage/singlecell/zz4/fetal_bash/data/Retina_fetal/Multi_Fetal_13W_FR/outs/filtered_feature_bc_matrix/barcodes.tsv.gz
2022-10-12 16:48:57,555 - DEBUG - Example of barcode: AAACAGCCAAACTAAG and cell_id: Multi_Fetal_13W_FR:AAACAGCCAAACTAAG-1
2022-10-12 16:48:57,588 - DEBUG - Peeking into /storage/singlecell/zz4/fetal_bash/data/Retina_fetal/Multi_Fetal_13W_FR/outs/gex_possorted_bam.bam
2022-10-12 16:48:57,767 - WARNING - Not found cell and umi barcode in entry 0 of the bam file
2022-10-12 16:48:57,767 - WARNING - Not found cell and umi barcode in entry 1 of the bam file
2022-10-12 16:48:57,767 - WARNING - Not found cell and umi barcode in entry 2 of the bam file
2022-10-12 16:48:57,767 - WARNING - Not found cell and umi barcode in entry 4 of the bam file
2022-10-12 16:48:57,767 - WARNING - Not found cell and umi barcode in entry 5 of the bam file
2022-10-12 16:48:57,767 - WARNING - Not found cell and umi barcode in entry 45 of the bam file
2022-10-12 16:48:57,767 - WARNING - Not found cell and umi barcode in entry 48 of the bam file
2022-10-12 16:48:57,767 - WARNING - Not found cell and umi barcode in entry 49 of the bam file
2022-10-12 16:48:57,767 - WARNING - Not found cell and umi barcode in entry 50 of the bam file
2022-10-12 16:48:57,767 - WARNING - Not found cell and umi barcode in entry 58 of the bam file
2022-10-12 16:48:57,767 - WARNING - Not found cell and umi barcode in entry 59 of the bam file
2022-10-12 16:48:57,767 - WARNING - Not found cell and umi barcode in entry 74 of the bam file
2022-10-12 16:48:57,767 - WARNING - Not found cell and umi barcode in entry 75 of the bam file
2022-10-12 16:48:57,767 - WARNING - Not found cell and umi barcode in entry 76 of the bam file
2022-10-12 16:48:57,767 - WARNING - Not found cell and umi barcode in entry 84 of the bam file
2022-10-12 16:48:57,767 - WARNING - Not found cell and umi barcode in entry 93 of the bam file
2022-10-12 16:48:57,767 - WARNING - Not found cell and umi barcode in entry 94 of the bam file
2022-10-12 16:48:57,767 - WARNING - Not found cell and umi barcode in entry 101 of the bam file
2022-10-12 16:48:57,767 - WARNING - Not found cell and umi barcode in entry 107 of the bam file
2022-10-12 16:48:57,767 - WARNING - Not found cell and umi barcode in entry 133 of the bam file
2022-10-12 16:48:57,768 - WARNING - Not found cell and umi barcode in entry 174 of the bam file
2022-10-12 16:48:57,768 - WARNING - Not found cell and umi barcode in entry 176 of the bam file
2022-10-12 16:48:57,768 - WARNING - Not found cell and umi barcode in entry 228 of the bam file
2022-10-12 16:48:57,768 - WARNING - Not found cell and umi barcode in entry 414 of the bam file
2022-10-12 16:48:57,768 - WARNING - Not found cell and umi barcode in entry 416 of the bam file
2022-10-12 16:48:57,768 - WARNING - Not found cell and umi barcode in entry 419 of the bam file
2022-10-12 16:48:57,769 - WARNING - Not found cell and umi barcode in entry 607 of the bam file
2022-10-12 16:48:57,769 - WARNING - Not found cell and umi barcode in entry 662 of the bam file
2022-10-12 16:48:57,769 - WARNING - Not found cell and umi barcode in entry 749 of the bam file
2022-10-12 16:48:57,769 - WARNING - Not found cell and umi barcode in entry 784 of the bam file
2022-10-12 16:48:57,769 - WARNING - Not found cell and umi barcode in entry 823 of the bam file
2022-10-12 16:48:57,769 - WARNING - Not found cell and umi barcode in entry 904 of the bam file
2022-10-12 16:48:57,769 - WARNING - Not found cell and umi barcode in entry 914 of the bam file
2022-10-12 16:48:57,770 - WARNING - Not found cell and umi barcode in entry 1003 of the bam file
2022-10-12 16:48:57,770 - WARNING - Not found cell and umi barcode in entry 1007 of the bam file
2022-10-12 16:48:57,770 - WARNING - Not found cell and umi barcode in entry 1024 of the bam file
2022-10-12 16:48:57,776 - WARNING - The file /storage/singlecell/zz4/fetal_bash/data/Retina_fetal/Multi_Fetal_13W_FR/outs/cellsorted_gex_possorted_bam.bam already exists. The sorting step will be skipped and the existing file will be used.
2022-10-12 16:48:57,776 - INFO - Load the annotation from /storage/singlecell/zz4/Reference/refdata-cellranger-arc-GRCh38-2020-A/genes/genes.gtf
2022-10-12 16:49:16,254 - DEBUG - Parsing Chromosome GL000009.2 strand - [line 0]
2022-10-12 16:49:16,254 - DEBUG - Done with GL000009.2- [line 7]
2022-10-12 16:49:16,254 - DEBUG - Assigning indexes to genes
2022-10-12 16:49:16,255 - DEBUG - Seen 1 genes until now
2022-10-12 16:49:16,255 - DEBUG - Parsing Chromosome GL000194.1 strand - [line 8]
2022-10-12 16:49:16,255 - DEBUG - Done with GL000194.1- [line 33]
2022-10-12 16:49:16,255 - DEBUG - Assigning indexes to genes
2022-10-12 16:49:16,255 - DEBUG - Seen 3 genes until now
2022-10-12 16:49:16,255 - DEBUG - Parsing Chromosome GL000195.1 strand - [line 34]
2022-10-12 16:49:16,255 - DEBUG - Done with GL000195.1- [line 43]
2022-10-12 16:49:16,255 - DEBUG - Assigning indexes to genes
2022-10-12 16:49:16,255 - DEBUG - Seen 4 genes until now
2022-10-12 16:49:16,255 - DEBUG - Parsing Chromosome GL000195.1 strand + [line 44]
2022-10-12 16:49:16,255 - DEBUG - Done with GL000195.1+ [line 57]
2022-10-12 16:49:16,255 - DEBUG - Assigning indexes to genes
2022-10-12 16:49:16,255 - DEBUG - Seen 5 genes until now
2022-10-12 16:49:16,255 - DEBUG - Parsing Chromosome GL000205.2 strand - [line 58]
2022-10-12 16:49:16,256 - DEBUG - Done with GL000205.2- [line 71]
2022-10-12 16:49:16,256 - DEBUG - Assigning indexes to genes
2022-10-12 16:49:16,256 - DEBUG - Seen 6 genes until now
2022-10-12 16:49:16,256 - DEBUG - Parsing Chromosome GL000213.1 strand - [line 72]
2022-10-12 16:49:16,256 - DEBUG - Done with GL000213.1- [line 120]
2022-10-12 16:49:16,256 - DEBUG - Assigning indexes to genes
2022-10-12 16:49:16,256 - DEBUG - Seen 7 genes until now
2022-10-12 16:49:16,256 - DEBUG - Parsing Chromosome GL000218.1 strand - [line 121]
2022-10-12 16:49:16,256 - DEBUG - Done with GL000218.1- [line 128]
2022-10-12 16:49:16,256 - DEBUG - Assigning indexes to genes
2022-10-12 16:49:16,256 - DEBUG - Seen 8 genes until now
2022-10-12 16:49:16,256 - DEBUG - Parsing Chromosome GL000219.1 strand - [line 129]
2022-10-12 16:49:16,257 - DEBUG - Done with GL000219.1- [line 141]
2022-10-12 16:49:16,257 - DEBUG - Assigning indexes to genes
2022-10-12 16:49:16,257 - DEBUG - Seen 9 genes until now
2022-10-12 16:49:16,257 - DEBUG - Parsing Chromosome KI270711.1 strand - [line 142]
2022-10-12 16:49:16,258 - DEBUG - Done with KI270711.1- [line 292]
2022-10-12 16:49:16,258 - DEBUG - Assigning indexes to genes
2022-10-12 16:49:16,258 - DEBUG - Seen 10 genes until now
2022-10-12 16:49:16,258 - DEBUG - Parsing Chromosome KI270713.1 strand - [line 293]
2022-10-12 16:49:16,258 - DEBUG - Done with KI270713.1- [line 300]
2022-10-12 16:49:16,258 - DEBUG - Assigning indexes to genes
2022-10-12 16:49:16,258 - DEBUG - Seen 11 genes until now
2022-10-12 16:49:16,258 - DEBUG - Parsing Chromosome KI270713.1 strand + [line 301]
2022-10-12 16:49:16,258 - DEBUG - Done with KI270713.1+ [line 307]
2022-10-12 16:49:16,258 - DEBUG - Assigning indexes to genes
2022-10-12 16:49:16,258 - DEBUG - Seen 12 genes until now
2022-10-12 16:49:16,258 - DEBUG - Parsing Chromosome KI270721.1 strand + [line 308]
2022-10-12 16:49:16,258 - DEBUG - Done with KI270721.1+ [line 323]
2022-10-12 16:49:16,258 - DEBUG - Assigning indexes to genes
2022-10-12 16:49:16,258 - DEBUG - Seen 13 genes until now
2022-10-12 16:49:16,259 - DEBUG - Parsing Chromosome KI270726.1 strand + [line 324]
2022-10-12 16:49:16,259 - DEBUG - Done with KI270726.1+ [line 334]
2022-10-12 16:49:16,259 - DEBUG - Assigning indexes to genes
2022-10-12 16:49:16,259 - DEBUG - Seen 15 genes until now
2022-10-12 16:49:16,259 - DEBUG - Parsing Chromosome KI270727.1 strand - [line 335]
2022-10-12 16:49:16,259 - DEBUG - Done with KI270727.1- [line 394]
2022-10-12 16:49:16,259 - DEBUG - Assigning indexes to genes
2022-10-12 16:49:16,259 - DEBUG - Seen 17 genes until now
2022-10-12 16:49:16,259 - DEBUG - Parsing Chromosome KI270727.1 strand + [line 395]
2022-10-12 16:49:16,259 - DEBUG - Done with KI270727.1+ [line 409]
2022-10-12 16:49:16,259 - DEBUG - Assigning indexes to genes
2022-10-12 16:49:16,259 - DEBUG - Seen 19 genes until now
2022-10-12 16:49:16,260 - DEBUG - Parsing Chromosome KI270728.1 strand - [line 410]
2022-10-12 16:49:16,260 - DEBUG - Done with KI270728.1- [line 486]
2022-10-12 16:49:16,260 - DEBUG - Assigning indexes to genes
2022-10-12 16:49:16,260 - DEBUG - Seen 21 genes until now
2022-10-12 16:49:16,260 - DEBUG - Parsing Chromosome KI270728.1 strand + [line 487]
2022-10-12 16:49:16,260 - DEBUG - Done with KI270728.1+ [line 523]
2022-10-12 16:49:16,260 - DEBUG - Assigning indexes to genes
2022-10-12 16:49:16,261 - DEBUG - Seen 25 genes until now
2022-10-12 16:49:16,261 - DEBUG - Parsing Chromosome KI270731.1 strand - [line 524]
2022-10-12 16:49:16,261 - DEBUG - Done with KI270731.1- [line 530]
2022-10-12 16:49:16,261 - DEBUG - Assigning indexes to genes
2022-10-12 16:49:16,261 - DEBUG - Seen 26 genes until now
2022-10-12 16:49:16,261 - DEBUG - Parsing Chromosome KI270734.1 strand - [line 531]
2022-10-12 16:49:16,261 - DEBUG - Done with KI270734.1- [line 599]
2022-10-12 16:49:16,261 - DEBUG - Assigning indexes to genes
2022-10-12 16:49:16,261 - DEBUG - Seen 27 genes until now
2022-10-12 16:49:16,261 - DEBUG - Parsing Chromosome KI270734.1 strand + [line 600]
2022-10-12 16:49:16,262 - DEBUG - Done with KI270734.1+ [line 622]
2022-10-12 16:49:16,262 - DEBUG - Assigning indexes to genes
2022-10-12 16:49:16,262 - DEBUG - Seen 29 genes until now
2022-10-12 16:49:16,262 - DEBUG - Parsing Chromosome 1 strand - [line 623]
2022-10-12 16:49:17,587 - DEBUG - Done with 1- [line 118876]
2022-10-12 16:49:17,588 - DEBUG - Assigning indexes to genes
2022-10-12 16:49:17,610 - DEBUG - Seen 1711 genes until now
2022-10-12 16:49:17,610 - DEBUG - Parsing Chromosome 1 strand + [line 118877]
2022-10-12 16:49:19,150 - DEBUG - Done with 1+ [line 253796]
2022-10-12 16:49:19,150 - DEBUG - Assigning indexes to genes
2022-10-12 16:49:19,164 - DEBUG - Seen 3439 genes until now
2022-10-12 16:49:19,164 - DEBUG - Parsing Chromosome 10 strand - [line 253797]
2022-10-12 16:49:19,462 - DEBUG - Done with 10- [line 304078]
2022-10-12 16:49:19,462 - DEBUG - Assigning indexes to genes
2022-10-12 16:49:19,472 - DEBUG - Seen 4100 genes until now
2022-10-12 16:49:19,472 - DEBUG - Parsing Chromosome 10 strand + [line 304079]
2022-10-12 16:49:20,159 - DEBUG - Done with 10+ [line 356023]
2022-10-12 16:49:20,159 - DEBUG - Assigning indexes to genes
2022-10-12 16:49:20,167 - DEBUG - Seen 4833 genes until now
2022-10-12 16:49:20,167 - DEBUG - Parsing Chromosome 11 strand - [line 356024]
2022-10-12 16:49:20,759 - DEBUG - Done with 11- [line 438038]
2022-10-12 16:49:20,759 - DEBUG - Assigning indexes to genes
2022-10-12 16:49:20,770 - DEBUG - Seen 5833 genes until now
2022-10-12 16:49:20,771 - DEBUG - Parsing Chromosome 11 strand + [line 438039]
2022-10-12 16:49:21,811 - DEBUG - Done with 11+ [line 521163]
2022-10-12 16:49:21,811 - DEBUG - Assigning indexes to genes
2022-10-12 16:49:21,821 - DEBUG - Seen 6898 genes until now
2022-10-12 16:49:21,821 - DEBUG - Parsing Chromosome 12 strand - [line 521164]
2022-10-12 16:49:22,357 - DEBUG - Done with 12- [line 601582]
2022-10-12 16:49:22,357 - DEBUG - Assigning indexes to genes
2022-10-12 16:49:22,370 - DEBUG - Seen 7848 genes until now
2022-10-12 16:49:22,370 - DEBUG - Parsing Chromosome 12 strand + [line 601583]
2022-10-12 16:49:22,763 - DEBUG - Done with 12+ [line 681983]
2022-10-12 16:49:22,763 - DEBUG - Assigning indexes to genes
2022-10-12 16:49:22,773 - DEBUG - Seen 8826 genes until now
2022-10-12 16:49:22,773 - DEBUG - Parsing Chromosome 13 strand - [line 681984]
2022-10-12 16:49:23,403 - DEBUG - Done with 13- [line 702449]
2022-10-12 16:49:23,403 - DEBUG - Assigning indexes to genes
2022-10-12 16:49:23,406 - DEBUG - Seen 9225 genes until now
2022-10-12 16:49:23,406 - DEBUG - Parsing Chromosome 13 strand + [line 702450]
2022-10-12 16:49:23,527 - DEBUG - Done with 13+ [line 726349]
2022-10-12 16:49:23,527 - DEBUG - Assigning indexes to genes
2022-10-12 16:49:23,530 - DEBUG - Seen 9614 genes until now
2022-10-12 16:49:23,530 - DEBUG - Parsing Chromosome 14 strand - [line 726350]
2022-10-12 16:49:23,730 - DEBUG - Done with 14- [line 770987]
2022-10-12 16:49:23,731 - DEBUG - Assigning indexes to genes
2022-10-12 16:49:23,739 - DEBUG - Seen 10373 genes until now
2022-10-12 16:49:23,739 - DEBUG - Parsing Chromosome 14 strand + [line 770988]
2022-10-12 16:49:24,172 - DEBUG - Done with 14+ [line 822908]
2022-10-12 16:49:24,172 - DEBUG - Assigning indexes to genes
2022-10-12 16:49:24,185 - DEBUG - Seen 11088 genes until now
2022-10-12 16:49:24,186 - DEBUG - Parsing Chromosome 15 strand - [line 822909]
2022-10-12 16:49:24,508 - DEBUG - Done with 15- [line 873715]
2022-10-12 16:49:24,508 - DEBUG - Assigning indexes to genes
2022-10-12 16:49:24,516 - DEBUG - Seen 11734 genes until now
2022-10-12 16:49:24,516 - DEBUG - Parsing Chromosome 15 strand + [line 873716]
2022-10-12 16:49:25,509 - DEBUG - Done with 15+ [line 923824]
2022-10-12 16:49:25,509 - DEBUG - Assigning indexes to genes
2022-10-12 16:49:25,516 - DEBUG - Seen 12355 genes until now
2022-10-12 16:49:25,516 - DEBUG - Parsing Chromosome 16 strand - [line 923825]
2022-10-12 16:49:25,766 - DEBUG - Done with 16- [line 979238]
2022-10-12 16:49:25,767 - DEBUG - Assigning indexes to genes
2022-10-12 16:49:25,774 - DEBUG - Seen 13151 genes until now
2022-10-12 16:49:25,774 - DEBUG - Parsing Chromosome 16 strand + [line 979239]
2022-10-12 16:49:26,130 - DEBUG - Done with 16+ [line 1052152]
2022-10-12 16:49:26,130 - DEBUG - Assigning indexes to genes
2022-10-12 16:49:26,138 - DEBUG - Seen 14004 genes until now
2022-10-12 16:49:26,138 - DEBUG - Parsing Chromosome 17 strand - [line 1052153]
2022-10-12 16:49:26,594 - DEBUG - Done with 17- [line 1140008]
2022-10-12 16:49:26,595 - DEBUG - Assigning indexes to genes
2022-10-12 16:49:26,614 - DEBUG - Seen 15039 genes until now
2022-10-12 16:49:26,614 - DEBUG - Parsing Chromosome 17 strand + [line 1140009]
2022-10-12 16:49:27,454 - DEBUG - Done with 17+ [line 1219447]
2022-10-12 16:49:27,455 - DEBUG - Assigning indexes to genes
2022-10-12 16:49:27,464 - DEBUG - Seen 15996 genes until now
2022-10-12 16:49:27,464 - DEBUG - Parsing Chromosome 18 strand - [line 1219448]
2022-10-12 16:49:27,613 - DEBUG - Done with 18- [line 1246083]
2022-10-12 16:49:27,613 - DEBUG - Assigning indexes to genes
2022-10-12 16:49:27,616 - DEBUG - Seen 16371 genes until now
2022-10-12 16:49:27,616 - DEBUG - Parsing Chromosome 18 strand + [line 1246084]
2022-10-12 16:49:27,728 - DEBUG - Done with 18+ [line 1269821]
2022-10-12 16:49:27,728 - DEBUG - Assigning indexes to genes
2022-10-12 16:49:27,731 - DEBUG - Seen 16777 genes until now
2022-10-12 16:49:27,731 - DEBUG - Parsing Chromosome 19 strand - [line 1269822]
2022-10-12 16:49:28,090 - DEBUG - Done with 19- [line 1350736]
2022-10-12 16:49:28,091 - DEBUG - Assigning indexes to genes
2022-10-12 16:49:28,104 - DEBUG - Seen 17790 genes until now
2022-10-12 16:49:28,105 - DEBUG - Parsing Chromosome 19 strand + [line 1350737]
2022-10-12 16:49:28,506 - DEBUG - Done with 19+ [line 1435648]
2022-10-12 16:49:28,506 - DEBUG - Assigning indexes to genes
2022-10-12 16:49:28,517 - DEBUG - Seen 18804 genes until now
2022-10-12 16:49:28,517 - DEBUG - Parsing Chromosome 2 strand - [line 1435649]
2022-10-12 16:49:29,142 - DEBUG - Done with 2- [line 1542996]
2022-10-12 16:49:29,142 - DEBUG - Assigning indexes to genes
2022-10-12 16:49:29,157 - DEBUG - Seen 20037 genes until now
2022-10-12 16:49:29,157 - DEBUG - Parsing Chromosome 2 strand + [line 1542997]
2022-10-12 16:49:30,348 - DEBUG - Done with 2+ [line 1642863]
2022-10-12 16:49:30,349 - DEBUG - Assigning indexes to genes
2022-10-12 16:49:30,364 - DEBUG - Seen 21345 genes until now
2022-10-12 16:49:30,364 - DEBUG - Parsing Chromosome 20 strand - [line 1642864]
2022-10-12 16:49:30,513 - DEBUG - Done with 20- [line 1672442]
2022-10-12 16:49:30,513 - DEBUG - Assigning indexes to genes
2022-10-12 16:49:30,517 - DEBUG - Seen 21828 genes until now
2022-10-12 16:49:30,518 - DEBUG - Parsing Chromosome 20 strand + [line 1672443]
2022-10-12 16:49:30,688 - DEBUG - Done with 20+ [line 1707817]
2022-10-12 16:49:30,689 - DEBUG - Assigning indexes to genes
2022-10-12 16:49:30,695 - DEBUG - Seen 22309 genes until now
2022-10-12 16:49:30,695 - DEBUG - Parsing Chromosome 21 strand - [line 1707818]
2022-10-12 16:49:30,773 - DEBUG - Done with 21- [line 1722798]
2022-10-12 16:49:30,773 - DEBUG - Assigning indexes to genes
2022-10-12 16:49:30,775 - DEBUG - Seen 22596 genes until now
2022-10-12 16:49:30,776 - DEBUG - Parsing Chromosome 21 strand + [line 1722799]
2022-10-12 16:49:30,859 - DEBUG - Done with 21+ [line 1738981]
2022-10-12 16:49:30,859 - DEBUG - Assigning indexes to genes
2022-10-12 16:49:30,862 - DEBUG - Seen 22864 genes until now
2022-10-12 16:49:30,862 - DEBUG - Parsing Chromosome 22 strand - [line 1738982]
2022-10-12 16:49:30,991 - DEBUG - Done with 22- [line 1765357]
2022-10-12 16:49:30,991 - DEBUG - Assigning indexes to genes
2022-10-12 16:49:30,995 - DEBUG - Seen 23260 genes until now
2022-10-12 16:49:30,995 - DEBUG - Parsing Chromosome 22 strand + [line 1765358]
2022-10-12 16:49:31,180 - DEBUG - Done with 22+ [line 1797598]
2022-10-12 16:49:31,180 - DEBUG - Assigning indexes to genes
2022-10-12 16:49:31,184 - DEBUG - Seen 23765 genes until now
2022-10-12 16:49:31,184 - DEBUG - Parsing Chromosome 3 strand - [line 1797599]
2022-10-12 16:49:31,712 - DEBUG - Done with 3- [line 1887377]
2022-10-12 16:49:31,713 - DEBUG - Assigning indexes to genes
2022-10-12 16:49:31,726 - DEBUG - Seen 24693 genes until now
2022-10-12 16:49:31,726 - DEBUG - Parsing Chromosome 3 strand + [line 1887378]
2022-10-12 16:49:32,197 - DEBUG - Done with 3+ [line 1977011]
2022-10-12 16:49:32,198 - DEBUG - Assigning indexes to genes
2022-10-12 16:49:32,209 - DEBUG - Seen 25658 genes until now
2022-10-12 16:49:32,209 - DEBUG - Parsing Chromosome 4 strand - [line 1977012]
2022-10-12 16:49:33,500 - DEBUG - Done with 4- [line 2034238]
2022-10-12 16:49:33,500 - DEBUG - Assigning indexes to genes
2022-10-12 16:49:33,513 - DEBUG - Seen 26401 genes until now
2022-10-12 16:49:33,513 - DEBUG - Parsing Chromosome 4 strand + [line 2034239]
2022-10-12 16:49:33,886 - DEBUG - Done with 4+ [line 2094594]
2022-10-12 16:49:33,886 - DEBUG - Assigning indexes to genes
2022-10-12 16:49:33,893 - DEBUG - Seen 27191 genes until now
2022-10-12 16:49:33,893 - DEBUG - Parsing Chromosome 5 strand - [line 2094595]
2022-10-12 16:49:34,239 - DEBUG - Done with 5- [line 2152660]
2022-10-12 16:49:34,239 - DEBUG - Assigning indexes to genes
2022-10-12 16:49:34,248 - DEBUG - Seen 28071 genes until now
2022-10-12 16:49:34,248 - DEBUG - Parsing Chromosome 5 strand + [line 2152661]
2022-10-12 16:49:34,728 - DEBUG - Done with 5+ [line 2218657]
2022-10-12 16:49:34,728 - DEBUG - Assigning indexes to genes
2022-10-12 16:49:34,741 - DEBUG - Seen 29002 genes until now
2022-10-12 16:49:34,741 - DEBUG - Parsing Chromosome 6 strand - [line 2218658]
2022-10-12 16:49:35,185 - DEBUG - Done with 6- [line 2284937]
2022-10-12 16:49:35,185 - DEBUG - Assigning indexes to genes
2022-10-12 16:49:35,198 - DEBUG - Seen 29928 genes until now
2022-10-12 16:49:35,198 - DEBUG - Parsing Chromosome 6 strand + [line 2284938]
2022-10-12 16:49:35,609 - DEBUG - Done with 6+ [line 2345240]
2022-10-12 16:49:35,610 - DEBUG - Assigning indexes to genes
2022-10-12 16:49:35,621 - DEBUG - Seen 30829 genes until now
2022-10-12 16:49:35,622 - DEBUG - Parsing Chromosome 7 strand - [line 2345241]
2022-10-12 16:49:36,097 - DEBUG - Done with 7- [line 2406845]
2022-10-12 16:49:36,097 - DEBUG - Assigning indexes to genes
2022-10-12 16:49:36,115 - DEBUG - Seen 31621 genes until now
2022-10-12 16:49:36,115 - DEBUG - Parsing Chromosome 7 strand + [line 2406846]
2022-10-12 16:49:36,543 - DEBUG - Done with 7+ [line 2476014]
2022-10-12 16:49:36,543 - DEBUG - Assigning indexes to genes
2022-10-12 16:49:36,552 - DEBUG - Seen 32515 genes until now
2022-10-12 16:49:36,552 - DEBUG - Parsing Chromosome 8 strand - [line 2476015]
2022-10-12 16:49:36,907 - DEBUG - Done with 8- [line 2527366]
2022-10-12 16:49:36,907 - DEBUG - Assigning indexes to genes
2022-10-12 16:49:36,914 - DEBUG - Seen 33270 genes until now
2022-10-12 16:49:36,914 - DEBUG - Parsing Chromosome 8 strand + [line 2527367]
2022-10-12 16:49:38,069 - DEBUG - Done with 8+ [line 2577021]
2022-10-12 16:49:38,069 - DEBUG - Assigning indexes to genes
2022-10-12 16:49:38,076 - DEBUG - Seen 34010 genes until now
2022-10-12 16:49:38,076 - DEBUG - Parsing Chromosome 9 strand - [line 2577022]
2022-10-12 16:49:38,363 - DEBUG - Done with 9- [line 2622811]
2022-10-12 16:49:38,363 - DEBUG - Assigning indexes to genes
2022-10-12 16:49:38,369 - DEBUG - Seen 34681 genes until now
2022-10-12 16:49:38,369 - DEBUG - Parsing Chromosome 9 strand + [line 2622812]
2022-10-12 16:49:38,641 - DEBUG - Done with 9+ [line 2672374]
2022-10-12 16:49:38,642 - DEBUG - Assigning indexes to genes
2022-10-12 16:49:38,650 - DEBUG - Seen 35329 genes until now
2022-10-12 16:49:38,650 - DEBUG - Parsing Chromosome M strand - [line 2672375]
2022-10-12 16:49:38,651 - DEBUG - Done with M- [line 2672379]
2022-10-12 16:49:38,651 - DEBUG - Assigning indexes to genes
2022-10-12 16:49:38,651 - DEBUG - Seen 35330 genes until now
2022-10-12 16:49:38,651 - DEBUG - Parsing Chromosome M strand + [line 2672380]
2022-10-12 16:49:38,651 - DEBUG - Done with M+ [line 2672445]
2022-10-12 16:49:38,651 - DEBUG - Assigning indexes to genes
2022-10-12 16:49:38,651 - DEBUG - Seen 35342 genes until now
2022-10-12 16:49:38,651 - DEBUG - Parsing Chromosome X strand - [line 2672446]
2022-10-12 16:49:38,886 - DEBUG - Done with X- [line 2716088]
2022-10-12 16:49:38,886 - DEBUG - Assigning indexes to genes
2022-10-12 16:49:38,893 - DEBUG - Seen 35884 genes until now
2022-10-12 16:49:38,893 - DEBUG - Parsing Chromosome X strand + [line 2716089]
2022-10-12 16:49:39,146 - DEBUG - Done with X+ [line 2760500]
2022-10-12 16:49:39,146 - DEBUG - Assigning indexes to genes
2022-10-12 16:49:39,151 - DEBUG - Seen 36490 genes until now
2022-10-12 16:49:39,151 - DEBUG - Parsing Chromosome Y strand - [line 2760501]
2022-10-12 16:49:39,164 - DEBUG - Done with Y- [line 2763031]
2022-10-12 16:49:39,164 - DEBUG - Assigning indexes to genes
2022-10-12 16:49:39,164 - DEBUG - Seen 36543 genes until now
2022-10-12 16:49:39,164 - DEBUG - Parsing Chromosome Y strand + [line 2763032]
2022-10-12 16:49:39,176 - DEBUG - Assigning indexes to genes
2022-10-12 16:49:39,177 - DEBUG - Done with Y+ [line 2765967]
2022-10-12 16:49:39,177 - DEBUG - Fixing corner cases of transcript models containg intron longer than 1000Kbp
2022-10-12 16:49:41,350 - DEBUG - Generated 2411536 features corresponding to 199138 transcript models from /storage/singlecell/zz4/Reference/refdata-cellranger-arc-GRCh38-2020-A/genes/genes.gtf
2022-10-12 16:49:41,393 - INFO - Scan /storage/singlecell/zz4/fetal_bash/data/Retina_fetal/Multi_Fetal_13W_FR/outs/gex_possorted_bam.bam to validate intron intervals
2022-10-12 16:49:46,303 - DEBUG - Reading /storage/singlecell/zz4/fetal_bash/data/Retina_fetal/Multi_Fetal_13W_FR/outs/gex_possorted_bam.bam
2022-10-12 16:49:46,340 - DEBUG - Read first 0 million reads
2022-10-12 16:49:46,342 - DEBUG - Marking up chromosome 1
2022-10-12 16:52:24,523 - DEBUG - Read first 10 million reads
2022-10-12 16:55:19,600 - DEBUG - Read first 20 million reads
2022-10-12 16:58:24,916 - DEBUG - Read first 30 million reads
2022-10-12 17:00:50,780 - DEBUG - Read first 40 million reads
2022-10-12 17:03:32,552 - DEBUG - Read first 50 million reads
2022-10-12 17:05:13,668 - DEBUG - Marking up chromosome 10
2022-10-12 17:06:11,640 - DEBUG - Read first 60 million reads
2022-10-12 17:09:45,540 - DEBUG - Read first 70 million reads
2022-10-12 17:12:33,104 - DEBUG - Read first 80 million reads
2022-10-12 17:14:09,599 - DEBUG - Marking up chromosome 11
2022-10-12 17:15:13,603 - DEBUG - Read first 90 million reads
2022-10-12 17:18:28,564 - DEBUG - Read first 100 million reads
2022-10-12 17:21:40,980 - DEBUG - Read first 110 million reads
2022-10-12 17:25:20,736 - DEBUG - Read first 120 million reads
2022-10-12 17:28:24,318 - DEBUG - Read first 130 million reads
2022-10-12 17:30:26,779 - DEBUG - Marking up chromosome 12
2022-10-12 17:31:32,554 - DEBUG - Read first 140 million reads
2022-10-12 17:34:21,466 - DEBUG - Read first 150 million reads
2022-10-12 17:37:41,411 - DEBUG - Read first 160 million reads
2022-10-12 17:40:55,290 - DEBUG - Read first 170 million reads
2022-10-12 17:41:32,287 - DEBUG - Marking up chromosome 13
2022-10-12 17:43:15,451 - DEBUG - Read first 180 million reads
2022-10-12 17:46:06,231 - DEBUG - Read first 190 million reads
2022-10-12 17:46:53,385 - DEBUG - Marking up chromosome 14
2022-10-12 17:48:47,736 - DEBUG - Read first 200 million reads
2022-10-12 17:51:38,759 - DEBUG - Read first 210 million reads
2022-10-12 17:53:53,168 - DEBUG - Marking up chromosome 15
2022-10-12 17:56:02,133 - DEBUG - Read first 220 million reads
2022-10-12 17:59:01,890 - DEBUG - Read first 230 million reads
2022-10-12 18:01:35,427 - DEBUG - Read first 240 million reads
2022-10-12 18:01:52,941 - DEBUG - Marking up chromosome 16
2022-10-12 18:04:15,725 - DEBUG - Read first 250 million reads
2022-10-12 18:07:17,908 - DEBUG - Marking up chromosome 17
2022-10-12 18:07:18,324 - DEBUG - Read first 260 million reads
2022-10-12 18:10:15,323 - DEBUG - Read first 270 million reads
2022-10-12 18:12:59,656 - DEBUG - Read first 280 million reads
2022-10-12 18:15:04,777 - DEBUG - Marking up chromosome 18
2022-10-12 18:16:06,290 - DEBUG - Read first 290 million reads
2022-10-12 18:20:26,202 - DEBUG - Read first 300 million reads
2022-10-12 18:20:50,624 - DEBUG - Marking up chromosome 19
2022-10-12 18:23:08,492 - DEBUG - Read first 310 million reads
2022-10-12 18:26:02,920 - DEBUG - Read first 320 million reads
2022-10-12 18:26:49,141 - DEBUG - Marking up chromosome 2
2022-10-12 18:28:44,048 - DEBUG - Read first 330 million reads
2022-10-12 18:32:23,124 - DEBUG - Read first 340 million reads
2022-10-12 18:35:28,401 - DEBUG - Read first 350 million reads
2022-10-12 18:38:21,424 - DEBUG - Read first 360 million reads
2022-10-12 18:41:36,615 - DEBUG - Read first 370 million reads
2022-10-12 18:44:05,679 - DEBUG - Marking up chromosome 20
2022-10-12 18:44:28,335 - DEBUG - Read first 380 million reads
2022-10-12 18:47:17,931 - DEBUG - Read first 390 million reads
2022-10-12 18:47:33,069 - DEBUG - Marking up chromosome 21
2022-10-12 18:49:24,041 - DEBUG - Read first 400 million reads
2022-10-12 18:50:26,924 - DEBUG - Marking up chromosome 22
2022-10-12 18:52:12,570 - DEBUG - Read first 410 million reads
2022-10-12 18:53:14,948 - DEBUG - Marking up chromosome 3
2022-10-12 18:55:20,472 - DEBUG - Read first 420 million reads
2022-10-12 18:58:13,343 - DEBUG - Read first 430 million reads
2022-10-12 19:00:57,161 - DEBUG - Read first 440 million reads
2022-10-12 19:03:52,781 - DEBUG - Read first 450 million reads
2022-10-12 19:06:56,057 - DEBUG - Read first 460 million reads
2022-10-12 19:08:38,861 - DEBUG - Marking up chromosome 4
2022-10-12 19:10:02,447 - DEBUG - Read first 470 million reads
2022-10-12 19:13:09,247 - DEBUG - Read first 480 million reads
2022-10-12 19:19:07,642 - DEBUG - Read first 490 million reads
2022-10-12 19:22:35,952 - DEBUG - Read first 500 million reads
2022-10-12 19:23:54,223 - DEBUG - Marking up chromosome 5
2022-10-12 19:25:26,399 - DEBUG - Read first 510 million reads
2022-10-12 19:28:12,611 - DEBUG - Read first 520 million reads
2022-10-12 19:31:42,310 - DEBUG - Read first 530 million reads
2022-10-12 19:34:29,312 - DEBUG - Read first 540 million reads
2022-10-12 19:34:57,996 - DEBUG - Marking up chromosome 6
2022-10-12 19:37:51,396 - DEBUG - Read first 550 million reads
2022-10-12 19:40:09,195 - DEBUG - Read first 560 million reads
2022-10-12 19:42:48,633 - DEBUG - Read first 570 million reads
2022-10-12 19:45:00,632 - DEBUG - Marking up chromosome 7
2022-10-12 19:45:32,055 - DEBUG - Read first 580 million reads
2022-10-12 19:48:14,720 - DEBUG - Read first 590 million reads
2022-10-12 19:50:50,580 - DEBUG - Read first 600 million reads
2022-10-12 19:53:47,329 - DEBUG - Read first 610 million reads
2022-10-12 19:55:22,999 - DEBUG - Marking up chromosome 8
2022-10-12 19:56:24,957 - DEBUG - Read first 620 million reads
2022-10-12 19:59:48,409 - DEBUG - Read first 630 million reads
2022-10-12 20:02:58,133 - DEBUG - Read first 640 million reads
2022-10-12 20:04:57,338 - DEBUG - Marking up chromosome 9
2022-10-12 20:05:54,699 - DEBUG - Read first 650 million reads
2022-10-12 20:08:05,753 - DEBUG - Read first 660 million reads
2022-10-12 20:10:36,537 - DEBUG - Read first 670 million reads
2022-10-12 20:12:06,524 - DEBUG - Marking up chromosome MT
2022-10-12 20:12:06,525 - WARNING - The .bam file refers to a chromosome 'MT+' not present in the annotation (.gtf) file
2022-10-12 20:12:06,525 - WARNING - The .bam file refers to a chromosome 'MT-' not present in the annotation (.gtf) file
2022-10-12 20:12:34,536 - DEBUG - Marking up chromosome X
2022-10-12 20:12:38,085 - DEBUG - Read first 680 million reads
2022-10-12 20:15:51,382 - DEBUG - Read first 690 million reads
2022-10-12 20:19:45,321 - DEBUG - Read first 700 million reads
2022-10-12 20:19:56,677 - DEBUG - Marking up chromosome Y
2022-10-12 20:19:57,138 - DEBUG - Marking up chromosome KI270728.1
2022-10-12 20:19:57,148 - DEBUG - Marking up chromosome KI270727.1
2022-10-12 20:19:57,170 - DEBUG - Marking up chromosome KI270442.1
2022-10-12 20:19:57,171 - WARNING - The .bam file refers to a chromosome 'KI270442.1+' not present in the annotation (.gtf) file
2022-10-12 20:19:57,171 - WARNING - The .bam file refers to a chromosome 'KI270442.1-' not present in the annotation (.gtf) file
2022-10-12 20:19:57,243 - DEBUG - Marking up chromosome KI270729.1
2022-10-12 20:19:57,243 - WARNING - The .bam file refers to a chromosome 'KI270729.1+' not present in the annotation (.gtf) file
2022-10-12 20:19:57,243 - WARNING - The .bam file refers to a chromosome 'KI270729.1-' not present in the annotation (.gtf) file
2022-10-12 20:19:57,245 - DEBUG - Marking up chromosome GL000225.1
2022-10-12 20:19:57,245 - WARNING - The .bam file refers to a chromosome 'GL000225.1+' not present in the annotation (.gtf) file
2022-10-12 20:19:57,245 - WARNING - The .bam file refers to a chromosome 'GL000225.1-' not present in the annotation (.gtf) file
2022-10-12 20:19:57,246 - DEBUG - Marking up chromosome KI270743.1
2022-10-12 20:19:57,246 - WARNING - The .bam file refers to a chromosome 'KI270743.1+' not present in the annotation (.gtf) file
2022-10-12 20:19:57,246 - WARNING - The .bam file refers to a chromosome 'KI270743.1-' not present in the annotation (.gtf) file
2022-10-12 20:19:57,249 - DEBUG - Marking up chromosome GL000008.2
2022-10-12 20:19:57,249 - WARNING - The .bam file refers to a chromosome 'GL000008.2+' not present in the annotation (.gtf) file
2022-10-12 20:19:57,249 - WARNING - The .bam file refers to a chromosome 'GL000008.2-' not present in the annotation (.gtf) file
2022-10-12 20:19:57,262 - DEBUG - Marking up chromosome GL000009.2
2022-10-12 20:19:57,262 - WARNING - The .bam file refers to a chromosome 'GL000009.2+' not present in the annotation (.gtf) file
2022-10-12 20:19:57,268 - DEBUG - Marking up chromosome KI270747.1
2022-10-12 20:19:57,268 - WARNING - The .bam file refers to a chromosome 'KI270747.1+' not present in the annotation (.gtf) file
2022-10-12 20:19:57,269 - WARNING - The .bam file refers to a chromosome 'KI270747.1-' not present in the annotation (.gtf) file
2022-10-12 20:19:57,269 - DEBUG - Marking up chromosome KI270722.1
2022-10-12 20:19:57,270 - WARNING - The .bam file refers to a chromosome 'KI270722.1+' not present in the annotation (.gtf) file
2022-10-12 20:19:57,270 - WARNING - The .bam file refers to a chromosome 'KI270722.1-' not present in the annotation (.gtf) file
2022-10-12 20:19:57,270 - DEBUG - Marking up chromosome GL000194.1
2022-10-12 20:19:57,271 - WARNING - The .bam file refers to a chromosome 'GL000194.1+' not present in the annotation (.gtf) file
2022-10-12 20:19:57,298 - DEBUG - Marking up chromosome KI270742.1
2022-10-12 20:19:57,298 - WARNING - The .bam file refers to a chromosome 'KI270742.1+' not present in the annotation (.gtf) file
2022-10-12 20:19:57,299 - WARNING - The .bam file refers to a chromosome 'KI270742.1-' not present in the annotation (.gtf) file
2022-10-12 20:19:57,381 - DEBUG - Marking up chromosome GL000205.2
2022-10-12 20:19:57,381 - WARNING - The .bam file refers to a chromosome 'GL000205.2+' not present in the annotation (.gtf) file
2022-10-12 20:19:58,053 - DEBUG - Marking up chromosome GL000195.1
2022-10-12 20:19:59,931 - DEBUG - Marking up chromosome KI270736.1
2022-10-12 20:19:59,931 - WARNING - The .bam file refers to a chromosome 'KI270736.1+' not present in the annotation (.gtf) file
2022-10-12 20:19:59,931 - WARNING - The .bam file refers to a chromosome 'KI270736.1-' not present in the annotation (.gtf) file
2022-10-12 20:19:59,932 - DEBUG - Marking up chromosome KI270733.1
2022-10-12 20:19:59,932 - WARNING - The .bam file refers to a chromosome 'KI270733.1+' not present in the annotation (.gtf) file
2022-10-12 20:19:59,932 - WARNING - The .bam file refers to a chromosome 'KI270733.1-' not present in the annotation (.gtf) file
2022-10-12 20:20:00,432 - DEBUG - Marking up chromosome GL000224.1
2022-10-12 20:20:00,432 - WARNING - The .bam file refers to a chromosome 'GL000224.1+' not present in the annotation (.gtf) file
2022-10-12 20:20:00,432 - WARNING - The .bam file refers to a chromosome 'GL000224.1-' not present in the annotation (.gtf) file
2022-10-12 20:20:00,507 - DEBUG - Marking up chromosome GL000219.1
2022-10-12 20:20:00,508 - WARNING - The .bam file refers to a chromosome 'GL000219.1+' not present in the annotation (.gtf) file
2022-10-12 20:20:01,659 - DEBUG - Marking up chromosome KI270719.1
2022-10-12 20:20:01,659 - WARNING - The .bam file refers to a chromosome 'KI270719.1+' not present in the annotation (.gtf) file
2022-10-12 20:20:01,659 - WARNING - The .bam file refers to a chromosome 'KI270719.1-' not present in the annotation (.gtf) file
2022-10-12 20:20:01,685 - DEBUG - Marking up chromosome GL000216.2
2022-10-12 20:20:01,685 - WARNING - The .bam file refers to a chromosome 'GL000216.2+' not present in the annotation (.gtf) file
2022-10-12 20:20:01,685 - WARNING - The .bam file refers to a chromosome 'GL000216.2-' not present in the annotation (.gtf) file
2022-10-12 20:20:01,686 - DEBUG - Marking up chromosome KI270712.1
2022-10-12 20:20:01,686 - WARNING - The .bam file refers to a chromosome 'KI270712.1+' not present in the annotation (.gtf) file
2022-10-12 20:20:01,686 - WARNING - The .bam file refers to a chromosome 'KI270712.1-' not present in the annotation (.gtf) file
2022-10-12 20:20:01,707 - DEBUG - Marking up chromosome KI270706.1
2022-10-12 20:20:01,707 - WARNING - The .bam file refers to a chromosome 'KI270706.1+' not present in the annotation (.gtf) file
2022-10-12 20:20:01,707 - WARNING - The .bam file refers to a chromosome 'KI270706.1-' not present in the annotation (.gtf) file
2022-10-12 20:20:01,977 - DEBUG - Marking up chromosome KI270725.1
2022-10-12 20:20:01,977 - WARNING - The .bam file refers to a chromosome 'KI270725.1+' not present in the annotation (.gtf) file
2022-10-12 20:20:01,977 - WARNING - The .bam file refers to a chromosome 'KI270725.1-' not present in the annotation (.gtf) file
2022-10-12 20:20:01,982 - DEBUG - Marking up chromosome KI270744.1
2022-10-12 20:20:01,982 - WARNING - The .bam file refers to a chromosome 'KI270744.1+' not present in the annotation (.gtf) file
2022-10-12 20:20:01,982 - WARNING - The .bam file refers to a chromosome 'KI270744.1-' not present in the annotation (.gtf) file
2022-10-12 20:20:01,993 - DEBUG - Marking up chromosome KI270734.1
2022-10-12 20:20:02,011 - DEBUG - Marking up chromosome GL000213.1
2022-10-12 20:20:02,011 - WARNING - The .bam file refers to a chromosome 'GL000213.1+' not present in the annotation (.gtf) file
2022-10-12 20:20:02,011 - DEBUG - Marking up chromosome GL000220.1
2022-10-12 20:20:02,011 - WARNING - The .bam file refers to a chromosome 'GL000220.1+' not present in the annotation (.gtf) file
2022-10-12 20:20:02,011 - WARNING - The .bam file refers to a chromosome 'GL000220.1-' not present in the annotation (.gtf) file
2022-10-12 20:20:06,982 - DEBUG - Marking up chromosome KI270715.1
2022-10-12 20:20:06,982 - WARNING - The .bam file refers to a chromosome 'KI270715.1+' not present in the annotation (.gtf) file
2022-10-12 20:20:06,982 - WARNING - The .bam file refers to a chromosome 'KI270715.1-' not present in the annotation (.gtf) file
2022-10-12 20:20:06,983 - DEBUG - Marking up chromosome GL000218.1
2022-10-12 20:20:06,984 - WARNING - The .bam file refers to a chromosome 'GL000218.1+' not present in the annotation (.gtf) file
2022-10-12 20:20:06,988 - DEBUG - Marking up chromosome KI270749.1
2022-10-12 20:20:06,988 - WARNING - The .bam file refers to a chromosome 'KI270749.1+' not present in the annotation (.gtf) file
2022-10-12 20:20:06,988 - WARNING - The .bam file refers to a chromosome 'KI270749.1-' not present in the annotation (.gtf) file
2022-10-12 20:20:06,999 - DEBUG - Marking up chromosome KI270741.1
2022-10-12 20:20:07,000 - WARNING - The .bam file refers to a chromosome 'KI270741.1+' not present in the annotation (.gtf) file
2022-10-12 20:20:07,000 - WARNING - The .bam file refers to a chromosome 'KI270741.1-' not present in the annotation (.gtf) file
2022-10-12 20:20:07,012 - DEBUG - Marking up chromosome GL000221.1
2022-10-12 20:20:07,012 - WARNING - The .bam file refers to a chromosome 'GL000221.1+' not present in the annotation (.gtf) file
2022-10-12 20:20:07,013 - WARNING - The .bam file refers to a chromosome 'GL000221.1-' not present in the annotation (.gtf) file
2022-10-12 20:20:07,144 - DEBUG - Marking up chromosome KI270716.1
2022-10-12 20:20:07,144 - WARNING - The .bam file refers to a chromosome 'KI270716.1+' not present in the annotation (.gtf) file
2022-10-12 20:20:07,144 - WARNING - The .bam file refers to a chromosome 'KI270716.1-' not present in the annotation (.gtf) file
2022-10-12 20:20:07,144 - DEBUG - Marking up chromosome KI270731.1
2022-10-12 20:20:07,145 - WARNING - The .bam file refers to a chromosome 'KI270731.1+' not present in the annotation (.gtf) file
2022-10-12 20:20:07,147 - DEBUG - Marking up chromosome KI270751.1
2022-10-12 20:20:07,147 - WARNING - The .bam file refers to a chromosome 'KI270751.1+' not present in the annotation (.gtf) file
2022-10-12 20:20:07,147 - WARNING - The .bam file refers to a chromosome 'KI270751.1-' not present in the annotation (.gtf) file
2022-10-12 20:20:07,147 - DEBUG - Marking up chromosome KI270750.1
2022-10-12 20:20:07,147 - WARNING - The .bam file refers to a chromosome 'KI270750.1+' not present in the annotation (.gtf) file
2022-10-12 20:20:07,147 - WARNING - The .bam file refers to a chromosome 'KI270750.1-' not present in the annotation (.gtf) file
2022-10-12 20:20:07,148 - DEBUG - Marking up chromosome KI270519.1
2022-10-12 20:20:07,148 - WARNING - The .bam file refers to a chromosome 'KI270519.1+' not present in the annotation (.gtf) file
2022-10-12 20:20:07,148 - WARNING - The .bam file refers to a chromosome 'KI270519.1-' not present in the annotation (.gtf) file
2022-10-12 20:20:07,148 - DEBUG - Marking up chromosome GL000214.1
2022-10-12 20:20:07,148 - WARNING - The .bam file refers to a chromosome 'GL000214.1+' not present in the annotation (.gtf) file
2022-10-12 20:20:07,148 - WARNING - The .bam file refers to a chromosome 'GL000214.1-' not present in the annotation (.gtf) file
2022-10-12 20:20:07,150 - DEBUG - Marking up chromosome KI270708.1
2022-10-12 20:20:07,150 - WARNING - The .bam file refers to a chromosome 'KI270708.1+' not present in the annotation (.gtf) file
2022-10-12 20:20:07,150 - WARNING - The .bam file refers to a chromosome 'KI270708.1-' not present in the annotation (.gtf) file
2022-10-12 20:20:07,150 - DEBUG - Marking up chromosome KI270438.1
2022-10-12 20:20:07,150 - WARNING - The .bam file refers to a chromosome 'KI270438.1+' not present in the annotation (.gtf) file
2022-10-12 20:20:07,150 - WARNING - The .bam file refers to a chromosome 'KI270438.1-' not present in the annotation (.gtf) file
2022-10-12 20:20:07,151 - DEBUG - Marking up chromosome KI270737.1
2022-10-12 20:20:07,151 - WARNING - The .bam file refers to a chromosome 'KI270737.1+' not present in the annotation (.gtf) file
2022-10-12 20:20:07,151 - WARNING - The .bam file refers to a chromosome 'KI270737.1-' not present in the annotation (.gtf) file
2022-10-12 20:20:07,152 - DEBUG - Marking up chromosome KI270721.1
2022-10-12 20:20:07,152 - WARNING - The .bam file refers to a chromosome 'KI270721.1-' not present in the annotation (.gtf) file
2022-10-12 20:20:07,158 - DEBUG - Marking up chromosome KI270738.1
2022-10-12 20:20:07,158 - WARNING - The .bam file refers to a chromosome 'KI270738.1+' not present in the annotation (.gtf) file
2022-10-12 20:20:07,158 - WARNING - The .bam file refers to a chromosome 'KI270738.1-' not present in the annotation (.gtf) file
2022-10-12 20:20:07,161 - DEBUG - Marking up chromosome KI270748.1
2022-10-12 20:20:07,161 - WARNING - The .bam file refers to a chromosome 'KI270748.1+' not present in the annotation (.gtf) file
2022-10-12 20:20:07,162 - WARNING - The .bam file refers to a chromosome 'KI270748.1-' not present in the annotation (.gtf) file
2022-10-12 20:20:07,164 - DEBUG - Marking up chromosome KI270435.1
2022-10-12 20:20:07,164 - WARNING - The .bam file refers to a chromosome 'KI270435.1+' not present in the annotation (.gtf) file
2022-10-12 20:20:07,164 - WARNING - The .bam file refers to a chromosome 'KI270435.1-' not present in the annotation (.gtf) file
2022-10-12 20:20:07,164 - DEBUG - Marking up chromosome GL000208.1
2022-10-12 20:20:07,164 - WARNING - The .bam file refers to a chromosome 'GL000208.1+' not present in the annotation (.gtf) file
2022-10-12 20:20:07,164 - WARNING - The .bam file refers to a chromosome 'GL000208.1-' not present in the annotation (.gtf) file
2022-10-12 20:20:07,165 - DEBUG - Marking up chromosome KI270538.1
2022-10-12 20:20:07,165 - WARNING - The .bam file refers to a chromosome 'KI270538.1+' not present in the annotation (.gtf) file
2022-10-12 20:20:07,165 - WARNING - The .bam file refers to a chromosome 'KI270538.1-' not present in the annotation (.gtf) file
2022-10-12 20:20:07,165 - DEBUG - Marking up chromosome KI270757.1
2022-10-12 20:20:07,165 - WARNING - The .bam file refers to a chromosome 'KI270757.1+' not present in the annotation (.gtf) file
2022-10-12 20:20:07,165 - WARNING - The .bam file refers to a chromosome 'KI270757.1-' not present in the annotation (.gtf) file
2022-10-12 20:20:07,165 - DEBUG - Marking up chromosome KI270709.1
2022-10-12 20:20:07,165 - WARNING - The .bam file refers to a chromosome 'KI270709.1+' not present in the annotation (.gtf) file
2022-10-12 20:20:07,165 - WARNING - The .bam file refers to a chromosome 'KI270709.1-' not present in the annotation (.gtf) file
2022-10-12 20:20:07,168 - DEBUG - Marking up chromosome KI270746.1
2022-10-12 20:20:07,168 - WARNING - The .bam file refers to a chromosome 'KI270746.1+' not present in the annotation (.gtf) file
2022-10-12 20:20:07,168 - WARNING - The .bam file refers to a chromosome 'KI270746.1-' not present in the annotation (.gtf) file
2022-10-12 20:20:07,169 - DEBUG - Marking up chromosome KI270753.1
2022-10-12 20:20:07,169 - WARNING - The .bam file refers to a chromosome 'KI270753.1+' not present in the annotation (.gtf) file
2022-10-12 20:20:07,169 - WARNING - The .bam file refers to a chromosome 'KI270753.1-' not present in the annotation (.gtf) file
2022-10-12 20:20:07,169 - DEBUG - Marking up chromosome KI270589.1
2022-10-12 20:20:07,169 - WARNING - The .bam file refers to a chromosome 'KI270589.1+' not present in the annotation (.gtf) file
2022-10-12 20:20:07,169 - WARNING - The .bam file refers to a chromosome 'KI270589.1-' not present in the annotation (.gtf) file
2022-10-12 20:20:07,170 - DEBUG - Marking up chromosome KI270726.1
2022-10-12 20:20:07,170 - WARNING - The .bam file refers to a chromosome 'KI270726.1-' not present in the annotation (.gtf) file
2022-10-12 20:20:07,171 - DEBUG - Marking up chromosome KI270735.1
2022-10-12 20:20:07,171 - WARNING - The .bam file refers to a chromosome 'KI270735.1+' not present in the annotation (.gtf) file
2022-10-12 20:20:07,171 - WARNING - The .bam file refers to a chromosome 'KI270735.1-' not present in the annotation (.gtf) file
2022-10-12 20:20:07,171 - DEBUG - Marking up chromosome KI270711.1
2022-10-12 20:20:07,171 - WARNING - The .bam file refers to a chromosome 'KI270711.1+' not present in the annotation (.gtf) file
2022-10-12 20:20:07,305 - DEBUG - Marking up chromosome KI270745.1
2022-10-12 20:20:07,305 - WARNING - The .bam file refers to a chromosome 'KI270745.1+' not present in the annotation (.gtf) file
2022-10-12 20:20:07,305 - WARNING - The .bam file refers to a chromosome 'KI270745.1-' not present in the annotation (.gtf) file
2022-10-12 20:20:07,313 - DEBUG - Marking up chromosome KI270714.1
2022-10-12 20:20:07,313 - WARNING - The .bam file refers to a chromosome 'KI270714.1+' not present in the annotation (.gtf) file
2022-10-12 20:20:07,313 - WARNING - The .bam file refers to a chromosome 'KI270714.1-' not present in the annotation (.gtf) file
2022-10-12 20:20:07,320 - DEBUG - Marking up chromosome KI270732.1
2022-10-12 20:20:07,320 - WARNING - The .bam file refers to a chromosome 'KI270732.1+' not present in the annotation (.gtf) file
2022-10-12 20:20:07,320 - WARNING - The .bam file refers to a chromosome 'KI270732.1-' not present in the annotation (.gtf) file
2022-10-12 20:20:07,323 - DEBUG - Marking up chromosome KI270713.1
2022-10-12 20:20:07,352 - DEBUG - Marking up chromosome KI270754.1
2022-10-12 20:20:07,352 - WARNING - The .bam file refers to a chromosome 'KI270754.1+' not present in the annotation (.gtf) file
2022-10-12 20:20:07,352 - WARNING - The .bam file refers to a chromosome 'KI270754.1-' not present in the annotation (.gtf) file
2022-10-12 20:20:07,352 - DEBUG - Marking up chromosome KI270710.1
2022-10-12 20:20:07,352 - WARNING - The .bam file refers to a chromosome 'KI270710.1+' not present in the annotation (.gtf) file
2022-10-12 20:20:07,352 - WARNING - The .bam file refers to a chromosome 'KI270710.1-' not present in the annotation (.gtf) file
2022-10-12 20:20:07,352 - DEBUG - Marking up chromosome KI270717.1
2022-10-12 20:20:07,352 - WARNING - The .bam file refers to a chromosome 'KI270717.1+' not present in the annotation (.gtf) file
2022-10-12 20:20:07,352 - WARNING - The .bam file refers to a chromosome 'KI270717.1-' not present in the annotation (.gtf) file
2022-10-12 20:20:07,356 - DEBUG - Marking up chromosome KI270724.1
2022-10-12 20:20:07,356 - WARNING - The .bam file refers to a chromosome 'KI270724.1+' not present in the annotation (.gtf) file
2022-10-12 20:20:07,356 - WARNING - The .bam file refers to a chromosome 'KI270724.1-' not present in the annotation (.gtf) file
2022-10-12 20:20:07,356 - DEBUG - Marking up chromosome KI270720.1
2022-10-12 20:20:07,356 - WARNING - The .bam file refers to a chromosome 'KI270720.1+' not present in the annotation (.gtf) file
2022-10-12 20:20:07,356 - WARNING - The .bam file refers to a chromosome 'KI270720.1-' not present in the annotation (.gtf) file
2022-10-12 20:20:07,358 - DEBUG - Marking up chromosome KI270723.1
2022-10-12 20:20:07,358 - WARNING - The .bam file refers to a chromosome 'KI270723.1+' not present in the annotation (.gtf) file
2022-10-12 20:20:07,358 - WARNING - The .bam file refers to a chromosome 'KI270723.1-' not present in the annotation (.gtf) file
2022-10-12 20:20:07,360 - DEBUG - Marking up chromosome KI270718.1
2022-10-12 20:20:07,361 - WARNING - The .bam file refers to a chromosome 'KI270718.1+' not present in the annotation (.gtf) file
2022-10-12 20:20:07,361 - WARNING - The .bam file refers to a chromosome 'KI270718.1-' not present in the annotation (.gtf) file
2022-10-12 20:20:07,433 - DEBUG - Marking up chromosome KI270755.1
2022-10-12 20:20:07,433 - WARNING - The .bam file refers to a chromosome 'KI270755.1+' not present in the annotation (.gtf) file
2022-10-12 20:20:07,433 - WARNING - The .bam file refers to a chromosome 'KI270755.1-' not present in the annotation (.gtf) file
2022-10-12 20:20:07,438 - DEBUG - Marking up chromosome KI270707.1
2022-10-12 20:20:07,438 - WARNING - The .bam file refers to a chromosome 'KI270707.1+' not present in the annotation (.gtf) file
2022-10-12 20:20:07,438 - WARNING - The .bam file refers to a chromosome 'KI270707.1-' not present in the annotation (.gtf) file
2022-10-12 20:20:07,471 - DEBUG - Marking up chromosome KI270752.1
2022-10-12 20:20:07,472 - WARNING - The .bam file refers to a chromosome 'KI270752.1+' not present in the annotation (.gtf) file
2022-10-12 20:20:07,472 - WARNING - The .bam file refers to a chromosome 'KI270752.1-' not present in the annotation (.gtf) file
2022-10-12 20:20:07,472 - DEBUG - Marking up chromosome KI270512.1
2022-10-12 20:20:07,472 - WARNING - The .bam file refers to a chromosome 'KI270512.1+' not present in the annotation (.gtf) file
2022-10-12 20:20:07,472 - WARNING - The .bam file refers to a chromosome 'KI270512.1-' not present in the annotation (.gtf) file
2022-10-12 20:20:07,472 - DEBUG - Marking up chromosome KI270448.1
2022-10-12 20:20:07,472 - WARNING - The .bam file refers to a chromosome 'KI270448.1+' not present in the annotation (.gtf) file
2022-10-12 20:20:07,472 - WARNING - The .bam file refers to a chromosome 'KI270448.1-' not present in the annotation (.gtf) file
2022-10-12 20:20:07,473 - DEBUG - Marking up chromosome KI270467.1
2022-10-12 20:20:07,473 - WARNING - The .bam file refers to a chromosome 'KI270467.1+' not present in the annotation (.gtf) file
2022-10-12 20:20:07,473 - WARNING - The .bam file refers to a chromosome 'KI270467.1-' not present in the annotation (.gtf) file
2022-10-12 20:20:07,473 - DEBUG - Marking up chromosome KI270414.1
2022-10-12 20:20:07,473 - WARNING - The .bam file refers to a chromosome 'KI270414.1+' not present in the annotation (.gtf) file
2022-10-12 20:20:07,473 - WARNING - The .bam file refers to a chromosome 'KI270414.1-' not present in the annotation (.gtf) file
2022-10-12 20:20:07,473 - DEBUG - Marking up chromosome KI270303.1
2022-10-12 20:20:07,473 - WARNING - The .bam file refers to a chromosome 'KI270303.1+' not present in the annotation (.gtf) file
2022-10-12 20:20:07,473 - WARNING - The .bam file refers to a chromosome 'KI270303.1-' not present in the annotation (.gtf) file
2022-10-12 20:20:07,473 - DEBUG - Marking up chromosome KI270330.1
2022-10-12 20:20:07,474 - WARNING - The .bam file refers to a chromosome 'KI270330.1+' not present in the annotation (.gtf) file
2022-10-12 20:20:07,474 - WARNING - The .bam file refers to a chromosome 'KI270330.1-' not present in the annotation (.gtf) file
2022-10-12 20:20:07,479 - DEBUG - Marking up chromosome KI270310.1
2022-10-12 20:20:07,479 - WARNING - The .bam file refers to a chromosome 'KI270310.1+' not present in the annotation (.gtf) file
2022-10-12 20:20:07,479 - WARNING - The .bam file refers to a chromosome 'KI270310.1-' not present in the annotation (.gtf) file
2022-10-12 20:20:07,479 - DEBUG - Marking up chromosome KI270337.1
2022-10-12 20:20:07,479 - WARNING - The .bam file refers to a chromosome 'KI270337.1+' not present in the annotation (.gtf) file
2022-10-12 20:20:07,479 - WARNING - The .bam file refers to a chromosome 'KI270337.1-' not present in the annotation (.gtf) file
2022-10-12 20:20:07,479 - DEBUG - Marking up chromosome KI270379.1
2022-10-12 20:20:07,480 - WARNING - The .bam file refers to a chromosome 'KI270379.1+' not present in the annotation (.gtf) file
2022-10-12 20:20:07,480 - WARNING - The .bam file refers to a chromosome 'KI270379.1-' not present in the annotation (.gtf) file
2022-10-12 20:20:07,480 - DEBUG - Marking up chromosome KI270336.1
2022-10-12 20:20:07,480 - WARNING - The .bam file refers to a chromosome 'KI270336.1+' not present in the annotation (.gtf) file
2022-10-12 20:20:07,480 - WARNING - The .bam file refers to a chromosome 'KI270336.1-' not present in the annotation (.gtf) file
2022-10-12 20:20:18,754 - DEBUG - Read first 710 million reads
2022-10-12 20:20:36,581 - DEBUG - Read first 720 million reads
2022-10-12 20:20:55,133 - DEBUG - Read first 730 million reads
2022-10-12 20:21:01,909 - DEBUG - End of file. Reset index: start scanning from initial position.
2022-10-12 20:21:01,912 - DEBUG - 37057914 reads were skipped because no apropiate cell or umi barcode was found
2022-10-12 20:21:01,912 - DEBUG - Start molecule counting!
2022-10-12 20:21:06,955 - DEBUG - Features available for chromosomes : ['GL000009.2-', 'GL000194.1-', 'GL000195.1-', 'GL000195.1+', 'GL000205.2-', 'GL000213.1-', 'GL000218.1-', 'GL000219.1-', 'KI270711.1-', 'KI270713.1-', 'KI270713.1+', 'KI270721.1+', 'KI270726.1+', 'KI270727.1-', 'KI270727.1+', 'KI270728.1-', 'KI270728.1+', 'KI270731.1-', 'KI270734.1-', 'KI270734.1+', '1-', '1+', '10-', '10+', '11-', '11+', '12-', '12+', '13-', '13+', '14-', '14+', '15-', '15+', '16-', '16+', '17-', '17+', '18-', '18+', '19-', '19+', '2-', '2+', '20-', '20+', '21-', '21+', '22-', '22+', '3-', '3+', '4-', '4+', '5-', '5+', '6-', '6+', '7-', '7+', '8-', '8+', '9-', '9+', 'M-', 'M+', 'X-', 'X+', 'Y-', 'Y+']
2022-10-12 20:21:06,955 - DEBUG - Mask available for chromosomes : []
2022-10-12 20:21:06,955 - DEBUG - Summarizing the results of intron validation.
2022-10-12 20:21:08,073 - DEBUG - Validated 797168 introns (of which unique intervals 247853) out of 1106199 total possible introns (considering each possible transcript models).
2022-10-12 20:21:08,073 - DEBUG - Reading /storage/singlecell/zz4/fetal_bash/data/Retina_fetal/Multi_Fetal_13W_FR/outs/cellsorted_gex_possorted_bam.bam
2022-10-12 20:21:08,129 - DEBUG - Read first 0 million reads
2022-10-12 20:21:52,881 - DEBUG - Read first 10 million reads
2022-10-12 20:22:36,645 - DEBUG - Read first 20 million reads
2022-10-12 20:23:20,128 - DEBUG - Read first 30 million reads
2022-10-12 20:24:00,123 - DEBUG - Read first 40 million reads
2022-10-12 20:24:53,602 - DEBUG - Counting for batch 1, containing 100 cells and 3005619 reads
2022-10-12 20:27:17,563 - DEBUG - 0 reads not considered because fully enclosed in repeat masked regions
2022-10-12 20:28:28,093 - DEBUG - Counting for batch 2, containing 100 cells and 2592957 reads
2022-10-12 20:30:26,224 - DEBUG - 0 reads not considered because fully enclosed in repeat masked regions
2022-10-12 20:31:11,713 - DEBUG - Read first 50 million reads
2022-10-12 20:31:34,769 - DEBUG - Counting for batch 3, containing 100 cells and 3535879 reads
2022-10-12 20:34:00,167 - DEBUG - 0 reads not considered because fully enclosed in repeat masked regions
2022-10-12 20:35:02,561 - DEBUG - Counting for batch 4, containing 100 cells and 2446573 reads
2022-10-12 20:36:47,121 - DEBUG - 0 reads not considered because fully enclosed in repeat masked regions
2022-10-12 20:37:59,442 - DEBUG - Counting for batch 5, containing 100 cells and 3033105 reads
2022-10-12 20:40:05,070 - DEBUG - 0 reads not considered because fully enclosed in repeat masked regions
2022-10-12 20:40:50,826 - DEBUG - Read first 60 million reads
2022-10-12 20:41:17,366 - DEBUG - Counting for batch 6, containing 100 cells and 3143538 reads
2022-10-12 20:43:23,123 - DEBUG - 0 reads not considered because fully enclosed in repeat masked regions
2022-10-12 20:44:33,030 - DEBUG - Counting for batch 7, containing 100 cells and 3311539 reads
2022-10-12 20:46:43,908 - DEBUG - 0 reads not considered because fully enclosed in repeat masked regions
2022-10-12 20:47:56,876 - DEBUG - Counting for batch 8, containing 100 cells and 2916053 reads
2022-10-12 20:49:53,897 - DEBUG - 0 reads not considered because fully enclosed in repeat masked regions
2022-10-12 20:50:27,093 - DEBUG - Read first 70 million reads
2022-10-12 20:51:23,946 - DEBUG - Counting for batch 9, containing 100 cells and 4748863 reads
2022-10-12 20:54:47,850 - DEBUG - 0 reads not considered because fully enclosed in repeat masked regions
2022-10-12 20:56:08,629 - DEBUG - Counting for batch 10, containing 100 cells and 2983402 reads
2022-10-12 20:58:06,467 - DEBUG - 0 reads not considered because fully enclosed in repeat masked regions
2022-10-12 20:58:56,997 - DEBUG - Read first 80 million reads
2022-10-12 20:59:36,265 - DEBUG - Counting for batch 11, containing 100 cells and 4166114 reads
2022-10-12 21:02:40,083 - DEBUG - 0 reads not considered because fully enclosed in repeat masked regions
2022-10-12 21:04:11,231 - DEBUG - Counting for batch 12, containing 100 cells and 3987657 reads
2022-10-12 21:07:07,783 - DEBUG - 0 reads not considered because fully enclosed in repeat masked regions
2022-10-12 21:08:12,789 - DEBUG - Read first 90 million reads
2022-10-12 21:08:24,757 - DEBUG - Counting for batch 13, containing 100 cells and 3044976 reads
2022-10-12 21:10:25,971 - DEBUG - 0 reads not considered because fully enclosed in repeat masked regions
2022-10-12 21:11:45,980 - DEBUG - Counting for batch 14, containing 100 cells and 4055953 reads
2022-10-12 21:14:34,823 - DEBUG - 0 reads not considered because fully enclosed in repeat masked regions
2022-10-12 21:15:50,675 - DEBUG - Read first 100 million reads
2022-10-12 21:15:52,303 - DEBUG - Counting for batch 15, containing 100 cells and 3377330 reads
2022-10-12 21:18:08,429 - DEBUG - 0 reads not considered because fully enclosed in repeat masked regions
2022-10-12 21:19:20,752 - DEBUG - Counting for batch 16, containing 100 cells and 3237216 reads
2022-10-12 21:21:26,046 - DEBUG - 0 reads not considered because fully enclosed in repeat masked regions
2022-10-12 21:22:53,561 - DEBUG - Counting for batch 17, containing 100 cells and 4043357 reads
2022-10-12 21:25:26,328 - DEBUG - 0 reads not considered because fully enclosed in repeat masked regions
2022-10-12 21:26:16,773 - DEBUG - Read first 110 million reads
2022-10-12 21:26:39,898 - DEBUG - Counting for batch 18, containing 100 cells and 2754334 reads
2022-10-12 21:28:29,733 - DEBUG - 0 reads not considered because fully enclosed in repeat masked regions
2022-10-12 21:29:39,531 - DEBUG - Counting for batch 19, containing 100 cells and 3300415 reads
2022-10-12 21:31:45,097 - DEBUG - 0 reads not considered because fully enclosed in repeat masked regions
2022-10-12 21:33:00,735 - DEBUG - Read first 120 million reads
2022-10-12 21:33:07,523 - DEBUG - Counting for batch 20, containing 100 cells and 4400789 reads
2022-10-12 21:35:57,130 - DEBUG - 0 reads not considered because fully enclosed in repeat masked regions
2022-10-12 21:37:26,374 - DEBUG - Counting for batch 21, containing 100 cells and 3735793 reads
2022-10-12 21:39:39,198 - DEBUG - 0 reads not considered because fully enclosed in repeat masked regions
2022-10-12 21:40:59,479 - DEBUG - Counting for batch 22, containing 100 cells and 3265560 reads
2022-10-12 21:43:05,265 - DEBUG - 0 reads not considered because fully enclosed in repeat masked regions
2022-10-12 21:43:40,898 - DEBUG - Read first 130 million reads
2022-10-12 21:44:04,084 - DEBUG - Counting for batch 23, containing 100 cells and 2870982 reads
2022-10-12 21:45:52,360 - DEBUG - 0 reads not considered because fully enclosed in repeat masked regions
2022-10-12 21:47:02,970 - DEBUG - Counting for batch 24, containing 100 cells and 3482360 reads
2022-10-12 21:49:16,564 - DEBUG - 0 reads not considered because fully enclosed in repeat masked regions
2022-10-12 21:50:34,306 - DEBUG - Read first 140 million reads
2022-10-12 21:50:50,004 - DEBUG - Counting for batch 25, containing 100 cells and 4135744 reads
2022-10-12 21:53:42,923 - DEBUG - 0 reads not considered because fully enclosed in repeat masked regions
2022-10-12 21:55:04,410 - DEBUG - Counting for batch 26, containing 100 cells and 3544837 reads
2022-10-12 21:57:24,730 - DEBUG - 0 reads not considered because fully enclosed in repeat masked regions
2022-10-12 21:58:53,462 - DEBUG - Read first 150 million reads
2022-10-12 21:58:53,722 - DEBUG - Counting for batch 27, containing 100 cells and 4266671 reads
2022-10-12 22:01:35,654 - DEBUG - 0 reads not considered because fully enclosed in repeat masked regions
2022-10-12 22:02:44,922 - DEBUG - Counting for batch 28, containing 100 cells and 3055723 reads
2022-10-12 22:04:40,194 - DEBUG - 0 reads not considered because fully enclosed in repeat masked regions
2022-10-12 22:05:41,797 - DEBUG - Counting for batch 29, containing 100 cells and 2671596 reads
2022-10-12 22:07:26,861 - DEBUG - 0 reads not considered because fully enclosed in repeat masked regions
2022-10-12 22:08:21,721 - DEBUG - Read first 160 million reads
2022-10-12 22:08:24,055 - DEBUG - Counting for batch 30, containing 100 cells and 3064073 reads
2022-10-12 22:10:31,382 - DEBUG - 0 reads not considered because fully enclosed in repeat masked regions
2022-10-12 22:11:50,349 - DEBUG - Counting for batch 31, containing 100 cells and 4252592 reads
2022-10-12 22:14:39,054 - DEBUG - 0 reads not considered because fully enclosed in repeat masked regions
2022-10-12 22:15:51,819 - DEBUG - Counting for batch 32, containing 100 cells and 3117511 reads
2022-10-12 22:17:49,056 - DEBUG - 0 reads not considered because fully enclosed in repeat masked regions
2022-10-12 22:18:28,819 - DEBUG - Read first 170 million reads
2022-10-12 22:18:52,637 - DEBUG - Counting for batch 33, containing 100 cells and 2734082 reads
2022-10-12 22:20:31,554 - DEBUG - 0 reads not considered because fully enclosed in repeat masked regions
2022-10-12 22:21:35,353 - DEBUG - Counting for batch 34, containing 100 cells and 2967084 reads
2022-10-12 22:23:39,051 - DEBUG - 0 reads not considered because fully enclosed in repeat masked regions
2022-10-12 22:24:44,550 - DEBUG - Counting for batch 35, containing 100 cells and 3636210 reads
2022-10-12 22:26:53,572 - DEBUG - 0 reads not considered because fully enclosed in repeat masked regions
2022-10-12 22:27:23,977 - DEBUG - Read first 180 million reads
2022-10-12 22:28:05,916 - DEBUG - Counting for batch 36, containing 100 cells and 3600587 reads
2022-10-12 22:30:12,012 - DEBUG - 0 reads not considered because fully enclosed in repeat masked regions
2022-10-12 22:31:25,182 - DEBUG - Counting for batch 37, containing 100 cells and 3789155 reads
2022-10-12 22:33:31,526 - DEBUG - 0 reads not considered because fully enclosed in repeat masked regions
2022-10-12 22:34:14,846 - DEBUG - Read first 190 million reads
2022-10-12 22:34:35,083 - DEBUG - Counting for batch 38, containing 100 cells and 3170269 reads
2022-10-12 22:36:45,016 - DEBUG - 0 reads not considered because fully enclosed in repeat masked regions
2022-10-12 22:37:47,414 - DEBUG - Counting for batch 39, containing 100 cells and 3180395 reads
2022-10-12 22:40:10,187 - DEBUG - 0 reads not considered because fully enclosed in repeat masked regions
2022-10-12 22:41:19,781 - DEBUG - Counting for batch 40, containing 100 cells and 3730577 reads
2022-10-12 22:43:45,014 - DEBUG - 0 reads not considered because fully enclosed in repeat masked regions
2022-10-12 22:44:18,996 - DEBUG - Read first 200 million reads
2022-10-12 22:45:19,588 - DEBUG - Counting for batch 41, containing 100 cells and 4516698 reads
2022-10-12 22:48:17,042 - DEBUG - 0 reads not considered because fully enclosed in repeat masked regions
2022-10-12 22:49:22,508 - DEBUG - Counting for batch 42, containing 100 cells and 3264071 reads
2022-10-12 22:51:38,737 - DEBUG - 0 reads not considered because fully enclosed in repeat masked regions
2022-10-12 22:52:20,511 - DEBUG - Read first 210 million reads
2022-10-12 22:52:51,681 - DEBUG - Counting for batch 43, containing 100 cells and 3198339 reads
2022-10-12 22:54:34,594 - DEBUG - 0 reads not considered because fully enclosed in repeat masked regions
2022-10-12 22:55:41,134 - DEBUG - Counting for batch 44, containing 100 cells and 3995154 reads
2022-10-12 22:57:52,352 - DEBUG - 0 reads not considered because fully enclosed in repeat masked regions
2022-10-12 22:58:41,323 - DEBUG - Read first 220 million reads
2022-10-12 22:59:02,561 - DEBUG - Counting for batch 45, containing 100 cells and 4269416 reads
2022-10-12 23:01:18,273 - DEBUG - 0 reads not considered because fully enclosed in repeat masked regions
2022-10-12 23:02:30,115 - DEBUG - Counting for batch 46, containing 100 cells and 3615038 reads
2022-10-12 23:04:36,452 - DEBUG - 0 reads not considered because fully enclosed in repeat masked regions
2022-10-12 23:05:26,981 - DEBUG - Read first 230 million reads
2022-10-12 23:05:42,018 - DEBUG - Counting for batch 47, containing 100 cells and 3896735 reads
2022-10-12 23:08:25,270 - DEBUG - 0 reads not considered because fully enclosed in repeat masked regions
2022-10-12 23:09:56,790 - DEBUG - Counting for batch 48, containing 100 cells and 3664673 reads
2022-10-12 23:12:34,642 - DEBUG - 0 reads not considered because fully enclosed in repeat masked regions
2022-10-12 23:13:43,791 - DEBUG - Counting for batch 49, containing 100 cells and 3015273 reads
2022-10-12 23:16:02,246 - DEBUG - 0 reads not considered because fully enclosed in repeat masked regions
2022-10-12 23:16:34,497 - DEBUG - Read first 240 million reads
2022-10-12 23:17:02,264 - DEBUG - Counting for batch 50, containing 100 cells and 2989221 reads
2022-10-12 23:18:46,429 - DEBUG - 0 reads not considered because fully enclosed in repeat masked regions
2022-10-12 23:19:33,617 - DEBUG - Counting for batch 51, containing 100 cells and 2849186 reads
2022-10-12 23:21:12,017 - DEBUG - 0 reads not considered because fully enclosed in repeat masked regions
2022-10-12 23:22:04,793 - DEBUG - Read first 250 million reads
2022-10-12 23:22:05,396 - DEBUG - Counting for batch 52, containing 100 cells and 3272296 reads
2022-10-12 23:23:50,776 - DEBUG - 0 reads not considered because fully enclosed in repeat masked regions
2022-10-12 23:25:00,459 - DEBUG - Counting for batch 53, containing 100 cells and 3681847 reads
2022-10-12 23:27:00,122 - DEBUG - 0 reads not considered because fully enclosed in repeat masked regions
2022-10-12 23:28:07,984 - DEBUG - Counting for batch 54, containing 100 cells and 3729447 reads
2022-10-12 23:30:04,883 - DEBUG - 0 reads not considered because fully enclosed in repeat masked regions
2022-10-12 23:30:45,804 - DEBUG - Read first 260 million reads
2022-10-12 23:31:32,277 - DEBUG - Counting for batch 55, containing 100 cells and 5158168 reads
2022-10-12 23:34:25,473 - DEBUG - 0 reads not considered because fully enclosed in repeat masked regions
2022-10-12 23:35:32,646 - DEBUG - Counting for batch 56, containing 100 cells and 3251413 reads
2022-10-12 23:37:19,799 - DEBUG - 0 reads not considered because fully enclosed in repeat masked regions
2022-10-12 23:37:58,762 - DEBUG - Read first 270 million reads
2022-10-12 23:38:18,865 - DEBUG - Counting for batch 57, containing 100 cells and 3164506 reads
2022-10-12 23:40:04,203 - DEBUG - 0 reads not considered because fully enclosed in repeat masked regions
2022-10-12 23:41:07,448 - DEBUG - Counting for batch 58, containing 100 cells and 3614017 reads
2022-10-12 23:43:07,045 - DEBUG - 0 reads not considered because fully enclosed in repeat masked regions
2022-10-12 23:44:11,372 - DEBUG - Read first 280 million reads
2022-10-12 23:44:17,416 - DEBUG - Counting for batch 59, containing 100 cells and 3948705 reads
2022-10-12 23:46:30,757 - DEBUG - 0 reads not considered because fully enclosed in repeat masked regions
2022-10-12 23:47:35,153 - DEBUG - Counting for batch 60, containing 100 cells and 3176499 reads
2022-10-12 23:49:17,550 - DEBUG - 0 reads not considered because fully enclosed in repeat masked regions
2022-10-12 23:50:37,196 - DEBUG - Read first 290 million reads
2022-10-12 23:50:41,991 - DEBUG - Counting for batch 61, containing 100 cells and 5505925 reads
2022-10-12 23:53:35,308 - DEBUG - 0 reads not considered because fully enclosed in repeat masked regions
2022-10-12 23:54:49,176 - DEBUG - Counting for batch 62, containing 100 cells and 3431771 reads
2022-10-12 23:56:41,348 - DEBUG - 0 reads not considered because fully enclosed in repeat masked regions
2022-10-12 23:57:43,092 - DEBUG - Counting for batch 63, containing 100 cells and 3615766 reads
2022-10-12 23:59:44,050 - DEBUG - 0 reads not considered because fully enclosed in repeat masked regions
2022-10-13 00:00:18,803 - DEBUG - Read first 300 million reads
2022-10-13 00:00:43,660 - DEBUG - Counting for batch 64, containing 100 cells and 3428928 reads
2022-10-13 00:02:41,362 - DEBUG - 0 reads not considered because fully enclosed in repeat masked regions
2022-10-13 00:03:28,697 - DEBUG - Counting for batch 65, containing 100 cells and 2473795 reads
2022-10-13 00:04:49,710 - DEBUG - 0 reads not considered because fully enclosed in repeat masked regions
2022-10-13 00:05:44,964 - DEBUG - Counting for batch 66, containing 100 cells and 3159853 reads
2022-10-13 00:07:35,014 - DEBUG - 0 reads not considered because fully enclosed in repeat masked regions
2022-10-13 00:08:02,061 - DEBUG - Read first 310 million reads
2022-10-13 00:08:26,816 - DEBUG - Counting for batch 67, containing 100 cells and 2937509 reads
2022-10-13 00:10:01,525 - DEBUG - 0 reads not considered because fully enclosed in repeat masked regions
2022-10-13 00:10:53,282 - DEBUG - Counting for batch 68, containing 100 cells and 2611306 reads
2022-10-13 00:12:27,078 - DEBUG - 0 reads not considered because fully enclosed in repeat masked regions
2022-10-13 00:13:19,048 - DEBUG - Counting for batch 69, containing 100 cells and 3301109 reads
2022-10-13 00:15:09,670 - DEBUG - 0 reads not considered because fully enclosed in repeat masked regions
2022-10-13 00:15:34,922 - DEBUG - Read first 320 million reads
2022-10-13 00:16:14,372 - DEBUG - Counting for batch 70, containing 100 cells and 3410194 reads
2022-10-13 00:18:13,508 - DEBUG - 0 reads not considered because fully enclosed in repeat masked regions
2022-10-13 00:19:25,912 - DEBUG - Counting for batch 71, containing 100 cells and 3809839 reads
2022-10-13 00:21:30,691 - DEBUG - 0 reads not considered because fully enclosed in repeat masked regions
2022-10-13 00:22:21,437 - DEBUG - Read first 330 million reads
2022-10-13 00:22:33,494 - DEBUG - Counting for batch 72, containing 100 cells and 2488252 reads
2022-10-13 00:23:57,318 - DEBUG - 0 reads not considered because fully enclosed in repeat masked regions
2022-10-13 00:24:40,534 - DEBUG - Counting for batch 73, containing 100 cells and 2242294 reads
2022-10-13 00:25:56,245 - DEBUG - 0 reads not considered because fully enclosed in repeat masked regions
2022-10-13 00:26:53,695 - DEBUG - Counting for batch 74, containing 100 cells and 3765225 reads
2022-10-13 00:28:59,935 - DEBUG - 0 reads not considered because fully enclosed in repeat masked regions
2022-10-13 00:29:44,800 - DEBUG - Read first 340 million reads
2022-10-13 00:30:07,359 - DEBUG - Counting for batch 75, containing 100 cells and 3669395 reads
2022-10-13 00:32:05,024 - DEBUG - 0 reads not considered because fully enclosed in repeat masked regions
2022-10-13 00:33:03,547 - DEBUG - Counting for batch 76, containing 100 cells and 3096056 reads
2022-10-13 00:34:42,880 - DEBUG - 0 reads not considered because fully enclosed in repeat masked regions
2022-10-13 00:35:43,641 - DEBUG - Read first 350 million reads
2022-10-13 00:35:45,238 - DEBUG - Counting for batch 77, containing 100 cells and 3801390 reads
2022-10-13 00:37:52,917 - DEBUG - 0 reads not considered because fully enclosed in repeat masked regions
2022-10-13 00:38:55,426 - DEBUG - Counting for batch 78, containing 100 cells and 3409721 reads
2022-10-13 00:40:53,427 - DEBUG - 0 reads not considered because fully enclosed in repeat masked regions
2022-10-13 00:41:44,232 - DEBUG - Counting for batch 79, containing 100 cells and 2906002 reads
2022-10-13 00:43:22,590 - DEBUG - 0 reads not considered because fully enclosed in repeat masked regions
2022-10-13 00:43:58,611 - DEBUG - Read first 360 million reads
2022-10-13 00:44:31,274 - DEBUG - Counting for batch 80, containing 100 cells and 4614593 reads
2022-10-13 00:47:07,355 - DEBUG - 0 reads not considered because fully enclosed in repeat masked regions
2022-10-13 00:48:16,575 - DEBUG - Counting for batch 81, containing 100 cells and 3264601 reads
2022-10-13 00:50:04,122 - DEBUG - 0 reads not considered because fully enclosed in repeat masked regions
2022-10-13 00:50:54,258 - DEBUG - Read first 370 million reads
2022-10-13 00:51:09,942 - DEBUG - Counting for batch 82, containing 100 cells and 3780044 reads
2022-10-13 00:53:17,930 - DEBUG - 0 reads not considered because fully enclosed in repeat masked regions
2022-10-13 00:54:21,959 - DEBUG - Counting for batch 83, containing 100 cells and 3777468 reads
2022-10-13 00:56:28,344 - DEBUG - 0 reads not considered because fully enclosed in repeat masked regions
2022-10-13 00:57:33,453 - DEBUG - Read first 380 million reads
2022-10-13 00:57:35,410 - DEBUG - Counting for batch 84, containing 100 cells and 3927004 reads
2022-10-13 00:59:49,288 - DEBUG - 0 reads not considered because fully enclosed in repeat masked regions
2022-10-13 01:00:49,020 - DEBUG - Counting for batch 85, containing 100 cells and 2900220 reads
2022-10-13 01:02:26,930 - DEBUG - 0 reads not considered because fully enclosed in repeat masked regions
2022-10-13 01:03:29,569 - DEBUG - Counting for batch 86, containing 100 cells and 3816236 reads
2022-10-13 01:05:38,738 - DEBUG - 0 reads not considered because fully enclosed in repeat masked regions
2022-10-13 01:06:21,332 - DEBUG - Read first 390 million reads
2022-10-13 01:06:39,853 - DEBUG - Counting for batch 87, containing 100 cells and 3186799 reads
2022-10-13 01:08:20,063 - DEBUG - 0 reads not considered because fully enclosed in repeat masked regions
2022-10-13 01:09:19,949 - DEBUG - Counting for batch 88, containing 100 cells and 3194717 reads
2022-10-13 01:11:02,515 - DEBUG - 0 reads not considered because fully enclosed in repeat masked regions
2022-10-13 01:12:05,290 - DEBUG - Counting for batch 89, containing 100 cells and 3403489 reads
2022-10-13 01:14:04,285 - DEBUG - 0 reads not considered because fully enclosed in repeat masked regions
2022-10-13 01:14:31,869 - DEBUG - Read first 400 million reads
2022-10-13 01:15:03,636 - DEBUG - Counting for batch 90, containing 100 cells and 3593560 reads
2022-10-13 01:17:03,685 - DEBUG - 0 reads not considered because fully enclosed in repeat masked regions
2022-10-13 01:17:56,097 - DEBUG - Counting for batch 91, containing 100 cells and 2618510 reads
2022-10-13 01:19:21,257 - DEBUG - 0 reads not considered because fully enclosed in repeat masked regions
2022-10-13 01:20:15,113 - DEBUG - Read first 410 million reads
2022-10-13 01:20:18,731 - DEBUG - Counting for batch 92, containing 100 cells and 3270479 reads
2022-10-13 01:22:03,157 - DEBUG - 0 reads not considered because fully enclosed in repeat masked regions
2022-10-13 01:23:04,844 - DEBUG - Counting for batch 93, containing 100 cells and 3188470 reads
2022-10-13 01:24:46,137 - DEBUG - 0 reads not considered because fully enclosed in repeat masked regions
2022-10-13 01:25:42,462 - DEBUG - Counting for batch 94, containing 100 cells and 2927499 reads
2022-10-13 01:27:20,730 - DEBUG - 0 reads not considered because fully enclosed in repeat masked regions
2022-10-13 01:27:59,256 - DEBUG - Read first 420 million reads
2022-10-13 01:28:10,923 - DEBUG - Counting for batch 95, containing 100 cells and 3257500 reads
2022-10-13 01:30:01,810 - DEBUG - 0 reads not considered because fully enclosed in repeat masked regions
2022-10-13 01:31:01,119 - DEBUG - Counting for batch 96, containing 100 cells and 3460709 reads
2022-10-13 01:32:52,022 - DEBUG - 0 reads not considered because fully enclosed in repeat masked regions
2022-10-13 01:33:51,423 - DEBUG - Counting for batch 97, containing 100 cells and 3050675 reads
2022-10-13 01:35:28,803 - DEBUG - 0 reads not considered because fully enclosed in repeat masked regions
2022-10-13 01:36:00,897 - DEBUG - Read first 430 million reads
2022-10-13 01:36:28,439 - DEBUG - Counting for batch 98, containing 100 cells and 3195671 reads
2022-10-13 01:38:17,624 - DEBUG - 0 reads not considered because fully enclosed in repeat masked regions
2022-10-13 01:39:05,791 - DEBUG - Counting for batch 99, containing 100 cells and 2838084 reads
2022-10-13 01:40:38,846 - DEBUG - 0 reads not considered because fully enclosed in repeat masked regions
2022-10-13 01:41:39,382 - DEBUG - Read first 440 million reads
2022-10-13 01:41:39,384 - DEBUG - Counting for batch 100, containing 100 cells and 3338950 reads
2022-10-13 01:43:25,737 - DEBUG - 0 reads not considered because fully enclosed in repeat masked regions
2022-10-13 01:44:21,698 - DEBUG - Counting for batch 101, containing 100 cells and 2898951 reads
2022-10-13 01:45:56,207 - DEBUG - 0 reads not considered because fully enclosed in repeat masked regions
2022-10-13 01:47:03,179 - DEBUG - Counting for batch 102, containing 100 cells and 4039288 reads
2022-10-13 01:49:21,021 - DEBUG - 0 reads not considered because fully enclosed in repeat masked regions
2022-10-13 01:50:06,065 - DEBUG - Read first 450 million reads
2022-10-13 01:50:17,664 - DEBUG - Counting for batch 103, containing 100 cells and 2885636 reads
2022-10-13 01:51:56,829 - DEBUG - 0 reads not considered because fully enclosed in repeat masked regions
2022-10-13 01:52:43,527 - DEBUG - Counting for batch 104, containing 100 cells and 2638828 reads
2022-10-13 01:54:11,731 - DEBUG - 0 reads not considered because fully enclosed in repeat masked regions
2022-10-13 01:55:01,214 - DEBUG - Counting for batch 105, containing 100 cells and 2913568 reads
2022-10-13 01:56:39,415 - DEBUG - 0 reads not considered because fully enclosed in repeat masked regions
2022-10-13 01:57:17,082 - DEBUG - Read first 460 million reads
2022-10-13 01:57:34,724 - DEBUG - Counting for batch 106, containing 100 cells and 3448905 reads
2022-10-13 01:59:22,004 - DEBUG - 0 reads not considered because fully enclosed in repeat masked regions
2022-10-13 02:00:21,239 - DEBUG - Counting for batch 107, containing 100 cells and 2851522 reads
2022-10-13 02:01:53,719 - DEBUG - 0 reads not considered because fully enclosed in repeat masked regions
2022-10-13 02:02:58,747 - DEBUG - Counting for batch 108, containing 100 cells and 3936651 reads
2022-10-13 02:05:08,435 - DEBUG - 0 reads not considered because fully enclosed in repeat masked regions
2022-10-13 02:05:37,891 - DEBUG - Read first 470 million reads
2022-10-13 02:06:08,180 - DEBUG - Counting for batch 109, containing 100 cells and 3228825 reads
2022-10-13 02:07:52,064 - DEBUG - 0 reads not considered because fully enclosed in repeat masked regions
2022-10-13 02:08:45,252 - DEBUG - Counting for batch 110, containing 100 cells and 2833641 reads
2022-10-13 02:10:16,968 - DEBUG - 0 reads not considered because fully enclosed in repeat masked regions
2022-10-13 02:11:09,025 - DEBUG - Read first 480 million reads
2022-10-13 02:11:09,571 - DEBUG - Counting for batch 111, containing 100 cells and 2905635 reads
2022-10-13 02:12:44,398 - DEBUG - 0 reads not considered because fully enclosed in repeat masked regions
2022-10-13 02:13:39,698 - DEBUG - Counting for batch 112, containing 100 cells and 3058416 reads
2022-10-13 02:15:24,278 - DEBUG - 0 reads not considered because fully enclosed in repeat masked regions
2022-10-13 02:16:20,380 - DEBUG - Counting for batch 113, containing 100 cells and 2762532 reads
2022-10-13 02:17:56,323 - DEBUG - 0 reads not considered because fully enclosed in repeat masked regions
2022-10-13 02:18:43,768 - DEBUG - Read first 490 million reads
2022-10-13 02:18:50,173 - DEBUG - Counting for batch 114, containing 100 cells and 3102073 reads
2022-10-13 02:20:33,929 - DEBUG - 0 reads not considered because fully enclosed in repeat masked regions
2022-10-13 02:21:36,111 - DEBUG - Counting for batch 115, containing 100 cells and 3388541 reads
2022-10-13 02:23:24,117 - DEBUG - 0 reads not considered because fully enclosed in repeat masked regions
2022-10-13 02:24:21,712 - DEBUG - Counting for batch 116, containing 100 cells and 2982961 reads
2022-10-13 02:25:58,790 - DEBUG - 0 reads not considered because fully enclosed in repeat masked regions
2022-10-13 02:26:37,187 - DEBUG - Read first 500 million reads
2022-10-13 02:26:49,872 - DEBUG - Counting for batch 117, containing 100 cells and 3044549 reads
2022-10-13 02:28:31,470 - DEBUG - 0 reads not considered because fully enclosed in repeat masked regions
2022-10-13 02:29:33,213 - DEBUG - Counting for batch 118, containing 100 cells and 3846834 reads
2022-10-13 02:31:38,040 - DEBUG - 0 reads not considered because fully enclosed in repeat masked regions
2022-10-13 02:32:31,922 - DEBUG - Counting for batch 119, containing 100 cells and 2194937 reads
2022-10-13 02:33:44,805 - DEBUG - 0 reads not considered because fully enclosed in repeat masked regions
2022-10-13 02:34:11,522 - DEBUG - Read first 510 million reads
2022-10-13 02:34:43,456 - DEBUG - Counting for batch 120, containing 100 cells and 4002491 reads
2022-10-13 02:36:56,640 - DEBUG - 0 reads not considered because fully enclosed in repeat masked regions
2022-10-13 02:37:50,736 - DEBUG - Counting for batch 121, containing 100 cells and 2730212 reads
2022-10-13 02:39:18,311 - DEBUG - 0 reads not considered because fully enclosed in repeat masked regions
2022-10-13 02:40:15,243 - DEBUG - Read first 520 million reads
2022-10-13 02:40:16,598 - DEBUG - Counting for batch 122, containing 100 cells and 3327013 reads
2022-10-13 02:42:07,970 - DEBUG - 0 reads not considered because fully enclosed in repeat masked regions
2022-10-13 02:43:09,058 - DEBUG - Counting for batch 123, containing 100 cells and 3792241 reads
2022-10-13 02:45:14,116 - DEBUG - 0 reads not considered because fully enclosed in repeat masked regions
2022-10-13 02:46:15,218 - DEBUG - Counting for batch 124, containing 100 cells and 3236060 reads
2022-10-13 02:48:03,493 - DEBUG - 0 reads not considered because fully enclosed in repeat masked regions
2022-10-13 02:48:37,807 - DEBUG - Read first 530 million reads
2022-10-13 02:48:55,581 - DEBUG - Counting for batch 125, containing 100 cells and 2977596 reads
2022-10-13 02:50:36,378 - DEBUG - 0 reads not considered because fully enclosed in repeat masked regions
2022-10-13 02:51:47,359 - DEBUG - Counting for batch 126, containing 100 cells and 4726931 reads
2022-10-13 02:54:23,091 - DEBUG - 0 reads not considered because fully enclosed in repeat masked regions
2022-10-13 02:55:19,497 - DEBUG - Read first 540 million reads
2022-10-13 02:55:38,677 - DEBUG - Counting for batch 127, containing 100 cells and 3816964 reads
2022-10-13 02:57:39,656 - DEBUG - 0 reads not considered because fully enclosed in repeat masked regions
2022-10-13 02:58:32,361 - DEBUG - Counting for batch 128, containing 100 cells and 2398564 reads
2022-10-13 02:59:50,141 - DEBUG - 0 reads not considered because fully enclosed in repeat masked regions
2022-10-13 03:00:36,556 - DEBUG - Counting for batch 129, containing 100 cells and 2603246 reads
2022-10-13 03:02:00,583 - DEBUG - 0 reads not considered because fully enclosed in repeat masked regions
2022-10-13 03:02:41,746 - DEBUG - Read first 550 million reads
2022-10-13 03:02:52,179 - DEBUG - Counting for batch 130, containing 100 cells and 2938057 reads
2022-10-13 03:04:31,643 - DEBUG - 0 reads not considered because fully enclosed in repeat masked regions
2022-10-13 03:05:23,752 - DEBUG - Counting for batch 131, containing 100 cells and 3166934 reads
2022-10-13 03:07:05,531 - DEBUG - 0 reads not considered because fully enclosed in repeat masked regions
2022-10-13 03:07:58,433 - DEBUG - Counting for batch 132, containing 100 cells and 2980493 reads
2022-10-13 03:09:37,557 - DEBUG - 0 reads not considered because fully enclosed in repeat masked regions
2022-10-13 03:10:13,265 - DEBUG - Read first 560 million reads
2022-10-13 03:10:33,515 - DEBUG - Counting for batch 133, containing 100 cells and 3289503 reads
2022-10-13 03:12:22,374 - DEBUG - 0 reads not considered because fully enclosed in repeat masked regions
2022-10-13 03:13:15,369 - DEBUG - Counting for batch 134, containing 100 cells and 2766282 reads
2022-10-13 03:14:45,563 - DEBUG - 0 reads not considered because fully enclosed in repeat masked regions
2022-10-13 03:15:37,871 - DEBUG - Counting for batch 135, containing 100 cells and 3162212 reads
2022-10-13 03:17:24,834 - DEBUG - 0 reads not considered because fully enclosed in repeat masked regions
2022-10-13 03:17:54,465 - DEBUG - Read first 570 million reads
2022-10-13 03:18:32,757 - DEBUG - Counting for batch 136, containing 100 cells and 4323076 reads
2022-10-13 03:20:58,204 - DEBUG - 0 reads not considered because fully enclosed in repeat masked regions
2022-10-13 03:21:59,497 - DEBUG - Counting for batch 137, containing 100 cells and 3231826 reads
2022-10-13 03:23:44,811 - DEBUG - 0 reads not considered because fully enclosed in repeat masked regions
2022-10-13 03:24:32,196 - DEBUG - Read first 580 million reads
2022-10-13 03:24:50,749 - DEBUG - Counting for batch 138, containing 100 cells and 3362483 reads
2022-10-13 03:26:43,706 - DEBUG - 0 reads not considered because fully enclosed in repeat masked regions
2022-10-13 03:27:37,017 - DEBUG - Counting for batch 139, containing 100 cells and 2725287 reads
2022-10-13 03:29:05,342 - DEBUG - 0 reads not considered because fully enclosed in repeat masked regions
2022-10-13 03:30:06,268 - DEBUG - Counting for batch 140, containing 100 cells and 3684272 reads
2022-10-13 03:32:12,115 - DEBUG - 0 reads not considered because fully enclosed in repeat masked regions
2022-10-13 03:32:45,206 - DEBUG - Read first 590 million reads
2022-10-13 03:33:08,492 - DEBUG - Counting for batch 141, containing 100 cells and 3242606 reads
2022-10-13 03:34:53,157 - DEBUG - 0 reads not considered because fully enclosed in repeat masked regions
2022-10-13 03:35:49,719 - DEBUG - Counting for batch 142, containing 100 cells and 2934637 reads
2022-10-13 03:37:23,824 - DEBUG - 0 reads not considered because fully enclosed in repeat masked regions
2022-10-13 03:38:14,998 - DEBUG - Read first 600 million reads
2022-10-13 03:38:20,057 - DEBUG - Counting for batch 143, containing 100 cells and 3434746 reads
2022-10-13 03:40:08,717 - DEBUG - 0 reads not considered because fully enclosed in repeat masked regions
2022-10-13 03:41:12,940 - DEBUG - Counting for batch 144, containing 100 cells and 3684129 reads
2022-10-13 03:43:08,897 - DEBUG - 0 reads not considered because fully enclosed in repeat masked regions
2022-10-13 03:44:17,573 - DEBUG - Counting for batch 145, containing 100 cells and 3210277 reads
2022-10-13 03:46:05,601 - DEBUG - 0 reads not considered because fully enclosed in repeat masked regions
2022-10-13 03:46:52,405 - DEBUG - Read first 610 million reads
2022-10-13 03:47:20,187 - DEBUG - Counting for batch 146, containing 100 cells and 3472019 reads
2022-10-13 03:49:11,330 - DEBUG - 0 reads not considered because fully enclosed in repeat masked regions
2022-10-13 03:50:15,617 - DEBUG - Counting for batch 147, containing 100 cells and 3433814 reads
2022-10-13 03:52:08,183 - DEBUG - 0 reads not considered because fully enclosed in repeat masked regions
2022-10-13 03:53:02,872 - DEBUG - Read first 620 million reads
2022-10-13 03:53:04,636 - DEBUG - Counting for batch 148, containing 100 cells and 3285163 reads
2022-10-13 03:54:50,178 - DEBUG - 0 reads not considered because fully enclosed in repeat masked regions
2022-10-13 03:55:50,766 - DEBUG - Counting for batch 149, containing 100 cells and 3379088 reads
2022-10-13 03:57:40,206 - DEBUG - 0 reads not considered because fully enclosed in repeat masked regions
2022-10-13 03:58:46,113 - DEBUG - Counting for batch 150, containing 100 cells and 3522955 reads
2022-10-13 04:00:38,446 - DEBUG - 0 reads not considered because fully enclosed in repeat masked regions
2022-10-13 04:01:18,598 - DEBUG - Read first 630 million reads
2022-10-13 04:01:37,416 - DEBUG - Counting for batch 151, containing 100 cells and 3002196 reads
2022-10-13 04:03:17,881 - DEBUG - 0 reads not considered because fully enclosed in repeat masked regions
2022-10-13 04:04:10,517 - DEBUG - Counting for batch 152, containing 100 cells and 2796208 reads
2022-10-13 04:05:40,246 - DEBUG - 0 reads not considered because fully enclosed in repeat masked regions
2022-10-13 04:06:36,193 - DEBUG - Read first 640 million reads
2022-10-13 04:06:42,848 - DEBUG - Counting for batch 153, containing 100 cells and 3782833 reads
2022-10-13 04:08:45,621 - DEBUG - 0 reads not considered because fully enclosed in repeat masked regions
2022-10-13 04:09:57,042 - DEBUG - Counting for batch 154, containing 100 cells and 3752984 reads
2022-10-13 04:11:53,223 - DEBUG - 0 reads not considered because fully enclosed in repeat masked regions
2022-10-13 04:13:05,727 - DEBUG - Counting for batch 155, containing 100 cells and 3845387 reads
2022-10-13 04:15:08,185 - DEBUG - 0 reads not considered because fully enclosed in repeat masked regions
2022-10-13 04:15:41,547 - DEBUG - Read first 650 million reads
2022-10-13 04:16:08,240 - DEBUG - Counting for batch 156, containing 100 cells and 3066429 reads
2022-10-13 04:17:51,168 - DEBUG - 0 reads not considered because fully enclosed in repeat masked regions
2022-10-13 04:18:36,949 - DEBUG - Counting for batch 157, containing 100 cells and 2747478 reads
2022-10-13 04:20:04,360 - DEBUG - 0 reads not considered because fully enclosed in repeat masked regions
2022-10-13 04:21:05,308 - DEBUG - Read first 660 million reads
2022-10-13 04:21:08,932 - DEBUG - Counting for batch 158, containing 100 cells and 3899259 reads
2022-10-13 04:23:18,296 - DEBUG - 0 reads not considered because fully enclosed in repeat masked regions
2022-10-13 04:24:22,824 - DEBUG - Counting for batch 159, containing 100 cells and 3677572 reads
2022-10-13 04:26:26,767 - DEBUG - 0 reads not considered because fully enclosed in repeat masked regions
2022-10-13 04:27:24,126 - DEBUG - Counting for batch 160, containing 100 cells and 3302535 reads
2022-10-13 04:29:17,260 - DEBUG - 0 reads not considered because fully enclosed in repeat masked regions
2022-10-13 04:29:49,616 - DEBUG - Read first 670 million reads
2022-10-13 04:30:12,103 - DEBUG - Counting for batch 161, containing 100 cells and 3164490 reads
2022-10-13 04:31:52,705 - DEBUG - 0 reads not considered because fully enclosed in repeat masked regions
2022-10-13 04:33:04,103 - DEBUG - Counting for batch 162, containing 100 cells and 4376146 reads
2022-10-13 04:35:24,169 - DEBUG - 0 reads not considered because fully enclosed in repeat masked regions
2022-10-13 04:36:18,352 - DEBUG - Read first 680 million reads
2022-10-13 04:36:27,567 - DEBUG - Counting for batch 163, containing 100 cells and 2897776 reads
2022-10-13 04:38:01,042 - DEBUG - 0 reads not considered because fully enclosed in repeat masked regions
2022-10-13 04:38:47,918 - DEBUG - Counting for batch 164, containing 100 cells and 2485627 reads
2022-10-13 04:40:08,563 - DEBUG - 0 reads not considered because fully enclosed in repeat masked regions
2022-10-13 04:41:11,063 - DEBUG - Counting for batch 165, containing 100 cells and 3638331 reads
2022-10-13 04:43:05,310 - DEBUG - 0 reads not considered because fully enclosed in repeat masked regions
2022-10-13 04:43:48,666 - DEBUG - Read first 690 million reads
2022-10-13 04:44:07,412 - DEBUG - Counting for batch 166, containing 100 cells and 3064933 reads
2022-10-13 04:45:44,708 - DEBUG - 0 reads not considered because fully enclosed in repeat masked regions
2022-10-13 04:46:49,593 - DEBUG - Counting for batch 167, containing 100 cells and 3504881 reads
2022-10-13 04:48:42,614 - DEBUG - 0 reads not considered because fully enclosed in repeat masked regions
2022-10-13 04:49:39,979 - DEBUG - Counting for batch 168, containing 100 cells and 3088376 reads
2022-10-13 04:51:25,887 - DEBUG - 0 reads not considered because fully enclosed in repeat masked regions
2022-10-13 04:51:51,571 - DEBUG - Read first 700 million reads
2022-10-13 04:52:37,296 - DEBUG - Counting for batch 169, containing 100 cells and 4765040 reads
2022-10-13 04:55:07,097 - DEBUG - 0 reads not considered because fully enclosed in repeat masked regions
2022-10-13 04:56:22,876 - DEBUG - Counting for batch 170, containing 100 cells and 3358094 reads
2022-10-13 04:58:12,280 - DEBUG - 0 reads not considered because fully enclosed in repeat masked regions
2022-10-13 04:58:45,039 - DEBUG - Read first 710 million reads
2022-10-13 04:59:15,001 - DEBUG - Counting for batch 171, containing 100 cells and 3660706 reads
2022-10-13 05:01:17,972 - DEBUG - 0 reads not considered because fully enclosed in repeat masked regions
2022-10-13 05:02:22,272 - DEBUG - Counting for batch 172, containing 100 cells and 3658906 reads
2022-10-13 05:04:22,338 - DEBUG - 0 reads not considered because fully enclosed in repeat masked regions
2022-10-13 05:05:07,989 - DEBUG - Read first 720 million reads
2022-10-13 05:05:17,301 - DEBUG - Counting for batch 173, containing 100 cells and 2884285 reads
2022-10-13 05:06:50,448 - DEBUG - 0 reads not considered because fully enclosed in repeat masked regions
2022-10-13 05:07:47,551 - DEBUG - Counting for batch 174, containing 100 cells and 3379576 reads
2022-10-13 05:09:39,849 - DEBUG - 0 reads not considered because fully enclosed in repeat masked regions
2022-10-13 05:10:39,592 - DEBUG - Counting for batch 175, containing 100 cells and 3670723 reads
2022-10-13 05:12:32,606 - DEBUG - 0 reads not considered because fully enclosed in repeat masked regions
2022-10-13 05:13:07,668 - DEBUG - Read first 730 million reads
2022-10-13 05:13:37,197 - DEBUG - Counting for batch 176, containing 100 cells and 3313970 reads
2022-10-13 05:15:27,249 - DEBUG - 0 reads not considered because fully enclosed in repeat masked regions
2022-10-13 05:15:56,789 - DEBUG - Counting for batch 177, containing 28 cells and 805569 reads
2022-10-13 05:16:19,213 - DEBUG - 0 reads not considered because fully enclosed in repeat masked regions
2022-10-13 05:16:24,481 - DEBUG - 37057914 reads were skipped because no apropiate cell or umi barcode was found
2022-10-13 05:16:24,481 - DEBUG - Counting done!
2022-10-13 05:16:24,556 - DEBUG - Generating output file /storage/singlecell/zz4/fetal_bash/results/RNA_velocity/Multi_Fetal_13W_FR/Multi_Fetal_13W_FR.loom
2022-10-13 05:16:24,557 - DEBUG - Collecting row attributes
2022-10-13 05:16:24,732 - DEBUG - Generating data table
2022-10-13 05:16:31,130 - DEBUG - Writing loom file
2022-10-13 05:16:39,305 - DEBUG - Creating converter from 5 to 3
2022-10-13 05:16:39,308 - DEBUG - Creating converter from 3 to 5
2022-10-13 05:17:34,708 - DEBUG - Terminated Succesfully!
ended at Thu Oct 13 05:17:39 CDT 2022 on mhgcp-g00.grid.bcm.edu. Time elapsed: 12:29:11
