starting at Thu Oct 13 03:33:59 CDT 2022 on mhgcp-g00.grid.bcm.edu
SLURM_JOBID=624171
2022-10-13 03:34:21,056 - DEBUG - Using logic: Default
2022-10-13 03:34:21,076 - INFO - Read 6885 cell barcodes from /storage/singlecell/zz4/fetal_bash/data/Retina_fetal/Multiome_23w4d_NR/outs/filtered_feature_bc_matrix/barcodes.tsv.gz
2022-10-13 03:34:21,076 - DEBUG - Example of barcode: AAACAGCCAAGCCAGA and cell_id: Multiome_23w4d_NR:AAACAGCCAAGCCAGA-1
2022-10-13 03:34:21,119 - DEBUG - Peeking into /storage/singlecell/zz4/fetal_bash/data/Retina_fetal/Multiome_23w4d_NR/outs/gex_possorted_bam.bam
2022-10-13 03:34:21,232 - WARNING - Not found cell and umi barcode in entry 5 of the bam file
2022-10-13 03:34:21,232 - WARNING - Not found cell and umi barcode in entry 33 of the bam file
2022-10-13 03:34:21,232 - WARNING - Not found cell and umi barcode in entry 48 of the bam file
2022-10-13 03:34:21,233 - WARNING - Not found cell and umi barcode in entry 117 of the bam file
2022-10-13 03:34:21,233 - WARNING - Not found cell and umi barcode in entry 125 of the bam file
2022-10-13 03:34:21,233 - WARNING - Not found cell and umi barcode in entry 126 of the bam file
2022-10-13 03:34:21,233 - WARNING - Not found cell and umi barcode in entry 136 of the bam file
2022-10-13 03:34:21,233 - WARNING - Not found cell and umi barcode in entry 253 of the bam file
2022-10-13 03:34:21,233 - WARNING - Not found cell and umi barcode in entry 315 of the bam file
2022-10-13 03:34:21,233 - WARNING - Not found cell and umi barcode in entry 323 of the bam file
2022-10-13 03:34:21,233 - WARNING - Not found cell and umi barcode in entry 342 of the bam file
2022-10-13 03:34:21,233 - WARNING - Not found cell and umi barcode in entry 350 of the bam file
2022-10-13 03:34:21,233 - WARNING - Not found cell and umi barcode in entry 418 of the bam file
2022-10-13 03:34:21,234 - WARNING - Not found cell and umi barcode in entry 421 of the bam file
2022-10-13 03:34:21,234 - WARNING - Not found cell and umi barcode in entry 444 of the bam file
2022-10-13 03:34:21,234 - WARNING - Not found cell and umi barcode in entry 451 of the bam file
2022-10-13 03:34:21,234 - WARNING - Not found cell and umi barcode in entry 452 of the bam file
2022-10-13 03:34:21,234 - WARNING - Not found cell and umi barcode in entry 461 of the bam file
2022-10-13 03:34:21,234 - WARNING - Not found cell and umi barcode in entry 477 of the bam file
2022-10-13 03:34:21,234 - WARNING - Not found cell and umi barcode in entry 534 of the bam file
2022-10-13 03:34:21,234 - WARNING - Not found cell and umi barcode in entry 558 of the bam file
2022-10-13 03:34:21,234 - WARNING - Not found cell and umi barcode in entry 560 of the bam file
2022-10-13 03:34:21,234 - WARNING - Not found cell and umi barcode in entry 563 of the bam file
2022-10-13 03:34:21,234 - WARNING - Not found cell and umi barcode in entry 577 of the bam file
2022-10-13 03:34:21,234 - WARNING - Not found cell and umi barcode in entry 578 of the bam file
2022-10-13 03:34:21,234 - WARNING - Not found cell and umi barcode in entry 586 of the bam file
2022-10-13 03:34:21,234 - WARNING - Not found cell and umi barcode in entry 591 of the bam file
2022-10-13 03:34:21,234 - WARNING - Not found cell and umi barcode in entry 598 of the bam file
2022-10-13 03:34:21,234 - WARNING - Not found cell and umi barcode in entry 600 of the bam file
2022-10-13 03:34:21,235 - WARNING - Not found cell and umi barcode in entry 601 of the bam file
2022-10-13 03:34:21,235 - WARNING - Not found cell and umi barcode in entry 603 of the bam file
2022-10-13 03:34:21,235 - WARNING - Not found cell and umi barcode in entry 620 of the bam file
2022-10-13 03:34:21,235 - WARNING - Not found cell and umi barcode in entry 623 of the bam file
2022-10-13 03:34:21,235 - WARNING - Not found cell and umi barcode in entry 624 of the bam file
2022-10-13 03:34:21,235 - WARNING - Not found cell and umi barcode in entry 627 of the bam file
2022-10-13 03:34:21,235 - WARNING - Not found cell and umi barcode in entry 628 of the bam file
2022-10-13 03:34:21,235 - WARNING - Not found cell and umi barcode in entry 656 of the bam file
2022-10-13 03:34:21,235 - WARNING - Not found cell and umi barcode in entry 660 of the bam file
2022-10-13 03:34:21,235 - WARNING - Not found cell and umi barcode in entry 661 of the bam file
2022-10-13 03:34:21,235 - WARNING - Not found cell and umi barcode in entry 663 of the bam file
2022-10-13 03:34:21,235 - WARNING - Not found cell and umi barcode in entry 665 of the bam file
2022-10-13 03:34:21,235 - WARNING - Not found cell and umi barcode in entry 693 of the bam file
2022-10-13 03:34:21,235 - WARNING - Not found cell and umi barcode in entry 698 of the bam file
2022-10-13 03:34:21,235 - WARNING - Not found cell and umi barcode in entry 699 of the bam file
2022-10-13 03:34:21,235 - WARNING - Not found cell and umi barcode in entry 707 of the bam file
2022-10-13 03:34:21,235 - WARNING - Not found cell and umi barcode in entry 725 of the bam file
2022-10-13 03:34:21,235 - WARNING - Not found cell and umi barcode in entry 729 of the bam file
2022-10-13 03:34:21,235 - WARNING - Not found cell and umi barcode in entry 733 of the bam file
2022-10-13 03:34:21,235 - WARNING - Not found cell and umi barcode in entry 763 of the bam file
2022-10-13 03:34:21,235 - WARNING - Not found cell and umi barcode in entry 766 of the bam file
2022-10-13 03:34:21,235 - WARNING - Not found cell and umi barcode in entry 774 of the bam file
2022-10-13 03:34:21,235 - WARNING - Not found cell and umi barcode in entry 776 of the bam file
2022-10-13 03:34:21,236 - WARNING - Not found cell and umi barcode in entry 777 of the bam file
2022-10-13 03:34:21,236 - WARNING - Not found cell and umi barcode in entry 779 of the bam file
2022-10-13 03:34:21,236 - WARNING - Not found cell and umi barcode in entry 781 of the bam file
2022-10-13 03:34:21,236 - WARNING - Not found cell and umi barcode in entry 790 of the bam file
2022-10-13 03:34:21,236 - WARNING - Not found cell and umi barcode in entry 791 of the bam file
2022-10-13 03:34:21,236 - WARNING - Not found cell and umi barcode in entry 803 of the bam file
2022-10-13 03:34:21,236 - WARNING - Not found cell and umi barcode in entry 806 of the bam file
2022-10-13 03:34:21,236 - WARNING - Not found cell and umi barcode in entry 812 of the bam file
2022-10-13 03:34:21,236 - WARNING - Not found cell and umi barcode in entry 816 of the bam file
2022-10-13 03:34:21,236 - WARNING - Not found cell and umi barcode in entry 817 of the bam file
2022-10-13 03:34:21,236 - WARNING - Not found cell and umi barcode in entry 822 of the bam file
2022-10-13 03:34:21,236 - WARNING - Not found cell and umi barcode in entry 825 of the bam file
2022-10-13 03:34:21,236 - WARNING - Not found cell and umi barcode in entry 827 of the bam file
2022-10-13 03:34:21,236 - WARNING - Not found cell and umi barcode in entry 828 of the bam file
2022-10-13 03:34:21,236 - WARNING - Not found cell and umi barcode in entry 839 of the bam file
2022-10-13 03:34:21,236 - WARNING - Not found cell and umi barcode in entry 840 of the bam file
2022-10-13 03:34:21,236 - WARNING - Not found cell and umi barcode in entry 841 of the bam file
2022-10-13 03:34:21,236 - WARNING - Not found cell and umi barcode in entry 842 of the bam file
2022-10-13 03:34:21,236 - WARNING - Not found cell and umi barcode in entry 879 of the bam file
2022-10-13 03:34:21,236 - WARNING - Not found cell and umi barcode in entry 884 of the bam file
2022-10-13 03:34:21,236 - WARNING - Not found cell and umi barcode in entry 892 of the bam file
2022-10-13 03:34:21,236 - WARNING - Not found cell and umi barcode in entry 900 of the bam file
2022-10-13 03:34:21,236 - WARNING - Not found cell and umi barcode in entry 913 of the bam file
2022-10-13 03:34:21,236 - WARNING - Not found cell and umi barcode in entry 914 of the bam file
2022-10-13 03:34:21,237 - WARNING - Not found cell and umi barcode in entry 915 of the bam file
2022-10-13 03:34:21,237 - WARNING - Not found cell and umi barcode in entry 916 of the bam file
2022-10-13 03:34:21,237 - WARNING - Not found cell and umi barcode in entry 929 of the bam file
2022-10-13 03:34:21,237 - WARNING - Not found cell and umi barcode in entry 956 of the bam file
2022-10-13 03:34:21,237 - WARNING - Not found cell and umi barcode in entry 970 of the bam file
2022-10-13 03:34:21,237 - WARNING - Not found cell and umi barcode in entry 971 of the bam file
2022-10-13 03:34:21,237 - WARNING - Not found cell and umi barcode in entry 1005 of the bam file
2022-10-13 03:34:21,237 - WARNING - Not found cell and umi barcode in entry 1006 of the bam file
2022-10-13 03:34:21,237 - WARNING - Not found cell and umi barcode in entry 1009 of the bam file
2022-10-13 03:34:21,237 - WARNING - Not found cell and umi barcode in entry 1011 of the bam file
2022-10-13 03:34:21,237 - WARNING - Not found cell and umi barcode in entry 1081 of the bam file
2022-10-13 03:34:21,237 - WARNING - Not found cell and umi barcode in entry 1082 of the bam file
2022-10-13 03:34:21,237 - WARNING - Not found cell and umi barcode in entry 1083 of the bam file
2022-10-13 03:34:21,237 - WARNING - Not found cell and umi barcode in entry 1084 of the bam file
2022-10-13 03:34:21,237 - WARNING - Not found cell and umi barcode in entry 1085 of the bam file
2022-10-13 03:34:21,237 - WARNING - Not found cell and umi barcode in entry 1086 of the bam file
2022-10-13 03:34:21,237 - WARNING - Not found cell and umi barcode in entry 1087 of the bam file
2022-10-13 03:34:21,250 - WARNING - The file /storage/singlecell/zz4/fetal_bash/data/Retina_fetal/Multiome_23w4d_NR/outs/cellsorted_gex_possorted_bam.bam already exists. The sorting step will be skipped and the existing file will be used.
2022-10-13 03:34:21,250 - INFO - Load the annotation from /storage/singlecell/zz4/Reference/refdata-cellranger-arc-GRCh38-2020-A/genes/genes.gtf
2022-10-13 03:34:29,741 - DEBUG - Parsing Chromosome GL000009.2 strand - [line 0]
2022-10-13 03:34:29,742 - DEBUG - Done with GL000009.2- [line 7]
2022-10-13 03:34:29,742 - DEBUG - Assigning indexes to genes
2022-10-13 03:34:29,742 - DEBUG - Seen 1 genes until now
2022-10-13 03:34:29,742 - DEBUG - Parsing Chromosome GL000194.1 strand - [line 8]
2022-10-13 03:34:29,742 - DEBUG - Done with GL000194.1- [line 33]
2022-10-13 03:34:29,742 - DEBUG - Assigning indexes to genes
2022-10-13 03:34:29,742 - DEBUG - Seen 3 genes until now
2022-10-13 03:34:29,742 - DEBUG - Parsing Chromosome GL000195.1 strand - [line 34]
2022-10-13 03:34:29,742 - DEBUG - Done with GL000195.1- [line 43]
2022-10-13 03:34:29,742 - DEBUG - Assigning indexes to genes
2022-10-13 03:34:29,742 - DEBUG - Seen 4 genes until now
2022-10-13 03:34:29,742 - DEBUG - Parsing Chromosome GL000195.1 strand + [line 44]
2022-10-13 03:34:29,742 - DEBUG - Done with GL000195.1+ [line 57]
2022-10-13 03:34:29,742 - DEBUG - Assigning indexes to genes
2022-10-13 03:34:29,742 - DEBUG - Seen 5 genes until now
2022-10-13 03:34:29,742 - DEBUG - Parsing Chromosome GL000205.2 strand - [line 58]
2022-10-13 03:34:29,742 - DEBUG - Done with GL000205.2- [line 71]
2022-10-13 03:34:29,742 - DEBUG - Assigning indexes to genes
2022-10-13 03:34:29,742 - DEBUG - Seen 6 genes until now
2022-10-13 03:34:29,742 - DEBUG - Parsing Chromosome GL000213.1 strand - [line 72]
2022-10-13 03:34:29,743 - DEBUG - Done with GL000213.1- [line 120]
2022-10-13 03:34:29,743 - DEBUG - Assigning indexes to genes
2022-10-13 03:34:29,743 - DEBUG - Seen 7 genes until now
2022-10-13 03:34:29,743 - DEBUG - Parsing Chromosome GL000218.1 strand - [line 121]
2022-10-13 03:34:29,743 - DEBUG - Done with GL000218.1- [line 128]
2022-10-13 03:34:29,743 - DEBUG - Assigning indexes to genes
2022-10-13 03:34:29,743 - DEBUG - Seen 8 genes until now
2022-10-13 03:34:29,743 - DEBUG - Parsing Chromosome GL000219.1 strand - [line 129]
2022-10-13 03:34:29,743 - DEBUG - Done with GL000219.1- [line 141]
2022-10-13 03:34:29,743 - DEBUG - Assigning indexes to genes
2022-10-13 03:34:29,743 - DEBUG - Seen 9 genes until now
2022-10-13 03:34:29,743 - DEBUG - Parsing Chromosome KI270711.1 strand - [line 142]
2022-10-13 03:34:29,744 - DEBUG - Done with KI270711.1- [line 292]
2022-10-13 03:34:29,744 - DEBUG - Assigning indexes to genes
2022-10-13 03:34:29,744 - DEBUG - Seen 10 genes until now
2022-10-13 03:34:29,744 - DEBUG - Parsing Chromosome KI270713.1 strand - [line 293]
2022-10-13 03:34:29,744 - DEBUG - Done with KI270713.1- [line 300]
2022-10-13 03:34:29,744 - DEBUG - Assigning indexes to genes
2022-10-13 03:34:29,744 - DEBUG - Seen 11 genes until now
2022-10-13 03:34:29,744 - DEBUG - Parsing Chromosome KI270713.1 strand + [line 301]
2022-10-13 03:34:29,744 - DEBUG - Done with KI270713.1+ [line 307]
2022-10-13 03:34:29,744 - DEBUG - Assigning indexes to genes
2022-10-13 03:34:29,744 - DEBUG - Seen 12 genes until now
2022-10-13 03:34:29,744 - DEBUG - Parsing Chromosome KI270721.1 strand + [line 308]
2022-10-13 03:34:29,744 - DEBUG - Done with KI270721.1+ [line 323]
2022-10-13 03:34:29,744 - DEBUG - Assigning indexes to genes
2022-10-13 03:34:29,744 - DEBUG - Seen 13 genes until now
2022-10-13 03:34:29,744 - DEBUG - Parsing Chromosome KI270726.1 strand + [line 324]
2022-10-13 03:34:29,744 - DEBUG - Done with KI270726.1+ [line 334]
2022-10-13 03:34:29,744 - DEBUG - Assigning indexes to genes
2022-10-13 03:34:29,744 - DEBUG - Seen 15 genes until now
2022-10-13 03:34:29,744 - DEBUG - Parsing Chromosome KI270727.1 strand - [line 335]
2022-10-13 03:34:29,745 - DEBUG - Done with KI270727.1- [line 394]
2022-10-13 03:34:29,745 - DEBUG - Assigning indexes to genes
2022-10-13 03:34:29,745 - DEBUG - Seen 17 genes until now
2022-10-13 03:34:29,745 - DEBUG - Parsing Chromosome KI270727.1 strand + [line 395]
2022-10-13 03:34:29,745 - DEBUG - Done with KI270727.1+ [line 409]
2022-10-13 03:34:29,745 - DEBUG - Assigning indexes to genes
2022-10-13 03:34:29,745 - DEBUG - Seen 19 genes until now
2022-10-13 03:34:29,745 - DEBUG - Parsing Chromosome KI270728.1 strand - [line 410]
2022-10-13 03:34:29,745 - DEBUG - Done with KI270728.1- [line 486]
2022-10-13 03:34:29,745 - DEBUG - Assigning indexes to genes
2022-10-13 03:34:29,745 - DEBUG - Seen 21 genes until now
2022-10-13 03:34:29,745 - DEBUG - Parsing Chromosome KI270728.1 strand + [line 487]
2022-10-13 03:34:29,745 - DEBUG - Done with KI270728.1+ [line 523]
2022-10-13 03:34:29,745 - DEBUG - Assigning indexes to genes
2022-10-13 03:34:29,745 - DEBUG - Seen 25 genes until now
2022-10-13 03:34:29,745 - DEBUG - Parsing Chromosome KI270731.1 strand - [line 524]
2022-10-13 03:34:29,745 - DEBUG - Done with KI270731.1- [line 530]
2022-10-13 03:34:29,745 - DEBUG - Assigning indexes to genes
2022-10-13 03:34:29,746 - DEBUG - Seen 26 genes until now
2022-10-13 03:34:29,746 - DEBUG - Parsing Chromosome KI270734.1 strand - [line 531]
2022-10-13 03:34:29,746 - DEBUG - Done with KI270734.1- [line 599]
2022-10-13 03:34:29,746 - DEBUG - Assigning indexes to genes
2022-10-13 03:34:29,746 - DEBUG - Seen 27 genes until now
2022-10-13 03:34:29,746 - DEBUG - Parsing Chromosome KI270734.1 strand + [line 600]
2022-10-13 03:34:29,746 - DEBUG - Done with KI270734.1+ [line 622]
2022-10-13 03:34:29,746 - DEBUG - Assigning indexes to genes
2022-10-13 03:34:29,746 - DEBUG - Seen 29 genes until now
2022-10-13 03:34:29,746 - DEBUG - Parsing Chromosome 1 strand - [line 623]
2022-10-13 03:34:30,462 - DEBUG - Done with 1- [line 118876]
2022-10-13 03:34:30,462 - DEBUG - Assigning indexes to genes
2022-10-13 03:34:30,475 - DEBUG - Seen 1711 genes until now
2022-10-13 03:34:30,475 - DEBUG - Parsing Chromosome 1 strand + [line 118877]
2022-10-13 03:34:31,486 - DEBUG - Done with 1+ [line 253796]
2022-10-13 03:34:31,487 - DEBUG - Assigning indexes to genes
2022-10-13 03:34:31,502 - DEBUG - Seen 3439 genes until now
2022-10-13 03:34:31,502 - DEBUG - Parsing Chromosome 10 strand - [line 253797]
2022-10-13 03:34:31,723 - DEBUG - Done with 10- [line 304078]
2022-10-13 03:34:31,724 - DEBUG - Assigning indexes to genes
2022-10-13 03:34:31,729 - DEBUG - Seen 4100 genes until now
2022-10-13 03:34:31,729 - DEBUG - Parsing Chromosome 10 strand + [line 304079]
2022-10-13 03:34:32,258 - DEBUG - Done with 10+ [line 356023]
2022-10-13 03:34:32,258 - DEBUG - Assigning indexes to genes
2022-10-13 03:34:32,264 - DEBUG - Seen 4833 genes until now
2022-10-13 03:34:32,264 - DEBUG - Parsing Chromosome 11 strand - [line 356024]
2022-10-13 03:34:32,627 - DEBUG - Done with 11- [line 438038]
2022-10-13 03:34:32,627 - DEBUG - Assigning indexes to genes
2022-10-13 03:34:32,637 - DEBUG - Seen 5833 genes until now
2022-10-13 03:34:32,637 - DEBUG - Parsing Chromosome 11 strand + [line 438039]
2022-10-13 03:34:33,276 - DEBUG - Done with 11+ [line 521163]
2022-10-13 03:34:33,276 - DEBUG - Assigning indexes to genes
2022-10-13 03:34:33,286 - DEBUG - Seen 6898 genes until now
2022-10-13 03:34:33,286 - DEBUG - Parsing Chromosome 12 strand - [line 521164]
2022-10-13 03:34:33,634 - DEBUG - Done with 12- [line 601582]
2022-10-13 03:34:33,634 - DEBUG - Assigning indexes to genes
2022-10-13 03:34:33,642 - DEBUG - Seen 7848 genes until now
2022-10-13 03:34:33,642 - DEBUG - Parsing Chromosome 12 strand + [line 601583]
2022-10-13 03:34:33,990 - DEBUG - Done with 12+ [line 681983]
2022-10-13 03:34:33,990 - DEBUG - Assigning indexes to genes
2022-10-13 03:34:34,001 - DEBUG - Seen 8826 genes until now
2022-10-13 03:34:34,001 - DEBUG - Parsing Chromosome 13 strand - [line 681984]
2022-10-13 03:34:34,401 - DEBUG - Done with 13- [line 702449]
2022-10-13 03:34:34,402 - DEBUG - Assigning indexes to genes
2022-10-13 03:34:34,404 - DEBUG - Seen 9225 genes until now
2022-10-13 03:34:34,404 - DEBUG - Parsing Chromosome 13 strand + [line 702450]
2022-10-13 03:34:34,513 - DEBUG - Done with 13+ [line 726349]
2022-10-13 03:34:34,513 - DEBUG - Assigning indexes to genes
2022-10-13 03:34:34,516 - DEBUG - Seen 9614 genes until now
2022-10-13 03:34:34,516 - DEBUG - Parsing Chromosome 14 strand - [line 726350]
2022-10-13 03:34:34,707 - DEBUG - Done with 14- [line 770987]
2022-10-13 03:34:34,707 - DEBUG - Assigning indexes to genes
2022-10-13 03:34:34,712 - DEBUG - Seen 10373 genes until now
2022-10-13 03:34:34,713 - DEBUG - Parsing Chromosome 14 strand + [line 770988]
2022-10-13 03:34:34,952 - DEBUG - Done with 14+ [line 822908]
2022-10-13 03:34:34,952 - DEBUG - Assigning indexes to genes
2022-10-13 03:34:34,959 - DEBUG - Seen 11088 genes until now
2022-10-13 03:34:34,959 - DEBUG - Parsing Chromosome 15 strand - [line 822909]
2022-10-13 03:34:35,183 - DEBUG - Done with 15- [line 873715]
2022-10-13 03:34:35,183 - DEBUG - Assigning indexes to genes
2022-10-13 03:34:35,188 - DEBUG - Seen 11734 genes until now
2022-10-13 03:34:35,188 - DEBUG - Parsing Chromosome 15 strand + [line 873716]
2022-10-13 03:34:35,820 - DEBUG - Done with 15+ [line 923824]
2022-10-13 03:34:35,820 - DEBUG - Assigning indexes to genes
2022-10-13 03:34:35,825 - DEBUG - Seen 12355 genes until now
2022-10-13 03:34:35,826 - DEBUG - Parsing Chromosome 16 strand - [line 923825]
2022-10-13 03:34:36,076 - DEBUG - Done with 16- [line 979238]
2022-10-13 03:34:36,076 - DEBUG - Assigning indexes to genes
2022-10-13 03:34:36,083 - DEBUG - Seen 13151 genes until now
2022-10-13 03:34:36,083 - DEBUG - Parsing Chromosome 16 strand + [line 979239]
2022-10-13 03:34:36,396 - DEBUG - Done with 16+ [line 1052152]
2022-10-13 03:34:36,396 - DEBUG - Assigning indexes to genes
2022-10-13 03:34:36,405 - DEBUG - Seen 14004 genes until now
2022-10-13 03:34:36,405 - DEBUG - Parsing Chromosome 17 strand - [line 1052153]
2022-10-13 03:34:36,781 - DEBUG - Done with 17- [line 1140008]
2022-10-13 03:34:36,781 - DEBUG - Assigning indexes to genes
2022-10-13 03:34:36,792 - DEBUG - Seen 15039 genes until now
2022-10-13 03:34:36,792 - DEBUG - Parsing Chromosome 17 strand + [line 1140009]
2022-10-13 03:34:37,524 - DEBUG - Done with 17+ [line 1219447]
2022-10-13 03:34:37,524 - DEBUG - Assigning indexes to genes
2022-10-13 03:34:37,533 - DEBUG - Seen 15996 genes until now
2022-10-13 03:34:37,533 - DEBUG - Parsing Chromosome 18 strand - [line 1219448]
2022-10-13 03:34:37,652 - DEBUG - Done with 18- [line 1246083]
2022-10-13 03:34:37,652 - DEBUG - Assigning indexes to genes
2022-10-13 03:34:37,655 - DEBUG - Seen 16371 genes until now
2022-10-13 03:34:37,655 - DEBUG - Parsing Chromosome 18 strand + [line 1246084]
2022-10-13 03:34:37,759 - DEBUG - Done with 18+ [line 1269821]
2022-10-13 03:34:37,759 - DEBUG - Assigning indexes to genes
2022-10-13 03:34:37,762 - DEBUG - Seen 16777 genes until now
2022-10-13 03:34:37,763 - DEBUG - Parsing Chromosome 19 strand - [line 1269822]
2022-10-13 03:34:38,101 - DEBUG - Done with 19- [line 1350736]
2022-10-13 03:34:38,101 - DEBUG - Assigning indexes to genes
2022-10-13 03:34:38,111 - DEBUG - Seen 17790 genes until now
2022-10-13 03:34:38,111 - DEBUG - Parsing Chromosome 19 strand + [line 1350737]
2022-10-13 03:34:38,467 - DEBUG - Done with 19+ [line 1435648]
2022-10-13 03:34:38,467 - DEBUG - Assigning indexes to genes
2022-10-13 03:34:38,479 - DEBUG - Seen 18804 genes until now
2022-10-13 03:34:38,479 - DEBUG - Parsing Chromosome 2 strand - [line 1435649]
2022-10-13 03:34:38,956 - DEBUG - Done with 2- [line 1542996]
2022-10-13 03:34:38,956 - DEBUG - Assigning indexes to genes
2022-10-13 03:34:38,968 - DEBUG - Seen 20037 genes until now
2022-10-13 03:34:38,968 - DEBUG - Parsing Chromosome 2 strand + [line 1542997]
2022-10-13 03:34:39,918 - DEBUG - Done with 2+ [line 1642863]
2022-10-13 03:34:39,918 - DEBUG - Assigning indexes to genes
2022-10-13 03:34:39,931 - DEBUG - Seen 21345 genes until now
2022-10-13 03:34:39,932 - DEBUG - Parsing Chromosome 20 strand - [line 1642864]
2022-10-13 03:34:40,062 - DEBUG - Done with 20- [line 1672442]
2022-10-13 03:34:40,062 - DEBUG - Assigning indexes to genes
2022-10-13 03:34:40,066 - DEBUG - Seen 21828 genes until now
2022-10-13 03:34:40,066 - DEBUG - Parsing Chromosome 20 strand + [line 1672443]
2022-10-13 03:34:40,219 - DEBUG - Done with 20+ [line 1707817]
2022-10-13 03:34:40,219 - DEBUG - Assigning indexes to genes
2022-10-13 03:34:40,225 - DEBUG - Seen 22309 genes until now
2022-10-13 03:34:40,225 - DEBUG - Parsing Chromosome 21 strand - [line 1707818]
2022-10-13 03:34:40,292 - DEBUG - Done with 21- [line 1722798]
2022-10-13 03:34:40,292 - DEBUG - Assigning indexes to genes
2022-10-13 03:34:40,294 - DEBUG - Seen 22596 genes until now
2022-10-13 03:34:40,294 - DEBUG - Parsing Chromosome 21 strand + [line 1722799]
2022-10-13 03:34:40,368 - DEBUG - Done with 21+ [line 1738981]
2022-10-13 03:34:40,368 - DEBUG - Assigning indexes to genes
2022-10-13 03:34:40,370 - DEBUG - Seen 22864 genes until now
2022-10-13 03:34:40,370 - DEBUG - Parsing Chromosome 22 strand - [line 1738982]
2022-10-13 03:34:40,483 - DEBUG - Done with 22- [line 1765357]
2022-10-13 03:34:40,484 - DEBUG - Assigning indexes to genes
2022-10-13 03:34:40,487 - DEBUG - Seen 23260 genes until now
2022-10-13 03:34:40,487 - DEBUG - Parsing Chromosome 22 strand + [line 1765358]
2022-10-13 03:34:40,628 - DEBUG - Done with 22+ [line 1797598]
2022-10-13 03:34:40,628 - DEBUG - Assigning indexes to genes
2022-10-13 03:34:40,632 - DEBUG - Seen 23765 genes until now
2022-10-13 03:34:40,633 - DEBUG - Parsing Chromosome 3 strand - [line 1797599]
2022-10-13 03:34:41,024 - DEBUG - Done with 3- [line 1887377]
2022-10-13 03:34:41,024 - DEBUG - Assigning indexes to genes
2022-10-13 03:34:41,034 - DEBUG - Seen 24693 genes until now
2022-10-13 03:34:41,034 - DEBUG - Parsing Chromosome 3 strand + [line 1887378]
2022-10-13 03:34:41,429 - DEBUG - Done with 3+ [line 1977011]
2022-10-13 03:34:41,430 - DEBUG - Assigning indexes to genes
2022-10-13 03:34:41,440 - DEBUG - Seen 25658 genes until now
2022-10-13 03:34:41,440 - DEBUG - Parsing Chromosome 4 strand - [line 1977012]
2022-10-13 03:34:42,286 - DEBUG - Done with 4- [line 2034238]
2022-10-13 03:34:42,287 - DEBUG - Assigning indexes to genes
2022-10-13 03:34:42,293 - DEBUG - Seen 26401 genes until now
2022-10-13 03:34:42,293 - DEBUG - Parsing Chromosome 4 strand + [line 2034239]
2022-10-13 03:34:42,557 - DEBUG - Done with 4+ [line 2094594]
2022-10-13 03:34:42,558 - DEBUG - Assigning indexes to genes
2022-10-13 03:34:42,564 - DEBUG - Seen 27191 genes until now
2022-10-13 03:34:42,564 - DEBUG - Parsing Chromosome 5 strand - [line 2094595]
2022-10-13 03:34:42,819 - DEBUG - Done with 5- [line 2152660]
2022-10-13 03:34:42,819 - DEBUG - Assigning indexes to genes
2022-10-13 03:34:42,826 - DEBUG - Seen 28071 genes until now
2022-10-13 03:34:42,826 - DEBUG - Parsing Chromosome 5 strand + [line 2152661]
2022-10-13 03:34:43,114 - DEBUG - Done with 5+ [line 2218657]
2022-10-13 03:34:43,114 - DEBUG - Assigning indexes to genes
2022-10-13 03:34:43,122 - DEBUG - Seen 29002 genes until now
2022-10-13 03:34:43,122 - DEBUG - Parsing Chromosome 6 strand - [line 2218658]
2022-10-13 03:34:43,406 - DEBUG - Done with 6- [line 2284937]
2022-10-13 03:34:43,406 - DEBUG - Assigning indexes to genes
2022-10-13 03:34:43,414 - DEBUG - Seen 29928 genes until now
2022-10-13 03:34:43,414 - DEBUG - Parsing Chromosome 6 strand + [line 2284938]
2022-10-13 03:34:43,673 - DEBUG - Done with 6+ [line 2345240]
2022-10-13 03:34:43,674 - DEBUG - Assigning indexes to genes
2022-10-13 03:34:43,681 - DEBUG - Seen 30829 genes until now
2022-10-13 03:34:43,681 - DEBUG - Parsing Chromosome 7 strand - [line 2345241]
2022-10-13 03:34:43,949 - DEBUG - Done with 7- [line 2406845]
2022-10-13 03:34:43,949 - DEBUG - Assigning indexes to genes
2022-10-13 03:34:43,956 - DEBUG - Seen 31621 genes until now
2022-10-13 03:34:43,956 - DEBUG - Parsing Chromosome 7 strand + [line 2406846]
2022-10-13 03:34:44,250 - DEBUG - Done with 7+ [line 2476014]
2022-10-13 03:34:44,250 - DEBUG - Assigning indexes to genes
2022-10-13 03:34:44,258 - DEBUG - Seen 32515 genes until now
2022-10-13 03:34:44,258 - DEBUG - Parsing Chromosome 8 strand - [line 2476015]
2022-10-13 03:34:44,477 - DEBUG - Done with 8- [line 2527366]
2022-10-13 03:34:44,477 - DEBUG - Assigning indexes to genes
2022-10-13 03:34:44,484 - DEBUG - Seen 33270 genes until now
2022-10-13 03:34:44,484 - DEBUG - Parsing Chromosome 8 strand + [line 2527367]
2022-10-13 03:34:45,401 - DEBUG - Done with 8+ [line 2577021]
2022-10-13 03:34:45,401 - DEBUG - Assigning indexes to genes
2022-10-13 03:34:45,408 - DEBUG - Seen 34010 genes until now
2022-10-13 03:34:45,408 - DEBUG - Parsing Chromosome 9 strand - [line 2577022]
2022-10-13 03:34:45,606 - DEBUG - Done with 9- [line 2622811]
2022-10-13 03:34:45,606 - DEBUG - Assigning indexes to genes
2022-10-13 03:34:45,611 - DEBUG - Seen 34681 genes until now
2022-10-13 03:34:45,611 - DEBUG - Parsing Chromosome 9 strand + [line 2622812]
2022-10-13 03:34:45,826 - DEBUG - Done with 9+ [line 2672374]
2022-10-13 03:34:45,827 - DEBUG - Assigning indexes to genes
2022-10-13 03:34:45,832 - DEBUG - Seen 35329 genes until now
2022-10-13 03:34:45,832 - DEBUG - Parsing Chromosome M strand - [line 2672375]
2022-10-13 03:34:45,832 - DEBUG - Done with M- [line 2672379]
2022-10-13 03:34:45,832 - DEBUG - Assigning indexes to genes
2022-10-13 03:34:45,832 - DEBUG - Seen 35330 genes until now
2022-10-13 03:34:45,832 - DEBUG - Parsing Chromosome M strand + [line 2672380]
2022-10-13 03:34:45,833 - DEBUG - Done with M+ [line 2672445]
2022-10-13 03:34:45,833 - DEBUG - Assigning indexes to genes
2022-10-13 03:34:45,833 - DEBUG - Seen 35342 genes until now
2022-10-13 03:34:45,833 - DEBUG - Parsing Chromosome X strand - [line 2672446]
2022-10-13 03:34:46,015 - DEBUG - Done with X- [line 2716088]
2022-10-13 03:34:46,015 - DEBUG - Assigning indexes to genes
2022-10-13 03:34:46,019 - DEBUG - Seen 35884 genes until now
2022-10-13 03:34:46,020 - DEBUG - Parsing Chromosome X strand + [line 2716089]
2022-10-13 03:34:46,205 - DEBUG - Done with X+ [line 2760500]
2022-10-13 03:34:46,205 - DEBUG - Assigning indexes to genes
2022-10-13 03:34:46,210 - DEBUG - Seen 36490 genes until now
2022-10-13 03:34:46,210 - DEBUG - Parsing Chromosome Y strand - [line 2760501]
2022-10-13 03:34:46,223 - DEBUG - Done with Y- [line 2763031]
2022-10-13 03:34:46,223 - DEBUG - Assigning indexes to genes
2022-10-13 03:34:46,223 - DEBUG - Seen 36543 genes until now
2022-10-13 03:34:46,223 - DEBUG - Parsing Chromosome Y strand + [line 2763032]
2022-10-13 03:34:46,236 - DEBUG - Assigning indexes to genes
2022-10-13 03:34:46,236 - DEBUG - Done with Y+ [line 2765967]
2022-10-13 03:34:46,236 - DEBUG - Fixing corner cases of transcript models containg intron longer than 1000Kbp
2022-10-13 03:34:47,891 - DEBUG - Generated 2411536 features corresponding to 199138 transcript models from /storage/singlecell/zz4/Reference/refdata-cellranger-arc-GRCh38-2020-A/genes/genes.gtf
2022-10-13 03:34:47,917 - INFO - Scan /storage/singlecell/zz4/fetal_bash/data/Retina_fetal/Multiome_23w4d_NR/outs/gex_possorted_bam.bam to validate intron intervals
2022-10-13 03:34:51,420 - DEBUG - Reading /storage/singlecell/zz4/fetal_bash/data/Retina_fetal/Multiome_23w4d_NR/outs/gex_possorted_bam.bam
2022-10-13 03:34:51,439 - DEBUG - Read first 0 million reads
2022-10-13 03:34:51,439 - DEBUG - Marking up chromosome 1
2022-10-13 03:36:53,124 - DEBUG - Read first 10 million reads
2022-10-13 03:37:26,933 - DEBUG - Marking up chromosome 10
2022-10-13 03:38:59,101 - DEBUG - Marking up chromosome 11
2022-10-13 03:39:16,690 - DEBUG - Read first 20 million reads
2022-10-13 03:41:16,239 - DEBUG - Marking up chromosome 12
2022-10-13 03:41:38,715 - DEBUG - Read first 30 million reads
2022-10-13 03:43:04,853 - DEBUG - Marking up chromosome 13
2022-10-13 03:43:49,737 - DEBUG - Read first 40 million reads
2022-10-13 03:43:58,142 - DEBUG - Marking up chromosome 14
2022-10-13 03:45:30,724 - DEBUG - Marking up chromosome 15
2022-10-13 03:46:29,630 - DEBUG - Read first 50 million reads
2022-10-13 03:46:56,279 - DEBUG - Marking up chromosome 16
2022-10-13 03:47:58,311 - DEBUG - Marking up chromosome 17
2022-10-13 03:48:44,854 - DEBUG - Read first 60 million reads
2022-10-13 03:49:18,199 - DEBUG - Marking up chromosome 18
2022-10-13 03:50:07,575 - DEBUG - Marking up chromosome 19
2022-10-13 03:50:58,091 - DEBUG - Read first 70 million reads
2022-10-13 03:51:08,704 - DEBUG - Marking up chromosome 2
2022-10-13 03:53:12,302 - DEBUG - Read first 80 million reads
2022-10-13 03:53:53,267 - DEBUG - Marking up chromosome 20
2022-10-13 03:54:29,910 - DEBUG - Marking up chromosome 21
2022-10-13 03:54:56,031 - DEBUG - Marking up chromosome 22
2022-10-13 03:54:59,279 - DEBUG - Read first 90 million reads
2022-10-13 03:55:19,098 - DEBUG - Marking up chromosome 3
2022-10-13 03:57:03,248 - DEBUG - Read first 100 million reads
2022-10-13 03:57:43,721 - DEBUG - Marking up chromosome 4
2022-10-13 03:59:27,911 - DEBUG - Read first 110 million reads
2022-10-13 03:59:33,590 - DEBUG - Marking up chromosome 5
2022-10-13 04:01:20,334 - DEBUG - Marking up chromosome 6
2022-10-13 04:01:45,128 - DEBUG - Read first 120 million reads
2022-10-13 04:03:02,849 - DEBUG - Marking up chromosome 7
2022-10-13 04:03:41,578 - DEBUG - Read first 130 million reads
2022-10-13 04:04:43,021 - DEBUG - Marking up chromosome 8
2022-10-13 04:05:53,634 - DEBUG - Read first 140 million reads
2022-10-13 04:06:16,404 - DEBUG - Marking up chromosome 9
2022-10-13 04:07:18,989 - DEBUG - Marking up chromosome MT
2022-10-13 04:07:18,996 - WARNING - The .bam file refers to a chromosome 'MT+' not present in the annotation (.gtf) file
2022-10-13 04:07:18,996 - WARNING - The .bam file refers to a chromosome 'MT-' not present in the annotation (.gtf) file
2022-10-13 04:07:34,066 - DEBUG - Read first 150 million reads
2022-10-13 04:07:42,856 - DEBUG - Marking up chromosome X
2022-10-13 04:08:49,954 - DEBUG - Marking up chromosome Y
2022-10-13 04:08:50,078 - DEBUG - Marking up chromosome KI270728.1
2022-10-13 04:08:50,080 - DEBUG - Marking up chromosome KI270727.1
2022-10-13 04:08:50,082 - DEBUG - Marking up chromosome KI270442.1
2022-10-13 04:08:50,082 - WARNING - The .bam file refers to a chromosome 'KI270442.1+' not present in the annotation (.gtf) file
2022-10-13 04:08:50,082 - WARNING - The .bam file refers to a chromosome 'KI270442.1-' not present in the annotation (.gtf) file
2022-10-13 04:08:50,090 - DEBUG - Marking up chromosome KI270729.1
2022-10-13 04:08:50,090 - WARNING - The .bam file refers to a chromosome 'KI270729.1+' not present in the annotation (.gtf) file
2022-10-13 04:08:50,090 - WARNING - The .bam file refers to a chromosome 'KI270729.1-' not present in the annotation (.gtf) file
2022-10-13 04:08:50,090 - DEBUG - Marking up chromosome GL000225.1
2022-10-13 04:08:50,090 - WARNING - The .bam file refers to a chromosome 'GL000225.1+' not present in the annotation (.gtf) file
2022-10-13 04:08:50,090 - WARNING - The .bam file refers to a chromosome 'GL000225.1-' not present in the annotation (.gtf) file
2022-10-13 04:08:50,090 - DEBUG - Marking up chromosome KI270743.1
2022-10-13 04:08:50,090 - WARNING - The .bam file refers to a chromosome 'KI270743.1+' not present in the annotation (.gtf) file
2022-10-13 04:08:50,090 - WARNING - The .bam file refers to a chromosome 'KI270743.1-' not present in the annotation (.gtf) file
2022-10-13 04:08:50,093 - DEBUG - Marking up chromosome GL000008.2
2022-10-13 04:08:50,093 - WARNING - The .bam file refers to a chromosome 'GL000008.2+' not present in the annotation (.gtf) file
2022-10-13 04:08:50,093 - WARNING - The .bam file refers to a chromosome 'GL000008.2-' not present in the annotation (.gtf) file
2022-10-13 04:08:50,096 - DEBUG - Marking up chromosome GL000009.2
2022-10-13 04:08:50,096 - WARNING - The .bam file refers to a chromosome 'GL000009.2+' not present in the annotation (.gtf) file
2022-10-13 04:08:50,097 - DEBUG - Marking up chromosome KI270722.1
2022-10-13 04:08:50,097 - WARNING - The .bam file refers to a chromosome 'KI270722.1+' not present in the annotation (.gtf) file
2022-10-13 04:08:50,097 - WARNING - The .bam file refers to a chromosome 'KI270722.1-' not present in the annotation (.gtf) file
2022-10-13 04:08:50,097 - DEBUG - Marking up chromosome GL000194.1
2022-10-13 04:08:50,097 - WARNING - The .bam file refers to a chromosome 'GL000194.1+' not present in the annotation (.gtf) file
2022-10-13 04:08:50,098 - DEBUG - Marking up chromosome KI270742.1
2022-10-13 04:08:50,098 - WARNING - The .bam file refers to a chromosome 'KI270742.1+' not present in the annotation (.gtf) file
2022-10-13 04:08:50,098 - WARNING - The .bam file refers to a chromosome 'KI270742.1-' not present in the annotation (.gtf) file
2022-10-13 04:08:50,141 - DEBUG - Marking up chromosome GL000205.2
2022-10-13 04:08:50,141 - WARNING - The .bam file refers to a chromosome 'GL000205.2+' not present in the annotation (.gtf) file
2022-10-13 04:08:50,174 - DEBUG - Marking up chromosome GL000195.1
2022-10-13 04:08:50,337 - DEBUG - Marking up chromosome KI270736.1
2022-10-13 04:08:50,338 - WARNING - The .bam file refers to a chromosome 'KI270736.1+' not present in the annotation (.gtf) file
2022-10-13 04:08:50,338 - WARNING - The .bam file refers to a chromosome 'KI270736.1-' not present in the annotation (.gtf) file
2022-10-13 04:08:50,338 - DEBUG - Marking up chromosome KI270733.1
2022-10-13 04:08:50,338 - WARNING - The .bam file refers to a chromosome 'KI270733.1+' not present in the annotation (.gtf) file
2022-10-13 04:08:50,338 - WARNING - The .bam file refers to a chromosome 'KI270733.1-' not present in the annotation (.gtf) file
2022-10-13 04:08:50,641 - DEBUG - Marking up chromosome GL000224.1
2022-10-13 04:08:50,641 - WARNING - The .bam file refers to a chromosome 'GL000224.1+' not present in the annotation (.gtf) file
2022-10-13 04:08:50,641 - WARNING - The .bam file refers to a chromosome 'GL000224.1-' not present in the annotation (.gtf) file
2022-10-13 04:08:50,650 - DEBUG - Marking up chromosome GL000219.1
2022-10-13 04:08:50,650 - WARNING - The .bam file refers to a chromosome 'GL000219.1+' not present in the annotation (.gtf) file
2022-10-13 04:08:50,719 - DEBUG - Marking up chromosome KI270719.1
2022-10-13 04:08:50,719 - WARNING - The .bam file refers to a chromosome 'KI270719.1+' not present in the annotation (.gtf) file
2022-10-13 04:08:50,719 - WARNING - The .bam file refers to a chromosome 'KI270719.1-' not present in the annotation (.gtf) file
2022-10-13 04:08:50,724 - DEBUG - Marking up chromosome GL000216.2
2022-10-13 04:08:50,724 - WARNING - The .bam file refers to a chromosome 'GL000216.2+' not present in the annotation (.gtf) file
2022-10-13 04:08:50,724 - WARNING - The .bam file refers to a chromosome 'GL000216.2-' not present in the annotation (.gtf) file
2022-10-13 04:08:50,724 - DEBUG - Marking up chromosome KI270712.1
2022-10-13 04:08:50,724 - WARNING - The .bam file refers to a chromosome 'KI270712.1+' not present in the annotation (.gtf) file
2022-10-13 04:08:50,724 - WARNING - The .bam file refers to a chromosome 'KI270712.1-' not present in the annotation (.gtf) file
2022-10-13 04:08:50,726 - DEBUG - Marking up chromosome KI270706.1
2022-10-13 04:08:50,727 - WARNING - The .bam file refers to a chromosome 'KI270706.1+' not present in the annotation (.gtf) file
2022-10-13 04:08:50,727 - WARNING - The .bam file refers to a chromosome 'KI270706.1-' not present in the annotation (.gtf) file
2022-10-13 04:08:50,749 - DEBUG - Marking up chromosome KI270725.1
2022-10-13 04:08:50,749 - WARNING - The .bam file refers to a chromosome 'KI270725.1+' not present in the annotation (.gtf) file
2022-10-13 04:08:50,749 - WARNING - The .bam file refers to a chromosome 'KI270725.1-' not present in the annotation (.gtf) file
2022-10-13 04:08:50,750 - DEBUG - Marking up chromosome KI270744.1
2022-10-13 04:08:50,750 - WARNING - The .bam file refers to a chromosome 'KI270744.1+' not present in the annotation (.gtf) file
2022-10-13 04:08:50,750 - WARNING - The .bam file refers to a chromosome 'KI270744.1-' not present in the annotation (.gtf) file
2022-10-13 04:08:50,752 - DEBUG - Marking up chromosome KI270734.1
2022-10-13 04:08:50,756 - DEBUG - Marking up chromosome GL000213.1
2022-10-13 04:08:50,756 - WARNING - The .bam file refers to a chromosome 'GL000213.1+' not present in the annotation (.gtf) file
2022-10-13 04:08:50,756 - DEBUG - Marking up chromosome GL000220.1
2022-10-13 04:08:50,756 - WARNING - The .bam file refers to a chromosome 'GL000220.1+' not present in the annotation (.gtf) file
2022-10-13 04:08:50,756 - WARNING - The .bam file refers to a chromosome 'GL000220.1-' not present in the annotation (.gtf) file
2022-10-13 04:08:53,069 - DEBUG - Marking up chromosome KI270715.1
2022-10-13 04:08:53,069 - WARNING - The .bam file refers to a chromosome 'KI270715.1+' not present in the annotation (.gtf) file
2022-10-13 04:08:53,069 - WARNING - The .bam file refers to a chromosome 'KI270715.1-' not present in the annotation (.gtf) file
2022-10-13 04:08:53,069 - DEBUG - Marking up chromosome GL000218.1
2022-10-13 04:08:53,069 - WARNING - The .bam file refers to a chromosome 'GL000218.1+' not present in the annotation (.gtf) file
2022-10-13 04:08:53,069 - DEBUG - Marking up chromosome KI270749.1
2022-10-13 04:08:53,070 - WARNING - The .bam file refers to a chromosome 'KI270749.1+' not present in the annotation (.gtf) file
2022-10-13 04:08:53,070 - WARNING - The .bam file refers to a chromosome 'KI270749.1-' not present in the annotation (.gtf) file
2022-10-13 04:08:53,070 - DEBUG - Marking up chromosome KI270741.1
2022-10-13 04:08:53,071 - WARNING - The .bam file refers to a chromosome 'KI270741.1+' not present in the annotation (.gtf) file
2022-10-13 04:08:53,071 - WARNING - The .bam file refers to a chromosome 'KI270741.1-' not present in the annotation (.gtf) file
2022-10-13 04:08:53,071 - DEBUG - Marking up chromosome GL000221.1
2022-10-13 04:08:53,071 - WARNING - The .bam file refers to a chromosome 'GL000221.1+' not present in the annotation (.gtf) file
2022-10-13 04:08:53,071 - WARNING - The .bam file refers to a chromosome 'GL000221.1-' not present in the annotation (.gtf) file
2022-10-13 04:08:53,098 - DEBUG - Marking up chromosome KI270731.1
2022-10-13 04:08:53,098 - WARNING - The .bam file refers to a chromosome 'KI270731.1+' not present in the annotation (.gtf) file
2022-10-13 04:08:53,098 - DEBUG - Marking up chromosome KI270751.1
2022-10-13 04:08:53,098 - WARNING - The .bam file refers to a chromosome 'KI270751.1+' not present in the annotation (.gtf) file
2022-10-13 04:08:53,098 - WARNING - The .bam file refers to a chromosome 'KI270751.1-' not present in the annotation (.gtf) file
2022-10-13 04:08:53,098 - DEBUG - Marking up chromosome KI270750.1
2022-10-13 04:08:53,098 - WARNING - The .bam file refers to a chromosome 'KI270750.1+' not present in the annotation (.gtf) file
2022-10-13 04:08:53,098 - WARNING - The .bam file refers to a chromosome 'KI270750.1-' not present in the annotation (.gtf) file
2022-10-13 04:08:53,099 - DEBUG - Marking up chromosome KI270519.1
2022-10-13 04:08:53,099 - WARNING - The .bam file refers to a chromosome 'KI270519.1+' not present in the annotation (.gtf) file
2022-10-13 04:08:53,099 - WARNING - The .bam file refers to a chromosome 'KI270519.1-' not present in the annotation (.gtf) file
2022-10-13 04:08:53,099 - DEBUG - Marking up chromosome GL000214.1
2022-10-13 04:08:53,099 - WARNING - The .bam file refers to a chromosome 'GL000214.1+' not present in the annotation (.gtf) file
2022-10-13 04:08:53,099 - WARNING - The .bam file refers to a chromosome 'GL000214.1-' not present in the annotation (.gtf) file
2022-10-13 04:08:53,100 - DEBUG - Marking up chromosome KI270708.1
2022-10-13 04:08:53,101 - WARNING - The .bam file refers to a chromosome 'KI270708.1+' not present in the annotation (.gtf) file
2022-10-13 04:08:53,101 - WARNING - The .bam file refers to a chromosome 'KI270708.1-' not present in the annotation (.gtf) file
2022-10-13 04:08:53,101 - DEBUG - Marking up chromosome KI270438.1
2022-10-13 04:08:53,101 - WARNING - The .bam file refers to a chromosome 'KI270438.1+' not present in the annotation (.gtf) file
2022-10-13 04:08:53,101 - WARNING - The .bam file refers to a chromosome 'KI270438.1-' not present in the annotation (.gtf) file
2022-10-13 04:08:53,101 - DEBUG - Marking up chromosome KI270737.1
2022-10-13 04:08:53,101 - WARNING - The .bam file refers to a chromosome 'KI270737.1+' not present in the annotation (.gtf) file
2022-10-13 04:08:53,101 - WARNING - The .bam file refers to a chromosome 'KI270737.1-' not present in the annotation (.gtf) file
2022-10-13 04:08:53,101 - DEBUG - Marking up chromosome KI270721.1
2022-10-13 04:08:53,102 - WARNING - The .bam file refers to a chromosome 'KI270721.1-' not present in the annotation (.gtf) file
2022-10-13 04:08:53,104 - DEBUG - Marking up chromosome KI270738.1
2022-10-13 04:08:53,104 - WARNING - The .bam file refers to a chromosome 'KI270738.1+' not present in the annotation (.gtf) file
2022-10-13 04:08:53,104 - WARNING - The .bam file refers to a chromosome 'KI270738.1-' not present in the annotation (.gtf) file
2022-10-13 04:08:53,105 - DEBUG - Marking up chromosome KI270748.1
2022-10-13 04:08:53,105 - WARNING - The .bam file refers to a chromosome 'KI270748.1+' not present in the annotation (.gtf) file
2022-10-13 04:08:53,105 - WARNING - The .bam file refers to a chromosome 'KI270748.1-' not present in the annotation (.gtf) file
2022-10-13 04:08:53,106 - DEBUG - Marking up chromosome GL000208.1
2022-10-13 04:08:53,106 - WARNING - The .bam file refers to a chromosome 'GL000208.1+' not present in the annotation (.gtf) file
2022-10-13 04:08:53,106 - WARNING - The .bam file refers to a chromosome 'GL000208.1-' not present in the annotation (.gtf) file
2022-10-13 04:08:53,106 - DEBUG - Marking up chromosome KI270709.1
2022-10-13 04:08:53,106 - WARNING - The .bam file refers to a chromosome 'KI270709.1+' not present in the annotation (.gtf) file
2022-10-13 04:08:53,106 - WARNING - The .bam file refers to a chromosome 'KI270709.1-' not present in the annotation (.gtf) file
2022-10-13 04:08:53,106 - DEBUG - Marking up chromosome KI270746.1
2022-10-13 04:08:53,106 - WARNING - The .bam file refers to a chromosome 'KI270746.1+' not present in the annotation (.gtf) file
2022-10-13 04:08:53,106 - WARNING - The .bam file refers to a chromosome 'KI270746.1-' not present in the annotation (.gtf) file
2022-10-13 04:08:53,107 - DEBUG - Marking up chromosome KI270753.1
2022-10-13 04:08:53,107 - WARNING - The .bam file refers to a chromosome 'KI270753.1+' not present in the annotation (.gtf) file
2022-10-13 04:08:53,107 - WARNING - The .bam file refers to a chromosome 'KI270753.1-' not present in the annotation (.gtf) file
2022-10-13 04:08:53,107 - DEBUG - Marking up chromosome KI270589.1
2022-10-13 04:08:53,107 - WARNING - The .bam file refers to a chromosome 'KI270589.1+' not present in the annotation (.gtf) file
2022-10-13 04:08:53,107 - WARNING - The .bam file refers to a chromosome 'KI270589.1-' not present in the annotation (.gtf) file
2022-10-13 04:08:53,107 - DEBUG - Marking up chromosome KI270726.1
2022-10-13 04:08:53,107 - WARNING - The .bam file refers to a chromosome 'KI270726.1-' not present in the annotation (.gtf) file
2022-10-13 04:08:53,107 - DEBUG - Marking up chromosome KI270711.1
2022-10-13 04:08:53,107 - WARNING - The .bam file refers to a chromosome 'KI270711.1+' not present in the annotation (.gtf) file
2022-10-13 04:08:53,128 - DEBUG - Marking up chromosome KI270745.1
2022-10-13 04:08:53,129 - WARNING - The .bam file refers to a chromosome 'KI270745.1+' not present in the annotation (.gtf) file
2022-10-13 04:08:53,129 - WARNING - The .bam file refers to a chromosome 'KI270745.1-' not present in the annotation (.gtf) file
2022-10-13 04:08:53,130 - DEBUG - Marking up chromosome KI270714.1
2022-10-13 04:08:53,130 - WARNING - The .bam file refers to a chromosome 'KI270714.1+' not present in the annotation (.gtf) file
2022-10-13 04:08:53,130 - WARNING - The .bam file refers to a chromosome 'KI270714.1-' not present in the annotation (.gtf) file
2022-10-13 04:08:53,133 - DEBUG - Marking up chromosome KI270732.1
2022-10-13 04:08:53,133 - WARNING - The .bam file refers to a chromosome 'KI270732.1+' not present in the annotation (.gtf) file
2022-10-13 04:08:53,133 - WARNING - The .bam file refers to a chromosome 'KI270732.1-' not present in the annotation (.gtf) file
2022-10-13 04:08:53,133 - DEBUG - Marking up chromosome KI270713.1
2022-10-13 04:08:53,140 - DEBUG - Marking up chromosome KI270717.1
2022-10-13 04:08:53,140 - WARNING - The .bam file refers to a chromosome 'KI270717.1+' not present in the annotation (.gtf) file
2022-10-13 04:08:53,140 - WARNING - The .bam file refers to a chromosome 'KI270717.1-' not present in the annotation (.gtf) file
2022-10-13 04:08:53,142 - DEBUG - Marking up chromosome KI270724.1
2022-10-13 04:08:53,142 - WARNING - The .bam file refers to a chromosome 'KI270724.1+' not present in the annotation (.gtf) file
2022-10-13 04:08:53,142 - WARNING - The .bam file refers to a chromosome 'KI270724.1-' not present in the annotation (.gtf) file
2022-10-13 04:08:53,142 - DEBUG - Marking up chromosome KI270720.1
2022-10-13 04:08:53,142 - WARNING - The .bam file refers to a chromosome 'KI270720.1+' not present in the annotation (.gtf) file
2022-10-13 04:08:53,142 - WARNING - The .bam file refers to a chromosome 'KI270720.1-' not present in the annotation (.gtf) file
2022-10-13 04:08:53,143 - DEBUG - Marking up chromosome KI270723.1
2022-10-13 04:08:53,143 - WARNING - The .bam file refers to a chromosome 'KI270723.1+' not present in the annotation (.gtf) file
2022-10-13 04:08:53,143 - WARNING - The .bam file refers to a chromosome 'KI270723.1-' not present in the annotation (.gtf) file
2022-10-13 04:08:53,143 - DEBUG - Marking up chromosome KI270718.1
2022-10-13 04:08:53,143 - WARNING - The .bam file refers to a chromosome 'KI270718.1+' not present in the annotation (.gtf) file
2022-10-13 04:08:53,143 - WARNING - The .bam file refers to a chromosome 'KI270718.1-' not present in the annotation (.gtf) file
2022-10-13 04:08:53,149 - DEBUG - Marking up chromosome KI270755.1
2022-10-13 04:08:53,149 - WARNING - The .bam file refers to a chromosome 'KI270755.1+' not present in the annotation (.gtf) file
2022-10-13 04:08:53,149 - WARNING - The .bam file refers to a chromosome 'KI270755.1-' not present in the annotation (.gtf) file
2022-10-13 04:08:53,150 - DEBUG - Marking up chromosome KI270707.1
2022-10-13 04:08:53,150 - WARNING - The .bam file refers to a chromosome 'KI270707.1+' not present in the annotation (.gtf) file
2022-10-13 04:08:53,150 - WARNING - The .bam file refers to a chromosome 'KI270707.1-' not present in the annotation (.gtf) file
2022-10-13 04:08:53,152 - DEBUG - Marking up chromosome KI270448.1
2022-10-13 04:08:53,152 - WARNING - The .bam file refers to a chromosome 'KI270448.1+' not present in the annotation (.gtf) file
2022-10-13 04:08:53,152 - WARNING - The .bam file refers to a chromosome 'KI270448.1-' not present in the annotation (.gtf) file
2022-10-13 04:08:53,152 - DEBUG - Marking up chromosome KI270467.1
2022-10-13 04:08:53,152 - WARNING - The .bam file refers to a chromosome 'KI270467.1+' not present in the annotation (.gtf) file
2022-10-13 04:08:53,152 - WARNING - The .bam file refers to a chromosome 'KI270467.1-' not present in the annotation (.gtf) file
2022-10-13 04:08:53,152 - DEBUG - Marking up chromosome KI270510.1
2022-10-13 04:08:53,152 - WARNING - The .bam file refers to a chromosome 'KI270510.1+' not present in the annotation (.gtf) file
2022-10-13 04:08:53,152 - WARNING - The .bam file refers to a chromosome 'KI270510.1-' not present in the annotation (.gtf) file
2022-10-13 04:08:53,152 - DEBUG - Marking up chromosome KI270330.1
2022-10-13 04:08:53,152 - WARNING - The .bam file refers to a chromosome 'KI270330.1+' not present in the annotation (.gtf) file
2022-10-13 04:08:53,152 - WARNING - The .bam file refers to a chromosome 'KI270330.1-' not present in the annotation (.gtf) file
2022-10-13 04:08:53,153 - DEBUG - Marking up chromosome KI270337.1
2022-10-13 04:08:53,153 - WARNING - The .bam file refers to a chromosome 'KI270337.1+' not present in the annotation (.gtf) file
2022-10-13 04:08:53,153 - WARNING - The .bam file refers to a chromosome 'KI270337.1-' not present in the annotation (.gtf) file
2022-10-13 04:08:53,153 - DEBUG - Marking up chromosome KI270336.1
2022-10-13 04:08:53,153 - WARNING - The .bam file refers to a chromosome 'KI270336.1+' not present in the annotation (.gtf) file
2022-10-13 04:08:53,153 - WARNING - The .bam file refers to a chromosome 'KI270336.1-' not present in the annotation (.gtf) file
2022-10-13 04:08:56,985 - DEBUG - Read first 160 million reads
2022-10-13 04:09:02,975 - DEBUG - End of file. Reset index: start scanning from initial position.
2022-10-13 04:09:02,979 - DEBUG - 6727242 reads were skipped because no apropiate cell or umi barcode was found
2022-10-13 04:09:02,979 - DEBUG - Start molecule counting!
2022-10-13 04:09:06,607 - DEBUG - Features available for chromosomes : ['GL000009.2-', 'GL000194.1-', 'GL000195.1-', 'GL000195.1+', 'GL000205.2-', 'GL000213.1-', 'GL000218.1-', 'GL000219.1-', 'KI270711.1-', 'KI270713.1-', 'KI270713.1+', 'KI270721.1+', 'KI270726.1+', 'KI270727.1-', 'KI270727.1+', 'KI270728.1-', 'KI270728.1+', 'KI270731.1-', 'KI270734.1-', 'KI270734.1+', '1-', '1+', '10-', '10+', '11-', '11+', '12-', '12+', '13-', '13+', '14-', '14+', '15-', '15+', '16-', '16+', '17-', '17+', '18-', '18+', '19-', '19+', '2-', '2+', '20-', '20+', '21-', '21+', '22-', '22+', '3-', '3+', '4-', '4+', '5-', '5+', '6-', '6+', '7-', '7+', '8-', '8+', '9-', '9+', 'M-', 'M+', 'X-', 'X+', 'Y-', 'Y+']
2022-10-13 04:09:06,608 - DEBUG - Mask available for chromosomes : []
2022-10-13 04:09:06,608 - DEBUG - Summarizing the results of intron validation.
2022-10-13 04:09:07,274 - DEBUG - Validated 574166 introns (of which unique intervals 176926) out of 1106199 total possible introns (considering each possible transcript models).
2022-10-13 04:09:07,275 - DEBUG - Reading /storage/singlecell/zz4/fetal_bash/data/Retina_fetal/Multiome_23w4d_NR/outs/cellsorted_gex_possorted_bam.bam
2022-10-13 04:09:07,405 - DEBUG - Read first 0 million reads
2022-10-13 04:09:50,799 - DEBUG - Counting for batch 1, containing 100 cells and 1359556 reads
2022-10-13 04:10:38,562 - DEBUG - 0 reads not considered because fully enclosed in repeat masked regions
2022-10-13 04:10:52,187 - DEBUG - Read first 10 million reads
2022-10-13 04:11:04,847 - DEBUG - Counting for batch 2, containing 100 cells and 1562440 reads
2022-10-13 04:11:55,768 - DEBUG - 0 reads not considered because fully enclosed in repeat masked regions
2022-10-13 04:12:21,844 - DEBUG - Counting for batch 3, containing 100 cells and 1260634 reads
2022-10-13 04:13:06,823 - DEBUG - 0 reads not considered because fully enclosed in repeat masked regions
2022-10-13 04:13:36,832 - DEBUG - Counting for batch 4, containing 100 cells and 1953138 reads
2022-10-13 04:14:45,749 - DEBUG - 0 reads not considered because fully enclosed in repeat masked regions
2022-10-13 04:15:12,846 - DEBUG - Counting for batch 5, containing 100 cells and 1424474 reads
2022-10-13 04:15:59,362 - DEBUG - 0 reads not considered because fully enclosed in repeat masked regions
2022-10-13 04:16:32,280 - DEBUG - Read first 20 million reads
2022-10-13 04:16:37,109 - DEBUG - Counting for batch 6, containing 100 cells and 2374214 reads
2022-10-13 04:17:58,105 - DEBUG - 0 reads not considered because fully enclosed in repeat masked regions
2022-10-13 04:18:35,109 - DEBUG - Counting for batch 7, containing 100 cells and 1567537 reads
2022-10-13 04:19:26,816 - DEBUG - 0 reads not considered because fully enclosed in repeat masked regions
2022-10-13 04:19:53,514 - DEBUG - Counting for batch 8, containing 100 cells and 1467476 reads
2022-10-13 04:20:40,941 - DEBUG - 0 reads not considered because fully enclosed in repeat masked regions
2022-10-13 04:21:13,111 - DEBUG - Counting for batch 9, containing 100 cells and 1767253 reads
2022-10-13 04:22:09,480 - DEBUG - 0 reads not considered because fully enclosed in repeat masked regions
2022-10-13 04:22:37,410 - DEBUG - Counting for batch 10, containing 100 cells and 1339864 reads
2022-10-13 04:23:21,296 - DEBUG - 0 reads not considered because fully enclosed in repeat masked regions
2022-10-13 04:23:38,744 - DEBUG - Read first 30 million reads
2022-10-13 04:23:50,807 - DEBUG - Counting for batch 11, containing 100 cells and 1563155 reads
2022-10-13 04:24:42,899 - DEBUG - 0 reads not considered because fully enclosed in repeat masked regions
2022-10-13 04:25:10,171 - DEBUG - Counting for batch 12, containing 100 cells and 1561924 reads
2022-10-13 04:26:01,087 - DEBUG - 0 reads not considered because fully enclosed in repeat masked regions
2022-10-13 04:26:28,859 - DEBUG - Counting for batch 13, containing 100 cells and 1230851 reads
2022-10-13 04:27:12,392 - DEBUG - 0 reads not considered because fully enclosed in repeat masked regions
2022-10-13 04:27:39,573 - DEBUG - Counting for batch 14, containing 100 cells and 1753478 reads
2022-10-13 04:28:43,077 - DEBUG - 0 reads not considered because fully enclosed in repeat masked regions
2022-10-13 04:29:14,008 - DEBUG - Counting for batch 15, containing 100 cells and 1782038 reads
2022-10-13 04:30:11,668 - DEBUG - 0 reads not considered because fully enclosed in repeat masked regions
2022-10-13 04:30:27,469 - DEBUG - Read first 40 million reads
2022-10-13 04:30:44,626 - DEBUG - Counting for batch 16, containing 100 cells and 1843370 reads
2022-10-13 04:31:43,952 - DEBUG - 0 reads not considered because fully enclosed in repeat masked regions
2022-10-13 04:32:20,973 - DEBUG - Counting for batch 17, containing 100 cells and 1991697 reads
2022-10-13 04:33:27,644 - DEBUG - 0 reads not considered because fully enclosed in repeat masked regions
2022-10-13 04:33:55,391 - DEBUG - Counting for batch 18, containing 100 cells and 1508745 reads
2022-10-13 04:34:44,526 - DEBUG - 0 reads not considered because fully enclosed in repeat masked regions
2022-10-13 04:35:10,870 - DEBUG - Counting for batch 19, containing 100 cells and 1421863 reads
2022-10-13 04:35:57,939 - DEBUG - 0 reads not considered because fully enclosed in repeat masked regions
2022-10-13 04:36:21,472 - DEBUG - Read first 50 million reads
2022-10-13 04:36:23,555 - DEBUG - Counting for batch 20, containing 100 cells and 1342782 reads
2022-10-13 04:37:09,210 - DEBUG - 0 reads not considered because fully enclosed in repeat masked regions
2022-10-13 04:37:33,202 - DEBUG - Counting for batch 21, containing 100 cells and 1437425 reads
2022-10-13 04:38:23,455 - DEBUG - 0 reads not considered because fully enclosed in repeat masked regions
2022-10-13 04:39:04,518 - DEBUG - Counting for batch 22, containing 100 cells and 2890957 reads
2022-10-13 04:40:39,666 - DEBUG - 0 reads not considered because fully enclosed in repeat masked regions
2022-10-13 04:41:23,640 - DEBUG - Counting for batch 23, containing 100 cells and 2166155 reads
2022-10-13 04:42:36,263 - DEBUG - 0 reads not considered because fully enclosed in repeat masked regions
2022-10-13 04:43:05,288 - DEBUG - Read first 60 million reads
2022-10-13 04:43:14,467 - DEBUG - Counting for batch 24, containing 100 cells and 2100697 reads
2022-10-13 04:44:22,280 - DEBUG - 0 reads not considered because fully enclosed in repeat masked regions
2022-10-13 04:44:54,706 - DEBUG - Counting for batch 25, containing 100 cells and 1585661 reads
2022-10-13 04:45:48,743 - DEBUG - 0 reads not considered because fully enclosed in repeat masked regions
2022-10-13 04:46:22,777 - DEBUG - Counting for batch 26, containing 100 cells and 2040556 reads
2022-10-13 04:47:30,159 - DEBUG - 0 reads not considered because fully enclosed in repeat masked regions
2022-10-13 04:48:00,791 - DEBUG - Counting for batch 27, containing 100 cells and 1451299 reads
2022-10-13 04:48:48,841 - DEBUG - 0 reads not considered because fully enclosed in repeat masked regions
2022-10-13 04:49:16,826 - DEBUG - Counting for batch 28, containing 100 cells and 1471650 reads
2022-10-13 04:50:05,500 - DEBUG - 0 reads not considered because fully enclosed in repeat masked regions
2022-10-13 04:50:23,739 - DEBUG - Read first 70 million reads
2022-10-13 04:50:38,958 - DEBUG - Counting for batch 29, containing 100 cells and 1734749 reads
2022-10-13 04:51:37,514 - DEBUG - 0 reads not considered because fully enclosed in repeat masked regions
2022-10-13 04:52:12,835 - DEBUG - Counting for batch 30, containing 100 cells and 2124097 reads
2022-10-13 04:53:21,856 - DEBUG - 0 reads not considered because fully enclosed in repeat masked regions
2022-10-13 04:53:56,980 - DEBUG - Counting for batch 31, containing 100 cells and 1988856 reads
2022-10-13 04:55:07,123 - DEBUG - 0 reads not considered because fully enclosed in repeat masked regions
2022-10-13 04:55:41,650 - DEBUG - Counting for batch 32, containing 100 cells and 1959884 reads
2022-10-13 04:56:49,814 - DEBUG - 0 reads not considered because fully enclosed in repeat masked regions
2022-10-13 04:57:06,224 - DEBUG - Read first 80 million reads
2022-10-13 04:57:21,400 - DEBUG - Counting for batch 33, containing 100 cells and 1552836 reads
2022-10-13 04:58:15,323 - DEBUG - 0 reads not considered because fully enclosed in repeat masked regions
2022-10-13 04:58:45,802 - DEBUG - Counting for batch 34, containing 100 cells and 1737346 reads
2022-10-13 04:59:50,528 - DEBUG - 0 reads not considered because fully enclosed in repeat masked regions
2022-10-13 05:00:20,395 - DEBUG - Counting for batch 35, containing 100 cells and 1612826 reads
2022-10-13 05:01:16,044 - DEBUG - 0 reads not considered because fully enclosed in repeat masked regions
2022-10-13 05:01:47,708 - DEBUG - Counting for batch 36, containing 100 cells and 1682944 reads
2022-10-13 05:02:42,896 - DEBUG - 0 reads not considered because fully enclosed in repeat masked regions
2022-10-13 05:03:07,025 - DEBUG - Read first 90 million reads
2022-10-13 05:03:12,974 - DEBUG - Counting for batch 37, containing 100 cells and 1664087 reads
2022-10-13 05:04:06,021 - DEBUG - 0 reads not considered because fully enclosed in repeat masked regions
2022-10-13 05:04:36,489 - DEBUG - Counting for batch 38, containing 100 cells and 1551358 reads
2022-10-13 05:05:28,141 - DEBUG - 0 reads not considered because fully enclosed in repeat masked regions
2022-10-13 05:05:58,913 - DEBUG - Counting for batch 39, containing 100 cells and 1774572 reads
2022-10-13 05:06:55,501 - DEBUG - 0 reads not considered because fully enclosed in repeat masked regions
2022-10-13 05:07:25,230 - DEBUG - Counting for batch 40, containing 100 cells and 1527269 reads
2022-10-13 05:08:17,553 - DEBUG - 0 reads not considered because fully enclosed in repeat masked regions
2022-10-13 05:08:43,787 - DEBUG - Counting for batch 41, containing 100 cells and 1510731 reads
2022-10-13 05:09:34,491 - DEBUG - 0 reads not considered because fully enclosed in repeat masked regions
2022-10-13 05:09:53,696 - DEBUG - Read first 100 million reads
2022-10-13 05:10:01,755 - DEBUG - Counting for batch 42, containing 100 cells and 1417710 reads
2022-10-13 05:10:49,453 - DEBUG - 0 reads not considered because fully enclosed in repeat masked regions
2022-10-13 05:11:21,618 - DEBUG - Counting for batch 43, containing 100 cells and 1960820 reads
2022-10-13 05:12:23,516 - DEBUG - 0 reads not considered because fully enclosed in repeat masked regions
2022-10-13 05:12:54,759 - DEBUG - Counting for batch 44, containing 100 cells and 1507704 reads
2022-10-13 05:13:46,527 - DEBUG - 0 reads not considered because fully enclosed in repeat masked regions
2022-10-13 05:14:10,685 - DEBUG - Counting for batch 45, containing 100 cells and 1507930 reads
2022-10-13 05:14:59,702 - DEBUG - 0 reads not considered because fully enclosed in repeat masked regions
2022-10-13 05:15:35,120 - DEBUG - Counting for batch 46, containing 100 cells and 2088954 reads
2022-10-13 05:16:42,166 - DEBUG - 0 reads not considered because fully enclosed in repeat masked regions
2022-10-13 05:16:56,955 - DEBUG - Read first 110 million reads
2022-10-13 05:17:21,395 - DEBUG - Counting for batch 47, containing 100 cells and 2062434 reads
2022-10-13 05:18:27,417 - DEBUG - 0 reads not considered because fully enclosed in repeat masked regions
2022-10-13 05:19:01,493 - DEBUG - Counting for batch 48, containing 100 cells and 1722678 reads
2022-10-13 05:19:59,584 - DEBUG - 0 reads not considered because fully enclosed in repeat masked regions
2022-10-13 05:20:34,165 - DEBUG - Counting for batch 49, containing 100 cells and 2152752 reads
2022-10-13 05:21:44,718 - DEBUG - 0 reads not considered because fully enclosed in repeat masked regions
2022-10-13 05:22:15,455 - DEBUG - Counting for batch 50, containing 100 cells and 1569906 reads
2022-10-13 05:23:04,150 - DEBUG - 0 reads not considered because fully enclosed in repeat masked regions
2022-10-13 05:23:19,636 - DEBUG - Read first 120 million reads
2022-10-13 05:23:28,445 - DEBUG - Counting for batch 51, containing 100 cells and 1266090 reads
2022-10-13 05:24:11,075 - DEBUG - 0 reads not considered because fully enclosed in repeat masked regions
2022-10-13 05:24:37,296 - DEBUG - Counting for batch 52, containing 100 cells and 1413321 reads
2022-10-13 05:25:27,908 - DEBUG - 0 reads not considered because fully enclosed in repeat masked regions
2022-10-13 05:25:58,233 - DEBUG - Counting for batch 53, containing 100 cells and 1791432 reads
2022-10-13 05:26:55,069 - DEBUG - 0 reads not considered because fully enclosed in repeat masked regions
2022-10-13 05:27:28,533 - DEBUG - Counting for batch 54, containing 100 cells and 2064188 reads
2022-10-13 05:28:38,922 - DEBUG - 0 reads not considered because fully enclosed in repeat masked regions
2022-10-13 05:29:08,933 - DEBUG - Counting for batch 55, containing 100 cells and 1701385 reads
2022-10-13 05:30:02,745 - DEBUG - 0 reads not considered because fully enclosed in repeat masked regions
2022-10-13 05:30:13,347 - DEBUG - Read first 130 million reads
2022-10-13 05:30:36,930 - DEBUG - Counting for batch 56, containing 100 cells and 2089994 reads
2022-10-13 05:31:43,174 - DEBUG - 0 reads not considered because fully enclosed in repeat masked regions
2022-10-13 05:32:14,233 - DEBUG - Counting for batch 57, containing 100 cells and 1880374 reads
2022-10-13 05:33:15,354 - DEBUG - 0 reads not considered because fully enclosed in repeat masked regions
2022-10-13 05:33:45,969 - DEBUG - Counting for batch 58, containing 100 cells and 1844680 reads
2022-10-13 05:34:42,845 - DEBUG - 0 reads not considered because fully enclosed in repeat masked regions
2022-10-13 05:35:11,869 - DEBUG - Counting for batch 59, containing 100 cells and 1589342 reads
2022-10-13 05:36:02,499 - DEBUG - 0 reads not considered because fully enclosed in repeat masked regions
2022-10-13 05:36:18,426 - DEBUG - Read first 140 million reads
2022-10-13 05:36:34,637 - DEBUG - Counting for batch 60, containing 100 cells and 1757257 reads
2022-10-13 05:37:33,572 - DEBUG - 0 reads not considered because fully enclosed in repeat masked regions
2022-10-13 05:38:07,932 - DEBUG - Counting for batch 61, containing 100 cells and 2203155 reads
2022-10-13 05:39:17,841 - DEBUG - 0 reads not considered because fully enclosed in repeat masked regions
2022-10-13 05:39:45,002 - DEBUG - Counting for batch 62, containing 100 cells and 1304397 reads
2022-10-13 05:40:28,237 - DEBUG - 0 reads not considered because fully enclosed in repeat masked regions
2022-10-13 05:41:12,809 - DEBUG - Counting for batch 63, containing 100 cells and 3124484 reads
2022-10-13 05:42:54,777 - DEBUG - 0 reads not considered because fully enclosed in repeat masked regions
2022-10-13 05:43:17,026 - DEBUG - Read first 150 million reads
2022-10-13 05:43:30,482 - DEBUG - Counting for batch 64, containing 100 cells and 1770101 reads
2022-10-13 05:44:26,981 - DEBUG - 0 reads not considered because fully enclosed in repeat masked regions
2022-10-13 05:45:00,866 - DEBUG - Counting for batch 65, containing 100 cells and 2245575 reads
2022-10-13 05:46:10,520 - DEBUG - 0 reads not considered because fully enclosed in repeat masked regions
2022-10-13 05:46:39,988 - DEBUG - Counting for batch 66, containing 100 cells and 1777899 reads
2022-10-13 05:47:33,365 - DEBUG - 0 reads not considered because fully enclosed in repeat masked regions
2022-10-13 05:48:04,280 - DEBUG - Counting for batch 67, containing 100 cells and 1817933 reads
2022-10-13 05:49:02,036 - DEBUG - 0 reads not considered because fully enclosed in repeat masked regions
2022-10-13 05:49:17,617 - DEBUG - Read first 160 million reads
2022-10-13 05:49:27,813 - DEBUG - Counting for batch 68, containing 100 cells and 1652049 reads
2022-10-13 05:50:22,020 - DEBUG - 0 reads not considered because fully enclosed in repeat masked regions
2022-10-13 05:50:52,301 - DEBUG - Counting for batch 69, containing 85 cells and 2078881 reads
2022-10-13 05:51:54,204 - DEBUG - 0 reads not considered because fully enclosed in repeat masked regions
2022-10-13 05:52:06,873 - DEBUG - 6727242 reads were skipped because no apropiate cell or umi barcode was found
2022-10-13 05:52:06,880 - DEBUG - Counting done!
2022-10-13 05:52:06,930 - DEBUG - Generating output file /storage/singlecell/zz4/fetal_bash/results/RNA_velocity/Multiome_23w4d_NR/Multiome_23w4d_NR.loom
2022-10-13 05:52:06,930 - DEBUG - Collecting row attributes
2022-10-13 05:52:07,097 - DEBUG - Generating data table
2022-10-13 05:52:09,814 - DEBUG - Writing loom file
2022-10-13 05:52:13,194 - DEBUG - Creating converter from 5 to 3
2022-10-13 05:52:13,198 - DEBUG - Creating converter from 3 to 5
2022-10-13 05:52:30,308 - DEBUG - Terminated Succesfully!
ended at Thu Oct 13 05:52:34 CDT 2022 on mhgcp-g00.grid.bcm.edu. Time elapsed: 02:18:35
