starting at Wed Oct 12 16:48:28 CDT 2022 on mhgcp-g00.grid.bcm.edu
SLURM_JOBID=624147
2022-10-12 16:48:58,810 - DEBUG - Using logic: Default
2022-10-12 16:48:58,843 - INFO - Read 12692 cell barcodes from /storage/singlecell/zz4/fetal_bash/data/Retina_fetal/Multi_Fetal_11w2d_FR/outs/filtered_feature_bc_matrix/barcodes.tsv.gz
2022-10-12 16:48:58,844 - DEBUG - Example of barcode: AAACAGCCAACCGCCA and cell_id: Multi_Fetal_11w2d_FR:AAACAGCCAACCGCCA-1
2022-10-12 16:48:58,876 - DEBUG - Peeking into /storage/singlecell/zz4/fetal_bash/data/Retina_fetal/Multi_Fetal_11w2d_FR/outs/gex_possorted_bam.bam
2022-10-12 16:48:59,021 - WARNING - Not found cell and umi barcode in entry 1 of the bam file
2022-10-12 16:48:59,021 - WARNING - Not found cell and umi barcode in entry 24 of the bam file
2022-10-12 16:48:59,021 - WARNING - Not found cell and umi barcode in entry 25 of the bam file
2022-10-12 16:48:59,021 - WARNING - Not found cell and umi barcode in entry 34 of the bam file
2022-10-12 16:48:59,021 - WARNING - Not found cell and umi barcode in entry 38 of the bam file
2022-10-12 16:48:59,021 - WARNING - Not found cell and umi barcode in entry 39 of the bam file
2022-10-12 16:48:59,021 - WARNING - Not found cell and umi barcode in entry 40 of the bam file
2022-10-12 16:48:59,021 - WARNING - Not found cell and umi barcode in entry 41 of the bam file
2022-10-12 16:48:59,021 - WARNING - Not found cell and umi barcode in entry 45 of the bam file
2022-10-12 16:48:59,021 - WARNING - Not found cell and umi barcode in entry 48 of the bam file
2022-10-12 16:48:59,021 - WARNING - Not found cell and umi barcode in entry 49 of the bam file
2022-10-12 16:48:59,021 - WARNING - Not found cell and umi barcode in entry 50 of the bam file
2022-10-12 16:48:59,021 - WARNING - Not found cell and umi barcode in entry 51 of the bam file
2022-10-12 16:48:59,021 - WARNING - Not found cell and umi barcode in entry 52 of the bam file
2022-10-12 16:48:59,021 - WARNING - Not found cell and umi barcode in entry 53 of the bam file
2022-10-12 16:48:59,021 - WARNING - Not found cell and umi barcode in entry 54 of the bam file
2022-10-12 16:48:59,022 - WARNING - Not found cell and umi barcode in entry 347 of the bam file
2022-10-12 16:48:59,022 - WARNING - Not found cell and umi barcode in entry 378 of the bam file
2022-10-12 16:48:59,022 - WARNING - Not found cell and umi barcode in entry 381 of the bam file
2022-10-12 16:48:59,022 - WARNING - Not found cell and umi barcode in entry 399 of the bam file
2022-10-12 16:48:59,022 - WARNING - Not found cell and umi barcode in entry 400 of the bam file
2022-10-12 16:48:59,022 - WARNING - Not found cell and umi barcode in entry 403 of the bam file
2022-10-12 16:48:59,022 - WARNING - Not found cell and umi barcode in entry 440 of the bam file
2022-10-12 16:48:59,022 - WARNING - Not found cell and umi barcode in entry 445 of the bam file
2022-10-12 16:48:59,022 - WARNING - Not found cell and umi barcode in entry 446 of the bam file
2022-10-12 16:48:59,022 - WARNING - Not found cell and umi barcode in entry 453 of the bam file
2022-10-12 16:48:59,022 - WARNING - Not found cell and umi barcode in entry 454 of the bam file
2022-10-12 16:48:59,022 - WARNING - Not found cell and umi barcode in entry 455 of the bam file
2022-10-12 16:48:59,023 - WARNING - Not found cell and umi barcode in entry 464 of the bam file
2022-10-12 16:48:59,023 - WARNING - Not found cell and umi barcode in entry 475 of the bam file
2022-10-12 16:48:59,023 - WARNING - Not found cell and umi barcode in entry 488 of the bam file
2022-10-12 16:48:59,023 - WARNING - Not found cell and umi barcode in entry 545 of the bam file
2022-10-12 16:48:59,023 - WARNING - Not found cell and umi barcode in entry 582 of the bam file
2022-10-12 16:48:59,023 - WARNING - Not found cell and umi barcode in entry 607 of the bam file
2022-10-12 16:48:59,023 - WARNING - Not found cell and umi barcode in entry 668 of the bam file
2022-10-12 16:48:59,023 - WARNING - Not found cell and umi barcode in entry 680 of the bam file
2022-10-12 16:48:59,023 - WARNING - Not found cell and umi barcode in entry 687 of the bam file
2022-10-12 16:48:59,024 - WARNING - Not found cell and umi barcode in entry 849 of the bam file
2022-10-12 16:48:59,024 - WARNING - Not found cell and umi barcode in entry 862 of the bam file
2022-10-12 16:48:59,024 - WARNING - Not found cell and umi barcode in entry 924 of the bam file
2022-10-12 16:48:59,024 - WARNING - Not found cell and umi barcode in entry 941 of the bam file
2022-10-12 16:48:59,024 - WARNING - Not found cell and umi barcode in entry 987 of the bam file
2022-10-12 16:48:59,024 - WARNING - Not found cell and umi barcode in entry 992 of the bam file
2022-10-12 16:48:59,030 - WARNING - The file /storage/singlecell/zz4/fetal_bash/data/Retina_fetal/Multi_Fetal_11w2d_FR/outs/cellsorted_gex_possorted_bam.bam already exists. The sorting step will be skipped and the existing file will be used.
2022-10-12 16:48:59,031 - INFO - Load the annotation from /storage/singlecell/zz4/Reference/refdata-cellranger-arc-GRCh38-2020-A/genes/genes.gtf
2022-10-12 16:49:19,786 - DEBUG - Parsing Chromosome GL000009.2 strand - [line 0]
2022-10-12 16:49:19,787 - DEBUG - Done with GL000009.2- [line 7]
2022-10-12 16:49:19,788 - DEBUG - Assigning indexes to genes
2022-10-12 16:49:19,788 - DEBUG - Seen 1 genes until now
2022-10-12 16:49:19,788 - DEBUG - Parsing Chromosome GL000194.1 strand - [line 8]
2022-10-12 16:49:19,788 - DEBUG - Done with GL000194.1- [line 33]
2022-10-12 16:49:19,788 - DEBUG - Assigning indexes to genes
2022-10-12 16:49:19,788 - DEBUG - Seen 3 genes until now
2022-10-12 16:49:19,788 - DEBUG - Parsing Chromosome GL000195.1 strand - [line 34]
2022-10-12 16:49:19,788 - DEBUG - Done with GL000195.1- [line 43]
2022-10-12 16:49:19,788 - DEBUG - Assigning indexes to genes
2022-10-12 16:49:19,788 - DEBUG - Seen 4 genes until now
2022-10-12 16:49:19,788 - DEBUG - Parsing Chromosome GL000195.1 strand + [line 44]
2022-10-12 16:49:19,788 - DEBUG - Done with GL000195.1+ [line 57]
2022-10-12 16:49:19,788 - DEBUG - Assigning indexes to genes
2022-10-12 16:49:19,788 - DEBUG - Seen 5 genes until now
2022-10-12 16:49:19,788 - DEBUG - Parsing Chromosome GL000205.2 strand - [line 58]
2022-10-12 16:49:19,788 - DEBUG - Done with GL000205.2- [line 71]
2022-10-12 16:49:19,788 - DEBUG - Assigning indexes to genes
2022-10-12 16:49:19,788 - DEBUG - Seen 6 genes until now
2022-10-12 16:49:19,788 - DEBUG - Parsing Chromosome GL000213.1 strand - [line 72]
2022-10-12 16:49:19,789 - DEBUG - Done with GL000213.1- [line 120]
2022-10-12 16:49:19,789 - DEBUG - Assigning indexes to genes
2022-10-12 16:49:19,789 - DEBUG - Seen 7 genes until now
2022-10-12 16:49:19,789 - DEBUG - Parsing Chromosome GL000218.1 strand - [line 121]
2022-10-12 16:49:19,789 - DEBUG - Done with GL000218.1- [line 128]
2022-10-12 16:49:19,789 - DEBUG - Assigning indexes to genes
2022-10-12 16:49:19,789 - DEBUG - Seen 8 genes until now
2022-10-12 16:49:19,789 - DEBUG - Parsing Chromosome GL000219.1 strand - [line 129]
2022-10-12 16:49:19,789 - DEBUG - Done with GL000219.1- [line 141]
2022-10-12 16:49:19,789 - DEBUG - Assigning indexes to genes
2022-10-12 16:49:19,789 - DEBUG - Seen 9 genes until now
2022-10-12 16:49:19,789 - DEBUG - Parsing Chromosome KI270711.1 strand - [line 142]
2022-10-12 16:49:19,790 - DEBUG - Done with KI270711.1- [line 292]
2022-10-12 16:49:19,790 - DEBUG - Assigning indexes to genes
2022-10-12 16:49:19,790 - DEBUG - Seen 10 genes until now
2022-10-12 16:49:19,790 - DEBUG - Parsing Chromosome KI270713.1 strand - [line 293]
2022-10-12 16:49:19,790 - DEBUG - Done with KI270713.1- [line 300]
2022-10-12 16:49:19,790 - DEBUG - Assigning indexes to genes
2022-10-12 16:49:19,790 - DEBUG - Seen 11 genes until now
2022-10-12 16:49:19,790 - DEBUG - Parsing Chromosome KI270713.1 strand + [line 301]
2022-10-12 16:49:19,790 - DEBUG - Done with KI270713.1+ [line 307]
2022-10-12 16:49:19,790 - DEBUG - Assigning indexes to genes
2022-10-12 16:49:19,790 - DEBUG - Seen 12 genes until now
2022-10-12 16:49:19,790 - DEBUG - Parsing Chromosome KI270721.1 strand + [line 308]
2022-10-12 16:49:19,790 - DEBUG - Done with KI270721.1+ [line 323]
2022-10-12 16:49:19,790 - DEBUG - Assigning indexes to genes
2022-10-12 16:49:19,790 - DEBUG - Seen 13 genes until now
2022-10-12 16:49:19,790 - DEBUG - Parsing Chromosome KI270726.1 strand + [line 324]
2022-10-12 16:49:19,790 - DEBUG - Done with KI270726.1+ [line 334]
2022-10-12 16:49:19,790 - DEBUG - Assigning indexes to genes
2022-10-12 16:49:19,790 - DEBUG - Seen 15 genes until now
2022-10-12 16:49:19,790 - DEBUG - Parsing Chromosome KI270727.1 strand - [line 335]
2022-10-12 16:49:19,791 - DEBUG - Done with KI270727.1- [line 394]
2022-10-12 16:49:19,791 - DEBUG - Assigning indexes to genes
2022-10-12 16:49:19,791 - DEBUG - Seen 17 genes until now
2022-10-12 16:49:19,791 - DEBUG - Parsing Chromosome KI270727.1 strand + [line 395]
2022-10-12 16:49:19,791 - DEBUG - Done with KI270727.1+ [line 409]
2022-10-12 16:49:19,791 - DEBUG - Assigning indexes to genes
2022-10-12 16:49:19,791 - DEBUG - Seen 19 genes until now
2022-10-12 16:49:19,791 - DEBUG - Parsing Chromosome KI270728.1 strand - [line 410]
2022-10-12 16:49:19,791 - DEBUG - Done with KI270728.1- [line 486]
2022-10-12 16:49:19,791 - DEBUG - Assigning indexes to genes
2022-10-12 16:49:19,791 - DEBUG - Seen 21 genes until now
2022-10-12 16:49:19,791 - DEBUG - Parsing Chromosome KI270728.1 strand + [line 487]
2022-10-12 16:49:19,792 - DEBUG - Done with KI270728.1+ [line 523]
2022-10-12 16:49:19,792 - DEBUG - Assigning indexes to genes
2022-10-12 16:49:19,792 - DEBUG - Seen 25 genes until now
2022-10-12 16:49:19,792 - DEBUG - Parsing Chromosome KI270731.1 strand - [line 524]
2022-10-12 16:49:19,792 - DEBUG - Done with KI270731.1- [line 530]
2022-10-12 16:49:19,792 - DEBUG - Assigning indexes to genes
2022-10-12 16:49:19,792 - DEBUG - Seen 26 genes until now
2022-10-12 16:49:19,792 - DEBUG - Parsing Chromosome KI270734.1 strand - [line 531]
2022-10-12 16:49:19,792 - DEBUG - Done with KI270734.1- [line 599]
2022-10-12 16:49:19,792 - DEBUG - Assigning indexes to genes
2022-10-12 16:49:19,792 - DEBUG - Seen 27 genes until now
2022-10-12 16:49:19,792 - DEBUG - Parsing Chromosome KI270734.1 strand + [line 600]
2022-10-12 16:49:19,792 - DEBUG - Done with KI270734.1+ [line 622]
2022-10-12 16:49:19,792 - DEBUG - Assigning indexes to genes
2022-10-12 16:49:19,792 - DEBUG - Seen 29 genes until now
2022-10-12 16:49:19,792 - DEBUG - Parsing Chromosome 1 strand - [line 623]
2022-10-12 16:49:20,936 - DEBUG - Done with 1- [line 118876]
2022-10-12 16:49:20,936 - DEBUG - Assigning indexes to genes
2022-10-12 16:49:20,952 - DEBUG - Seen 1711 genes until now
2022-10-12 16:49:20,952 - DEBUG - Parsing Chromosome 1 strand + [line 118877]
2022-10-12 16:49:22,385 - DEBUG - Done with 1+ [line 253796]
2022-10-12 16:49:22,385 - DEBUG - Assigning indexes to genes
2022-10-12 16:49:22,399 - DEBUG - Seen 3439 genes until now
2022-10-12 16:49:22,400 - DEBUG - Parsing Chromosome 10 strand - [line 253797]
2022-10-12 16:49:22,650 - DEBUG - Done with 10- [line 304078]
2022-10-12 16:49:22,650 - DEBUG - Assigning indexes to genes
2022-10-12 16:49:22,660 - DEBUG - Seen 4100 genes until now
2022-10-12 16:49:22,660 - DEBUG - Parsing Chromosome 10 strand + [line 304079]
2022-10-12 16:49:23,234 - DEBUG - Done with 10+ [line 356023]
2022-10-12 16:49:23,234 - DEBUG - Assigning indexes to genes
2022-10-12 16:49:23,245 - DEBUG - Seen 4833 genes until now
2022-10-12 16:49:23,245 - DEBUG - Parsing Chromosome 11 strand - [line 356024]
2022-10-12 16:49:23,763 - DEBUG - Done with 11- [line 438038]
2022-10-12 16:49:23,763 - DEBUG - Assigning indexes to genes
2022-10-12 16:49:23,780 - DEBUG - Seen 5833 genes until now
2022-10-12 16:49:23,780 - DEBUG - Parsing Chromosome 11 strand + [line 438039]
2022-10-12 16:49:24,873 - DEBUG - Done with 11+ [line 521163]
2022-10-12 16:49:24,873 - DEBUG - Assigning indexes to genes
2022-10-12 16:49:24,882 - DEBUG - Seen 6898 genes until now
2022-10-12 16:49:24,883 - DEBUG - Parsing Chromosome 12 strand - [line 521164]
2022-10-12 16:49:25,325 - DEBUG - Done with 12- [line 601582]
2022-10-12 16:49:25,325 - DEBUG - Assigning indexes to genes
2022-10-12 16:49:25,334 - DEBUG - Seen 7848 genes until now
2022-10-12 16:49:25,334 - DEBUG - Parsing Chromosome 12 strand + [line 601583]
2022-10-12 16:49:25,751 - DEBUG - Done with 12+ [line 681983]
2022-10-12 16:49:25,751 - DEBUG - Assigning indexes to genes
2022-10-12 16:49:25,761 - DEBUG - Seen 8826 genes until now
2022-10-12 16:49:25,761 - DEBUG - Parsing Chromosome 13 strand - [line 681984]
2022-10-12 16:49:26,398 - DEBUG - Done with 13- [line 702449]
2022-10-12 16:49:26,398 - DEBUG - Assigning indexes to genes
2022-10-12 16:49:26,402 - DEBUG - Seen 9225 genes until now
2022-10-12 16:49:26,402 - DEBUG - Parsing Chromosome 13 strand + [line 702450]
2022-10-12 16:49:26,538 - DEBUG - Done with 13+ [line 726349]
2022-10-12 16:49:26,538 - DEBUG - Assigning indexes to genes
2022-10-12 16:49:26,547 - DEBUG - Seen 9614 genes until now
2022-10-12 16:49:26,547 - DEBUG - Parsing Chromosome 14 strand - [line 726350]
2022-10-12 16:49:26,795 - DEBUG - Done with 14- [line 770987]
2022-10-12 16:49:26,796 - DEBUG - Assigning indexes to genes
2022-10-12 16:49:26,804 - DEBUG - Seen 10373 genes until now
2022-10-12 16:49:26,805 - DEBUG - Parsing Chromosome 14 strand + [line 770988]
2022-10-12 16:49:27,091 - DEBUG - Done with 14+ [line 822908]
2022-10-12 16:49:27,091 - DEBUG - Assigning indexes to genes
2022-10-12 16:49:27,106 - DEBUG - Seen 11088 genes until now
2022-10-12 16:49:27,106 - DEBUG - Parsing Chromosome 15 strand - [line 822909]
2022-10-12 16:49:27,347 - DEBUG - Done with 15- [line 873715]
2022-10-12 16:49:27,348 - DEBUG - Assigning indexes to genes
2022-10-12 16:49:27,361 - DEBUG - Seen 11734 genes until now
2022-10-12 16:49:27,362 - DEBUG - Parsing Chromosome 15 strand + [line 873716]
2022-10-12 16:49:28,583 - DEBUG - Done with 15+ [line 923824]
2022-10-12 16:49:28,583 - DEBUG - Assigning indexes to genes
2022-10-12 16:49:28,593 - DEBUG - Seen 12355 genes until now
2022-10-12 16:49:28,593 - DEBUG - Parsing Chromosome 16 strand - [line 923825]
2022-10-12 16:49:28,884 - DEBUG - Done with 16- [line 979238]
2022-10-12 16:49:28,884 - DEBUG - Assigning indexes to genes
2022-10-12 16:49:28,895 - DEBUG - Seen 13151 genes until now
2022-10-12 16:49:28,896 - DEBUG - Parsing Chromosome 16 strand + [line 979239]
2022-10-12 16:49:29,323 - DEBUG - Done with 16+ [line 1052152]
2022-10-12 16:49:29,323 - DEBUG - Assigning indexes to genes
2022-10-12 16:49:29,337 - DEBUG - Seen 14004 genes until now
2022-10-12 16:49:29,338 - DEBUG - Parsing Chromosome 17 strand - [line 1052153]
2022-10-12 16:49:29,871 - DEBUG - Done with 17- [line 1140008]
2022-10-12 16:49:29,871 - DEBUG - Assigning indexes to genes
2022-10-12 16:49:29,887 - DEBUG - Seen 15039 genes until now
2022-10-12 16:49:29,888 - DEBUG - Parsing Chromosome 17 strand + [line 1140009]
2022-10-12 16:49:32,017 - DEBUG - Done with 17+ [line 1219447]
2022-10-12 16:49:32,018 - DEBUG - Assigning indexes to genes
2022-10-12 16:49:32,029 - DEBUG - Seen 15996 genes until now
2022-10-12 16:49:32,029 - DEBUG - Parsing Chromosome 18 strand - [line 1219448]
2022-10-12 16:49:32,170 - DEBUG - Done with 18- [line 1246083]
2022-10-12 16:49:32,170 - DEBUG - Assigning indexes to genes
2022-10-12 16:49:32,173 - DEBUG - Seen 16371 genes until now
2022-10-12 16:49:32,173 - DEBUG - Parsing Chromosome 18 strand + [line 1246084]
2022-10-12 16:49:32,299 - DEBUG - Done with 18+ [line 1269821]
2022-10-12 16:49:32,299 - DEBUG - Assigning indexes to genes
2022-10-12 16:49:32,302 - DEBUG - Seen 16777 genes until now
2022-10-12 16:49:32,303 - DEBUG - Parsing Chromosome 19 strand - [line 1269822]
2022-10-12 16:49:32,769 - DEBUG - Done with 19- [line 1350736]
2022-10-12 16:49:32,770 - DEBUG - Assigning indexes to genes
2022-10-12 16:49:32,794 - DEBUG - Seen 17790 genes until now
2022-10-12 16:49:32,795 - DEBUG - Parsing Chromosome 19 strand + [line 1350737]
2022-10-12 16:49:33,282 - DEBUG - Done with 19+ [line 1435648]
2022-10-12 16:49:33,282 - DEBUG - Assigning indexes to genes
2022-10-12 16:49:33,303 - DEBUG - Seen 18804 genes until now
2022-10-12 16:49:33,303 - DEBUG - Parsing Chromosome 2 strand - [line 1435649]
2022-10-12 16:49:33,976 - DEBUG - Done with 2- [line 1542996]
2022-10-12 16:49:33,976 - DEBUG - Assigning indexes to genes
2022-10-12 16:49:33,988 - DEBUG - Seen 20037 genes until now
2022-10-12 16:49:33,989 - DEBUG - Parsing Chromosome 2 strand + [line 1542997]
2022-10-12 16:49:36,323 - DEBUG - Done with 2+ [line 1642863]
2022-10-12 16:49:36,323 - DEBUG - Assigning indexes to genes
2022-10-12 16:49:36,350 - DEBUG - Seen 21345 genes until now
2022-10-12 16:49:36,350 - DEBUG - Parsing Chromosome 20 strand - [line 1642864]
2022-10-12 16:49:36,498 - DEBUG - Done with 20- [line 1672442]
2022-10-12 16:49:36,498 - DEBUG - Assigning indexes to genes
2022-10-12 16:49:36,508 - DEBUG - Seen 21828 genes until now
2022-10-12 16:49:36,508 - DEBUG - Parsing Chromosome 20 strand + [line 1672443]
2022-10-12 16:49:36,708 - DEBUG - Done with 20+ [line 1707817]
2022-10-12 16:49:36,708 - DEBUG - Assigning indexes to genes
2022-10-12 16:49:36,715 - DEBUG - Seen 22309 genes until now
2022-10-12 16:49:36,715 - DEBUG - Parsing Chromosome 21 strand - [line 1707818]
2022-10-12 16:49:36,783 - DEBUG - Done with 21- [line 1722798]
2022-10-12 16:49:36,783 - DEBUG - Assigning indexes to genes
2022-10-12 16:49:36,785 - DEBUG - Seen 22596 genes until now
2022-10-12 16:49:36,785 - DEBUG - Parsing Chromosome 21 strand + [line 1722799]
2022-10-12 16:49:36,908 - DEBUG - Done with 21+ [line 1738981]
2022-10-12 16:49:36,908 - DEBUG - Assigning indexes to genes
2022-10-12 16:49:36,912 - DEBUG - Seen 22864 genes until now
2022-10-12 16:49:36,912 - DEBUG - Parsing Chromosome 22 strand - [line 1738982]
2022-10-12 16:49:37,069 - DEBUG - Done with 22- [line 1765357]
2022-10-12 16:49:37,069 - DEBUG - Assigning indexes to genes
2022-10-12 16:49:37,073 - DEBUG - Seen 23260 genes until now
2022-10-12 16:49:37,073 - DEBUG - Parsing Chromosome 22 strand + [line 1765358]
2022-10-12 16:49:37,366 - DEBUG - Done with 22+ [line 1797598]
2022-10-12 16:49:37,366 - DEBUG - Assigning indexes to genes
2022-10-12 16:49:37,380 - DEBUG - Seen 23765 genes until now
2022-10-12 16:49:37,380 - DEBUG - Parsing Chromosome 3 strand - [line 1797599]
2022-10-12 16:49:37,971 - DEBUG - Done with 3- [line 1887377]
2022-10-12 16:49:37,971 - DEBUG - Assigning indexes to genes
2022-10-12 16:49:37,982 - DEBUG - Seen 24693 genes until now
2022-10-12 16:49:37,982 - DEBUG - Parsing Chromosome 3 strand + [line 1887378]
2022-10-12 16:49:38,476 - DEBUG - Done with 3+ [line 1977011]
2022-10-12 16:49:38,476 - DEBUG - Assigning indexes to genes
2022-10-12 16:49:38,488 - DEBUG - Seen 25658 genes until now
2022-10-12 16:49:38,488 - DEBUG - Parsing Chromosome 4 strand - [line 1977012]
2022-10-12 16:49:40,132 - DEBUG - Done with 4- [line 2034238]
2022-10-12 16:49:40,133 - DEBUG - Assigning indexes to genes
2022-10-12 16:49:40,139 - DEBUG - Seen 26401 genes until now
2022-10-12 16:49:40,139 - DEBUG - Parsing Chromosome 4 strand + [line 2034239]
2022-10-12 16:49:40,473 - DEBUG - Done with 4+ [line 2094594]
2022-10-12 16:49:40,473 - DEBUG - Assigning indexes to genes
2022-10-12 16:49:40,480 - DEBUG - Seen 27191 genes until now
2022-10-12 16:49:40,480 - DEBUG - Parsing Chromosome 5 strand - [line 2094595]
2022-10-12 16:49:40,828 - DEBUG - Done with 5- [line 2152660]
2022-10-12 16:49:40,828 - DEBUG - Assigning indexes to genes
2022-10-12 16:49:40,839 - DEBUG - Seen 28071 genes until now
2022-10-12 16:49:40,839 - DEBUG - Parsing Chromosome 5 strand + [line 2152661]
2022-10-12 16:49:41,218 - DEBUG - Done with 5+ [line 2218657]
2022-10-12 16:49:41,218 - DEBUG - Assigning indexes to genes
2022-10-12 16:49:41,230 - DEBUG - Seen 29002 genes until now
2022-10-12 16:49:41,230 - DEBUG - Parsing Chromosome 6 strand - [line 2218658]
2022-10-12 16:49:41,664 - DEBUG - Done with 6- [line 2284937]
2022-10-12 16:49:41,664 - DEBUG - Assigning indexes to genes
2022-10-12 16:49:41,677 - DEBUG - Seen 29928 genes until now
2022-10-12 16:49:41,677 - DEBUG - Parsing Chromosome 6 strand + [line 2284938]
2022-10-12 16:49:42,115 - DEBUG - Done with 6+ [line 2345240]
2022-10-12 16:49:42,115 - DEBUG - Assigning indexes to genes
2022-10-12 16:49:42,127 - DEBUG - Seen 30829 genes until now
2022-10-12 16:49:42,128 - DEBUG - Parsing Chromosome 7 strand - [line 2345241]
2022-10-12 16:49:42,589 - DEBUG - Done with 7- [line 2406845]
2022-10-12 16:49:42,589 - DEBUG - Assigning indexes to genes
2022-10-12 16:49:42,596 - DEBUG - Seen 31621 genes until now
2022-10-12 16:49:42,596 - DEBUG - Parsing Chromosome 7 strand + [line 2406846]
2022-10-12 16:49:43,029 - DEBUG - Done with 7+ [line 2476014]
2022-10-12 16:49:43,029 - DEBUG - Assigning indexes to genes
2022-10-12 16:49:43,045 - DEBUG - Seen 32515 genes until now
2022-10-12 16:49:43,045 - DEBUG - Parsing Chromosome 8 strand - [line 2476015]
2022-10-12 16:49:43,343 - DEBUG - Done with 8- [line 2527366]
2022-10-12 16:49:43,343 - DEBUG - Assigning indexes to genes
2022-10-12 16:49:43,353 - DEBUG - Seen 33270 genes until now
2022-10-12 16:49:43,353 - DEBUG - Parsing Chromosome 8 strand + [line 2527367]
2022-10-12 16:49:45,018 - DEBUG - Done with 8+ [line 2577021]
2022-10-12 16:49:45,018 - DEBUG - Assigning indexes to genes
2022-10-12 16:49:45,029 - DEBUG - Seen 34010 genes until now
2022-10-12 16:49:45,029 - DEBUG - Parsing Chromosome 9 strand - [line 2577022]
2022-10-12 16:49:45,394 - DEBUG - Done with 9- [line 2622811]
2022-10-12 16:49:45,394 - DEBUG - Assigning indexes to genes
2022-10-12 16:49:45,400 - DEBUG - Seen 34681 genes until now
2022-10-12 16:49:45,400 - DEBUG - Parsing Chromosome 9 strand + [line 2622812]
2022-10-12 16:49:45,623 - DEBUG - Done with 9+ [line 2672374]
2022-10-12 16:49:45,623 - DEBUG - Assigning indexes to genes
2022-10-12 16:49:45,629 - DEBUG - Seen 35329 genes until now
2022-10-12 16:49:45,629 - DEBUG - Parsing Chromosome M strand - [line 2672375]
2022-10-12 16:49:45,629 - DEBUG - Done with M- [line 2672379]
2022-10-12 16:49:45,629 - DEBUG - Assigning indexes to genes
2022-10-12 16:49:45,629 - DEBUG - Seen 35330 genes until now
2022-10-12 16:49:45,629 - DEBUG - Parsing Chromosome M strand + [line 2672380]
2022-10-12 16:49:45,630 - DEBUG - Done with M+ [line 2672445]
2022-10-12 16:49:45,630 - DEBUG - Assigning indexes to genes
2022-10-12 16:49:45,630 - DEBUG - Seen 35342 genes until now
2022-10-12 16:49:45,630 - DEBUG - Parsing Chromosome X strand - [line 2672446]
2022-10-12 16:49:45,903 - DEBUG - Done with X- [line 2716088]
2022-10-12 16:49:45,903 - DEBUG - Assigning indexes to genes
2022-10-12 16:49:45,910 - DEBUG - Seen 35884 genes until now
2022-10-12 16:49:45,910 - DEBUG - Parsing Chromosome X strand + [line 2716089]
2022-10-12 16:49:46,216 - DEBUG - Done with X+ [line 2760500]
2022-10-12 16:49:46,216 - DEBUG - Assigning indexes to genes
2022-10-12 16:49:46,226 - DEBUG - Seen 36490 genes until now
2022-10-12 16:49:46,227 - DEBUG - Parsing Chromosome Y strand - [line 2760501]
2022-10-12 16:49:46,251 - DEBUG - Done with Y- [line 2763031]
2022-10-12 16:49:46,252 - DEBUG - Assigning indexes to genes
2022-10-12 16:49:46,252 - DEBUG - Seen 36543 genes until now
2022-10-12 16:49:46,252 - DEBUG - Parsing Chromosome Y strand + [line 2763032]
2022-10-12 16:49:46,276 - DEBUG - Assigning indexes to genes
2022-10-12 16:49:46,277 - DEBUG - Done with Y+ [line 2765967]
2022-10-12 16:49:46,277 - DEBUG - Fixing corner cases of transcript models containg intron longer than 1000Kbp
2022-10-12 16:49:48,703 - DEBUG - Generated 2411536 features corresponding to 199138 transcript models from /storage/singlecell/zz4/Reference/refdata-cellranger-arc-GRCh38-2020-A/genes/genes.gtf
2022-10-12 16:49:48,740 - INFO - Scan /storage/singlecell/zz4/fetal_bash/data/Retina_fetal/Multi_Fetal_11w2d_FR/outs/gex_possorted_bam.bam to validate intron intervals
2022-10-12 16:49:53,050 - DEBUG - Reading /storage/singlecell/zz4/fetal_bash/data/Retina_fetal/Multi_Fetal_11w2d_FR/outs/gex_possorted_bam.bam
2022-10-12 16:49:53,096 - DEBUG - Read first 0 million reads
2022-10-12 16:49:53,096 - DEBUG - Marking up chromosome 1
2022-10-12 16:52:13,771 - DEBUG - Read first 10 million reads
2022-10-12 16:54:56,068 - DEBUG - Read first 20 million reads
2022-10-12 16:57:57,917 - DEBUG - Read first 30 million reads
2022-10-12 17:00:18,084 - DEBUG - Read first 40 million reads
2022-10-12 17:02:43,594 - DEBUG - Read first 50 million reads
2022-10-12 17:04:58,511 - DEBUG - Marking up chromosome 10
2022-10-12 17:05:08,379 - DEBUG - Read first 60 million reads
2022-10-12 17:07:53,900 - DEBUG - Read first 70 million reads
2022-10-12 17:10:39,284 - DEBUG - Read first 80 million reads
2022-10-12 17:12:57,121 - DEBUG - Marking up chromosome 11
2022-10-12 17:13:02,044 - DEBUG - Read first 90 million reads
2022-10-12 17:15:55,013 - DEBUG - Read first 100 million reads
2022-10-12 17:18:37,980 - DEBUG - Read first 110 million reads
2022-10-12 17:22:01,595 - DEBUG - Read first 120 million reads
2022-10-12 17:24:46,926 - DEBUG - Read first 130 million reads
2022-10-12 17:27:29,351 - DEBUG - Marking up chromosome 12
2022-10-12 17:27:47,221 - DEBUG - Read first 140 million reads
2022-10-12 17:30:24,115 - DEBUG - Read first 150 million reads
2022-10-12 17:33:00,267 - DEBUG - Read first 160 million reads
2022-10-12 17:36:10,838 - DEBUG - Read first 170 million reads
2022-10-12 17:37:58,363 - DEBUG - Marking up chromosome 13
2022-10-12 17:38:30,656 - DEBUG - Read first 180 million reads
2022-10-12 17:40:56,396 - DEBUG - Read first 190 million reads
2022-10-12 17:43:25,917 - DEBUG - Marking up chromosome 14
2022-10-12 17:43:25,954 - DEBUG - Read first 200 million reads
2022-10-12 17:46:00,303 - DEBUG - Read first 210 million reads
2022-10-12 17:48:39,709 - DEBUG - Read first 220 million reads
2022-10-12 17:49:42,364 - DEBUG - Marking up chromosome 15
2022-10-12 17:52:06,024 - DEBUG - Read first 230 million reads
2022-10-12 17:54:43,544 - DEBUG - Read first 240 million reads
2022-10-12 17:56:37,623 - DEBUG - Marking up chromosome 16
2022-10-12 17:57:11,353 - DEBUG - Read first 250 million reads
2022-10-12 17:59:34,616 - DEBUG - Read first 260 million reads
2022-10-12 18:01:43,017 - DEBUG - Marking up chromosome 17
2022-10-12 18:02:17,052 - DEBUG - Read first 270 million reads
2022-10-12 18:04:53,813 - DEBUG - Read first 280 million reads
2022-10-12 18:07:19,414 - DEBUG - Read first 290 million reads
2022-10-12 18:08:34,976 - DEBUG - Marking up chromosome 18
2022-10-12 18:10:01,637 - DEBUG - Read first 300 million reads
2022-10-12 18:13:27,677 - DEBUG - Marking up chromosome 19
2022-10-12 18:13:28,522 - DEBUG - Read first 310 million reads
2022-10-12 18:15:58,179 - DEBUG - Read first 320 million reads
2022-10-12 18:18:15,453 - DEBUG - Read first 330 million reads
2022-10-12 18:18:46,381 - DEBUG - Marking up chromosome 2
2022-10-12 18:20:37,231 - DEBUG - Read first 340 million reads
2022-10-12 18:23:45,235 - DEBUG - Read first 350 million reads
2022-10-12 18:26:41,611 - DEBUG - Read first 360 million reads
2022-10-12 18:29:16,429 - DEBUG - Read first 370 million reads
2022-10-12 18:32:10,964 - DEBUG - Read first 380 million reads
2022-10-12 18:34:28,116 - DEBUG - Read first 390 million reads
2022-10-12 18:34:55,708 - DEBUG - Marking up chromosome 20
2022-10-12 18:36:58,804 - DEBUG - Read first 400 million reads
2022-10-12 18:37:55,593 - DEBUG - Marking up chromosome 21
2022-10-12 18:38:07,547 - DEBUG - Read first 410 million reads
2022-10-12 18:39:56,053 - DEBUG - Read first 420 million reads
2022-10-12 18:40:45,370 - DEBUG - Marking up chromosome 22
2022-10-12 18:42:24,105 - DEBUG - Read first 430 million reads
2022-10-12 18:43:17,499 - DEBUG - Marking up chromosome 3
2022-10-12 18:45:12,886 - DEBUG - Read first 440 million reads
2022-10-12 18:47:48,230 - DEBUG - Read first 450 million reads
2022-10-12 18:50:15,833 - DEBUG - Read first 460 million reads
2022-10-12 18:52:59,536 - DEBUG - Read first 470 million reads
2022-10-12 18:55:37,605 - DEBUG - Read first 480 million reads
2022-10-12 18:57:58,735 - DEBUG - Marking up chromosome 4
2022-10-12 18:58:50,328 - DEBUG - Read first 490 million reads
2022-10-12 19:01:25,263 - DEBUG - Read first 500 million reads
2022-10-12 19:06:26,948 - DEBUG - Read first 510 million reads
2022-10-12 19:10:00,732 - DEBUG - Read first 520 million reads
2022-10-12 19:11:53,592 - DEBUG - Marking up chromosome 5
2022-10-12 19:12:39,466 - DEBUG - Read first 530 million reads
2022-10-12 19:15:18,594 - DEBUG - Read first 540 million reads
2022-10-12 19:18:12,658 - DEBUG - Read first 550 million reads
2022-10-12 19:20:53,128 - DEBUG - Read first 560 million reads
2022-10-12 19:22:38,893 - DEBUG - Marking up chromosome 6
2022-10-12 19:23:19,102 - DEBUG - Read first 570 million reads
2022-10-12 19:25:59,975 - DEBUG - Read first 580 million reads
2022-10-12 19:28:17,232 - DEBUG - Read first 590 million reads
2022-10-12 19:30:47,430 - DEBUG - Read first 600 million reads
2022-10-12 19:32:12,201 - DEBUG - Marking up chromosome 7
2022-10-12 19:33:12,434 - DEBUG - Read first 610 million reads
2022-10-12 19:35:41,451 - DEBUG - Read first 620 million reads
2022-10-12 19:38:09,864 - DEBUG - Read first 630 million reads
2022-10-12 19:40:57,839 - DEBUG - Read first 640 million reads
2022-10-12 19:42:10,594 - DEBUG - Marking up chromosome 8
2022-10-12 19:43:18,171 - DEBUG - Read first 650 million reads
2022-10-12 19:46:07,333 - DEBUG - Read first 660 million reads
2022-10-12 19:48:51,871 - DEBUG - Read first 670 million reads
2022-10-12 19:50:54,599 - DEBUG - Marking up chromosome 9
2022-10-12 19:51:36,466 - DEBUG - Read first 680 million reads
2022-10-12 19:53:32,760 - DEBUG - Read first 690 million reads
2022-10-12 19:55:54,177 - DEBUG - Read first 700 million reads
2022-10-12 19:57:53,745 - DEBUG - Marking up chromosome MT
2022-10-12 19:57:53,759 - WARNING - The .bam file refers to a chromosome 'MT+' not present in the annotation (.gtf) file
2022-10-12 19:57:53,759 - WARNING - The .bam file refers to a chromosome 'MT-' not present in the annotation (.gtf) file
2022-10-12 19:58:02,201 - DEBUG - Read first 710 million reads
2022-10-12 19:59:12,469 - DEBUG - Marking up chromosome X
2022-10-12 19:59:31,443 - DEBUG - Read first 720 million reads
2022-10-12 20:03:15,161 - DEBUG - Read first 730 million reads
2022-10-12 20:05:26,554 - DEBUG - Marking up chromosome Y
2022-10-12 20:05:35,140 - DEBUG - Read first 740 million reads
2022-10-12 20:05:56,096 - DEBUG - Marking up chromosome KI270728.1
2022-10-12 20:05:56,105 - DEBUG - Marking up chromosome KI270727.1
2022-10-12 20:05:56,115 - DEBUG - Marking up chromosome KI270442.1
2022-10-12 20:05:56,115 - WARNING - The .bam file refers to a chromosome 'KI270442.1+' not present in the annotation (.gtf) file
2022-10-12 20:05:56,115 - WARNING - The .bam file refers to a chromosome 'KI270442.1-' not present in the annotation (.gtf) file
2022-10-12 20:05:56,157 - DEBUG - Marking up chromosome KI270729.1
2022-10-12 20:05:56,157 - WARNING - The .bam file refers to a chromosome 'KI270729.1+' not present in the annotation (.gtf) file
2022-10-12 20:05:56,157 - WARNING - The .bam file refers to a chromosome 'KI270729.1-' not present in the annotation (.gtf) file
2022-10-12 20:05:56,160 - DEBUG - Marking up chromosome GL000225.1
2022-10-12 20:05:56,160 - WARNING - The .bam file refers to a chromosome 'GL000225.1+' not present in the annotation (.gtf) file
2022-10-12 20:05:56,160 - WARNING - The .bam file refers to a chromosome 'GL000225.1-' not present in the annotation (.gtf) file
2022-10-12 20:05:56,162 - DEBUG - Marking up chromosome KI270743.1
2022-10-12 20:05:56,162 - WARNING - The .bam file refers to a chromosome 'KI270743.1+' not present in the annotation (.gtf) file
2022-10-12 20:05:56,162 - WARNING - The .bam file refers to a chromosome 'KI270743.1-' not present in the annotation (.gtf) file
2022-10-12 20:05:56,167 - DEBUG - Marking up chromosome GL000008.2
2022-10-12 20:05:56,167 - WARNING - The .bam file refers to a chromosome 'GL000008.2+' not present in the annotation (.gtf) file
2022-10-12 20:05:56,168 - WARNING - The .bam file refers to a chromosome 'GL000008.2-' not present in the annotation (.gtf) file
2022-10-12 20:05:56,173 - DEBUG - Marking up chromosome GL000009.2
2022-10-12 20:05:56,173 - WARNING - The .bam file refers to a chromosome 'GL000009.2+' not present in the annotation (.gtf) file
2022-10-12 20:05:56,180 - DEBUG - Marking up chromosome KI270747.1
2022-10-12 20:05:56,180 - WARNING - The .bam file refers to a chromosome 'KI270747.1+' not present in the annotation (.gtf) file
2022-10-12 20:05:56,180 - WARNING - The .bam file refers to a chromosome 'KI270747.1-' not present in the annotation (.gtf) file
2022-10-12 20:05:56,180 - DEBUG - Marking up chromosome KI270722.1
2022-10-12 20:05:56,180 - WARNING - The .bam file refers to a chromosome 'KI270722.1+' not present in the annotation (.gtf) file
2022-10-12 20:05:56,180 - WARNING - The .bam file refers to a chromosome 'KI270722.1-' not present in the annotation (.gtf) file
2022-10-12 20:05:56,181 - DEBUG - Marking up chromosome GL000194.1
2022-10-12 20:05:56,181 - WARNING - The .bam file refers to a chromosome 'GL000194.1+' not present in the annotation (.gtf) file
2022-10-12 20:05:56,187 - DEBUG - Marking up chromosome KI270742.1
2022-10-12 20:05:56,188 - WARNING - The .bam file refers to a chromosome 'KI270742.1+' not present in the annotation (.gtf) file
2022-10-12 20:05:56,188 - WARNING - The .bam file refers to a chromosome 'KI270742.1-' not present in the annotation (.gtf) file
2022-10-12 20:05:56,217 - DEBUG - Marking up chromosome GL000205.2
2022-10-12 20:05:56,217 - WARNING - The .bam file refers to a chromosome 'GL000205.2+' not present in the annotation (.gtf) file
2022-10-12 20:05:56,451 - DEBUG - Marking up chromosome GL000195.1
2022-10-12 20:05:58,117 - DEBUG - Marking up chromosome KI270736.1
2022-10-12 20:05:58,117 - WARNING - The .bam file refers to a chromosome 'KI270736.1+' not present in the annotation (.gtf) file
2022-10-12 20:05:58,117 - WARNING - The .bam file refers to a chromosome 'KI270736.1-' not present in the annotation (.gtf) file
2022-10-12 20:05:58,117 - DEBUG - Marking up chromosome KI270733.1
2022-10-12 20:05:58,117 - WARNING - The .bam file refers to a chromosome 'KI270733.1+' not present in the annotation (.gtf) file
2022-10-12 20:05:58,117 - WARNING - The .bam file refers to a chromosome 'KI270733.1-' not present in the annotation (.gtf) file
2022-10-12 20:05:59,926 - DEBUG - Marking up chromosome GL000224.1
2022-10-12 20:05:59,926 - WARNING - The .bam file refers to a chromosome 'GL000224.1+' not present in the annotation (.gtf) file
2022-10-12 20:05:59,926 - WARNING - The .bam file refers to a chromosome 'GL000224.1-' not present in the annotation (.gtf) file
2022-10-12 20:05:59,934 - DEBUG - Marking up chromosome GL000219.1
2022-10-12 20:05:59,934 - WARNING - The .bam file refers to a chromosome 'GL000219.1+' not present in the annotation (.gtf) file
2022-10-12 20:06:00,244 - DEBUG - Marking up chromosome KI270719.1
2022-10-12 20:06:00,245 - WARNING - The .bam file refers to a chromosome 'KI270719.1+' not present in the annotation (.gtf) file
2022-10-12 20:06:00,245 - WARNING - The .bam file refers to a chromosome 'KI270719.1-' not present in the annotation (.gtf) file
2022-10-12 20:06:00,278 - DEBUG - Marking up chromosome GL000216.2
2022-10-12 20:06:00,278 - WARNING - The .bam file refers to a chromosome 'GL000216.2+' not present in the annotation (.gtf) file
2022-10-12 20:06:00,278 - WARNING - The .bam file refers to a chromosome 'GL000216.2-' not present in the annotation (.gtf) file
2022-10-12 20:06:00,279 - DEBUG - Marking up chromosome KI270712.1
2022-10-12 20:06:00,279 - WARNING - The .bam file refers to a chromosome 'KI270712.1+' not present in the annotation (.gtf) file
2022-10-12 20:06:00,279 - WARNING - The .bam file refers to a chromosome 'KI270712.1-' not present in the annotation (.gtf) file
2022-10-12 20:06:00,306 - DEBUG - Marking up chromosome KI270706.1
2022-10-12 20:06:00,306 - WARNING - The .bam file refers to a chromosome 'KI270706.1+' not present in the annotation (.gtf) file
2022-10-12 20:06:00,307 - WARNING - The .bam file refers to a chromosome 'KI270706.1-' not present in the annotation (.gtf) file
2022-10-12 20:06:00,405 - DEBUG - Marking up chromosome KI270725.1
2022-10-12 20:06:00,405 - WARNING - The .bam file refers to a chromosome 'KI270725.1+' not present in the annotation (.gtf) file
2022-10-12 20:06:00,405 - WARNING - The .bam file refers to a chromosome 'KI270725.1-' not present in the annotation (.gtf) file
2022-10-12 20:06:00,409 - DEBUG - Marking up chromosome KI270744.1
2022-10-12 20:06:00,410 - WARNING - The .bam file refers to a chromosome 'KI270744.1+' not present in the annotation (.gtf) file
2022-10-12 20:06:00,410 - WARNING - The .bam file refers to a chromosome 'KI270744.1-' not present in the annotation (.gtf) file
2022-10-12 20:06:00,419 - DEBUG - Marking up chromosome KI270734.1
2022-10-12 20:06:00,434 - DEBUG - Marking up chromosome GL000213.1
2022-10-12 20:06:00,434 - WARNING - The .bam file refers to a chromosome 'GL000213.1+' not present in the annotation (.gtf) file
2022-10-12 20:06:00,435 - DEBUG - Marking up chromosome GL000220.1
2022-10-12 20:06:00,435 - WARNING - The .bam file refers to a chromosome 'GL000220.1+' not present in the annotation (.gtf) file
2022-10-12 20:06:00,435 - WARNING - The .bam file refers to a chromosome 'GL000220.1-' not present in the annotation (.gtf) file
2022-10-12 20:06:15,523 - DEBUG - Read first 750 million reads
2022-10-12 20:06:19,312 - DEBUG - Marking up chromosome KI270715.1
2022-10-12 20:06:19,313 - WARNING - The .bam file refers to a chromosome 'KI270715.1+' not present in the annotation (.gtf) file
2022-10-12 20:06:19,313 - WARNING - The .bam file refers to a chromosome 'KI270715.1-' not present in the annotation (.gtf) file
2022-10-12 20:06:19,315 - DEBUG - Marking up chromosome GL000218.1
2022-10-12 20:06:19,315 - WARNING - The .bam file refers to a chromosome 'GL000218.1+' not present in the annotation (.gtf) file
2022-10-12 20:06:19,336 - DEBUG - Marking up chromosome KI270749.1
2022-10-12 20:06:19,336 - WARNING - The .bam file refers to a chromosome 'KI270749.1+' not present in the annotation (.gtf) file
2022-10-12 20:06:19,336 - WARNING - The .bam file refers to a chromosome 'KI270749.1-' not present in the annotation (.gtf) file
2022-10-12 20:06:19,340 - DEBUG - Marking up chromosome KI270741.1
2022-10-12 20:06:19,340 - WARNING - The .bam file refers to a chromosome 'KI270741.1+' not present in the annotation (.gtf) file
2022-10-12 20:06:19,340 - WARNING - The .bam file refers to a chromosome 'KI270741.1-' not present in the annotation (.gtf) file
2022-10-12 20:06:19,340 - DEBUG - Marking up chromosome GL000221.1
2022-10-12 20:06:19,340 - WARNING - The .bam file refers to a chromosome 'GL000221.1+' not present in the annotation (.gtf) file
2022-10-12 20:06:19,340 - WARNING - The .bam file refers to a chromosome 'GL000221.1-' not present in the annotation (.gtf) file
2022-10-12 20:06:19,378 - DEBUG - Marking up chromosome KI270716.1
2022-10-12 20:06:19,378 - WARNING - The .bam file refers to a chromosome 'KI270716.1+' not present in the annotation (.gtf) file
2022-10-12 20:06:19,378 - WARNING - The .bam file refers to a chromosome 'KI270716.1-' not present in the annotation (.gtf) file
2022-10-12 20:06:19,381 - DEBUG - Marking up chromosome KI270731.1
2022-10-12 20:06:19,381 - WARNING - The .bam file refers to a chromosome 'KI270731.1+' not present in the annotation (.gtf) file
2022-10-12 20:06:19,383 - DEBUG - Marking up chromosome KI270751.1
2022-10-12 20:06:19,383 - WARNING - The .bam file refers to a chromosome 'KI270751.1+' not present in the annotation (.gtf) file
2022-10-12 20:06:19,383 - WARNING - The .bam file refers to a chromosome 'KI270751.1-' not present in the annotation (.gtf) file
2022-10-12 20:06:19,383 - DEBUG - Marking up chromosome KI270750.1
2022-10-12 20:06:19,383 - WARNING - The .bam file refers to a chromosome 'KI270750.1+' not present in the annotation (.gtf) file
2022-10-12 20:06:19,383 - WARNING - The .bam file refers to a chromosome 'KI270750.1-' not present in the annotation (.gtf) file
2022-10-12 20:06:19,384 - DEBUG - Marking up chromosome KI270519.1
2022-10-12 20:06:19,384 - WARNING - The .bam file refers to a chromosome 'KI270519.1+' not present in the annotation (.gtf) file
2022-10-12 20:06:19,384 - WARNING - The .bam file refers to a chromosome 'KI270519.1-' not present in the annotation (.gtf) file
2022-10-12 20:06:19,384 - DEBUG - Marking up chromosome GL000214.1
2022-10-12 20:06:19,384 - WARNING - The .bam file refers to a chromosome 'GL000214.1+' not present in the annotation (.gtf) file
2022-10-12 20:06:19,384 - WARNING - The .bam file refers to a chromosome 'GL000214.1-' not present in the annotation (.gtf) file
2022-10-12 20:06:19,386 - DEBUG - Marking up chromosome KI270708.1
2022-10-12 20:06:19,386 - WARNING - The .bam file refers to a chromosome 'KI270708.1+' not present in the annotation (.gtf) file
2022-10-12 20:06:19,386 - WARNING - The .bam file refers to a chromosome 'KI270708.1-' not present in the annotation (.gtf) file
2022-10-12 20:06:19,386 - DEBUG - Marking up chromosome KI270730.1
2022-10-12 20:06:19,386 - WARNING - The .bam file refers to a chromosome 'KI270730.1+' not present in the annotation (.gtf) file
2022-10-12 20:06:19,386 - WARNING - The .bam file refers to a chromosome 'KI270730.1-' not present in the annotation (.gtf) file
2022-10-12 20:06:19,386 - DEBUG - Marking up chromosome KI270438.1
2022-10-12 20:06:19,386 - WARNING - The .bam file refers to a chromosome 'KI270438.1+' not present in the annotation (.gtf) file
2022-10-12 20:06:19,386 - WARNING - The .bam file refers to a chromosome 'KI270438.1-' not present in the annotation (.gtf) file
2022-10-12 20:06:19,387 - DEBUG - Marking up chromosome KI270737.1
2022-10-12 20:06:19,387 - WARNING - The .bam file refers to a chromosome 'KI270737.1+' not present in the annotation (.gtf) file
2022-10-12 20:06:19,387 - WARNING - The .bam file refers to a chromosome 'KI270737.1-' not present in the annotation (.gtf) file
2022-10-12 20:06:19,389 - DEBUG - Marking up chromosome KI270721.1
2022-10-12 20:06:19,389 - WARNING - The .bam file refers to a chromosome 'KI270721.1-' not present in the annotation (.gtf) file
2022-10-12 20:06:19,394 - DEBUG - Marking up chromosome KI270738.1
2022-10-12 20:06:19,395 - WARNING - The .bam file refers to a chromosome 'KI270738.1+' not present in the annotation (.gtf) file
2022-10-12 20:06:19,395 - WARNING - The .bam file refers to a chromosome 'KI270738.1-' not present in the annotation (.gtf) file
2022-10-12 20:06:19,398 - DEBUG - Marking up chromosome KI270748.1
2022-10-12 20:06:19,398 - WARNING - The .bam file refers to a chromosome 'KI270748.1+' not present in the annotation (.gtf) file
2022-10-12 20:06:19,398 - WARNING - The .bam file refers to a chromosome 'KI270748.1-' not present in the annotation (.gtf) file
2022-10-12 20:06:19,399 - DEBUG - Marking up chromosome KI270435.1
2022-10-12 20:06:19,399 - WARNING - The .bam file refers to a chromosome 'KI270435.1+' not present in the annotation (.gtf) file
2022-10-12 20:06:19,399 - WARNING - The .bam file refers to a chromosome 'KI270435.1-' not present in the annotation (.gtf) file
2022-10-12 20:06:19,400 - DEBUG - Marking up chromosome GL000208.1
2022-10-12 20:06:19,400 - WARNING - The .bam file refers to a chromosome 'GL000208.1+' not present in the annotation (.gtf) file
2022-10-12 20:06:19,400 - WARNING - The .bam file refers to a chromosome 'GL000208.1-' not present in the annotation (.gtf) file
2022-10-12 20:06:19,401 - DEBUG - Marking up chromosome KI270538.1
2022-10-12 20:06:19,401 - WARNING - The .bam file refers to a chromosome 'KI270538.1+' not present in the annotation (.gtf) file
2022-10-12 20:06:19,401 - WARNING - The .bam file refers to a chromosome 'KI270538.1-' not present in the annotation (.gtf) file
2022-10-12 20:06:19,401 - DEBUG - Marking up chromosome KI270739.1
2022-10-12 20:06:19,401 - WARNING - The .bam file refers to a chromosome 'KI270739.1+' not present in the annotation (.gtf) file
2022-10-12 20:06:19,401 - WARNING - The .bam file refers to a chromosome 'KI270739.1-' not present in the annotation (.gtf) file
2022-10-12 20:06:19,401 - DEBUG - Marking up chromosome KI270757.1
2022-10-12 20:06:19,401 - WARNING - The .bam file refers to a chromosome 'KI270757.1+' not present in the annotation (.gtf) file
2022-10-12 20:06:19,401 - WARNING - The .bam file refers to a chromosome 'KI270757.1-' not present in the annotation (.gtf) file
2022-10-12 20:06:19,401 - DEBUG - Marking up chromosome KI270709.1
2022-10-12 20:06:19,401 - WARNING - The .bam file refers to a chromosome 'KI270709.1+' not present in the annotation (.gtf) file
2022-10-12 20:06:19,401 - WARNING - The .bam file refers to a chromosome 'KI270709.1-' not present in the annotation (.gtf) file
2022-10-12 20:06:19,404 - DEBUG - Marking up chromosome KI270746.1
2022-10-12 20:06:19,404 - WARNING - The .bam file refers to a chromosome 'KI270746.1+' not present in the annotation (.gtf) file
2022-10-12 20:06:19,404 - WARNING - The .bam file refers to a chromosome 'KI270746.1-' not present in the annotation (.gtf) file
2022-10-12 20:06:19,406 - DEBUG - Marking up chromosome KI270753.1
2022-10-12 20:06:19,406 - WARNING - The .bam file refers to a chromosome 'KI270753.1+' not present in the annotation (.gtf) file
2022-10-12 20:06:19,406 - WARNING - The .bam file refers to a chromosome 'KI270753.1-' not present in the annotation (.gtf) file
2022-10-12 20:06:19,406 - DEBUG - Marking up chromosome KI270589.1
2022-10-12 20:06:19,406 - WARNING - The .bam file refers to a chromosome 'KI270589.1+' not present in the annotation (.gtf) file
2022-10-12 20:06:19,406 - WARNING - The .bam file refers to a chromosome 'KI270589.1-' not present in the annotation (.gtf) file
2022-10-12 20:06:19,407 - DEBUG - Marking up chromosome KI270726.1
2022-10-12 20:06:19,407 - WARNING - The .bam file refers to a chromosome 'KI270726.1-' not present in the annotation (.gtf) file
2022-10-12 20:06:19,407 - DEBUG - Marking up chromosome KI270735.1
2022-10-12 20:06:19,407 - WARNING - The .bam file refers to a chromosome 'KI270735.1+' not present in the annotation (.gtf) file
2022-10-12 20:06:19,407 - WARNING - The .bam file refers to a chromosome 'KI270735.1-' not present in the annotation (.gtf) file
2022-10-12 20:06:19,408 - DEBUG - Marking up chromosome KI270711.1
2022-10-12 20:06:19,408 - WARNING - The .bam file refers to a chromosome 'KI270711.1+' not present in the annotation (.gtf) file
2022-10-12 20:06:19,589 - DEBUG - Marking up chromosome KI270745.1
2022-10-12 20:06:19,590 - WARNING - The .bam file refers to a chromosome 'KI270745.1+' not present in the annotation (.gtf) file
2022-10-12 20:06:19,590 - WARNING - The .bam file refers to a chromosome 'KI270745.1-' not present in the annotation (.gtf) file
2022-10-12 20:06:19,594 - DEBUG - Marking up chromosome KI270714.1
2022-10-12 20:06:19,594 - WARNING - The .bam file refers to a chromosome 'KI270714.1+' not present in the annotation (.gtf) file
2022-10-12 20:06:19,594 - WARNING - The .bam file refers to a chromosome 'KI270714.1-' not present in the annotation (.gtf) file
2022-10-12 20:06:19,601 - DEBUG - Marking up chromosome KI270732.1
2022-10-12 20:06:19,601 - WARNING - The .bam file refers to a chromosome 'KI270732.1+' not present in the annotation (.gtf) file
2022-10-12 20:06:19,601 - WARNING - The .bam file refers to a chromosome 'KI270732.1-' not present in the annotation (.gtf) file
2022-10-12 20:06:19,603 - DEBUG - Marking up chromosome KI270713.1
2022-10-12 20:06:19,636 - DEBUG - Marking up chromosome KI270754.1
2022-10-12 20:06:19,636 - WARNING - The .bam file refers to a chromosome 'KI270754.1+' not present in the annotation (.gtf) file
2022-10-12 20:06:19,636 - WARNING - The .bam file refers to a chromosome 'KI270754.1-' not present in the annotation (.gtf) file
2022-10-12 20:06:19,636 - DEBUG - Marking up chromosome KI270710.1
2022-10-12 20:06:19,636 - WARNING - The .bam file refers to a chromosome 'KI270710.1+' not present in the annotation (.gtf) file
2022-10-12 20:06:19,636 - WARNING - The .bam file refers to a chromosome 'KI270710.1-' not present in the annotation (.gtf) file
2022-10-12 20:06:19,636 - DEBUG - Marking up chromosome KI270717.1
2022-10-12 20:06:19,636 - WARNING - The .bam file refers to a chromosome 'KI270717.1+' not present in the annotation (.gtf) file
2022-10-12 20:06:19,636 - WARNING - The .bam file refers to a chromosome 'KI270717.1-' not present in the annotation (.gtf) file
2022-10-12 20:06:19,655 - DEBUG - Marking up chromosome KI270724.1
2022-10-12 20:06:19,655 - WARNING - The .bam file refers to a chromosome 'KI270724.1+' not present in the annotation (.gtf) file
2022-10-12 20:06:19,655 - WARNING - The .bam file refers to a chromosome 'KI270724.1-' not present in the annotation (.gtf) file
2022-10-12 20:06:19,656 - DEBUG - Marking up chromosome KI270720.1
2022-10-12 20:06:19,656 - WARNING - The .bam file refers to a chromosome 'KI270720.1+' not present in the annotation (.gtf) file
2022-10-12 20:06:19,656 - WARNING - The .bam file refers to a chromosome 'KI270720.1-' not present in the annotation (.gtf) file
2022-10-12 20:06:19,658 - DEBUG - Marking up chromosome KI270723.1
2022-10-12 20:06:19,659 - WARNING - The .bam file refers to a chromosome 'KI270723.1+' not present in the annotation (.gtf) file
2022-10-12 20:06:19,659 - WARNING - The .bam file refers to a chromosome 'KI270723.1-' not present in the annotation (.gtf) file
2022-10-12 20:06:19,663 - DEBUG - Marking up chromosome KI270718.1
2022-10-12 20:06:19,664 - WARNING - The .bam file refers to a chromosome 'KI270718.1+' not present in the annotation (.gtf) file
2022-10-12 20:06:19,664 - WARNING - The .bam file refers to a chromosome 'KI270718.1-' not present in the annotation (.gtf) file
2022-10-12 20:06:19,763 - DEBUG - Marking up chromosome KI270740.1
2022-10-12 20:06:19,764 - WARNING - The .bam file refers to a chromosome 'KI270740.1+' not present in the annotation (.gtf) file
2022-10-12 20:06:19,764 - WARNING - The .bam file refers to a chromosome 'KI270740.1-' not present in the annotation (.gtf) file
2022-10-12 20:06:19,764 - DEBUG - Marking up chromosome KI270755.1
2022-10-12 20:06:19,764 - WARNING - The .bam file refers to a chromosome 'KI270755.1+' not present in the annotation (.gtf) file
2022-10-12 20:06:19,764 - WARNING - The .bam file refers to a chromosome 'KI270755.1-' not present in the annotation (.gtf) file
2022-10-12 20:06:19,766 - DEBUG - Marking up chromosome KI270707.1
2022-10-12 20:06:19,766 - WARNING - The .bam file refers to a chromosome 'KI270707.1+' not present in the annotation (.gtf) file
2022-10-12 20:06:19,766 - WARNING - The .bam file refers to a chromosome 'KI270707.1-' not present in the annotation (.gtf) file
2022-10-12 20:06:19,775 - DEBUG - Marking up chromosome KI270512.1
2022-10-12 20:06:19,775 - WARNING - The .bam file refers to a chromosome 'KI270512.1+' not present in the annotation (.gtf) file
2022-10-12 20:06:19,775 - WARNING - The .bam file refers to a chromosome 'KI270512.1-' not present in the annotation (.gtf) file
2022-10-12 20:06:19,775 - DEBUG - Marking up chromosome KI270322.1
2022-10-12 20:06:19,775 - WARNING - The .bam file refers to a chromosome 'KI270322.1+' not present in the annotation (.gtf) file
2022-10-12 20:06:19,775 - WARNING - The .bam file refers to a chromosome 'KI270322.1-' not present in the annotation (.gtf) file
2022-10-12 20:06:19,775 - DEBUG - Marking up chromosome KI270448.1
2022-10-12 20:06:19,775 - WARNING - The .bam file refers to a chromosome 'KI270448.1+' not present in the annotation (.gtf) file
2022-10-12 20:06:19,775 - WARNING - The .bam file refers to a chromosome 'KI270448.1-' not present in the annotation (.gtf) file
2022-10-12 20:06:19,776 - DEBUG - Marking up chromosome KI270515.1
2022-10-12 20:06:19,776 - WARNING - The .bam file refers to a chromosome 'KI270515.1+' not present in the annotation (.gtf) file
2022-10-12 20:06:19,776 - WARNING - The .bam file refers to a chromosome 'KI270515.1-' not present in the annotation (.gtf) file
2022-10-12 20:06:19,776 - DEBUG - Marking up chromosome KI270591.1
2022-10-12 20:06:19,776 - WARNING - The .bam file refers to a chromosome 'KI270591.1+' not present in the annotation (.gtf) file
2022-10-12 20:06:19,776 - WARNING - The .bam file refers to a chromosome 'KI270591.1-' not present in the annotation (.gtf) file
2022-10-12 20:06:19,776 - DEBUG - Marking up chromosome KI270320.1
2022-10-12 20:06:19,776 - WARNING - The .bam file refers to a chromosome 'KI270320.1+' not present in the annotation (.gtf) file
2022-10-12 20:06:19,776 - WARNING - The .bam file refers to a chromosome 'KI270320.1-' not present in the annotation (.gtf) file
2022-10-12 20:06:19,776 - DEBUG - Marking up chromosome KI270587.1
2022-10-12 20:06:19,776 - WARNING - The .bam file refers to a chromosome 'KI270587.1+' not present in the annotation (.gtf) file
2022-10-12 20:06:19,776 - WARNING - The .bam file refers to a chromosome 'KI270587.1-' not present in the annotation (.gtf) file
2022-10-12 20:06:19,777 - DEBUG - Marking up chromosome KI270333.1
2022-10-12 20:06:19,777 - WARNING - The .bam file refers to a chromosome 'KI270333.1+' not present in the annotation (.gtf) file
2022-10-12 20:06:19,777 - WARNING - The .bam file refers to a chromosome 'KI270333.1-' not present in the annotation (.gtf) file
2022-10-12 20:06:19,777 - DEBUG - Marking up chromosome KI270304.1
2022-10-12 20:06:19,777 - WARNING - The .bam file refers to a chromosome 'KI270304.1+' not present in the annotation (.gtf) file
2022-10-12 20:06:19,777 - WARNING - The .bam file refers to a chromosome 'KI270304.1-' not present in the annotation (.gtf) file
2022-10-12 20:06:19,777 - DEBUG - Marking up chromosome KI270508.1
2022-10-12 20:06:19,777 - WARNING - The .bam file refers to a chromosome 'KI270508.1+' not present in the annotation (.gtf) file
2022-10-12 20:06:19,777 - WARNING - The .bam file refers to a chromosome 'KI270508.1-' not present in the annotation (.gtf) file
2022-10-12 20:06:19,777 - DEBUG - Marking up chromosome KI270303.1
2022-10-12 20:06:19,777 - WARNING - The .bam file refers to a chromosome 'KI270303.1+' not present in the annotation (.gtf) file
2022-10-12 20:06:19,777 - WARNING - The .bam file refers to a chromosome 'KI270303.1-' not present in the annotation (.gtf) file
2022-10-12 20:06:19,777 - DEBUG - Marking up chromosome KI270330.1
2022-10-12 20:06:19,777 - WARNING - The .bam file refers to a chromosome 'KI270330.1+' not present in the annotation (.gtf) file
2022-10-12 20:06:19,777 - WARNING - The .bam file refers to a chromosome 'KI270330.1-' not present in the annotation (.gtf) file
2022-10-12 20:06:19,778 - DEBUG - Marking up chromosome KI270544.1
2022-10-12 20:06:19,778 - WARNING - The .bam file refers to a chromosome 'KI270544.1+' not present in the annotation (.gtf) file
2022-10-12 20:06:19,778 - WARNING - The .bam file refers to a chromosome 'KI270544.1-' not present in the annotation (.gtf) file
2022-10-12 20:06:19,778 - DEBUG - Marking up chromosome KI270310.1
2022-10-12 20:06:19,778 - WARNING - The .bam file refers to a chromosome 'KI270310.1+' not present in the annotation (.gtf) file
2022-10-12 20:06:19,778 - WARNING - The .bam file refers to a chromosome 'KI270310.1-' not present in the annotation (.gtf) file
2022-10-12 20:06:19,779 - DEBUG - Marking up chromosome KI270379.1
2022-10-12 20:06:19,779 - WARNING - The .bam file refers to a chromosome 'KI270379.1+' not present in the annotation (.gtf) file
2022-10-12 20:06:19,779 - WARNING - The .bam file refers to a chromosome 'KI270379.1-' not present in the annotation (.gtf) file
2022-10-12 20:06:33,280 - DEBUG - Read first 760 million reads
2022-10-12 20:06:52,101 - DEBUG - Read first 770 million reads
2022-10-12 20:07:08,159 - DEBUG - End of file. Reset index: start scanning from initial position.
2022-10-12 20:07:08,160 - DEBUG - 37590839 reads were skipped because no apropiate cell or umi barcode was found
2022-10-12 20:07:08,160 - DEBUG - Start molecule counting!
2022-10-12 20:07:12,941 - DEBUG - Features available for chromosomes : ['GL000009.2-', 'GL000194.1-', 'GL000195.1-', 'GL000195.1+', 'GL000205.2-', 'GL000213.1-', 'GL000218.1-', 'GL000219.1-', 'KI270711.1-', 'KI270713.1-', 'KI270713.1+', 'KI270721.1+', 'KI270726.1+', 'KI270727.1-', 'KI270727.1+', 'KI270728.1-', 'KI270728.1+', 'KI270731.1-', 'KI270734.1-', 'KI270734.1+', '1-', '1+', '10-', '10+', '11-', '11+', '12-', '12+', '13-', '13+', '14-', '14+', '15-', '15+', '16-', '16+', '17-', '17+', '18-', '18+', '19-', '19+', '2-', '2+', '20-', '20+', '21-', '21+', '22-', '22+', '3-', '3+', '4-', '4+', '5-', '5+', '6-', '6+', '7-', '7+', '8-', '8+', '9-', '9+', 'M-', 'M+', 'X-', 'X+', 'Y-', 'Y+']
2022-10-12 20:07:12,941 - DEBUG - Mask available for chromosomes : []
2022-10-12 20:07:12,941 - DEBUG - Summarizing the results of intron validation.
2022-10-12 20:07:13,847 - DEBUG - Validated 785148 introns (of which unique intervals 244155) out of 1106199 total possible introns (considering each possible transcript models).
2022-10-12 20:07:13,848 - DEBUG - Reading /storage/singlecell/zz4/fetal_bash/data/Retina_fetal/Multi_Fetal_11w2d_FR/outs/cellsorted_gex_possorted_bam.bam
2022-10-12 20:07:13,884 - DEBUG - Read first 0 million reads
2022-10-12 20:07:57,256 - DEBUG - Read first 10 million reads
2022-10-12 20:08:40,629 - DEBUG - Read first 20 million reads
2022-10-12 20:09:21,382 - DEBUG - Read first 30 million reads
2022-10-12 20:10:03,737 - DEBUG - Read first 40 million reads
2022-10-12 20:11:15,622 - DEBUG - Counting for batch 1, containing 100 cells and 3862505 reads
2022-10-12 20:13:57,968 - DEBUG - 0 reads not considered because fully enclosed in repeat masked regions
2022-10-12 20:14:39,211 - DEBUG - Read first 50 million reads
2022-10-12 20:15:55,532 - DEBUG - Counting for batch 2, containing 100 cells and 4500160 reads
2022-10-12 20:19:16,268 - DEBUG - 0 reads not considered because fully enclosed in repeat masked regions
2022-10-12 20:20:31,749 - DEBUG - Read first 60 million reads
2022-10-12 20:21:11,099 - DEBUG - Counting for batch 3, containing 100 cells and 5025012 reads
2022-10-12 20:24:46,021 - DEBUG - 0 reads not considered because fully enclosed in repeat masked regions
2022-10-12 20:26:28,773 - DEBUG - Counting for batch 4, containing 100 cells and 3698443 reads
2022-10-12 20:29:03,980 - DEBUG - 0 reads not considered because fully enclosed in repeat masked regions
2022-10-12 20:29:48,780 - DEBUG - Read first 70 million reads
2022-10-12 20:30:34,573 - DEBUG - Counting for batch 5, containing 100 cells and 3838167 reads
2022-10-12 20:33:16,890 - DEBUG - 0 reads not considered because fully enclosed in repeat masked regions
2022-10-12 20:34:48,966 - DEBUG - Read first 80 million reads
2022-10-12 20:35:08,952 - DEBUG - Counting for batch 6, containing 100 cells and 5254340 reads
2022-10-12 20:38:49,846 - DEBUG - 0 reads not considered because fully enclosed in repeat masked regions
2022-10-12 20:40:37,538 - DEBUG - Counting for batch 7, containing 100 cells and 3858416 reads
2022-10-12 20:43:20,951 - DEBUG - 0 reads not considered because fully enclosed in repeat masked regions
2022-10-12 20:44:20,314 - DEBUG - Read first 90 million reads
2022-10-12 20:44:50,168 - DEBUG - Counting for batch 8, containing 100 cells and 3892048 reads
2022-10-12 20:47:38,326 - DEBUG - 0 reads not considered because fully enclosed in repeat masked regions
2022-10-12 20:49:18,009 - DEBUG - Counting for batch 9, containing 100 cells and 4315322 reads
2022-10-12 20:52:17,807 - DEBUG - 0 reads not considered because fully enclosed in repeat masked regions
2022-10-12 20:53:11,768 - DEBUG - Read first 100 million reads
2022-10-12 20:54:05,328 - DEBUG - Counting for batch 10, containing 100 cells and 4613931 reads
2022-10-12 20:57:21,073 - DEBUG - 0 reads not considered because fully enclosed in repeat masked regions
2022-10-12 20:58:57,615 - DEBUG - Read first 110 million reads
2022-10-12 20:59:01,254 - DEBUG - Counting for batch 11, containing 100 cells and 3604355 reads
2022-10-12 21:01:35,661 - DEBUG - 0 reads not considered because fully enclosed in repeat masked regions
2022-10-12 21:03:15,287 - DEBUG - Counting for batch 12, containing 100 cells and 4422528 reads
2022-10-12 21:06:23,956 - DEBUG - 0 reads not considered because fully enclosed in repeat masked regions
2022-10-12 21:07:48,176 - DEBUG - Read first 120 million reads
2022-10-12 21:07:55,289 - DEBUG - Counting for batch 13, containing 100 cells and 3591176 reads
2022-10-12 21:10:27,594 - DEBUG - 0 reads not considered because fully enclosed in repeat masked regions
2022-10-12 21:12:10,213 - DEBUG - Counting for batch 14, containing 100 cells and 4145695 reads
2022-10-12 21:15:02,151 - DEBUG - 0 reads not considered because fully enclosed in repeat masked regions
2022-10-12 21:16:01,584 - DEBUG - Read first 130 million reads
2022-10-12 21:16:49,021 - DEBUG - Counting for batch 15, containing 100 cells and 4492117 reads
2022-10-12 21:19:47,421 - DEBUG - 0 reads not considered because fully enclosed in repeat masked regions
2022-10-12 21:21:18,285 - DEBUG - Counting for batch 16, containing 100 cells and 3779862 reads
2022-10-12 21:23:47,574 - DEBUG - 0 reads not considered because fully enclosed in repeat masked regions
2022-10-12 21:24:32,071 - DEBUG - Read first 140 million reads
2022-10-12 21:25:39,333 - DEBUG - Counting for batch 17, containing 100 cells and 4644887 reads
2022-10-12 21:28:48,602 - DEBUG - 0 reads not considered because fully enclosed in repeat masked regions
2022-10-12 21:30:11,935 - DEBUG - Read first 150 million reads
2022-10-12 21:30:27,434 - DEBUG - Counting for batch 18, containing 100 cells and 4023191 reads
2022-10-12 21:33:09,996 - DEBUG - 0 reads not considered because fully enclosed in repeat masked regions
2022-10-12 21:34:59,713 - DEBUG - Counting for batch 19, containing 100 cells and 4469586 reads
2022-10-12 21:37:58,073 - DEBUG - 0 reads not considered because fully enclosed in repeat masked regions
2022-10-12 21:39:04,847 - DEBUG - Read first 160 million reads
2022-10-12 21:39:33,418 - DEBUG - Counting for batch 20, containing 100 cells and 3413960 reads
2022-10-12 21:41:57,639 - DEBUG - 0 reads not considered because fully enclosed in repeat masked regions
2022-10-12 21:43:29,774 - DEBUG - Counting for batch 21, containing 100 cells and 4423052 reads
2022-10-12 21:46:24,819 - DEBUG - 0 reads not considered because fully enclosed in repeat masked regions
2022-10-12 21:47:17,116 - DEBUG - Read first 170 million reads
2022-10-12 21:48:07,816 - DEBUG - Counting for batch 22, containing 100 cells and 4310509 reads
2022-10-12 21:51:01,732 - DEBUG - 0 reads not considered because fully enclosed in repeat masked regions
2022-10-12 21:52:36,760 - DEBUG - Counting for batch 23, containing 100 cells and 3993048 reads
2022-10-12 21:55:25,672 - DEBUG - 0 reads not considered because fully enclosed in repeat masked regions
2022-10-12 21:56:03,591 - DEBUG - Read first 180 million reads
2022-10-12 21:56:57,079 - DEBUG - Counting for batch 24, containing 100 cells and 4114110 reads
2022-10-12 21:59:43,700 - DEBUG - 0 reads not considered because fully enclosed in repeat masked regions
2022-10-12 22:01:12,283 - DEBUG - Read first 190 million reads
2022-10-12 22:01:33,393 - DEBUG - Counting for batch 25, containing 100 cells and 4779576 reads
2022-10-12 22:04:39,114 - DEBUG - 0 reads not considered because fully enclosed in repeat masked regions
2022-10-12 22:06:24,189 - DEBUG - Counting for batch 26, containing 100 cells and 3643744 reads
2022-10-12 22:08:47,132 - DEBUG - 0 reads not considered because fully enclosed in repeat masked regions
2022-10-12 22:09:51,485 - DEBUG - Read first 200 million reads
2022-10-12 22:10:29,716 - DEBUG - Counting for batch 27, containing 100 cells and 4329732 reads
2022-10-12 22:13:15,148 - DEBUG - 0 reads not considered because fully enclosed in repeat masked regions
2022-10-12 22:15:00,319 - DEBUG - Counting for batch 28, containing 100 cells and 4903191 reads
2022-10-12 22:18:04,746 - DEBUG - 0 reads not considered because fully enclosed in repeat masked regions
2022-10-12 22:18:54,245 - DEBUG - Read first 210 million reads
2022-10-12 22:19:57,175 - DEBUG - Counting for batch 29, containing 100 cells and 4296487 reads
2022-10-12 22:22:47,494 - DEBUG - 0 reads not considered because fully enclosed in repeat masked regions
2022-10-12 22:24:12,801 - DEBUG - Read first 220 million reads
2022-10-12 22:24:17,835 - DEBUG - Counting for batch 30, containing 100 cells and 3108636 reads
2022-10-12 22:26:49,329 - DEBUG - 0 reads not considered because fully enclosed in repeat masked regions
2022-10-12 22:28:03,811 - DEBUG - Counting for batch 31, containing 100 cells and 3422497 reads
2022-10-12 22:30:04,607 - DEBUG - 0 reads not considered because fully enclosed in repeat masked regions
2022-10-12 22:31:21,240 - DEBUG - Read first 230 million reads
2022-10-12 22:31:28,533 - DEBUG - Counting for batch 32, containing 100 cells and 3666220 reads
2022-10-12 22:33:42,531 - DEBUG - 0 reads not considered because fully enclosed in repeat masked regions
2022-10-12 22:35:16,851 - DEBUG - Counting for batch 33, containing 100 cells and 5200254 reads
2022-10-12 22:39:05,802 - DEBUG - 0 reads not considered because fully enclosed in repeat masked regions
2022-10-12 22:40:08,217 - DEBUG - Read first 240 million reads
2022-10-12 22:40:57,835 - DEBUG - Counting for batch 34, containing 100 cells and 5632404 reads
2022-10-12 22:44:04,372 - DEBUG - 0 reads not considered because fully enclosed in repeat masked regions
2022-10-12 22:45:32,596 - DEBUG - Read first 250 million reads
2022-10-12 22:45:45,788 - DEBUG - Counting for batch 35, containing 100 cells and 4337024 reads
2022-10-12 22:48:13,520 - DEBUG - 0 reads not considered because fully enclosed in repeat masked regions
2022-10-12 22:49:34,037 - DEBUG - Counting for batch 36, containing 100 cells and 3463151 reads
2022-10-12 22:51:28,167 - DEBUG - 0 reads not considered because fully enclosed in repeat masked regions
2022-10-12 22:52:29,945 - DEBUG - Read first 260 million reads
2022-10-12 22:53:01,653 - DEBUG - Counting for batch 37, containing 100 cells and 5164106 reads
2022-10-12 22:56:06,757 - DEBUG - 0 reads not considered because fully enclosed in repeat masked regions
2022-10-12 22:57:36,471 - DEBUG - Counting for batch 38, containing 100 cells and 4305750 reads
2022-10-12 23:00:02,034 - DEBUG - 0 reads not considered because fully enclosed in repeat masked regions
2022-10-12 23:00:36,604 - DEBUG - Read first 270 million reads
2022-10-12 23:01:46,506 - DEBUG - Counting for batch 39, containing 100 cells and 5195327 reads
2022-10-12 23:04:49,434 - DEBUG - 0 reads not considered because fully enclosed in repeat masked regions
2022-10-12 23:05:50,445 - DEBUG - Read first 280 million reads
2022-10-12 23:06:29,091 - DEBUG - Counting for batch 40, containing 100 cells and 5324108 reads
2022-10-12 23:09:34,194 - DEBUG - 0 reads not considered because fully enclosed in repeat masked regions
2022-10-12 23:11:00,989 - DEBUG - Read first 290 million reads
2022-10-12 23:11:15,692 - DEBUG - Counting for batch 41, containing 100 cells and 5357910 reads
2022-10-12 23:14:21,620 - DEBUG - 0 reads not considered because fully enclosed in repeat masked regions
2022-10-12 23:15:46,739 - DEBUG - Counting for batch 42, containing 100 cells and 4076574 reads
2022-10-12 23:18:01,056 - DEBUG - 0 reads not considered because fully enclosed in repeat masked regions
2022-10-12 23:18:59,159 - DEBUG - Read first 300 million reads
2022-10-12 23:19:21,008 - DEBUG - Counting for batch 43, containing 100 cells and 4161822 reads
2022-10-12 23:21:40,081 - DEBUG - 0 reads not considered because fully enclosed in repeat masked regions
2022-10-12 23:23:09,133 - DEBUG - Counting for batch 44, containing 100 cells and 4944202 reads
2022-10-12 23:25:51,221 - DEBUG - 0 reads not considered because fully enclosed in repeat masked regions
2022-10-12 23:26:37,849 - DEBUG - Read first 310 million reads
2022-10-12 23:27:16,540 - DEBUG - Counting for batch 45, containing 100 cells and 3563002 reads
2022-10-12 23:29:16,708 - DEBUG - 0 reads not considered because fully enclosed in repeat masked regions
2022-10-12 23:30:31,702 - DEBUG - Counting for batch 46, containing 100 cells and 3841049 reads
2022-10-12 23:32:38,896 - DEBUG - 0 reads not considered because fully enclosed in repeat masked regions
2022-10-12 23:33:11,389 - DEBUG - Read first 320 million reads
2022-10-12 23:33:52,426 - DEBUG - Counting for batch 47, containing 100 cells and 3425519 reads
2022-10-12 23:35:49,567 - DEBUG - 0 reads not considered because fully enclosed in repeat masked regions
2022-10-12 23:37:04,076 - DEBUG - Read first 330 million reads
2022-10-12 23:37:11,943 - DEBUG - Counting for batch 48, containing 100 cells and 4753530 reads
2022-10-12 23:39:56,973 - DEBUG - 0 reads not considered because fully enclosed in repeat masked regions
2022-10-12 23:41:23,002 - DEBUG - Counting for batch 49, containing 100 cells and 3620776 reads
2022-10-12 23:43:21,510 - DEBUG - 0 reads not considered because fully enclosed in repeat masked regions
2022-10-12 23:44:10,901 - DEBUG - Read first 340 million reads
2022-10-12 23:44:51,685 - DEBUG - Counting for batch 50, containing 100 cells and 4580234 reads
2022-10-12 23:47:26,573 - DEBUG - 0 reads not considered because fully enclosed in repeat masked regions
2022-10-12 23:48:39,283 - DEBUG - Counting for batch 51, containing 100 cells and 3659364 reads
2022-10-12 23:50:49,440 - DEBUG - 0 reads not considered because fully enclosed in repeat masked regions
2022-10-12 23:51:22,226 - DEBUG - Read first 350 million reads
2022-10-12 23:51:50,292 - DEBUG - Counting for batch 52, containing 100 cells and 3294218 reads
2022-10-12 23:53:44,314 - DEBUG - 0 reads not considered because fully enclosed in repeat masked regions
2022-10-12 23:55:03,672 - DEBUG - Counting for batch 53, containing 100 cells and 4769830 reads
2022-10-12 23:57:45,670 - DEBUG - 0 reads not considered because fully enclosed in repeat masked regions
2022-10-12 23:58:24,188 - DEBUG - Read first 360 million reads
2022-10-12 23:59:22,289 - DEBUG - Counting for batch 54, containing 100 cells and 5561008 reads
2022-10-13 00:02:25,055 - DEBUG - 0 reads not considered because fully enclosed in repeat masked regions
2022-10-13 00:03:32,515 - DEBUG - Read first 370 million reads
2022-10-13 00:03:50,030 - DEBUG - Counting for batch 55, containing 100 cells and 3841209 reads
2022-10-13 00:05:57,892 - DEBUG - 0 reads not considered because fully enclosed in repeat masked regions
2022-10-13 00:07:06,769 - DEBUG - Counting for batch 56, containing 100 cells and 3583293 reads
2022-10-13 00:09:09,671 - DEBUG - 0 reads not considered because fully enclosed in repeat masked regions
2022-10-13 00:09:55,769 - DEBUG - Read first 380 million reads
2022-10-13 00:10:18,439 - DEBUG - Counting for batch 57, containing 100 cells and 4071053 reads
2022-10-13 00:12:34,373 - DEBUG - 0 reads not considered because fully enclosed in repeat masked regions
2022-10-13 00:13:51,956 - DEBUG - Counting for batch 58, containing 100 cells and 3918478 reads
2022-10-13 00:16:02,953 - DEBUG - 0 reads not considered because fully enclosed in repeat masked regions
2022-10-13 00:16:44,022 - DEBUG - Read first 390 million reads
2022-10-13 00:17:17,540 - DEBUG - Counting for batch 59, containing 100 cells and 3476604 reads
2022-10-13 00:19:07,543 - DEBUG - 0 reads not considered because fully enclosed in repeat masked regions
2022-10-13 00:20:26,757 - DEBUG - Counting for batch 60, containing 100 cells and 4245332 reads
2022-10-13 00:22:47,000 - DEBUG - 0 reads not considered because fully enclosed in repeat masked regions
2022-10-13 00:23:20,892 - DEBUG - Read first 400 million reads
2022-10-13 00:24:05,600 - DEBUG - Counting for batch 61, containing 100 cells and 4040593 reads
2022-10-13 00:26:24,480 - DEBUG - 0 reads not considered because fully enclosed in repeat masked regions
2022-10-13 00:27:29,787 - DEBUG - Read first 410 million reads
2022-10-13 00:27:30,427 - DEBUG - Counting for batch 62, containing 100 cells and 3383835 reads
2022-10-13 00:29:28,779 - DEBUG - 0 reads not considered because fully enclosed in repeat masked regions
2022-10-13 00:30:37,819 - DEBUG - Counting for batch 63, containing 100 cells and 3937111 reads
2022-10-13 00:32:49,661 - DEBUG - 0 reads not considered because fully enclosed in repeat masked regions
2022-10-13 00:33:51,790 - DEBUG - Read first 420 million reads
2022-10-13 00:34:00,523 - DEBUG - Counting for batch 64, containing 100 cells and 3696661 reads
2022-10-13 00:36:07,022 - DEBUG - 0 reads not considered because fully enclosed in repeat masked regions
2022-10-13 00:37:14,030 - DEBUG - Counting for batch 65, containing 100 cells and 3511069 reads
2022-10-13 00:39:07,686 - DEBUG - 0 reads not considered because fully enclosed in repeat masked regions
2022-10-13 00:40:09,766 - DEBUG - Read first 430 million reads
2022-10-13 00:40:28,276 - DEBUG - Counting for batch 66, containing 100 cells and 4458319 reads
2022-10-13 00:42:59,949 - DEBUG - 0 reads not considered because fully enclosed in repeat masked regions
2022-10-13 00:44:18,216 - DEBUG - Counting for batch 67, containing 100 cells and 3627238 reads
2022-10-13 00:46:21,019 - DEBUG - 0 reads not considered because fully enclosed in repeat masked regions
2022-10-13 00:47:10,961 - DEBUG - Read first 440 million reads
2022-10-13 00:47:35,379 - DEBUG - Counting for batch 68, containing 100 cells and 4434582 reads
2022-10-13 00:50:02,779 - DEBUG - 0 reads not considered because fully enclosed in repeat masked regions
2022-10-13 00:51:29,765 - DEBUG - Counting for batch 69, containing 100 cells and 4736514 reads
2022-10-13 00:54:04,808 - DEBUG - 0 reads not considered because fully enclosed in repeat masked regions
2022-10-13 00:54:45,945 - DEBUG - Read first 450 million reads
2022-10-13 00:55:14,914 - DEBUG - Counting for batch 70, containing 100 cells and 3188416 reads
2022-10-13 00:57:04,439 - DEBUG - 0 reads not considered because fully enclosed in repeat masked regions
2022-10-13 00:58:09,861 - DEBUG - Counting for batch 71, containing 100 cells and 3678599 reads
2022-10-13 01:00:14,805 - DEBUG - 0 reads not considered because fully enclosed in repeat masked regions
2022-10-13 01:00:46,771 - DEBUG - Read first 460 million reads
2022-10-13 01:01:18,257 - DEBUG - Counting for batch 72, containing 100 cells and 3054767 reads
2022-10-13 01:03:03,678 - DEBUG - 0 reads not considered because fully enclosed in repeat masked regions
2022-10-13 01:04:22,821 - DEBUG - Read first 470 million reads
2022-10-13 01:04:25,705 - DEBUG - Counting for batch 73, containing 100 cells and 4989064 reads
2022-10-13 01:07:27,081 - DEBUG - 0 reads not considered because fully enclosed in repeat masked regions
2022-10-13 01:08:42,954 - DEBUG - Counting for batch 74, containing 100 cells and 3073692 reads
2022-10-13 01:10:31,014 - DEBUG - 0 reads not considered because fully enclosed in repeat masked regions
2022-10-13 01:11:36,888 - DEBUG - Read first 480 million reads
2022-10-13 01:11:38,063 - DEBUG - Counting for batch 75, containing 100 cells and 3481612 reads
2022-10-13 01:13:36,219 - DEBUG - 0 reads not considered because fully enclosed in repeat masked regions
2022-10-13 01:14:47,887 - DEBUG - Counting for batch 76, containing 100 cells and 3311396 reads
2022-10-13 01:16:40,412 - DEBUG - 0 reads not considered because fully enclosed in repeat masked regions
2022-10-13 01:17:52,146 - DEBUG - Read first 490 million reads
2022-10-13 01:17:52,524 - DEBUG - Counting for batch 77, containing 100 cells and 3719192 reads
2022-10-13 01:20:06,359 - DEBUG - 0 reads not considered because fully enclosed in repeat masked regions
2022-10-13 01:21:14,024 - DEBUG - Counting for batch 78, containing 100 cells and 3574565 reads
2022-10-13 01:23:13,150 - DEBUG - 0 reads not considered because fully enclosed in repeat masked regions
2022-10-13 01:24:23,135 - DEBUG - Read first 500 million reads
2022-10-13 01:24:36,411 - DEBUG - Counting for batch 79, containing 100 cells and 4333625 reads
2022-10-13 01:27:08,273 - DEBUG - 0 reads not considered because fully enclosed in repeat masked regions
2022-10-13 01:28:23,874 - DEBUG - Counting for batch 80, containing 100 cells and 3630954 reads
2022-10-13 01:30:32,056 - DEBUG - 0 reads not considered because fully enclosed in repeat masked regions
2022-10-13 01:31:26,698 - DEBUG - Read first 510 million reads
2022-10-13 01:31:50,733 - DEBUG - Counting for batch 81, containing 100 cells and 4554194 reads
2022-10-13 01:34:28,413 - DEBUG - 0 reads not considered because fully enclosed in repeat masked regions
2022-10-13 01:35:39,642 - DEBUG - Counting for batch 82, containing 100 cells and 3429295 reads
2022-10-13 01:37:41,668 - DEBUG - 0 reads not considered because fully enclosed in repeat masked regions
2022-10-13 01:38:22,404 - DEBUG - Read first 520 million reads
2022-10-13 01:38:43,198 - DEBUG - Counting for batch 83, containing 100 cells and 2986457 reads
2022-10-13 01:40:25,402 - DEBUG - 0 reads not considered because fully enclosed in repeat masked regions
2022-10-13 01:41:34,158 - DEBUG - Counting for batch 84, containing 100 cells and 3727679 reads
2022-10-13 01:43:45,544 - DEBUG - 0 reads not considered because fully enclosed in repeat masked regions
2022-10-13 01:44:26,807 - DEBUG - Read first 530 million reads
2022-10-13 01:44:55,921 - DEBUG - Counting for batch 85, containing 100 cells and 3279766 reads
2022-10-13 01:46:53,097 - DEBUG - 0 reads not considered because fully enclosed in repeat masked regions
2022-10-13 01:48:11,255 - DEBUG - Counting for batch 86, containing 100 cells and 4726498 reads
2022-10-13 01:50:55,494 - DEBUG - 0 reads not considered because fully enclosed in repeat masked regions
2022-10-13 01:51:35,356 - DEBUG - Read first 540 million reads
2022-10-13 01:52:10,646 - DEBUG - Counting for batch 87, containing 100 cells and 3438058 reads
2022-10-13 01:54:08,049 - DEBUG - 0 reads not considered because fully enclosed in repeat masked regions
2022-10-13 01:55:17,867 - DEBUG - Read first 550 million reads
2022-10-13 01:55:21,575 - DEBUG - Counting for batch 88, containing 100 cells and 4287340 reads
2022-10-13 01:57:43,543 - DEBUG - 0 reads not considered because fully enclosed in repeat masked regions
2022-10-13 01:59:08,604 - DEBUG - Counting for batch 89, containing 100 cells and 4210266 reads
2022-10-13 02:01:27,994 - DEBUG - 0 reads not considered because fully enclosed in repeat masked regions
2022-10-13 02:02:38,138 - DEBUG - Read first 560 million reads
2022-10-13 02:02:56,875 - DEBUG - Counting for batch 90, containing 100 cells and 4310531 reads
2022-10-13 02:05:26,180 - DEBUG - 0 reads not considered because fully enclosed in repeat masked regions
2022-10-13 02:06:33,557 - DEBUG - Counting for batch 91, containing 100 cells and 2930535 reads
2022-10-13 02:08:10,478 - DEBUG - 0 reads not considered because fully enclosed in repeat masked regions
2022-10-13 02:09:01,951 - DEBUG - Read first 570 million reads
2022-10-13 02:09:08,182 - DEBUG - Counting for batch 92, containing 100 cells and 2897332 reads
2022-10-13 02:10:52,519 - DEBUG - 0 reads not considered because fully enclosed in repeat masked regions
2022-10-13 02:11:53,611 - DEBUG - Counting for batch 93, containing 100 cells and 3244428 reads
2022-10-13 02:13:48,832 - DEBUG - 0 reads not considered because fully enclosed in repeat masked regions
2022-10-13 02:14:39,979 - DEBUG - Read first 580 million reads
2022-10-13 02:15:08,252 - DEBUG - Counting for batch 94, containing 100 cells and 4845678 reads
2022-10-13 02:17:51,384 - DEBUG - 0 reads not considered because fully enclosed in repeat masked regions
2022-10-13 02:19:14,626 - DEBUG - Counting for batch 95, containing 100 cells and 3754367 reads
2022-10-13 02:21:26,814 - DEBUG - 0 reads not considered because fully enclosed in repeat masked regions
2022-10-13 02:22:07,155 - DEBUG - Read first 590 million reads
2022-10-13 02:22:50,845 - DEBUG - Counting for batch 96, containing 100 cells and 4428468 reads
2022-10-13 02:25:14,887 - DEBUG - 0 reads not considered because fully enclosed in repeat masked regions
2022-10-13 02:26:32,923 - DEBUG - Read first 600 million reads
2022-10-13 02:26:39,267 - DEBUG - Counting for batch 97, containing 100 cells and 3951095 reads
2022-10-13 02:28:45,826 - DEBUG - 0 reads not considered because fully enclosed in repeat masked regions
2022-10-13 02:30:18,866 - DEBUG - Counting for batch 98, containing 100 cells and 5018799 reads
2022-10-13 02:33:06,385 - DEBUG - 0 reads not considered because fully enclosed in repeat masked regions
2022-10-13 02:34:10,797 - DEBUG - Read first 610 million reads
2022-10-13 02:34:39,201 - DEBUG - Counting for batch 99, containing 100 cells and 4310503 reads
2022-10-13 02:37:03,568 - DEBUG - 0 reads not considered because fully enclosed in repeat masked regions
2022-10-13 02:38:11,668 - DEBUG - Counting for batch 100, containing 100 cells and 3629200 reads
2022-10-13 02:40:15,738 - DEBUG - 0 reads not considered because fully enclosed in repeat masked regions
2022-10-13 02:40:58,734 - DEBUG - Read first 620 million reads
2022-10-13 02:41:16,851 - DEBUG - Counting for batch 101, containing 100 cells and 3438745 reads
2022-10-13 02:43:14,548 - DEBUG - 0 reads not considered because fully enclosed in repeat masked regions
2022-10-13 02:44:37,213 - DEBUG - Counting for batch 102, containing 100 cells and 4861762 reads
2022-10-13 02:47:20,128 - DEBUG - 0 reads not considered because fully enclosed in repeat masked regions
2022-10-13 02:48:06,423 - DEBUG - Read first 630 million reads
2022-10-13 02:48:47,247 - DEBUG - Counting for batch 103, containing 100 cells and 4699309 reads
2022-10-13 02:51:25,944 - DEBUG - 0 reads not considered because fully enclosed in repeat masked regions
2022-10-13 02:52:42,914 - DEBUG - Read first 640 million reads
2022-10-13 02:53:07,635 - DEBUG - Counting for batch 104, containing 100 cells and 5980606 reads
2022-10-13 02:56:30,871 - DEBUG - 0 reads not considered because fully enclosed in repeat masked regions
2022-10-13 02:58:00,371 - DEBUG - Counting for batch 105, containing 100 cells and 4341950 reads
2022-10-13 03:00:24,842 - DEBUG - 0 reads not considered because fully enclosed in repeat masked regions
2022-10-13 03:01:07,065 - DEBUG - Read first 650 million reads
2022-10-13 03:01:58,846 - DEBUG - Counting for batch 106, containing 100 cells and 5583356 reads
2022-10-13 03:04:58,971 - DEBUG - 0 reads not considered because fully enclosed in repeat masked regions
2022-10-13 03:06:14,284 - DEBUG - Read first 660 million reads
2022-10-13 03:06:27,534 - DEBUG - Counting for batch 107, containing 100 cells and 3724456 reads
2022-10-13 03:08:36,273 - DEBUG - 0 reads not considered because fully enclosed in repeat masked regions
2022-10-13 03:09:58,555 - DEBUG - Counting for batch 108, containing 100 cells and 4579952 reads
2022-10-13 03:12:28,909 - DEBUG - 0 reads not considered because fully enclosed in repeat masked regions
2022-10-13 03:13:16,717 - DEBUG - Read first 670 million reads
2022-10-13 03:13:59,342 - DEBUG - Counting for batch 109, containing 100 cells and 4324585 reads
2022-10-13 03:16:26,323 - DEBUG - 0 reads not considered because fully enclosed in repeat masked regions
2022-10-13 03:17:41,647 - DEBUG - Read first 680 million reads
2022-10-13 03:17:47,243 - DEBUG - Counting for batch 110, containing 100 cells and 4162249 reads
2022-10-13 03:20:05,694 - DEBUG - 0 reads not considered because fully enclosed in repeat masked regions
2022-10-13 03:21:42,152 - DEBUG - Counting for batch 111, containing 100 cells and 4797767 reads
2022-10-13 03:24:24,906 - DEBUG - 0 reads not considered because fully enclosed in repeat masked regions
2022-10-13 03:25:24,189 - DEBUG - Read first 690 million reads
2022-10-13 03:25:34,923 - DEBUG - Counting for batch 112, containing 100 cells and 3212880 reads
2022-10-13 03:27:22,064 - DEBUG - 0 reads not considered because fully enclosed in repeat masked regions
2022-10-13 03:28:17,309 - DEBUG - Counting for batch 113, containing 100 cells and 2924569 reads
2022-10-13 03:29:58,925 - DEBUG - 0 reads not considered because fully enclosed in repeat masked regions
2022-10-13 03:30:54,218 - DEBUG - Read first 700 million reads
2022-10-13 03:31:02,293 - DEBUG - Counting for batch 114, containing 100 cells and 3464006 reads
2022-10-13 03:32:56,832 - DEBUG - 0 reads not considered because fully enclosed in repeat masked regions
2022-10-13 03:34:13,609 - DEBUG - Counting for batch 115, containing 100 cells and 3724333 reads
2022-10-13 03:36:21,150 - DEBUG - 0 reads not considered because fully enclosed in repeat masked regions
2022-10-13 03:37:09,801 - DEBUG - Read first 710 million reads
2022-10-13 03:37:29,592 - DEBUG - Counting for batch 116, containing 100 cells and 3771190 reads
2022-10-13 03:39:42,458 - DEBUG - 0 reads not considered because fully enclosed in repeat masked regions
2022-10-13 03:41:03,146 - DEBUG - Counting for batch 117, containing 100 cells and 3550642 reads
2022-10-13 03:43:08,717 - DEBUG - 0 reads not considered because fully enclosed in repeat masked regions
2022-10-13 03:43:51,658 - DEBUG - Read first 720 million reads
2022-10-13 03:44:24,164 - DEBUG - Counting for batch 118, containing 100 cells and 3978667 reads
2022-10-13 03:46:41,005 - DEBUG - 0 reads not considered because fully enclosed in repeat masked regions
2022-10-13 03:48:07,823 - DEBUG - Counting for batch 119, containing 100 cells and 3546193 reads
2022-10-13 03:50:10,472 - DEBUG - 0 reads not considered because fully enclosed in repeat masked regions
2022-10-13 03:50:56,079 - DEBUG - Read first 730 million reads
2022-10-13 03:51:33,732 - DEBUG - Counting for batch 120, containing 100 cells and 4759909 reads
2022-10-13 03:54:17,191 - DEBUG - 0 reads not considered because fully enclosed in repeat masked regions
2022-10-13 03:55:37,090 - DEBUG - Read first 740 million reads
2022-10-13 03:55:46,682 - DEBUG - Counting for batch 121, containing 100 cells and 4785532 reads
2022-10-13 03:58:31,535 - DEBUG - 0 reads not considered because fully enclosed in repeat masked regions
2022-10-13 03:59:49,190 - DEBUG - Counting for batch 122, containing 100 cells and 3572533 reads
2022-10-13 04:01:51,746 - DEBUG - 0 reads not considered because fully enclosed in repeat masked regions
2022-10-13 04:02:41,353 - DEBUG - Read first 750 million reads
2022-10-13 04:03:15,658 - DEBUG - Counting for batch 123, containing 100 cells and 4606891 reads
2022-10-13 04:05:59,433 - DEBUG - 0 reads not considered because fully enclosed in repeat masked regions
2022-10-13 04:07:29,899 - DEBUG - Read first 760 million reads
2022-10-13 04:07:36,579 - DEBUG - Counting for batch 124, containing 100 cells and 4212194 reads
2022-10-13 04:10:02,672 - DEBUG - 0 reads not considered because fully enclosed in repeat masked regions
2022-10-13 04:11:26,463 - DEBUG - Counting for batch 125, containing 100 cells and 4027902 reads
2022-10-13 04:13:44,301 - DEBUG - 0 reads not considered because fully enclosed in repeat masked regions
2022-10-13 04:14:40,979 - DEBUG - Read first 770 million reads
2022-10-13 04:15:07,871 - DEBUG - Counting for batch 126, containing 100 cells and 5078349 reads
2022-10-13 04:17:57,083 - DEBUG - 0 reads not considered because fully enclosed in repeat masked regions
2022-10-13 04:19:23,263 - DEBUG - Counting for batch 127, containing 92 cells and 4313471 reads
2022-10-13 04:21:44,364 - DEBUG - 0 reads not considered because fully enclosed in repeat masked regions
2022-10-13 04:22:17,538 - DEBUG - 37590839 reads were skipped because no apropiate cell or umi barcode was found
2022-10-13 04:22:17,555 - DEBUG - Counting done!
2022-10-13 04:22:17,658 - DEBUG - Generating output file /storage/singlecell/zz4/fetal_bash/results/RNA_velocity/Multi_Fetal_11w2d_FR/Multi_Fetal_11w2d_FR.loom
2022-10-13 04:22:17,659 - DEBUG - Collecting row attributes
2022-10-13 04:22:17,854 - DEBUG - Generating data table
2022-10-13 04:22:22,994 - DEBUG - Writing loom file
2022-10-13 04:22:28,653 - DEBUG - Creating converter from 5 to 3
2022-10-13 04:22:28,655 - DEBUG - Creating converter from 3 to 5
2022-10-13 04:23:05,225 - DEBUG - Terminated Succesfully!
ended at Thu Oct 13 04:23:10 CDT 2022 on mhgcp-g00.grid.bcm.edu. Time elapsed: 11:34:42
