starting at Wed Oct 12 16:48:28 CDT 2022 on mhgcp-g00.grid.bcm.edu
SLURM_JOBID=624156
2022-10-12 16:48:58,375 - DEBUG - Using logic: Default
2022-10-12 16:48:58,438 - INFO - Read 14273 cell barcodes from /storage/singlecell/zz4/fetal_bash/data/Retina_fetal/Multi_Fetal_20W2d_FR/outs/filtered_feature_bc_matrix/barcodes.tsv.gz
2022-10-12 16:48:58,438 - DEBUG - Example of barcode: AAACAGCCAAGCCACT and cell_id: Multi_Fetal_20W2d_FR:AAACAGCCAAGCCACT-1
2022-10-12 16:48:58,467 - DEBUG - Peeking into /storage/singlecell/zz4/fetal_bash/data/Retina_fetal/Multi_Fetal_20W2d_FR/outs/gex_possorted_bam.bam
2022-10-12 16:48:58,680 - WARNING - Not found cell and umi barcode in entry 0 of the bam file
2022-10-12 16:48:58,680 - WARNING - Not found cell and umi barcode in entry 1 of the bam file
2022-10-12 16:48:58,681 - WARNING - Not found cell and umi barcode in entry 28 of the bam file
2022-10-12 16:48:58,681 - WARNING - Not found cell and umi barcode in entry 29 of the bam file
2022-10-12 16:48:58,681 - WARNING - Not found cell and umi barcode in entry 36 of the bam file
2022-10-12 16:48:58,681 - WARNING - Not found cell and umi barcode in entry 37 of the bam file
2022-10-12 16:48:58,681 - WARNING - Not found cell and umi barcode in entry 38 of the bam file
2022-10-12 16:48:58,681 - WARNING - Not found cell and umi barcode in entry 39 of the bam file
2022-10-12 16:48:58,681 - WARNING - Not found cell and umi barcode in entry 47 of the bam file
2022-10-12 16:48:58,681 - WARNING - Not found cell and umi barcode in entry 48 of the bam file
2022-10-12 16:48:58,681 - WARNING - Not found cell and umi barcode in entry 58 of the bam file
2022-10-12 16:48:58,681 - WARNING - Not found cell and umi barcode in entry 59 of the bam file
2022-10-12 16:48:58,681 - WARNING - Not found cell and umi barcode in entry 60 of the bam file
2022-10-12 16:48:58,681 - WARNING - Not found cell and umi barcode in entry 61 of the bam file
2022-10-12 16:48:58,682 - WARNING - Not found cell and umi barcode in entry 158 of the bam file
2022-10-12 16:48:58,682 - WARNING - Not found cell and umi barcode in entry 159 of the bam file
2022-10-12 16:48:58,682 - WARNING - Not found cell and umi barcode in entry 160 of the bam file
2022-10-12 16:48:58,682 - WARNING - Not found cell and umi barcode in entry 177 of the bam file
2022-10-12 16:48:58,682 - WARNING - Not found cell and umi barcode in entry 213 of the bam file
2022-10-12 16:48:58,683 - WARNING - Not found cell and umi barcode in entry 315 of the bam file
2022-10-12 16:48:58,683 - WARNING - Not found cell and umi barcode in entry 336 of the bam file
2022-10-12 16:48:58,684 - WARNING - Not found cell and umi barcode in entry 406 of the bam file
2022-10-12 16:48:58,684 - WARNING - Not found cell and umi barcode in entry 409 of the bam file
2022-10-12 16:48:58,684 - WARNING - Not found cell and umi barcode in entry 410 of the bam file
2022-10-12 16:48:58,684 - WARNING - Not found cell and umi barcode in entry 413 of the bam file
2022-10-12 16:48:58,684 - WARNING - Not found cell and umi barcode in entry 496 of the bam file
2022-10-12 16:48:58,684 - WARNING - Not found cell and umi barcode in entry 497 of the bam file
2022-10-12 16:48:58,685 - WARNING - Not found cell and umi barcode in entry 570 of the bam file
2022-10-12 16:48:58,685 - WARNING - Not found cell and umi barcode in entry 577 of the bam file
2022-10-12 16:48:58,685 - WARNING - Not found cell and umi barcode in entry 606 of the bam file
2022-10-12 16:48:58,685 - WARNING - Not found cell and umi barcode in entry 634 of the bam file
2022-10-12 16:48:58,685 - WARNING - Not found cell and umi barcode in entry 671 of the bam file
2022-10-12 16:48:58,686 - WARNING - Not found cell and umi barcode in entry 681 of the bam file
2022-10-12 16:48:58,686 - WARNING - Not found cell and umi barcode in entry 685 of the bam file
2022-10-12 16:48:58,686 - WARNING - Not found cell and umi barcode in entry 713 of the bam file
2022-10-12 16:48:58,686 - WARNING - Not found cell and umi barcode in entry 773 of the bam file
2022-10-12 16:48:58,686 - WARNING - Not found cell and umi barcode in entry 828 of the bam file
2022-10-12 16:48:58,686 - WARNING - Not found cell and umi barcode in entry 838 of the bam file
2022-10-12 16:48:58,687 - WARNING - Not found cell and umi barcode in entry 843 of the bam file
2022-10-12 16:48:58,687 - WARNING - Not found cell and umi barcode in entry 853 of the bam file
2022-10-12 16:48:58,687 - WARNING - Not found cell and umi barcode in entry 854 of the bam file
2022-10-12 16:48:58,687 - WARNING - Not found cell and umi barcode in entry 861 of the bam file
2022-10-12 16:48:58,687 - WARNING - Not found cell and umi barcode in entry 864 of the bam file
2022-10-12 16:48:58,687 - WARNING - Not found cell and umi barcode in entry 868 of the bam file
2022-10-12 16:48:58,687 - WARNING - Not found cell and umi barcode in entry 871 of the bam file
2022-10-12 16:48:58,687 - WARNING - Not found cell and umi barcode in entry 872 of the bam file
2022-10-12 16:48:58,687 - WARNING - Not found cell and umi barcode in entry 957 of the bam file
2022-10-12 16:48:58,688 - WARNING - Not found cell and umi barcode in entry 963 of the bam file
2022-10-12 16:48:58,688 - WARNING - Not found cell and umi barcode in entry 973 of the bam file
2022-10-12 16:48:58,688 - WARNING - Not found cell and umi barcode in entry 985 of the bam file
2022-10-12 16:48:58,688 - WARNING - Not found cell and umi barcode in entry 987 of the bam file
2022-10-12 16:48:58,688 - WARNING - Not found cell and umi barcode in entry 1017 of the bam file
2022-10-12 16:48:58,700 - WARNING - The file /storage/singlecell/zz4/fetal_bash/data/Retina_fetal/Multi_Fetal_20W2d_FR/outs/cellsorted_gex_possorted_bam.bam already exists. The sorting step will be skipped and the existing file will be used.
2022-10-12 16:48:58,700 - INFO - Load the annotation from /storage/singlecell/zz4/Reference/refdata-cellranger-arc-GRCh38-2020-A/genes/genes.gtf
2022-10-12 16:49:20,680 - DEBUG - Parsing Chromosome GL000009.2 strand - [line 0]
2022-10-12 16:49:20,681 - DEBUG - Done with GL000009.2- [line 7]
2022-10-12 16:49:20,681 - DEBUG - Assigning indexes to genes
2022-10-12 16:49:20,681 - DEBUG - Seen 1 genes until now
2022-10-12 16:49:20,681 - DEBUG - Parsing Chromosome GL000194.1 strand - [line 8]
2022-10-12 16:49:20,682 - DEBUG - Done with GL000194.1- [line 33]
2022-10-12 16:49:20,682 - DEBUG - Assigning indexes to genes
2022-10-12 16:49:20,682 - DEBUG - Seen 3 genes until now
2022-10-12 16:49:20,682 - DEBUG - Parsing Chromosome GL000195.1 strand - [line 34]
2022-10-12 16:49:20,682 - DEBUG - Done with GL000195.1- [line 43]
2022-10-12 16:49:20,682 - DEBUG - Assigning indexes to genes
2022-10-12 16:49:20,682 - DEBUG - Seen 4 genes until now
2022-10-12 16:49:20,682 - DEBUG - Parsing Chromosome GL000195.1 strand + [line 44]
2022-10-12 16:49:20,682 - DEBUG - Done with GL000195.1+ [line 57]
2022-10-12 16:49:20,682 - DEBUG - Assigning indexes to genes
2022-10-12 16:49:20,682 - DEBUG - Seen 5 genes until now
2022-10-12 16:49:20,682 - DEBUG - Parsing Chromosome GL000205.2 strand - [line 58]
2022-10-12 16:49:20,683 - DEBUG - Done with GL000205.2- [line 71]
2022-10-12 16:49:20,683 - DEBUG - Assigning indexes to genes
2022-10-12 16:49:20,683 - DEBUG - Seen 6 genes until now
2022-10-12 16:49:20,683 - DEBUG - Parsing Chromosome GL000213.1 strand - [line 72]
2022-10-12 16:49:20,683 - DEBUG - Done with GL000213.1- [line 120]
2022-10-12 16:49:20,683 - DEBUG - Assigning indexes to genes
2022-10-12 16:49:20,683 - DEBUG - Seen 7 genes until now
2022-10-12 16:49:20,683 - DEBUG - Parsing Chromosome GL000218.1 strand - [line 121]
2022-10-12 16:49:20,683 - DEBUG - Done with GL000218.1- [line 128]
2022-10-12 16:49:20,683 - DEBUG - Assigning indexes to genes
2022-10-12 16:49:20,683 - DEBUG - Seen 8 genes until now
2022-10-12 16:49:20,684 - DEBUG - Parsing Chromosome GL000219.1 strand - [line 129]
2022-10-12 16:49:20,684 - DEBUG - Done with GL000219.1- [line 141]
2022-10-12 16:49:20,684 - DEBUG - Assigning indexes to genes
2022-10-12 16:49:20,684 - DEBUG - Seen 9 genes until now
2022-10-12 16:49:20,684 - DEBUG - Parsing Chromosome KI270711.1 strand - [line 142]
2022-10-12 16:49:20,685 - DEBUG - Done with KI270711.1- [line 292]
2022-10-12 16:49:20,685 - DEBUG - Assigning indexes to genes
2022-10-12 16:49:20,685 - DEBUG - Seen 10 genes until now
2022-10-12 16:49:20,685 - DEBUG - Parsing Chromosome KI270713.1 strand - [line 293]
2022-10-12 16:49:20,685 - DEBUG - Done with KI270713.1- [line 300]
2022-10-12 16:49:20,685 - DEBUG - Assigning indexes to genes
2022-10-12 16:49:20,685 - DEBUG - Seen 11 genes until now
2022-10-12 16:49:20,686 - DEBUG - Parsing Chromosome KI270713.1 strand + [line 301]
2022-10-12 16:49:20,686 - DEBUG - Done with KI270713.1+ [line 307]
2022-10-12 16:49:20,686 - DEBUG - Assigning indexes to genes
2022-10-12 16:49:20,686 - DEBUG - Seen 12 genes until now
2022-10-12 16:49:20,686 - DEBUG - Parsing Chromosome KI270721.1 strand + [line 308]
2022-10-12 16:49:20,686 - DEBUG - Done with KI270721.1+ [line 323]
2022-10-12 16:49:20,686 - DEBUG - Assigning indexes to genes
2022-10-12 16:49:20,686 - DEBUG - Seen 13 genes until now
2022-10-12 16:49:20,686 - DEBUG - Parsing Chromosome KI270726.1 strand + [line 324]
2022-10-12 16:49:20,686 - DEBUG - Done with KI270726.1+ [line 334]
2022-10-12 16:49:20,686 - DEBUG - Assigning indexes to genes
2022-10-12 16:49:20,686 - DEBUG - Seen 15 genes until now
2022-10-12 16:49:20,686 - DEBUG - Parsing Chromosome KI270727.1 strand - [line 335]
2022-10-12 16:49:20,687 - DEBUG - Done with KI270727.1- [line 394]
2022-10-12 16:49:20,687 - DEBUG - Assigning indexes to genes
2022-10-12 16:49:20,687 - DEBUG - Seen 17 genes until now
2022-10-12 16:49:20,687 - DEBUG - Parsing Chromosome KI270727.1 strand + [line 395]
2022-10-12 16:49:20,687 - DEBUG - Done with KI270727.1+ [line 409]
2022-10-12 16:49:20,687 - DEBUG - Assigning indexes to genes
2022-10-12 16:49:20,687 - DEBUG - Seen 19 genes until now
2022-10-12 16:49:20,687 - DEBUG - Parsing Chromosome KI270728.1 strand - [line 410]
2022-10-12 16:49:20,688 - DEBUG - Done with KI270728.1- [line 486]
2022-10-12 16:49:20,688 - DEBUG - Assigning indexes to genes
2022-10-12 16:49:20,688 - DEBUG - Seen 21 genes until now
2022-10-12 16:49:20,688 - DEBUG - Parsing Chromosome KI270728.1 strand + [line 487]
2022-10-12 16:49:20,688 - DEBUG - Done with KI270728.1+ [line 523]
2022-10-12 16:49:20,688 - DEBUG - Assigning indexes to genes
2022-10-12 16:49:20,688 - DEBUG - Seen 25 genes until now
2022-10-12 16:49:20,689 - DEBUG - Parsing Chromosome KI270731.1 strand - [line 524]
2022-10-12 16:49:20,689 - DEBUG - Done with KI270731.1- [line 530]
2022-10-12 16:49:20,689 - DEBUG - Assigning indexes to genes
2022-10-12 16:49:20,689 - DEBUG - Seen 26 genes until now
2022-10-12 16:49:20,689 - DEBUG - Parsing Chromosome KI270734.1 strand - [line 531]
2022-10-12 16:49:20,689 - DEBUG - Done with KI270734.1- [line 599]
2022-10-12 16:49:20,689 - DEBUG - Assigning indexes to genes
2022-10-12 16:49:20,689 - DEBUG - Seen 27 genes until now
2022-10-12 16:49:20,690 - DEBUG - Parsing Chromosome KI270734.1 strand + [line 600]
2022-10-12 16:49:20,690 - DEBUG - Done with KI270734.1+ [line 622]
2022-10-12 16:49:20,690 - DEBUG - Assigning indexes to genes
2022-10-12 16:49:20,690 - DEBUG - Seen 29 genes until now
2022-10-12 16:49:20,690 - DEBUG - Parsing Chromosome 1 strand - [line 623]
2022-10-12 16:49:22,556 - DEBUG - Done with 1- [line 118876]
2022-10-12 16:49:22,557 - DEBUG - Assigning indexes to genes
2022-10-12 16:49:22,589 - DEBUG - Seen 1711 genes until now
2022-10-12 16:49:22,589 - DEBUG - Parsing Chromosome 1 strand + [line 118877]
2022-10-12 16:49:24,678 - DEBUG - Done with 1+ [line 253796]
2022-10-12 16:49:24,678 - DEBUG - Assigning indexes to genes
2022-10-12 16:49:24,715 - DEBUG - Seen 3439 genes until now
2022-10-12 16:49:24,715 - DEBUG - Parsing Chromosome 10 strand - [line 253797]
2022-10-12 16:49:25,091 - DEBUG - Done with 10- [line 304078]
2022-10-12 16:49:25,091 - DEBUG - Assigning indexes to genes
2022-10-12 16:49:25,099 - DEBUG - Seen 4100 genes until now
2022-10-12 16:49:25,099 - DEBUG - Parsing Chromosome 10 strand + [line 304079]
2022-10-12 16:49:25,833 - DEBUG - Done with 10+ [line 356023]
2022-10-12 16:49:25,833 - DEBUG - Assigning indexes to genes
2022-10-12 16:49:25,840 - DEBUG - Seen 4833 genes until now
2022-10-12 16:49:25,840 - DEBUG - Parsing Chromosome 11 strand - [line 356024]
2022-10-12 16:49:26,235 - DEBUG - Done with 11- [line 438038]
2022-10-12 16:49:26,235 - DEBUG - Assigning indexes to genes
2022-10-12 16:49:26,245 - DEBUG - Seen 5833 genes until now
2022-10-12 16:49:26,245 - DEBUG - Parsing Chromosome 11 strand + [line 438039]
2022-10-12 16:49:27,140 - DEBUG - Done with 11+ [line 521163]
2022-10-12 16:49:27,140 - DEBUG - Assigning indexes to genes
2022-10-12 16:49:27,155 - DEBUG - Seen 6898 genes until now
2022-10-12 16:49:27,155 - DEBUG - Parsing Chromosome 12 strand - [line 521164]
2022-10-12 16:49:27,613 - DEBUG - Done with 12- [line 601582]
2022-10-12 16:49:27,613 - DEBUG - Assigning indexes to genes
2022-10-12 16:49:27,623 - DEBUG - Seen 7848 genes until now
2022-10-12 16:49:27,623 - DEBUG - Parsing Chromosome 12 strand + [line 601583]
2022-10-12 16:49:28,093 - DEBUG - Done with 12+ [line 681983]
2022-10-12 16:49:28,093 - DEBUG - Assigning indexes to genes
2022-10-12 16:49:28,117 - DEBUG - Seen 8826 genes until now
2022-10-12 16:49:28,118 - DEBUG - Parsing Chromosome 13 strand - [line 681984]
2022-10-12 16:49:28,794 - DEBUG - Done with 13- [line 702449]
2022-10-12 16:49:28,794 - DEBUG - Assigning indexes to genes
2022-10-12 16:49:28,797 - DEBUG - Seen 9225 genes until now
2022-10-12 16:49:28,797 - DEBUG - Parsing Chromosome 13 strand + [line 702450]
2022-10-12 16:49:28,954 - DEBUG - Done with 13+ [line 726349]
2022-10-12 16:49:28,954 - DEBUG - Assigning indexes to genes
2022-10-12 16:49:28,957 - DEBUG - Seen 9614 genes until now
2022-10-12 16:49:28,957 - DEBUG - Parsing Chromosome 14 strand - [line 726350]
2022-10-12 16:49:29,213 - DEBUG - Done with 14- [line 770987]
2022-10-12 16:49:29,214 - DEBUG - Assigning indexes to genes
2022-10-12 16:49:29,223 - DEBUG - Seen 10373 genes until now
2022-10-12 16:49:29,223 - DEBUG - Parsing Chromosome 14 strand + [line 770988]
2022-10-12 16:49:29,499 - DEBUG - Done with 14+ [line 822908]
2022-10-12 16:49:29,499 - DEBUG - Assigning indexes to genes
2022-10-12 16:49:29,511 - DEBUG - Seen 11088 genes until now
2022-10-12 16:49:29,511 - DEBUG - Parsing Chromosome 15 strand - [line 822909]
2022-10-12 16:49:29,777 - DEBUG - Done with 15- [line 873715]
2022-10-12 16:49:29,777 - DEBUG - Assigning indexes to genes
2022-10-12 16:49:29,782 - DEBUG - Seen 11734 genes until now
2022-10-12 16:49:29,783 - DEBUG - Parsing Chromosome 15 strand + [line 873716]
2022-10-12 16:49:30,619 - DEBUG - Done with 15+ [line 923824]
2022-10-12 16:49:30,619 - DEBUG - Assigning indexes to genes
2022-10-12 16:49:30,625 - DEBUG - Seen 12355 genes until now
2022-10-12 16:49:30,625 - DEBUG - Parsing Chromosome 16 strand - [line 923825]
2022-10-12 16:49:30,970 - DEBUG - Done with 16- [line 979238]
2022-10-12 16:49:30,971 - DEBUG - Assigning indexes to genes
2022-10-12 16:49:30,986 - DEBUG - Seen 13151 genes until now
2022-10-12 16:49:30,986 - DEBUG - Parsing Chromosome 16 strand + [line 979239]
2022-10-12 16:49:31,426 - DEBUG - Done with 16+ [line 1052152]
2022-10-12 16:49:31,427 - DEBUG - Assigning indexes to genes
2022-10-12 16:49:31,454 - DEBUG - Seen 14004 genes until now
2022-10-12 16:49:31,455 - DEBUG - Parsing Chromosome 17 strand - [line 1052153]
2022-10-12 16:49:32,004 - DEBUG - Done with 17- [line 1140008]
2022-10-12 16:49:32,005 - DEBUG - Assigning indexes to genes
2022-10-12 16:49:32,020 - DEBUG - Seen 15039 genes until now
2022-10-12 16:49:32,020 - DEBUG - Parsing Chromosome 17 strand + [line 1140009]
2022-10-12 16:49:33,494 - DEBUG - Done with 17+ [line 1219447]
2022-10-12 16:49:33,494 - DEBUG - Assigning indexes to genes
2022-10-12 16:49:33,514 - DEBUG - Seen 15996 genes until now
2022-10-12 16:49:33,515 - DEBUG - Parsing Chromosome 18 strand - [line 1219448]
2022-10-12 16:49:33,645 - DEBUG - Done with 18- [line 1246083]
2022-10-12 16:49:33,645 - DEBUG - Assigning indexes to genes
2022-10-12 16:49:33,651 - DEBUG - Seen 16371 genes until now
2022-10-12 16:49:33,651 - DEBUG - Parsing Chromosome 18 strand + [line 1246084]
2022-10-12 16:49:33,779 - DEBUG - Done with 18+ [line 1269821]
2022-10-12 16:49:33,779 - DEBUG - Assigning indexes to genes
2022-10-12 16:49:33,783 - DEBUG - Seen 16777 genes until now
2022-10-12 16:49:33,783 - DEBUG - Parsing Chromosome 19 strand - [line 1269822]
2022-10-12 16:49:34,255 - DEBUG - Done with 19- [line 1350736]
2022-10-12 16:49:34,255 - DEBUG - Assigning indexes to genes
2022-10-12 16:49:34,272 - DEBUG - Seen 17790 genes until now
2022-10-12 16:49:34,272 - DEBUG - Parsing Chromosome 19 strand + [line 1350737]
2022-10-12 16:49:34,718 - DEBUG - Done with 19+ [line 1435648]
2022-10-12 16:49:34,719 - DEBUG - Assigning indexes to genes
2022-10-12 16:49:34,732 - DEBUG - Seen 18804 genes until now
2022-10-12 16:49:34,732 - DEBUG - Parsing Chromosome 2 strand - [line 1435649]
2022-10-12 16:49:35,324 - DEBUG - Done with 2- [line 1542996]
2022-10-12 16:49:35,324 - DEBUG - Assigning indexes to genes
2022-10-12 16:49:35,337 - DEBUG - Seen 20037 genes until now
2022-10-12 16:49:35,337 - DEBUG - Parsing Chromosome 2 strand + [line 1542997]
2022-10-12 16:49:36,941 - DEBUG - Done with 2+ [line 1642863]
2022-10-12 16:49:36,941 - DEBUG - Assigning indexes to genes
2022-10-12 16:49:36,955 - DEBUG - Seen 21345 genes until now
2022-10-12 16:49:36,955 - DEBUG - Parsing Chromosome 20 strand - [line 1642864]
2022-10-12 16:49:37,092 - DEBUG - Done with 20- [line 1672442]
2022-10-12 16:49:37,092 - DEBUG - Assigning indexes to genes
2022-10-12 16:49:37,096 - DEBUG - Seen 21828 genes until now
2022-10-12 16:49:37,096 - DEBUG - Parsing Chromosome 20 strand + [line 1672443]
2022-10-12 16:49:37,261 - DEBUG - Done with 20+ [line 1707817]
2022-10-12 16:49:37,261 - DEBUG - Assigning indexes to genes
2022-10-12 16:49:37,267 - DEBUG - Seen 22309 genes until now
2022-10-12 16:49:37,268 - DEBUG - Parsing Chromosome 21 strand - [line 1707818]
2022-10-12 16:49:37,344 - DEBUG - Done with 21- [line 1722798]
2022-10-12 16:49:37,344 - DEBUG - Assigning indexes to genes
2022-10-12 16:49:37,347 - DEBUG - Seen 22596 genes until now
2022-10-12 16:49:37,347 - DEBUG - Parsing Chromosome 21 strand + [line 1722799]
2022-10-12 16:49:37,427 - DEBUG - Done with 21+ [line 1738981]
2022-10-12 16:49:37,427 - DEBUG - Assigning indexes to genes
2022-10-12 16:49:37,430 - DEBUG - Seen 22864 genes until now
2022-10-12 16:49:37,430 - DEBUG - Parsing Chromosome 22 strand - [line 1738982]
2022-10-12 16:49:37,572 - DEBUG - Done with 22- [line 1765357]
2022-10-12 16:49:37,572 - DEBUG - Assigning indexes to genes
2022-10-12 16:49:37,578 - DEBUG - Seen 23260 genes until now
2022-10-12 16:49:37,579 - DEBUG - Parsing Chromosome 22 strand + [line 1765358]
2022-10-12 16:49:37,760 - DEBUG - Done with 22+ [line 1797598]
2022-10-12 16:49:37,760 - DEBUG - Assigning indexes to genes
2022-10-12 16:49:37,765 - DEBUG - Seen 23765 genes until now
2022-10-12 16:49:37,765 - DEBUG - Parsing Chromosome 3 strand - [line 1797599]
2022-10-12 16:49:38,230 - DEBUG - Done with 3- [line 1887377]
2022-10-12 16:49:38,230 - DEBUG - Assigning indexes to genes
2022-10-12 16:49:38,240 - DEBUG - Seen 24693 genes until now
2022-10-12 16:49:38,240 - DEBUG - Parsing Chromosome 3 strand + [line 1887378]
2022-10-12 16:49:38,721 - DEBUG - Done with 3+ [line 1977011]
2022-10-12 16:49:38,722 - DEBUG - Assigning indexes to genes
2022-10-12 16:49:38,733 - DEBUG - Seen 25658 genes until now
2022-10-12 16:49:38,733 - DEBUG - Parsing Chromosome 4 strand - [line 1977012]
2022-10-12 16:49:40,199 - DEBUG - Done with 4- [line 2034238]
2022-10-12 16:49:40,200 - DEBUG - Assigning indexes to genes
2022-10-12 16:49:40,206 - DEBUG - Seen 26401 genes until now
2022-10-12 16:49:40,206 - DEBUG - Parsing Chromosome 4 strand + [line 2034239]
2022-10-12 16:49:40,507 - DEBUG - Done with 4+ [line 2094594]
2022-10-12 16:49:40,507 - DEBUG - Assigning indexes to genes
2022-10-12 16:49:40,513 - DEBUG - Seen 27191 genes until now
2022-10-12 16:49:40,514 - DEBUG - Parsing Chromosome 5 strand - [line 2094595]
2022-10-12 16:49:40,795 - DEBUG - Done with 5- [line 2152660]
2022-10-12 16:49:40,795 - DEBUG - Assigning indexes to genes
2022-10-12 16:49:40,803 - DEBUG - Seen 28071 genes until now
2022-10-12 16:49:40,803 - DEBUG - Parsing Chromosome 5 strand + [line 2152661]
2022-10-12 16:49:41,166 - DEBUG - Done with 5+ [line 2218657]
2022-10-12 16:49:41,166 - DEBUG - Assigning indexes to genes
2022-10-12 16:49:41,175 - DEBUG - Seen 29002 genes until now
2022-10-12 16:49:41,175 - DEBUG - Parsing Chromosome 6 strand - [line 2218658]
2022-10-12 16:49:41,477 - DEBUG - Done with 6- [line 2284937]
2022-10-12 16:49:41,477 - DEBUG - Assigning indexes to genes
2022-10-12 16:49:41,486 - DEBUG - Seen 29928 genes until now
2022-10-12 16:49:41,486 - DEBUG - Parsing Chromosome 6 strand + [line 2284938]
2022-10-12 16:49:41,835 - DEBUG - Done with 6+ [line 2345240]
2022-10-12 16:49:41,835 - DEBUG - Assigning indexes to genes
2022-10-12 16:49:41,850 - DEBUG - Seen 30829 genes until now
2022-10-12 16:49:41,850 - DEBUG - Parsing Chromosome 7 strand - [line 2345241]
2022-10-12 16:49:42,185 - DEBUG - Done with 7- [line 2406845]
2022-10-12 16:49:42,185 - DEBUG - Assigning indexes to genes
2022-10-12 16:49:42,205 - DEBUG - Seen 31621 genes until now
2022-10-12 16:49:42,205 - DEBUG - Parsing Chromosome 7 strand + [line 2406846]
2022-10-12 16:49:42,550 - DEBUG - Done with 7+ [line 2476014]
2022-10-12 16:49:42,550 - DEBUG - Assigning indexes to genes
2022-10-12 16:49:42,558 - DEBUG - Seen 32515 genes until now
2022-10-12 16:49:42,558 - DEBUG - Parsing Chromosome 8 strand - [line 2476015]
2022-10-12 16:49:42,797 - DEBUG - Done with 8- [line 2527366]
2022-10-12 16:49:42,797 - DEBUG - Assigning indexes to genes
2022-10-12 16:49:42,804 - DEBUG - Seen 33270 genes until now
2022-10-12 16:49:42,804 - DEBUG - Parsing Chromosome 8 strand + [line 2527367]
2022-10-12 16:49:44,311 - DEBUG - Done with 8+ [line 2577021]
2022-10-12 16:49:44,312 - DEBUG - Assigning indexes to genes
2022-10-12 16:49:44,325 - DEBUG - Seen 34010 genes until now
2022-10-12 16:49:44,325 - DEBUG - Parsing Chromosome 9 strand - [line 2577022]
2022-10-12 16:49:44,594 - DEBUG - Done with 9- [line 2622811]
2022-10-12 16:49:44,594 - DEBUG - Assigning indexes to genes
2022-10-12 16:49:44,604 - DEBUG - Seen 34681 genes until now
2022-10-12 16:49:44,604 - DEBUG - Parsing Chromosome 9 strand + [line 2622812]
2022-10-12 16:49:44,895 - DEBUG - Done with 9+ [line 2672374]
2022-10-12 16:49:44,895 - DEBUG - Assigning indexes to genes
2022-10-12 16:49:44,905 - DEBUG - Seen 35329 genes until now
2022-10-12 16:49:44,906 - DEBUG - Parsing Chromosome M strand - [line 2672375]
2022-10-12 16:49:44,906 - DEBUG - Done with M- [line 2672379]
2022-10-12 16:49:44,906 - DEBUG - Assigning indexes to genes
2022-10-12 16:49:44,906 - DEBUG - Seen 35330 genes until now
2022-10-12 16:49:44,906 - DEBUG - Parsing Chromosome M strand + [line 2672380]
2022-10-12 16:49:44,906 - DEBUG - Done with M+ [line 2672445]
2022-10-12 16:49:44,906 - DEBUG - Assigning indexes to genes
2022-10-12 16:49:44,906 - DEBUG - Seen 35342 genes until now
2022-10-12 16:49:44,906 - DEBUG - Parsing Chromosome X strand - [line 2672446]
2022-10-12 16:49:45,182 - DEBUG - Done with X- [line 2716088]
2022-10-12 16:49:45,182 - DEBUG - Assigning indexes to genes
2022-10-12 16:49:45,188 - DEBUG - Seen 35884 genes until now
2022-10-12 16:49:45,188 - DEBUG - Parsing Chromosome X strand + [line 2716089]
2022-10-12 16:49:45,441 - DEBUG - Done with X+ [line 2760500]
2022-10-12 16:49:45,441 - DEBUG - Assigning indexes to genes
2022-10-12 16:49:45,449 - DEBUG - Seen 36490 genes until now
2022-10-12 16:49:45,449 - DEBUG - Parsing Chromosome Y strand - [line 2760501]
2022-10-12 16:49:45,462 - DEBUG - Done with Y- [line 2763031]
2022-10-12 16:49:45,462 - DEBUG - Assigning indexes to genes
2022-10-12 16:49:45,462 - DEBUG - Seen 36543 genes until now
2022-10-12 16:49:45,463 - DEBUG - Parsing Chromosome Y strand + [line 2763032]
2022-10-12 16:49:45,475 - DEBUG - Assigning indexes to genes
2022-10-12 16:49:45,475 - DEBUG - Done with Y+ [line 2765967]
2022-10-12 16:49:45,475 - DEBUG - Fixing corner cases of transcript models containg intron longer than 1000Kbp
2022-10-12 16:49:47,954 - DEBUG - Generated 2411536 features corresponding to 199138 transcript models from /storage/singlecell/zz4/Reference/refdata-cellranger-arc-GRCh38-2020-A/genes/genes.gtf
2022-10-12 16:49:47,986 - INFO - Scan /storage/singlecell/zz4/fetal_bash/data/Retina_fetal/Multi_Fetal_20W2d_FR/outs/gex_possorted_bam.bam to validate intron intervals
2022-10-12 16:49:52,607 - DEBUG - Reading /storage/singlecell/zz4/fetal_bash/data/Retina_fetal/Multi_Fetal_20W2d_FR/outs/gex_possorted_bam.bam
2022-10-12 16:49:52,670 - DEBUG - Read first 0 million reads
2022-10-12 16:49:52,670 - DEBUG - Marking up chromosome 1
2022-10-12 16:52:09,634 - DEBUG - Read first 10 million reads
2022-10-12 16:54:56,801 - DEBUG - Read first 20 million reads
2022-10-12 16:57:56,456 - DEBUG - Read first 30 million reads
2022-10-12 17:00:11,584 - DEBUG - Read first 40 million reads
2022-10-12 17:02:32,267 - DEBUG - Read first 50 million reads
2022-10-12 17:04:48,861 - DEBUG - Marking up chromosome 10
2022-10-12 17:05:00,122 - DEBUG - Read first 60 million reads
2022-10-12 17:07:55,828 - DEBUG - Read first 70 million reads
2022-10-12 17:12:11,741 - DEBUG - Read first 80 million reads
2022-10-12 17:14:28,635 - DEBUG - Marking up chromosome 11
2022-10-12 17:14:32,416 - DEBUG - Read first 90 million reads
2022-10-12 17:17:37,205 - DEBUG - Read first 100 million reads
2022-10-12 17:20:29,344 - DEBUG - Read first 110 million reads
2022-10-12 17:23:46,997 - DEBUG - Read first 120 million reads
2022-10-12 17:26:35,275 - DEBUG - Read first 130 million reads
2022-10-12 17:28:57,390 - DEBUG - Marking up chromosome 12
2022-10-12 17:29:24,657 - DEBUG - Read first 140 million reads
2022-10-12 17:32:06,482 - DEBUG - Read first 150 million reads
2022-10-12 17:34:42,230 - DEBUG - Read first 160 million reads
2022-10-12 17:38:01,898 - DEBUG - Read first 170 million reads
2022-10-12 17:39:45,773 - DEBUG - Marking up chromosome 13
2022-10-12 17:40:20,103 - DEBUG - Read first 180 million reads
2022-10-12 17:42:44,871 - DEBUG - Read first 190 million reads
2022-10-12 17:44:37,091 - DEBUG - Marking up chromosome 14
2022-10-12 17:45:04,147 - DEBUG - Read first 200 million reads
2022-10-12 17:47:33,415 - DEBUG - Read first 210 million reads
2022-10-12 17:50:12,916 - DEBUG - Read first 220 million reads
2022-10-12 17:52:34,747 - DEBUG - Marking up chromosome 15
2022-10-12 17:53:56,866 - DEBUG - Read first 230 million reads
2022-10-12 17:56:35,950 - DEBUG - Read first 240 million reads
2022-10-12 17:59:06,462 - DEBUG - Read first 250 million reads
2022-10-12 18:00:00,695 - DEBUG - Marking up chromosome 16
2022-10-12 18:01:35,869 - DEBUG - Read first 260 million reads
2022-10-12 18:04:03,130 - DEBUG - Read first 270 million reads
2022-10-12 18:05:06,943 - DEBUG - Marking up chromosome 17
2022-10-12 18:06:46,340 - DEBUG - Read first 280 million reads
2022-10-12 18:09:16,654 - DEBUG - Read first 290 million reads
2022-10-12 18:12:11,699 - DEBUG - Read first 300 million reads
2022-10-12 18:12:50,298 - DEBUG - Marking up chromosome 18
2022-10-12 18:14:40,487 - DEBUG - Read first 310 million reads
2022-10-12 18:18:17,099 - DEBUG - Marking up chromosome 19
2022-10-12 18:18:49,531 - DEBUG - Read first 320 million reads
2022-10-12 18:21:30,674 - DEBUG - Read first 330 million reads
2022-10-12 18:23:40,165 - DEBUG - Marking up chromosome 2
2022-10-12 18:23:52,197 - DEBUG - Read first 340 million reads
2022-10-12 18:26:20,955 - DEBUG - Read first 350 million reads
2022-10-12 18:30:02,084 - DEBUG - Read first 360 million reads
2022-10-12 18:32:15,727 - DEBUG - Read first 370 million reads
2022-10-12 18:34:57,072 - DEBUG - Read first 380 million reads
2022-10-12 18:37:48,117 - DEBUG - Read first 390 million reads
2022-10-12 18:40:18,396 - DEBUG - Read first 400 million reads
2022-10-12 18:40:20,331 - DEBUG - Marking up chromosome 20
2022-10-12 18:42:53,954 - DEBUG - Read first 410 million reads
2022-10-12 18:44:19,401 - DEBUG - Marking up chromosome 21
2022-10-12 18:45:06,454 - DEBUG - Read first 420 million reads
2022-10-12 18:47:01,561 - DEBUG - Marking up chromosome 22
2022-10-12 18:47:36,398 - DEBUG - Read first 430 million reads
2022-10-12 18:49:25,503 - DEBUG - Marking up chromosome 3
2022-10-12 18:50:22,887 - DEBUG - Read first 440 million reads
2022-10-12 18:53:14,057 - DEBUG - Read first 450 million reads
2022-10-12 18:55:55,753 - DEBUG - Read first 460 million reads
2022-10-12 18:58:21,396 - DEBUG - Read first 470 million reads
2022-10-12 19:01:06,616 - DEBUG - Read first 480 million reads
2022-10-12 19:04:29,428 - DEBUG - Read first 490 million reads
2022-10-12 19:04:41,344 - DEBUG - Marking up chromosome 4
2022-10-12 19:06:57,056 - DEBUG - Read first 500 million reads
2022-10-12 19:10:45,814 - DEBUG - Read first 510 million reads
2022-10-12 19:13:49,012 - DEBUG - Read first 520 million reads
2022-10-12 19:16:26,484 - DEBUG - Marking up chromosome 5
2022-10-12 19:16:30,842 - DEBUG - Read first 530 million reads
2022-10-12 19:19:15,329 - DEBUG - Read first 540 million reads
2022-10-12 19:22:36,431 - DEBUG - Read first 550 million reads
2022-10-12 19:25:16,161 - DEBUG - Read first 560 million reads
2022-10-12 19:27:11,986 - DEBUG - Marking up chromosome 6
2022-10-12 19:27:56,502 - DEBUG - Read first 570 million reads
2022-10-12 19:30:41,214 - DEBUG - Read first 580 million reads
2022-10-12 19:33:01,112 - DEBUG - Read first 590 million reads
2022-10-12 19:35:43,628 - DEBUG - Read first 600 million reads
2022-10-12 19:37:28,919 - DEBUG - Marking up chromosome 7
2022-10-12 19:38:18,533 - DEBUG - Read first 610 million reads
2022-10-12 19:40:47,453 - DEBUG - Read first 620 million reads
2022-10-12 19:42:59,259 - DEBUG - Read first 630 million reads
2022-10-12 19:45:51,950 - DEBUG - Read first 640 million reads
2022-10-12 19:47:50,820 - DEBUG - Marking up chromosome 8
2022-10-12 19:48:10,645 - DEBUG - Read first 650 million reads
2022-10-12 19:51:08,413 - DEBUG - Read first 660 million reads
2022-10-12 19:53:55,312 - DEBUG - Read first 670 million reads
2022-10-12 19:57:07,597 - DEBUG - Read first 680 million reads
2022-10-12 19:57:13,374 - DEBUG - Marking up chromosome 9
2022-10-12 19:59:30,956 - DEBUG - Read first 690 million reads
2022-10-12 20:01:43,399 - DEBUG - Read first 700 million reads
2022-10-12 20:03:46,362 - DEBUG - Marking up chromosome MT
2022-10-12 20:03:46,363 - WARNING - The .bam file refers to a chromosome 'MT+' not present in the annotation (.gtf) file
2022-10-12 20:03:46,363 - WARNING - The .bam file refers to a chromosome 'MT-' not present in the annotation (.gtf) file
2022-10-12 20:03:51,822 - DEBUG - Read first 710 million reads
2022-10-12 20:04:45,999 - DEBUG - Marking up chromosome X
2022-10-12 20:05:20,833 - DEBUG - Read first 720 million reads
2022-10-12 20:09:21,879 - DEBUG - Read first 730 million reads
2022-10-12 20:11:04,831 - DEBUG - Marking up chromosome Y
2022-10-12 20:11:32,874 - DEBUG - Marking up chromosome KI270728.1
2022-10-12 20:11:32,890 - DEBUG - Marking up chromosome KI270727.1
2022-10-12 20:11:32,897 - DEBUG - Marking up chromosome KI270442.1
2022-10-12 20:11:32,897 - WARNING - The .bam file refers to a chromosome 'KI270442.1+' not present in the annotation (.gtf) file
2022-10-12 20:11:32,897 - WARNING - The .bam file refers to a chromosome 'KI270442.1-' not present in the annotation (.gtf) file
2022-10-12 20:11:32,932 - DEBUG - Marking up chromosome KI270729.1
2022-10-12 20:11:32,932 - WARNING - The .bam file refers to a chromosome 'KI270729.1+' not present in the annotation (.gtf) file
2022-10-12 20:11:32,932 - WARNING - The .bam file refers to a chromosome 'KI270729.1-' not present in the annotation (.gtf) file
2022-10-12 20:11:32,935 - DEBUG - Marking up chromosome GL000225.1
2022-10-12 20:11:32,935 - WARNING - The .bam file refers to a chromosome 'GL000225.1+' not present in the annotation (.gtf) file
2022-10-12 20:11:32,935 - WARNING - The .bam file refers to a chromosome 'GL000225.1-' not present in the annotation (.gtf) file
2022-10-12 20:11:32,935 - DEBUG - Marking up chromosome KI270743.1
2022-10-12 20:11:32,935 - WARNING - The .bam file refers to a chromosome 'KI270743.1+' not present in the annotation (.gtf) file
2022-10-12 20:11:32,935 - WARNING - The .bam file refers to a chromosome 'KI270743.1-' not present in the annotation (.gtf) file
2022-10-12 20:11:32,941 - DEBUG - Marking up chromosome GL000008.2
2022-10-12 20:11:32,941 - WARNING - The .bam file refers to a chromosome 'GL000008.2+' not present in the annotation (.gtf) file
2022-10-12 20:11:32,941 - WARNING - The .bam file refers to a chromosome 'GL000008.2-' not present in the annotation (.gtf) file
2022-10-12 20:11:32,949 - DEBUG - Marking up chromosome GL000009.2
2022-10-12 20:11:32,949 - WARNING - The .bam file refers to a chromosome 'GL000009.2+' not present in the annotation (.gtf) file
2022-10-12 20:11:32,955 - DEBUG - Marking up chromosome KI270747.1
2022-10-12 20:11:32,955 - WARNING - The .bam file refers to a chromosome 'KI270747.1+' not present in the annotation (.gtf) file
2022-10-12 20:11:32,955 - WARNING - The .bam file refers to a chromosome 'KI270747.1-' not present in the annotation (.gtf) file
2022-10-12 20:11:32,956 - DEBUG - Marking up chromosome KI270722.1
2022-10-12 20:11:32,956 - WARNING - The .bam file refers to a chromosome 'KI270722.1+' not present in the annotation (.gtf) file
2022-10-12 20:11:32,956 - WARNING - The .bam file refers to a chromosome 'KI270722.1-' not present in the annotation (.gtf) file
2022-10-12 20:11:32,957 - DEBUG - Marking up chromosome GL000194.1
2022-10-12 20:11:32,957 - WARNING - The .bam file refers to a chromosome 'GL000194.1+' not present in the annotation (.gtf) file
2022-10-12 20:11:33,069 - DEBUG - Marking up chromosome KI270742.1
2022-10-12 20:11:33,070 - WARNING - The .bam file refers to a chromosome 'KI270742.1+' not present in the annotation (.gtf) file
2022-10-12 20:11:33,070 - WARNING - The .bam file refers to a chromosome 'KI270742.1-' not present in the annotation (.gtf) file
2022-10-12 20:11:33,144 - DEBUG - Marking up chromosome GL000205.2
2022-10-12 20:11:33,144 - WARNING - The .bam file refers to a chromosome 'GL000205.2+' not present in the annotation (.gtf) file
2022-10-12 20:11:33,402 - DEBUG - Marking up chromosome GL000195.1
2022-10-12 20:11:34,426 - DEBUG - Marking up chromosome KI270736.1
2022-10-12 20:11:34,426 - WARNING - The .bam file refers to a chromosome 'KI270736.1+' not present in the annotation (.gtf) file
2022-10-12 20:11:34,426 - WARNING - The .bam file refers to a chromosome 'KI270736.1-' not present in the annotation (.gtf) file
2022-10-12 20:11:34,426 - DEBUG - Marking up chromosome KI270733.1
2022-10-12 20:11:34,426 - WARNING - The .bam file refers to a chromosome 'KI270733.1+' not present in the annotation (.gtf) file
2022-10-12 20:11:34,426 - WARNING - The .bam file refers to a chromosome 'KI270733.1-' not present in the annotation (.gtf) file
2022-10-12 20:11:34,845 - DEBUG - Marking up chromosome GL000224.1
2022-10-12 20:11:34,845 - WARNING - The .bam file refers to a chromosome 'GL000224.1+' not present in the annotation (.gtf) file
2022-10-12 20:11:34,845 - WARNING - The .bam file refers to a chromosome 'GL000224.1-' not present in the annotation (.gtf) file
2022-10-12 20:11:34,881 - DEBUG - Marking up chromosome GL000219.1
2022-10-12 20:11:34,882 - WARNING - The .bam file refers to a chromosome 'GL000219.1+' not present in the annotation (.gtf) file
2022-10-12 20:11:35,146 - DEBUG - Marking up chromosome KI270719.1
2022-10-12 20:11:35,146 - WARNING - The .bam file refers to a chromosome 'KI270719.1+' not present in the annotation (.gtf) file
2022-10-12 20:11:35,147 - WARNING - The .bam file refers to a chromosome 'KI270719.1-' not present in the annotation (.gtf) file
2022-10-12 20:11:35,175 - DEBUG - Marking up chromosome GL000216.2
2022-10-12 20:11:35,175 - WARNING - The .bam file refers to a chromosome 'GL000216.2+' not present in the annotation (.gtf) file
2022-10-12 20:11:35,175 - WARNING - The .bam file refers to a chromosome 'GL000216.2-' not present in the annotation (.gtf) file
2022-10-12 20:11:35,175 - DEBUG - Marking up chromosome KI270712.1
2022-10-12 20:11:35,175 - WARNING - The .bam file refers to a chromosome 'KI270712.1+' not present in the annotation (.gtf) file
2022-10-12 20:11:35,175 - WARNING - The .bam file refers to a chromosome 'KI270712.1-' not present in the annotation (.gtf) file
2022-10-12 20:11:35,188 - DEBUG - Marking up chromosome KI270706.1
2022-10-12 20:11:35,188 - WARNING - The .bam file refers to a chromosome 'KI270706.1+' not present in the annotation (.gtf) file
2022-10-12 20:11:35,188 - WARNING - The .bam file refers to a chromosome 'KI270706.1-' not present in the annotation (.gtf) file
2022-10-12 20:11:35,350 - DEBUG - Marking up chromosome KI270725.1
2022-10-12 20:11:35,351 - WARNING - The .bam file refers to a chromosome 'KI270725.1+' not present in the annotation (.gtf) file
2022-10-12 20:11:35,351 - WARNING - The .bam file refers to a chromosome 'KI270725.1-' not present in the annotation (.gtf) file
2022-10-12 20:11:35,354 - DEBUG - Marking up chromosome KI270744.1
2022-10-12 20:11:35,354 - WARNING - The .bam file refers to a chromosome 'KI270744.1+' not present in the annotation (.gtf) file
2022-10-12 20:11:35,354 - WARNING - The .bam file refers to a chromosome 'KI270744.1-' not present in the annotation (.gtf) file
2022-10-12 20:11:35,362 - DEBUG - Marking up chromosome KI270734.1
2022-10-12 20:11:35,375 - DEBUG - Marking up chromosome GL000213.1
2022-10-12 20:11:35,375 - WARNING - The .bam file refers to a chromosome 'GL000213.1+' not present in the annotation (.gtf) file
2022-10-12 20:11:35,375 - DEBUG - Marking up chromosome GL000220.1
2022-10-12 20:11:35,376 - WARNING - The .bam file refers to a chromosome 'GL000220.1+' not present in the annotation (.gtf) file
2022-10-12 20:11:35,376 - WARNING - The .bam file refers to a chromosome 'GL000220.1-' not present in the annotation (.gtf) file
2022-10-12 20:11:37,168 - DEBUG - Read first 740 million reads
2022-10-12 20:11:39,171 - DEBUG - Marking up chromosome KI270715.1
2022-10-12 20:11:39,171 - WARNING - The .bam file refers to a chromosome 'KI270715.1+' not present in the annotation (.gtf) file
2022-10-12 20:11:39,171 - WARNING - The .bam file refers to a chromosome 'KI270715.1-' not present in the annotation (.gtf) file
2022-10-12 20:11:39,172 - DEBUG - Marking up chromosome GL000218.1
2022-10-12 20:11:39,172 - WARNING - The .bam file refers to a chromosome 'GL000218.1+' not present in the annotation (.gtf) file
2022-10-12 20:11:39,180 - DEBUG - Marking up chromosome KI270749.1
2022-10-12 20:11:39,180 - WARNING - The .bam file refers to a chromosome 'KI270749.1+' not present in the annotation (.gtf) file
2022-10-12 20:11:39,180 - WARNING - The .bam file refers to a chromosome 'KI270749.1-' not present in the annotation (.gtf) file
2022-10-12 20:11:39,183 - DEBUG - Marking up chromosome KI270741.1
2022-10-12 20:11:39,184 - WARNING - The .bam file refers to a chromosome 'KI270741.1+' not present in the annotation (.gtf) file
2022-10-12 20:11:39,184 - WARNING - The .bam file refers to a chromosome 'KI270741.1-' not present in the annotation (.gtf) file
2022-10-12 20:11:39,189 - DEBUG - Marking up chromosome GL000221.1
2022-10-12 20:11:39,189 - WARNING - The .bam file refers to a chromosome 'GL000221.1+' not present in the annotation (.gtf) file
2022-10-12 20:11:39,189 - WARNING - The .bam file refers to a chromosome 'GL000221.1-' not present in the annotation (.gtf) file
2022-10-12 20:11:39,261 - DEBUG - Marking up chromosome KI270716.1
2022-10-12 20:11:39,261 - WARNING - The .bam file refers to a chromosome 'KI270716.1+' not present in the annotation (.gtf) file
2022-10-12 20:11:39,261 - WARNING - The .bam file refers to a chromosome 'KI270716.1-' not present in the annotation (.gtf) file
2022-10-12 20:11:39,261 - DEBUG - Marking up chromosome KI270731.1
2022-10-12 20:11:39,262 - WARNING - The .bam file refers to a chromosome 'KI270731.1+' not present in the annotation (.gtf) file
2022-10-12 20:11:39,263 - DEBUG - Marking up chromosome KI270751.1
2022-10-12 20:11:39,263 - WARNING - The .bam file refers to a chromosome 'KI270751.1+' not present in the annotation (.gtf) file
2022-10-12 20:11:39,263 - WARNING - The .bam file refers to a chromosome 'KI270751.1-' not present in the annotation (.gtf) file
2022-10-12 20:11:39,263 - DEBUG - Marking up chromosome KI270750.1
2022-10-12 20:11:39,263 - WARNING - The .bam file refers to a chromosome 'KI270750.1+' not present in the annotation (.gtf) file
2022-10-12 20:11:39,263 - WARNING - The .bam file refers to a chromosome 'KI270750.1-' not present in the annotation (.gtf) file
2022-10-12 20:11:39,264 - DEBUG - Marking up chromosome KI270519.1
2022-10-12 20:11:39,264 - WARNING - The .bam file refers to a chromosome 'KI270519.1+' not present in the annotation (.gtf) file
2022-10-12 20:11:39,264 - WARNING - The .bam file refers to a chromosome 'KI270519.1-' not present in the annotation (.gtf) file
2022-10-12 20:11:39,264 - DEBUG - Marking up chromosome GL000214.1
2022-10-12 20:11:39,264 - WARNING - The .bam file refers to a chromosome 'GL000214.1+' not present in the annotation (.gtf) file
2022-10-12 20:11:39,264 - WARNING - The .bam file refers to a chromosome 'GL000214.1-' not present in the annotation (.gtf) file
2022-10-12 20:11:39,267 - DEBUG - Marking up chromosome KI270708.1
2022-10-12 20:11:39,267 - WARNING - The .bam file refers to a chromosome 'KI270708.1+' not present in the annotation (.gtf) file
2022-10-12 20:11:39,267 - WARNING - The .bam file refers to a chromosome 'KI270708.1-' not present in the annotation (.gtf) file
2022-10-12 20:11:39,268 - DEBUG - Marking up chromosome KI270438.1
2022-10-12 20:11:39,268 - WARNING - The .bam file refers to a chromosome 'KI270438.1+' not present in the annotation (.gtf) file
2022-10-12 20:11:39,268 - WARNING - The .bam file refers to a chromosome 'KI270438.1-' not present in the annotation (.gtf) file
2022-10-12 20:11:39,268 - DEBUG - Marking up chromosome KI270737.1
2022-10-12 20:11:39,268 - WARNING - The .bam file refers to a chromosome 'KI270737.1+' not present in the annotation (.gtf) file
2022-10-12 20:11:39,268 - WARNING - The .bam file refers to a chromosome 'KI270737.1-' not present in the annotation (.gtf) file
2022-10-12 20:11:39,269 - DEBUG - Marking up chromosome KI270721.1
2022-10-12 20:11:39,269 - WARNING - The .bam file refers to a chromosome 'KI270721.1-' not present in the annotation (.gtf) file
2022-10-12 20:11:39,275 - DEBUG - Marking up chromosome KI270738.1
2022-10-12 20:11:39,275 - WARNING - The .bam file refers to a chromosome 'KI270738.1+' not present in the annotation (.gtf) file
2022-10-12 20:11:39,275 - WARNING - The .bam file refers to a chromosome 'KI270738.1-' not present in the annotation (.gtf) file
2022-10-12 20:11:39,281 - DEBUG - Marking up chromosome KI270748.1
2022-10-12 20:11:39,281 - WARNING - The .bam file refers to a chromosome 'KI270748.1+' not present in the annotation (.gtf) file
2022-10-12 20:11:39,281 - WARNING - The .bam file refers to a chromosome 'KI270748.1-' not present in the annotation (.gtf) file
2022-10-12 20:11:39,286 - DEBUG - Marking up chromosome KI270435.1
2022-10-12 20:11:39,286 - WARNING - The .bam file refers to a chromosome 'KI270435.1+' not present in the annotation (.gtf) file
2022-10-12 20:11:39,286 - WARNING - The .bam file refers to a chromosome 'KI270435.1-' not present in the annotation (.gtf) file
2022-10-12 20:11:39,287 - DEBUG - Marking up chromosome GL000208.1
2022-10-12 20:11:39,287 - WARNING - The .bam file refers to a chromosome 'GL000208.1+' not present in the annotation (.gtf) file
2022-10-12 20:11:39,287 - WARNING - The .bam file refers to a chromosome 'GL000208.1-' not present in the annotation (.gtf) file
2022-10-12 20:11:39,288 - DEBUG - Marking up chromosome KI270538.1
2022-10-12 20:11:39,288 - WARNING - The .bam file refers to a chromosome 'KI270538.1+' not present in the annotation (.gtf) file
2022-10-12 20:11:39,288 - WARNING - The .bam file refers to a chromosome 'KI270538.1-' not present in the annotation (.gtf) file
2022-10-12 20:11:39,288 - DEBUG - Marking up chromosome KI270709.1
2022-10-12 20:11:39,288 - WARNING - The .bam file refers to a chromosome 'KI270709.1+' not present in the annotation (.gtf) file
2022-10-12 20:11:39,288 - WARNING - The .bam file refers to a chromosome 'KI270709.1-' not present in the annotation (.gtf) file
2022-10-12 20:11:39,295 - DEBUG - Marking up chromosome KI270746.1
2022-10-12 20:11:39,295 - WARNING - The .bam file refers to a chromosome 'KI270746.1+' not present in the annotation (.gtf) file
2022-10-12 20:11:39,295 - WARNING - The .bam file refers to a chromosome 'KI270746.1-' not present in the annotation (.gtf) file
2022-10-12 20:11:39,297 - DEBUG - Marking up chromosome KI270753.1
2022-10-12 20:11:39,297 - WARNING - The .bam file refers to a chromosome 'KI270753.1+' not present in the annotation (.gtf) file
2022-10-12 20:11:39,297 - WARNING - The .bam file refers to a chromosome 'KI270753.1-' not present in the annotation (.gtf) file
2022-10-12 20:11:39,297 - DEBUG - Marking up chromosome KI270589.1
2022-10-12 20:11:39,297 - WARNING - The .bam file refers to a chromosome 'KI270589.1+' not present in the annotation (.gtf) file
2022-10-12 20:11:39,297 - WARNING - The .bam file refers to a chromosome 'KI270589.1-' not present in the annotation (.gtf) file
2022-10-12 20:11:39,299 - DEBUG - Marking up chromosome KI270726.1
2022-10-12 20:11:39,299 - WARNING - The .bam file refers to a chromosome 'KI270726.1-' not present in the annotation (.gtf) file
2022-10-12 20:11:39,299 - DEBUG - Marking up chromosome KI270735.1
2022-10-12 20:11:39,299 - WARNING - The .bam file refers to a chromosome 'KI270735.1+' not present in the annotation (.gtf) file
2022-10-12 20:11:39,299 - WARNING - The .bam file refers to a chromosome 'KI270735.1-' not present in the annotation (.gtf) file
2022-10-12 20:11:39,300 - DEBUG - Marking up chromosome KI270711.1
2022-10-12 20:11:39,300 - WARNING - The .bam file refers to a chromosome 'KI270711.1+' not present in the annotation (.gtf) file
2022-10-12 20:11:39,372 - DEBUG - Marking up chromosome KI270745.1
2022-10-12 20:11:39,372 - WARNING - The .bam file refers to a chromosome 'KI270745.1+' not present in the annotation (.gtf) file
2022-10-12 20:11:39,373 - WARNING - The .bam file refers to a chromosome 'KI270745.1-' not present in the annotation (.gtf) file
2022-10-12 20:11:39,376 - DEBUG - Marking up chromosome KI270714.1
2022-10-12 20:11:39,376 - WARNING - The .bam file refers to a chromosome 'KI270714.1+' not present in the annotation (.gtf) file
2022-10-12 20:11:39,376 - WARNING - The .bam file refers to a chromosome 'KI270714.1-' not present in the annotation (.gtf) file
2022-10-12 20:11:39,383 - DEBUG - Marking up chromosome KI270732.1
2022-10-12 20:11:39,383 - WARNING - The .bam file refers to a chromosome 'KI270732.1+' not present in the annotation (.gtf) file
2022-10-12 20:11:39,383 - WARNING - The .bam file refers to a chromosome 'KI270732.1-' not present in the annotation (.gtf) file
2022-10-12 20:11:39,384 - DEBUG - Marking up chromosome KI270713.1
2022-10-12 20:11:39,420 - DEBUG - Marking up chromosome KI270710.1
2022-10-12 20:11:39,420 - WARNING - The .bam file refers to a chromosome 'KI270710.1+' not present in the annotation (.gtf) file
2022-10-12 20:11:39,420 - WARNING - The .bam file refers to a chromosome 'KI270710.1-' not present in the annotation (.gtf) file
2022-10-12 20:11:39,421 - DEBUG - Marking up chromosome KI270717.1
2022-10-12 20:11:39,421 - WARNING - The .bam file refers to a chromosome 'KI270717.1+' not present in the annotation (.gtf) file
2022-10-12 20:11:39,421 - WARNING - The .bam file refers to a chromosome 'KI270717.1-' not present in the annotation (.gtf) file
2022-10-12 20:11:39,428 - DEBUG - Marking up chromosome KI270724.1
2022-10-12 20:11:39,428 - WARNING - The .bam file refers to a chromosome 'KI270724.1+' not present in the annotation (.gtf) file
2022-10-12 20:11:39,428 - WARNING - The .bam file refers to a chromosome 'KI270724.1-' not present in the annotation (.gtf) file
2022-10-12 20:11:39,428 - DEBUG - Marking up chromosome KI270720.1
2022-10-12 20:11:39,428 - WARNING - The .bam file refers to a chromosome 'KI270720.1+' not present in the annotation (.gtf) file
2022-10-12 20:11:39,428 - WARNING - The .bam file refers to a chromosome 'KI270720.1-' not present in the annotation (.gtf) file
2022-10-12 20:11:39,429 - DEBUG - Marking up chromosome KI270723.1
2022-10-12 20:11:39,429 - WARNING - The .bam file refers to a chromosome 'KI270723.1+' not present in the annotation (.gtf) file
2022-10-12 20:11:39,429 - WARNING - The .bam file refers to a chromosome 'KI270723.1-' not present in the annotation (.gtf) file
2022-10-12 20:11:39,431 - DEBUG - Marking up chromosome KI270718.1
2022-10-12 20:11:39,431 - WARNING - The .bam file refers to a chromosome 'KI270718.1+' not present in the annotation (.gtf) file
2022-10-12 20:11:39,431 - WARNING - The .bam file refers to a chromosome 'KI270718.1-' not present in the annotation (.gtf) file
2022-10-12 20:11:39,467 - DEBUG - Marking up chromosome KI270740.1
2022-10-12 20:11:39,467 - WARNING - The .bam file refers to a chromosome 'KI270740.1+' not present in the annotation (.gtf) file
2022-10-12 20:11:39,467 - WARNING - The .bam file refers to a chromosome 'KI270740.1-' not present in the annotation (.gtf) file
2022-10-12 20:11:39,467 - DEBUG - Marking up chromosome KI270755.1
2022-10-12 20:11:39,468 - WARNING - The .bam file refers to a chromosome 'KI270755.1+' not present in the annotation (.gtf) file
2022-10-12 20:11:39,468 - WARNING - The .bam file refers to a chromosome 'KI270755.1-' not present in the annotation (.gtf) file
2022-10-12 20:11:39,471 - DEBUG - Marking up chromosome KI270707.1
2022-10-12 20:11:39,471 - WARNING - The .bam file refers to a chromosome 'KI270707.1+' not present in the annotation (.gtf) file
2022-10-12 20:11:39,471 - WARNING - The .bam file refers to a chromosome 'KI270707.1-' not present in the annotation (.gtf) file
2022-10-12 20:11:39,489 - DEBUG - Marking up chromosome KI270512.1
2022-10-12 20:11:39,489 - WARNING - The .bam file refers to a chromosome 'KI270512.1+' not present in the annotation (.gtf) file
2022-10-12 20:11:39,489 - WARNING - The .bam file refers to a chromosome 'KI270512.1-' not present in the annotation (.gtf) file
2022-10-12 20:11:39,489 - DEBUG - Marking up chromosome KI270448.1
2022-10-12 20:11:39,489 - WARNING - The .bam file refers to a chromosome 'KI270448.1+' not present in the annotation (.gtf) file
2022-10-12 20:11:39,489 - WARNING - The .bam file refers to a chromosome 'KI270448.1-' not present in the annotation (.gtf) file
2022-10-12 20:11:39,490 - DEBUG - Marking up chromosome KI270521.1
2022-10-12 20:11:39,490 - WARNING - The .bam file refers to a chromosome 'KI270521.1+' not present in the annotation (.gtf) file
2022-10-12 20:11:39,490 - WARNING - The .bam file refers to a chromosome 'KI270521.1-' not present in the annotation (.gtf) file
2022-10-12 20:11:39,490 - DEBUG - Marking up chromosome KI270515.1
2022-10-12 20:11:39,490 - WARNING - The .bam file refers to a chromosome 'KI270515.1+' not present in the annotation (.gtf) file
2022-10-12 20:11:39,490 - WARNING - The .bam file refers to a chromosome 'KI270515.1-' not present in the annotation (.gtf) file
2022-10-12 20:11:39,490 - DEBUG - Marking up chromosome KI270467.1
2022-10-12 20:11:39,490 - WARNING - The .bam file refers to a chromosome 'KI270467.1+' not present in the annotation (.gtf) file
2022-10-12 20:11:39,490 - WARNING - The .bam file refers to a chromosome 'KI270467.1-' not present in the annotation (.gtf) file
2022-10-12 20:11:39,490 - DEBUG - Marking up chromosome KI270414.1
2022-10-12 20:11:39,490 - WARNING - The .bam file refers to a chromosome 'KI270414.1+' not present in the annotation (.gtf) file
2022-10-12 20:11:39,490 - WARNING - The .bam file refers to a chromosome 'KI270414.1-' not present in the annotation (.gtf) file
2022-10-12 20:11:39,490 - DEBUG - Marking up chromosome KI270508.1
2022-10-12 20:11:39,490 - WARNING - The .bam file refers to a chromosome 'KI270508.1+' not present in the annotation (.gtf) file
2022-10-12 20:11:39,490 - WARNING - The .bam file refers to a chromosome 'KI270508.1-' not present in the annotation (.gtf) file
2022-10-12 20:11:39,490 - DEBUG - Marking up chromosome KI270363.1
2022-10-12 20:11:39,490 - WARNING - The .bam file refers to a chromosome 'KI270363.1+' not present in the annotation (.gtf) file
2022-10-12 20:11:39,490 - WARNING - The .bam file refers to a chromosome 'KI270363.1-' not present in the annotation (.gtf) file
2022-10-12 20:11:39,491 - DEBUG - Marking up chromosome KI270330.1
2022-10-12 20:11:39,491 - WARNING - The .bam file refers to a chromosome 'KI270330.1+' not present in the annotation (.gtf) file
2022-10-12 20:11:39,491 - WARNING - The .bam file refers to a chromosome 'KI270330.1-' not present in the annotation (.gtf) file
2022-10-12 20:11:39,494 - DEBUG - Marking up chromosome KI270466.1
2022-10-12 20:11:39,494 - WARNING - The .bam file refers to a chromosome 'KI270466.1+' not present in the annotation (.gtf) file
2022-10-12 20:11:39,494 - WARNING - The .bam file refers to a chromosome 'KI270466.1-' not present in the annotation (.gtf) file
2022-10-12 20:11:39,494 - DEBUG - Marking up chromosome KI270310.1
2022-10-12 20:11:39,494 - WARNING - The .bam file refers to a chromosome 'KI270310.1+' not present in the annotation (.gtf) file
2022-10-12 20:11:39,494 - WARNING - The .bam file refers to a chromosome 'KI270310.1-' not present in the annotation (.gtf) file
2022-10-12 20:11:55,415 - DEBUG - Read first 750 million reads
2022-10-12 20:12:13,015 - DEBUG - Read first 760 million reads
2022-10-12 20:12:31,270 - DEBUG - Read first 770 million reads
2022-10-12 20:12:31,574 - DEBUG - End of file. Reset index: start scanning from initial position.
2022-10-12 20:12:31,574 - DEBUG - 39655906 reads were skipped because no apropiate cell or umi barcode was found
2022-10-12 20:12:31,574 - DEBUG - Start molecule counting!
2022-10-12 20:12:35,292 - DEBUG - Features available for chromosomes : ['GL000009.2-', 'GL000194.1-', 'GL000195.1-', 'GL000195.1+', 'GL000205.2-', 'GL000213.1-', 'GL000218.1-', 'GL000219.1-', 'KI270711.1-', 'KI270713.1-', 'KI270713.1+', 'KI270721.1+', 'KI270726.1+', 'KI270727.1-', 'KI270727.1+', 'KI270728.1-', 'KI270728.1+', 'KI270731.1-', 'KI270734.1-', 'KI270734.1+', '1-', '1+', '10-', '10+', '11-', '11+', '12-', '12+', '13-', '13+', '14-', '14+', '15-', '15+', '16-', '16+', '17-', '17+', '18-', '18+', '19-', '19+', '2-', '2+', '20-', '20+', '21-', '21+', '22-', '22+', '3-', '3+', '4-', '4+', '5-', '5+', '6-', '6+', '7-', '7+', '8-', '8+', '9-', '9+', 'M-', 'M+', 'X-', 'X+', 'Y-', 'Y+']
2022-10-12 20:12:35,292 - DEBUG - Mask available for chromosomes : []
2022-10-12 20:12:35,292 - DEBUG - Summarizing the results of intron validation.
2022-10-12 20:12:36,023 - DEBUG - Validated 754876 introns (of which unique intervals 234687) out of 1106199 total possible introns (considering each possible transcript models).
2022-10-12 20:12:36,024 - DEBUG - Reading /storage/singlecell/zz4/fetal_bash/data/Retina_fetal/Multi_Fetal_20W2d_FR/outs/cellsorted_gex_possorted_bam.bam
2022-10-12 20:12:36,088 - DEBUG - Read first 0 million reads
2022-10-12 20:13:18,387 - DEBUG - Read first 10 million reads
2022-10-12 20:14:03,821 - DEBUG - Read first 20 million reads
2022-10-12 20:14:47,059 - DEBUG - Read first 30 million reads
2022-10-12 20:15:30,829 - DEBUG - Read first 40 million reads
2022-10-12 20:16:52,147 - DEBUG - Counting for batch 1, containing 100 cells and 4208303 reads
2022-10-12 20:19:36,064 - DEBUG - 0 reads not considered because fully enclosed in repeat masked regions
2022-10-12 20:20:23,870 - DEBUG - Read first 50 million reads
2022-10-12 20:21:39,506 - DEBUG - Counting for batch 2, containing 100 cells and 5849672 reads
2022-10-12 20:25:51,403 - DEBUG - 0 reads not considered because fully enclosed in repeat masked regions
2022-10-12 20:27:22,800 - DEBUG - Read first 60 million reads
2022-10-12 20:27:33,411 - DEBUG - Counting for batch 3, containing 100 cells and 3877402 reads
2022-10-12 20:30:18,489 - DEBUG - 0 reads not considered because fully enclosed in repeat masked regions
2022-10-12 20:31:55,930 - DEBUG - Counting for batch 4, containing 100 cells and 4946892 reads
2022-10-12 20:35:21,894 - DEBUG - 0 reads not considered because fully enclosed in repeat masked regions
2022-10-12 20:36:25,857 - DEBUG - Read first 70 million reads
2022-10-12 20:36:53,541 - DEBUG - Counting for batch 5, containing 100 cells and 4206337 reads
2022-10-12 20:39:25,062 - DEBUG - 0 reads not considered because fully enclosed in repeat masked regions
2022-10-12 20:41:04,925 - DEBUG - Counting for batch 6, containing 100 cells and 4385633 reads
2022-10-12 20:43:48,562 - DEBUG - 0 reads not considered because fully enclosed in repeat masked regions
2022-10-12 20:44:43,525 - DEBUG - Read first 80 million reads
2022-10-12 20:45:32,773 - DEBUG - Counting for batch 7, containing 100 cells and 4295344 reads
2022-10-12 20:48:23,591 - DEBUG - 0 reads not considered because fully enclosed in repeat masked regions
2022-10-12 20:49:48,275 - DEBUG - Read first 90 million reads
2022-10-12 20:49:58,774 - DEBUG - Counting for batch 8, containing 100 cells and 4331318 reads
2022-10-12 20:52:54,940 - DEBUG - 0 reads not considered because fully enclosed in repeat masked regions
2022-10-12 20:54:38,784 - DEBUG - Counting for batch 9, containing 100 cells and 4285070 reads
2022-10-12 20:57:22,764 - DEBUG - 0 reads not considered because fully enclosed in repeat masked regions
2022-10-12 20:58:32,972 - DEBUG - Read first 100 million reads
2022-10-12 20:58:44,065 - DEBUG - Counting for batch 10, containing 100 cells and 3143849 reads
2022-10-12 21:00:49,211 - DEBUG - 0 reads not considered because fully enclosed in repeat masked regions
2022-10-12 21:02:33,622 - DEBUG - Counting for batch 11, containing 100 cells and 5309855 reads
2022-10-12 21:06:09,427 - DEBUG - 0 reads not considered because fully enclosed in repeat masked regions
2022-10-12 21:07:16,515 - DEBUG - Read first 110 million reads
2022-10-12 21:07:51,366 - DEBUG - Counting for batch 12, containing 100 cells and 3778847 reads
2022-10-12 21:10:17,236 - DEBUG - 0 reads not considered because fully enclosed in repeat masked regions
2022-10-12 21:11:54,544 - DEBUG - Counting for batch 13, containing 100 cells and 4603380 reads
2022-10-12 21:14:57,850 - DEBUG - 0 reads not considered because fully enclosed in repeat masked regions
2022-10-12 21:15:48,160 - DEBUG - Read first 120 million reads
2022-10-12 21:16:19,927 - DEBUG - Counting for batch 14, containing 100 cells and 3253450 reads
2022-10-12 21:18:23,924 - DEBUG - 0 reads not considered because fully enclosed in repeat masked regions
2022-10-12 21:19:42,958 - DEBUG - Counting for batch 15, containing 100 cells and 3459263 reads
2022-10-12 21:21:49,013 - DEBUG - 0 reads not considered because fully enclosed in repeat masked regions
2022-10-12 21:22:29,383 - DEBUG - Read first 130 million reads
2022-10-12 21:23:27,329 - DEBUG - Counting for batch 16, containing 100 cells and 4956064 reads
2022-10-12 21:26:30,389 - DEBUG - 0 reads not considered because fully enclosed in repeat masked regions
2022-10-12 21:27:53,061 - DEBUG - Counting for batch 17, containing 100 cells and 3272317 reads
2022-10-12 21:29:51,485 - DEBUG - 0 reads not considered because fully enclosed in repeat masked regions
2022-10-12 21:30:23,035 - DEBUG - Read first 140 million reads
2022-10-12 21:31:14,992 - DEBUG - Counting for batch 18, containing 100 cells and 3643264 reads
2022-10-12 21:33:37,542 - DEBUG - 0 reads not considered because fully enclosed in repeat masked regions
2022-10-12 21:34:53,548 - DEBUG - Counting for batch 19, containing 100 cells and 3384253 reads
2022-10-12 21:37:05,822 - DEBUG - 0 reads not considered because fully enclosed in repeat masked regions
2022-10-12 21:37:43,075 - DEBUG - Read first 150 million reads
2022-10-12 21:38:20,374 - DEBUG - Counting for batch 20, containing 100 cells and 3577662 reads
2022-10-12 21:40:26,401 - DEBUG - 0 reads not considered because fully enclosed in repeat masked regions
2022-10-12 21:41:35,992 - DEBUG - Counting for batch 21, containing 100 cells and 3077395 reads
2022-10-12 21:43:24,099 - DEBUG - 0 reads not considered because fully enclosed in repeat masked regions
2022-10-12 21:44:09,430 - DEBUG - Read first 160 million reads
2022-10-12 21:44:35,327 - DEBUG - Counting for batch 22, containing 100 cells and 3570327 reads
2022-10-12 21:46:43,193 - DEBUG - 0 reads not considered because fully enclosed in repeat masked regions
2022-10-12 21:48:03,229 - DEBUG - Counting for batch 23, containing 100 cells and 3335795 reads
2022-10-12 21:50:12,292 - DEBUG - 0 reads not considered because fully enclosed in repeat masked regions
2022-10-12 21:51:14,524 - DEBUG - Read first 170 million reads
2022-10-12 21:51:32,725 - DEBUG - Counting for batch 24, containing 100 cells and 3611306 reads
2022-10-12 21:54:34,670 - DEBUG - 0 reads not considered because fully enclosed in repeat masked regions
2022-10-12 21:56:08,884 - DEBUG - Counting for batch 25, containing 100 cells and 3753143 reads
2022-10-12 21:58:35,136 - DEBUG - 0 reads not considered because fully enclosed in repeat masked regions
2022-10-12 21:59:42,724 - DEBUG - Read first 180 million reads
2022-10-12 21:59:49,837 - DEBUG - Counting for batch 26, containing 100 cells and 3149808 reads
2022-10-12 22:01:50,498 - DEBUG - 0 reads not considered because fully enclosed in repeat masked regions
2022-10-12 22:03:26,987 - DEBUG - Counting for batch 27, containing 100 cells and 4784240 reads
2022-10-12 22:06:40,391 - DEBUG - 0 reads not considered because fully enclosed in repeat masked regions
2022-10-12 22:07:52,019 - DEBUG - Read first 190 million reads
2022-10-12 22:08:20,495 - DEBUG - Counting for batch 28, containing 100 cells and 3619916 reads
2022-10-12 22:10:34,962 - DEBUG - 0 reads not considered because fully enclosed in repeat masked regions
2022-10-12 22:11:43,714 - DEBUG - Counting for batch 29, containing 100 cells and 3096442 reads
2022-10-12 22:13:37,991 - DEBUG - 0 reads not considered because fully enclosed in repeat masked regions
2022-10-12 22:14:32,663 - DEBUG - Read first 200 million reads
2022-10-12 22:15:02,888 - DEBUG - Counting for batch 30, containing 100 cells and 4377354 reads
2022-10-12 22:18:07,869 - DEBUG - 0 reads not considered because fully enclosed in repeat masked regions
2022-10-12 22:19:34,689 - DEBUG - Counting for batch 31, containing 100 cells and 4433921 reads
2022-10-12 22:22:22,310 - DEBUG - 0 reads not considered because fully enclosed in repeat masked regions
2022-10-12 22:23:15,628 - DEBUG - Read first 210 million reads
2022-10-12 22:24:01,176 - DEBUG - Counting for batch 32, containing 100 cells and 4929463 reads
2022-10-12 22:26:57,839 - DEBUG - 0 reads not considered because fully enclosed in repeat masked regions
2022-10-12 22:28:47,456 - DEBUG - Counting for batch 33, containing 100 cells and 4591173 reads
2022-10-12 22:31:38,612 - DEBUG - 0 reads not considered because fully enclosed in repeat masked regions
2022-10-12 22:32:11,378 - DEBUG - Read first 220 million reads
2022-10-12 22:33:17,433 - DEBUG - Counting for batch 34, containing 100 cells and 4457967 reads
2022-10-12 22:36:16,006 - DEBUG - 0 reads not considered because fully enclosed in repeat masked regions
2022-10-12 22:37:36,793 - DEBUG - Read first 230 million reads
2022-10-12 22:37:40,151 - DEBUG - Counting for batch 35, containing 100 cells and 3760484 reads
2022-10-12 22:39:52,005 - DEBUG - 0 reads not considered because fully enclosed in repeat masked regions
2022-10-12 22:41:00,876 - DEBUG - Counting for batch 36, containing 100 cells and 3983743 reads
2022-10-12 22:43:04,051 - DEBUG - 0 reads not considered because fully enclosed in repeat masked regions
2022-10-12 22:44:08,921 - DEBUG - Read first 240 million reads
2022-10-12 22:44:21,858 - DEBUG - Counting for batch 37, containing 100 cells and 3894207 reads
2022-10-12 22:46:30,052 - DEBUG - 0 reads not considered because fully enclosed in repeat masked regions
2022-10-12 22:47:52,048 - DEBUG - Counting for batch 38, containing 100 cells and 4297998 reads
2022-10-12 22:50:04,127 - DEBUG - 0 reads not considered because fully enclosed in repeat masked regions
2022-10-12 22:50:59,712 - DEBUG - Read first 250 million reads
2022-10-12 22:51:15,633 - DEBUG - Counting for batch 39, containing 100 cells and 3479286 reads
2022-10-12 22:53:05,461 - DEBUG - 0 reads not considered because fully enclosed in repeat masked regions
2022-10-12 22:54:32,585 - DEBUG - Counting for batch 40, containing 100 cells and 4231432 reads
2022-10-12 22:56:57,063 - DEBUG - 0 reads not considered because fully enclosed in repeat masked regions
2022-10-12 22:57:54,712 - DEBUG - Read first 260 million reads
2022-10-12 22:58:03,466 - DEBUG - Counting for batch 41, containing 100 cells and 3208956 reads
2022-10-12 22:59:45,061 - DEBUG - 0 reads not considered because fully enclosed in repeat masked regions
2022-10-12 23:01:10,794 - DEBUG - Counting for batch 42, containing 100 cells and 4485402 reads
2022-10-12 23:03:24,969 - DEBUG - 0 reads not considered because fully enclosed in repeat masked regions
2022-10-12 23:04:21,024 - DEBUG - Read first 270 million reads
2022-10-12 23:04:38,365 - DEBUG - Counting for batch 43, containing 100 cells and 3767895 reads
2022-10-12 23:06:38,666 - DEBUG - 0 reads not considered because fully enclosed in repeat masked regions
2022-10-12 23:07:49,453 - DEBUG - Counting for batch 44, containing 100 cells and 4099660 reads
2022-10-12 23:09:56,793 - DEBUG - 0 reads not considered because fully enclosed in repeat masked regions
2022-10-12 23:10:43,058 - DEBUG - Read first 280 million reads
2022-10-12 23:11:17,174 - DEBUG - Counting for batch 45, containing 100 cells and 4020298 reads
2022-10-12 23:13:22,961 - DEBUG - 0 reads not considered because fully enclosed in repeat masked regions
2022-10-12 23:14:34,512 - DEBUG - Counting for batch 46, containing 100 cells and 3672421 reads
2022-10-12 23:16:27,265 - DEBUG - 0 reads not considered because fully enclosed in repeat masked regions
2022-10-12 23:17:04,122 - DEBUG - Read first 290 million reads
2022-10-12 23:17:33,388 - DEBUG - Counting for batch 47, containing 100 cells and 3631279 reads
2022-10-12 23:19:22,720 - DEBUG - 0 reads not considered because fully enclosed in repeat masked regions
2022-10-12 23:20:45,817 - DEBUG - Counting for batch 48, containing 100 cells and 4692915 reads
2022-10-12 23:23:06,986 - DEBUG - 0 reads not considered because fully enclosed in repeat masked regions
2022-10-12 23:23:43,490 - DEBUG - Read first 300 million reads
2022-10-12 23:24:26,426 - DEBUG - Counting for batch 49, containing 100 cells and 4267225 reads
2022-10-12 23:26:36,990 - DEBUG - 0 reads not considered because fully enclosed in repeat masked regions
2022-10-12 23:27:55,604 - DEBUG - Read first 310 million reads
2022-10-12 23:28:01,148 - DEBUG - Counting for batch 50, containing 100 cells and 4801092 reads
2022-10-12 23:30:25,029 - DEBUG - 0 reads not considered because fully enclosed in repeat masked regions
2022-10-12 23:31:34,497 - DEBUG - Counting for batch 51, containing 100 cells and 3255393 reads
2022-10-12 23:33:14,983 - DEBUG - 0 reads not considered because fully enclosed in repeat masked regions
2022-10-12 23:34:10,510 - DEBUG - Counting for batch 52, containing 100 cells and 3336139 reads
2022-10-12 23:35:53,834 - DEBUG - 0 reads not considered because fully enclosed in repeat masked regions
2022-10-12 23:36:25,706 - DEBUG - Read first 320 million reads
2022-10-12 23:37:06,125 - DEBUG - Counting for batch 53, containing 100 cells and 3925753 reads
2022-10-12 23:39:15,057 - DEBUG - 0 reads not considered because fully enclosed in repeat masked regions
2022-10-12 23:40:18,054 - DEBUG - Counting for batch 54, containing 100 cells and 3817022 reads
2022-10-12 23:42:22,797 - DEBUG - 0 reads not considered because fully enclosed in repeat masked regions
2022-10-12 23:42:53,902 - DEBUG - Read first 330 million reads
2022-10-12 23:43:21,856 - DEBUG - Counting for batch 55, containing 100 cells and 3442306 reads
2022-10-12 23:45:11,961 - DEBUG - 0 reads not considered because fully enclosed in repeat masked regions
2022-10-12 23:46:20,519 - DEBUG - Counting for batch 56, containing 100 cells and 3805097 reads
2022-10-12 23:48:26,134 - DEBUG - 0 reads not considered because fully enclosed in repeat masked regions
2022-10-12 23:49:00,567 - DEBUG - Read first 340 million reads
2022-10-12 23:49:36,201 - DEBUG - Counting for batch 57, containing 100 cells and 3716269 reads
2022-10-12 23:51:34,493 - DEBUG - 0 reads not considered because fully enclosed in repeat masked regions
2022-10-12 23:52:31,237 - DEBUG - Counting for batch 58, containing 100 cells and 3193344 reads
2022-10-12 23:54:14,493 - DEBUG - 0 reads not considered because fully enclosed in repeat masked regions
2022-10-12 23:54:51,429 - DEBUG - Read first 350 million reads
2022-10-12 23:55:34,970 - DEBUG - Counting for batch 59, containing 100 cells and 5624132 reads
2022-10-12 23:58:31,016 - DEBUG - 0 reads not considered because fully enclosed in repeat masked regions
2022-10-12 23:59:44,029 - DEBUG - Counting for batch 60, containing 100 cells and 3418732 reads
2022-10-13 00:01:26,789 - DEBUG - 0 reads not considered because fully enclosed in repeat masked regions
2022-10-13 00:01:51,277 - DEBUG - Read first 360 million reads
2022-10-13 00:02:38,772 - DEBUG - Counting for batch 61, containing 100 cells and 4153053 reads
2022-10-13 00:04:49,859 - DEBUG - 0 reads not considered because fully enclosed in repeat masked regions
2022-10-13 00:05:53,226 - DEBUG - Read first 370 million reads
2022-10-13 00:05:59,002 - DEBUG - Counting for batch 62, containing 100 cells and 4067883 reads
2022-10-13 00:08:11,054 - DEBUG - 0 reads not considered because fully enclosed in repeat masked regions
2022-10-13 00:09:26,147 - DEBUG - Counting for batch 63, containing 100 cells and 4211372 reads
2022-10-13 00:11:50,893 - DEBUG - 0 reads not considered because fully enclosed in repeat masked regions
2022-10-13 00:12:58,937 - DEBUG - Read first 380 million reads
2022-10-13 00:13:25,113 - DEBUG - Counting for batch 64, containing 100 cells and 5035349 reads
2022-10-13 00:15:57,767 - DEBUG - 0 reads not considered because fully enclosed in repeat masked regions
2022-10-13 00:17:29,762 - DEBUG - Counting for batch 65, containing 100 cells and 5076474 reads
2022-10-13 00:20:07,299 - DEBUG - 0 reads not considered because fully enclosed in repeat masked regions
2022-10-13 00:20:49,387 - DEBUG - Read first 390 million reads
2022-10-13 00:21:13,864 - DEBUG - Counting for batch 66, containing 100 cells and 3339489 reads
2022-10-13 00:22:56,648 - DEBUG - 0 reads not considered because fully enclosed in repeat masked regions
2022-10-13 00:23:54,340 - DEBUG - Counting for batch 67, containing 100 cells and 3296924 reads
2022-10-13 00:25:34,488 - DEBUG - 0 reads not considered because fully enclosed in repeat masked regions
2022-10-13 00:26:15,605 - DEBUG - Read first 400 million reads
2022-10-13 00:26:38,547 - DEBUG - Counting for batch 68, containing 100 cells and 3465154 reads
2022-10-13 00:28:31,755 - DEBUG - 0 reads not considered because fully enclosed in repeat masked regions
2022-10-13 00:29:26,506 - DEBUG - Counting for batch 69, containing 100 cells and 3267784 reads
2022-10-13 00:31:08,055 - DEBUG - 0 reads not considered because fully enclosed in repeat masked regions
2022-10-13 00:31:55,058 - DEBUG - Read first 410 million reads
2022-10-13 00:32:19,708 - DEBUG - Counting for batch 70, containing 100 cells and 4284200 reads
2022-10-13 00:34:26,046 - DEBUG - 0 reads not considered because fully enclosed in repeat masked regions
2022-10-13 00:35:51,549 - DEBUG - Counting for batch 71, containing 100 cells and 4642516 reads
2022-10-13 00:38:15,025 - DEBUG - 0 reads not considered because fully enclosed in repeat masked regions
2022-10-13 00:38:58,116 - DEBUG - Read first 420 million reads
2022-10-13 00:39:37,494 - DEBUG - Counting for batch 72, containing 100 cells and 4102853 reads
2022-10-13 00:41:47,618 - DEBUG - 0 reads not considered because fully enclosed in repeat masked regions
2022-10-13 00:42:48,337 - DEBUG - Counting for batch 73, containing 100 cells and 2762591 reads
2022-10-13 00:44:14,635 - DEBUG - 0 reads not considered because fully enclosed in repeat masked regions
2022-10-13 00:44:46,673 - DEBUG - Read first 430 million reads
2022-10-13 00:45:19,894 - DEBUG - Counting for batch 74, containing 100 cells and 4081657 reads
2022-10-13 00:47:25,014 - DEBUG - 0 reads not considered because fully enclosed in repeat masked regions
2022-10-13 00:48:42,274 - DEBUG - Counting for batch 75, containing 100 cells and 4119471 reads
2022-10-13 00:50:58,095 - DEBUG - 0 reads not considered because fully enclosed in repeat masked regions
2022-10-13 00:51:31,923 - DEBUG - Read first 440 million reads
2022-10-13 00:51:54,806 - DEBUG - Counting for batch 76, containing 100 cells and 3102804 reads
2022-10-13 00:53:33,799 - DEBUG - 0 reads not considered because fully enclosed in repeat masked regions
2022-10-13 00:54:30,176 - DEBUG - Counting for batch 77, containing 100 cells and 2952418 reads
2022-10-13 00:56:01,349 - DEBUG - 0 reads not considered because fully enclosed in repeat masked regions
2022-10-13 00:56:46,547 - DEBUG - Read first 450 million reads
2022-10-13 00:57:14,842 - DEBUG - Counting for batch 78, containing 100 cells and 4250068 reads
2022-10-13 00:59:28,419 - DEBUG - 0 reads not considered because fully enclosed in repeat masked regions
2022-10-13 01:00:32,924 - DEBUG - Counting for batch 79, containing 100 cells and 3180339 reads
2022-10-13 01:02:24,387 - DEBUG - 0 reads not considered because fully enclosed in repeat masked regions
2022-10-13 01:03:05,195 - DEBUG - Read first 460 million reads
2022-10-13 01:03:29,475 - DEBUG - Counting for batch 80, containing 100 cells and 4105396 reads
2022-10-13 01:05:38,689 - DEBUG - 0 reads not considered because fully enclosed in repeat masked regions
2022-10-13 01:06:41,480 - DEBUG - Counting for batch 81, containing 100 cells and 2803552 reads
2022-10-13 01:08:10,543 - DEBUG - 0 reads not considered because fully enclosed in repeat masked regions
2022-10-13 01:08:53,902 - DEBUG - Read first 470 million reads
2022-10-13 01:09:24,070 - DEBUG - Counting for batch 82, containing 100 cells and 4830282 reads
2022-10-13 01:12:12,510 - DEBUG - 0 reads not considered because fully enclosed in repeat masked regions
2022-10-13 01:13:22,069 - DEBUG - Counting for batch 83, containing 100 cells and 3393860 reads
2022-10-13 01:15:11,307 - DEBUG - 0 reads not considered because fully enclosed in repeat masked regions
2022-10-13 01:15:55,705 - DEBUG - Read first 480 million reads
2022-10-13 01:16:29,585 - DEBUG - Counting for batch 84, containing 100 cells and 4836296 reads
2022-10-13 01:19:17,286 - DEBUG - 0 reads not considered because fully enclosed in repeat masked regions
2022-10-13 01:20:38,306 - DEBUG - Counting for batch 85, containing 100 cells and 3816028 reads
2022-10-13 01:22:49,695 - DEBUG - 0 reads not considered because fully enclosed in repeat masked regions
2022-10-13 01:23:29,519 - DEBUG - Read first 490 million reads
2022-10-13 01:24:07,247 - DEBUG - Counting for batch 86, containing 100 cells and 3947793 reads
2022-10-13 01:26:17,610 - DEBUG - 0 reads not considered because fully enclosed in repeat masked regions
2022-10-13 01:27:22,251 - DEBUG - Counting for batch 87, containing 100 cells and 3570809 reads
2022-10-13 01:29:19,019 - DEBUG - 0 reads not considered because fully enclosed in repeat masked regions
2022-10-13 01:30:02,561 - DEBUG - Read first 500 million reads
2022-10-13 01:30:30,569 - DEBUG - Counting for batch 88, containing 100 cells and 3855041 reads
2022-10-13 01:32:36,966 - DEBUG - 0 reads not considered because fully enclosed in repeat masked regions
2022-10-13 01:33:38,517 - DEBUG - Counting for batch 89, containing 100 cells and 2889652 reads
2022-10-13 01:35:12,105 - DEBUG - 0 reads not considered because fully enclosed in repeat masked regions
2022-10-13 01:35:55,702 - DEBUG - Read first 510 million reads
2022-10-13 01:36:27,694 - DEBUG - Counting for batch 90, containing 100 cells and 4830243 reads
2022-10-13 01:39:01,856 - DEBUG - 0 reads not considered because fully enclosed in repeat masked regions
2022-10-13 01:40:13,698 - DEBUG - Counting for batch 91, containing 100 cells and 3504167 reads
2022-10-13 01:42:05,322 - DEBUG - 0 reads not considered because fully enclosed in repeat masked regions
2022-10-13 01:42:54,032 - DEBUG - Read first 520 million reads
2022-10-13 01:43:12,962 - DEBUG - Counting for batch 92, containing 100 cells and 3566900 reads
2022-10-13 01:45:05,798 - DEBUG - 0 reads not considered because fully enclosed in repeat masked regions
2022-10-13 01:46:02,050 - DEBUG - Counting for batch 93, containing 100 cells and 3222541 reads
2022-10-13 01:47:43,052 - DEBUG - 0 reads not considered because fully enclosed in repeat masked regions
2022-10-13 01:48:49,129 - DEBUG - Read first 530 million reads
2022-10-13 01:49:04,280 - DEBUG - Counting for batch 94, containing 100 cells and 4259207 reads
2022-10-13 01:51:17,496 - DEBUG - 0 reads not considered because fully enclosed in repeat masked regions
2022-10-13 01:52:20,586 - DEBUG - Counting for batch 95, containing 100 cells and 3923192 reads
2022-10-13 01:54:19,234 - DEBUG - 0 reads not considered because fully enclosed in repeat masked regions
2022-10-13 01:55:16,955 - DEBUG - Read first 540 million reads
2022-10-13 01:55:34,033 - DEBUG - Counting for batch 96, containing 100 cells and 4147522 reads
2022-10-13 01:57:43,552 - DEBUG - 0 reads not considered because fully enclosed in repeat masked regions
2022-10-13 01:58:49,290 - DEBUG - Counting for batch 97, containing 100 cells and 3845579 reads
2022-10-13 02:00:44,653 - DEBUG - 0 reads not considered because fully enclosed in repeat masked regions
2022-10-13 02:01:41,477 - DEBUG - Read first 550 million reads
2022-10-13 02:01:53,544 - DEBUG - Counting for batch 98, containing 100 cells and 3782624 reads
2022-10-13 02:03:56,110 - DEBUG - 0 reads not considered because fully enclosed in repeat masked regions
2022-10-13 02:05:01,995 - DEBUG - Counting for batch 99, containing 100 cells and 3823870 reads
2022-10-13 02:06:57,183 - DEBUG - 0 reads not considered because fully enclosed in repeat masked regions
2022-10-13 02:07:52,409 - DEBUG - Read first 560 million reads
2022-10-13 02:07:57,575 - DEBUG - Counting for batch 100, containing 100 cells and 3239208 reads
2022-10-13 02:09:37,910 - DEBUG - 0 reads not considered because fully enclosed in repeat masked regions
2022-10-13 02:10:42,543 - DEBUG - Counting for batch 101, containing 100 cells and 3413218 reads
2022-10-13 02:12:28,281 - DEBUG - 0 reads not considered because fully enclosed in repeat masked regions
2022-10-13 02:13:25,636 - DEBUG - Counting for batch 102, containing 100 cells and 2958765 reads
2022-10-13 02:15:00,746 - DEBUG - 0 reads not considered because fully enclosed in repeat masked regions
2022-10-13 02:15:24,560 - DEBUG - Read first 570 million reads
2022-10-13 02:15:54,317 - DEBUG - Counting for batch 103, containing 100 cells and 2879914 reads
2022-10-13 02:17:27,311 - DEBUG - 0 reads not considered because fully enclosed in repeat masked regions
2022-10-13 02:18:23,936 - DEBUG - Counting for batch 104, containing 100 cells and 3198817 reads
2022-10-13 02:20:02,805 - DEBUG - 0 reads not considered because fully enclosed in repeat masked regions
2022-10-13 02:20:34,056 - DEBUG - Read first 580 million reads
2022-10-13 02:21:04,557 - DEBUG - Counting for batch 105, containing 100 cells and 3852677 reads
2022-10-13 02:23:06,918 - DEBUG - 0 reads not considered because fully enclosed in repeat masked regions
2022-10-13 02:24:08,558 - DEBUG - Counting for batch 106, containing 100 cells and 3439756 reads
2022-10-13 02:25:53,574 - DEBUG - 0 reads not considered because fully enclosed in repeat masked regions
2022-10-13 02:26:29,679 - DEBUG - Read first 590 million reads
2022-10-13 02:27:01,607 - DEBUG - Counting for batch 107, containing 100 cells and 3993981 reads
2022-10-13 02:29:05,846 - DEBUG - 0 reads not considered because fully enclosed in repeat masked regions
2022-10-13 02:30:15,348 - DEBUG - Counting for batch 108, containing 100 cells and 3410101 reads
2022-10-13 02:32:05,999 - DEBUG - 0 reads not considered because fully enclosed in repeat masked regions
2022-10-13 02:32:40,833 - DEBUG - Read first 600 million reads
2022-10-13 02:33:18,729 - DEBUG - Counting for batch 109, containing 100 cells and 4607488 reads
2022-10-13 02:35:35,276 - DEBUG - 0 reads not considered because fully enclosed in repeat masked regions
2022-10-13 02:36:52,447 - DEBUG - Counting for batch 110, containing 100 cells and 3989309 reads
2022-10-13 02:38:54,902 - DEBUG - 0 reads not considered because fully enclosed in repeat masked regions
2022-10-13 02:39:24,298 - DEBUG - Read first 610 million reads
2022-10-13 02:40:07,159 - DEBUG - Counting for batch 111, containing 100 cells and 4035381 reads
2022-10-13 02:42:14,882 - DEBUG - 0 reads not considered because fully enclosed in repeat masked regions
2022-10-13 02:43:15,442 - DEBUG - Counting for batch 112, containing 100 cells and 3593052 reads
2022-10-13 02:45:07,667 - DEBUG - 0 reads not considered because fully enclosed in repeat masked regions
2022-10-13 02:45:35,509 - DEBUG - Read first 620 million reads
2022-10-13 02:46:05,600 - DEBUG - Counting for batch 113, containing 100 cells and 3222850 reads
2022-10-13 02:47:41,777 - DEBUG - 0 reads not considered because fully enclosed in repeat masked regions
2022-10-13 02:48:53,904 - DEBUG - Counting for batch 114, containing 100 cells and 4188481 reads
2022-10-13 02:51:02,846 - DEBUG - 0 reads not considered because fully enclosed in repeat masked regions
2022-10-13 02:51:40,322 - DEBUG - Read first 630 million reads
2022-10-13 02:52:11,075 - DEBUG - Counting for batch 115, containing 100 cells and 3749106 reads
2022-10-13 02:54:05,154 - DEBUG - 0 reads not considered because fully enclosed in repeat masked regions
2022-10-13 02:55:13,385 - DEBUG - Counting for batch 116, containing 100 cells and 3627673 reads
2022-10-13 02:57:07,913 - DEBUG - 0 reads not considered because fully enclosed in repeat masked regions
2022-10-13 02:57:42,128 - DEBUG - Read first 640 million reads
2022-10-13 02:58:32,638 - DEBUG - Counting for batch 117, containing 100 cells and 5531826 reads
2022-10-13 03:01:23,360 - DEBUG - 0 reads not considered because fully enclosed in repeat masked regions
2022-10-13 03:02:38,002 - DEBUG - Read first 650 million reads
2022-10-13 03:02:39,397 - DEBUG - Counting for batch 118, containing 100 cells and 3555868 reads
2022-10-13 03:04:26,634 - DEBUG - 0 reads not considered because fully enclosed in repeat masked regions
2022-10-13 03:05:50,145 - DEBUG - Counting for batch 119, containing 100 cells and 5115816 reads
2022-10-13 03:08:36,287 - DEBUG - 0 reads not considered because fully enclosed in repeat masked regions
2022-10-13 03:09:34,201 - DEBUG - Read first 660 million reads
2022-10-13 03:09:44,965 - DEBUG - Counting for batch 120, containing 100 cells and 3744574 reads
2022-10-13 03:11:38,309 - DEBUG - 0 reads not considered because fully enclosed in repeat masked regions
2022-10-13 03:12:39,971 - DEBUG - Counting for batch 121, containing 100 cells and 3345962 reads
2022-10-13 03:14:22,364 - DEBUG - 0 reads not considered because fully enclosed in repeat masked regions
2022-10-13 03:15:16,204 - DEBUG - Counting for batch 122, containing 100 cells and 2828230 reads
2022-10-13 03:16:44,825 - DEBUG - 0 reads not considered because fully enclosed in repeat masked regions
2022-10-13 03:17:06,371 - DEBUG - Read first 670 million reads
2022-10-13 03:17:46,498 - DEBUG - Counting for batch 123, containing 100 cells and 3772966 reads
2022-10-13 03:19:43,834 - DEBUG - 0 reads not considered because fully enclosed in repeat masked regions
2022-10-13 03:20:49,131 - DEBUG - Counting for batch 124, containing 100 cells and 3681250 reads
2022-10-13 03:22:38,414 - DEBUG - 0 reads not considered because fully enclosed in repeat masked regions
2022-10-13 03:23:05,782 - DEBUG - Read first 680 million reads
2022-10-13 03:23:44,449 - DEBUG - Counting for batch 125, containing 100 cells and 3695305 reads
2022-10-13 03:25:42,131 - DEBUG - 0 reads not considered because fully enclosed in repeat masked regions
2022-10-13 03:26:42,563 - DEBUG - Counting for batch 126, containing 100 cells and 3762167 reads
2022-10-13 03:28:41,576 - DEBUG - 0 reads not considered because fully enclosed in repeat masked regions
2022-10-13 03:29:10,991 - DEBUG - Read first 690 million reads
2022-10-13 03:29:37,975 - DEBUG - Counting for batch 127, containing 100 cells and 3274714 reads
2022-10-13 03:31:19,278 - DEBUG - 0 reads not considered because fully enclosed in repeat masked regions
2022-10-13 03:32:16,903 - DEBUG - Counting for batch 128, containing 100 cells and 3267210 reads
2022-10-13 03:34:01,585 - DEBUG - 0 reads not considered because fully enclosed in repeat masked regions
2022-10-13 03:34:36,422 - DEBUG - Read first 700 million reads
2022-10-13 03:35:04,280 - DEBUG - Counting for batch 129, containing 100 cells and 3721870 reads
2022-10-13 03:36:57,956 - DEBUG - 0 reads not considered because fully enclosed in repeat masked regions
2022-10-13 03:37:58,412 - DEBUG - Counting for batch 130, containing 100 cells and 3423036 reads
2022-10-13 03:39:51,071 - DEBUG - 0 reads not considered because fully enclosed in repeat masked regions
2022-10-13 03:40:33,580 - DEBUG - Read first 710 million reads
2022-10-13 03:40:57,045 - DEBUG - Counting for batch 131, containing 100 cells and 3821346 reads
2022-10-13 03:42:53,878 - DEBUG - 0 reads not considered because fully enclosed in repeat masked regions
2022-10-13 03:44:12,219 - DEBUG - Counting for batch 132, containing 100 cells and 3005153 reads
2022-10-13 03:45:52,240 - DEBUG - 0 reads not considered because fully enclosed in repeat masked regions
2022-10-13 03:46:43,672 - DEBUG - Read first 720 million reads
2022-10-13 03:46:56,607 - DEBUG - Counting for batch 133, containing 100 cells and 3488139 reads
2022-10-13 03:48:42,749 - DEBUG - 0 reads not considered because fully enclosed in repeat masked regions
2022-10-13 03:49:43,518 - DEBUG - Counting for batch 134, containing 100 cells and 3380788 reads
2022-10-13 03:51:25,959 - DEBUG - 0 reads not considered because fully enclosed in repeat masked regions
2022-10-13 03:52:20,039 - DEBUG - Read first 730 million reads
2022-10-13 03:52:45,779 - DEBUG - Counting for batch 135, containing 100 cells and 4521044 reads
2022-10-13 03:55:14,362 - DEBUG - 0 reads not considered because fully enclosed in repeat masked regions
2022-10-13 03:56:15,039 - DEBUG - Counting for batch 136, containing 100 cells and 3376893 reads
2022-10-13 03:58:03,606 - DEBUG - 0 reads not considered because fully enclosed in repeat masked regions
2022-10-13 03:58:49,874 - DEBUG - Read first 740 million reads
2022-10-13 03:59:11,401 - DEBUG - Counting for batch 137, containing 100 cells and 4490395 reads
2022-10-13 04:01:37,423 - DEBUG - 0 reads not considered because fully enclosed in repeat masked regions
2022-10-13 04:02:38,649 - DEBUG - Counting for batch 138, containing 100 cells and 3510259 reads
2022-10-13 04:04:32,924 - DEBUG - 0 reads not considered because fully enclosed in repeat masked regions
2022-10-13 04:05:20,528 - DEBUG - Read first 750 million reads
2022-10-13 04:05:26,795 - DEBUG - Counting for batch 139, containing 100 cells and 3214059 reads
2022-10-13 04:07:03,909 - DEBUG - 0 reads not considered because fully enclosed in repeat masked regions
2022-10-13 04:08:10,983 - DEBUG - Counting for batch 140, containing 100 cells and 3895769 reads
2022-10-13 04:10:15,541 - DEBUG - 0 reads not considered because fully enclosed in repeat masked regions
2022-10-13 04:11:13,383 - DEBUG - Read first 760 million reads
2022-10-13 04:11:26,108 - DEBUG - Counting for batch 141, containing 100 cells and 4115599 reads
2022-10-13 04:13:40,294 - DEBUG - 0 reads not considered because fully enclosed in repeat masked regions
2022-10-13 04:15:00,830 - DEBUG - Counting for batch 142, containing 100 cells and 4357162 reads
2022-10-13 04:17:25,052 - DEBUG - 0 reads not considered because fully enclosed in repeat masked regions
2022-10-13 04:18:21,294 - DEBUG - Read first 770 million reads
2022-10-13 04:18:22,443 - DEBUG - Counting for batch 143, containing 73 cells and 2633790 reads
2022-10-13 04:19:43,401 - DEBUG - 0 reads not considered because fully enclosed in repeat masked regions
2022-10-13 04:20:00,951 - DEBUG - 39655906 reads were skipped because no apropiate cell or umi barcode was found
2022-10-13 04:20:00,952 - DEBUG - Counting done!
2022-10-13 04:20:01,012 - DEBUG - Generating output file /storage/singlecell/zz4/fetal_bash/results/RNA_velocity/Multi_Fetal_20W2d_FR/Multi_Fetal_20W2d_FR.loom
2022-10-13 04:20:01,012 - DEBUG - Collecting row attributes
2022-10-13 04:20:01,162 - DEBUG - Generating data table
2022-10-13 04:20:08,686 - DEBUG - Writing loom file
2022-10-13 04:20:16,745 - DEBUG - Creating converter from 5 to 3
2022-10-13 04:20:16,747 - DEBUG - Creating converter from 3 to 5
2022-10-13 04:20:57,181 - DEBUG - Terminated Succesfully!
ended at Thu Oct 13 04:21:03 CDT 2022 on mhgcp-g00.grid.bcm.edu. Time elapsed: 11:32:35
