starting at Wed Oct 12 23:32:21 CDT 2022 on mhgcp-g00.grid.bcm.edu
SLURM_JOBID=624162
2022-10-12 23:32:44,726 - DEBUG - Using logic: Default
2022-10-12 23:32:44,752 - INFO - Read 8522 cell barcodes from /storage/singlecell/zz4/fetal_bash/data/Retina_fetal/Multiome_12w3d_FR/outs/filtered_feature_bc_matrix/barcodes.tsv.gz
2022-10-12 23:32:44,752 - DEBUG - Example of barcode: AAACAGCCAACCGCCA and cell_id: Multiome_12w3d_FR:AAACAGCCAACCGCCA-1
2022-10-12 23:32:44,769 - DEBUG - Peeking into /storage/singlecell/zz4/fetal_bash/data/Retina_fetal/Multiome_12w3d_FR/outs/gex_possorted_bam.bam
2022-10-12 23:32:44,951 - WARNING - Not found cell and umi barcode in entry 1 of the bam file
2022-10-12 23:32:44,951 - WARNING - Not found cell and umi barcode in entry 33 of the bam file
2022-10-12 23:32:44,951 - WARNING - Not found cell and umi barcode in entry 35 of the bam file
2022-10-12 23:32:44,951 - WARNING - Not found cell and umi barcode in entry 36 of the bam file
2022-10-12 23:32:44,951 - WARNING - Not found cell and umi barcode in entry 90 of the bam file
2022-10-12 23:32:44,951 - WARNING - Not found cell and umi barcode in entry 118 of the bam file
2022-10-12 23:32:44,952 - WARNING - Not found cell and umi barcode in entry 137 of the bam file
2022-10-12 23:32:44,952 - WARNING - Not found cell and umi barcode in entry 199 of the bam file
2022-10-12 23:32:44,952 - WARNING - Not found cell and umi barcode in entry 293 of the bam file
2022-10-12 23:32:44,952 - WARNING - Not found cell and umi barcode in entry 296 of the bam file
2022-10-12 23:32:44,952 - WARNING - Not found cell and umi barcode in entry 314 of the bam file
2022-10-12 23:32:44,952 - WARNING - Not found cell and umi barcode in entry 380 of the bam file
2022-10-12 23:32:44,952 - WARNING - Not found cell and umi barcode in entry 387 of the bam file
2022-10-12 23:32:44,952 - WARNING - Not found cell and umi barcode in entry 520 of the bam file
2022-10-12 23:32:44,952 - WARNING - Not found cell and umi barcode in entry 521 of the bam file
2022-10-12 23:32:44,953 - WARNING - Not found cell and umi barcode in entry 618 of the bam file
2022-10-12 23:32:44,953 - WARNING - Not found cell and umi barcode in entry 679 of the bam file
2022-10-12 23:32:44,953 - WARNING - Not found cell and umi barcode in entry 692 of the bam file
2022-10-12 23:32:44,953 - WARNING - Not found cell and umi barcode in entry 711 of the bam file
2022-10-12 23:32:44,953 - WARNING - Not found cell and umi barcode in entry 728 of the bam file
2022-10-12 23:32:44,953 - WARNING - Not found cell and umi barcode in entry 812 of the bam file
2022-10-12 23:32:44,953 - WARNING - Not found cell and umi barcode in entry 813 of the bam file
2022-10-12 23:32:44,953 - WARNING - Not found cell and umi barcode in entry 831 of the bam file
2022-10-12 23:32:44,954 - WARNING - Not found cell and umi barcode in entry 852 of the bam file
2022-10-12 23:32:44,954 - WARNING - Not found cell and umi barcode in entry 865 of the bam file
2022-10-12 23:32:44,954 - WARNING - Not found cell and umi barcode in entry 866 of the bam file
2022-10-12 23:32:44,954 - WARNING - Not found cell and umi barcode in entry 956 of the bam file
2022-10-12 23:32:44,960 - WARNING - The file /storage/singlecell/zz4/fetal_bash/data/Retina_fetal/Multiome_12w3d_FR/outs/cellsorted_gex_possorted_bam.bam already exists. The sorting step will be skipped and the existing file will be used.
2022-10-12 23:32:44,960 - INFO - Load the annotation from /storage/singlecell/zz4/Reference/refdata-cellranger-arc-GRCh38-2020-A/genes/genes.gtf
2022-10-12 23:32:56,012 - DEBUG - Parsing Chromosome GL000009.2 strand - [line 0]
2022-10-12 23:32:56,013 - DEBUG - Done with GL000009.2- [line 7]
2022-10-12 23:32:56,013 - DEBUG - Assigning indexes to genes
2022-10-12 23:32:56,013 - DEBUG - Seen 1 genes until now
2022-10-12 23:32:56,013 - DEBUG - Parsing Chromosome GL000194.1 strand - [line 8]
2022-10-12 23:32:56,013 - DEBUG - Done with GL000194.1- [line 33]
2022-10-12 23:32:56,013 - DEBUG - Assigning indexes to genes
2022-10-12 23:32:56,013 - DEBUG - Seen 3 genes until now
2022-10-12 23:32:56,013 - DEBUG - Parsing Chromosome GL000195.1 strand - [line 34]
2022-10-12 23:32:56,013 - DEBUG - Done with GL000195.1- [line 43]
2022-10-12 23:32:56,013 - DEBUG - Assigning indexes to genes
2022-10-12 23:32:56,013 - DEBUG - Seen 4 genes until now
2022-10-12 23:32:56,013 - DEBUG - Parsing Chromosome GL000195.1 strand + [line 44]
2022-10-12 23:32:56,013 - DEBUG - Done with GL000195.1+ [line 57]
2022-10-12 23:32:56,013 - DEBUG - Assigning indexes to genes
2022-10-12 23:32:56,013 - DEBUG - Seen 5 genes until now
2022-10-12 23:32:56,014 - DEBUG - Parsing Chromosome GL000205.2 strand - [line 58]
2022-10-12 23:32:56,014 - DEBUG - Done with GL000205.2- [line 71]
2022-10-12 23:32:56,014 - DEBUG - Assigning indexes to genes
2022-10-12 23:32:56,014 - DEBUG - Seen 6 genes until now
2022-10-12 23:32:56,014 - DEBUG - Parsing Chromosome GL000213.1 strand - [line 72]
2022-10-12 23:32:56,014 - DEBUG - Done with GL000213.1- [line 120]
2022-10-12 23:32:56,014 - DEBUG - Assigning indexes to genes
2022-10-12 23:32:56,014 - DEBUG - Seen 7 genes until now
2022-10-12 23:32:56,014 - DEBUG - Parsing Chromosome GL000218.1 strand - [line 121]
2022-10-12 23:32:56,014 - DEBUG - Done with GL000218.1- [line 128]
2022-10-12 23:32:56,014 - DEBUG - Assigning indexes to genes
2022-10-12 23:32:56,014 - DEBUG - Seen 8 genes until now
2022-10-12 23:32:56,014 - DEBUG - Parsing Chromosome GL000219.1 strand - [line 129]
2022-10-12 23:32:56,014 - DEBUG - Done with GL000219.1- [line 141]
2022-10-12 23:32:56,014 - DEBUG - Assigning indexes to genes
2022-10-12 23:32:56,014 - DEBUG - Seen 9 genes until now
2022-10-12 23:32:56,014 - DEBUG - Parsing Chromosome KI270711.1 strand - [line 142]
2022-10-12 23:32:56,015 - DEBUG - Done with KI270711.1- [line 292]
2022-10-12 23:32:56,015 - DEBUG - Assigning indexes to genes
2022-10-12 23:32:56,015 - DEBUG - Seen 10 genes until now
2022-10-12 23:32:56,015 - DEBUG - Parsing Chromosome KI270713.1 strand - [line 293]
2022-10-12 23:32:56,015 - DEBUG - Done with KI270713.1- [line 300]
2022-10-12 23:32:56,015 - DEBUG - Assigning indexes to genes
2022-10-12 23:32:56,015 - DEBUG - Seen 11 genes until now
2022-10-12 23:32:56,015 - DEBUG - Parsing Chromosome KI270713.1 strand + [line 301]
2022-10-12 23:32:56,015 - DEBUG - Done with KI270713.1+ [line 307]
2022-10-12 23:32:56,015 - DEBUG - Assigning indexes to genes
2022-10-12 23:32:56,015 - DEBUG - Seen 12 genes until now
2022-10-12 23:32:56,015 - DEBUG - Parsing Chromosome KI270721.1 strand + [line 308]
2022-10-12 23:32:56,015 - DEBUG - Done with KI270721.1+ [line 323]
2022-10-12 23:32:56,015 - DEBUG - Assigning indexes to genes
2022-10-12 23:32:56,015 - DEBUG - Seen 13 genes until now
2022-10-12 23:32:56,015 - DEBUG - Parsing Chromosome KI270726.1 strand + [line 324]
2022-10-12 23:32:56,015 - DEBUG - Done with KI270726.1+ [line 334]
2022-10-12 23:32:56,015 - DEBUG - Assigning indexes to genes
2022-10-12 23:32:56,015 - DEBUG - Seen 15 genes until now
2022-10-12 23:32:56,016 - DEBUG - Parsing Chromosome KI270727.1 strand - [line 335]
2022-10-12 23:32:56,016 - DEBUG - Done with KI270727.1- [line 394]
2022-10-12 23:32:56,016 - DEBUG - Assigning indexes to genes
2022-10-12 23:32:56,016 - DEBUG - Seen 17 genes until now
2022-10-12 23:32:56,016 - DEBUG - Parsing Chromosome KI270727.1 strand + [line 395]
2022-10-12 23:32:56,016 - DEBUG - Done with KI270727.1+ [line 409]
2022-10-12 23:32:56,016 - DEBUG - Assigning indexes to genes
2022-10-12 23:32:56,016 - DEBUG - Seen 19 genes until now
2022-10-12 23:32:56,016 - DEBUG - Parsing Chromosome KI270728.1 strand - [line 410]
2022-10-12 23:32:56,016 - DEBUG - Done with KI270728.1- [line 486]
2022-10-12 23:32:56,016 - DEBUG - Assigning indexes to genes
2022-10-12 23:32:56,016 - DEBUG - Seen 21 genes until now
2022-10-12 23:32:56,016 - DEBUG - Parsing Chromosome KI270728.1 strand + [line 487]
2022-10-12 23:32:56,017 - DEBUG - Done with KI270728.1+ [line 523]
2022-10-12 23:32:56,017 - DEBUG - Assigning indexes to genes
2022-10-12 23:32:56,017 - DEBUG - Seen 25 genes until now
2022-10-12 23:32:56,017 - DEBUG - Parsing Chromosome KI270731.1 strand - [line 524]
2022-10-12 23:32:56,017 - DEBUG - Done with KI270731.1- [line 530]
2022-10-12 23:32:56,017 - DEBUG - Assigning indexes to genes
2022-10-12 23:32:56,017 - DEBUG - Seen 26 genes until now
2022-10-12 23:32:56,017 - DEBUG - Parsing Chromosome KI270734.1 strand - [line 531]
2022-10-12 23:32:56,017 - DEBUG - Done with KI270734.1- [line 599]
2022-10-12 23:32:56,017 - DEBUG - Assigning indexes to genes
2022-10-12 23:32:56,017 - DEBUG - Seen 27 genes until now
2022-10-12 23:32:56,017 - DEBUG - Parsing Chromosome KI270734.1 strand + [line 600]
2022-10-12 23:32:56,017 - DEBUG - Done with KI270734.1+ [line 622]
2022-10-12 23:32:56,017 - DEBUG - Assigning indexes to genes
2022-10-12 23:32:56,017 - DEBUG - Seen 29 genes until now
2022-10-12 23:32:56,017 - DEBUG - Parsing Chromosome 1 strand - [line 623]
2022-10-12 23:32:56,780 - DEBUG - Done with 1- [line 118876]
2022-10-12 23:32:56,780 - DEBUG - Assigning indexes to genes
2022-10-12 23:32:56,793 - DEBUG - Seen 1711 genes until now
2022-10-12 23:32:56,793 - DEBUG - Parsing Chromosome 1 strand + [line 118877]
2022-10-12 23:32:57,941 - DEBUG - Done with 1+ [line 253796]
2022-10-12 23:32:57,942 - DEBUG - Assigning indexes to genes
2022-10-12 23:32:57,959 - DEBUG - Seen 3439 genes until now
2022-10-12 23:32:57,960 - DEBUG - Parsing Chromosome 10 strand - [line 253797]
2022-10-12 23:32:58,193 - DEBUG - Done with 10- [line 304078]
2022-10-12 23:32:58,193 - DEBUG - Assigning indexes to genes
2022-10-12 23:32:58,198 - DEBUG - Seen 4100 genes until now
2022-10-12 23:32:58,198 - DEBUG - Parsing Chromosome 10 strand + [line 304079]
2022-10-12 23:32:58,861 - DEBUG - Done with 10+ [line 356023]
2022-10-12 23:32:58,861 - DEBUG - Assigning indexes to genes
2022-10-12 23:32:58,866 - DEBUG - Seen 4833 genes until now
2022-10-12 23:32:58,866 - DEBUG - Parsing Chromosome 11 strand - [line 356024]
2022-10-12 23:32:59,233 - DEBUG - Done with 11- [line 438038]
2022-10-12 23:32:59,234 - DEBUG - Assigning indexes to genes
2022-10-12 23:32:59,243 - DEBUG - Seen 5833 genes until now
2022-10-12 23:32:59,243 - DEBUG - Parsing Chromosome 11 strand + [line 438039]
2022-10-12 23:33:00,166 - DEBUG - Done with 11+ [line 521163]
2022-10-12 23:33:00,167 - DEBUG - Assigning indexes to genes
2022-10-12 23:33:00,176 - DEBUG - Seen 6898 genes until now
2022-10-12 23:33:00,176 - DEBUG - Parsing Chromosome 12 strand - [line 521164]
2022-10-12 23:33:00,527 - DEBUG - Done with 12- [line 601582]
2022-10-12 23:33:00,527 - DEBUG - Assigning indexes to genes
2022-10-12 23:33:00,536 - DEBUG - Seen 7848 genes until now
2022-10-12 23:33:00,536 - DEBUG - Parsing Chromosome 12 strand + [line 601583]
2022-10-12 23:33:00,897 - DEBUG - Done with 12+ [line 681983]
2022-10-12 23:33:00,898 - DEBUG - Assigning indexes to genes
2022-10-12 23:33:00,908 - DEBUG - Seen 8826 genes until now
2022-10-12 23:33:00,908 - DEBUG - Parsing Chromosome 13 strand - [line 681984]
2022-10-12 23:33:01,430 - DEBUG - Done with 13- [line 702449]
2022-10-12 23:33:01,431 - DEBUG - Assigning indexes to genes
2022-10-12 23:33:01,433 - DEBUG - Seen 9225 genes until now
2022-10-12 23:33:01,433 - DEBUG - Parsing Chromosome 13 strand + [line 702450]
2022-10-12 23:33:01,542 - DEBUG - Done with 13+ [line 726349]
2022-10-12 23:33:01,542 - DEBUG - Assigning indexes to genes
2022-10-12 23:33:01,545 - DEBUG - Seen 9614 genes until now
2022-10-12 23:33:01,545 - DEBUG - Parsing Chromosome 14 strand - [line 726350]
2022-10-12 23:33:01,736 - DEBUG - Done with 14- [line 770987]
2022-10-12 23:33:01,736 - DEBUG - Assigning indexes to genes
2022-10-12 23:33:01,742 - DEBUG - Seen 10373 genes until now
2022-10-12 23:33:01,742 - DEBUG - Parsing Chromosome 14 strand + [line 770988]
2022-10-12 23:33:01,971 - DEBUG - Done with 14+ [line 822908]
2022-10-12 23:33:01,971 - DEBUG - Assigning indexes to genes
2022-10-12 23:33:01,978 - DEBUG - Seen 11088 genes until now
2022-10-12 23:33:01,978 - DEBUG - Parsing Chromosome 15 strand - [line 822909]
2022-10-12 23:33:02,200 - DEBUG - Done with 15- [line 873715]
2022-10-12 23:33:02,200 - DEBUG - Assigning indexes to genes
2022-10-12 23:33:02,205 - DEBUG - Seen 11734 genes until now
2022-10-12 23:33:02,206 - DEBUG - Parsing Chromosome 15 strand + [line 873716]
2022-10-12 23:33:03,099 - DEBUG - Done with 15+ [line 923824]
2022-10-12 23:33:03,099 - DEBUG - Assigning indexes to genes
2022-10-12 23:33:03,105 - DEBUG - Seen 12355 genes until now
2022-10-12 23:33:03,105 - DEBUG - Parsing Chromosome 16 strand - [line 923825]
2022-10-12 23:33:03,350 - DEBUG - Done with 16- [line 979238]
2022-10-12 23:33:03,350 - DEBUG - Assigning indexes to genes
2022-10-12 23:33:03,358 - DEBUG - Seen 13151 genes until now
2022-10-12 23:33:03,358 - DEBUG - Parsing Chromosome 16 strand + [line 979239]
2022-10-12 23:33:03,671 - DEBUG - Done with 16+ [line 1052152]
2022-10-12 23:33:03,671 - DEBUG - Assigning indexes to genes
2022-10-12 23:33:03,679 - DEBUG - Seen 14004 genes until now
2022-10-12 23:33:03,680 - DEBUG - Parsing Chromosome 17 strand - [line 1052153]
2022-10-12 23:33:04,057 - DEBUG - Done with 17- [line 1140008]
2022-10-12 23:33:04,057 - DEBUG - Assigning indexes to genes
2022-10-12 23:33:04,067 - DEBUG - Seen 15039 genes until now
2022-10-12 23:33:04,067 - DEBUG - Parsing Chromosome 17 strand + [line 1140009]
2022-10-12 23:33:05,038 - DEBUG - Done with 17+ [line 1219447]
2022-10-12 23:33:05,038 - DEBUG - Assigning indexes to genes
2022-10-12 23:33:05,047 - DEBUG - Seen 15996 genes until now
2022-10-12 23:33:05,047 - DEBUG - Parsing Chromosome 18 strand - [line 1219448]
2022-10-12 23:33:05,166 - DEBUG - Done with 18- [line 1246083]
2022-10-12 23:33:05,167 - DEBUG - Assigning indexes to genes
2022-10-12 23:33:05,170 - DEBUG - Seen 16371 genes until now
2022-10-12 23:33:05,170 - DEBUG - Parsing Chromosome 18 strand + [line 1246084]
2022-10-12 23:33:05,276 - DEBUG - Done with 18+ [line 1269821]
2022-10-12 23:33:05,276 - DEBUG - Assigning indexes to genes
2022-10-12 23:33:05,279 - DEBUG - Seen 16777 genes until now
2022-10-12 23:33:05,279 - DEBUG - Parsing Chromosome 19 strand - [line 1269822]
2022-10-12 23:33:05,627 - DEBUG - Done with 19- [line 1350736]
2022-10-12 23:33:05,628 - DEBUG - Assigning indexes to genes
2022-10-12 23:33:05,638 - DEBUG - Seen 17790 genes until now
2022-10-12 23:33:05,638 - DEBUG - Parsing Chromosome 19 strand + [line 1350737]
2022-10-12 23:33:05,999 - DEBUG - Done with 19+ [line 1435648]
2022-10-12 23:33:06,000 - DEBUG - Assigning indexes to genes
2022-10-12 23:33:06,011 - DEBUG - Seen 18804 genes until now
2022-10-12 23:33:06,011 - DEBUG - Parsing Chromosome 2 strand - [line 1435649]
2022-10-12 23:33:06,500 - DEBUG - Done with 2- [line 1542996]
2022-10-12 23:33:06,501 - DEBUG - Assigning indexes to genes
2022-10-12 23:33:06,513 - DEBUG - Seen 20037 genes until now
2022-10-12 23:33:06,513 - DEBUG - Parsing Chromosome 2 strand + [line 1542997]
2022-10-12 23:33:07,456 - DEBUG - Done with 2+ [line 1642863]
2022-10-12 23:33:07,456 - DEBUG - Assigning indexes to genes
2022-10-12 23:33:07,470 - DEBUG - Seen 21345 genes until now
2022-10-12 23:33:07,470 - DEBUG - Parsing Chromosome 20 strand - [line 1642864]
2022-10-12 23:33:07,606 - DEBUG - Done with 20- [line 1672442]
2022-10-12 23:33:07,606 - DEBUG - Assigning indexes to genes
2022-10-12 23:33:07,610 - DEBUG - Seen 21828 genes until now
2022-10-12 23:33:07,610 - DEBUG - Parsing Chromosome 20 strand + [line 1672443]
2022-10-12 23:33:07,765 - DEBUG - Done with 20+ [line 1707817]
2022-10-12 23:33:07,765 - DEBUG - Assigning indexes to genes
2022-10-12 23:33:07,772 - DEBUG - Seen 22309 genes until now
2022-10-12 23:33:07,772 - DEBUG - Parsing Chromosome 21 strand - [line 1707818]
2022-10-12 23:33:07,840 - DEBUG - Done with 21- [line 1722798]
2022-10-12 23:33:07,840 - DEBUG - Assigning indexes to genes
2022-10-12 23:33:07,842 - DEBUG - Seen 22596 genes until now
2022-10-12 23:33:07,843 - DEBUG - Parsing Chromosome 21 strand + [line 1722799]
2022-10-12 23:33:07,917 - DEBUG - Done with 21+ [line 1738981]
2022-10-12 23:33:07,917 - DEBUG - Assigning indexes to genes
2022-10-12 23:33:07,920 - DEBUG - Seen 22864 genes until now
2022-10-12 23:33:07,920 - DEBUG - Parsing Chromosome 22 strand - [line 1738982]
2022-10-12 23:33:08,034 - DEBUG - Done with 22- [line 1765357]
2022-10-12 23:33:08,034 - DEBUG - Assigning indexes to genes
2022-10-12 23:33:08,037 - DEBUG - Seen 23260 genes until now
2022-10-12 23:33:08,037 - DEBUG - Parsing Chromosome 22 strand + [line 1765358]
2022-10-12 23:33:08,178 - DEBUG - Done with 22+ [line 1797598]
2022-10-12 23:33:08,178 - DEBUG - Assigning indexes to genes
2022-10-12 23:33:08,182 - DEBUG - Seen 23765 genes until now
2022-10-12 23:33:08,182 - DEBUG - Parsing Chromosome 3 strand - [line 1797599]
2022-10-12 23:33:08,578 - DEBUG - Done with 3- [line 1887377]
2022-10-12 23:33:08,578 - DEBUG - Assigning indexes to genes
2022-10-12 23:33:08,588 - DEBUG - Seen 24693 genes until now
2022-10-12 23:33:08,588 - DEBUG - Parsing Chromosome 3 strand + [line 1887378]
2022-10-12 23:33:08,981 - DEBUG - Done with 3+ [line 1977011]
2022-10-12 23:33:08,981 - DEBUG - Assigning indexes to genes
2022-10-12 23:33:08,991 - DEBUG - Seen 25658 genes until now
2022-10-12 23:33:08,991 - DEBUG - Parsing Chromosome 4 strand - [line 1977012]
2022-10-12 23:33:09,887 - DEBUG - Done with 4- [line 2034238]
2022-10-12 23:33:09,887 - DEBUG - Assigning indexes to genes
2022-10-12 23:33:09,894 - DEBUG - Seen 26401 genes until now
2022-10-12 23:33:09,894 - DEBUG - Parsing Chromosome 4 strand + [line 2034239]
2022-10-12 23:33:10,158 - DEBUG - Done with 4+ [line 2094594]
2022-10-12 23:33:10,158 - DEBUG - Assigning indexes to genes
2022-10-12 23:33:10,165 - DEBUG - Seen 27191 genes until now
2022-10-12 23:33:10,165 - DEBUG - Parsing Chromosome 5 strand - [line 2094595]
2022-10-12 23:33:10,419 - DEBUG - Done with 5- [line 2152660]
2022-10-12 23:33:10,419 - DEBUG - Assigning indexes to genes
2022-10-12 23:33:10,426 - DEBUG - Seen 28071 genes until now
2022-10-12 23:33:10,426 - DEBUG - Parsing Chromosome 5 strand + [line 2152661]
2022-10-12 23:33:10,712 - DEBUG - Done with 5+ [line 2218657]
2022-10-12 23:33:10,712 - DEBUG - Assigning indexes to genes
2022-10-12 23:33:10,720 - DEBUG - Seen 29002 genes until now
2022-10-12 23:33:10,720 - DEBUG - Parsing Chromosome 6 strand - [line 2218658]
2022-10-12 23:33:11,008 - DEBUG - Done with 6- [line 2284937]
2022-10-12 23:33:11,008 - DEBUG - Assigning indexes to genes
2022-10-12 23:33:11,015 - DEBUG - Seen 29928 genes until now
2022-10-12 23:33:11,015 - DEBUG - Parsing Chromosome 6 strand + [line 2284938]
2022-10-12 23:33:11,271 - DEBUG - Done with 6+ [line 2345240]
2022-10-12 23:33:11,272 - DEBUG - Assigning indexes to genes
2022-10-12 23:33:11,279 - DEBUG - Seen 30829 genes until now
2022-10-12 23:33:11,279 - DEBUG - Parsing Chromosome 7 strand - [line 2345241]
2022-10-12 23:33:11,553 - DEBUG - Done with 7- [line 2406845]
2022-10-12 23:33:11,553 - DEBUG - Assigning indexes to genes
2022-10-12 23:33:11,561 - DEBUG - Seen 31621 genes until now
2022-10-12 23:33:11,561 - DEBUG - Parsing Chromosome 7 strand + [line 2406846]
2022-10-12 23:33:11,861 - DEBUG - Done with 7+ [line 2476014]
2022-10-12 23:33:11,861 - DEBUG - Assigning indexes to genes
2022-10-12 23:33:11,869 - DEBUG - Seen 32515 genes until now
2022-10-12 23:33:11,869 - DEBUG - Parsing Chromosome 8 strand - [line 2476015]
2022-10-12 23:33:12,096 - DEBUG - Done with 8- [line 2527366]
2022-10-12 23:33:12,096 - DEBUG - Assigning indexes to genes
2022-10-12 23:33:12,102 - DEBUG - Seen 33270 genes until now
2022-10-12 23:33:12,102 - DEBUG - Parsing Chromosome 8 strand + [line 2527367]
2022-10-12 23:33:13,015 - DEBUG - Done with 8+ [line 2577021]
2022-10-12 23:33:13,015 - DEBUG - Assigning indexes to genes
2022-10-12 23:33:13,022 - DEBUG - Seen 34010 genes until now
2022-10-12 23:33:13,022 - DEBUG - Parsing Chromosome 9 strand - [line 2577022]
2022-10-12 23:33:13,223 - DEBUG - Done with 9- [line 2622811]
2022-10-12 23:33:13,223 - DEBUG - Assigning indexes to genes
2022-10-12 23:33:13,228 - DEBUG - Seen 34681 genes until now
2022-10-12 23:33:13,228 - DEBUG - Parsing Chromosome 9 strand + [line 2622812]
2022-10-12 23:33:13,446 - DEBUG - Done with 9+ [line 2672374]
2022-10-12 23:33:13,446 - DEBUG - Assigning indexes to genes
2022-10-12 23:33:13,452 - DEBUG - Seen 35329 genes until now
2022-10-12 23:33:13,452 - DEBUG - Parsing Chromosome M strand - [line 2672375]
2022-10-12 23:33:13,452 - DEBUG - Done with M- [line 2672379]
2022-10-12 23:33:13,452 - DEBUG - Assigning indexes to genes
2022-10-12 23:33:13,452 - DEBUG - Seen 35330 genes until now
2022-10-12 23:33:13,452 - DEBUG - Parsing Chromosome M strand + [line 2672380]
2022-10-12 23:33:13,453 - DEBUG - Done with M+ [line 2672445]
2022-10-12 23:33:13,453 - DEBUG - Assigning indexes to genes
2022-10-12 23:33:13,453 - DEBUG - Seen 35342 genes until now
2022-10-12 23:33:13,453 - DEBUG - Parsing Chromosome X strand - [line 2672446]
2022-10-12 23:33:13,637 - DEBUG - Done with X- [line 2716088]
2022-10-12 23:33:13,637 - DEBUG - Assigning indexes to genes
2022-10-12 23:33:13,642 - DEBUG - Seen 35884 genes until now
2022-10-12 23:33:13,642 - DEBUG - Parsing Chromosome X strand + [line 2716089]
2022-10-12 23:33:13,829 - DEBUG - Done with X+ [line 2760500]
2022-10-12 23:33:13,829 - DEBUG - Assigning indexes to genes
2022-10-12 23:33:13,834 - DEBUG - Seen 36490 genes until now
2022-10-12 23:33:13,834 - DEBUG - Parsing Chromosome Y strand - [line 2760501]
2022-10-12 23:33:13,846 - DEBUG - Done with Y- [line 2763031]
2022-10-12 23:33:13,846 - DEBUG - Assigning indexes to genes
2022-10-12 23:33:13,847 - DEBUG - Seen 36543 genes until now
2022-10-12 23:33:13,847 - DEBUG - Parsing Chromosome Y strand + [line 2763032]
2022-10-12 23:33:13,859 - DEBUG - Assigning indexes to genes
2022-10-12 23:33:13,860 - DEBUG - Done with Y+ [line 2765967]
2022-10-12 23:33:13,860 - DEBUG - Fixing corner cases of transcript models containg intron longer than 1000Kbp
2022-10-12 23:33:15,653 - DEBUG - Generated 2411536 features corresponding to 199138 transcript models from /storage/singlecell/zz4/Reference/refdata-cellranger-arc-GRCh38-2020-A/genes/genes.gtf
2022-10-12 23:33:15,677 - INFO - Scan /storage/singlecell/zz4/fetal_bash/data/Retina_fetal/Multiome_12w3d_FR/outs/gex_possorted_bam.bam to validate intron intervals
2022-10-12 23:33:19,202 - DEBUG - Reading /storage/singlecell/zz4/fetal_bash/data/Retina_fetal/Multiome_12w3d_FR/outs/gex_possorted_bam.bam
2022-10-12 23:33:19,225 - DEBUG - Read first 0 million reads
2022-10-12 23:33:19,226 - DEBUG - Marking up chromosome 1
2022-10-12 23:35:23,579 - DEBUG - Read first 10 million reads
2022-10-12 23:37:37,373 - DEBUG - Read first 20 million reads
2022-10-12 23:39:38,975 - DEBUG - Read first 30 million reads
2022-10-12 23:39:53,290 - DEBUG - Marking up chromosome 10
2022-10-12 23:42:06,494 - DEBUG - Read first 40 million reads
2022-10-12 23:43:34,804 - DEBUG - Marking up chromosome 11
2022-10-12 23:44:17,662 - DEBUG - Read first 50 million reads
2022-10-12 23:46:48,986 - DEBUG - Read first 60 million reads
2022-10-12 23:49:32,413 - DEBUG - Read first 70 million reads
2022-10-12 23:50:11,376 - DEBUG - Marking up chromosome 12
2022-10-12 23:51:46,045 - DEBUG - Read first 80 million reads
2022-10-12 23:54:20,404 - DEBUG - Read first 90 million reads
2022-10-12 23:55:00,379 - DEBUG - Marking up chromosome 13
2022-10-12 23:56:22,694 - DEBUG - Read first 100 million reads
2022-10-12 23:57:24,818 - DEBUG - Marking up chromosome 14
2022-10-12 23:58:31,975 - DEBUG - Read first 110 million reads
2022-10-13 00:00:25,266 - DEBUG - Marking up chromosome 15
2022-10-13 00:01:20,813 - DEBUG - Read first 120 million reads
2022-10-13 00:03:31,678 - DEBUG - Read first 130 million reads
2022-10-13 00:03:48,487 - DEBUG - Marking up chromosome 16
2022-10-13 00:05:40,638 - DEBUG - Read first 140 million reads
2022-10-13 00:06:07,029 - DEBUG - Marking up chromosome 17
2022-10-13 00:07:55,626 - DEBUG - Read first 150 million reads
2022-10-13 00:09:24,200 - DEBUG - Marking up chromosome 18
2022-10-13 00:10:09,974 - DEBUG - Read first 160 million reads
2022-10-13 00:11:51,151 - DEBUG - Marking up chromosome 19
2022-10-13 00:12:53,181 - DEBUG - Read first 170 million reads
2022-10-13 00:14:22,494 - DEBUG - Marking up chromosome 2
2022-10-13 00:14:57,446 - DEBUG - Read first 180 million reads
2022-10-13 00:17:40,463 - DEBUG - Read first 190 million reads
2022-10-13 00:19:51,732 - DEBUG - Read first 200 million reads
2022-10-13 00:21:48,169 - DEBUG - Marking up chromosome 20
2022-10-13 00:22:11,816 - DEBUG - Read first 210 million reads
2022-10-13 00:23:15,739 - DEBUG - Marking up chromosome 21
2022-10-13 00:24:04,356 - DEBUG - Read first 220 million reads
2022-10-13 00:24:22,910 - DEBUG - Marking up chromosome 22
2022-10-13 00:25:29,467 - DEBUG - Marking up chromosome 3
2022-10-13 00:26:12,725 - DEBUG - Read first 230 million reads
2022-10-13 00:28:25,101 - DEBUG - Read first 240 million reads
2022-10-13 00:30:38,152 - DEBUG - Read first 250 million reads
2022-10-13 00:32:04,024 - DEBUG - Marking up chromosome 4
2022-10-13 00:33:05,350 - DEBUG - Read first 260 million reads
2022-10-13 00:36:58,615 - DEBUG - Read first 270 million reads
2022-10-13 00:38:35,988 - DEBUG - Marking up chromosome 5
2022-10-13 00:39:10,933 - DEBUG - Read first 280 million reads
2022-10-13 00:41:44,972 - DEBUG - Read first 290 million reads
2022-10-13 00:43:36,656 - DEBUG - Marking up chromosome 6
2022-10-13 00:43:56,002 - DEBUG - Read first 300 million reads
2022-10-13 00:46:03,150 - DEBUG - Read first 310 million reads
2022-10-13 00:48:03,747 - DEBUG - Marking up chromosome 7
2022-10-13 00:48:18,625 - DEBUG - Read first 320 million reads
2022-10-13 00:50:34,320 - DEBUG - Read first 330 million reads
2022-10-13 00:52:59,257 - DEBUG - Marking up chromosome 8
2022-10-13 00:53:02,186 - DEBUG - Read first 340 million reads
2022-10-13 00:55:20,771 - DEBUG - Read first 350 million reads
2022-10-13 00:56:55,608 - DEBUG - Marking up chromosome 9
2022-10-13 00:57:40,035 - DEBUG - Read first 360 million reads
2022-10-13 00:59:27,663 - DEBUG - Read first 370 million reads
2022-10-13 01:00:00,882 - DEBUG - Marking up chromosome MT
2022-10-13 01:00:00,883 - WARNING - The .bam file refers to a chromosome 'MT+' not present in the annotation (.gtf) file
2022-10-13 01:00:00,883 - WARNING - The .bam file refers to a chromosome 'MT-' not present in the annotation (.gtf) file
2022-10-13 01:00:26,988 - DEBUG - Marking up chromosome X
2022-10-13 01:01:06,310 - DEBUG - Read first 380 million reads
2022-10-13 01:03:31,905 - DEBUG - Marking up chromosome Y
2022-10-13 01:03:32,074 - DEBUG - Marking up chromosome KI270728.1
2022-10-13 01:03:32,078 - DEBUG - Marking up chromosome KI270727.1
2022-10-13 01:03:32,088 - DEBUG - Marking up chromosome KI270442.1
2022-10-13 01:03:32,088 - WARNING - The .bam file refers to a chromosome 'KI270442.1+' not present in the annotation (.gtf) file
2022-10-13 01:03:32,088 - WARNING - The .bam file refers to a chromosome 'KI270442.1-' not present in the annotation (.gtf) file
2022-10-13 01:03:32,111 - DEBUG - Marking up chromosome KI270729.1
2022-10-13 01:03:32,112 - WARNING - The .bam file refers to a chromosome 'KI270729.1+' not present in the annotation (.gtf) file
2022-10-13 01:03:32,112 - WARNING - The .bam file refers to a chromosome 'KI270729.1-' not present in the annotation (.gtf) file
2022-10-13 01:03:32,113 - DEBUG - Marking up chromosome GL000225.1
2022-10-13 01:03:32,113 - WARNING - The .bam file refers to a chromosome 'GL000225.1+' not present in the annotation (.gtf) file
2022-10-13 01:03:32,113 - WARNING - The .bam file refers to a chromosome 'GL000225.1-' not present in the annotation (.gtf) file
2022-10-13 01:03:32,113 - DEBUG - Marking up chromosome KI270743.1
2022-10-13 01:03:32,113 - WARNING - The .bam file refers to a chromosome 'KI270743.1+' not present in the annotation (.gtf) file
2022-10-13 01:03:32,113 - WARNING - The .bam file refers to a chromosome 'KI270743.1-' not present in the annotation (.gtf) file
2022-10-13 01:03:32,117 - DEBUG - Marking up chromosome GL000008.2
2022-10-13 01:03:32,117 - WARNING - The .bam file refers to a chromosome 'GL000008.2+' not present in the annotation (.gtf) file
2022-10-13 01:03:32,117 - WARNING - The .bam file refers to a chromosome 'GL000008.2-' not present in the annotation (.gtf) file
2022-10-13 01:03:32,165 - DEBUG - Marking up chromosome GL000009.2
2022-10-13 01:03:32,165 - WARNING - The .bam file refers to a chromosome 'GL000009.2+' not present in the annotation (.gtf) file
2022-10-13 01:03:32,166 - DEBUG - Marking up chromosome KI270722.1
2022-10-13 01:03:32,166 - WARNING - The .bam file refers to a chromosome 'KI270722.1+' not present in the annotation (.gtf) file
2022-10-13 01:03:32,166 - WARNING - The .bam file refers to a chromosome 'KI270722.1-' not present in the annotation (.gtf) file
2022-10-13 01:03:32,167 - DEBUG - Marking up chromosome GL000194.1
2022-10-13 01:03:32,167 - WARNING - The .bam file refers to a chromosome 'GL000194.1+' not present in the annotation (.gtf) file
2022-10-13 01:03:32,167 - DEBUG - Marking up chromosome KI270742.1
2022-10-13 01:03:32,167 - WARNING - The .bam file refers to a chromosome 'KI270742.1+' not present in the annotation (.gtf) file
2022-10-13 01:03:32,167 - WARNING - The .bam file refers to a chromosome 'KI270742.1-' not present in the annotation (.gtf) file
2022-10-13 01:03:32,169 - DEBUG - Marking up chromosome GL000205.2
2022-10-13 01:03:32,169 - WARNING - The .bam file refers to a chromosome 'GL000205.2+' not present in the annotation (.gtf) file
2022-10-13 01:03:32,470 - DEBUG - Marking up chromosome GL000195.1
2022-10-13 01:03:33,204 - DEBUG - Marking up chromosome KI270736.1
2022-10-13 01:03:33,204 - WARNING - The .bam file refers to a chromosome 'KI270736.1+' not present in the annotation (.gtf) file
2022-10-13 01:03:33,204 - WARNING - The .bam file refers to a chromosome 'KI270736.1-' not present in the annotation (.gtf) file
2022-10-13 01:03:33,205 - DEBUG - Marking up chromosome KI270733.1
2022-10-13 01:03:33,205 - WARNING - The .bam file refers to a chromosome 'KI270733.1+' not present in the annotation (.gtf) file
2022-10-13 01:03:33,205 - WARNING - The .bam file refers to a chromosome 'KI270733.1-' not present in the annotation (.gtf) file
2022-10-13 01:03:33,566 - DEBUG - Marking up chromosome GL000224.1
2022-10-13 01:03:33,566 - WARNING - The .bam file refers to a chromosome 'GL000224.1+' not present in the annotation (.gtf) file
2022-10-13 01:03:33,566 - WARNING - The .bam file refers to a chromosome 'GL000224.1-' not present in the annotation (.gtf) file
2022-10-13 01:03:33,579 - DEBUG - Marking up chromosome GL000219.1
2022-10-13 01:03:33,579 - WARNING - The .bam file refers to a chromosome 'GL000219.1+' not present in the annotation (.gtf) file
2022-10-13 01:03:34,103 - DEBUG - Marking up chromosome KI270719.1
2022-10-13 01:03:34,103 - WARNING - The .bam file refers to a chromosome 'KI270719.1+' not present in the annotation (.gtf) file
2022-10-13 01:03:34,103 - WARNING - The .bam file refers to a chromosome 'KI270719.1-' not present in the annotation (.gtf) file
2022-10-13 01:03:34,119 - DEBUG - Marking up chromosome GL000216.2
2022-10-13 01:03:34,120 - WARNING - The .bam file refers to a chromosome 'GL000216.2+' not present in the annotation (.gtf) file
2022-10-13 01:03:34,120 - WARNING - The .bam file refers to a chromosome 'GL000216.2-' not present in the annotation (.gtf) file
2022-10-13 01:03:34,120 - DEBUG - Marking up chromosome KI270712.1
2022-10-13 01:03:34,120 - WARNING - The .bam file refers to a chromosome 'KI270712.1+' not present in the annotation (.gtf) file
2022-10-13 01:03:34,120 - WARNING - The .bam file refers to a chromosome 'KI270712.1-' not present in the annotation (.gtf) file
2022-10-13 01:03:34,125 - DEBUG - Marking up chromosome KI270706.1
2022-10-13 01:03:34,125 - WARNING - The .bam file refers to a chromosome 'KI270706.1+' not present in the annotation (.gtf) file
2022-10-13 01:03:34,125 - WARNING - The .bam file refers to a chromosome 'KI270706.1-' not present in the annotation (.gtf) file
2022-10-13 01:03:34,126 - DEBUG - Marking up chromosome KI270725.1
2022-10-13 01:03:34,126 - WARNING - The .bam file refers to a chromosome 'KI270725.1+' not present in the annotation (.gtf) file
2022-10-13 01:03:34,126 - WARNING - The .bam file refers to a chromosome 'KI270725.1-' not present in the annotation (.gtf) file
2022-10-13 01:03:34,127 - DEBUG - Marking up chromosome KI270744.1
2022-10-13 01:03:34,127 - WARNING - The .bam file refers to a chromosome 'KI270744.1+' not present in the annotation (.gtf) file
2022-10-13 01:03:34,127 - WARNING - The .bam file refers to a chromosome 'KI270744.1-' not present in the annotation (.gtf) file
2022-10-13 01:03:34,130 - DEBUG - Marking up chromosome KI270734.1
2022-10-13 01:03:34,138 - DEBUG - Marking up chromosome GL000213.1
2022-10-13 01:03:34,138 - WARNING - The .bam file refers to a chromosome 'GL000213.1+' not present in the annotation (.gtf) file
2022-10-13 01:03:34,138 - DEBUG - Marking up chromosome GL000220.1
2022-10-13 01:03:34,138 - WARNING - The .bam file refers to a chromosome 'GL000220.1+' not present in the annotation (.gtf) file
2022-10-13 01:03:34,138 - WARNING - The .bam file refers to a chromosome 'GL000220.1-' not present in the annotation (.gtf) file
2022-10-13 01:03:35,333 - DEBUG - Read first 390 million reads
2022-10-13 01:03:37,089 - DEBUG - Marking up chromosome KI270715.1
2022-10-13 01:03:37,089 - WARNING - The .bam file refers to a chromosome 'KI270715.1+' not present in the annotation (.gtf) file
2022-10-13 01:03:37,089 - WARNING - The .bam file refers to a chromosome 'KI270715.1-' not present in the annotation (.gtf) file
2022-10-13 01:03:37,089 - DEBUG - Marking up chromosome GL000218.1
2022-10-13 01:03:37,089 - WARNING - The .bam file refers to a chromosome 'GL000218.1+' not present in the annotation (.gtf) file
2022-10-13 01:03:37,091 - DEBUG - Marking up chromosome KI270749.1
2022-10-13 01:03:37,091 - WARNING - The .bam file refers to a chromosome 'KI270749.1+' not present in the annotation (.gtf) file
2022-10-13 01:03:37,091 - WARNING - The .bam file refers to a chromosome 'KI270749.1-' not present in the annotation (.gtf) file
2022-10-13 01:03:37,095 - DEBUG - Marking up chromosome KI270741.1
2022-10-13 01:03:37,095 - WARNING - The .bam file refers to a chromosome 'KI270741.1+' not present in the annotation (.gtf) file
2022-10-13 01:03:37,095 - WARNING - The .bam file refers to a chromosome 'KI270741.1-' not present in the annotation (.gtf) file
2022-10-13 01:03:37,099 - DEBUG - Marking up chromosome GL000221.1
2022-10-13 01:03:37,099 - WARNING - The .bam file refers to a chromosome 'GL000221.1+' not present in the annotation (.gtf) file
2022-10-13 01:03:37,099 - WARNING - The .bam file refers to a chromosome 'GL000221.1-' not present in the annotation (.gtf) file
2022-10-13 01:03:37,101 - DEBUG - Marking up chromosome KI270731.1
2022-10-13 01:03:37,101 - WARNING - The .bam file refers to a chromosome 'KI270731.1+' not present in the annotation (.gtf) file
2022-10-13 01:03:37,102 - DEBUG - Marking up chromosome KI270751.1
2022-10-13 01:03:37,102 - WARNING - The .bam file refers to a chromosome 'KI270751.1+' not present in the annotation (.gtf) file
2022-10-13 01:03:37,102 - WARNING - The .bam file refers to a chromosome 'KI270751.1-' not present in the annotation (.gtf) file
2022-10-13 01:03:37,102 - DEBUG - Marking up chromosome KI270750.1
2022-10-13 01:03:37,102 - WARNING - The .bam file refers to a chromosome 'KI270750.1+' not present in the annotation (.gtf) file
2022-10-13 01:03:37,102 - WARNING - The .bam file refers to a chromosome 'KI270750.1-' not present in the annotation (.gtf) file
2022-10-13 01:03:37,102 - DEBUG - Marking up chromosome KI270519.1
2022-10-13 01:03:37,103 - WARNING - The .bam file refers to a chromosome 'KI270519.1+' not present in the annotation (.gtf) file
2022-10-13 01:03:37,103 - WARNING - The .bam file refers to a chromosome 'KI270519.1-' not present in the annotation (.gtf) file
2022-10-13 01:03:37,103 - DEBUG - Marking up chromosome GL000214.1
2022-10-13 01:03:37,103 - WARNING - The .bam file refers to a chromosome 'GL000214.1+' not present in the annotation (.gtf) file
2022-10-13 01:03:37,103 - WARNING - The .bam file refers to a chromosome 'GL000214.1-' not present in the annotation (.gtf) file
2022-10-13 01:03:37,103 - DEBUG - Marking up chromosome KI270708.1
2022-10-13 01:03:37,103 - WARNING - The .bam file refers to a chromosome 'KI270708.1+' not present in the annotation (.gtf) file
2022-10-13 01:03:37,103 - WARNING - The .bam file refers to a chromosome 'KI270708.1-' not present in the annotation (.gtf) file
2022-10-13 01:03:37,104 - DEBUG - Marking up chromosome KI270438.1
2022-10-13 01:03:37,104 - WARNING - The .bam file refers to a chromosome 'KI270438.1+' not present in the annotation (.gtf) file
2022-10-13 01:03:37,104 - WARNING - The .bam file refers to a chromosome 'KI270438.1-' not present in the annotation (.gtf) file
2022-10-13 01:03:37,104 - DEBUG - Marking up chromosome KI270737.1
2022-10-13 01:03:37,104 - WARNING - The .bam file refers to a chromosome 'KI270737.1+' not present in the annotation (.gtf) file
2022-10-13 01:03:37,104 - WARNING - The .bam file refers to a chromosome 'KI270737.1-' not present in the annotation (.gtf) file
2022-10-13 01:03:37,105 - DEBUG - Marking up chromosome KI270721.1
2022-10-13 01:03:37,105 - WARNING - The .bam file refers to a chromosome 'KI270721.1-' not present in the annotation (.gtf) file
2022-10-13 01:03:37,108 - DEBUG - Marking up chromosome KI270738.1
2022-10-13 01:03:37,108 - WARNING - The .bam file refers to a chromosome 'KI270738.1+' not present in the annotation (.gtf) file
2022-10-13 01:03:37,108 - WARNING - The .bam file refers to a chromosome 'KI270738.1-' not present in the annotation (.gtf) file
2022-10-13 01:03:37,110 - DEBUG - Marking up chromosome KI270748.1
2022-10-13 01:03:37,110 - WARNING - The .bam file refers to a chromosome 'KI270748.1+' not present in the annotation (.gtf) file
2022-10-13 01:03:37,110 - WARNING - The .bam file refers to a chromosome 'KI270748.1-' not present in the annotation (.gtf) file
2022-10-13 01:03:37,111 - DEBUG - Marking up chromosome KI270435.1
2022-10-13 01:03:37,111 - WARNING - The .bam file refers to a chromosome 'KI270435.1+' not present in the annotation (.gtf) file
2022-10-13 01:03:37,111 - WARNING - The .bam file refers to a chromosome 'KI270435.1-' not present in the annotation (.gtf) file
2022-10-13 01:03:37,111 - DEBUG - Marking up chromosome GL000208.1
2022-10-13 01:03:37,111 - WARNING - The .bam file refers to a chromosome 'GL000208.1+' not present in the annotation (.gtf) file
2022-10-13 01:03:37,111 - WARNING - The .bam file refers to a chromosome 'GL000208.1-' not present in the annotation (.gtf) file
2022-10-13 01:03:37,112 - DEBUG - Marking up chromosome KI270538.1
2022-10-13 01:03:37,112 - WARNING - The .bam file refers to a chromosome 'KI270538.1+' not present in the annotation (.gtf) file
2022-10-13 01:03:37,112 - WARNING - The .bam file refers to a chromosome 'KI270538.1-' not present in the annotation (.gtf) file
2022-10-13 01:03:37,112 - DEBUG - Marking up chromosome KI270709.1
2022-10-13 01:03:37,112 - WARNING - The .bam file refers to a chromosome 'KI270709.1+' not present in the annotation (.gtf) file
2022-10-13 01:03:37,112 - WARNING - The .bam file refers to a chromosome 'KI270709.1-' not present in the annotation (.gtf) file
2022-10-13 01:03:37,114 - DEBUG - Marking up chromosome KI270746.1
2022-10-13 01:03:37,114 - WARNING - The .bam file refers to a chromosome 'KI270746.1+' not present in the annotation (.gtf) file
2022-10-13 01:03:37,114 - WARNING - The .bam file refers to a chromosome 'KI270746.1-' not present in the annotation (.gtf) file
2022-10-13 01:03:37,114 - DEBUG - Marking up chromosome KI270753.1
2022-10-13 01:03:37,114 - WARNING - The .bam file refers to a chromosome 'KI270753.1+' not present in the annotation (.gtf) file
2022-10-13 01:03:37,114 - WARNING - The .bam file refers to a chromosome 'KI270753.1-' not present in the annotation (.gtf) file
2022-10-13 01:03:37,115 - DEBUG - Marking up chromosome KI270589.1
2022-10-13 01:03:37,115 - WARNING - The .bam file refers to a chromosome 'KI270589.1+' not present in the annotation (.gtf) file
2022-10-13 01:03:37,115 - WARNING - The .bam file refers to a chromosome 'KI270589.1-' not present in the annotation (.gtf) file
2022-10-13 01:03:37,115 - DEBUG - Marking up chromosome KI270726.1
2022-10-13 01:03:37,115 - WARNING - The .bam file refers to a chromosome 'KI270726.1-' not present in the annotation (.gtf) file
2022-10-13 01:03:37,115 - DEBUG - Marking up chromosome KI270735.1
2022-10-13 01:03:37,115 - WARNING - The .bam file refers to a chromosome 'KI270735.1+' not present in the annotation (.gtf) file
2022-10-13 01:03:37,115 - WARNING - The .bam file refers to a chromosome 'KI270735.1-' not present in the annotation (.gtf) file
2022-10-13 01:03:37,115 - DEBUG - Marking up chromosome KI270711.1
2022-10-13 01:03:37,116 - WARNING - The .bam file refers to a chromosome 'KI270711.1+' not present in the annotation (.gtf) file
2022-10-13 01:03:37,162 - DEBUG - Marking up chromosome KI270745.1
2022-10-13 01:03:37,163 - WARNING - The .bam file refers to a chromosome 'KI270745.1+' not present in the annotation (.gtf) file
2022-10-13 01:03:37,163 - WARNING - The .bam file refers to a chromosome 'KI270745.1-' not present in the annotation (.gtf) file
2022-10-13 01:03:37,165 - DEBUG - Marking up chromosome KI270714.1
2022-10-13 01:03:37,165 - WARNING - The .bam file refers to a chromosome 'KI270714.1+' not present in the annotation (.gtf) file
2022-10-13 01:03:37,165 - WARNING - The .bam file refers to a chromosome 'KI270714.1-' not present in the annotation (.gtf) file
2022-10-13 01:03:37,167 - DEBUG - Marking up chromosome KI270732.1
2022-10-13 01:03:37,167 - WARNING - The .bam file refers to a chromosome 'KI270732.1+' not present in the annotation (.gtf) file
2022-10-13 01:03:37,168 - WARNING - The .bam file refers to a chromosome 'KI270732.1-' not present in the annotation (.gtf) file
2022-10-13 01:03:37,168 - DEBUG - Marking up chromosome KI270713.1
2022-10-13 01:03:37,186 - DEBUG - Marking up chromosome KI270717.1
2022-10-13 01:03:37,186 - WARNING - The .bam file refers to a chromosome 'KI270717.1+' not present in the annotation (.gtf) file
2022-10-13 01:03:37,186 - WARNING - The .bam file refers to a chromosome 'KI270717.1-' not present in the annotation (.gtf) file
2022-10-13 01:03:37,188 - DEBUG - Marking up chromosome KI270720.1
2022-10-13 01:03:37,188 - WARNING - The .bam file refers to a chromosome 'KI270720.1+' not present in the annotation (.gtf) file
2022-10-13 01:03:37,188 - WARNING - The .bam file refers to a chromosome 'KI270720.1-' not present in the annotation (.gtf) file
2022-10-13 01:03:37,189 - DEBUG - Marking up chromosome KI270723.1
2022-10-13 01:03:37,189 - WARNING - The .bam file refers to a chromosome 'KI270723.1+' not present in the annotation (.gtf) file
2022-10-13 01:03:37,189 - WARNING - The .bam file refers to a chromosome 'KI270723.1-' not present in the annotation (.gtf) file
2022-10-13 01:03:37,190 - DEBUG - Marking up chromosome KI270718.1
2022-10-13 01:03:37,190 - WARNING - The .bam file refers to a chromosome 'KI270718.1+' not present in the annotation (.gtf) file
2022-10-13 01:03:37,190 - WARNING - The .bam file refers to a chromosome 'KI270718.1-' not present in the annotation (.gtf) file
2022-10-13 01:03:37,220 - DEBUG - Marking up chromosome KI270755.1
2022-10-13 01:03:37,220 - WARNING - The .bam file refers to a chromosome 'KI270755.1+' not present in the annotation (.gtf) file
2022-10-13 01:03:37,220 - WARNING - The .bam file refers to a chromosome 'KI270755.1-' not present in the annotation (.gtf) file
2022-10-13 01:03:37,221 - DEBUG - Marking up chromosome KI270707.1
2022-10-13 01:03:37,221 - WARNING - The .bam file refers to a chromosome 'KI270707.1+' not present in the annotation (.gtf) file
2022-10-13 01:03:37,221 - WARNING - The .bam file refers to a chromosome 'KI270707.1-' not present in the annotation (.gtf) file
2022-10-13 01:03:37,221 - DEBUG - Marking up chromosome KI270579.1
2022-10-13 01:03:37,221 - WARNING - The .bam file refers to a chromosome 'KI270579.1+' not present in the annotation (.gtf) file
2022-10-13 01:03:37,221 - WARNING - The .bam file refers to a chromosome 'KI270579.1-' not present in the annotation (.gtf) file
2022-10-13 01:03:37,222 - DEBUG - Marking up chromosome KI270311.1
2022-10-13 01:03:37,222 - WARNING - The .bam file refers to a chromosome 'KI270311.1+' not present in the annotation (.gtf) file
2022-10-13 01:03:37,222 - WARNING - The .bam file refers to a chromosome 'KI270311.1-' not present in the annotation (.gtf) file
2022-10-13 01:03:37,222 - DEBUG - Marking up chromosome KI270448.1
2022-10-13 01:03:37,222 - WARNING - The .bam file refers to a chromosome 'KI270448.1+' not present in the annotation (.gtf) file
2022-10-13 01:03:37,222 - WARNING - The .bam file refers to a chromosome 'KI270448.1-' not present in the annotation (.gtf) file
2022-10-13 01:03:37,222 - DEBUG - Marking up chromosome KI270591.1
2022-10-13 01:03:37,222 - WARNING - The .bam file refers to a chromosome 'KI270591.1+' not present in the annotation (.gtf) file
2022-10-13 01:03:37,222 - WARNING - The .bam file refers to a chromosome 'KI270591.1-' not present in the annotation (.gtf) file
2022-10-13 01:03:37,222 - DEBUG - Marking up chromosome KI270467.1
2022-10-13 01:03:37,222 - WARNING - The .bam file refers to a chromosome 'KI270467.1+' not present in the annotation (.gtf) file
2022-10-13 01:03:37,222 - WARNING - The .bam file refers to a chromosome 'KI270467.1-' not present in the annotation (.gtf) file
2022-10-13 01:03:37,222 - DEBUG - Marking up chromosome KI270517.1
2022-10-13 01:03:37,222 - WARNING - The .bam file refers to a chromosome 'KI270517.1+' not present in the annotation (.gtf) file
2022-10-13 01:03:37,222 - WARNING - The .bam file refers to a chromosome 'KI270517.1-' not present in the annotation (.gtf) file
2022-10-13 01:03:37,222 - DEBUG - Marking up chromosome KI270303.1
2022-10-13 01:03:37,222 - WARNING - The .bam file refers to a chromosome 'KI270303.1+' not present in the annotation (.gtf) file
2022-10-13 01:03:37,222 - WARNING - The .bam file refers to a chromosome 'KI270303.1-' not present in the annotation (.gtf) file
2022-10-13 01:03:37,223 - DEBUG - Marking up chromosome KI270330.1
2022-10-13 01:03:37,223 - WARNING - The .bam file refers to a chromosome 'KI270330.1+' not present in the annotation (.gtf) file
2022-10-13 01:03:37,223 - WARNING - The .bam file refers to a chromosome 'KI270330.1-' not present in the annotation (.gtf) file
2022-10-13 01:03:49,556 - DEBUG - Read first 400 million reads
2022-10-13 01:03:58,519 - DEBUG - End of file. Reset index: start scanning from initial position.
2022-10-13 01:03:58,520 - DEBUG - 18203780 reads were skipped because no apropiate cell or umi barcode was found
2022-10-13 01:03:58,520 - DEBUG - Start molecule counting!
2022-10-13 01:04:02,077 - DEBUG - Features available for chromosomes : ['GL000009.2-', 'GL000194.1-', 'GL000195.1-', 'GL000195.1+', 'GL000205.2-', 'GL000213.1-', 'GL000218.1-', 'GL000219.1-', 'KI270711.1-', 'KI270713.1-', 'KI270713.1+', 'KI270721.1+', 'KI270726.1+', 'KI270727.1-', 'KI270727.1+', 'KI270728.1-', 'KI270728.1+', 'KI270731.1-', 'KI270734.1-', 'KI270734.1+', '1-', '1+', '10-', '10+', '11-', '11+', '12-', '12+', '13-', '13+', '14-', '14+', '15-', '15+', '16-', '16+', '17-', '17+', '18-', '18+', '19-', '19+', '2-', '2+', '20-', '20+', '21-', '21+', '22-', '22+', '3-', '3+', '4-', '4+', '5-', '5+', '6-', '6+', '7-', '7+', '8-', '8+', '9-', '9+', 'M-', 'M+', 'X-', 'X+', 'Y-', 'Y+']
2022-10-13 01:04:02,077 - DEBUG - Mask available for chromosomes : []
2022-10-13 01:04:02,077 - DEBUG - Summarizing the results of intron validation.
2022-10-13 01:04:02,788 - DEBUG - Validated 694094 introns (of which unique intervals 215447) out of 1106199 total possible introns (considering each possible transcript models).
2022-10-13 01:04:02,788 - DEBUG - Reading /storage/singlecell/zz4/fetal_bash/data/Retina_fetal/Multiome_12w3d_FR/outs/cellsorted_gex_possorted_bam.bam
2022-10-13 01:04:02,857 - DEBUG - Read first 0 million reads
2022-10-13 01:04:36,734 - DEBUG - Read first 10 million reads
2022-10-13 01:05:07,549 - DEBUG - Read first 20 million reads
2022-10-13 01:05:51,549 - DEBUG - Counting for batch 1, containing 100 cells and 3363459 reads
2022-10-13 01:07:46,709 - DEBUG - 0 reads not considered because fully enclosed in repeat masked regions
2022-10-13 01:08:56,269 - DEBUG - Counting for batch 2, containing 100 cells and 3777796 reads
2022-10-13 01:11:08,684 - DEBUG - 0 reads not considered because fully enclosed in repeat masked regions
2022-10-13 01:11:41,421 - DEBUG - Read first 30 million reads
2022-10-13 01:12:08,870 - DEBUG - Counting for batch 3, containing 100 cells and 3524767 reads
2022-10-13 01:14:05,424 - DEBUG - 0 reads not considered because fully enclosed in repeat masked regions
2022-10-13 01:15:18,771 - DEBUG - Counting for batch 4, containing 100 cells and 3956933 reads
2022-10-13 01:17:32,573 - DEBUG - 0 reads not considered because fully enclosed in repeat masked regions
2022-10-13 01:18:16,197 - DEBUG - Read first 40 million reads
2022-10-13 01:18:40,062 - DEBUG - Counting for batch 5, containing 100 cells and 3649288 reads
2022-10-13 01:20:46,471 - DEBUG - 0 reads not considered because fully enclosed in repeat masked regions
2022-10-13 01:21:52,565 - DEBUG - Counting for batch 6, containing 100 cells and 4036932 reads
2022-10-13 01:24:09,974 - DEBUG - 0 reads not considered because fully enclosed in repeat masked regions
2022-10-13 01:25:02,464 - DEBUG - Read first 50 million reads
2022-10-13 01:25:33,610 - DEBUG - Counting for batch 7, containing 100 cells and 4903204 reads
2022-10-13 01:28:16,071 - DEBUG - 0 reads not considered because fully enclosed in repeat masked regions
2022-10-13 01:29:35,581 - DEBUG - Counting for batch 8, containing 100 cells and 3785693 reads
2022-10-13 01:31:45,039 - DEBUG - 0 reads not considered because fully enclosed in repeat masked regions
2022-10-13 01:32:31,918 - DEBUG - Read first 60 million reads
2022-10-13 01:32:56,847 - DEBUG - Counting for batch 9, containing 100 cells and 4371833 reads
2022-10-13 01:35:26,122 - DEBUG - 0 reads not considered because fully enclosed in repeat masked regions
2022-10-13 01:36:31,662 - DEBUG - Counting for batch 10, containing 100 cells and 3392614 reads
2022-10-13 01:38:28,750 - DEBUG - 0 reads not considered because fully enclosed in repeat masked regions
2022-10-13 01:39:19,034 - DEBUG - Read first 70 million reads
2022-10-13 01:39:40,676 - DEBUG - Counting for batch 11, containing 100 cells and 4414053 reads
2022-10-13 01:42:09,525 - DEBUG - 0 reads not considered because fully enclosed in repeat masked regions
2022-10-13 01:43:25,865 - DEBUG - Counting for batch 12, containing 100 cells and 3865535 reads
2022-10-13 01:45:34,402 - DEBUG - 0 reads not considered because fully enclosed in repeat masked regions
2022-10-13 01:46:36,535 - DEBUG - Counting for batch 13, containing 100 cells and 2915508 reads
2022-10-13 01:48:18,583 - DEBUG - 0 reads not considered because fully enclosed in repeat masked regions
2022-10-13 01:48:39,723 - DEBUG - Read first 80 million reads
2022-10-13 01:49:30,659 - DEBUG - Counting for batch 14, containing 100 cells and 4546474 reads
2022-10-13 01:52:00,716 - DEBUG - 0 reads not considered because fully enclosed in repeat masked regions
2022-10-13 01:53:20,155 - DEBUG - Counting for batch 15, containing 100 cells and 3934846 reads
2022-10-13 01:55:28,858 - DEBUG - 0 reads not considered because fully enclosed in repeat masked regions
2022-10-13 01:55:56,683 - DEBUG - Read first 90 million reads
2022-10-13 01:56:40,142 - DEBUG - Counting for batch 16, containing 100 cells and 3957748 reads
2022-10-13 01:58:58,458 - DEBUG - 0 reads not considered because fully enclosed in repeat masked regions
2022-10-13 02:00:03,243 - DEBUG - Counting for batch 17, containing 100 cells and 3969394 reads
2022-10-13 02:02:23,455 - DEBUG - 0 reads not considered because fully enclosed in repeat masked regions
2022-10-13 02:02:58,257 - DEBUG - Read first 100 million reads
2022-10-13 02:03:44,298 - DEBUG - Counting for batch 18, containing 100 cells and 4927605 reads
2022-10-13 02:06:29,390 - DEBUG - 0 reads not considered because fully enclosed in repeat masked regions
2022-10-13 02:07:38,563 - DEBUG - Counting for batch 19, containing 100 cells and 3360092 reads
2022-10-13 02:09:29,414 - DEBUG - 0 reads not considered because fully enclosed in repeat masked regions
2022-10-13 02:09:53,938 - DEBUG - Read first 110 million reads
2022-10-13 02:10:34,913 - DEBUG - Counting for batch 20, containing 100 cells and 4258346 reads
2022-10-13 02:12:58,443 - DEBUG - 0 reads not considered because fully enclosed in repeat masked regions
2022-10-13 02:14:22,063 - DEBUG - Counting for batch 21, containing 100 cells and 4191685 reads
2022-10-13 02:16:48,084 - DEBUG - 0 reads not considered because fully enclosed in repeat masked regions
2022-10-13 02:17:17,813 - DEBUG - Read first 120 million reads
2022-10-13 02:17:51,136 - DEBUG - Counting for batch 22, containing 100 cells and 3638472 reads
2022-10-13 02:19:54,225 - DEBUG - 0 reads not considered because fully enclosed in repeat masked regions
2022-10-13 02:21:08,624 - DEBUG - Counting for batch 23, containing 100 cells and 4620639 reads
2022-10-13 02:23:40,265 - DEBUG - 0 reads not considered because fully enclosed in repeat masked regions
2022-10-13 02:24:14,282 - DEBUG - Read first 130 million reads
2022-10-13 02:24:53,479 - DEBUG - Counting for batch 24, containing 100 cells and 3734227 reads
2022-10-13 02:27:00,895 - DEBUG - 0 reads not considered because fully enclosed in repeat masked regions
2022-10-13 02:28:07,315 - DEBUG - Counting for batch 25, containing 100 cells and 3761791 reads
2022-10-13 02:30:09,886 - DEBUG - 0 reads not considered because fully enclosed in repeat masked regions
2022-10-13 02:30:49,000 - DEBUG - Read first 140 million reads
2022-10-13 02:31:18,229 - DEBUG - Counting for batch 26, containing 100 cells and 3492802 reads
2022-10-13 02:33:12,710 - DEBUG - 0 reads not considered because fully enclosed in repeat masked regions
2022-10-13 02:34:27,383 - DEBUG - Counting for batch 27, containing 100 cells and 4326939 reads
2022-10-13 02:36:45,063 - DEBUG - 0 reads not considered because fully enclosed in repeat masked regions
2022-10-13 02:37:36,003 - DEBUG - Read first 150 million reads
2022-10-13 02:37:57,134 - DEBUG - Counting for batch 28, containing 100 cells and 3531031 reads
2022-10-13 02:39:53,337 - DEBUG - 0 reads not considered because fully enclosed in repeat masked regions
2022-10-13 02:41:02,617 - DEBUG - Counting for batch 29, containing 100 cells and 4146290 reads
2022-10-13 02:43:21,164 - DEBUG - 0 reads not considered because fully enclosed in repeat masked regions
2022-10-13 02:44:14,945 - DEBUG - Read first 160 million reads
2022-10-13 02:44:39,628 - DEBUG - Counting for batch 30, containing 100 cells and 4737996 reads
2022-10-13 02:47:09,645 - DEBUG - 0 reads not considered because fully enclosed in repeat masked regions
2022-10-13 02:48:28,599 - DEBUG - Counting for batch 31, containing 100 cells and 3709656 reads
2022-10-13 02:50:28,271 - DEBUG - 0 reads not considered because fully enclosed in repeat masked regions
2022-10-13 02:51:24,602 - DEBUG - Read first 170 million reads
2022-10-13 02:51:37,010 - DEBUG - Counting for batch 32, containing 100 cells and 3919805 reads
2022-10-13 02:53:50,026 - DEBUG - 0 reads not considered because fully enclosed in repeat masked regions
2022-10-13 02:54:51,185 - DEBUG - Counting for batch 33, containing 100 cells and 3403211 reads
2022-10-13 02:56:42,005 - DEBUG - 0 reads not considered because fully enclosed in repeat masked regions
2022-10-13 02:57:35,664 - DEBUG - Counting for batch 34, containing 100 cells and 2822034 reads
2022-10-13 02:59:09,122 - DEBUG - 0 reads not considered because fully enclosed in repeat masked regions
2022-10-13 02:59:38,528 - DEBUG - Read first 180 million reads
2022-10-13 03:00:07,917 - DEBUG - Counting for batch 35, containing 100 cells and 3773299 reads
2022-10-13 03:02:15,350 - DEBUG - 0 reads not considered because fully enclosed in repeat masked regions
2022-10-13 03:03:19,485 - DEBUG - Counting for batch 36, containing 100 cells and 3806431 reads
2022-10-13 03:05:27,891 - DEBUG - 0 reads not considered because fully enclosed in repeat masked regions
2022-10-13 03:06:15,333 - DEBUG - Read first 190 million reads
2022-10-13 03:06:38,951 - DEBUG - Counting for batch 37, containing 100 cells and 4301076 reads
2022-10-13 03:09:02,211 - DEBUG - 0 reads not considered because fully enclosed in repeat masked regions
2022-10-13 03:10:15,383 - DEBUG - Counting for batch 38, containing 100 cells and 4105763 reads
2022-10-13 03:12:25,611 - DEBUG - 0 reads not considered because fully enclosed in repeat masked regions
2022-10-13 03:13:17,663 - DEBUG - Read first 200 million reads
2022-10-13 03:13:34,386 - DEBUG - Counting for batch 39, containing 100 cells and 3681129 reads
2022-10-13 03:15:40,322 - DEBUG - 0 reads not considered because fully enclosed in repeat masked regions
2022-10-13 03:16:44,513 - DEBUG - Counting for batch 40, containing 100 cells and 3831639 reads
2022-10-13 03:18:56,145 - DEBUG - 0 reads not considered because fully enclosed in repeat masked regions
2022-10-13 03:19:53,707 - DEBUG - Read first 210 million reads
2022-10-13 03:19:59,506 - DEBUG - Counting for batch 41, containing 100 cells and 3680948 reads
2022-10-13 03:22:03,762 - DEBUG - 0 reads not considered because fully enclosed in repeat masked regions
2022-10-13 03:23:15,933 - DEBUG - Counting for batch 42, containing 100 cells and 4389974 reads
2022-10-13 03:25:42,546 - DEBUG - 0 reads not considered because fully enclosed in repeat masked regions
2022-10-13 03:26:44,254 - DEBUG - Counting for batch 43, containing 100 cells and 3377222 reads
2022-10-13 03:28:35,063 - DEBUG - 0 reads not considered because fully enclosed in repeat masked regions
2022-10-13 03:28:58,473 - DEBUG - Read first 220 million reads
2022-10-13 03:29:33,526 - DEBUG - Counting for batch 44, containing 100 cells and 3314598 reads
2022-10-13 03:31:27,782 - DEBUG - 0 reads not considered because fully enclosed in repeat masked regions
2022-10-13 03:32:28,670 - DEBUG - Counting for batch 45, containing 100 cells and 3835452 reads
2022-10-13 03:34:37,530 - DEBUG - 0 reads not considered because fully enclosed in repeat masked regions
2022-10-13 03:35:16,419 - DEBUG - Read first 230 million reads
2022-10-13 03:35:33,216 - DEBUG - Counting for batch 46, containing 100 cells and 3234969 reads
2022-10-13 03:37:21,677 - DEBUG - 0 reads not considered because fully enclosed in repeat masked regions
2022-10-13 03:38:27,308 - DEBUG - Counting for batch 47, containing 100 cells and 4048543 reads
2022-10-13 03:40:40,612 - DEBUG - 0 reads not considered because fully enclosed in repeat masked regions
2022-10-13 03:41:34,077 - DEBUG - Read first 240 million reads
2022-10-13 03:41:46,986 - DEBUG - Counting for batch 48, containing 100 cells and 3578688 reads
2022-10-13 03:43:53,467 - DEBUG - 0 reads not considered because fully enclosed in repeat masked regions
2022-10-13 03:45:09,073 - DEBUG - Counting for batch 49, containing 100 cells and 3606667 reads
2022-10-13 03:47:17,795 - DEBUG - 0 reads not considered because fully enclosed in repeat masked regions
2022-10-13 03:48:21,953 - DEBUG - Counting for batch 50, containing 100 cells and 3211457 reads
2022-10-13 03:50:08,210 - DEBUG - 0 reads not considered because fully enclosed in repeat masked regions
2022-10-13 03:50:34,216 - DEBUG - Read first 250 million reads
2022-10-13 03:51:03,927 - DEBUG - Counting for batch 51, containing 100 cells and 2927800 reads
2022-10-13 03:52:45,256 - DEBUG - 0 reads not considered because fully enclosed in repeat masked regions
2022-10-13 03:53:53,403 - DEBUG - Counting for batch 52, containing 100 cells and 3764339 reads
2022-10-13 03:56:02,298 - DEBUG - 0 reads not considered because fully enclosed in repeat masked regions
2022-10-13 03:56:45,266 - DEBUG - Read first 260 million reads
2022-10-13 03:56:59,238 - DEBUG - Counting for batch 53, containing 100 cells and 3248713 reads
2022-10-13 03:58:45,393 - DEBUG - 0 reads not considered because fully enclosed in repeat masked regions
2022-10-13 03:59:58,214 - DEBUG - Counting for batch 54, containing 100 cells and 3985619 reads
2022-10-13 04:02:18,561 - DEBUG - 0 reads not considered because fully enclosed in repeat masked regions
2022-10-13 04:03:15,767 - DEBUG - Read first 270 million reads
2022-10-13 04:03:35,383 - DEBUG - Counting for batch 55, containing 100 cells and 4809322 reads
2022-10-13 04:06:17,921 - DEBUG - 0 reads not considered because fully enclosed in repeat masked regions
2022-10-13 04:07:37,761 - DEBUG - Counting for batch 56, containing 100 cells and 4351905 reads
2022-10-13 04:10:04,188 - DEBUG - 0 reads not considered because fully enclosed in repeat masked regions
2022-10-13 04:10:57,871 - DEBUG - Read first 280 million reads
2022-10-13 04:11:04,468 - DEBUG - Counting for batch 57, containing 100 cells and 3345091 reads
2022-10-13 04:12:55,062 - DEBUG - 0 reads not considered because fully enclosed in repeat masked regions
2022-10-13 04:13:50,893 - DEBUG - Counting for batch 58, containing 100 cells and 2994195 reads
2022-10-13 04:15:29,345 - DEBUG - 0 reads not considered because fully enclosed in repeat masked regions
2022-10-13 04:16:24,901 - DEBUG - Counting for batch 59, containing 100 cells and 3348481 reads
2022-10-13 04:18:19,454 - DEBUG - 0 reads not considered because fully enclosed in repeat masked regions
2022-10-13 04:18:54,520 - DEBUG - Read first 290 million reads
2022-10-13 04:19:32,607 - DEBUG - Counting for batch 60, containing 100 cells and 4817563 reads
2022-10-13 04:22:04,971 - DEBUG - 0 reads not considered because fully enclosed in repeat masked regions
2022-10-13 04:23:13,127 - DEBUG - Counting for batch 61, containing 100 cells and 3053666 reads
2022-10-13 04:24:52,111 - DEBUG - 0 reads not considered because fully enclosed in repeat masked regions
2022-10-13 04:25:37,260 - DEBUG - Read first 300 million reads
2022-10-13 04:25:55,432 - DEBUG - Counting for batch 62, containing 100 cells and 3557532 reads
2022-10-13 04:27:55,169 - DEBUG - 0 reads not considered because fully enclosed in repeat masked regions
2022-10-13 04:29:00,370 - DEBUG - Counting for batch 63, containing 100 cells and 3696563 reads
2022-10-13 04:31:05,912 - DEBUG - 0 reads not considered because fully enclosed in repeat masked regions
2022-10-13 04:32:06,099 - DEBUG - Read first 310 million reads
2022-10-13 04:32:14,969 - DEBUG - Counting for batch 64, containing 100 cells and 4472401 reads
2022-10-13 04:34:44,023 - DEBUG - 0 reads not considered because fully enclosed in repeat masked regions
2022-10-13 04:35:51,930 - DEBUG - Counting for batch 65, containing 100 cells and 3193818 reads
2022-10-13 04:37:37,480 - DEBUG - 0 reads not considered because fully enclosed in repeat masked regions
2022-10-13 04:38:45,778 - DEBUG - Read first 320 million reads
2022-10-13 04:38:59,255 - DEBUG - Counting for batch 66, containing 100 cells and 5438899 reads
2022-10-13 04:42:03,061 - DEBUG - 0 reads not considered because fully enclosed in repeat masked regions
2022-10-13 04:43:09,077 - DEBUG - Counting for batch 67, containing 100 cells and 3207003 reads
2022-10-13 04:44:51,599 - DEBUG - 0 reads not considered because fully enclosed in repeat masked regions
2022-10-13 04:45:53,691 - DEBUG - Counting for batch 68, containing 100 cells and 3761203 reads
2022-10-13 04:47:56,547 - DEBUG - 0 reads not considered because fully enclosed in repeat masked regions
2022-10-13 04:48:25,495 - DEBUG - Read first 330 million reads
2022-10-13 04:49:10,647 - DEBUG - Counting for batch 69, containing 100 cells and 4227087 reads
2022-10-13 04:51:25,470 - DEBUG - 0 reads not considered because fully enclosed in repeat masked regions
2022-10-13 04:52:28,414 - DEBUG - Counting for batch 70, containing 100 cells and 3315760 reads
2022-10-13 04:54:20,335 - DEBUG - 0 reads not considered because fully enclosed in repeat masked regions
2022-10-13 04:54:55,465 - DEBUG - Read first 340 million reads
2022-10-13 04:55:25,579 - DEBUG - Counting for batch 71, containing 100 cells and 4323233 reads
2022-10-13 04:57:51,692 - DEBUG - 0 reads not considered because fully enclosed in repeat masked regions
2022-10-13 04:58:59,325 - DEBUG - Counting for batch 72, containing 100 cells and 3625177 reads
2022-10-13 05:00:57,996 - DEBUG - 0 reads not considered because fully enclosed in repeat masked regions
2022-10-13 05:01:42,502 - DEBUG - Read first 350 million reads
2022-10-13 05:02:07,482 - DEBUG - Counting for batch 73, containing 100 cells and 3863421 reads
2022-10-13 05:04:20,019 - DEBUG - 0 reads not considered because fully enclosed in repeat masked regions
2022-10-13 05:05:15,027 - DEBUG - Counting for batch 74, containing 100 cells and 2976491 reads
2022-10-13 05:06:52,040 - DEBUG - 0 reads not considered because fully enclosed in repeat masked regions
2022-10-13 05:07:52,074 - DEBUG - Read first 360 million reads
2022-10-13 05:07:58,815 - DEBUG - Counting for batch 75, containing 100 cells and 4200072 reads
2022-10-13 05:10:19,782 - DEBUG - 0 reads not considered because fully enclosed in repeat masked regions
2022-10-13 05:11:25,734 - DEBUG - Counting for batch 76, containing 100 cells and 3784486 reads
2022-10-13 05:13:27,285 - DEBUG - 0 reads not considered because fully enclosed in repeat masked regions
2022-10-13 05:14:38,066 - DEBUG - Read first 370 million reads
2022-10-13 05:14:42,024 - DEBUG - Counting for batch 77, containing 100 cells and 4490247 reads
2022-10-13 05:17:11,094 - DEBUG - 0 reads not considered because fully enclosed in repeat masked regions
2022-10-13 05:18:13,425 - DEBUG - Counting for batch 78, containing 100 cells and 3072815 reads
2022-10-13 05:19:53,964 - DEBUG - 0 reads not considered because fully enclosed in repeat masked regions
2022-10-13 05:21:00,313 - DEBUG - Counting for batch 79, containing 100 cells and 4274103 reads
2022-10-13 05:23:20,490 - DEBUG - 0 reads not considered because fully enclosed in repeat masked regions
2022-10-13 05:23:54,066 - DEBUG - Read first 380 million reads
2022-10-13 05:24:21,231 - DEBUG - Counting for batch 80, containing 100 cells and 3337230 reads
2022-10-13 05:26:09,707 - DEBUG - 0 reads not considered because fully enclosed in repeat masked regions
2022-10-13 05:27:10,226 - DEBUG - Counting for batch 81, containing 100 cells and 3559896 reads
2022-10-13 05:28:59,759 - DEBUG - 0 reads not considered because fully enclosed in repeat masked regions
2022-10-13 05:29:51,864 - DEBUG - Read first 390 million reads
2022-10-13 05:30:07,085 - DEBUG - Counting for batch 82, containing 100 cells and 3613900 reads
2022-10-13 05:31:57,321 - DEBUG - 0 reads not considered because fully enclosed in repeat masked regions
2022-10-13 05:32:58,639 - DEBUG - Counting for batch 83, containing 100 cells and 3567119 reads
2022-10-13 05:34:50,145 - DEBUG - 0 reads not considered because fully enclosed in repeat masked regions
2022-10-13 05:35:47,075 - DEBUG - Counting for batch 84, containing 100 cells and 3562639 reads
2022-10-13 05:37:45,020 - DEBUG - 0 reads not considered because fully enclosed in repeat masked regions
2022-10-13 05:38:07,581 - DEBUG - Read first 400 million reads
2022-10-13 05:38:53,626 - DEBUG - Counting for batch 85, containing 100 cells and 4497847 reads
2022-10-13 05:41:11,975 - DEBUG - 0 reads not considered because fully enclosed in repeat masked regions
2022-10-13 05:41:52,707 - DEBUG - Counting for batch 86, containing 22 cells and 891998 reads
2022-10-13 05:42:20,143 - DEBUG - 0 reads not considered because fully enclosed in repeat masked regions
2022-10-13 05:42:25,467 - DEBUG - 18203780 reads were skipped because no apropiate cell or umi barcode was found
2022-10-13 05:42:25,467 - DEBUG - Counting done!
2022-10-13 05:42:25,521 - DEBUG - Generating output file /storage/singlecell/zz4/fetal_bash/results/RNA_velocity/Multiome_12w3d_FR/Multiome_12w3d_FR.loom
2022-10-13 05:42:25,521 - DEBUG - Collecting row attributes
2022-10-13 05:42:25,687 - DEBUG - Generating data table
2022-10-13 05:42:29,050 - DEBUG - Writing loom file
2022-10-13 05:42:33,215 - DEBUG - Creating converter from 5 to 3
2022-10-13 05:42:33,217 - DEBUG - Creating converter from 3 to 5
2022-10-13 05:42:56,668 - DEBUG - Terminated Succesfully!
ended at Thu Oct 13 05:43:01 CDT 2022 on mhgcp-g00.grid.bcm.edu. Time elapsed: 06:10:40
