starting at Wed Oct 12 16:48:28 CDT 2022 on mhgcp-g00.grid.bcm.edu
SLURM_JOBID=624153
2022-10-12 16:48:58,156 - DEBUG - Using logic: Default
2022-10-12 16:48:58,185 - INFO - Read 9195 cell barcodes from /storage/singlecell/zz4/fetal_bash/data/Retina_fetal/Multi_Fetal_14w5d_NR/outs/filtered_feature_bc_matrix/barcodes.tsv.gz
2022-10-12 16:48:58,186 - DEBUG - Example of barcode: AAACAGCCAAACGGGC and cell_id: Multi_Fetal_14w5d_NR:AAACAGCCAAACGGGC-1
2022-10-12 16:48:58,219 - DEBUG - Peeking into /storage/singlecell/zz4/fetal_bash/data/Retina_fetal/Multi_Fetal_14w5d_NR/outs/gex_possorted_bam.bam
2022-10-12 16:48:58,369 - WARNING - Not found cell and umi barcode in entry 2 of the bam file
2022-10-12 16:48:58,369 - WARNING - Not found cell and umi barcode in entry 21 of the bam file
2022-10-12 16:48:58,370 - WARNING - Not found cell and umi barcode in entry 54 of the bam file
2022-10-12 16:48:58,370 - WARNING - Not found cell and umi barcode in entry 55 of the bam file
2022-10-12 16:48:58,370 - WARNING - Not found cell and umi barcode in entry 56 of the bam file
2022-10-12 16:48:58,370 - WARNING - Not found cell and umi barcode in entry 57 of the bam file
2022-10-12 16:48:58,370 - WARNING - Not found cell and umi barcode in entry 112 of the bam file
2022-10-12 16:48:58,370 - WARNING - Not found cell and umi barcode in entry 121 of the bam file
2022-10-12 16:48:58,370 - WARNING - Not found cell and umi barcode in entry 135 of the bam file
2022-10-12 16:48:58,370 - WARNING - Not found cell and umi barcode in entry 140 of the bam file
2022-10-12 16:48:58,370 - WARNING - Not found cell and umi barcode in entry 142 of the bam file
2022-10-12 16:48:58,370 - WARNING - Not found cell and umi barcode in entry 144 of the bam file
2022-10-12 16:48:58,370 - WARNING - Not found cell and umi barcode in entry 145 of the bam file
2022-10-12 16:48:58,370 - WARNING - Not found cell and umi barcode in entry 248 of the bam file
2022-10-12 16:48:58,370 - WARNING - Not found cell and umi barcode in entry 251 of the bam file
2022-10-12 16:48:58,370 - WARNING - Not found cell and umi barcode in entry 252 of the bam file
2022-10-12 16:48:58,370 - WARNING - Not found cell and umi barcode in entry 253 of the bam file
2022-10-12 16:48:58,370 - WARNING - Not found cell and umi barcode in entry 267 of the bam file
2022-10-12 16:48:58,371 - WARNING - Not found cell and umi barcode in entry 377 of the bam file
2022-10-12 16:48:58,371 - WARNING - Not found cell and umi barcode in entry 437 of the bam file
2022-10-12 16:48:58,371 - WARNING - Not found cell and umi barcode in entry 443 of the bam file
2022-10-12 16:48:58,371 - WARNING - Not found cell and umi barcode in entry 448 of the bam file
2022-10-12 16:48:58,371 - WARNING - Not found cell and umi barcode in entry 452 of the bam file
2022-10-12 16:48:58,371 - WARNING - Not found cell and umi barcode in entry 454 of the bam file
2022-10-12 16:48:58,371 - WARNING - Not found cell and umi barcode in entry 458 of the bam file
2022-10-12 16:48:58,371 - WARNING - Not found cell and umi barcode in entry 464 of the bam file
2022-10-12 16:48:58,371 - WARNING - Not found cell and umi barcode in entry 502 of the bam file
2022-10-12 16:48:58,371 - WARNING - Not found cell and umi barcode in entry 508 of the bam file
2022-10-12 16:48:58,371 - WARNING - Not found cell and umi barcode in entry 509 of the bam file
2022-10-12 16:48:58,371 - WARNING - Not found cell and umi barcode in entry 513 of the bam file
2022-10-12 16:48:58,371 - WARNING - Not found cell and umi barcode in entry 516 of the bam file
2022-10-12 16:48:58,372 - WARNING - Not found cell and umi barcode in entry 530 of the bam file
2022-10-12 16:48:58,372 - WARNING - Not found cell and umi barcode in entry 552 of the bam file
2022-10-12 16:48:58,372 - WARNING - Not found cell and umi barcode in entry 553 of the bam file
2022-10-12 16:48:58,372 - WARNING - Not found cell and umi barcode in entry 665 of the bam file
2022-10-12 16:48:58,372 - WARNING - Not found cell and umi barcode in entry 673 of the bam file
2022-10-12 16:48:58,372 - WARNING - Not found cell and umi barcode in entry 704 of the bam file
2022-10-12 16:48:58,372 - WARNING - Not found cell and umi barcode in entry 792 of the bam file
2022-10-12 16:48:58,372 - WARNING - Not found cell and umi barcode in entry 793 of the bam file
2022-10-12 16:48:58,372 - WARNING - Not found cell and umi barcode in entry 801 of the bam file
2022-10-12 16:48:58,372 - WARNING - Not found cell and umi barcode in entry 807 of the bam file
2022-10-12 16:48:58,372 - WARNING - Not found cell and umi barcode in entry 808 of the bam file
2022-10-12 16:48:58,372 - WARNING - Not found cell and umi barcode in entry 821 of the bam file
2022-10-12 16:48:58,373 - WARNING - Not found cell and umi barcode in entry 824 of the bam file
2022-10-12 16:48:58,373 - WARNING - Not found cell and umi barcode in entry 825 of the bam file
2022-10-12 16:48:58,373 - WARNING - Not found cell and umi barcode in entry 826 of the bam file
2022-10-12 16:48:58,373 - WARNING - Not found cell and umi barcode in entry 827 of the bam file
2022-10-12 16:48:58,373 - WARNING - Not found cell and umi barcode in entry 832 of the bam file
2022-10-12 16:48:58,373 - WARNING - Not found cell and umi barcode in entry 833 of the bam file
2022-10-12 16:48:58,373 - WARNING - Not found cell and umi barcode in entry 838 of the bam file
2022-10-12 16:48:58,373 - WARNING - Not found cell and umi barcode in entry 839 of the bam file
2022-10-12 16:48:58,373 - WARNING - Not found cell and umi barcode in entry 840 of the bam file
2022-10-12 16:48:58,373 - WARNING - Not found cell and umi barcode in entry 841 of the bam file
2022-10-12 16:48:58,373 - WARNING - Not found cell and umi barcode in entry 845 of the bam file
2022-10-12 16:48:58,373 - WARNING - Not found cell and umi barcode in entry 846 of the bam file
2022-10-12 16:48:58,373 - WARNING - Not found cell and umi barcode in entry 871 of the bam file
2022-10-12 16:48:58,373 - WARNING - Not found cell and umi barcode in entry 873 of the bam file
2022-10-12 16:48:58,373 - WARNING - Not found cell and umi barcode in entry 875 of the bam file
2022-10-12 16:48:58,373 - WARNING - Not found cell and umi barcode in entry 879 of the bam file
2022-10-12 16:48:58,373 - WARNING - Not found cell and umi barcode in entry 890 of the bam file
2022-10-12 16:48:58,373 - WARNING - Not found cell and umi barcode in entry 893 of the bam file
2022-10-12 16:48:58,373 - WARNING - Not found cell and umi barcode in entry 894 of the bam file
2022-10-12 16:48:58,373 - WARNING - Not found cell and umi barcode in entry 908 of the bam file
2022-10-12 16:48:58,373 - WARNING - Not found cell and umi barcode in entry 909 of the bam file
2022-10-12 16:48:58,373 - WARNING - Not found cell and umi barcode in entry 910 of the bam file
2022-10-12 16:48:58,373 - WARNING - Not found cell and umi barcode in entry 927 of the bam file
2022-10-12 16:48:58,373 - WARNING - Not found cell and umi barcode in entry 937 of the bam file
2022-10-12 16:48:58,374 - WARNING - Not found cell and umi barcode in entry 938 of the bam file
2022-10-12 16:48:58,374 - WARNING - Not found cell and umi barcode in entry 947 of the bam file
2022-10-12 16:48:58,374 - WARNING - Not found cell and umi barcode in entry 948 of the bam file
2022-10-12 16:48:58,374 - WARNING - Not found cell and umi barcode in entry 949 of the bam file
2022-10-12 16:48:58,374 - WARNING - Not found cell and umi barcode in entry 950 of the bam file
2022-10-12 16:48:58,374 - WARNING - Not found cell and umi barcode in entry 958 of the bam file
2022-10-12 16:48:58,374 - WARNING - Not found cell and umi barcode in entry 959 of the bam file
2022-10-12 16:48:58,374 - WARNING - Not found cell and umi barcode in entry 962 of the bam file
2022-10-12 16:48:58,374 - WARNING - Not found cell and umi barcode in entry 963 of the bam file
2022-10-12 16:48:58,374 - WARNING - Not found cell and umi barcode in entry 966 of the bam file
2022-10-12 16:48:58,374 - WARNING - Not found cell and umi barcode in entry 969 of the bam file
2022-10-12 16:48:58,374 - WARNING - Not found cell and umi barcode in entry 972 of the bam file
2022-10-12 16:48:58,374 - WARNING - Not found cell and umi barcode in entry 986 of the bam file
2022-10-12 16:48:58,374 - WARNING - Not found cell and umi barcode in entry 987 of the bam file
2022-10-12 16:48:58,374 - WARNING - Not found cell and umi barcode in entry 994 of the bam file
2022-10-12 16:48:58,374 - WARNING - Not found cell and umi barcode in entry 995 of the bam file
2022-10-12 16:48:58,374 - WARNING - Not found cell and umi barcode in entry 996 of the bam file
2022-10-12 16:48:58,374 - WARNING - Not found cell and umi barcode in entry 1007 of the bam file
2022-10-12 16:48:58,374 - WARNING - Not found cell and umi barcode in entry 1009 of the bam file
2022-10-12 16:48:58,374 - WARNING - Not found cell and umi barcode in entry 1010 of the bam file
2022-10-12 16:48:58,374 - WARNING - Not found cell and umi barcode in entry 1011 of the bam file
2022-10-12 16:48:58,374 - WARNING - Not found cell and umi barcode in entry 1012 of the bam file
2022-10-12 16:48:58,374 - WARNING - Not found cell and umi barcode in entry 1013 of the bam file
2022-10-12 16:48:58,374 - WARNING - Not found cell and umi barcode in entry 1014 of the bam file
2022-10-12 16:48:58,374 - WARNING - Not found cell and umi barcode in entry 1017 of the bam file
2022-10-12 16:48:58,374 - WARNING - Not found cell and umi barcode in entry 1018 of the bam file
2022-10-12 16:48:58,374 - WARNING - Not found cell and umi barcode in entry 1021 of the bam file
2022-10-12 16:48:58,374 - WARNING - Not found cell and umi barcode in entry 1024 of the bam file
2022-10-12 16:48:58,375 - WARNING - Not found cell and umi barcode in entry 1025 of the bam file
2022-10-12 16:48:58,375 - WARNING - Not found cell and umi barcode in entry 1032 of the bam file
2022-10-12 16:48:58,375 - WARNING - Not found cell and umi barcode in entry 1036 of the bam file
2022-10-12 16:48:58,375 - WARNING - Not found cell and umi barcode in entry 1037 of the bam file
2022-10-12 16:48:58,375 - WARNING - Not found cell and umi barcode in entry 1041 of the bam file
2022-10-12 16:48:58,375 - WARNING - Not found cell and umi barcode in entry 1042 of the bam file
2022-10-12 16:48:58,375 - WARNING - Not found cell and umi barcode in entry 1043 of the bam file
2022-10-12 16:48:58,375 - WARNING - Not found cell and umi barcode in entry 1044 of the bam file
2022-10-12 16:48:58,375 - WARNING - Not found cell and umi barcode in entry 1045 of the bam file
2022-10-12 16:48:58,375 - WARNING - Not found cell and umi barcode in entry 1046 of the bam file
2022-10-12 16:48:58,375 - WARNING - Not found cell and umi barcode in entry 1047 of the bam file
2022-10-12 16:48:58,375 - WARNING - Not found cell and umi barcode in entry 1048 of the bam file
2022-10-12 16:48:58,375 - WARNING - Not found cell and umi barcode in entry 1049 of the bam file
2022-10-12 16:48:58,375 - WARNING - Not found cell and umi barcode in entry 1051 of the bam file
2022-10-12 16:48:58,375 - WARNING - Not found cell and umi barcode in entry 1052 of the bam file
2022-10-12 16:48:58,375 - WARNING - Not found cell and umi barcode in entry 1060 of the bam file
2022-10-12 16:48:58,375 - WARNING - Not found cell and umi barcode in entry 1071 of the bam file
2022-10-12 16:48:58,375 - WARNING - Not found cell and umi barcode in entry 1072 of the bam file
2022-10-12 16:48:58,375 - WARNING - Not found cell and umi barcode in entry 1078 of the bam file
2022-10-12 16:48:58,375 - WARNING - Not found cell and umi barcode in entry 1095 of the bam file
2022-10-12 16:48:58,375 - WARNING - Not found cell and umi barcode in entry 1096 of the bam file
2022-10-12 16:48:58,375 - WARNING - Not found cell and umi barcode in entry 1097 of the bam file
2022-10-12 16:48:58,375 - WARNING - Not found cell and umi barcode in entry 1099 of the bam file
2022-10-12 16:48:58,375 - WARNING - Not found cell and umi barcode in entry 1100 of the bam file
2022-10-12 16:48:58,375 - WARNING - Not found cell and umi barcode in entry 1103 of the bam file
2022-10-12 16:48:58,375 - WARNING - Not found cell and umi barcode in entry 1104 of the bam file
2022-10-12 16:48:58,376 - WARNING - Not found cell and umi barcode in entry 1114 of the bam file
2022-10-12 16:48:58,376 - WARNING - Not found cell and umi barcode in entry 1115 of the bam file
2022-10-12 16:48:58,376 - WARNING - Not found cell and umi barcode in entry 1116 of the bam file
2022-10-12 16:48:58,376 - WARNING - Not found cell and umi barcode in entry 1117 of the bam file
2022-10-12 16:48:58,376 - WARNING - Not found cell and umi barcode in entry 1118 of the bam file
2022-10-12 16:48:58,376 - WARNING - Not found cell and umi barcode in entry 1119 of the bam file
2022-10-12 16:48:58,376 - WARNING - Not found cell and umi barcode in entry 1120 of the bam file
2022-10-12 16:48:58,376 - WARNING - Not found cell and umi barcode in entry 1122 of the bam file
2022-10-12 16:48:58,376 - WARNING - Not found cell and umi barcode in entry 1123 of the bam file
2022-10-12 16:48:58,376 - WARNING - Not found cell and umi barcode in entry 1124 of the bam file
2022-10-12 16:48:58,376 - WARNING - Not found cell and umi barcode in entry 1125 of the bam file
2022-10-12 16:48:58,376 - WARNING - Not found cell and umi barcode in entry 1126 of the bam file
2022-10-12 16:48:58,382 - WARNING - The file /storage/singlecell/zz4/fetal_bash/data/Retina_fetal/Multi_Fetal_14w5d_NR/outs/cellsorted_gex_possorted_bam.bam already exists. The sorting step will be skipped and the existing file will be used.
2022-10-12 16:48:58,382 - INFO - Load the annotation from /storage/singlecell/zz4/Reference/refdata-cellranger-arc-GRCh38-2020-A/genes/genes.gtf
2022-10-12 16:49:17,106 - DEBUG - Parsing Chromosome GL000009.2 strand - [line 0]
2022-10-12 16:49:17,107 - DEBUG - Done with GL000009.2- [line 7]
2022-10-12 16:49:17,107 - DEBUG - Assigning indexes to genes
2022-10-12 16:49:17,107 - DEBUG - Seen 1 genes until now
2022-10-12 16:49:17,108 - DEBUG - Parsing Chromosome GL000194.1 strand - [line 8]
2022-10-12 16:49:17,108 - DEBUG - Done with GL000194.1- [line 33]
2022-10-12 16:49:17,108 - DEBUG - Assigning indexes to genes
2022-10-12 16:49:17,108 - DEBUG - Seen 3 genes until now
2022-10-12 16:49:17,108 - DEBUG - Parsing Chromosome GL000195.1 strand - [line 34]
2022-10-12 16:49:17,108 - DEBUG - Done with GL000195.1- [line 43]
2022-10-12 16:49:17,108 - DEBUG - Assigning indexes to genes
2022-10-12 16:49:17,108 - DEBUG - Seen 4 genes until now
2022-10-12 16:49:17,108 - DEBUG - Parsing Chromosome GL000195.1 strand + [line 44]
2022-10-12 16:49:17,108 - DEBUG - Done with GL000195.1+ [line 57]
2022-10-12 16:49:17,108 - DEBUG - Assigning indexes to genes
2022-10-12 16:49:17,108 - DEBUG - Seen 5 genes until now
2022-10-12 16:49:17,108 - DEBUG - Parsing Chromosome GL000205.2 strand - [line 58]
2022-10-12 16:49:17,108 - DEBUG - Done with GL000205.2- [line 71]
2022-10-12 16:49:17,108 - DEBUG - Assigning indexes to genes
2022-10-12 16:49:17,108 - DEBUG - Seen 6 genes until now
2022-10-12 16:49:17,109 - DEBUG - Parsing Chromosome GL000213.1 strand - [line 72]
2022-10-12 16:49:17,109 - DEBUG - Done with GL000213.1- [line 120]
2022-10-12 16:49:17,109 - DEBUG - Assigning indexes to genes
2022-10-12 16:49:17,109 - DEBUG - Seen 7 genes until now
2022-10-12 16:49:17,109 - DEBUG - Parsing Chromosome GL000218.1 strand - [line 121]
2022-10-12 16:49:17,109 - DEBUG - Done with GL000218.1- [line 128]
2022-10-12 16:49:17,109 - DEBUG - Assigning indexes to genes
2022-10-12 16:49:17,109 - DEBUG - Seen 8 genes until now
2022-10-12 16:49:17,109 - DEBUG - Parsing Chromosome GL000219.1 strand - [line 129]
2022-10-12 16:49:17,109 - DEBUG - Done with GL000219.1- [line 141]
2022-10-12 16:49:17,109 - DEBUG - Assigning indexes to genes
2022-10-12 16:49:17,109 - DEBUG - Seen 9 genes until now
2022-10-12 16:49:17,109 - DEBUG - Parsing Chromosome KI270711.1 strand - [line 142]
2022-10-12 16:49:17,110 - DEBUG - Done with KI270711.1- [line 292]
2022-10-12 16:49:17,110 - DEBUG - Assigning indexes to genes
2022-10-12 16:49:17,111 - DEBUG - Seen 10 genes until now
2022-10-12 16:49:17,111 - DEBUG - Parsing Chromosome KI270713.1 strand - [line 293]
2022-10-12 16:49:17,111 - DEBUG - Done with KI270713.1- [line 300]
2022-10-12 16:49:17,111 - DEBUG - Assigning indexes to genes
2022-10-12 16:49:17,111 - DEBUG - Seen 11 genes until now
2022-10-12 16:49:17,111 - DEBUG - Parsing Chromosome KI270713.1 strand + [line 301]
2022-10-12 16:49:17,111 - DEBUG - Done with KI270713.1+ [line 307]
2022-10-12 16:49:17,111 - DEBUG - Assigning indexes to genes
2022-10-12 16:49:17,111 - DEBUG - Seen 12 genes until now
2022-10-12 16:49:17,111 - DEBUG - Parsing Chromosome KI270721.1 strand + [line 308]
2022-10-12 16:49:17,111 - DEBUG - Done with KI270721.1+ [line 323]
2022-10-12 16:49:17,111 - DEBUG - Assigning indexes to genes
2022-10-12 16:49:17,111 - DEBUG - Seen 13 genes until now
2022-10-12 16:49:17,111 - DEBUG - Parsing Chromosome KI270726.1 strand + [line 324]
2022-10-12 16:49:17,111 - DEBUG - Done with KI270726.1+ [line 334]
2022-10-12 16:49:17,111 - DEBUG - Assigning indexes to genes
2022-10-12 16:49:17,111 - DEBUG - Seen 15 genes until now
2022-10-12 16:49:17,111 - DEBUG - Parsing Chromosome KI270727.1 strand - [line 335]
2022-10-12 16:49:17,112 - DEBUG - Done with KI270727.1- [line 394]
2022-10-12 16:49:17,112 - DEBUG - Assigning indexes to genes
2022-10-12 16:49:17,112 - DEBUG - Seen 17 genes until now
2022-10-12 16:49:17,112 - DEBUG - Parsing Chromosome KI270727.1 strand + [line 395]
2022-10-12 16:49:17,112 - DEBUG - Done with KI270727.1+ [line 409]
2022-10-12 16:49:17,112 - DEBUG - Assigning indexes to genes
2022-10-12 16:49:17,112 - DEBUG - Seen 19 genes until now
2022-10-12 16:49:17,112 - DEBUG - Parsing Chromosome KI270728.1 strand - [line 410]
2022-10-12 16:49:17,113 - DEBUG - Done with KI270728.1- [line 486]
2022-10-12 16:49:17,113 - DEBUG - Assigning indexes to genes
2022-10-12 16:49:17,113 - DEBUG - Seen 21 genes until now
2022-10-12 16:49:17,113 - DEBUG - Parsing Chromosome KI270728.1 strand + [line 487]
2022-10-12 16:49:17,113 - DEBUG - Done with KI270728.1+ [line 523]
2022-10-12 16:49:17,113 - DEBUG - Assigning indexes to genes
2022-10-12 16:49:17,113 - DEBUG - Seen 25 genes until now
2022-10-12 16:49:17,113 - DEBUG - Parsing Chromosome KI270731.1 strand - [line 524]
2022-10-12 16:49:17,113 - DEBUG - Done with KI270731.1- [line 530]
2022-10-12 16:49:17,113 - DEBUG - Assigning indexes to genes
2022-10-12 16:49:17,113 - DEBUG - Seen 26 genes until now
2022-10-12 16:49:17,113 - DEBUG - Parsing Chromosome KI270734.1 strand - [line 531]
2022-10-12 16:49:17,114 - DEBUG - Done with KI270734.1- [line 599]
2022-10-12 16:49:17,114 - DEBUG - Assigning indexes to genes
2022-10-12 16:49:17,114 - DEBUG - Seen 27 genes until now
2022-10-12 16:49:17,114 - DEBUG - Parsing Chromosome KI270734.1 strand + [line 600]
2022-10-12 16:49:17,114 - DEBUG - Done with KI270734.1+ [line 622]
2022-10-12 16:49:17,114 - DEBUG - Assigning indexes to genes
2022-10-12 16:49:17,114 - DEBUG - Seen 29 genes until now
2022-10-12 16:49:17,114 - DEBUG - Parsing Chromosome 1 strand - [line 623]
2022-10-12 16:49:18,179 - DEBUG - Done with 1- [line 118876]
2022-10-12 16:49:18,180 - DEBUG - Assigning indexes to genes
2022-10-12 16:49:18,202 - DEBUG - Seen 1711 genes until now
2022-10-12 16:49:18,202 - DEBUG - Parsing Chromosome 1 strand + [line 118877]
2022-10-12 16:49:19,805 - DEBUG - Done with 1+ [line 253796]
2022-10-12 16:49:19,805 - DEBUG - Assigning indexes to genes
2022-10-12 16:49:19,819 - DEBUG - Seen 3439 genes until now
2022-10-12 16:49:19,819 - DEBUG - Parsing Chromosome 10 strand - [line 253797]
2022-10-12 16:49:20,070 - DEBUG - Done with 10- [line 304078]
2022-10-12 16:49:20,070 - DEBUG - Assigning indexes to genes
2022-10-12 16:49:20,076 - DEBUG - Seen 4100 genes until now
2022-10-12 16:49:20,076 - DEBUG - Parsing Chromosome 10 strand + [line 304079]
2022-10-12 16:49:20,740 - DEBUG - Done with 10+ [line 356023]
2022-10-12 16:49:20,741 - DEBUG - Assigning indexes to genes
2022-10-12 16:49:20,748 - DEBUG - Seen 4833 genes until now
2022-10-12 16:49:20,748 - DEBUG - Parsing Chromosome 11 strand - [line 356024]
2022-10-12 16:49:21,107 - DEBUG - Done with 11- [line 438038]
2022-10-12 16:49:21,107 - DEBUG - Assigning indexes to genes
2022-10-12 16:49:21,117 - DEBUG - Seen 5833 genes until now
2022-10-12 16:49:21,117 - DEBUG - Parsing Chromosome 11 strand + [line 438039]
2022-10-12 16:49:21,897 - DEBUG - Done with 11+ [line 521163]
2022-10-12 16:49:21,897 - DEBUG - Assigning indexes to genes
2022-10-12 16:49:21,907 - DEBUG - Seen 6898 genes until now
2022-10-12 16:49:21,907 - DEBUG - Parsing Chromosome 12 strand - [line 521164]
2022-10-12 16:49:22,385 - DEBUG - Done with 12- [line 601582]
2022-10-12 16:49:22,385 - DEBUG - Assigning indexes to genes
2022-10-12 16:49:22,398 - DEBUG - Seen 7848 genes until now
2022-10-12 16:49:22,398 - DEBUG - Parsing Chromosome 12 strand + [line 601583]
2022-10-12 16:49:22,781 - DEBUG - Done with 12+ [line 681983]
2022-10-12 16:49:22,781 - DEBUG - Assigning indexes to genes
2022-10-12 16:49:22,791 - DEBUG - Seen 8826 genes until now
2022-10-12 16:49:22,791 - DEBUG - Parsing Chromosome 13 strand - [line 681984]
2022-10-12 16:49:23,456 - DEBUG - Done with 13- [line 702449]
2022-10-12 16:49:23,457 - DEBUG - Assigning indexes to genes
2022-10-12 16:49:23,459 - DEBUG - Seen 9225 genes until now
2022-10-12 16:49:23,459 - DEBUG - Parsing Chromosome 13 strand + [line 702450]
2022-10-12 16:49:23,591 - DEBUG - Done with 13+ [line 726349]
2022-10-12 16:49:23,591 - DEBUG - Assigning indexes to genes
2022-10-12 16:49:23,594 - DEBUG - Seen 9614 genes until now
2022-10-12 16:49:23,594 - DEBUG - Parsing Chromosome 14 strand - [line 726350]
2022-10-12 16:49:23,861 - DEBUG - Done with 14- [line 770987]
2022-10-12 16:49:23,861 - DEBUG - Assigning indexes to genes
2022-10-12 16:49:23,867 - DEBUG - Seen 10373 genes until now
2022-10-12 16:49:23,867 - DEBUG - Parsing Chromosome 14 strand + [line 770988]
2022-10-12 16:49:24,142 - DEBUG - Done with 14+ [line 822908]
2022-10-12 16:49:24,142 - DEBUG - Assigning indexes to genes
2022-10-12 16:49:24,149 - DEBUG - Seen 11088 genes until now
2022-10-12 16:49:24,149 - DEBUG - Parsing Chromosome 15 strand - [line 822909]
2022-10-12 16:49:24,419 - DEBUG - Done with 15- [line 873715]
2022-10-12 16:49:24,419 - DEBUG - Assigning indexes to genes
2022-10-12 16:49:24,428 - DEBUG - Seen 11734 genes until now
2022-10-12 16:49:24,428 - DEBUG - Parsing Chromosome 15 strand + [line 873716]
2022-10-12 16:49:25,240 - DEBUG - Done with 15+ [line 923824]
2022-10-12 16:49:25,240 - DEBUG - Assigning indexes to genes
2022-10-12 16:49:25,246 - DEBUG - Seen 12355 genes until now
2022-10-12 16:49:25,246 - DEBUG - Parsing Chromosome 16 strand - [line 923825]
2022-10-12 16:49:25,520 - DEBUG - Done with 16- [line 979238]
2022-10-12 16:49:25,521 - DEBUG - Assigning indexes to genes
2022-10-12 16:49:25,535 - DEBUG - Seen 13151 genes until now
2022-10-12 16:49:25,535 - DEBUG - Parsing Chromosome 16 strand + [line 979239]
2022-10-12 16:49:25,980 - DEBUG - Done with 16+ [line 1052152]
2022-10-12 16:49:25,980 - DEBUG - Assigning indexes to genes
2022-10-12 16:49:25,989 - DEBUG - Seen 14004 genes until now
2022-10-12 16:49:25,989 - DEBUG - Parsing Chromosome 17 strand - [line 1052153]
2022-10-12 16:49:26,428 - DEBUG - Done with 17- [line 1140008]
2022-10-12 16:49:26,428 - DEBUG - Assigning indexes to genes
2022-10-12 16:49:26,438 - DEBUG - Seen 15039 genes until now
2022-10-12 16:49:26,438 - DEBUG - Parsing Chromosome 17 strand + [line 1140009]
2022-10-12 16:49:27,418 - DEBUG - Done with 17+ [line 1219447]
2022-10-12 16:49:27,418 - DEBUG - Assigning indexes to genes
2022-10-12 16:49:27,435 - DEBUG - Seen 15996 genes until now
2022-10-12 16:49:27,435 - DEBUG - Parsing Chromosome 18 strand - [line 1219448]
2022-10-12 16:49:27,624 - DEBUG - Done with 18- [line 1246083]
2022-10-12 16:49:27,624 - DEBUG - Assigning indexes to genes
2022-10-12 16:49:27,627 - DEBUG - Seen 16371 genes until now
2022-10-12 16:49:27,627 - DEBUG - Parsing Chromosome 18 strand + [line 1246084]
2022-10-12 16:49:27,772 - DEBUG - Done with 18+ [line 1269821]
2022-10-12 16:49:27,772 - DEBUG - Assigning indexes to genes
2022-10-12 16:49:27,775 - DEBUG - Seen 16777 genes until now
2022-10-12 16:49:27,775 - DEBUG - Parsing Chromosome 19 strand - [line 1269822]
2022-10-12 16:49:28,227 - DEBUG - Done with 19- [line 1350736]
2022-10-12 16:49:28,228 - DEBUG - Assigning indexes to genes
2022-10-12 16:49:28,238 - DEBUG - Seen 17790 genes until now
2022-10-12 16:49:28,238 - DEBUG - Parsing Chromosome 19 strand + [line 1350737]
2022-10-12 16:49:28,698 - DEBUG - Done with 19+ [line 1435648]
2022-10-12 16:49:28,699 - DEBUG - Assigning indexes to genes
2022-10-12 16:49:28,710 - DEBUG - Seen 18804 genes until now
2022-10-12 16:49:28,710 - DEBUG - Parsing Chromosome 2 strand - [line 1435649]
2022-10-12 16:49:29,260 - DEBUG - Done with 2- [line 1542996]
2022-10-12 16:49:29,260 - DEBUG - Assigning indexes to genes
2022-10-12 16:49:29,272 - DEBUG - Seen 20037 genes until now
2022-10-12 16:49:29,272 - DEBUG - Parsing Chromosome 2 strand + [line 1542997]
2022-10-12 16:49:30,683 - DEBUG - Done with 2+ [line 1642863]
2022-10-12 16:49:30,684 - DEBUG - Assigning indexes to genes
2022-10-12 16:49:30,697 - DEBUG - Seen 21345 genes until now
2022-10-12 16:49:30,697 - DEBUG - Parsing Chromosome 20 strand - [line 1642864]
2022-10-12 16:49:30,838 - DEBUG - Done with 20- [line 1672442]
2022-10-12 16:49:30,838 - DEBUG - Assigning indexes to genes
2022-10-12 16:49:30,842 - DEBUG - Seen 21828 genes until now
2022-10-12 16:49:30,842 - DEBUG - Parsing Chromosome 20 strand + [line 1672443]
2022-10-12 16:49:31,005 - DEBUG - Done with 20+ [line 1707817]
2022-10-12 16:49:31,005 - DEBUG - Assigning indexes to genes
2022-10-12 16:49:31,013 - DEBUG - Seen 22309 genes until now
2022-10-12 16:49:31,013 - DEBUG - Parsing Chromosome 21 strand - [line 1707818]
2022-10-12 16:49:31,093 - DEBUG - Done with 21- [line 1722798]
2022-10-12 16:49:31,093 - DEBUG - Assigning indexes to genes
2022-10-12 16:49:31,097 - DEBUG - Seen 22596 genes until now
2022-10-12 16:49:31,097 - DEBUG - Parsing Chromosome 21 strand + [line 1722799]
2022-10-12 16:49:31,235 - DEBUG - Done with 21+ [line 1738981]
2022-10-12 16:49:31,235 - DEBUG - Assigning indexes to genes
2022-10-12 16:49:31,239 - DEBUG - Seen 22864 genes until now
2022-10-12 16:49:31,239 - DEBUG - Parsing Chromosome 22 strand - [line 1738982]
2022-10-12 16:49:31,431 - DEBUG - Done with 22- [line 1765357]
2022-10-12 16:49:31,431 - DEBUG - Assigning indexes to genes
2022-10-12 16:49:31,437 - DEBUG - Seen 23260 genes until now
2022-10-12 16:49:31,437 - DEBUG - Parsing Chromosome 22 strand + [line 1765358]
2022-10-12 16:49:31,647 - DEBUG - Done with 22+ [line 1797598]
2022-10-12 16:49:31,648 - DEBUG - Assigning indexes to genes
2022-10-12 16:49:31,656 - DEBUG - Seen 23765 genes until now
2022-10-12 16:49:31,656 - DEBUG - Parsing Chromosome 3 strand - [line 1797599]
2022-10-12 16:49:32,186 - DEBUG - Done with 3- [line 1887377]
2022-10-12 16:49:32,187 - DEBUG - Assigning indexes to genes
2022-10-12 16:49:32,197 - DEBUG - Seen 24693 genes until now
2022-10-12 16:49:32,197 - DEBUG - Parsing Chromosome 3 strand + [line 1887378]
2022-10-12 16:49:32,675 - DEBUG - Done with 3+ [line 1977011]
2022-10-12 16:49:32,675 - DEBUG - Assigning indexes to genes
2022-10-12 16:49:32,685 - DEBUG - Seen 25658 genes until now
2022-10-12 16:49:32,685 - DEBUG - Parsing Chromosome 4 strand - [line 1977012]
2022-10-12 16:49:33,938 - DEBUG - Done with 4- [line 2034238]
2022-10-12 16:49:33,938 - DEBUG - Assigning indexes to genes
2022-10-12 16:49:33,947 - DEBUG - Seen 26401 genes until now
2022-10-12 16:49:33,947 - DEBUG - Parsing Chromosome 4 strand + [line 2034239]
2022-10-12 16:49:34,257 - DEBUG - Done with 4+ [line 2094594]
2022-10-12 16:49:34,257 - DEBUG - Assigning indexes to genes
2022-10-12 16:49:34,266 - DEBUG - Seen 27191 genes until now
2022-10-12 16:49:34,266 - DEBUG - Parsing Chromosome 5 strand - [line 2094595]
2022-10-12 16:49:34,593 - DEBUG - Done with 5- [line 2152660]
2022-10-12 16:49:34,593 - DEBUG - Assigning indexes to genes
2022-10-12 16:49:34,605 - DEBUG - Seen 28071 genes until now
2022-10-12 16:49:34,605 - DEBUG - Parsing Chromosome 5 strand + [line 2152661]
2022-10-12 16:49:34,953 - DEBUG - Done with 5+ [line 2218657]
2022-10-12 16:49:34,953 - DEBUG - Assigning indexes to genes
2022-10-12 16:49:34,964 - DEBUG - Seen 29002 genes until now
2022-10-12 16:49:34,964 - DEBUG - Parsing Chromosome 6 strand - [line 2218658]
2022-10-12 16:49:35,394 - DEBUG - Done with 6- [line 2284937]
2022-10-12 16:49:35,394 - DEBUG - Assigning indexes to genes
2022-10-12 16:49:35,402 - DEBUG - Seen 29928 genes until now
2022-10-12 16:49:35,402 - DEBUG - Parsing Chromosome 6 strand + [line 2284938]
2022-10-12 16:49:35,734 - DEBUG - Done with 6+ [line 2345240]
2022-10-12 16:49:35,735 - DEBUG - Assigning indexes to genes
2022-10-12 16:49:35,742 - DEBUG - Seen 30829 genes until now
2022-10-12 16:49:35,742 - DEBUG - Parsing Chromosome 7 strand - [line 2345241]
2022-10-12 16:49:36,083 - DEBUG - Done with 7- [line 2406845]
2022-10-12 16:49:36,084 - DEBUG - Assigning indexes to genes
2022-10-12 16:49:36,096 - DEBUG - Seen 31621 genes until now
2022-10-12 16:49:36,096 - DEBUG - Parsing Chromosome 7 strand + [line 2406846]
2022-10-12 16:49:36,609 - DEBUG - Done with 7+ [line 2476014]
2022-10-12 16:49:36,609 - DEBUG - Assigning indexes to genes
2022-10-12 16:49:36,624 - DEBUG - Seen 32515 genes until now
2022-10-12 16:49:36,624 - DEBUG - Parsing Chromosome 8 strand - [line 2476015]
2022-10-12 16:49:36,907 - DEBUG - Done with 8- [line 2527366]
2022-10-12 16:49:36,908 - DEBUG - Assigning indexes to genes
2022-10-12 16:49:36,918 - DEBUG - Seen 33270 genes until now
2022-10-12 16:49:36,918 - DEBUG - Parsing Chromosome 8 strand + [line 2527367]
2022-10-12 16:49:38,303 - DEBUG - Done with 8+ [line 2577021]
2022-10-12 16:49:38,304 - DEBUG - Assigning indexes to genes
2022-10-12 16:49:38,311 - DEBUG - Seen 34010 genes until now
2022-10-12 16:49:38,311 - DEBUG - Parsing Chromosome 9 strand - [line 2577022]
2022-10-12 16:49:38,553 - DEBUG - Done with 9- [line 2622811]
2022-10-12 16:49:38,554 - DEBUG - Assigning indexes to genes
2022-10-12 16:49:38,559 - DEBUG - Seen 34681 genes until now
2022-10-12 16:49:38,559 - DEBUG - Parsing Chromosome 9 strand + [line 2622812]
2022-10-12 16:49:38,849 - DEBUG - Done with 9+ [line 2672374]
2022-10-12 16:49:38,849 - DEBUG - Assigning indexes to genes
2022-10-12 16:49:38,857 - DEBUG - Seen 35329 genes until now
2022-10-12 16:49:38,858 - DEBUG - Parsing Chromosome M strand - [line 2672375]
2022-10-12 16:49:38,858 - DEBUG - Done with M- [line 2672379]
2022-10-12 16:49:38,858 - DEBUG - Assigning indexes to genes
2022-10-12 16:49:38,858 - DEBUG - Seen 35330 genes until now
2022-10-12 16:49:38,858 - DEBUG - Parsing Chromosome M strand + [line 2672380]
2022-10-12 16:49:38,858 - DEBUG - Done with M+ [line 2672445]
2022-10-12 16:49:38,858 - DEBUG - Assigning indexes to genes
2022-10-12 16:49:38,858 - DEBUG - Seen 35342 genes until now
2022-10-12 16:49:38,858 - DEBUG - Parsing Chromosome X strand - [line 2672446]
2022-10-12 16:49:39,108 - DEBUG - Done with X- [line 2716088]
2022-10-12 16:49:39,108 - DEBUG - Assigning indexes to genes
2022-10-12 16:49:39,113 - DEBUG - Seen 35884 genes until now
2022-10-12 16:49:39,113 - DEBUG - Parsing Chromosome X strand + [line 2716089]
2022-10-12 16:49:39,329 - DEBUG - Done with X+ [line 2760500]
2022-10-12 16:49:39,329 - DEBUG - Assigning indexes to genes
2022-10-12 16:49:39,336 - DEBUG - Seen 36490 genes until now
2022-10-12 16:49:39,337 - DEBUG - Parsing Chromosome Y strand - [line 2760501]
2022-10-12 16:49:39,357 - DEBUG - Done with Y- [line 2763031]
2022-10-12 16:49:39,357 - DEBUG - Assigning indexes to genes
2022-10-12 16:49:39,358 - DEBUG - Seen 36543 genes until now
2022-10-12 16:49:39,358 - DEBUG - Parsing Chromosome Y strand + [line 2763032]
2022-10-12 16:49:39,378 - DEBUG - Assigning indexes to genes
2022-10-12 16:49:39,379 - DEBUG - Done with Y+ [line 2765967]
2022-10-12 16:49:39,379 - DEBUG - Fixing corner cases of transcript models containg intron longer than 1000Kbp
2022-10-12 16:49:41,539 - DEBUG - Generated 2411536 features corresponding to 199138 transcript models from /storage/singlecell/zz4/Reference/refdata-cellranger-arc-GRCh38-2020-A/genes/genes.gtf
2022-10-12 16:49:41,564 - INFO - Scan /storage/singlecell/zz4/fetal_bash/data/Retina_fetal/Multi_Fetal_14w5d_NR/outs/gex_possorted_bam.bam to validate intron intervals
2022-10-12 16:49:46,130 - DEBUG - Reading /storage/singlecell/zz4/fetal_bash/data/Retina_fetal/Multi_Fetal_14w5d_NR/outs/gex_possorted_bam.bam
2022-10-12 16:49:46,158 - DEBUG - Read first 0 million reads
2022-10-12 16:49:46,158 - DEBUG - Marking up chromosome 1
2022-10-12 16:52:26,666 - DEBUG - Read first 10 million reads
2022-10-12 16:55:28,942 - DEBUG - Read first 20 million reads
2022-10-12 16:58:07,833 - DEBUG - Read first 30 million reads
2022-10-12 16:58:55,574 - DEBUG - Marking up chromosome 10
2022-10-12 17:01:11,691 - DEBUG - Read first 40 million reads
2022-10-12 17:03:41,854 - DEBUG - Marking up chromosome 11
2022-10-12 17:03:48,932 - DEBUG - Read first 50 million reads
2022-10-12 17:06:55,219 - DEBUG - Read first 60 million reads
2022-10-12 17:10:36,124 - DEBUG - Read first 70 million reads
2022-10-12 17:13:51,603 - DEBUG - Read first 80 million reads
2022-10-12 17:14:08,957 - DEBUG - Marking up chromosome 12
2022-10-12 17:16:38,309 - DEBUG - Read first 90 million reads
2022-10-12 17:19:52,845 - DEBUG - Read first 100 million reads
2022-10-12 17:20:15,650 - DEBUG - Marking up chromosome 13
2022-10-12 17:22:26,014 - DEBUG - Read first 110 million reads
2022-10-12 17:23:36,732 - DEBUG - Marking up chromosome 14
2022-10-12 17:25:03,455 - DEBUG - Read first 120 million reads
2022-10-12 17:27:31,717 - DEBUG - Marking up chromosome 15
2022-10-12 17:28:24,023 - DEBUG - Read first 130 million reads
2022-10-12 17:31:08,429 - DEBUG - Read first 140 million reads
2022-10-12 17:31:46,705 - DEBUG - Marking up chromosome 16
2022-10-12 17:33:51,217 - DEBUG - Read first 150 million reads
2022-10-12 17:34:30,231 - DEBUG - Marking up chromosome 17
2022-10-12 17:36:43,179 - DEBUG - Read first 160 million reads
2022-10-12 17:38:36,805 - DEBUG - Marking up chromosome 18
2022-10-12 17:39:39,757 - DEBUG - Read first 170 million reads
2022-10-12 17:41:42,695 - DEBUG - Marking up chromosome 19
2022-10-12 17:43:08,984 - DEBUG - Read first 180 million reads
2022-10-12 17:44:40,468 - DEBUG - Marking up chromosome 2
2022-10-12 17:45:40,739 - DEBUG - Read first 190 million reads
2022-10-12 17:49:07,671 - DEBUG - Read first 200 million reads
2022-10-12 17:51:48,994 - DEBUG - Read first 210 million reads
2022-10-12 17:54:26,779 - DEBUG - Marking up chromosome 20
2022-10-12 17:54:48,071 - DEBUG - Read first 220 million reads
2022-10-12 17:56:13,134 - DEBUG - Marking up chromosome 21
2022-10-12 17:56:54,964 - DEBUG - Read first 230 million reads
2022-10-12 17:58:01,174 - DEBUG - Marking up chromosome 22
2022-10-12 17:59:21,820 - DEBUG - Marking up chromosome 3
2022-10-12 17:59:33,291 - DEBUG - Read first 240 million reads
2022-10-12 18:02:30,706 - DEBUG - Read first 250 million reads
2022-10-12 18:05:25,794 - DEBUG - Read first 260 million reads
2022-10-12 18:08:38,530 - DEBUG - Marking up chromosome 4
2022-10-12 18:08:39,169 - DEBUG - Read first 270 million reads
2022-10-12 18:11:35,153 - DEBUG - Read first 280 million reads
2022-10-12 18:15:48,260 - DEBUG - Read first 290 million reads
2022-10-12 18:16:38,508 - DEBUG - Marking up chromosome 5
2022-10-12 18:18:35,374 - DEBUG - Read first 300 million reads
2022-10-12 18:21:50,910 - DEBUG - Read first 310 million reads
2022-10-12 18:23:21,327 - DEBUG - Marking up chromosome 6
2022-10-12 18:25:05,442 - DEBUG - Read first 320 million reads
2022-10-12 18:27:31,759 - DEBUG - Read first 330 million reads
2022-10-12 18:29:48,040 - DEBUG - Marking up chromosome 7
2022-10-12 18:30:16,198 - DEBUG - Read first 340 million reads
2022-10-12 18:32:55,712 - DEBUG - Read first 350 million reads
2022-10-12 18:35:48,416 - DEBUG - Marking up chromosome 8
2022-10-12 18:35:52,053 - DEBUG - Read first 360 million reads
2022-10-12 18:38:45,752 - DEBUG - Read first 370 million reads
2022-10-12 18:40:54,880 - DEBUG - Marking up chromosome 9
2022-10-12 18:41:50,476 - DEBUG - Read first 380 million reads
2022-10-12 18:44:12,242 - DEBUG - Read first 390 million reads
2022-10-12 18:45:08,129 - DEBUG - Marking up chromosome MT
2022-10-12 18:45:08,130 - WARNING - The .bam file refers to a chromosome 'MT+' not present in the annotation (.gtf) file
2022-10-12 18:45:08,130 - WARNING - The .bam file refers to a chromosome 'MT-' not present in the annotation (.gtf) file
2022-10-12 18:46:01,933 - DEBUG - Read first 400 million reads
2022-10-12 18:46:03,626 - DEBUG - Marking up chromosome X
2022-10-12 18:49:36,006 - DEBUG - Read first 410 million reads
2022-10-12 18:49:57,925 - DEBUG - Marking up chromosome Y
2022-10-12 18:50:16,661 - DEBUG - Marking up chromosome KI270728.1
2022-10-12 18:50:16,665 - DEBUG - Marking up chromosome KI270727.1
2022-10-12 18:50:16,687 - DEBUG - Marking up chromosome KI270442.1
2022-10-12 18:50:16,687 - WARNING - The .bam file refers to a chromosome 'KI270442.1+' not present in the annotation (.gtf) file
2022-10-12 18:50:16,687 - WARNING - The .bam file refers to a chromosome 'KI270442.1-' not present in the annotation (.gtf) file
2022-10-12 18:50:16,717 - DEBUG - Marking up chromosome KI270729.1
2022-10-12 18:50:16,717 - WARNING - The .bam file refers to a chromosome 'KI270729.1+' not present in the annotation (.gtf) file
2022-10-12 18:50:16,717 - WARNING - The .bam file refers to a chromosome 'KI270729.1-' not present in the annotation (.gtf) file
2022-10-12 18:50:16,720 - DEBUG - Marking up chromosome GL000225.1
2022-10-12 18:50:16,720 - WARNING - The .bam file refers to a chromosome 'GL000225.1+' not present in the annotation (.gtf) file
2022-10-12 18:50:16,720 - WARNING - The .bam file refers to a chromosome 'GL000225.1-' not present in the annotation (.gtf) file
2022-10-12 18:50:16,721 - DEBUG - Marking up chromosome KI270743.1
2022-10-12 18:50:16,721 - WARNING - The .bam file refers to a chromosome 'KI270743.1+' not present in the annotation (.gtf) file
2022-10-12 18:50:16,721 - WARNING - The .bam file refers to a chromosome 'KI270743.1-' not present in the annotation (.gtf) file
2022-10-12 18:50:16,723 - DEBUG - Marking up chromosome GL000008.2
2022-10-12 18:50:16,723 - WARNING - The .bam file refers to a chromosome 'GL000008.2+' not present in the annotation (.gtf) file
2022-10-12 18:50:16,723 - WARNING - The .bam file refers to a chromosome 'GL000008.2-' not present in the annotation (.gtf) file
2022-10-12 18:50:16,732 - DEBUG - Marking up chromosome GL000009.2
2022-10-12 18:50:16,732 - WARNING - The .bam file refers to a chromosome 'GL000009.2+' not present in the annotation (.gtf) file
2022-10-12 18:50:16,734 - DEBUG - Marking up chromosome KI270747.1
2022-10-12 18:50:16,734 - WARNING - The .bam file refers to a chromosome 'KI270747.1+' not present in the annotation (.gtf) file
2022-10-12 18:50:16,734 - WARNING - The .bam file refers to a chromosome 'KI270747.1-' not present in the annotation (.gtf) file
2022-10-12 18:50:16,735 - DEBUG - Marking up chromosome KI270722.1
2022-10-12 18:50:16,735 - WARNING - The .bam file refers to a chromosome 'KI270722.1+' not present in the annotation (.gtf) file
2022-10-12 18:50:16,735 - WARNING - The .bam file refers to a chromosome 'KI270722.1-' not present in the annotation (.gtf) file
2022-10-12 18:50:16,735 - DEBUG - Marking up chromosome GL000194.1
2022-10-12 18:50:16,735 - WARNING - The .bam file refers to a chromosome 'GL000194.1+' not present in the annotation (.gtf) file
2022-10-12 18:50:16,738 - DEBUG - Marking up chromosome KI270742.1
2022-10-12 18:50:16,738 - WARNING - The .bam file refers to a chromosome 'KI270742.1+' not present in the annotation (.gtf) file
2022-10-12 18:50:16,738 - WARNING - The .bam file refers to a chromosome 'KI270742.1-' not present in the annotation (.gtf) file
2022-10-12 18:50:16,766 - DEBUG - Marking up chromosome GL000205.2
2022-10-12 18:50:16,766 - WARNING - The .bam file refers to a chromosome 'GL000205.2+' not present in the annotation (.gtf) file
2022-10-12 18:50:17,177 - DEBUG - Marking up chromosome GL000195.1
2022-10-12 18:50:18,593 - DEBUG - Marking up chromosome KI270733.1
2022-10-12 18:50:18,593 - WARNING - The .bam file refers to a chromosome 'KI270733.1+' not present in the annotation (.gtf) file
2022-10-12 18:50:18,593 - WARNING - The .bam file refers to a chromosome 'KI270733.1-' not present in the annotation (.gtf) file
2022-10-12 18:50:19,156 - DEBUG - Marking up chromosome GL000224.1
2022-10-12 18:50:19,157 - WARNING - The .bam file refers to a chromosome 'GL000224.1+' not present in the annotation (.gtf) file
2022-10-12 18:50:19,157 - WARNING - The .bam file refers to a chromosome 'GL000224.1-' not present in the annotation (.gtf) file
2022-10-12 18:50:19,174 - DEBUG - Marking up chromosome GL000219.1
2022-10-12 18:50:19,174 - WARNING - The .bam file refers to a chromosome 'GL000219.1+' not present in the annotation (.gtf) file
2022-10-12 18:50:19,725 - DEBUG - Marking up chromosome KI270719.1
2022-10-12 18:50:19,725 - WARNING - The .bam file refers to a chromosome 'KI270719.1+' not present in the annotation (.gtf) file
2022-10-12 18:50:19,725 - WARNING - The .bam file refers to a chromosome 'KI270719.1-' not present in the annotation (.gtf) file
2022-10-12 18:50:19,745 - DEBUG - Marking up chromosome KI270712.1
2022-10-12 18:50:19,745 - WARNING - The .bam file refers to a chromosome 'KI270712.1+' not present in the annotation (.gtf) file
2022-10-12 18:50:19,745 - WARNING - The .bam file refers to a chromosome 'KI270712.1-' not present in the annotation (.gtf) file
2022-10-12 18:50:19,752 - DEBUG - Marking up chromosome KI270706.1
2022-10-12 18:50:19,752 - WARNING - The .bam file refers to a chromosome 'KI270706.1+' not present in the annotation (.gtf) file
2022-10-12 18:50:19,752 - WARNING - The .bam file refers to a chromosome 'KI270706.1-' not present in the annotation (.gtf) file
2022-10-12 18:50:19,759 - DEBUG - Marking up chromosome KI270725.1
2022-10-12 18:50:19,759 - WARNING - The .bam file refers to a chromosome 'KI270725.1+' not present in the annotation (.gtf) file
2022-10-12 18:50:19,759 - WARNING - The .bam file refers to a chromosome 'KI270725.1-' not present in the annotation (.gtf) file
2022-10-12 18:50:19,761 - DEBUG - Marking up chromosome KI270744.1
2022-10-12 18:50:19,761 - WARNING - The .bam file refers to a chromosome 'KI270744.1+' not present in the annotation (.gtf) file
2022-10-12 18:50:19,761 - WARNING - The .bam file refers to a chromosome 'KI270744.1-' not present in the annotation (.gtf) file
2022-10-12 18:50:19,766 - DEBUG - Marking up chromosome KI270734.1
2022-10-12 18:50:19,772 - DEBUG - Marking up chromosome GL000220.1
2022-10-12 18:50:19,772 - WARNING - The .bam file refers to a chromosome 'GL000220.1+' not present in the annotation (.gtf) file
2022-10-12 18:50:19,772 - WARNING - The .bam file refers to a chromosome 'GL000220.1-' not present in the annotation (.gtf) file
2022-10-12 18:50:25,002 - DEBUG - Marking up chromosome KI270715.1
2022-10-12 18:50:25,003 - WARNING - The .bam file refers to a chromosome 'KI270715.1+' not present in the annotation (.gtf) file
2022-10-12 18:50:25,003 - WARNING - The .bam file refers to a chromosome 'KI270715.1-' not present in the annotation (.gtf) file
2022-10-12 18:50:25,003 - DEBUG - Marking up chromosome GL000218.1
2022-10-12 18:50:25,003 - WARNING - The .bam file refers to a chromosome 'GL000218.1+' not present in the annotation (.gtf) file
2022-10-12 18:50:25,006 - DEBUG - Marking up chromosome KI270749.1
2022-10-12 18:50:25,006 - WARNING - The .bam file refers to a chromosome 'KI270749.1+' not present in the annotation (.gtf) file
2022-10-12 18:50:25,006 - WARNING - The .bam file refers to a chromosome 'KI270749.1-' not present in the annotation (.gtf) file
2022-10-12 18:50:25,012 - DEBUG - Marking up chromosome KI270741.1
2022-10-12 18:50:25,012 - WARNING - The .bam file refers to a chromosome 'KI270741.1+' not present in the annotation (.gtf) file
2022-10-12 18:50:25,012 - WARNING - The .bam file refers to a chromosome 'KI270741.1-' not present in the annotation (.gtf) file
2022-10-12 18:50:25,017 - DEBUG - Marking up chromosome GL000221.1
2022-10-12 18:50:25,017 - WARNING - The .bam file refers to a chromosome 'GL000221.1+' not present in the annotation (.gtf) file
2022-10-12 18:50:25,017 - WARNING - The .bam file refers to a chromosome 'GL000221.1-' not present in the annotation (.gtf) file
2022-10-12 18:50:25,035 - DEBUG - Marking up chromosome KI270716.1
2022-10-12 18:50:25,035 - WARNING - The .bam file refers to a chromosome 'KI270716.1+' not present in the annotation (.gtf) file
2022-10-12 18:50:25,035 - WARNING - The .bam file refers to a chromosome 'KI270716.1-' not present in the annotation (.gtf) file
2022-10-12 18:50:25,035 - DEBUG - Marking up chromosome KI270731.1
2022-10-12 18:50:25,035 - WARNING - The .bam file refers to a chromosome 'KI270731.1+' not present in the annotation (.gtf) file
2022-10-12 18:50:25,036 - DEBUG - Marking up chromosome KI270751.1
2022-10-12 18:50:25,036 - WARNING - The .bam file refers to a chromosome 'KI270751.1+' not present in the annotation (.gtf) file
2022-10-12 18:50:25,036 - WARNING - The .bam file refers to a chromosome 'KI270751.1-' not present in the annotation (.gtf) file
2022-10-12 18:50:25,037 - DEBUG - Marking up chromosome KI270750.1
2022-10-12 18:50:25,037 - WARNING - The .bam file refers to a chromosome 'KI270750.1+' not present in the annotation (.gtf) file
2022-10-12 18:50:25,037 - WARNING - The .bam file refers to a chromosome 'KI270750.1-' not present in the annotation (.gtf) file
2022-10-12 18:50:25,037 - DEBUG - Marking up chromosome KI270519.1
2022-10-12 18:50:25,037 - WARNING - The .bam file refers to a chromosome 'KI270519.1+' not present in the annotation (.gtf) file
2022-10-12 18:50:25,037 - WARNING - The .bam file refers to a chromosome 'KI270519.1-' not present in the annotation (.gtf) file
2022-10-12 18:50:25,038 - DEBUG - Marking up chromosome GL000214.1
2022-10-12 18:50:25,038 - WARNING - The .bam file refers to a chromosome 'GL000214.1+' not present in the annotation (.gtf) file
2022-10-12 18:50:25,038 - WARNING - The .bam file refers to a chromosome 'GL000214.1-' not present in the annotation (.gtf) file
2022-10-12 18:50:25,039 - DEBUG - Marking up chromosome KI270708.1
2022-10-12 18:50:25,039 - WARNING - The .bam file refers to a chromosome 'KI270708.1+' not present in the annotation (.gtf) file
2022-10-12 18:50:25,039 - WARNING - The .bam file refers to a chromosome 'KI270708.1-' not present in the annotation (.gtf) file
2022-10-12 18:50:25,040 - DEBUG - Marking up chromosome KI270438.1
2022-10-12 18:50:25,040 - WARNING - The .bam file refers to a chromosome 'KI270438.1+' not present in the annotation (.gtf) file
2022-10-12 18:50:25,040 - WARNING - The .bam file refers to a chromosome 'KI270438.1-' not present in the annotation (.gtf) file
2022-10-12 18:50:25,040 - DEBUG - Marking up chromosome KI270737.1
2022-10-12 18:50:25,040 - WARNING - The .bam file refers to a chromosome 'KI270737.1+' not present in the annotation (.gtf) file
2022-10-12 18:50:25,040 - WARNING - The .bam file refers to a chromosome 'KI270737.1-' not present in the annotation (.gtf) file
2022-10-12 18:50:25,041 - DEBUG - Marking up chromosome KI270721.1
2022-10-12 18:50:25,041 - WARNING - The .bam file refers to a chromosome 'KI270721.1-' not present in the annotation (.gtf) file
2022-10-12 18:50:25,047 - DEBUG - Marking up chromosome KI270738.1
2022-10-12 18:50:25,047 - WARNING - The .bam file refers to a chromosome 'KI270738.1+' not present in the annotation (.gtf) file
2022-10-12 18:50:25,047 - WARNING - The .bam file refers to a chromosome 'KI270738.1-' not present in the annotation (.gtf) file
2022-10-12 18:50:25,050 - DEBUG - Marking up chromosome KI270748.1
2022-10-12 18:50:25,050 - WARNING - The .bam file refers to a chromosome 'KI270748.1+' not present in the annotation (.gtf) file
2022-10-12 18:50:25,051 - WARNING - The .bam file refers to a chromosome 'KI270748.1-' not present in the annotation (.gtf) file
2022-10-12 18:50:25,051 - DEBUG - Marking up chromosome KI270435.1
2022-10-12 18:50:25,051 - WARNING - The .bam file refers to a chromosome 'KI270435.1+' not present in the annotation (.gtf) file
2022-10-12 18:50:25,051 - WARNING - The .bam file refers to a chromosome 'KI270435.1-' not present in the annotation (.gtf) file
2022-10-12 18:50:25,051 - DEBUG - Marking up chromosome GL000208.1
2022-10-12 18:50:25,051 - WARNING - The .bam file refers to a chromosome 'GL000208.1+' not present in the annotation (.gtf) file
2022-10-12 18:50:25,051 - WARNING - The .bam file refers to a chromosome 'GL000208.1-' not present in the annotation (.gtf) file
2022-10-12 18:50:25,051 - DEBUG - Marking up chromosome KI270538.1
2022-10-12 18:50:25,051 - WARNING - The .bam file refers to a chromosome 'KI270538.1+' not present in the annotation (.gtf) file
2022-10-12 18:50:25,051 - WARNING - The .bam file refers to a chromosome 'KI270538.1-' not present in the annotation (.gtf) file
2022-10-12 18:50:25,052 - DEBUG - Marking up chromosome KI270709.1
2022-10-12 18:50:25,052 - WARNING - The .bam file refers to a chromosome 'KI270709.1+' not present in the annotation (.gtf) file
2022-10-12 18:50:25,052 - WARNING - The .bam file refers to a chromosome 'KI270709.1-' not present in the annotation (.gtf) file
2022-10-12 18:50:25,053 - DEBUG - Marking up chromosome KI270746.1
2022-10-12 18:50:25,053 - WARNING - The .bam file refers to a chromosome 'KI270746.1+' not present in the annotation (.gtf) file
2022-10-12 18:50:25,053 - WARNING - The .bam file refers to a chromosome 'KI270746.1-' not present in the annotation (.gtf) file
2022-10-12 18:50:25,054 - DEBUG - Marking up chromosome KI270589.1
2022-10-12 18:50:25,054 - WARNING - The .bam file refers to a chromosome 'KI270589.1+' not present in the annotation (.gtf) file
2022-10-12 18:50:25,054 - WARNING - The .bam file refers to a chromosome 'KI270589.1-' not present in the annotation (.gtf) file
2022-10-12 18:50:25,054 - DEBUG - Marking up chromosome KI270726.1
2022-10-12 18:50:25,055 - WARNING - The .bam file refers to a chromosome 'KI270726.1-' not present in the annotation (.gtf) file
2022-10-12 18:50:25,055 - DEBUG - Marking up chromosome KI270735.1
2022-10-12 18:50:25,055 - WARNING - The .bam file refers to a chromosome 'KI270735.1+' not present in the annotation (.gtf) file
2022-10-12 18:50:25,055 - WARNING - The .bam file refers to a chromosome 'KI270735.1-' not present in the annotation (.gtf) file
2022-10-12 18:50:25,055 - DEBUG - Marking up chromosome KI270711.1
2022-10-12 18:50:25,055 - WARNING - The .bam file refers to a chromosome 'KI270711.1+' not present in the annotation (.gtf) file
2022-10-12 18:50:25,136 - DEBUG - Marking up chromosome KI270745.1
2022-10-12 18:50:25,136 - WARNING - The .bam file refers to a chromosome 'KI270745.1+' not present in the annotation (.gtf) file
2022-10-12 18:50:25,136 - WARNING - The .bam file refers to a chromosome 'KI270745.1-' not present in the annotation (.gtf) file
2022-10-12 18:50:25,139 - DEBUG - Marking up chromosome KI270714.1
2022-10-12 18:50:25,139 - WARNING - The .bam file refers to a chromosome 'KI270714.1+' not present in the annotation (.gtf) file
2022-10-12 18:50:25,139 - WARNING - The .bam file refers to a chromosome 'KI270714.1-' not present in the annotation (.gtf) file
2022-10-12 18:50:25,142 - DEBUG - Marking up chromosome KI270732.1
2022-10-12 18:50:25,142 - WARNING - The .bam file refers to a chromosome 'KI270732.1+' not present in the annotation (.gtf) file
2022-10-12 18:50:25,142 - WARNING - The .bam file refers to a chromosome 'KI270732.1-' not present in the annotation (.gtf) file
2022-10-12 18:50:25,144 - DEBUG - Marking up chromosome KI270713.1
2022-10-12 18:50:25,164 - DEBUG - Marking up chromosome KI270710.1
2022-10-12 18:50:25,165 - WARNING - The .bam file refers to a chromosome 'KI270710.1+' not present in the annotation (.gtf) file
2022-10-12 18:50:25,165 - WARNING - The .bam file refers to a chromosome 'KI270710.1-' not present in the annotation (.gtf) file
2022-10-12 18:50:25,165 - DEBUG - Marking up chromosome KI270717.1
2022-10-12 18:50:25,165 - WARNING - The .bam file refers to a chromosome 'KI270717.1+' not present in the annotation (.gtf) file
2022-10-12 18:50:25,165 - WARNING - The .bam file refers to a chromosome 'KI270717.1-' not present in the annotation (.gtf) file
2022-10-12 18:50:25,167 - DEBUG - Marking up chromosome KI270720.1
2022-10-12 18:50:25,167 - WARNING - The .bam file refers to a chromosome 'KI270720.1+' not present in the annotation (.gtf) file
2022-10-12 18:50:25,167 - WARNING - The .bam file refers to a chromosome 'KI270720.1-' not present in the annotation (.gtf) file
2022-10-12 18:50:25,169 - DEBUG - Marking up chromosome KI270723.1
2022-10-12 18:50:25,169 - WARNING - The .bam file refers to a chromosome 'KI270723.1+' not present in the annotation (.gtf) file
2022-10-12 18:50:25,169 - WARNING - The .bam file refers to a chromosome 'KI270723.1-' not present in the annotation (.gtf) file
2022-10-12 18:50:25,171 - DEBUG - Marking up chromosome KI270718.1
2022-10-12 18:50:25,171 - WARNING - The .bam file refers to a chromosome 'KI270718.1+' not present in the annotation (.gtf) file
2022-10-12 18:50:25,171 - WARNING - The .bam file refers to a chromosome 'KI270718.1-' not present in the annotation (.gtf) file
2022-10-12 18:50:25,201 - DEBUG - Marking up chromosome KI270755.1
2022-10-12 18:50:25,201 - WARNING - The .bam file refers to a chromosome 'KI270755.1+' not present in the annotation (.gtf) file
2022-10-12 18:50:25,201 - WARNING - The .bam file refers to a chromosome 'KI270755.1-' not present in the annotation (.gtf) file
2022-10-12 18:50:25,205 - DEBUG - Marking up chromosome KI270707.1
2022-10-12 18:50:25,205 - WARNING - The .bam file refers to a chromosome 'KI270707.1+' not present in the annotation (.gtf) file
2022-10-12 18:50:25,205 - WARNING - The .bam file refers to a chromosome 'KI270707.1-' not present in the annotation (.gtf) file
2022-10-12 18:50:25,205 - DEBUG - Marking up chromosome KI270512.1
2022-10-12 18:50:25,205 - WARNING - The .bam file refers to a chromosome 'KI270512.1+' not present in the annotation (.gtf) file
2022-10-12 18:50:25,205 - WARNING - The .bam file refers to a chromosome 'KI270512.1-' not present in the annotation (.gtf) file
2022-10-12 18:50:25,205 - DEBUG - Marking up chromosome KI270448.1
2022-10-12 18:50:25,205 - WARNING - The .bam file refers to a chromosome 'KI270448.1+' not present in the annotation (.gtf) file
2022-10-12 18:50:25,205 - WARNING - The .bam file refers to a chromosome 'KI270448.1-' not present in the annotation (.gtf) file
2022-10-12 18:50:25,206 - DEBUG - Marking up chromosome KI270521.1
2022-10-12 18:50:25,206 - WARNING - The .bam file refers to a chromosome 'KI270521.1+' not present in the annotation (.gtf) file
2022-10-12 18:50:25,206 - WARNING - The .bam file refers to a chromosome 'KI270521.1-' not present in the annotation (.gtf) file
2022-10-12 18:50:25,206 - DEBUG - Marking up chromosome KI270590.1
2022-10-12 18:50:25,206 - WARNING - The .bam file refers to a chromosome 'KI270590.1+' not present in the annotation (.gtf) file
2022-10-12 18:50:25,206 - WARNING - The .bam file refers to a chromosome 'KI270590.1-' not present in the annotation (.gtf) file
2022-10-12 18:50:25,206 - DEBUG - Marking up chromosome KI270304.1
2022-10-12 18:50:25,206 - WARNING - The .bam file refers to a chromosome 'KI270304.1+' not present in the annotation (.gtf) file
2022-10-12 18:50:25,206 - WARNING - The .bam file refers to a chromosome 'KI270304.1-' not present in the annotation (.gtf) file
2022-10-12 18:50:25,206 - DEBUG - Marking up chromosome KI270330.1
2022-10-12 18:50:25,206 - WARNING - The .bam file refers to a chromosome 'KI270330.1+' not present in the annotation (.gtf) file
2022-10-12 18:50:25,206 - WARNING - The .bam file refers to a chromosome 'KI270330.1-' not present in the annotation (.gtf) file
2022-10-12 18:50:25,207 - DEBUG - Marking up chromosome KI270580.1
2022-10-12 18:50:25,207 - WARNING - The .bam file refers to a chromosome 'KI270580.1+' not present in the annotation (.gtf) file
2022-10-12 18:50:25,207 - WARNING - The .bam file refers to a chromosome 'KI270580.1-' not present in the annotation (.gtf) file
2022-10-12 18:50:25,207 - DEBUG - Marking up chromosome KI270310.1
2022-10-12 18:50:25,207 - WARNING - The .bam file refers to a chromosome 'KI270310.1+' not present in the annotation (.gtf) file
2022-10-12 18:50:25,207 - WARNING - The .bam file refers to a chromosome 'KI270310.1-' not present in the annotation (.gtf) file
2022-10-12 18:50:33,198 - DEBUG - Read first 420 million reads
2022-10-12 18:50:53,147 - DEBUG - Read first 430 million reads
2022-10-12 18:50:54,470 - DEBUG - End of file. Reset index: start scanning from initial position.
2022-10-12 18:50:54,471 - DEBUG - 23218635 reads were skipped because no apropiate cell or umi barcode was found
2022-10-12 18:50:54,472 - DEBUG - Start molecule counting!
2022-10-12 18:51:00,424 - DEBUG - Features available for chromosomes : ['GL000009.2-', 'GL000194.1-', 'GL000195.1-', 'GL000195.1+', 'GL000205.2-', 'GL000213.1-', 'GL000218.1-', 'GL000219.1-', 'KI270711.1-', 'KI270713.1-', 'KI270713.1+', 'KI270721.1+', 'KI270726.1+', 'KI270727.1-', 'KI270727.1+', 'KI270728.1-', 'KI270728.1+', 'KI270731.1-', 'KI270734.1-', 'KI270734.1+', '1-', '1+', '10-', '10+', '11-', '11+', '12-', '12+', '13-', '13+', '14-', '14+', '15-', '15+', '16-', '16+', '17-', '17+', '18-', '18+', '19-', '19+', '2-', '2+', '20-', '20+', '21-', '21+', '22-', '22+', '3-', '3+', '4-', '4+', '5-', '5+', '6-', '6+', '7-', '7+', '8-', '8+', '9-', '9+', 'M-', 'M+', 'X-', 'X+', 'Y-', 'Y+']
2022-10-12 18:51:00,425 - DEBUG - Mask available for chromosomes : []
2022-10-12 18:51:00,425 - DEBUG - Summarizing the results of intron validation.
2022-10-12 18:51:01,759 - DEBUG - Validated 696411 introns (of which unique intervals 216717) out of 1106199 total possible introns (considering each possible transcript models).
2022-10-12 18:51:01,760 - DEBUG - Reading /storage/singlecell/zz4/fetal_bash/data/Retina_fetal/Multi_Fetal_14w5d_NR/outs/cellsorted_gex_possorted_bam.bam
2022-10-12 18:51:01,805 - DEBUG - Read first 0 million reads
2022-10-12 18:51:48,910 - DEBUG - Read first 10 million reads
2022-10-12 18:52:34,718 - DEBUG - Read first 20 million reads
2022-10-12 18:53:41,349 - DEBUG - Counting for batch 1, containing 100 cells and 2739597 reads
2022-10-12 18:55:35,503 - DEBUG - 0 reads not considered because fully enclosed in repeat masked regions
2022-10-12 18:56:11,218 - DEBUG - Read first 30 million reads
2022-10-12 18:57:08,088 - DEBUG - Counting for batch 2, containing 100 cells and 4348030 reads
2022-10-12 19:00:03,721 - DEBUG - 0 reads not considered because fully enclosed in repeat masked regions
2022-10-12 19:01:26,950 - DEBUG - Counting for batch 3, containing 100 cells and 3325676 reads
2022-10-12 19:03:35,262 - DEBUG - 0 reads not considered because fully enclosed in repeat masked regions
2022-10-12 19:04:16,217 - DEBUG - Read first 40 million reads
2022-10-12 19:04:41,219 - DEBUG - Counting for batch 4, containing 100 cells and 3032036 reads
2022-10-12 19:06:35,002 - DEBUG - 0 reads not considered because fully enclosed in repeat masked regions
2022-10-12 19:07:59,872 - DEBUG - Counting for batch 5, containing 100 cells and 3952569 reads
2022-10-12 19:10:31,285 - DEBUG - 0 reads not considered because fully enclosed in repeat masked regions
2022-10-12 19:11:39,827 - DEBUG - Read first 50 million reads
2022-10-12 19:11:57,350 - DEBUG - Counting for batch 6, containing 100 cells and 3765639 reads
2022-10-12 19:14:25,887 - DEBUG - 0 reads not considered because fully enclosed in repeat masked regions
2022-10-12 19:15:38,754 - DEBUG - Counting for batch 7, containing 100 cells and 3417371 reads
2022-10-12 19:17:49,442 - DEBUG - 0 reads not considered because fully enclosed in repeat masked regions
2022-10-12 19:18:55,805 - DEBUG - Counting for batch 8, containing 100 cells and 3094318 reads
2022-10-12 19:20:58,098 - DEBUG - 0 reads not considered because fully enclosed in repeat masked regions
2022-10-12 19:21:25,960 - DEBUG - Read first 60 million reads
2022-10-12 19:22:24,789 - DEBUG - Counting for batch 9, containing 100 cells and 4073412 reads
2022-10-12 19:25:10,556 - DEBUG - 0 reads not considered because fully enclosed in repeat masked regions
2022-10-12 19:26:25,055 - DEBUG - Counting for batch 10, containing 100 cells and 3476206 reads
2022-10-12 19:28:42,991 - DEBUG - 0 reads not considered because fully enclosed in repeat masked regions
2022-10-12 19:29:27,330 - DEBUG - Read first 70 million reads
2022-10-12 19:30:11,438 - DEBUG - Counting for batch 11, containing 100 cells and 4253224 reads
2022-10-12 19:32:49,258 - DEBUG - 0 reads not considered because fully enclosed in repeat masked regions
2022-10-12 19:33:59,816 - DEBUG - Counting for batch 12, containing 100 cells and 2966817 reads
2022-10-12 19:36:05,616 - DEBUG - 0 reads not considered because fully enclosed in repeat masked regions
2022-10-12 19:37:02,896 - DEBUG - Read first 80 million reads
2022-10-12 19:37:19,980 - DEBUG - Counting for batch 13, containing 100 cells and 3462264 reads
2022-10-12 19:39:35,968 - DEBUG - 0 reads not considered because fully enclosed in repeat masked regions
2022-10-12 19:40:54,254 - DEBUG - Counting for batch 14, containing 100 cells and 3848268 reads
2022-10-12 19:43:27,880 - DEBUG - 0 reads not considered because fully enclosed in repeat masked regions
2022-10-12 19:44:39,656 - DEBUG - Counting for batch 15, containing 100 cells and 2979085 reads
2022-10-12 19:46:34,844 - DEBUG - 0 reads not considered because fully enclosed in repeat masked regions
2022-10-12 19:47:01,370 - DEBUG - Read first 90 million reads
2022-10-12 19:47:45,347 - DEBUG - Counting for batch 16, containing 100 cells and 3565331 reads
2022-10-12 19:50:22,903 - DEBUG - 0 reads not considered because fully enclosed in repeat masked regions
2022-10-12 19:51:35,541 - DEBUG - Counting for batch 17, containing 100 cells and 3165542 reads
2022-10-12 19:53:46,877 - DEBUG - 0 reads not considered because fully enclosed in repeat masked regions
2022-10-12 19:54:34,441 - DEBUG - Read first 100 million reads
2022-10-12 19:55:02,144 - DEBUG - Counting for batch 18, containing 100 cells and 3714405 reads
2022-10-12 19:57:34,933 - DEBUG - 0 reads not considered because fully enclosed in repeat masked regions
2022-10-12 19:59:07,464 - DEBUG - Counting for batch 19, containing 100 cells and 4406417 reads
2022-10-12 20:02:04,561 - DEBUG - 0 reads not considered because fully enclosed in repeat masked regions
2022-10-12 20:03:04,233 - DEBUG - Read first 110 million reads
2022-10-12 20:03:28,025 - DEBUG - Counting for batch 20, containing 100 cells and 3840772 reads
2022-10-12 20:06:03,182 - DEBUG - 0 reads not considered because fully enclosed in repeat masked regions
2022-10-12 20:07:21,289 - DEBUG - Counting for batch 21, containing 100 cells and 3562209 reads
2022-10-12 20:09:41,995 - DEBUG - 0 reads not considered because fully enclosed in repeat masked regions
2022-10-12 20:10:51,817 - DEBUG - Read first 120 million reads
2022-10-12 20:11:08,952 - DEBUG - Counting for batch 22, containing 100 cells and 4150422 reads
2022-10-12 20:13:48,200 - DEBUG - 0 reads not considered because fully enclosed in repeat masked regions
2022-10-12 20:15:13,748 - DEBUG - Counting for batch 23, containing 100 cells and 3968951 reads
2022-10-12 20:17:50,009 - DEBUG - 0 reads not considered because fully enclosed in repeat masked regions
2022-10-12 20:19:08,352 - DEBUG - Read first 130 million reads
2022-10-12 20:19:17,416 - DEBUG - Counting for batch 24, containing 100 cells and 3736638 reads
2022-10-12 20:21:45,393 - DEBUG - 0 reads not considered because fully enclosed in repeat masked regions
2022-10-12 20:23:04,400 - DEBUG - Counting for batch 25, containing 100 cells and 3472065 reads
2022-10-12 20:25:28,096 - DEBUG - 0 reads not considered because fully enclosed in repeat masked regions
2022-10-12 20:26:50,852 - DEBUG - Counting for batch 26, containing 100 cells and 3681057 reads
2022-10-12 20:29:11,660 - DEBUG - 0 reads not considered because fully enclosed in repeat masked regions
2022-10-12 20:29:45,717 - DEBUG - Read first 140 million reads
2022-10-12 20:30:34,183 - DEBUG - Counting for batch 27, containing 100 cells and 3610861 reads
2022-10-12 20:32:56,138 - DEBUG - 0 reads not considered because fully enclosed in repeat masked regions
2022-10-12 20:34:17,281 - DEBUG - Counting for batch 28, containing 100 cells and 4037211 reads
2022-10-12 20:36:50,273 - DEBUG - 0 reads not considered because fully enclosed in repeat masked regions
2022-10-12 20:37:32,734 - DEBUG - Read first 150 million reads
2022-10-12 20:38:22,076 - DEBUG - Counting for batch 29, containing 100 cells and 3993634 reads
2022-10-12 20:40:58,254 - DEBUG - 0 reads not considered because fully enclosed in repeat masked regions
2022-10-12 20:42:24,003 - DEBUG - Counting for batch 30, containing 100 cells and 4073237 reads
2022-10-12 20:44:54,660 - DEBUG - 0 reads not considered because fully enclosed in repeat masked regions
2022-10-12 20:45:40,688 - DEBUG - Read first 160 million reads
2022-10-12 20:46:33,776 - DEBUG - Counting for batch 31, containing 100 cells and 4518640 reads
2022-10-12 20:49:33,431 - DEBUG - 0 reads not considered because fully enclosed in repeat masked regions
2022-10-12 20:50:50,515 - DEBUG - Counting for batch 32, containing 100 cells and 3022329 reads
2022-10-12 20:52:48,065 - DEBUG - 0 reads not considered because fully enclosed in repeat masked regions
2022-10-12 20:53:31,318 - DEBUG - Read first 170 million reads
2022-10-12 20:54:08,882 - DEBUG - Counting for batch 33, containing 100 cells and 4323306 reads
2022-10-12 20:57:02,678 - DEBUG - 0 reads not considered because fully enclosed in repeat masked regions
2022-10-12 20:58:24,324 - DEBUG - Counting for batch 34, containing 100 cells and 3874335 reads
2022-10-12 21:01:02,062 - DEBUG - 0 reads not considered because fully enclosed in repeat masked regions
2022-10-12 21:02:00,143 - DEBUG - Read first 180 million reads
2022-10-12 21:02:22,490 - DEBUG - Counting for batch 35, containing 100 cells and 3465119 reads
2022-10-12 21:04:37,071 - DEBUG - 0 reads not considered because fully enclosed in repeat masked regions
2022-10-12 21:06:00,571 - DEBUG - Counting for batch 36, containing 100 cells and 3666954 reads
2022-10-12 21:08:26,533 - DEBUG - 0 reads not considered because fully enclosed in repeat masked regions
2022-10-12 21:09:34,754 - DEBUG - Read first 190 million reads
2022-10-12 21:09:36,419 - DEBUG - Counting for batch 37, containing 100 cells and 2947273 reads
2022-10-12 21:11:27,200 - DEBUG - 0 reads not considered because fully enclosed in repeat masked regions
2022-10-12 21:12:38,499 - DEBUG - Counting for batch 38, containing 100 cells and 3214428 reads
2022-10-12 21:14:39,050 - DEBUG - 0 reads not considered because fully enclosed in repeat masked regions
2022-10-12 21:15:43,147 - DEBUG - Counting for batch 39, containing 100 cells and 2766291 reads
2022-10-12 21:17:23,416 - DEBUG - 0 reads not considered because fully enclosed in repeat masked regions
2022-10-12 21:18:18,475 - DEBUG - Read first 200 million reads
2022-10-12 21:18:48,380 - DEBUG - Counting for batch 40, containing 100 cells and 4098813 reads
2022-10-12 21:21:25,299 - DEBUG - 0 reads not considered because fully enclosed in repeat masked regions
2022-10-12 21:22:45,858 - DEBUG - Counting for batch 41, containing 100 cells and 4133785 reads
2022-10-12 21:25:24,127 - DEBUG - 0 reads not considered because fully enclosed in repeat masked regions
2022-10-12 21:26:18,813 - DEBUG - Read first 210 million reads
2022-10-12 21:26:55,500 - DEBUG - Counting for batch 42, containing 100 cells and 5045692 reads
2022-10-12 21:30:00,740 - DEBUG - 0 reads not considered because fully enclosed in repeat masked regions
2022-10-12 21:31:32,367 - DEBUG - Counting for batch 43, containing 100 cells and 3875639 reads
2022-10-12 21:33:58,269 - DEBUG - 0 reads not considered because fully enclosed in repeat masked regions
2022-10-12 21:34:42,679 - DEBUG - Read first 220 million reads
2022-10-12 21:35:22,691 - DEBUG - Counting for batch 44, containing 100 cells and 4045150 reads
2022-10-12 21:37:54,885 - DEBUG - 0 reads not considered because fully enclosed in repeat masked regions
2022-10-12 21:39:10,227 - DEBUG - Counting for batch 45, containing 100 cells and 3833802 reads
2022-10-12 21:41:33,176 - DEBUG - 0 reads not considered because fully enclosed in repeat masked regions
2022-10-12 21:42:24,928 - DEBUG - Read first 230 million reads
2022-10-12 21:42:50,856 - DEBUG - Counting for batch 46, containing 100 cells and 3677845 reads
2022-10-12 21:45:12,573 - DEBUG - 0 reads not considered because fully enclosed in repeat masked regions
2022-10-12 21:46:17,060 - DEBUG - Counting for batch 47, containing 100 cells and 3200549 reads
2022-10-12 21:48:16,580 - DEBUG - 0 reads not considered because fully enclosed in repeat masked regions
2022-10-12 21:49:18,092 - DEBUG - Read first 240 million reads
2022-10-12 21:49:26,982 - DEBUG - Counting for batch 48, containing 100 cells and 3614706 reads
2022-10-12 21:51:38,628 - DEBUG - 0 reads not considered because fully enclosed in repeat masked regions
2022-10-12 21:52:46,257 - DEBUG - Counting for batch 49, containing 100 cells and 3258816 reads
2022-10-12 21:54:49,987 - DEBUG - 0 reads not considered because fully enclosed in repeat masked regions
2022-10-12 21:56:00,051 - DEBUG - Counting for batch 50, containing 100 cells and 3579495 reads
2022-10-12 21:58:14,991 - DEBUG - 0 reads not considered because fully enclosed in repeat masked regions
2022-10-12 21:58:48,987 - DEBUG - Read first 250 million reads
2022-10-12 21:59:25,784 - DEBUG - Counting for batch 51, containing 100 cells and 3484420 reads
2022-10-12 22:01:30,645 - DEBUG - 0 reads not considered because fully enclosed in repeat masked regions
2022-10-12 22:02:44,166 - DEBUG - Counting for batch 52, containing 100 cells and 3013567 reads
2022-10-12 22:04:44,480 - DEBUG - 0 reads not considered because fully enclosed in repeat masked regions
2022-10-12 22:05:35,939 - DEBUG - Read first 260 million reads
2022-10-12 22:06:03,498 - DEBUG - Counting for batch 53, containing 100 cells and 3981724 reads
2022-10-12 22:08:33,060 - DEBUG - 0 reads not considered because fully enclosed in repeat masked regions
2022-10-12 22:09:53,908 - DEBUG - Counting for batch 54, containing 100 cells and 3383500 reads
2022-10-12 22:12:03,807 - DEBUG - 0 reads not considered because fully enclosed in repeat masked regions
2022-10-12 22:12:59,784 - DEBUG - Read first 270 million reads
2022-10-12 22:13:11,308 - DEBUG - Counting for batch 55, containing 100 cells and 3671012 reads
2022-10-12 22:15:32,684 - DEBUG - 0 reads not considered because fully enclosed in repeat masked regions
2022-10-12 22:16:36,782 - DEBUG - Counting for batch 56, containing 100 cells and 3077918 reads
2022-10-12 22:18:28,073 - DEBUG - 0 reads not considered because fully enclosed in repeat masked regions
2022-10-12 22:19:43,978 - DEBUG - Counting for batch 57, containing 100 cells and 3635473 reads
2022-10-12 22:22:00,465 - DEBUG - 0 reads not considered because fully enclosed in repeat masked regions
2022-10-12 22:22:36,700 - DEBUG - Read first 280 million reads
2022-10-12 22:23:07,092 - DEBUG - Counting for batch 58, containing 100 cells and 3459542 reads
2022-10-12 22:25:08,369 - DEBUG - 0 reads not considered because fully enclosed in repeat masked regions
2022-10-12 22:26:08,512 - DEBUG - Counting for batch 59, containing 100 cells and 2914299 reads
2022-10-12 22:27:46,969 - DEBUG - 0 reads not considered because fully enclosed in repeat masked regions
2022-10-12 22:28:42,599 - DEBUG - Read first 290 million reads
2022-10-12 22:29:03,639 - DEBUG - Counting for batch 60, containing 100 cells and 4178032 reads
2022-10-12 22:31:19,691 - DEBUG - 0 reads not considered because fully enclosed in repeat masked regions
2022-10-12 22:32:21,350 - DEBUG - Counting for batch 61, containing 100 cells and 3033387 reads
2022-10-12 22:34:00,026 - DEBUG - 0 reads not considered because fully enclosed in repeat masked regions
2022-10-12 22:34:59,188 - DEBUG - Read first 300 million reads
2022-10-12 22:34:59,539 - DEBUG - Counting for batch 62, containing 100 cells and 3681435 reads
2022-10-12 22:36:58,906 - DEBUG - 0 reads not considered because fully enclosed in repeat masked regions
2022-10-12 22:37:52,130 - DEBUG - Counting for batch 63, containing 100 cells and 3059242 reads
2022-10-12 22:39:33,704 - DEBUG - 0 reads not considered because fully enclosed in repeat masked regions
2022-10-12 22:40:25,103 - DEBUG - Counting for batch 64, containing 100 cells and 3217825 reads
2022-10-12 22:42:02,331 - DEBUG - 0 reads not considered because fully enclosed in repeat masked regions
2022-10-12 22:42:44,338 - DEBUG - Read first 310 million reads
2022-10-12 22:43:01,432 - DEBUG - Counting for batch 65, containing 100 cells and 3168468 reads
2022-10-12 22:44:35,017 - DEBUG - 0 reads not considered because fully enclosed in repeat masked regions
2022-10-12 22:45:37,683 - DEBUG - Counting for batch 66, containing 100 cells and 3466003 reads
2022-10-12 22:47:24,990 - DEBUG - 0 reads not considered because fully enclosed in repeat masked regions
2022-10-12 22:48:21,286 - DEBUG - Read first 320 million reads
2022-10-12 22:48:21,785 - DEBUG - Counting for batch 67, containing 100 cells and 3091913 reads
2022-10-12 22:49:57,767 - DEBUG - 0 reads not considered because fully enclosed in repeat masked regions
2022-10-12 22:50:50,716 - DEBUG - Counting for batch 68, containing 100 cells and 3310386 reads
2022-10-12 22:52:38,037 - DEBUG - 0 reads not considered because fully enclosed in repeat masked regions
2022-10-12 22:53:48,746 - DEBUG - Counting for batch 69, containing 100 cells and 3912380 reads
2022-10-12 22:55:51,057 - DEBUG - 0 reads not considered because fully enclosed in repeat masked regions
2022-10-12 22:56:22,835 - DEBUG - Read first 330 million reads
2022-10-12 22:56:49,599 - DEBUG - Counting for batch 70, containing 100 cells and 3270274 reads
2022-10-12 22:58:32,264 - DEBUG - 0 reads not considered because fully enclosed in repeat masked regions
2022-10-12 22:59:31,421 - DEBUG - Counting for batch 71, containing 100 cells and 3564165 reads
2022-10-12 23:01:24,302 - DEBUG - 0 reads not considered because fully enclosed in repeat masked regions
2022-10-12 23:02:04,424 - DEBUG - Read first 340 million reads
2022-10-12 23:02:24,576 - DEBUG - Counting for batch 72, containing 100 cells and 3658399 reads
2022-10-12 23:04:20,985 - DEBUG - 0 reads not considered because fully enclosed in repeat masked regions
2022-10-12 23:05:26,211 - DEBUG - Counting for batch 73, containing 100 cells and 3634644 reads
2022-10-12 23:07:24,511 - DEBUG - 0 reads not considered because fully enclosed in repeat masked regions
2022-10-12 23:08:16,339 - DEBUG - Read first 350 million reads
2022-10-12 23:08:22,916 - DEBUG - Counting for batch 74, containing 100 cells and 3498482 reads
2022-10-12 23:10:10,951 - DEBUG - 0 reads not considered because fully enclosed in repeat masked regions
2022-10-12 23:11:17,733 - DEBUG - Counting for batch 75, containing 100 cells and 3799306 reads
2022-10-12 23:13:12,946 - DEBUG - 0 reads not considered because fully enclosed in repeat masked regions
2022-10-12 23:14:22,404 - DEBUG - Read first 360 million reads
2022-10-12 23:14:28,178 - DEBUG - Counting for batch 76, containing 100 cells and 4447117 reads
2022-10-12 23:16:40,842 - DEBUG - 0 reads not considered because fully enclosed in repeat masked regions
2022-10-12 23:17:52,675 - DEBUG - Counting for batch 77, containing 100 cells and 3674250 reads
2022-10-12 23:19:39,964 - DEBUG - 0 reads not considered because fully enclosed in repeat masked regions
2022-10-12 23:20:49,907 - DEBUG - Read first 370 million reads
2022-10-12 23:20:54,449 - DEBUG - Counting for batch 78, containing 100 cells and 4450956 reads
2022-10-12 23:23:16,178 - DEBUG - 0 reads not considered because fully enclosed in repeat masked regions
2022-10-12 23:24:08,410 - DEBUG - Counting for batch 79, containing 100 cells and 2756546 reads
2022-10-12 23:25:33,818 - DEBUG - 0 reads not considered because fully enclosed in repeat masked regions
2022-10-12 23:26:38,777 - DEBUG - Counting for batch 80, containing 100 cells and 4206927 reads
2022-10-12 23:28:46,432 - DEBUG - 0 reads not considered because fully enclosed in repeat masked regions
2022-10-12 23:29:15,728 - DEBUG - Read first 380 million reads
2022-10-12 23:29:46,706 - DEBUG - Counting for batch 81, containing 100 cells and 3358603 reads
2022-10-12 23:31:28,506 - DEBUG - 0 reads not considered because fully enclosed in repeat masked regions
2022-10-12 23:32:32,556 - DEBUG - Counting for batch 82, containing 100 cells and 3770974 reads
2022-10-12 23:34:28,580 - DEBUG - 0 reads not considered because fully enclosed in repeat masked regions
2022-10-12 23:35:06,433 - DEBUG - Read first 390 million reads
2022-10-12 23:35:22,642 - DEBUG - Counting for batch 83, containing 100 cells and 3102390 reads
2022-10-12 23:36:59,662 - DEBUG - 0 reads not considered because fully enclosed in repeat masked regions
2022-10-12 23:37:56,992 - DEBUG - Counting for batch 84, containing 100 cells and 3574910 reads
2022-10-12 23:39:48,517 - DEBUG - 0 reads not considered because fully enclosed in repeat masked regions
2022-10-12 23:40:40,259 - DEBUG - Read first 400 million reads
2022-10-12 23:40:43,442 - DEBUG - Counting for batch 85, containing 100 cells and 3104113 reads
2022-10-12 23:42:14,910 - DEBUG - 0 reads not considered because fully enclosed in repeat masked regions
2022-10-12 23:43:05,606 - DEBUG - Counting for batch 86, containing 100 cells and 2705291 reads
2022-10-12 23:44:25,417 - DEBUG - 0 reads not considered because fully enclosed in repeat masked regions
2022-10-12 23:45:20,793 - DEBUG - Counting for batch 87, containing 100 cells and 3283234 reads
2022-10-12 23:47:02,658 - DEBUG - 0 reads not considered because fully enclosed in repeat masked regions
2022-10-12 23:47:42,478 - DEBUG - Read first 410 million reads
2022-10-12 23:48:06,379 - DEBUG - Counting for batch 88, containing 100 cells and 4009365 reads
2022-10-12 23:50:11,211 - DEBUG - 0 reads not considered because fully enclosed in repeat masked regions
2022-10-12 23:51:10,602 - DEBUG - Counting for batch 89, containing 100 cells and 3331681 reads
2022-10-12 23:52:54,986 - DEBUG - 0 reads not considered because fully enclosed in repeat masked regions
2022-10-12 23:53:46,797 - DEBUG - Read first 420 million reads
2022-10-12 23:53:58,422 - DEBUG - Counting for batch 90, containing 100 cells and 3780132 reads
2022-10-12 23:55:57,004 - DEBUG - 0 reads not considered because fully enclosed in repeat masked regions
2022-10-12 23:56:57,716 - DEBUG - Counting for batch 91, containing 100 cells and 3786361 reads
2022-10-12 23:58:56,745 - DEBUG - 0 reads not considered because fully enclosed in repeat masked regions
2022-10-12 23:59:58,788 - DEBUG - Read first 430 million reads
2022-10-13 00:00:05,730 - DEBUG - Counting for batch 92, containing 95 cells and 4450827 reads
2022-10-13 00:02:17,961 - DEBUG - 0 reads not considered because fully enclosed in repeat masked regions
2022-10-13 00:02:43,431 - DEBUG - 23218635 reads were skipped because no apropiate cell or umi barcode was found
2022-10-13 00:02:43,431 - DEBUG - Counting done!
2022-10-13 00:02:43,499 - DEBUG - Generating output file /storage/singlecell/zz4/fetal_bash/results/RNA_velocity/Multi_Fetal_14w5d_NR/Multi_Fetal_14w5d_NR.loom
2022-10-13 00:02:43,499 - DEBUG - Collecting row attributes
2022-10-13 00:02:43,696 - DEBUG - Generating data table
2022-10-13 00:02:47,871 - DEBUG - Writing loom file
2022-10-13 00:02:52,502 - DEBUG - Creating converter from 5 to 3
2022-10-13 00:02:52,521 - DEBUG - Creating converter from 3 to 5
2022-10-13 00:03:13,657 - DEBUG - Terminated Succesfully!
ended at Thu Oct 13 00:03:20 CDT 2022 on mhgcp-g00.grid.bcm.edu. Time elapsed: 07:14:52
