starting at Wed Oct 12 16:48:28 CDT 2022 on mhgcp-g00.grid.bcm.edu
SLURM_JOBID=624154
2022-10-12 16:48:57,928 - DEBUG - Using logic: Default
2022-10-12 16:48:57,990 - INFO - Read 20000 cell barcodes from /storage/singlecell/zz4/fetal_bash/data/Retina_fetal/Multi_Fetal_19W4d_FR/outs/filtered_feature_bc_matrix/barcodes.tsv.gz
2022-10-12 16:48:57,990 - DEBUG - Example of barcode: AAACAGCCAAGCTTTG and cell_id: Multi_Fetal_19W4d_FR:AAACAGCCAAGCTTTG-1
2022-10-12 16:48:58,023 - DEBUG - Peeking into /storage/singlecell/zz4/fetal_bash/data/Retina_fetal/Multi_Fetal_19W4d_FR/outs/gex_possorted_bam.bam
2022-10-12 16:48:58,180 - WARNING - Not found cell and umi barcode in entry 0 of the bam file
2022-10-12 16:48:58,180 - WARNING - Not found cell and umi barcode in entry 4 of the bam file
2022-10-12 16:48:58,180 - WARNING - Not found cell and umi barcode in entry 9 of the bam file
2022-10-12 16:48:58,180 - WARNING - Not found cell and umi barcode in entry 65 of the bam file
2022-10-12 16:48:58,180 - WARNING - Not found cell and umi barcode in entry 66 of the bam file
2022-10-12 16:48:58,180 - WARNING - Not found cell and umi barcode in entry 70 of the bam file
2022-10-12 16:48:58,180 - WARNING - Not found cell and umi barcode in entry 73 of the bam file
2022-10-12 16:48:58,181 - WARNING - Not found cell and umi barcode in entry 182 of the bam file
2022-10-12 16:48:58,181 - WARNING - Not found cell and umi barcode in entry 241 of the bam file
2022-10-12 16:48:58,181 - WARNING - Not found cell and umi barcode in entry 289 of the bam file
2022-10-12 16:48:58,181 - WARNING - Not found cell and umi barcode in entry 298 of the bam file
2022-10-12 16:48:58,181 - WARNING - Not found cell and umi barcode in entry 360 of the bam file
2022-10-12 16:48:58,181 - WARNING - Not found cell and umi barcode in entry 383 of the bam file
2022-10-12 16:48:58,182 - WARNING - Not found cell and umi barcode in entry 448 of the bam file
2022-10-12 16:48:58,182 - WARNING - Not found cell and umi barcode in entry 450 of the bam file
2022-10-12 16:48:58,182 - WARNING - Not found cell and umi barcode in entry 455 of the bam file
2022-10-12 16:48:58,182 - WARNING - Not found cell and umi barcode in entry 549 of the bam file
2022-10-12 16:48:58,182 - WARNING - Not found cell and umi barcode in entry 600 of the bam file
2022-10-12 16:48:58,182 - WARNING - Not found cell and umi barcode in entry 601 of the bam file
2022-10-12 16:48:58,182 - WARNING - Not found cell and umi barcode in entry 604 of the bam file
2022-10-12 16:48:58,182 - WARNING - Not found cell and umi barcode in entry 663 of the bam file
2022-10-12 16:48:58,182 - WARNING - Not found cell and umi barcode in entry 667 of the bam file
2022-10-12 16:48:58,182 - WARNING - Not found cell and umi barcode in entry 669 of the bam file
2022-10-12 16:48:58,183 - WARNING - Not found cell and umi barcode in entry 686 of the bam file
2022-10-12 16:48:58,183 - WARNING - Not found cell and umi barcode in entry 818 of the bam file
2022-10-12 16:48:58,183 - WARNING - Not found cell and umi barcode in entry 819 of the bam file
2022-10-12 16:48:58,190 - WARNING - The file /storage/singlecell/zz4/fetal_bash/data/Retina_fetal/Multi_Fetal_19W4d_FR/outs/cellsorted_gex_possorted_bam.bam already exists. The sorting step will be skipped and the existing file will be used.
2022-10-12 16:48:58,190 - INFO - Load the annotation from /storage/singlecell/zz4/Reference/refdata-cellranger-arc-GRCh38-2020-A/genes/genes.gtf
2022-10-12 16:49:16,243 - DEBUG - Parsing Chromosome GL000009.2 strand - [line 0]
2022-10-12 16:49:16,244 - DEBUG - Done with GL000009.2- [line 7]
2022-10-12 16:49:16,244 - DEBUG - Assigning indexes to genes
2022-10-12 16:49:16,244 - DEBUG - Seen 1 genes until now
2022-10-12 16:49:16,244 - DEBUG - Parsing Chromosome GL000194.1 strand - [line 8]
2022-10-12 16:49:16,244 - DEBUG - Done with GL000194.1- [line 33]
2022-10-12 16:49:16,244 - DEBUG - Assigning indexes to genes
2022-10-12 16:49:16,244 - DEBUG - Seen 3 genes until now
2022-10-12 16:49:16,245 - DEBUG - Parsing Chromosome GL000195.1 strand - [line 34]
2022-10-12 16:49:16,245 - DEBUG - Done with GL000195.1- [line 43]
2022-10-12 16:49:16,245 - DEBUG - Assigning indexes to genes
2022-10-12 16:49:16,245 - DEBUG - Seen 4 genes until now
2022-10-12 16:49:16,245 - DEBUG - Parsing Chromosome GL000195.1 strand + [line 44]
2022-10-12 16:49:16,245 - DEBUG - Done with GL000195.1+ [line 57]
2022-10-12 16:49:16,245 - DEBUG - Assigning indexes to genes
2022-10-12 16:49:16,245 - DEBUG - Seen 5 genes until now
2022-10-12 16:49:16,245 - DEBUG - Parsing Chromosome GL000205.2 strand - [line 58]
2022-10-12 16:49:16,245 - DEBUG - Done with GL000205.2- [line 71]
2022-10-12 16:49:16,245 - DEBUG - Assigning indexes to genes
2022-10-12 16:49:16,245 - DEBUG - Seen 6 genes until now
2022-10-12 16:49:16,245 - DEBUG - Parsing Chromosome GL000213.1 strand - [line 72]
2022-10-12 16:49:16,245 - DEBUG - Done with GL000213.1- [line 120]
2022-10-12 16:49:16,245 - DEBUG - Assigning indexes to genes
2022-10-12 16:49:16,245 - DEBUG - Seen 7 genes until now
2022-10-12 16:49:16,245 - DEBUG - Parsing Chromosome GL000218.1 strand - [line 121]
2022-10-12 16:49:16,245 - DEBUG - Done with GL000218.1- [line 128]
2022-10-12 16:49:16,245 - DEBUG - Assigning indexes to genes
2022-10-12 16:49:16,245 - DEBUG - Seen 8 genes until now
2022-10-12 16:49:16,245 - DEBUG - Parsing Chromosome GL000219.1 strand - [line 129]
2022-10-12 16:49:16,245 - DEBUG - Done with GL000219.1- [line 141]
2022-10-12 16:49:16,246 - DEBUG - Assigning indexes to genes
2022-10-12 16:49:16,246 - DEBUG - Seen 9 genes until now
2022-10-12 16:49:16,246 - DEBUG - Parsing Chromosome KI270711.1 strand - [line 142]
2022-10-12 16:49:16,246 - DEBUG - Done with KI270711.1- [line 292]
2022-10-12 16:49:16,246 - DEBUG - Assigning indexes to genes
2022-10-12 16:49:16,246 - DEBUG - Seen 10 genes until now
2022-10-12 16:49:16,246 - DEBUG - Parsing Chromosome KI270713.1 strand - [line 293]
2022-10-12 16:49:16,246 - DEBUG - Done with KI270713.1- [line 300]
2022-10-12 16:49:16,246 - DEBUG - Assigning indexes to genes
2022-10-12 16:49:16,246 - DEBUG - Seen 11 genes until now
2022-10-12 16:49:16,246 - DEBUG - Parsing Chromosome KI270713.1 strand + [line 301]
2022-10-12 16:49:16,246 - DEBUG - Done with KI270713.1+ [line 307]
2022-10-12 16:49:16,246 - DEBUG - Assigning indexes to genes
2022-10-12 16:49:16,246 - DEBUG - Seen 12 genes until now
2022-10-12 16:49:16,247 - DEBUG - Parsing Chromosome KI270721.1 strand + [line 308]
2022-10-12 16:49:16,247 - DEBUG - Done with KI270721.1+ [line 323]
2022-10-12 16:49:16,247 - DEBUG - Assigning indexes to genes
2022-10-12 16:49:16,247 - DEBUG - Seen 13 genes until now
2022-10-12 16:49:16,247 - DEBUG - Parsing Chromosome KI270726.1 strand + [line 324]
2022-10-12 16:49:16,247 - DEBUG - Done with KI270726.1+ [line 334]
2022-10-12 16:49:16,247 - DEBUG - Assigning indexes to genes
2022-10-12 16:49:16,247 - DEBUG - Seen 15 genes until now
2022-10-12 16:49:16,247 - DEBUG - Parsing Chromosome KI270727.1 strand - [line 335]
2022-10-12 16:49:16,247 - DEBUG - Done with KI270727.1- [line 394]
2022-10-12 16:49:16,247 - DEBUG - Assigning indexes to genes
2022-10-12 16:49:16,247 - DEBUG - Seen 17 genes until now
2022-10-12 16:49:16,247 - DEBUG - Parsing Chromosome KI270727.1 strand + [line 395]
2022-10-12 16:49:16,247 - DEBUG - Done with KI270727.1+ [line 409]
2022-10-12 16:49:16,247 - DEBUG - Assigning indexes to genes
2022-10-12 16:49:16,247 - DEBUG - Seen 19 genes until now
2022-10-12 16:49:16,247 - DEBUG - Parsing Chromosome KI270728.1 strand - [line 410]
2022-10-12 16:49:16,248 - DEBUG - Done with KI270728.1- [line 486]
2022-10-12 16:49:16,248 - DEBUG - Assigning indexes to genes
2022-10-12 16:49:16,248 - DEBUG - Seen 21 genes until now
2022-10-12 16:49:16,248 - DEBUG - Parsing Chromosome KI270728.1 strand + [line 487]
2022-10-12 16:49:16,248 - DEBUG - Done with KI270728.1+ [line 523]
2022-10-12 16:49:16,248 - DEBUG - Assigning indexes to genes
2022-10-12 16:49:16,248 - DEBUG - Seen 25 genes until now
2022-10-12 16:49:16,248 - DEBUG - Parsing Chromosome KI270731.1 strand - [line 524]
2022-10-12 16:49:16,248 - DEBUG - Done with KI270731.1- [line 530]
2022-10-12 16:49:16,248 - DEBUG - Assigning indexes to genes
2022-10-12 16:49:16,248 - DEBUG - Seen 26 genes until now
2022-10-12 16:49:16,248 - DEBUG - Parsing Chromosome KI270734.1 strand - [line 531]
2022-10-12 16:49:16,248 - DEBUG - Done with KI270734.1- [line 599]
2022-10-12 16:49:16,248 - DEBUG - Assigning indexes to genes
2022-10-12 16:49:16,248 - DEBUG - Seen 27 genes until now
2022-10-12 16:49:16,248 - DEBUG - Parsing Chromosome KI270734.1 strand + [line 600]
2022-10-12 16:49:16,249 - DEBUG - Done with KI270734.1+ [line 622]
2022-10-12 16:49:16,249 - DEBUG - Assigning indexes to genes
2022-10-12 16:49:16,249 - DEBUG - Seen 29 genes until now
2022-10-12 16:49:16,249 - DEBUG - Parsing Chromosome 1 strand - [line 623]
2022-10-12 16:49:17,408 - DEBUG - Done with 1- [line 118876]
2022-10-12 16:49:17,408 - DEBUG - Assigning indexes to genes
2022-10-12 16:49:17,421 - DEBUG - Seen 1711 genes until now
2022-10-12 16:49:17,422 - DEBUG - Parsing Chromosome 1 strand + [line 118877]
2022-10-12 16:49:18,815 - DEBUG - Done with 1+ [line 253796]
2022-10-12 16:49:18,815 - DEBUG - Assigning indexes to genes
2022-10-12 16:49:18,831 - DEBUG - Seen 3439 genes until now
2022-10-12 16:49:18,831 - DEBUG - Parsing Chromosome 10 strand - [line 253797]
2022-10-12 16:49:19,093 - DEBUG - Done with 10- [line 304078]
2022-10-12 16:49:19,093 - DEBUG - Assigning indexes to genes
2022-10-12 16:49:19,098 - DEBUG - Seen 4100 genes until now
2022-10-12 16:49:19,098 - DEBUG - Parsing Chromosome 10 strand + [line 304079]
2022-10-12 16:49:19,823 - DEBUG - Done with 10+ [line 356023]
2022-10-12 16:49:19,824 - DEBUG - Assigning indexes to genes
2022-10-12 16:49:19,829 - DEBUG - Seen 4833 genes until now
2022-10-12 16:49:19,829 - DEBUG - Parsing Chromosome 11 strand - [line 356024]
2022-10-12 16:49:20,283 - DEBUG - Done with 11- [line 438038]
2022-10-12 16:49:20,283 - DEBUG - Assigning indexes to genes
2022-10-12 16:49:20,293 - DEBUG - Seen 5833 genes until now
2022-10-12 16:49:20,293 - DEBUG - Parsing Chromosome 11 strand + [line 438039]
2022-10-12 16:49:21,220 - DEBUG - Done with 11+ [line 521163]
2022-10-12 16:49:21,221 - DEBUG - Assigning indexes to genes
2022-10-12 16:49:21,240 - DEBUG - Seen 6898 genes until now
2022-10-12 16:49:21,240 - DEBUG - Parsing Chromosome 12 strand - [line 521164]
2022-10-12 16:49:21,734 - DEBUG - Done with 12- [line 601582]
2022-10-12 16:49:21,734 - DEBUG - Assigning indexes to genes
2022-10-12 16:49:21,745 - DEBUG - Seen 7848 genes until now
2022-10-12 16:49:21,745 - DEBUG - Parsing Chromosome 12 strand + [line 601583]
2022-10-12 16:49:22,213 - DEBUG - Done with 12+ [line 681983]
2022-10-12 16:49:22,213 - DEBUG - Assigning indexes to genes
2022-10-12 16:49:22,223 - DEBUG - Seen 8826 genes until now
2022-10-12 16:49:22,223 - DEBUG - Parsing Chromosome 13 strand - [line 681984]
2022-10-12 16:49:22,951 - DEBUG - Done with 13- [line 702449]
2022-10-12 16:49:22,951 - DEBUG - Assigning indexes to genes
2022-10-12 16:49:22,955 - DEBUG - Seen 9225 genes until now
2022-10-12 16:49:22,955 - DEBUG - Parsing Chromosome 13 strand + [line 702450]
2022-10-12 16:49:23,064 - DEBUG - Done with 13+ [line 726349]
2022-10-12 16:49:23,064 - DEBUG - Assigning indexes to genes
2022-10-12 16:49:23,067 - DEBUG - Seen 9614 genes until now
2022-10-12 16:49:23,067 - DEBUG - Parsing Chromosome 14 strand - [line 726350]
2022-10-12 16:49:23,344 - DEBUG - Done with 14- [line 770987]
2022-10-12 16:49:23,344 - DEBUG - Assigning indexes to genes
2022-10-12 16:49:23,354 - DEBUG - Seen 10373 genes until now
2022-10-12 16:49:23,354 - DEBUG - Parsing Chromosome 14 strand + [line 770988]
2022-10-12 16:49:23,672 - DEBUG - Done with 14+ [line 822908]
2022-10-12 16:49:23,673 - DEBUG - Assigning indexes to genes
2022-10-12 16:49:23,683 - DEBUG - Seen 11088 genes until now
2022-10-12 16:49:23,683 - DEBUG - Parsing Chromosome 15 strand - [line 822909]
2022-10-12 16:49:23,985 - DEBUG - Done with 15- [line 873715]
2022-10-12 16:49:23,985 - DEBUG - Assigning indexes to genes
2022-10-12 16:49:24,000 - DEBUG - Seen 11734 genes until now
2022-10-12 16:49:24,000 - DEBUG - Parsing Chromosome 15 strand + [line 873716]
2022-10-12 16:49:24,857 - DEBUG - Done with 15+ [line 923824]
2022-10-12 16:49:24,857 - DEBUG - Assigning indexes to genes
2022-10-12 16:49:24,864 - DEBUG - Seen 12355 genes until now
2022-10-12 16:49:24,864 - DEBUG - Parsing Chromosome 16 strand - [line 923825]
2022-10-12 16:49:25,125 - DEBUG - Done with 16- [line 979238]
2022-10-12 16:49:25,125 - DEBUG - Assigning indexes to genes
2022-10-12 16:49:25,132 - DEBUG - Seen 13151 genes until now
2022-10-12 16:49:25,132 - DEBUG - Parsing Chromosome 16 strand + [line 979239]
2022-10-12 16:49:25,520 - DEBUG - Done with 16+ [line 1052152]
2022-10-12 16:49:25,520 - DEBUG - Assigning indexes to genes
2022-10-12 16:49:25,529 - DEBUG - Seen 14004 genes until now
2022-10-12 16:49:25,529 - DEBUG - Parsing Chromosome 17 strand - [line 1052153]
2022-10-12 16:49:26,030 - DEBUG - Done with 17- [line 1140008]
2022-10-12 16:49:26,030 - DEBUG - Assigning indexes to genes
2022-10-12 16:49:26,040 - DEBUG - Seen 15039 genes until now
2022-10-12 16:49:26,040 - DEBUG - Parsing Chromosome 17 strand + [line 1140009]
2022-10-12 16:49:27,025 - DEBUG - Done with 17+ [line 1219447]
2022-10-12 16:49:27,025 - DEBUG - Assigning indexes to genes
2022-10-12 16:49:27,035 - DEBUG - Seen 15996 genes until now
2022-10-12 16:49:27,035 - DEBUG - Parsing Chromosome 18 strand - [line 1219448]
2022-10-12 16:49:27,163 - DEBUG - Done with 18- [line 1246083]
2022-10-12 16:49:27,163 - DEBUG - Assigning indexes to genes
2022-10-12 16:49:27,170 - DEBUG - Seen 16371 genes until now
2022-10-12 16:49:27,170 - DEBUG - Parsing Chromosome 18 strand + [line 1246084]
2022-10-12 16:49:27,324 - DEBUG - Done with 18+ [line 1269821]
2022-10-12 16:49:27,324 - DEBUG - Assigning indexes to genes
2022-10-12 16:49:27,330 - DEBUG - Seen 16777 genes until now
2022-10-12 16:49:27,331 - DEBUG - Parsing Chromosome 19 strand - [line 1269822]
2022-10-12 16:49:27,744 - DEBUG - Done with 19- [line 1350736]
2022-10-12 16:49:27,744 - DEBUG - Assigning indexes to genes
2022-10-12 16:49:27,754 - DEBUG - Seen 17790 genes until now
2022-10-12 16:49:27,754 - DEBUG - Parsing Chromosome 19 strand + [line 1350737]
2022-10-12 16:49:28,122 - DEBUG - Done with 19+ [line 1435648]
2022-10-12 16:49:28,122 - DEBUG - Assigning indexes to genes
2022-10-12 16:49:28,139 - DEBUG - Seen 18804 genes until now
2022-10-12 16:49:28,139 - DEBUG - Parsing Chromosome 2 strand - [line 1435649]
2022-10-12 16:49:28,667 - DEBUG - Done with 2- [line 1542996]
2022-10-12 16:49:28,668 - DEBUG - Assigning indexes to genes
2022-10-12 16:49:28,680 - DEBUG - Seen 20037 genes until now
2022-10-12 16:49:28,680 - DEBUG - Parsing Chromosome 2 strand + [line 1542997]
2022-10-12 16:49:29,884 - DEBUG - Done with 2+ [line 1642863]
2022-10-12 16:49:29,884 - DEBUG - Assigning indexes to genes
2022-10-12 16:49:29,905 - DEBUG - Seen 21345 genes until now
2022-10-12 16:49:29,905 - DEBUG - Parsing Chromosome 20 strand - [line 1642864]
2022-10-12 16:49:30,114 - DEBUG - Done with 20- [line 1672442]
2022-10-12 16:49:30,114 - DEBUG - Assigning indexes to genes
2022-10-12 16:49:30,118 - DEBUG - Seen 21828 genes until now
2022-10-12 16:49:30,118 - DEBUG - Parsing Chromosome 20 strand + [line 1672443]
2022-10-12 16:49:30,296 - DEBUG - Done with 20+ [line 1707817]
2022-10-12 16:49:30,296 - DEBUG - Assigning indexes to genes
2022-10-12 16:49:30,302 - DEBUG - Seen 22309 genes until now
2022-10-12 16:49:30,302 - DEBUG - Parsing Chromosome 21 strand - [line 1707818]
2022-10-12 16:49:30,384 - DEBUG - Done with 21- [line 1722798]
2022-10-12 16:49:30,384 - DEBUG - Assigning indexes to genes
2022-10-12 16:49:30,387 - DEBUG - Seen 22596 genes until now
2022-10-12 16:49:30,387 - DEBUG - Parsing Chromosome 21 strand + [line 1722799]
2022-10-12 16:49:30,487 - DEBUG - Done with 21+ [line 1738981]
2022-10-12 16:49:30,487 - DEBUG - Assigning indexes to genes
2022-10-12 16:49:30,489 - DEBUG - Seen 22864 genes until now
2022-10-12 16:49:30,489 - DEBUG - Parsing Chromosome 22 strand - [line 1738982]
2022-10-12 16:49:30,657 - DEBUG - Done with 22- [line 1765357]
2022-10-12 16:49:30,657 - DEBUG - Assigning indexes to genes
2022-10-12 16:49:30,661 - DEBUG - Seen 23260 genes until now
2022-10-12 16:49:30,661 - DEBUG - Parsing Chromosome 22 strand + [line 1765358]
2022-10-12 16:49:30,815 - DEBUG - Done with 22+ [line 1797598]
2022-10-12 16:49:30,815 - DEBUG - Assigning indexes to genes
2022-10-12 16:49:30,819 - DEBUG - Seen 23765 genes until now
2022-10-12 16:49:30,820 - DEBUG - Parsing Chromosome 3 strand - [line 1797599]
2022-10-12 16:49:31,317 - DEBUG - Done with 3- [line 1887377]
2022-10-12 16:49:31,317 - DEBUG - Assigning indexes to genes
2022-10-12 16:49:31,329 - DEBUG - Seen 24693 genes until now
2022-10-12 16:49:31,330 - DEBUG - Parsing Chromosome 3 strand + [line 1887378]
2022-10-12 16:49:31,816 - DEBUG - Done with 3+ [line 1977011]
2022-10-12 16:49:31,816 - DEBUG - Assigning indexes to genes
2022-10-12 16:49:31,832 - DEBUG - Seen 25658 genes until now
2022-10-12 16:49:31,832 - DEBUG - Parsing Chromosome 4 strand - [line 1977012]
2022-10-12 16:49:32,937 - DEBUG - Done with 4- [line 2034238]
2022-10-12 16:49:32,938 - DEBUG - Assigning indexes to genes
2022-10-12 16:49:32,950 - DEBUG - Seen 26401 genes until now
2022-10-12 16:49:32,950 - DEBUG - Parsing Chromosome 4 strand + [line 2034239]
2022-10-12 16:49:33,344 - DEBUG - Done with 4+ [line 2094594]
2022-10-12 16:49:33,344 - DEBUG - Assigning indexes to genes
2022-10-12 16:49:33,351 - DEBUG - Seen 27191 genes until now
2022-10-12 16:49:33,351 - DEBUG - Parsing Chromosome 5 strand - [line 2094595]
2022-10-12 16:49:33,621 - DEBUG - Done with 5- [line 2152660]
2022-10-12 16:49:33,621 - DEBUG - Assigning indexes to genes
2022-10-12 16:49:33,631 - DEBUG - Seen 28071 genes until now
2022-10-12 16:49:33,631 - DEBUG - Parsing Chromosome 5 strand + [line 2152661]
2022-10-12 16:49:33,988 - DEBUG - Done with 5+ [line 2218657]
2022-10-12 16:49:33,988 - DEBUG - Assigning indexes to genes
2022-10-12 16:49:34,001 - DEBUG - Seen 29002 genes until now
2022-10-12 16:49:34,001 - DEBUG - Parsing Chromosome 6 strand - [line 2218658]
2022-10-12 16:49:34,395 - DEBUG - Done with 6- [line 2284937]
2022-10-12 16:49:34,395 - DEBUG - Assigning indexes to genes
2022-10-12 16:49:34,406 - DEBUG - Seen 29928 genes until now
2022-10-12 16:49:34,406 - DEBUG - Parsing Chromosome 6 strand + [line 2284938]
2022-10-12 16:49:34,773 - DEBUG - Done with 6+ [line 2345240]
2022-10-12 16:49:34,773 - DEBUG - Assigning indexes to genes
2022-10-12 16:49:34,785 - DEBUG - Seen 30829 genes until now
2022-10-12 16:49:34,785 - DEBUG - Parsing Chromosome 7 strand - [line 2345241]
2022-10-12 16:49:35,149 - DEBUG - Done with 7- [line 2406845]
2022-10-12 16:49:35,149 - DEBUG - Assigning indexes to genes
2022-10-12 16:49:35,162 - DEBUG - Seen 31621 genes until now
2022-10-12 16:49:35,162 - DEBUG - Parsing Chromosome 7 strand + [line 2406846]
2022-10-12 16:49:35,494 - DEBUG - Done with 7+ [line 2476014]
2022-10-12 16:49:35,494 - DEBUG - Assigning indexes to genes
2022-10-12 16:49:35,502 - DEBUG - Seen 32515 genes until now
2022-10-12 16:49:35,502 - DEBUG - Parsing Chromosome 8 strand - [line 2476015]
2022-10-12 16:49:35,740 - DEBUG - Done with 8- [line 2527366]
2022-10-12 16:49:35,740 - DEBUG - Assigning indexes to genes
2022-10-12 16:49:35,748 - DEBUG - Seen 33270 genes until now
2022-10-12 16:49:35,748 - DEBUG - Parsing Chromosome 8 strand + [line 2527367]
2022-10-12 16:49:36,874 - DEBUG - Done with 8+ [line 2577021]
2022-10-12 16:49:36,874 - DEBUG - Assigning indexes to genes
2022-10-12 16:49:36,884 - DEBUG - Seen 34010 genes until now
2022-10-12 16:49:36,885 - DEBUG - Parsing Chromosome 9 strand - [line 2577022]
2022-10-12 16:49:37,090 - DEBUG - Done with 9- [line 2622811]
2022-10-12 16:49:37,091 - DEBUG - Assigning indexes to genes
2022-10-12 16:49:37,096 - DEBUG - Seen 34681 genes until now
2022-10-12 16:49:37,096 - DEBUG - Parsing Chromosome 9 strand + [line 2622812]
2022-10-12 16:49:37,347 - DEBUG - Done with 9+ [line 2672374]
2022-10-12 16:49:37,347 - DEBUG - Assigning indexes to genes
2022-10-12 16:49:37,354 - DEBUG - Seen 35329 genes until now
2022-10-12 16:49:37,354 - DEBUG - Parsing Chromosome M strand - [line 2672375]
2022-10-12 16:49:37,354 - DEBUG - Done with M- [line 2672379]
2022-10-12 16:49:37,354 - DEBUG - Assigning indexes to genes
2022-10-12 16:49:37,354 - DEBUG - Seen 35330 genes until now
2022-10-12 16:49:37,354 - DEBUG - Parsing Chromosome M strand + [line 2672380]
2022-10-12 16:49:37,354 - DEBUG - Done with M+ [line 2672445]
2022-10-12 16:49:37,354 - DEBUG - Assigning indexes to genes
2022-10-12 16:49:37,354 - DEBUG - Seen 35342 genes until now
2022-10-12 16:49:37,354 - DEBUG - Parsing Chromosome X strand - [line 2672446]
2022-10-12 16:49:37,549 - DEBUG - Done with X- [line 2716088]
2022-10-12 16:49:37,549 - DEBUG - Assigning indexes to genes
2022-10-12 16:49:37,555 - DEBUG - Seen 35884 genes until now
2022-10-12 16:49:37,555 - DEBUG - Parsing Chromosome X strand + [line 2716089]
2022-10-12 16:49:37,759 - DEBUG - Done with X+ [line 2760500]
2022-10-12 16:49:37,759 - DEBUG - Assigning indexes to genes
2022-10-12 16:49:37,765 - DEBUG - Seen 36490 genes until now
2022-10-12 16:49:37,766 - DEBUG - Parsing Chromosome Y strand - [line 2760501]
2022-10-12 16:49:37,779 - DEBUG - Done with Y- [line 2763031]
2022-10-12 16:49:37,779 - DEBUG - Assigning indexes to genes
2022-10-12 16:49:37,779 - DEBUG - Seen 36543 genes until now
2022-10-12 16:49:37,779 - DEBUG - Parsing Chromosome Y strand + [line 2763032]
2022-10-12 16:49:37,793 - DEBUG - Assigning indexes to genes
2022-10-12 16:49:37,793 - DEBUG - Done with Y+ [line 2765967]
2022-10-12 16:49:37,793 - DEBUG - Fixing corner cases of transcript models containg intron longer than 1000Kbp
2022-10-12 16:49:39,891 - DEBUG - Generated 2411536 features corresponding to 199138 transcript models from /storage/singlecell/zz4/Reference/refdata-cellranger-arc-GRCh38-2020-A/genes/genes.gtf
2022-10-12 16:49:39,924 - INFO - Scan /storage/singlecell/zz4/fetal_bash/data/Retina_fetal/Multi_Fetal_19W4d_FR/outs/gex_possorted_bam.bam to validate intron intervals
2022-10-12 16:49:44,031 - DEBUG - Reading /storage/singlecell/zz4/fetal_bash/data/Retina_fetal/Multi_Fetal_19W4d_FR/outs/gex_possorted_bam.bam
2022-10-12 16:49:44,070 - DEBUG - Read first 0 million reads
2022-10-12 16:49:44,070 - DEBUG - Marking up chromosome 1
2022-10-12 16:52:22,041 - DEBUG - Read first 10 million reads
2022-10-12 16:55:21,540 - DEBUG - Read first 20 million reads
2022-10-12 16:58:04,292 - DEBUG - Read first 30 million reads
2022-10-12 17:00:36,670 - DEBUG - Read first 40 million reads
2022-10-12 17:03:23,587 - DEBUG - Read first 50 million reads
2022-10-12 17:03:28,868 - DEBUG - Marking up chromosome 10
2022-10-12 17:06:22,560 - DEBUG - Read first 60 million reads
2022-10-12 17:11:12,767 - DEBUG - Read first 70 million reads
2022-10-12 17:12:59,232 - DEBUG - Marking up chromosome 11
2022-10-12 17:13:56,593 - DEBUG - Read first 80 million reads
2022-10-12 17:17:03,847 - DEBUG - Read first 90 million reads
2022-10-12 17:20:34,028 - DEBUG - Read first 100 million reads
2022-10-12 17:23:52,168 - DEBUG - Read first 110 million reads
2022-10-12 17:26:45,704 - DEBUG - Marking up chromosome 12
2022-10-12 17:26:53,081 - DEBUG - Read first 120 million reads
2022-10-12 17:29:42,146 - DEBUG - Read first 130 million reads
2022-10-12 17:32:38,128 - DEBUG - Read first 140 million reads
2022-10-12 17:35:52,214 - DEBUG - Read first 150 million reads
2022-10-12 17:36:09,418 - DEBUG - Marking up chromosome 13
2022-10-12 17:38:23,463 - DEBUG - Read first 160 million reads
2022-10-12 17:40:46,081 - DEBUG - Marking up chromosome 14
2022-10-12 17:40:49,199 - DEBUG - Read first 170 million reads
2022-10-12 17:43:28,086 - DEBUG - Read first 180 million reads
2022-10-12 17:46:18,181 - DEBUG - Read first 190 million reads
2022-10-12 17:47:47,211 - DEBUG - Marking up chromosome 15
2022-10-12 17:50:21,590 - DEBUG - Read first 200 million reads
2022-10-12 17:53:13,011 - DEBUG - Read first 210 million reads
2022-10-12 17:54:59,275 - DEBUG - Marking up chromosome 16
2022-10-12 17:55:56,738 - DEBUG - Read first 220 million reads
2022-10-12 17:58:29,309 - DEBUG - Read first 230 million reads
2022-10-12 17:59:32,275 - DEBUG - Marking up chromosome 17
2022-10-12 18:01:19,133 - DEBUG - Read first 240 million reads
2022-10-12 18:03:59,091 - DEBUG - Read first 250 million reads
2022-10-12 18:06:22,744 - DEBUG - Marking up chromosome 18
2022-10-12 18:06:58,247 - DEBUG - Read first 260 million reads
2022-10-12 18:11:01,856 - DEBUG - Read first 270 million reads
2022-10-12 18:11:15,330 - DEBUG - Marking up chromosome 19
2022-10-12 18:13:48,369 - DEBUG - Read first 280 million reads
2022-10-12 18:15:42,219 - DEBUG - Marking up chromosome 2
2022-10-12 18:16:21,904 - DEBUG - Read first 290 million reads
2022-10-12 18:19:24,701 - DEBUG - Read first 300 million reads
2022-10-12 18:23:01,633 - DEBUG - Read first 310 million reads
2022-10-12 18:25:54,900 - DEBUG - Read first 320 million reads
2022-10-12 18:28:59,943 - DEBUG - Read first 330 million reads
2022-10-12 18:31:43,392 - DEBUG - Read first 340 million reads
2022-10-12 18:31:44,794 - DEBUG - Marking up chromosome 20
2022-10-12 18:34:16,106 - DEBUG - Read first 350 million reads
2022-10-12 18:34:56,668 - DEBUG - Marking up chromosome 21
2022-10-12 18:36:42,242 - DEBUG - Read first 360 million reads
2022-10-12 18:37:19,784 - DEBUG - Marking up chromosome 22
2022-10-12 18:39:17,652 - DEBUG - Read first 370 million reads
2022-10-12 18:39:25,228 - DEBUG - Marking up chromosome 3
2022-10-12 18:42:23,291 - DEBUG - Read first 380 million reads
2022-10-12 18:45:12,782 - DEBUG - Read first 390 million reads
2022-10-12 18:47:44,986 - DEBUG - Read first 400 million reads
2022-10-12 18:50:51,421 - DEBUG - Read first 410 million reads
2022-10-12 18:53:16,480 - DEBUG - Marking up chromosome 4
2022-10-12 18:54:14,327 - DEBUG - Read first 420 million reads
2022-10-12 18:57:16,577 - DEBUG - Read first 430 million reads
2022-10-12 19:01:38,034 - DEBUG - Read first 440 million reads
2022-10-12 19:04:21,335 - DEBUG - Read first 450 million reads
2022-10-12 19:04:41,201 - DEBUG - Marking up chromosome 5
2022-10-12 19:07:27,218 - DEBUG - Read first 460 million reads
2022-10-12 19:10:44,223 - DEBUG - Read first 470 million reads
2022-10-12 19:13:36,060 - DEBUG - Read first 480 million reads
2022-10-12 19:14:24,944 - DEBUG - Marking up chromosome 6
2022-10-12 19:16:29,350 - DEBUG - Read first 490 million reads
2022-10-12 19:18:57,421 - DEBUG - Read first 500 million reads
2022-10-12 19:21:48,654 - DEBUG - Read first 510 million reads
2022-10-12 19:23:35,012 - DEBUG - Marking up chromosome 7
2022-10-12 19:24:34,371 - DEBUG - Read first 520 million reads
2022-10-12 19:27:06,436 - DEBUG - Read first 530 million reads
2022-10-12 19:29:39,611 - DEBUG - Read first 540 million reads
2022-10-12 19:32:31,662 - DEBUG - Read first 550 million reads
2022-10-12 19:33:09,568 - DEBUG - Marking up chromosome 8
2022-10-12 19:35:27,033 - DEBUG - Read first 560 million reads
2022-10-12 19:38:47,402 - DEBUG - Read first 570 million reads
2022-10-12 19:41:51,665 - DEBUG - Marking up chromosome 9
2022-10-12 19:41:58,273 - DEBUG - Read first 580 million reads
2022-10-12 19:44:12,820 - DEBUG - Read first 590 million reads
2022-10-12 19:46:31,593 - DEBUG - Read first 600 million reads
2022-10-12 19:47:23,357 - DEBUG - Marking up chromosome MT
2022-10-12 19:47:23,358 - WARNING - The .bam file refers to a chromosome 'MT+' not present in the annotation (.gtf) file
2022-10-12 19:47:23,358 - WARNING - The .bam file refers to a chromosome 'MT-' not present in the annotation (.gtf) file
2022-10-12 19:48:15,839 - DEBUG - Read first 610 million reads
2022-10-12 19:48:17,275 - DEBUG - Marking up chromosome X
2022-10-12 19:52:20,290 - DEBUG - Read first 620 million reads
2022-10-12 19:54:32,002 - DEBUG - Marking up chromosome Y
2022-10-12 19:54:32,174 - DEBUG - Marking up chromosome KI270728.1
2022-10-12 19:54:32,180 - DEBUG - Marking up chromosome KI270727.1
2022-10-12 19:54:32,198 - DEBUG - Marking up chromosome KI270442.1
2022-10-12 19:54:32,198 - WARNING - The .bam file refers to a chromosome 'KI270442.1+' not present in the annotation (.gtf) file
2022-10-12 19:54:32,198 - WARNING - The .bam file refers to a chromosome 'KI270442.1-' not present in the annotation (.gtf) file
2022-10-12 19:54:32,226 - DEBUG - Marking up chromosome KI270729.1
2022-10-12 19:54:32,226 - WARNING - The .bam file refers to a chromosome 'KI270729.1+' not present in the annotation (.gtf) file
2022-10-12 19:54:32,226 - WARNING - The .bam file refers to a chromosome 'KI270729.1-' not present in the annotation (.gtf) file
2022-10-12 19:54:32,228 - DEBUG - Marking up chromosome GL000225.1
2022-10-12 19:54:32,228 - WARNING - The .bam file refers to a chromosome 'GL000225.1+' not present in the annotation (.gtf) file
2022-10-12 19:54:32,228 - WARNING - The .bam file refers to a chromosome 'GL000225.1-' not present in the annotation (.gtf) file
2022-10-12 19:54:32,228 - DEBUG - Marking up chromosome KI270743.1
2022-10-12 19:54:32,228 - WARNING - The .bam file refers to a chromosome 'KI270743.1+' not present in the annotation (.gtf) file
2022-10-12 19:54:32,229 - WARNING - The .bam file refers to a chromosome 'KI270743.1-' not present in the annotation (.gtf) file
2022-10-12 19:54:32,235 - DEBUG - Marking up chromosome GL000008.2
2022-10-12 19:54:32,235 - WARNING - The .bam file refers to a chromosome 'GL000008.2+' not present in the annotation (.gtf) file
2022-10-12 19:54:32,235 - WARNING - The .bam file refers to a chromosome 'GL000008.2-' not present in the annotation (.gtf) file
2022-10-12 19:54:32,240 - DEBUG - Marking up chromosome GL000009.2
2022-10-12 19:54:32,240 - WARNING - The .bam file refers to a chromosome 'GL000009.2+' not present in the annotation (.gtf) file
2022-10-12 19:54:32,246 - DEBUG - Marking up chromosome KI270747.1
2022-10-12 19:54:32,246 - WARNING - The .bam file refers to a chromosome 'KI270747.1+' not present in the annotation (.gtf) file
2022-10-12 19:54:32,246 - WARNING - The .bam file refers to a chromosome 'KI270747.1-' not present in the annotation (.gtf) file
2022-10-12 19:54:32,246 - DEBUG - Marking up chromosome KI270722.1
2022-10-12 19:54:32,246 - WARNING - The .bam file refers to a chromosome 'KI270722.1+' not present in the annotation (.gtf) file
2022-10-12 19:54:32,247 - WARNING - The .bam file refers to a chromosome 'KI270722.1-' not present in the annotation (.gtf) file
2022-10-12 19:54:32,247 - DEBUG - Marking up chromosome GL000194.1
2022-10-12 19:54:32,247 - WARNING - The .bam file refers to a chromosome 'GL000194.1+' not present in the annotation (.gtf) file
2022-10-12 19:54:32,256 - DEBUG - Marking up chromosome KI270742.1
2022-10-12 19:54:32,256 - WARNING - The .bam file refers to a chromosome 'KI270742.1+' not present in the annotation (.gtf) file
2022-10-12 19:54:32,256 - WARNING - The .bam file refers to a chromosome 'KI270742.1-' not present in the annotation (.gtf) file
2022-10-12 19:54:32,342 - DEBUG - Marking up chromosome GL000205.2
2022-10-12 19:54:32,342 - WARNING - The .bam file refers to a chromosome 'GL000205.2+' not present in the annotation (.gtf) file
2022-10-12 19:54:32,574 - DEBUG - Marking up chromosome GL000195.1
2022-10-12 19:54:33,897 - DEBUG - Marking up chromosome KI270736.1
2022-10-12 19:54:33,898 - WARNING - The .bam file refers to a chromosome 'KI270736.1+' not present in the annotation (.gtf) file
2022-10-12 19:54:33,898 - WARNING - The .bam file refers to a chromosome 'KI270736.1-' not present in the annotation (.gtf) file
2022-10-12 19:54:33,898 - DEBUG - Marking up chromosome KI270733.1
2022-10-12 19:54:33,898 - WARNING - The .bam file refers to a chromosome 'KI270733.1+' not present in the annotation (.gtf) file
2022-10-12 19:54:33,898 - WARNING - The .bam file refers to a chromosome 'KI270733.1-' not present in the annotation (.gtf) file
2022-10-12 19:54:34,226 - DEBUG - Marking up chromosome GL000224.1
2022-10-12 19:54:34,226 - WARNING - The .bam file refers to a chromosome 'GL000224.1+' not present in the annotation (.gtf) file
2022-10-12 19:54:34,226 - WARNING - The .bam file refers to a chromosome 'GL000224.1-' not present in the annotation (.gtf) file
2022-10-12 19:54:34,258 - DEBUG - Marking up chromosome GL000219.1
2022-10-12 19:54:34,258 - WARNING - The .bam file refers to a chromosome 'GL000219.1+' not present in the annotation (.gtf) file
2022-10-12 19:54:34,988 - DEBUG - Marking up chromosome KI270719.1
2022-10-12 19:54:34,988 - WARNING - The .bam file refers to a chromosome 'KI270719.1+' not present in the annotation (.gtf) file
2022-10-12 19:54:34,988 - WARNING - The .bam file refers to a chromosome 'KI270719.1-' not present in the annotation (.gtf) file
2022-10-12 19:54:35,009 - DEBUG - Marking up chromosome GL000216.2
2022-10-12 19:54:35,009 - WARNING - The .bam file refers to a chromosome 'GL000216.2+' not present in the annotation (.gtf) file
2022-10-12 19:54:35,009 - WARNING - The .bam file refers to a chromosome 'GL000216.2-' not present in the annotation (.gtf) file
2022-10-12 19:54:35,009 - DEBUG - Marking up chromosome KI270712.1
2022-10-12 19:54:35,009 - WARNING - The .bam file refers to a chromosome 'KI270712.1+' not present in the annotation (.gtf) file
2022-10-12 19:54:35,009 - WARNING - The .bam file refers to a chromosome 'KI270712.1-' not present in the annotation (.gtf) file
2022-10-12 19:54:35,017 - DEBUG - Marking up chromosome KI270706.1
2022-10-12 19:54:35,018 - WARNING - The .bam file refers to a chromosome 'KI270706.1+' not present in the annotation (.gtf) file
2022-10-12 19:54:35,018 - WARNING - The .bam file refers to a chromosome 'KI270706.1-' not present in the annotation (.gtf) file
2022-10-12 19:54:35,056 - DEBUG - Marking up chromosome KI270725.1
2022-10-12 19:54:35,057 - WARNING - The .bam file refers to a chromosome 'KI270725.1+' not present in the annotation (.gtf) file
2022-10-12 19:54:35,057 - WARNING - The .bam file refers to a chromosome 'KI270725.1-' not present in the annotation (.gtf) file
2022-10-12 19:54:35,059 - DEBUG - Marking up chromosome KI270744.1
2022-10-12 19:54:35,059 - WARNING - The .bam file refers to a chromosome 'KI270744.1+' not present in the annotation (.gtf) file
2022-10-12 19:54:35,059 - WARNING - The .bam file refers to a chromosome 'KI270744.1-' not present in the annotation (.gtf) file
2022-10-12 19:54:35,066 - DEBUG - Marking up chromosome KI270734.1
2022-10-12 19:54:35,077 - DEBUG - Marking up chromosome GL000213.1
2022-10-12 19:54:35,078 - WARNING - The .bam file refers to a chromosome 'GL000213.1+' not present in the annotation (.gtf) file
2022-10-12 19:54:35,078 - DEBUG - Marking up chromosome GL000220.1
2022-10-12 19:54:35,078 - WARNING - The .bam file refers to a chromosome 'GL000220.1+' not present in the annotation (.gtf) file
2022-10-12 19:54:35,078 - WARNING - The .bam file refers to a chromosome 'GL000220.1-' not present in the annotation (.gtf) file
2022-10-12 19:54:37,853 - DEBUG - Marking up chromosome KI270715.1
2022-10-12 19:54:37,854 - WARNING - The .bam file refers to a chromosome 'KI270715.1+' not present in the annotation (.gtf) file
2022-10-12 19:54:37,854 - WARNING - The .bam file refers to a chromosome 'KI270715.1-' not present in the annotation (.gtf) file
2022-10-12 19:54:37,854 - DEBUG - Marking up chromosome GL000218.1
2022-10-12 19:54:37,854 - WARNING - The .bam file refers to a chromosome 'GL000218.1+' not present in the annotation (.gtf) file
2022-10-12 19:54:37,856 - DEBUG - Marking up chromosome KI270749.1
2022-10-12 19:54:37,857 - WARNING - The .bam file refers to a chromosome 'KI270749.1+' not present in the annotation (.gtf) file
2022-10-12 19:54:37,857 - WARNING - The .bam file refers to a chromosome 'KI270749.1-' not present in the annotation (.gtf) file
2022-10-12 19:54:37,859 - DEBUG - Marking up chromosome KI270741.1
2022-10-12 19:54:37,859 - WARNING - The .bam file refers to a chromosome 'KI270741.1+' not present in the annotation (.gtf) file
2022-10-12 19:54:37,859 - WARNING - The .bam file refers to a chromosome 'KI270741.1-' not present in the annotation (.gtf) file
2022-10-12 19:54:37,865 - DEBUG - Marking up chromosome GL000221.1
2022-10-12 19:54:37,865 - WARNING - The .bam file refers to a chromosome 'GL000221.1+' not present in the annotation (.gtf) file
2022-10-12 19:54:37,865 - WARNING - The .bam file refers to a chromosome 'GL000221.1-' not present in the annotation (.gtf) file
2022-10-12 19:54:37,941 - DEBUG - Marking up chromosome KI270716.1
2022-10-12 19:54:37,942 - WARNING - The .bam file refers to a chromosome 'KI270716.1+' not present in the annotation (.gtf) file
2022-10-12 19:54:37,942 - WARNING - The .bam file refers to a chromosome 'KI270716.1-' not present in the annotation (.gtf) file
2022-10-12 19:54:37,942 - DEBUG - Marking up chromosome KI270731.1
2022-10-12 19:54:37,942 - WARNING - The .bam file refers to a chromosome 'KI270731.1+' not present in the annotation (.gtf) file
2022-10-12 19:54:37,943 - DEBUG - Marking up chromosome KI270751.1
2022-10-12 19:54:37,943 - WARNING - The .bam file refers to a chromosome 'KI270751.1+' not present in the annotation (.gtf) file
2022-10-12 19:54:37,943 - WARNING - The .bam file refers to a chromosome 'KI270751.1-' not present in the annotation (.gtf) file
2022-10-12 19:54:37,944 - DEBUG - Marking up chromosome KI270750.1
2022-10-12 19:54:37,944 - WARNING - The .bam file refers to a chromosome 'KI270750.1+' not present in the annotation (.gtf) file
2022-10-12 19:54:37,944 - WARNING - The .bam file refers to a chromosome 'KI270750.1-' not present in the annotation (.gtf) file
2022-10-12 19:54:37,944 - DEBUG - Marking up chromosome KI270519.1
2022-10-12 19:54:37,944 - WARNING - The .bam file refers to a chromosome 'KI270519.1+' not present in the annotation (.gtf) file
2022-10-12 19:54:37,944 - WARNING - The .bam file refers to a chromosome 'KI270519.1-' not present in the annotation (.gtf) file
2022-10-12 19:54:37,944 - DEBUG - Marking up chromosome GL000214.1
2022-10-12 19:54:37,944 - WARNING - The .bam file refers to a chromosome 'GL000214.1+' not present in the annotation (.gtf) file
2022-10-12 19:54:37,944 - WARNING - The .bam file refers to a chromosome 'GL000214.1-' not present in the annotation (.gtf) file
2022-10-12 19:54:37,948 - DEBUG - Marking up chromosome KI270708.1
2022-10-12 19:54:37,948 - WARNING - The .bam file refers to a chromosome 'KI270708.1+' not present in the annotation (.gtf) file
2022-10-12 19:54:37,948 - WARNING - The .bam file refers to a chromosome 'KI270708.1-' not present in the annotation (.gtf) file
2022-10-12 19:54:37,948 - DEBUG - Marking up chromosome KI270730.1
2022-10-12 19:54:37,948 - WARNING - The .bam file refers to a chromosome 'KI270730.1+' not present in the annotation (.gtf) file
2022-10-12 19:54:37,948 - WARNING - The .bam file refers to a chromosome 'KI270730.1-' not present in the annotation (.gtf) file
2022-10-12 19:54:37,948 - DEBUG - Marking up chromosome KI270438.1
2022-10-12 19:54:37,949 - WARNING - The .bam file refers to a chromosome 'KI270438.1+' not present in the annotation (.gtf) file
2022-10-12 19:54:37,949 - WARNING - The .bam file refers to a chromosome 'KI270438.1-' not present in the annotation (.gtf) file
2022-10-12 19:54:37,949 - DEBUG - Marking up chromosome KI270737.1
2022-10-12 19:54:37,949 - WARNING - The .bam file refers to a chromosome 'KI270737.1+' not present in the annotation (.gtf) file
2022-10-12 19:54:37,949 - WARNING - The .bam file refers to a chromosome 'KI270737.1-' not present in the annotation (.gtf) file
2022-10-12 19:54:37,950 - DEBUG - Marking up chromosome KI270721.1
2022-10-12 19:54:37,950 - WARNING - The .bam file refers to a chromosome 'KI270721.1-' not present in the annotation (.gtf) file
2022-10-12 19:54:37,963 - DEBUG - Marking up chromosome KI270738.1
2022-10-12 19:54:37,964 - WARNING - The .bam file refers to a chromosome 'KI270738.1+' not present in the annotation (.gtf) file
2022-10-12 19:54:37,964 - WARNING - The .bam file refers to a chromosome 'KI270738.1-' not present in the annotation (.gtf) file
2022-10-12 19:54:37,967 - DEBUG - Marking up chromosome KI270748.1
2022-10-12 19:54:37,967 - WARNING - The .bam file refers to a chromosome 'KI270748.1+' not present in the annotation (.gtf) file
2022-10-12 19:54:37,967 - WARNING - The .bam file refers to a chromosome 'KI270748.1-' not present in the annotation (.gtf) file
2022-10-12 19:54:37,968 - DEBUG - Marking up chromosome KI270435.1
2022-10-12 19:54:37,969 - WARNING - The .bam file refers to a chromosome 'KI270435.1+' not present in the annotation (.gtf) file
2022-10-12 19:54:37,969 - WARNING - The .bam file refers to a chromosome 'KI270435.1-' not present in the annotation (.gtf) file
2022-10-12 19:54:37,969 - DEBUG - Marking up chromosome GL000208.1
2022-10-12 19:54:37,969 - WARNING - The .bam file refers to a chromosome 'GL000208.1+' not present in the annotation (.gtf) file
2022-10-12 19:54:37,969 - WARNING - The .bam file refers to a chromosome 'GL000208.1-' not present in the annotation (.gtf) file
2022-10-12 19:54:37,970 - DEBUG - Marking up chromosome KI270538.1
2022-10-12 19:54:37,970 - WARNING - The .bam file refers to a chromosome 'KI270538.1+' not present in the annotation (.gtf) file
2022-10-12 19:54:37,970 - WARNING - The .bam file refers to a chromosome 'KI270538.1-' not present in the annotation (.gtf) file
2022-10-12 19:54:37,970 - DEBUG - Marking up chromosome KI270757.1
2022-10-12 19:54:37,970 - WARNING - The .bam file refers to a chromosome 'KI270757.1+' not present in the annotation (.gtf) file
2022-10-12 19:54:37,970 - WARNING - The .bam file refers to a chromosome 'KI270757.1-' not present in the annotation (.gtf) file
2022-10-12 19:54:37,970 - DEBUG - Marking up chromosome KI270709.1
2022-10-12 19:54:37,970 - WARNING - The .bam file refers to a chromosome 'KI270709.1+' not present in the annotation (.gtf) file
2022-10-12 19:54:37,970 - WARNING - The .bam file refers to a chromosome 'KI270709.1-' not present in the annotation (.gtf) file
2022-10-12 19:54:37,974 - DEBUG - Marking up chromosome KI270746.1
2022-10-12 19:54:37,974 - WARNING - The .bam file refers to a chromosome 'KI270746.1+' not present in the annotation (.gtf) file
2022-10-12 19:54:37,974 - WARNING - The .bam file refers to a chromosome 'KI270746.1-' not present in the annotation (.gtf) file
2022-10-12 19:54:37,974 - DEBUG - Marking up chromosome KI270753.1
2022-10-12 19:54:37,974 - WARNING - The .bam file refers to a chromosome 'KI270753.1+' not present in the annotation (.gtf) file
2022-10-12 19:54:37,974 - WARNING - The .bam file refers to a chromosome 'KI270753.1-' not present in the annotation (.gtf) file
2022-10-12 19:54:37,975 - DEBUG - Marking up chromosome KI270589.1
2022-10-12 19:54:37,975 - WARNING - The .bam file refers to a chromosome 'KI270589.1+' not present in the annotation (.gtf) file
2022-10-12 19:54:37,975 - WARNING - The .bam file refers to a chromosome 'KI270589.1-' not present in the annotation (.gtf) file
2022-10-12 19:54:37,976 - DEBUG - Marking up chromosome KI270726.1
2022-10-12 19:54:37,976 - WARNING - The .bam file refers to a chromosome 'KI270726.1-' not present in the annotation (.gtf) file
2022-10-12 19:54:37,976 - DEBUG - Marking up chromosome KI270735.1
2022-10-12 19:54:37,976 - WARNING - The .bam file refers to a chromosome 'KI270735.1+' not present in the annotation (.gtf) file
2022-10-12 19:54:37,976 - WARNING - The .bam file refers to a chromosome 'KI270735.1-' not present in the annotation (.gtf) file
2022-10-12 19:54:37,976 - DEBUG - Marking up chromosome KI270711.1
2022-10-12 19:54:37,976 - WARNING - The .bam file refers to a chromosome 'KI270711.1+' not present in the annotation (.gtf) file
2022-10-12 19:54:38,055 - DEBUG - Marking up chromosome KI270745.1
2022-10-12 19:54:38,055 - WARNING - The .bam file refers to a chromosome 'KI270745.1+' not present in the annotation (.gtf) file
2022-10-12 19:54:38,055 - WARNING - The .bam file refers to a chromosome 'KI270745.1-' not present in the annotation (.gtf) file
2022-10-12 19:54:38,061 - DEBUG - Marking up chromosome KI270714.1
2022-10-12 19:54:38,061 - WARNING - The .bam file refers to a chromosome 'KI270714.1+' not present in the annotation (.gtf) file
2022-10-12 19:54:38,061 - WARNING - The .bam file refers to a chromosome 'KI270714.1-' not present in the annotation (.gtf) file
2022-10-12 19:54:38,067 - DEBUG - Marking up chromosome KI270732.1
2022-10-12 19:54:38,067 - WARNING - The .bam file refers to a chromosome 'KI270732.1+' not present in the annotation (.gtf) file
2022-10-12 19:54:38,067 - WARNING - The .bam file refers to a chromosome 'KI270732.1-' not present in the annotation (.gtf) file
2022-10-12 19:54:38,069 - DEBUG - Marking up chromosome KI270713.1
2022-10-12 19:54:38,088 - DEBUG - Marking up chromosome KI270754.1
2022-10-12 19:54:38,089 - WARNING - The .bam file refers to a chromosome 'KI270754.1+' not present in the annotation (.gtf) file
2022-10-12 19:54:38,089 - WARNING - The .bam file refers to a chromosome 'KI270754.1-' not present in the annotation (.gtf) file
2022-10-12 19:54:38,089 - DEBUG - Marking up chromosome KI270710.1
2022-10-12 19:54:38,089 - WARNING - The .bam file refers to a chromosome 'KI270710.1+' not present in the annotation (.gtf) file
2022-10-12 19:54:38,089 - WARNING - The .bam file refers to a chromosome 'KI270710.1-' not present in the annotation (.gtf) file
2022-10-12 19:54:38,089 - DEBUG - Marking up chromosome KI270717.1
2022-10-12 19:54:38,089 - WARNING - The .bam file refers to a chromosome 'KI270717.1+' not present in the annotation (.gtf) file
2022-10-12 19:54:38,089 - WARNING - The .bam file refers to a chromosome 'KI270717.1-' not present in the annotation (.gtf) file
2022-10-12 19:54:38,093 - DEBUG - Marking up chromosome KI270724.1
2022-10-12 19:54:38,093 - WARNING - The .bam file refers to a chromosome 'KI270724.1+' not present in the annotation (.gtf) file
2022-10-12 19:54:38,093 - WARNING - The .bam file refers to a chromosome 'KI270724.1-' not present in the annotation (.gtf) file
2022-10-12 19:54:38,094 - DEBUG - Marking up chromosome KI270720.1
2022-10-12 19:54:38,094 - WARNING - The .bam file refers to a chromosome 'KI270720.1+' not present in the annotation (.gtf) file
2022-10-12 19:54:38,094 - WARNING - The .bam file refers to a chromosome 'KI270720.1-' not present in the annotation (.gtf) file
2022-10-12 19:54:38,095 - DEBUG - Marking up chromosome KI270723.1
2022-10-12 19:54:38,095 - WARNING - The .bam file refers to a chromosome 'KI270723.1+' not present in the annotation (.gtf) file
2022-10-12 19:54:38,095 - WARNING - The .bam file refers to a chromosome 'KI270723.1-' not present in the annotation (.gtf) file
2022-10-12 19:54:38,096 - DEBUG - Marking up chromosome KI270718.1
2022-10-12 19:54:38,096 - WARNING - The .bam file refers to a chromosome 'KI270718.1+' not present in the annotation (.gtf) file
2022-10-12 19:54:38,096 - WARNING - The .bam file refers to a chromosome 'KI270718.1-' not present in the annotation (.gtf) file
2022-10-12 19:54:38,138 - DEBUG - Marking up chromosome KI270755.1
2022-10-12 19:54:38,138 - WARNING - The .bam file refers to a chromosome 'KI270755.1+' not present in the annotation (.gtf) file
2022-10-12 19:54:38,138 - WARNING - The .bam file refers to a chromosome 'KI270755.1-' not present in the annotation (.gtf) file
2022-10-12 19:54:38,143 - DEBUG - Marking up chromosome KI270707.1
2022-10-12 19:54:38,143 - WARNING - The .bam file refers to a chromosome 'KI270707.1+' not present in the annotation (.gtf) file
2022-10-12 19:54:38,143 - WARNING - The .bam file refers to a chromosome 'KI270707.1-' not present in the annotation (.gtf) file
2022-10-12 19:54:38,146 - DEBUG - Marking up chromosome KI270512.1
2022-10-12 19:54:38,147 - WARNING - The .bam file refers to a chromosome 'KI270512.1+' not present in the annotation (.gtf) file
2022-10-12 19:54:38,147 - WARNING - The .bam file refers to a chromosome 'KI270512.1-' not present in the annotation (.gtf) file
2022-10-12 19:54:38,147 - DEBUG - Marking up chromosome KI270448.1
2022-10-12 19:54:38,147 - WARNING - The .bam file refers to a chromosome 'KI270448.1+' not present in the annotation (.gtf) file
2022-10-12 19:54:38,147 - WARNING - The .bam file refers to a chromosome 'KI270448.1-' not present in the annotation (.gtf) file
2022-10-12 19:54:38,147 - DEBUG - Marking up chromosome KI270521.1
2022-10-12 19:54:38,147 - WARNING - The .bam file refers to a chromosome 'KI270521.1+' not present in the annotation (.gtf) file
2022-10-12 19:54:38,147 - WARNING - The .bam file refers to a chromosome 'KI270521.1-' not present in the annotation (.gtf) file
2022-10-12 19:54:38,147 - DEBUG - Marking up chromosome KI270582.1
2022-10-12 19:54:38,147 - WARNING - The .bam file refers to a chromosome 'KI270582.1+' not present in the annotation (.gtf) file
2022-10-12 19:54:38,147 - WARNING - The .bam file refers to a chromosome 'KI270582.1-' not present in the annotation (.gtf) file
2022-10-12 19:54:38,147 - DEBUG - Marking up chromosome KI270515.1
2022-10-12 19:54:38,147 - WARNING - The .bam file refers to a chromosome 'KI270515.1+' not present in the annotation (.gtf) file
2022-10-12 19:54:38,147 - WARNING - The .bam file refers to a chromosome 'KI270515.1-' not present in the annotation (.gtf) file
2022-10-12 19:54:38,147 - DEBUG - Marking up chromosome KI270468.1
2022-10-12 19:54:38,147 - WARNING - The .bam file refers to a chromosome 'KI270468.1+' not present in the annotation (.gtf) file
2022-10-12 19:54:38,147 - WARNING - The .bam file refers to a chromosome 'KI270468.1-' not present in the annotation (.gtf) file
2022-10-12 19:54:38,147 - DEBUG - Marking up chromosome KI270467.1
2022-10-12 19:54:38,147 - WARNING - The .bam file refers to a chromosome 'KI270467.1+' not present in the annotation (.gtf) file
2022-10-12 19:54:38,148 - WARNING - The .bam file refers to a chromosome 'KI270467.1-' not present in the annotation (.gtf) file
2022-10-12 19:54:38,148 - DEBUG - Marking up chromosome KI270333.1
2022-10-12 19:54:38,148 - WARNING - The .bam file refers to a chromosome 'KI270333.1+' not present in the annotation (.gtf) file
2022-10-12 19:54:38,148 - WARNING - The .bam file refers to a chromosome 'KI270333.1-' not present in the annotation (.gtf) file
2022-10-12 19:54:38,148 - DEBUG - Marking up chromosome KI270303.1
2022-10-12 19:54:38,148 - WARNING - The .bam file refers to a chromosome 'KI270303.1+' not present in the annotation (.gtf) file
2022-10-12 19:54:38,148 - WARNING - The .bam file refers to a chromosome 'KI270303.1-' not present in the annotation (.gtf) file
2022-10-12 19:54:38,148 - DEBUG - Marking up chromosome KI270363.1
2022-10-12 19:54:38,148 - WARNING - The .bam file refers to a chromosome 'KI270363.1+' not present in the annotation (.gtf) file
2022-10-12 19:54:38,148 - WARNING - The .bam file refers to a chromosome 'KI270363.1-' not present in the annotation (.gtf) file
2022-10-12 19:54:38,148 - DEBUG - Marking up chromosome KI270330.1
2022-10-12 19:54:38,148 - WARNING - The .bam file refers to a chromosome 'KI270330.1+' not present in the annotation (.gtf) file
2022-10-12 19:54:38,148 - WARNING - The .bam file refers to a chromosome 'KI270330.1-' not present in the annotation (.gtf) file
2022-10-12 19:54:38,150 - DEBUG - Marking up chromosome KI270310.1
2022-10-12 19:54:38,150 - WARNING - The .bam file refers to a chromosome 'KI270310.1+' not present in the annotation (.gtf) file
2022-10-12 19:54:38,151 - WARNING - The .bam file refers to a chromosome 'KI270310.1-' not present in the annotation (.gtf) file
2022-10-12 19:54:38,151 - DEBUG - Marking up chromosome KI270337.1
2022-10-12 19:54:38,151 - WARNING - The .bam file refers to a chromosome 'KI270337.1+' not present in the annotation (.gtf) file
2022-10-12 19:54:38,151 - WARNING - The .bam file refers to a chromosome 'KI270337.1-' not present in the annotation (.gtf) file
2022-10-12 19:54:38,499 - DEBUG - Read first 630 million reads
2022-10-12 19:54:57,217 - DEBUG - Read first 640 million reads
2022-10-12 19:55:15,661 - DEBUG - Read first 650 million reads
2022-10-12 19:55:25,753 - DEBUG - End of file. Reset index: start scanning from initial position.
2022-10-12 19:55:25,754 - DEBUG - 35872684 reads were skipped because no apropiate cell or umi barcode was found
2022-10-12 19:55:25,754 - DEBUG - Start molecule counting!
2022-10-12 19:55:30,714 - DEBUG - Features available for chromosomes : ['GL000009.2-', 'GL000194.1-', 'GL000195.1-', 'GL000195.1+', 'GL000205.2-', 'GL000213.1-', 'GL000218.1-', 'GL000219.1-', 'KI270711.1-', 'KI270713.1-', 'KI270713.1+', 'KI270721.1+', 'KI270726.1+', 'KI270727.1-', 'KI270727.1+', 'KI270728.1-', 'KI270728.1+', 'KI270731.1-', 'KI270734.1-', 'KI270734.1+', '1-', '1+', '10-', '10+', '11-', '11+', '12-', '12+', '13-', '13+', '14-', '14+', '15-', '15+', '16-', '16+', '17-', '17+', '18-', '18+', '19-', '19+', '2-', '2+', '20-', '20+', '21-', '21+', '22-', '22+', '3-', '3+', '4-', '4+', '5-', '5+', '6-', '6+', '7-', '7+', '8-', '8+', '9-', '9+', 'M-', 'M+', 'X-', 'X+', 'Y-', 'Y+']
2022-10-12 19:55:30,715 - DEBUG - Mask available for chromosomes : []
2022-10-12 19:55:30,715 - DEBUG - Summarizing the results of intron validation.
2022-10-12 19:55:31,660 - DEBUG - Validated 783585 introns (of which unique intervals 243775) out of 1106199 total possible introns (considering each possible transcript models).
2022-10-12 19:55:31,661 - DEBUG - Reading /storage/singlecell/zz4/fetal_bash/data/Retina_fetal/Multi_Fetal_19W4d_FR/outs/cellsorted_gex_possorted_bam.bam
2022-10-12 19:55:31,705 - DEBUG - Read first 0 million reads
2022-10-12 19:56:14,737 - DEBUG - Read first 10 million reads
2022-10-12 19:56:56,461 - DEBUG - Read first 20 million reads
2022-10-12 19:57:38,497 - DEBUG - Read first 30 million reads
2022-10-12 19:58:26,342 - DEBUG - Read first 40 million reads
2022-10-12 19:58:53,531 - DEBUG - Counting for batch 1, containing 100 cells and 2260932 reads
2022-10-12 20:00:37,350 - DEBUG - 0 reads not considered because fully enclosed in repeat masked regions
2022-10-12 20:01:23,453 - DEBUG - Counting for batch 2, containing 100 cells and 2074066 reads
2022-10-12 20:02:48,172 - DEBUG - 0 reads not considered because fully enclosed in repeat masked regions
2022-10-12 20:03:45,413 - DEBUG - Counting for batch 3, containing 100 cells and 2711685 reads
2022-10-12 20:05:25,078 - DEBUG - 0 reads not considered because fully enclosed in repeat masked regions
2022-10-12 20:06:14,261 - DEBUG - Read first 50 million reads
2022-10-12 20:06:21,342 - DEBUG - Counting for batch 4, containing 100 cells and 2771160 reads
2022-10-12 20:08:06,597 - DEBUG - 0 reads not considered because fully enclosed in repeat masked regions
2022-10-12 20:09:13,955 - DEBUG - Counting for batch 5, containing 100 cells and 2614222 reads
2022-10-12 20:10:55,484 - DEBUG - 0 reads not considered because fully enclosed in repeat masked regions
2022-10-12 20:11:54,288 - DEBUG - Counting for batch 6, containing 100 cells and 2797007 reads
2022-10-12 20:13:43,367 - DEBUG - 0 reads not considered because fully enclosed in repeat masked regions
2022-10-12 20:14:39,116 - DEBUG - Counting for batch 7, containing 100 cells and 2288229 reads
2022-10-12 20:16:13,511 - DEBUG - 0 reads not considered because fully enclosed in repeat masked regions
2022-10-12 20:16:35,680 - DEBUG - Read first 60 million reads
2022-10-12 20:17:11,897 - DEBUG - Counting for batch 8, containing 100 cells and 2919417 reads
2022-10-12 20:19:03,337 - DEBUG - 0 reads not considered because fully enclosed in repeat masked regions
2022-10-12 20:20:06,677 - DEBUG - Counting for batch 9, containing 100 cells and 2453155 reads
2022-10-12 20:21:45,560 - DEBUG - 0 reads not considered because fully enclosed in repeat masked regions
2022-10-12 20:22:35,935 - DEBUG - Counting for batch 10, containing 100 cells and 2260871 reads
2022-10-12 20:24:10,875 - DEBUG - 0 reads not considered because fully enclosed in repeat masked regions
2022-10-12 20:24:51,471 - DEBUG - Read first 70 million reads
2022-10-12 20:25:15,609 - DEBUG - Counting for batch 11, containing 100 cells and 2665924 reads
2022-10-12 20:27:13,211 - DEBUG - 0 reads not considered because fully enclosed in repeat masked regions
2022-10-12 20:28:15,479 - DEBUG - Counting for batch 12, containing 100 cells and 2469865 reads
2022-10-12 20:29:54,346 - DEBUG - 0 reads not considered because fully enclosed in repeat masked regions
2022-10-12 20:30:52,611 - DEBUG - Counting for batch 13, containing 100 cells and 2570747 reads
2022-10-12 20:32:31,317 - DEBUG - 0 reads not considered because fully enclosed in repeat masked regions
2022-10-12 20:33:21,920 - DEBUG - Read first 80 million reads
2022-10-12 20:33:32,679 - DEBUG - Counting for batch 14, containing 100 cells and 2618773 reads
2022-10-12 20:35:19,774 - DEBUG - 0 reads not considered because fully enclosed in repeat masked regions
2022-10-12 20:36:14,683 - DEBUG - Counting for batch 15, containing 100 cells and 2503286 reads
2022-10-12 20:37:50,866 - DEBUG - 0 reads not considered because fully enclosed in repeat masked regions
2022-10-12 20:39:00,974 - DEBUG - Counting for batch 16, containing 100 cells and 3887560 reads
2022-10-12 20:41:28,292 - DEBUG - 0 reads not considered because fully enclosed in repeat masked regions
2022-10-12 20:42:18,134 - DEBUG - Read first 90 million reads
2022-10-12 20:42:28,315 - DEBUG - Counting for batch 17, containing 100 cells and 2236560 reads
2022-10-12 20:43:54,335 - DEBUG - 0 reads not considered because fully enclosed in repeat masked regions
2022-10-12 20:44:54,509 - DEBUG - Counting for batch 18, containing 100 cells and 3057072 reads
2022-10-12 20:47:12,593 - DEBUG - 0 reads not considered because fully enclosed in repeat masked regions
2022-10-12 20:48:19,645 - DEBUG - Counting for batch 19, containing 100 cells and 2739399 reads
2022-10-12 20:50:09,245 - DEBUG - 0 reads not considered because fully enclosed in repeat masked regions
2022-10-12 20:50:59,195 - DEBUG - Read first 100 million reads
2022-10-12 20:51:02,908 - DEBUG - Counting for batch 20, containing 100 cells and 2460223 reads
2022-10-12 20:52:43,715 - DEBUG - 0 reads not considered because fully enclosed in repeat masked regions
2022-10-12 20:53:36,525 - DEBUG - Counting for batch 21, containing 100 cells and 2501573 reads
2022-10-12 20:55:16,836 - DEBUG - 0 reads not considered because fully enclosed in repeat masked regions
2022-10-12 20:56:20,718 - DEBUG - Counting for batch 22, containing 100 cells and 3143308 reads
2022-10-12 20:58:28,376 - DEBUG - 0 reads not considered because fully enclosed in repeat masked regions
2022-10-12 20:59:32,604 - DEBUG - Counting for batch 23, containing 100 cells and 2310210 reads
2022-10-12 21:00:58,622 - DEBUG - 0 reads not considered because fully enclosed in repeat masked regions
2022-10-12 21:01:20,392 - DEBUG - Read first 110 million reads
2022-10-12 21:01:57,501 - DEBUG - Counting for batch 24, containing 100 cells and 2579006 reads
2022-10-12 21:03:44,361 - DEBUG - 0 reads not considered because fully enclosed in repeat masked regions
2022-10-12 21:04:31,419 - DEBUG - Counting for batch 25, containing 100 cells and 2301282 reads
2022-10-12 21:05:59,933 - DEBUG - 0 reads not considered because fully enclosed in repeat masked regions
2022-10-12 21:06:46,442 - DEBUG - Counting for batch 26, containing 100 cells and 2305883 reads
2022-10-12 21:08:19,484 - DEBUG - 0 reads not considered because fully enclosed in repeat masked regions
2022-10-12 21:09:01,765 - DEBUG - Read first 120 million reads
2022-10-12 21:09:12,603 - DEBUG - Counting for batch 27, containing 100 cells and 2374531 reads
2022-10-12 21:10:40,273 - DEBUG - 0 reads not considered because fully enclosed in repeat masked regions
2022-10-12 21:11:35,274 - DEBUG - Counting for batch 28, containing 100 cells and 2347826 reads
2022-10-12 21:13:10,940 - DEBUG - 0 reads not considered because fully enclosed in repeat masked regions
2022-10-12 21:14:03,315 - DEBUG - Counting for batch 29, containing 100 cells and 2581209 reads
2022-10-12 21:15:42,344 - DEBUG - 0 reads not considered because fully enclosed in repeat masked regions
2022-10-12 21:16:34,568 - DEBUG - Counting for batch 30, containing 100 cells and 2462237 reads
2022-10-12 21:18:08,398 - DEBUG - 0 reads not considered because fully enclosed in repeat masked regions
2022-10-12 21:18:29,272 - DEBUG - Read first 130 million reads
2022-10-12 21:19:11,120 - DEBUG - Counting for batch 31, containing 100 cells and 3080526 reads
2022-10-12 21:21:04,542 - DEBUG - 0 reads not considered because fully enclosed in repeat masked regions
2022-10-12 21:22:00,630 - DEBUG - Counting for batch 32, containing 100 cells and 2591096 reads
2022-10-12 21:23:32,518 - DEBUG - 0 reads not considered because fully enclosed in repeat masked regions
2022-10-12 21:24:24,485 - DEBUG - Counting for batch 33, containing 100 cells and 2621351 reads
2022-10-12 21:26:01,123 - DEBUG - 0 reads not considered because fully enclosed in repeat masked regions
2022-10-12 21:26:25,606 - DEBUG - Read first 140 million reads
2022-10-12 21:26:58,806 - DEBUG - Counting for batch 34, containing 100 cells and 2684162 reads
2022-10-12 21:28:40,520 - DEBUG - 0 reads not considered because fully enclosed in repeat masked regions
2022-10-12 21:29:41,290 - DEBUG - Counting for batch 35, containing 100 cells and 2831368 reads
2022-10-12 21:31:21,291 - DEBUG - 0 reads not considered because fully enclosed in repeat masked regions
2022-10-12 21:32:11,306 - DEBUG - Counting for batch 36, containing 100 cells and 2244964 reads
2022-10-12 21:33:34,426 - DEBUG - 0 reads not considered because fully enclosed in repeat masked regions
2022-10-12 21:34:05,148 - DEBUG - Read first 150 million reads
2022-10-12 21:34:28,804 - DEBUG - Counting for batch 37, containing 100 cells and 2873123 reads
2022-10-12 21:36:16,295 - DEBUG - 0 reads not considered because fully enclosed in repeat masked regions
2022-10-12 21:37:15,136 - DEBUG - Counting for batch 38, containing 100 cells and 2828929 reads
2022-10-12 21:38:50,479 - DEBUG - 0 reads not considered because fully enclosed in repeat masked regions
2022-10-12 21:39:48,822 - DEBUG - Counting for batch 39, containing 100 cells and 2854384 reads
2022-10-12 21:41:43,510 - DEBUG - 0 reads not considered because fully enclosed in repeat masked regions
2022-10-12 21:42:20,080 - DEBUG - Read first 160 million reads
2022-10-12 21:42:49,952 - DEBUG - Counting for batch 40, containing 100 cells and 3488093 reads
2022-10-12 21:44:44,671 - DEBUG - 0 reads not considered because fully enclosed in repeat masked regions
2022-10-12 21:45:44,929 - DEBUG - Counting for batch 41, containing 100 cells and 2675511 reads
2022-10-12 21:47:22,973 - DEBUG - 0 reads not considered because fully enclosed in repeat masked regions
2022-10-12 21:48:11,583 - DEBUG - Counting for batch 42, containing 100 cells and 2439147 reads
2022-10-12 21:49:42,651 - DEBUG - 0 reads not considered because fully enclosed in repeat masked regions
2022-10-12 21:50:18,110 - DEBUG - Read first 170 million reads
2022-10-12 21:50:43,094 - DEBUG - Counting for batch 43, containing 100 cells and 3000726 reads
2022-10-12 21:52:34,127 - DEBUG - 0 reads not considered because fully enclosed in repeat masked regions
2022-10-12 21:53:31,787 - DEBUG - Counting for batch 44, containing 100 cells and 2617682 reads
2022-10-12 21:55:09,378 - DEBUG - 0 reads not considered because fully enclosed in repeat masked regions
2022-10-12 21:56:01,878 - DEBUG - Counting for batch 45, containing 100 cells and 2530930 reads
2022-10-12 21:57:29,275 - DEBUG - 0 reads not considered because fully enclosed in repeat masked regions
2022-10-12 21:58:12,376 - DEBUG - Read first 180 million reads
2022-10-12 21:58:33,831 - DEBUG - Counting for batch 46, containing 100 cells and 3151323 reads
2022-10-12 22:00:29,711 - DEBUG - 0 reads not considered because fully enclosed in repeat masked regions
2022-10-12 22:01:27,684 - DEBUG - Counting for batch 47, containing 100 cells and 2492119 reads
2022-10-12 22:02:56,404 - DEBUG - 0 reads not considered because fully enclosed in repeat masked regions
2022-10-12 22:03:41,839 - DEBUG - Counting for batch 48, containing 100 cells and 2538576 reads
2022-10-12 22:05:17,454 - DEBUG - 0 reads not considered because fully enclosed in repeat masked regions
2022-10-12 22:06:00,730 - DEBUG - Read first 190 million reads
2022-10-12 22:06:09,062 - DEBUG - Counting for batch 49, containing 100 cells and 2591163 reads
2022-10-12 22:07:42,812 - DEBUG - 0 reads not considered because fully enclosed in repeat masked regions
2022-10-12 22:08:54,822 - DEBUG - Counting for batch 50, containing 100 cells and 3623901 reads
2022-10-12 22:11:08,251 - DEBUG - 0 reads not considered because fully enclosed in repeat masked regions
2022-10-12 22:12:12,708 - DEBUG - Counting for batch 51, containing 100 cells and 3226162 reads
2022-10-12 22:14:26,031 - DEBUG - 0 reads not considered because fully enclosed in repeat masked regions
2022-10-12 22:15:03,710 - DEBUG - Read first 200 million reads
2022-10-12 22:15:20,272 - DEBUG - Counting for batch 52, containing 100 cells and 2407015 reads
2022-10-12 22:16:40,091 - DEBUG - 0 reads not considered because fully enclosed in repeat masked regions
2022-10-12 22:17:32,396 - DEBUG - Counting for batch 53, containing 100 cells and 2436308 reads
2022-10-12 22:19:01,168 - DEBUG - 0 reads not considered because fully enclosed in repeat masked regions
2022-10-12 22:19:53,326 - DEBUG - Counting for batch 54, containing 100 cells and 2487035 reads
2022-10-12 22:21:19,687 - DEBUG - 0 reads not considered because fully enclosed in repeat masked regions
2022-10-12 22:22:08,895 - DEBUG - Read first 210 million reads
2022-10-12 22:22:12,439 - DEBUG - Counting for batch 55, containing 100 cells and 2588009 reads
2022-10-12 22:23:45,839 - DEBUG - 0 reads not considered because fully enclosed in repeat masked regions
2022-10-12 22:24:29,349 - DEBUG - Counting for batch 56, containing 100 cells and 2208375 reads
2022-10-12 22:25:44,045 - DEBUG - 0 reads not considered because fully enclosed in repeat masked regions
2022-10-12 22:26:39,295 - DEBUG - Counting for batch 57, containing 100 cells and 2939323 reads
2022-10-12 22:28:20,405 - DEBUG - 0 reads not considered because fully enclosed in repeat masked regions
2022-10-12 22:29:10,354 - DEBUG - Counting for batch 58, containing 100 cells and 2749905 reads
2022-10-12 22:30:40,964 - DEBUG - 0 reads not considered because fully enclosed in repeat masked regions
2022-10-12 22:31:04,150 - DEBUG - Read first 220 million reads
2022-10-12 22:31:25,678 - DEBUG - Counting for batch 59, containing 100 cells and 2403167 reads
2022-10-12 22:32:45,694 - DEBUG - 0 reads not considered because fully enclosed in repeat masked regions
2022-10-12 22:33:39,787 - DEBUG - Counting for batch 60, containing 100 cells and 2828883 reads
2022-10-12 22:35:13,422 - DEBUG - 0 reads not considered because fully enclosed in repeat masked regions
2022-10-12 22:36:04,586 - DEBUG - Counting for batch 61, containing 100 cells and 2842547 reads
2022-10-12 22:37:38,885 - DEBUG - 0 reads not considered because fully enclosed in repeat masked regions
2022-10-12 22:38:05,957 - DEBUG - Read first 230 million reads
2022-10-12 22:38:25,836 - DEBUG - Counting for batch 62, containing 100 cells and 2705136 reads
2022-10-12 22:39:54,708 - DEBUG - 0 reads not considered because fully enclosed in repeat masked regions
2022-10-12 22:40:47,633 - DEBUG - Counting for batch 63, containing 100 cells and 3096537 reads
2022-10-12 22:42:24,986 - DEBUG - 0 reads not considered because fully enclosed in repeat masked regions
2022-10-12 22:43:17,187 - DEBUG - Counting for batch 64, containing 100 cells and 2945330 reads
2022-10-12 22:44:57,788 - DEBUG - 0 reads not considered because fully enclosed in repeat masked regions
2022-10-12 22:45:27,397 - DEBUG - Read first 240 million reads
2022-10-12 22:45:51,245 - DEBUG - Counting for batch 65, containing 100 cells and 2851935 reads
2022-10-12 22:47:24,297 - DEBUG - 0 reads not considered because fully enclosed in repeat masked regions
2022-10-12 22:48:06,724 - DEBUG - Counting for batch 66, containing 100 cells and 2400579 reads
2022-10-12 22:49:28,297 - DEBUG - 0 reads not considered because fully enclosed in repeat masked regions
2022-10-12 22:50:05,412 - DEBUG - Counting for batch 67, containing 100 cells and 2275927 reads
2022-10-12 22:51:17,432 - DEBUG - 0 reads not considered because fully enclosed in repeat masked regions
2022-10-12 22:51:47,429 - DEBUG - Read first 250 million reads
2022-10-12 22:52:07,536 - DEBUG - Counting for batch 68, containing 100 cells and 3266981 reads
2022-10-12 22:53:48,601 - DEBUG - 0 reads not considered because fully enclosed in repeat masked regions
2022-10-12 22:54:38,630 - DEBUG - Counting for batch 69, containing 100 cells and 2660393 reads
2022-10-12 22:56:07,364 - DEBUG - 0 reads not considered because fully enclosed in repeat masked regions
2022-10-12 22:57:16,744 - DEBUG - Counting for batch 70, containing 100 cells and 3515739 reads
2022-10-12 22:59:26,366 - DEBUG - 0 reads not considered because fully enclosed in repeat masked regions
2022-10-12 22:59:59,919 - DEBUG - Read first 260 million reads
2022-10-12 23:00:14,031 - DEBUG - Counting for batch 71, containing 100 cells and 2186133 reads
2022-10-12 23:01:22,756 - DEBUG - 0 reads not considered because fully enclosed in repeat masked regions
2022-10-12 23:02:02,569 - DEBUG - Counting for batch 72, containing 100 cells and 2369078 reads
2022-10-12 23:03:28,378 - DEBUG - 0 reads not considered because fully enclosed in repeat masked regions
2022-10-12 23:04:23,695 - DEBUG - Counting for batch 73, containing 100 cells and 2600294 reads
2022-10-12 23:06:04,458 - DEBUG - 0 reads not considered because fully enclosed in repeat masked regions
2022-10-12 23:07:02,166 - DEBUG - Read first 270 million reads
2022-10-12 23:07:10,819 - DEBUG - Counting for batch 74, containing 100 cells and 2981790 reads
2022-10-12 23:08:47,117 - DEBUG - 0 reads not considered because fully enclosed in repeat masked regions
2022-10-12 23:09:26,950 - DEBUG - Counting for batch 75, containing 100 cells and 2228669 reads
2022-10-12 23:10:38,705 - DEBUG - 0 reads not considered because fully enclosed in repeat masked regions
2022-10-12 23:11:18,155 - DEBUG - Counting for batch 76, containing 100 cells and 2354019 reads
2022-10-12 23:12:33,730 - DEBUG - 0 reads not considered because fully enclosed in repeat masked regions
2022-10-12 23:13:12,580 - DEBUG - Counting for batch 77, containing 100 cells and 2131240 reads
2022-10-12 23:14:21,364 - DEBUG - 0 reads not considered because fully enclosed in repeat masked regions
2022-10-12 23:14:51,799 - DEBUG - Read first 280 million reads
2022-10-12 23:15:02,635 - DEBUG - Counting for batch 78, containing 100 cells and 2272169 reads
2022-10-12 23:16:14,353 - DEBUG - 0 reads not considered because fully enclosed in repeat masked regions
2022-10-12 23:16:54,257 - DEBUG - Counting for batch 79, containing 100 cells and 2391154 reads
2022-10-12 23:18:08,087 - DEBUG - 0 reads not considered because fully enclosed in repeat masked regions
2022-10-12 23:18:48,236 - DEBUG - Counting for batch 80, containing 100 cells and 2524645 reads
2022-10-12 23:20:04,236 - DEBUG - 0 reads not considered because fully enclosed in repeat masked regions
2022-10-12 23:20:40,167 - DEBUG - Counting for batch 81, containing 100 cells and 1681928 reads
2022-10-12 23:21:31,910 - DEBUG - 0 reads not considered because fully enclosed in repeat masked regions
2022-10-12 23:21:52,524 - DEBUG - Read first 290 million reads
2022-10-12 23:22:09,107 - DEBUG - Counting for batch 82, containing 100 cells and 2096995 reads
2022-10-12 23:23:12,261 - DEBUG - 0 reads not considered because fully enclosed in repeat masked regions
2022-10-12 23:24:00,097 - DEBUG - Counting for batch 83, containing 100 cells and 2836155 reads
2022-10-12 23:25:28,470 - DEBUG - 0 reads not considered because fully enclosed in repeat masked regions
2022-10-12 23:26:14,962 - DEBUG - Counting for batch 84, containing 100 cells and 2561628 reads
2022-10-12 23:27:35,366 - DEBUG - 0 reads not considered because fully enclosed in repeat masked regions
2022-10-12 23:28:07,863 - DEBUG - Read first 300 million reads
2022-10-12 23:28:13,721 - DEBUG - Counting for batch 85, containing 100 cells and 2379770 reads
2022-10-12 23:29:26,599 - DEBUG - 0 reads not considered because fully enclosed in repeat masked regions
2022-10-12 23:30:14,191 - DEBUG - Counting for batch 86, containing 100 cells and 2962815 reads
2022-10-12 23:31:41,249 - DEBUG - 0 reads not considered because fully enclosed in repeat masked regions
2022-10-12 23:32:31,134 - DEBUG - Counting for batch 87, containing 100 cells and 2618794 reads
2022-10-12 23:33:53,018 - DEBUG - 0 reads not considered because fully enclosed in repeat masked regions
2022-10-12 23:34:38,098 - DEBUG - Read first 310 million reads
2022-10-12 23:34:40,525 - DEBUG - Counting for batch 88, containing 100 cells and 2712407 reads
2022-10-12 23:36:04,392 - DEBUG - 0 reads not considered because fully enclosed in repeat masked regions
2022-10-12 23:36:48,629 - DEBUG - Counting for batch 89, containing 100 cells and 2385465 reads
2022-10-12 23:38:06,204 - DEBUG - 0 reads not considered because fully enclosed in repeat masked regions
2022-10-12 23:38:45,866 - DEBUG - Counting for batch 90, containing 100 cells and 2649389 reads
2022-10-12 23:40:08,508 - DEBUG - 0 reads not considered because fully enclosed in repeat masked regions
2022-10-12 23:40:58,200 - DEBUG - Counting for batch 91, containing 100 cells and 2702112 reads
2022-10-12 23:42:22,278 - DEBUG - 0 reads not considered because fully enclosed in repeat masked regions
2022-10-12 23:42:45,471 - DEBUG - Read first 320 million reads
2022-10-12 23:43:06,027 - DEBUG - Counting for batch 92, containing 100 cells and 2570744 reads
2022-10-12 23:44:24,099 - DEBUG - 0 reads not considered because fully enclosed in repeat masked regions
2022-10-12 23:45:09,542 - DEBUG - Counting for batch 93, containing 100 cells and 2573255 reads
2022-10-12 23:46:30,493 - DEBUG - 0 reads not considered because fully enclosed in repeat masked regions
2022-10-12 23:47:19,403 - DEBUG - Counting for batch 94, containing 100 cells and 3230811 reads
2022-10-12 23:49:00,999 - DEBUG - 0 reads not considered because fully enclosed in repeat masked regions
2022-10-12 23:49:28,889 - DEBUG - Read first 330 million reads
2022-10-12 23:49:48,183 - DEBUG - Counting for batch 95, containing 100 cells and 2902748 reads
2022-10-12 23:51:14,361 - DEBUG - 0 reads not considered because fully enclosed in repeat masked regions
2022-10-12 23:52:08,867 - DEBUG - Counting for batch 96, containing 100 cells and 2993428 reads
2022-10-12 23:53:38,808 - DEBUG - 0 reads not considered because fully enclosed in repeat masked regions
2022-10-12 23:54:24,802 - DEBUG - Counting for batch 97, containing 100 cells and 2485567 reads
2022-10-12 23:55:40,625 - DEBUG - 0 reads not considered because fully enclosed in repeat masked regions
2022-10-12 23:56:06,723 - DEBUG - Read first 340 million reads
2022-10-12 23:56:25,363 - DEBUG - Counting for batch 98, containing 100 cells and 2697557 reads
2022-10-12 23:57:42,045 - DEBUG - 0 reads not considered because fully enclosed in repeat masked regions
2022-10-12 23:58:32,488 - DEBUG - Counting for batch 99, containing 100 cells and 2707123 reads
2022-10-12 23:59:57,719 - DEBUG - 0 reads not considered because fully enclosed in repeat masked regions
2022-10-13 00:00:38,798 - DEBUG - Counting for batch 100, containing 100 cells and 2525526 reads
2022-10-13 00:01:58,676 - DEBUG - 0 reads not considered because fully enclosed in repeat masked regions
2022-10-13 00:02:32,453 - DEBUG - Read first 350 million reads
2022-10-13 00:02:52,346 - DEBUG - Counting for batch 101, containing 100 cells and 3276951 reads
2022-10-13 00:04:33,513 - DEBUG - 0 reads not considered because fully enclosed in repeat masked regions
2022-10-13 00:05:17,574 - DEBUG - Counting for batch 102, containing 100 cells and 2417398 reads
2022-10-13 00:06:30,987 - DEBUG - 0 reads not considered because fully enclosed in repeat masked regions
2022-10-13 00:07:12,900 - DEBUG - Counting for batch 103, containing 100 cells and 2381679 reads
2022-10-13 00:08:29,603 - DEBUG - 0 reads not considered because fully enclosed in repeat masked regions
2022-10-13 00:09:03,111 - DEBUG - Read first 360 million reads
2022-10-13 00:09:08,434 - DEBUG - Counting for batch 104, containing 100 cells and 2656410 reads
2022-10-13 00:10:29,393 - DEBUG - 0 reads not considered because fully enclosed in repeat masked regions
2022-10-13 00:11:15,482 - DEBUG - Counting for batch 105, containing 100 cells and 2464745 reads
2022-10-13 00:12:28,814 - DEBUG - 0 reads not considered because fully enclosed in repeat masked regions
2022-10-13 00:13:12,738 - DEBUG - Counting for batch 106, containing 100 cells and 2408934 reads
2022-10-13 00:14:29,406 - DEBUG - 0 reads not considered because fully enclosed in repeat masked regions
2022-10-13 00:15:14,268 - DEBUG - Counting for batch 107, containing 100 cells and 3012324 reads
2022-10-13 00:16:50,124 - DEBUG - 0 reads not considered because fully enclosed in repeat masked regions
2022-10-13 00:17:12,029 - DEBUG - Read first 370 million reads
2022-10-13 00:17:35,440 - DEBUG - Counting for batch 108, containing 100 cells and 2835573 reads
2022-10-13 00:19:03,465 - DEBUG - 0 reads not considered because fully enclosed in repeat masked regions
2022-10-13 00:19:44,026 - DEBUG - Counting for batch 109, containing 100 cells and 2167711 reads
2022-10-13 00:20:52,667 - DEBUG - 0 reads not considered because fully enclosed in repeat masked regions
2022-10-13 00:21:40,525 - DEBUG - Counting for batch 110, containing 100 cells and 3074842 reads
2022-10-13 00:23:14,324 - DEBUG - 0 reads not considered because fully enclosed in repeat masked regions
2022-10-13 00:23:42,428 - DEBUG - Read first 380 million reads
2022-10-13 00:24:02,653 - DEBUG - Counting for batch 111, containing 100 cells and 2718596 reads
2022-10-13 00:25:29,859 - DEBUG - 0 reads not considered because fully enclosed in repeat masked regions
2022-10-13 00:26:08,233 - DEBUG - Counting for batch 112, containing 100 cells and 2210207 reads
2022-10-13 00:27:20,248 - DEBUG - 0 reads not considered because fully enclosed in repeat masked regions
2022-10-13 00:28:02,794 - DEBUG - Counting for batch 113, containing 100 cells and 2768905 reads
2022-10-13 00:29:28,591 - DEBUG - 0 reads not considered because fully enclosed in repeat masked regions
2022-10-13 00:30:08,799 - DEBUG - Read first 390 million reads
2022-10-13 00:30:18,684 - DEBUG - Counting for batch 114, containing 100 cells and 2720768 reads
2022-10-13 00:31:44,814 - DEBUG - 0 reads not considered because fully enclosed in repeat masked regions
2022-10-13 00:32:28,437 - DEBUG - Counting for batch 115, containing 100 cells and 2530157 reads
2022-10-13 00:33:47,538 - DEBUG - 0 reads not considered because fully enclosed in repeat masked regions
2022-10-13 00:34:27,238 - DEBUG - Counting for batch 116, containing 100 cells and 2540316 reads
2022-10-13 00:35:45,727 - DEBUG - 0 reads not considered because fully enclosed in repeat masked regions
2022-10-13 00:36:25,979 - DEBUG - Counting for batch 117, containing 100 cells and 2107300 reads
2022-10-13 00:37:32,353 - DEBUG - 0 reads not considered because fully enclosed in repeat masked regions
2022-10-13 00:37:51,207 - DEBUG - Read first 400 million reads
2022-10-13 00:38:17,128 - DEBUG - Counting for batch 118, containing 100 cells and 2765730 reads
2022-10-13 00:39:45,551 - DEBUG - 0 reads not considered because fully enclosed in repeat masked regions
2022-10-13 00:40:32,215 - DEBUG - Counting for batch 119, containing 100 cells and 2480311 reads
2022-10-13 00:41:53,491 - DEBUG - 0 reads not considered because fully enclosed in repeat masked regions
2022-10-13 00:42:38,635 - DEBUG - Counting for batch 120, containing 100 cells and 2743707 reads
2022-10-13 00:44:05,303 - DEBUG - 0 reads not considered because fully enclosed in repeat masked regions
2022-10-13 00:44:31,055 - DEBUG - Read first 410 million reads
2022-10-13 00:44:49,316 - DEBUG - Counting for batch 121, containing 100 cells and 2551932 reads
2022-10-13 00:46:11,299 - DEBUG - 0 reads not considered because fully enclosed in repeat masked regions
2022-10-13 00:46:55,140 - DEBUG - Counting for batch 122, containing 100 cells and 2649035 reads
2022-10-13 00:48:16,314 - DEBUG - 0 reads not considered because fully enclosed in repeat masked regions
2022-10-13 00:49:07,700 - DEBUG - Counting for batch 123, containing 100 cells and 3049846 reads
2022-10-13 00:50:43,928 - DEBUG - 0 reads not considered because fully enclosed in repeat masked regions
2022-10-13 00:51:14,506 - DEBUG - Read first 420 million reads
2022-10-13 00:51:25,542 - DEBUG - Counting for batch 124, containing 100 cells and 2374620 reads
2022-10-13 00:52:39,159 - DEBUG - 0 reads not considered because fully enclosed in repeat masked regions
2022-10-13 00:53:22,246 - DEBUG - Counting for batch 125, containing 100 cells and 2243034 reads
2022-10-13 00:54:33,336 - DEBUG - 0 reads not considered because fully enclosed in repeat masked regions
2022-10-13 00:55:24,647 - DEBUG - Counting for batch 126, containing 100 cells and 2985384 reads
2022-10-13 00:56:56,773 - DEBUG - 0 reads not considered because fully enclosed in repeat masked regions
2022-10-13 00:57:39,668 - DEBUG - Read first 430 million reads
2022-10-13 00:57:46,566 - DEBUG - Counting for batch 127, containing 100 cells and 2608758 reads
2022-10-13 00:59:11,169 - DEBUG - 0 reads not considered because fully enclosed in repeat masked regions
2022-10-13 00:59:51,013 - DEBUG - Counting for batch 128, containing 100 cells and 2342082 reads
2022-10-13 01:01:04,782 - DEBUG - 0 reads not considered because fully enclosed in repeat masked regions
2022-10-13 01:01:48,219 - DEBUG - Counting for batch 129, containing 100 cells and 2460874 reads
2022-10-13 01:03:06,870 - DEBUG - 0 reads not considered because fully enclosed in repeat masked regions
2022-10-13 01:03:46,150 - DEBUG - Counting for batch 130, containing 100 cells and 2297909 reads
2022-10-13 01:04:59,799 - DEBUG - 0 reads not considered because fully enclosed in repeat masked regions
2022-10-13 01:05:21,524 - DEBUG - Read first 440 million reads
2022-10-13 01:05:35,103 - DEBUG - Counting for batch 131, containing 100 cells and 2272965 reads
2022-10-13 01:06:45,834 - DEBUG - 0 reads not considered because fully enclosed in repeat masked regions
2022-10-13 01:07:23,102 - DEBUG - Counting for batch 132, containing 100 cells and 2332745 reads
2022-10-13 01:08:35,879 - DEBUG - 0 reads not considered because fully enclosed in repeat masked regions
2022-10-13 01:09:24,180 - DEBUG - Counting for batch 133, containing 100 cells and 3034238 reads
2022-10-13 01:10:56,221 - DEBUG - 0 reads not considered because fully enclosed in repeat masked regions
2022-10-13 01:11:34,534 - DEBUG - Read first 450 million reads
2022-10-13 01:11:43,340 - DEBUG - Counting for batch 134, containing 100 cells and 2476489 reads
2022-10-13 01:13:01,006 - DEBUG - 0 reads not considered because fully enclosed in repeat masked regions
2022-10-13 01:13:39,231 - DEBUG - Counting for batch 135, containing 100 cells and 2011382 reads
2022-10-13 01:14:39,291 - DEBUG - 0 reads not considered because fully enclosed in repeat masked regions
2022-10-13 01:15:21,376 - DEBUG - Counting for batch 136, containing 100 cells and 2656915 reads
2022-10-13 01:16:44,638 - DEBUG - 0 reads not considered because fully enclosed in repeat masked regions
2022-10-13 01:17:34,527 - DEBUG - Counting for batch 137, containing 100 cells and 2902755 reads
2022-10-13 01:19:03,062 - DEBUG - 0 reads not considered because fully enclosed in repeat masked regions
2022-10-13 01:19:24,871 - DEBUG - Read first 460 million reads
2022-10-13 01:19:48,006 - DEBUG - Counting for batch 138, containing 100 cells and 2334832 reads
2022-10-13 01:20:56,897 - DEBUG - 0 reads not considered because fully enclosed in repeat masked regions
2022-10-13 01:21:35,699 - DEBUG - Counting for batch 139, containing 100 cells and 2012636 reads
2022-10-13 01:22:36,161 - DEBUG - 0 reads not considered because fully enclosed in repeat masked regions
2022-10-13 01:23:21,714 - DEBUG - Counting for batch 140, containing 100 cells and 2777942 reads
2022-10-13 01:24:51,034 - DEBUG - 0 reads not considered because fully enclosed in repeat masked regions
2022-10-13 01:25:23,427 - DEBUG - Read first 470 million reads
2022-10-13 01:25:32,431 - DEBUG - Counting for batch 141, containing 100 cells and 2556382 reads
2022-10-13 01:26:51,053 - DEBUG - 0 reads not considered because fully enclosed in repeat masked regions
2022-10-13 01:27:29,788 - DEBUG - Counting for batch 142, containing 100 cells and 1972035 reads
2022-10-13 01:28:32,607 - DEBUG - 0 reads not considered because fully enclosed in repeat masked regions
2022-10-13 01:29:14,096 - DEBUG - Counting for batch 143, containing 100 cells and 2762022 reads
2022-10-13 01:30:37,534 - DEBUG - 0 reads not considered because fully enclosed in repeat masked regions
2022-10-13 01:31:24,191 - DEBUG - Counting for batch 144, containing 100 cells and 2469602 reads
2022-10-13 01:32:40,119 - DEBUG - 0 reads not considered because fully enclosed in repeat masked regions
2022-10-13 01:33:00,540 - DEBUG - Read first 480 million reads
2022-10-13 01:33:25,457 - DEBUG - Counting for batch 145, containing 100 cells and 2588224 reads
2022-10-13 01:34:46,850 - DEBUG - 0 reads not considered because fully enclosed in repeat masked regions
2022-10-13 01:35:25,062 - DEBUG - Counting for batch 146, containing 100 cells and 2325376 reads
2022-10-13 01:36:36,387 - DEBUG - 0 reads not considered because fully enclosed in repeat masked regions
2022-10-13 01:37:22,595 - DEBUG - Counting for batch 147, containing 100 cells and 3065173 reads
2022-10-13 01:38:54,891 - DEBUG - 0 reads not considered because fully enclosed in repeat masked regions
2022-10-13 01:39:30,348 - DEBUG - Read first 490 million reads
2022-10-13 01:39:47,756 - DEBUG - Counting for batch 148, containing 100 cells and 2737302 reads
2022-10-13 01:41:11,880 - DEBUG - 0 reads not considered because fully enclosed in repeat masked regions
2022-10-13 01:41:59,671 - DEBUG - Counting for batch 149, containing 100 cells and 3040991 reads
2022-10-13 01:43:35,912 - DEBUG - 0 reads not considered because fully enclosed in repeat masked regions
2022-10-13 01:44:17,907 - DEBUG - Counting for batch 150, containing 100 cells and 2420138 reads
2022-10-13 01:45:33,953 - DEBUG - 0 reads not considered because fully enclosed in repeat masked regions
2022-10-13 01:46:05,158 - DEBUG - Read first 500 million reads
2022-10-13 01:46:17,085 - DEBUG - Counting for batch 151, containing 100 cells and 2759239 reads
2022-10-13 01:47:41,581 - DEBUG - 0 reads not considered because fully enclosed in repeat masked regions
2022-10-13 01:48:26,043 - DEBUG - Counting for batch 152, containing 100 cells and 2450370 reads
2022-10-13 01:49:42,066 - DEBUG - 0 reads not considered because fully enclosed in repeat masked regions
2022-10-13 01:50:22,474 - DEBUG - Counting for batch 153, containing 100 cells and 2601902 reads
2022-10-13 01:51:41,518 - DEBUG - 0 reads not considered because fully enclosed in repeat masked regions
2022-10-13 01:52:21,324 - DEBUG - Read first 510 million reads
2022-10-13 01:52:27,209 - DEBUG - Counting for batch 154, containing 100 cells and 2563346 reads
2022-10-13 01:53:46,414 - DEBUG - 0 reads not considered because fully enclosed in repeat masked regions
2022-10-13 01:54:30,337 - DEBUG - Counting for batch 155, containing 100 cells and 2796553 reads
2022-10-13 01:55:53,340 - DEBUG - 0 reads not considered because fully enclosed in repeat masked regions
2022-10-13 01:56:39,609 - DEBUG - Counting for batch 156, containing 100 cells and 2629708 reads
2022-10-13 01:57:58,276 - DEBUG - 0 reads not considered because fully enclosed in repeat masked regions
2022-10-13 01:58:42,331 - DEBUG - Counting for batch 157, containing 100 cells and 2309899 reads
2022-10-13 01:59:53,398 - DEBUG - 0 reads not considered because fully enclosed in repeat masked regions
2022-10-13 02:00:12,885 - DEBUG - Read first 520 million reads
2022-10-13 02:00:31,748 - DEBUG - Counting for batch 158, containing 100 cells and 2347488 reads
2022-10-13 02:01:43,057 - DEBUG - 0 reads not considered because fully enclosed in repeat masked regions
2022-10-13 02:02:18,621 - DEBUG - Counting for batch 159, containing 100 cells and 1917707 reads
2022-10-13 02:03:15,562 - DEBUG - 0 reads not considered because fully enclosed in repeat masked regions
2022-10-13 02:04:03,462 - DEBUG - Counting for batch 160, containing 100 cells and 3040346 reads
2022-10-13 02:05:34,216 - DEBUG - 0 reads not considered because fully enclosed in repeat masked regions
2022-10-13 02:06:12,429 - DEBUG - Read first 530 million reads
2022-10-13 02:06:27,186 - DEBUG - Counting for batch 161, containing 100 cells and 2731429 reads
2022-10-13 02:07:52,097 - DEBUG - 0 reads not considered because fully enclosed in repeat masked regions
2022-10-13 02:08:36,319 - DEBUG - Counting for batch 162, containing 100 cells and 2620791 reads
2022-10-13 02:09:56,540 - DEBUG - 0 reads not considered because fully enclosed in repeat masked regions
2022-10-13 02:10:36,107 - DEBUG - Counting for batch 163, containing 100 cells and 2553906 reads
2022-10-13 02:11:53,472 - DEBUG - 0 reads not considered because fully enclosed in repeat masked regions
2022-10-13 02:12:37,137 - DEBUG - Read first 540 million reads
2022-10-13 02:12:49,439 - DEBUG - Counting for batch 164, containing 100 cells and 3528620 reads
2022-10-13 02:14:43,970 - DEBUG - 0 reads not considered because fully enclosed in repeat masked regions
2022-10-13 02:15:29,029 - DEBUG - Counting for batch 165, containing 100 cells and 2281742 reads
2022-10-13 02:16:44,368 - DEBUG - 0 reads not considered because fully enclosed in repeat masked regions
2022-10-13 02:17:32,547 - DEBUG - Counting for batch 166, containing 100 cells and 3337249 reads
2022-10-13 02:19:13,899 - DEBUG - 0 reads not considered because fully enclosed in repeat masked regions
2022-10-13 02:19:57,983 - DEBUG - Read first 550 million reads
2022-10-13 02:20:08,415 - DEBUG - Counting for batch 167, containing 100 cells and 2735924 reads
2022-10-13 02:21:33,668 - DEBUG - 0 reads not considered because fully enclosed in repeat masked regions
2022-10-13 02:22:32,299 - DEBUG - Counting for batch 168, containing 100 cells and 3519199 reads
2022-10-13 02:24:18,866 - DEBUG - 0 reads not considered because fully enclosed in repeat masked regions
2022-10-13 02:25:13,376 - DEBUG - Counting for batch 169, containing 100 cells and 2929595 reads
2022-10-13 02:26:43,166 - DEBUG - 0 reads not considered because fully enclosed in repeat masked regions
2022-10-13 02:27:13,717 - DEBUG - Read first 560 million reads
2022-10-13 02:27:25,863 - DEBUG - Counting for batch 170, containing 100 cells and 2480819 reads
2022-10-13 02:28:42,940 - DEBUG - 0 reads not considered because fully enclosed in repeat masked regions
2022-10-13 02:29:23,099 - DEBUG - Counting for batch 171, containing 100 cells and 2235159 reads
2022-10-13 02:30:28,517 - DEBUG - 0 reads not considered because fully enclosed in repeat masked regions
2022-10-13 02:31:21,547 - DEBUG - Counting for batch 172, containing 100 cells and 3143150 reads
2022-10-13 02:32:57,300 - DEBUG - 0 reads not considered because fully enclosed in repeat masked regions
2022-10-13 02:33:35,124 - DEBUG - Read first 570 million reads
2022-10-13 02:33:41,036 - DEBUG - Counting for batch 173, containing 100 cells and 2540798 reads
2022-10-13 02:35:00,128 - DEBUG - 0 reads not considered because fully enclosed in repeat masked regions
2022-10-13 02:35:43,642 - DEBUG - Counting for batch 174, containing 100 cells and 2474756 reads
2022-10-13 02:36:58,956 - DEBUG - 0 reads not considered because fully enclosed in repeat masked regions
2022-10-13 02:37:39,366 - DEBUG - Counting for batch 175, containing 100 cells and 2113327 reads
2022-10-13 02:38:41,765 - DEBUG - 0 reads not considered because fully enclosed in repeat masked regions
2022-10-13 02:39:22,506 - DEBUG - Counting for batch 176, containing 100 cells and 2492311 reads
2022-10-13 02:40:38,644 - DEBUG - 0 reads not considered because fully enclosed in repeat masked regions
2022-10-13 02:41:01,976 - DEBUG - Read first 580 million reads
2022-10-13 02:41:21,927 - DEBUG - Counting for batch 177, containing 100 cells and 2583954 reads
2022-10-13 02:42:41,645 - DEBUG - 0 reads not considered because fully enclosed in repeat masked regions
2022-10-13 02:43:38,690 - DEBUG - Counting for batch 178, containing 100 cells and 3494234 reads
2022-10-13 02:45:29,396 - DEBUG - 0 reads not considered because fully enclosed in repeat masked regions
2022-10-13 02:46:20,907 - DEBUG - Counting for batch 179, containing 100 cells and 2565250 reads
2022-10-13 02:47:39,554 - DEBUG - 0 reads not considered because fully enclosed in repeat masked regions
2022-10-13 02:48:00,176 - DEBUG - Read first 590 million reads
2022-10-13 02:48:39,351 - DEBUG - Counting for batch 180, containing 100 cells and 3631591 reads
2022-10-13 02:50:28,269 - DEBUG - 0 reads not considered because fully enclosed in repeat masked regions
2022-10-13 02:51:19,641 - DEBUG - Counting for batch 181, containing 100 cells and 2666686 reads
2022-10-13 02:52:41,087 - DEBUG - 0 reads not considered because fully enclosed in repeat masked regions
2022-10-13 02:53:26,989 - DEBUG - Counting for batch 182, containing 100 cells and 2359086 reads
2022-10-13 02:54:36,965 - DEBUG - 0 reads not considered because fully enclosed in repeat masked regions
2022-10-13 02:54:56,298 - DEBUG - Read first 600 million reads
2022-10-13 02:55:23,630 - DEBUG - Counting for batch 183, containing 100 cells and 2704895 reads
2022-10-13 02:56:45,442 - DEBUG - 0 reads not considered because fully enclosed in repeat masked regions
2022-10-13 02:57:33,204 - DEBUG - Counting for batch 184, containing 100 cells and 2618965 reads
2022-10-13 02:58:50,345 - DEBUG - 0 reads not considered because fully enclosed in repeat masked regions
2022-10-13 02:59:33,316 - DEBUG - Counting for batch 185, containing 100 cells and 2372029 reads
2022-10-13 03:00:43,462 - DEBUG - 0 reads not considered because fully enclosed in repeat masked regions
2022-10-13 03:01:14,212 - DEBUG - Read first 610 million reads
2022-10-13 03:01:24,188 - DEBUG - Counting for batch 186, containing 100 cells and 2199274 reads
2022-10-13 03:02:31,881 - DEBUG - 0 reads not considered because fully enclosed in repeat masked regions
2022-10-13 03:03:08,912 - DEBUG - Counting for batch 187, containing 100 cells and 2209376 reads
2022-10-13 03:04:16,834 - DEBUG - 0 reads not considered because fully enclosed in repeat masked regions
2022-10-13 03:04:58,465 - DEBUG - Counting for batch 188, containing 100 cells and 2619073 reads
2022-10-13 03:06:17,087 - DEBUG - 0 reads not considered because fully enclosed in repeat masked regions
2022-10-13 03:07:02,227 - DEBUG - Counting for batch 189, containing 100 cells and 2647296 reads
2022-10-13 03:08:23,781 - DEBUG - 0 reads not considered because fully enclosed in repeat masked regions
2022-10-13 03:08:43,364 - DEBUG - Read first 620 million reads
2022-10-13 03:09:13,680 - DEBUG - Counting for batch 190, containing 100 cells and 2870504 reads
2022-10-13 03:10:43,918 - DEBUG - 0 reads not considered because fully enclosed in repeat masked regions
2022-10-13 03:11:27,909 - DEBUG - Counting for batch 191, containing 100 cells and 2639142 reads
2022-10-13 03:12:48,357 - DEBUG - 0 reads not considered because fully enclosed in repeat masked regions
2022-10-13 03:13:43,230 - DEBUG - Counting for batch 192, containing 100 cells and 3158177 reads
2022-10-13 03:15:20,927 - DEBUG - 0 reads not considered because fully enclosed in repeat masked regions
2022-10-13 03:15:41,715 - DEBUG - Read first 630 million reads
2022-10-13 03:16:06,349 - DEBUG - Counting for batch 193, containing 100 cells and 2411915 reads
2022-10-13 03:17:21,497 - DEBUG - 0 reads not considered because fully enclosed in repeat masked regions
2022-10-13 03:18:10,941 - DEBUG - Counting for batch 194, containing 100 cells and 3041113 reads
2022-10-13 03:19:44,259 - DEBUG - 0 reads not considered because fully enclosed in repeat masked regions
2022-10-13 03:20:29,468 - DEBUG - Counting for batch 195, containing 100 cells and 2067510 reads
2022-10-13 03:21:31,227 - DEBUG - 0 reads not considered because fully enclosed in repeat masked regions
2022-10-13 03:21:49,153 - DEBUG - Read first 640 million reads
2022-10-13 03:22:14,775 - DEBUG - Counting for batch 196, containing 100 cells and 2659604 reads
2022-10-13 03:23:39,576 - DEBUG - 0 reads not considered because fully enclosed in repeat masked regions
2022-10-13 03:24:22,724 - DEBUG - Counting for batch 197, containing 100 cells and 2319710 reads
2022-10-13 03:25:36,167 - DEBUG - 0 reads not considered because fully enclosed in repeat masked regions
2022-10-13 03:26:18,202 - DEBUG - Counting for batch 198, containing 100 cells and 2374101 reads
2022-10-13 03:27:33,284 - DEBUG - 0 reads not considered because fully enclosed in repeat masked regions
2022-10-13 03:28:02,736 - DEBUG - Read first 650 million reads
2022-10-13 03:28:25,607 - DEBUG - Counting for batch 199, containing 100 cells and 3551454 reads
2022-10-13 03:30:15,397 - DEBUG - 0 reads not considered because fully enclosed in repeat masked regions
2022-10-13 03:31:04,697 - DEBUG - Counting for batch 200, containing 100 cells and 2419401 reads
2022-10-13 03:32:22,564 - DEBUG - 0 reads not considered because fully enclosed in repeat masked regions
2022-10-13 03:32:38,317 - DEBUG - 35872684 reads were skipped because no apropiate cell or umi barcode was found
2022-10-13 03:32:38,318 - DEBUG - Counting done!
2022-10-13 03:32:38,387 - DEBUG - Generating output file /storage/singlecell/zz4/fetal_bash/results/RNA_velocity/Multi_Fetal_19W4d_FR/Multi_Fetal_19W4d_FR.loom
2022-10-13 03:32:38,387 - DEBUG - Collecting row attributes
2022-10-13 03:32:38,548 - DEBUG - Generating data table
2022-10-13 03:32:48,643 - DEBUG - Writing loom file
2022-10-13 03:33:00,903 - DEBUG - Creating converter from 5 to 3
2022-10-13 03:33:00,906 - DEBUG - Creating converter from 3 to 5
2022-10-13 03:33:51,935 - DEBUG - Terminated Succesfully!
ended at Thu Oct 13 03:33:59 CDT 2022 on mhgcp-g00.grid.bcm.edu. Time elapsed: 10:45:31
