starting at Wed Oct 12 23:36:31 CDT 2022 on mhgcp-g00.grid.bcm.edu
SLURM_JOBID=624165
2022-10-12 23:36:38,437 - DEBUG - Using logic: Default
2022-10-12 23:36:38,462 - INFO - Read 7414 cell barcodes from /storage/singlecell/zz4/fetal_bash/data/Retina_fetal/Multiome_14w2d_NR/outs/filtered_feature_bc_matrix/barcodes.tsv.gz
2022-10-12 23:36:38,462 - DEBUG - Example of barcode: AAACAGCCAATTATGC and cell_id: Multiome_14w2d_NR:AAACAGCCAATTATGC-1
2022-10-12 23:36:38,478 - DEBUG - Peeking into /storage/singlecell/zz4/fetal_bash/data/Retina_fetal/Multiome_14w2d_NR/outs/gex_possorted_bam.bam
2022-10-12 23:36:38,620 - WARNING - Not found cell and umi barcode in entry 0 of the bam file
2022-10-12 23:36:38,620 - WARNING - Not found cell and umi barcode in entry 13 of the bam file
2022-10-12 23:36:38,620 - WARNING - Not found cell and umi barcode in entry 34 of the bam file
2022-10-12 23:36:38,620 - WARNING - Not found cell and umi barcode in entry 35 of the bam file
2022-10-12 23:36:38,620 - WARNING - Not found cell and umi barcode in entry 42 of the bam file
2022-10-12 23:36:38,620 - WARNING - Not found cell and umi barcode in entry 43 of the bam file
2022-10-12 23:36:38,620 - WARNING - Not found cell and umi barcode in entry 44 of the bam file
2022-10-12 23:36:38,620 - WARNING - Not found cell and umi barcode in entry 45 of the bam file
2022-10-12 23:36:38,620 - WARNING - Not found cell and umi barcode in entry 46 of the bam file
2022-10-12 23:36:38,620 - WARNING - Not found cell and umi barcode in entry 47 of the bam file
2022-10-12 23:36:38,620 - WARNING - Not found cell and umi barcode in entry 48 of the bam file
2022-10-12 23:36:38,620 - WARNING - Not found cell and umi barcode in entry 49 of the bam file
2022-10-12 23:36:38,621 - WARNING - Not found cell and umi barcode in entry 51 of the bam file
2022-10-12 23:36:38,621 - WARNING - Not found cell and umi barcode in entry 106 of the bam file
2022-10-12 23:36:38,621 - WARNING - Not found cell and umi barcode in entry 109 of the bam file
2022-10-12 23:36:38,621 - WARNING - Not found cell and umi barcode in entry 110 of the bam file
2022-10-12 23:36:38,621 - WARNING - Not found cell and umi barcode in entry 115 of the bam file
2022-10-12 23:36:38,621 - WARNING - Not found cell and umi barcode in entry 119 of the bam file
2022-10-12 23:36:38,621 - WARNING - Not found cell and umi barcode in entry 151 of the bam file
2022-10-12 23:36:38,621 - WARNING - Not found cell and umi barcode in entry 152 of the bam file
2022-10-12 23:36:38,621 - WARNING - Not found cell and umi barcode in entry 156 of the bam file
2022-10-12 23:36:38,621 - WARNING - Not found cell and umi barcode in entry 161 of the bam file
2022-10-12 23:36:38,621 - WARNING - Not found cell and umi barcode in entry 375 of the bam file
2022-10-12 23:36:38,621 - WARNING - Not found cell and umi barcode in entry 398 of the bam file
2022-10-12 23:36:38,622 - WARNING - Not found cell and umi barcode in entry 404 of the bam file
2022-10-12 23:36:38,622 - WARNING - Not found cell and umi barcode in entry 506 of the bam file
2022-10-12 23:36:38,622 - WARNING - Not found cell and umi barcode in entry 519 of the bam file
2022-10-12 23:36:38,622 - WARNING - Not found cell and umi barcode in entry 546 of the bam file
2022-10-12 23:36:38,622 - WARNING - Not found cell and umi barcode in entry 547 of the bam file
2022-10-12 23:36:38,622 - WARNING - Not found cell and umi barcode in entry 557 of the bam file
2022-10-12 23:36:38,622 - WARNING - Not found cell and umi barcode in entry 589 of the bam file
2022-10-12 23:36:38,622 - WARNING - Not found cell and umi barcode in entry 638 of the bam file
2022-10-12 23:36:38,622 - WARNING - Not found cell and umi barcode in entry 640 of the bam file
2022-10-12 23:36:38,622 - WARNING - Not found cell and umi barcode in entry 642 of the bam file
2022-10-12 23:36:38,623 - WARNING - Not found cell and umi barcode in entry 678 of the bam file
2022-10-12 23:36:38,623 - WARNING - Not found cell and umi barcode in entry 701 of the bam file
2022-10-12 23:36:38,623 - WARNING - Not found cell and umi barcode in entry 711 of the bam file
2022-10-12 23:36:38,623 - WARNING - Not found cell and umi barcode in entry 712 of the bam file
2022-10-12 23:36:38,623 - WARNING - Not found cell and umi barcode in entry 725 of the bam file
2022-10-12 23:36:38,623 - WARNING - Not found cell and umi barcode in entry 754 of the bam file
2022-10-12 23:36:38,623 - WARNING - Not found cell and umi barcode in entry 756 of the bam file
2022-10-12 23:36:38,623 - WARNING - Not found cell and umi barcode in entry 758 of the bam file
2022-10-12 23:36:38,623 - WARNING - Not found cell and umi barcode in entry 771 of the bam file
2022-10-12 23:36:38,623 - WARNING - Not found cell and umi barcode in entry 818 of the bam file
2022-10-12 23:36:38,623 - WARNING - Not found cell and umi barcode in entry 820 of the bam file
2022-10-12 23:36:38,623 - WARNING - Not found cell and umi barcode in entry 837 of the bam file
2022-10-12 23:36:38,623 - WARNING - Not found cell and umi barcode in entry 901 of the bam file
2022-10-12 23:36:38,623 - WARNING - Not found cell and umi barcode in entry 924 of the bam file
2022-10-12 23:36:38,624 - WARNING - Not found cell and umi barcode in entry 987 of the bam file
2022-10-12 23:36:38,624 - WARNING - Not found cell and umi barcode in entry 988 of the bam file
2022-10-12 23:36:38,624 - WARNING - Not found cell and umi barcode in entry 989 of the bam file
2022-10-12 23:36:38,624 - WARNING - Not found cell and umi barcode in entry 1000 of the bam file
2022-10-12 23:36:38,624 - WARNING - Not found cell and umi barcode in entry 1010 of the bam file
2022-10-12 23:36:38,624 - WARNING - Not found cell and umi barcode in entry 1023 of the bam file
2022-10-12 23:36:38,624 - WARNING - Not found cell and umi barcode in entry 1049 of the bam file
2022-10-12 23:36:38,636 - WARNING - The file /storage/singlecell/zz4/fetal_bash/data/Retina_fetal/Multiome_14w2d_NR/outs/cellsorted_gex_possorted_bam.bam already exists. The sorting step will be skipped and the existing file will be used.
2022-10-12 23:36:38,636 - INFO - Load the annotation from /storage/singlecell/zz4/Reference/refdata-cellranger-arc-GRCh38-2020-A/genes/genes.gtf
2022-10-12 23:36:48,823 - DEBUG - Parsing Chromosome GL000009.2 strand - [line 0]
2022-10-12 23:36:48,823 - DEBUG - Done with GL000009.2- [line 7]
2022-10-12 23:36:48,823 - DEBUG - Assigning indexes to genes
2022-10-12 23:36:48,823 - DEBUG - Seen 1 genes until now
2022-10-12 23:36:48,823 - DEBUG - Parsing Chromosome GL000194.1 strand - [line 8]
2022-10-12 23:36:48,824 - DEBUG - Done with GL000194.1- [line 33]
2022-10-12 23:36:48,824 - DEBUG - Assigning indexes to genes
2022-10-12 23:36:48,824 - DEBUG - Seen 3 genes until now
2022-10-12 23:36:48,824 - DEBUG - Parsing Chromosome GL000195.1 strand - [line 34]
2022-10-12 23:36:48,824 - DEBUG - Done with GL000195.1- [line 43]
2022-10-12 23:36:48,824 - DEBUG - Assigning indexes to genes
2022-10-12 23:36:48,824 - DEBUG - Seen 4 genes until now
2022-10-12 23:36:48,824 - DEBUG - Parsing Chromosome GL000195.1 strand + [line 44]
2022-10-12 23:36:48,824 - DEBUG - Done with GL000195.1+ [line 57]
2022-10-12 23:36:48,824 - DEBUG - Assigning indexes to genes
2022-10-12 23:36:48,824 - DEBUG - Seen 5 genes until now
2022-10-12 23:36:48,824 - DEBUG - Parsing Chromosome GL000205.2 strand - [line 58]
2022-10-12 23:36:48,824 - DEBUG - Done with GL000205.2- [line 71]
2022-10-12 23:36:48,824 - DEBUG - Assigning indexes to genes
2022-10-12 23:36:48,824 - DEBUG - Seen 6 genes until now
2022-10-12 23:36:48,824 - DEBUG - Parsing Chromosome GL000213.1 strand - [line 72]
2022-10-12 23:36:48,824 - DEBUG - Done with GL000213.1- [line 120]
2022-10-12 23:36:48,824 - DEBUG - Assigning indexes to genes
2022-10-12 23:36:48,824 - DEBUG - Seen 7 genes until now
2022-10-12 23:36:48,824 - DEBUG - Parsing Chromosome GL000218.1 strand - [line 121]
2022-10-12 23:36:48,824 - DEBUG - Done with GL000218.1- [line 128]
2022-10-12 23:36:48,824 - DEBUG - Assigning indexes to genes
2022-10-12 23:36:48,824 - DEBUG - Seen 8 genes until now
2022-10-12 23:36:48,825 - DEBUG - Parsing Chromosome GL000219.1 strand - [line 129]
2022-10-12 23:36:48,825 - DEBUG - Done with GL000219.1- [line 141]
2022-10-12 23:36:48,825 - DEBUG - Assigning indexes to genes
2022-10-12 23:36:48,825 - DEBUG - Seen 9 genes until now
2022-10-12 23:36:48,825 - DEBUG - Parsing Chromosome KI270711.1 strand - [line 142]
2022-10-12 23:36:48,825 - DEBUG - Done with KI270711.1- [line 292]
2022-10-12 23:36:48,825 - DEBUG - Assigning indexes to genes
2022-10-12 23:36:48,825 - DEBUG - Seen 10 genes until now
2022-10-12 23:36:48,825 - DEBUG - Parsing Chromosome KI270713.1 strand - [line 293]
2022-10-12 23:36:48,825 - DEBUG - Done with KI270713.1- [line 300]
2022-10-12 23:36:48,825 - DEBUG - Assigning indexes to genes
2022-10-12 23:36:48,826 - DEBUG - Seen 11 genes until now
2022-10-12 23:36:48,826 - DEBUG - Parsing Chromosome KI270713.1 strand + [line 301]
2022-10-12 23:36:48,826 - DEBUG - Done with KI270713.1+ [line 307]
2022-10-12 23:36:48,826 - DEBUG - Assigning indexes to genes
2022-10-12 23:36:48,826 - DEBUG - Seen 12 genes until now
2022-10-12 23:36:48,826 - DEBUG - Parsing Chromosome KI270721.1 strand + [line 308]
2022-10-12 23:36:48,826 - DEBUG - Done with KI270721.1+ [line 323]
2022-10-12 23:36:48,826 - DEBUG - Assigning indexes to genes
2022-10-12 23:36:48,826 - DEBUG - Seen 13 genes until now
2022-10-12 23:36:48,826 - DEBUG - Parsing Chromosome KI270726.1 strand + [line 324]
2022-10-12 23:36:48,826 - DEBUG - Done with KI270726.1+ [line 334]
2022-10-12 23:36:48,826 - DEBUG - Assigning indexes to genes
2022-10-12 23:36:48,826 - DEBUG - Seen 15 genes until now
2022-10-12 23:36:48,826 - DEBUG - Parsing Chromosome KI270727.1 strand - [line 335]
2022-10-12 23:36:48,826 - DEBUG - Done with KI270727.1- [line 394]
2022-10-12 23:36:48,826 - DEBUG - Assigning indexes to genes
2022-10-12 23:36:48,826 - DEBUG - Seen 17 genes until now
2022-10-12 23:36:48,826 - DEBUG - Parsing Chromosome KI270727.1 strand + [line 395]
2022-10-12 23:36:48,826 - DEBUG - Done with KI270727.1+ [line 409]
2022-10-12 23:36:48,826 - DEBUG - Assigning indexes to genes
2022-10-12 23:36:48,826 - DEBUG - Seen 19 genes until now
2022-10-12 23:36:48,826 - DEBUG - Parsing Chromosome KI270728.1 strand - [line 410]
2022-10-12 23:36:48,827 - DEBUG - Done with KI270728.1- [line 486]
2022-10-12 23:36:48,827 - DEBUG - Assigning indexes to genes
2022-10-12 23:36:48,827 - DEBUG - Seen 21 genes until now
2022-10-12 23:36:48,827 - DEBUG - Parsing Chromosome KI270728.1 strand + [line 487]
2022-10-12 23:36:48,827 - DEBUG - Done with KI270728.1+ [line 523]
2022-10-12 23:36:48,827 - DEBUG - Assigning indexes to genes
2022-10-12 23:36:48,827 - DEBUG - Seen 25 genes until now
2022-10-12 23:36:48,827 - DEBUG - Parsing Chromosome KI270731.1 strand - [line 524]
2022-10-12 23:36:48,827 - DEBUG - Done with KI270731.1- [line 530]
2022-10-12 23:36:48,827 - DEBUG - Assigning indexes to genes
2022-10-12 23:36:48,827 - DEBUG - Seen 26 genes until now
2022-10-12 23:36:48,827 - DEBUG - Parsing Chromosome KI270734.1 strand - [line 531]
2022-10-12 23:36:48,828 - DEBUG - Done with KI270734.1- [line 599]
2022-10-12 23:36:48,828 - DEBUG - Assigning indexes to genes
2022-10-12 23:36:48,828 - DEBUG - Seen 27 genes until now
2022-10-12 23:36:48,828 - DEBUG - Parsing Chromosome KI270734.1 strand + [line 600]
2022-10-12 23:36:48,828 - DEBUG - Done with KI270734.1+ [line 622]
2022-10-12 23:36:48,828 - DEBUG - Assigning indexes to genes
2022-10-12 23:36:48,828 - DEBUG - Seen 29 genes until now
2022-10-12 23:36:48,828 - DEBUG - Parsing Chromosome 1 strand - [line 623]
2022-10-12 23:36:49,605 - DEBUG - Done with 1- [line 118876]
2022-10-12 23:36:49,605 - DEBUG - Assigning indexes to genes
2022-10-12 23:36:49,622 - DEBUG - Seen 1711 genes until now
2022-10-12 23:36:49,622 - DEBUG - Parsing Chromosome 1 strand + [line 118877]
2022-10-12 23:36:51,017 - DEBUG - Done with 1+ [line 253796]
2022-10-12 23:36:51,017 - DEBUG - Assigning indexes to genes
2022-10-12 23:36:51,039 - DEBUG - Seen 3439 genes until now
2022-10-12 23:36:51,039 - DEBUG - Parsing Chromosome 10 strand - [line 253797]
2022-10-12 23:36:51,276 - DEBUG - Done with 10- [line 304078]
2022-10-12 23:36:51,276 - DEBUG - Assigning indexes to genes
2022-10-12 23:36:51,282 - DEBUG - Seen 4100 genes until now
2022-10-12 23:36:51,282 - DEBUG - Parsing Chromosome 10 strand + [line 304079]
2022-10-12 23:36:51,855 - DEBUG - Done with 10+ [line 356023]
2022-10-12 23:36:51,855 - DEBUG - Assigning indexes to genes
2022-10-12 23:36:51,862 - DEBUG - Seen 4833 genes until now
2022-10-12 23:36:51,863 - DEBUG - Parsing Chromosome 11 strand - [line 356024]
2022-10-12 23:36:52,229 - DEBUG - Done with 11- [line 438038]
2022-10-12 23:36:52,229 - DEBUG - Assigning indexes to genes
2022-10-12 23:36:52,240 - DEBUG - Seen 5833 genes until now
2022-10-12 23:36:52,240 - DEBUG - Parsing Chromosome 11 strand + [line 438039]
2022-10-12 23:36:52,986 - DEBUG - Done with 11+ [line 521163]
2022-10-12 23:36:52,987 - DEBUG - Assigning indexes to genes
2022-10-12 23:36:53,003 - DEBUG - Seen 6898 genes until now
2022-10-12 23:36:53,003 - DEBUG - Parsing Chromosome 12 strand - [line 521164]
2022-10-12 23:36:53,354 - DEBUG - Done with 12- [line 601582]
2022-10-12 23:36:53,354 - DEBUG - Assigning indexes to genes
2022-10-12 23:36:53,368 - DEBUG - Seen 7848 genes until now
2022-10-12 23:36:53,369 - DEBUG - Parsing Chromosome 12 strand + [line 601583]
2022-10-12 23:36:53,710 - DEBUG - Done with 12+ [line 681983]
2022-10-12 23:36:53,710 - DEBUG - Assigning indexes to genes
2022-10-12 23:36:53,720 - DEBUG - Seen 8826 genes until now
2022-10-12 23:36:53,721 - DEBUG - Parsing Chromosome 13 strand - [line 681984]
2022-10-12 23:36:54,386 - DEBUG - Done with 13- [line 702449]
2022-10-12 23:36:54,386 - DEBUG - Assigning indexes to genes
2022-10-12 23:36:54,388 - DEBUG - Seen 9225 genes until now
2022-10-12 23:36:54,389 - DEBUG - Parsing Chromosome 13 strand + [line 702450]
2022-10-12 23:36:54,496 - DEBUG - Done with 13+ [line 726349]
2022-10-12 23:36:54,496 - DEBUG - Assigning indexes to genes
2022-10-12 23:36:54,499 - DEBUG - Seen 9614 genes until now
2022-10-12 23:36:54,499 - DEBUG - Parsing Chromosome 14 strand - [line 726350]
2022-10-12 23:36:54,697 - DEBUG - Done with 14- [line 770987]
2022-10-12 23:36:54,698 - DEBUG - Assigning indexes to genes
2022-10-12 23:36:54,706 - DEBUG - Seen 10373 genes until now
2022-10-12 23:36:54,706 - DEBUG - Parsing Chromosome 14 strand + [line 770988]
2022-10-12 23:36:54,939 - DEBUG - Done with 14+ [line 822908]
2022-10-12 23:36:54,939 - DEBUG - Assigning indexes to genes
2022-10-12 23:36:54,949 - DEBUG - Seen 11088 genes until now
2022-10-12 23:36:54,950 - DEBUG - Parsing Chromosome 15 strand - [line 822909]
2022-10-12 23:36:55,190 - DEBUG - Done with 15- [line 873715]
2022-10-12 23:36:55,190 - DEBUG - Assigning indexes to genes
2022-10-12 23:36:55,199 - DEBUG - Seen 11734 genes until now
2022-10-12 23:36:55,199 - DEBUG - Parsing Chromosome 15 strand + [line 873716]
2022-10-12 23:36:55,938 - DEBUG - Done with 15+ [line 923824]
2022-10-12 23:36:55,938 - DEBUG - Assigning indexes to genes
2022-10-12 23:36:55,947 - DEBUG - Seen 12355 genes until now
2022-10-12 23:36:55,947 - DEBUG - Parsing Chromosome 16 strand - [line 923825]
2022-10-12 23:36:56,187 - DEBUG - Done with 16- [line 979238]
2022-10-12 23:36:56,187 - DEBUG - Assigning indexes to genes
2022-10-12 23:36:56,194 - DEBUG - Seen 13151 genes until now
2022-10-12 23:36:56,194 - DEBUG - Parsing Chromosome 16 strand + [line 979239]
2022-10-12 23:36:56,504 - DEBUG - Done with 16+ [line 1052152]
2022-10-12 23:36:56,504 - DEBUG - Assigning indexes to genes
2022-10-12 23:36:56,512 - DEBUG - Seen 14004 genes until now
2022-10-12 23:36:56,512 - DEBUG - Parsing Chromosome 17 strand - [line 1052153]
2022-10-12 23:36:56,916 - DEBUG - Done with 17- [line 1140008]
2022-10-12 23:36:56,916 - DEBUG - Assigning indexes to genes
2022-10-12 23:36:56,930 - DEBUG - Seen 15039 genes until now
2022-10-12 23:36:56,930 - DEBUG - Parsing Chromosome 17 strand + [line 1140009]
2022-10-12 23:36:57,859 - DEBUG - Done with 17+ [line 1219447]
2022-10-12 23:36:57,859 - DEBUG - Assigning indexes to genes
2022-10-12 23:36:57,875 - DEBUG - Seen 15996 genes until now
2022-10-12 23:36:57,875 - DEBUG - Parsing Chromosome 18 strand - [line 1219448]
2022-10-12 23:36:58,004 - DEBUG - Done with 18- [line 1246083]
2022-10-12 23:36:58,004 - DEBUG - Assigning indexes to genes
2022-10-12 23:36:58,008 - DEBUG - Seen 16371 genes until now
2022-10-12 23:36:58,009 - DEBUG - Parsing Chromosome 18 strand + [line 1246084]
2022-10-12 23:36:58,119 - DEBUG - Done with 18+ [line 1269821]
2022-10-12 23:36:58,119 - DEBUG - Assigning indexes to genes
2022-10-12 23:36:58,124 - DEBUG - Seen 16777 genes until now
2022-10-12 23:36:58,124 - DEBUG - Parsing Chromosome 19 strand - [line 1269822]
2022-10-12 23:36:58,533 - DEBUG - Done with 19- [line 1350736]
2022-10-12 23:36:58,533 - DEBUG - Assigning indexes to genes
2022-10-12 23:36:58,543 - DEBUG - Seen 17790 genes until now
2022-10-12 23:36:58,543 - DEBUG - Parsing Chromosome 19 strand + [line 1350737]
2022-10-12 23:36:58,941 - DEBUG - Done with 19+ [line 1435648]
2022-10-12 23:36:58,941 - DEBUG - Assigning indexes to genes
2022-10-12 23:36:58,957 - DEBUG - Seen 18804 genes until now
2022-10-12 23:36:58,957 - DEBUG - Parsing Chromosome 2 strand - [line 1435649]
2022-10-12 23:36:59,437 - DEBUG - Done with 2- [line 1542996]
2022-10-12 23:36:59,437 - DEBUG - Assigning indexes to genes
2022-10-12 23:36:59,457 - DEBUG - Seen 20037 genes until now
2022-10-12 23:36:59,457 - DEBUG - Parsing Chromosome 2 strand + [line 1542997]
2022-10-12 23:37:00,623 - DEBUG - Done with 2+ [line 1642863]
2022-10-12 23:37:00,623 - DEBUG - Assigning indexes to genes
2022-10-12 23:37:00,642 - DEBUG - Seen 21345 genes until now
2022-10-12 23:37:00,642 - DEBUG - Parsing Chromosome 20 strand - [line 1642864]
2022-10-12 23:37:00,779 - DEBUG - Done with 20- [line 1672442]
2022-10-12 23:37:00,780 - DEBUG - Assigning indexes to genes
2022-10-12 23:37:00,783 - DEBUG - Seen 21828 genes until now
2022-10-12 23:37:00,783 - DEBUG - Parsing Chromosome 20 strand + [line 1672443]
2022-10-12 23:37:00,943 - DEBUG - Done with 20+ [line 1707817]
2022-10-12 23:37:00,944 - DEBUG - Assigning indexes to genes
2022-10-12 23:37:00,950 - DEBUG - Seen 22309 genes until now
2022-10-12 23:37:00,950 - DEBUG - Parsing Chromosome 21 strand - [line 1707818]
2022-10-12 23:37:01,021 - DEBUG - Done with 21- [line 1722798]
2022-10-12 23:37:01,021 - DEBUG - Assigning indexes to genes
2022-10-12 23:37:01,023 - DEBUG - Seen 22596 genes until now
2022-10-12 23:37:01,024 - DEBUG - Parsing Chromosome 21 strand + [line 1722799]
2022-10-12 23:37:01,100 - DEBUG - Done with 21+ [line 1738981]
2022-10-12 23:37:01,101 - DEBUG - Assigning indexes to genes
2022-10-12 23:37:01,103 - DEBUG - Seen 22864 genes until now
2022-10-12 23:37:01,103 - DEBUG - Parsing Chromosome 22 strand - [line 1738982]
2022-10-12 23:37:01,214 - DEBUG - Done with 22- [line 1765357]
2022-10-12 23:37:01,214 - DEBUG - Assigning indexes to genes
2022-10-12 23:37:01,217 - DEBUG - Seen 23260 genes until now
2022-10-12 23:37:01,217 - DEBUG - Parsing Chromosome 22 strand + [line 1765358]
2022-10-12 23:37:01,358 - DEBUG - Done with 22+ [line 1797598]
2022-10-12 23:37:01,358 - DEBUG - Assigning indexes to genes
2022-10-12 23:37:01,364 - DEBUG - Seen 23765 genes until now
2022-10-12 23:37:01,364 - DEBUG - Parsing Chromosome 3 strand - [line 1797599]
2022-10-12 23:37:01,759 - DEBUG - Done with 3- [line 1887377]
2022-10-12 23:37:01,759 - DEBUG - Assigning indexes to genes
2022-10-12 23:37:01,776 - DEBUG - Seen 24693 genes until now
2022-10-12 23:37:01,776 - DEBUG - Parsing Chromosome 3 strand + [line 1887378]
2022-10-12 23:37:02,172 - DEBUG - Done with 3+ [line 1977011]
2022-10-12 23:37:02,172 - DEBUG - Assigning indexes to genes
2022-10-12 23:37:02,187 - DEBUG - Seen 25658 genes until now
2022-10-12 23:37:02,187 - DEBUG - Parsing Chromosome 4 strand - [line 1977012]
2022-10-12 23:37:03,377 - DEBUG - Done with 4- [line 2034238]
2022-10-12 23:37:03,377 - DEBUG - Assigning indexes to genes
2022-10-12 23:37:03,387 - DEBUG - Seen 26401 genes until now
2022-10-12 23:37:03,387 - DEBUG - Parsing Chromosome 4 strand + [line 2034239]
2022-10-12 23:37:03,654 - DEBUG - Done with 4+ [line 2094594]
2022-10-12 23:37:03,654 - DEBUG - Assigning indexes to genes
2022-10-12 23:37:03,665 - DEBUG - Seen 27191 genes until now
2022-10-12 23:37:03,666 - DEBUG - Parsing Chromosome 5 strand - [line 2094595]
2022-10-12 23:37:03,936 - DEBUG - Done with 5- [line 2152660]
2022-10-12 23:37:03,936 - DEBUG - Assigning indexes to genes
2022-10-12 23:37:03,950 - DEBUG - Seen 28071 genes until now
2022-10-12 23:37:03,950 - DEBUG - Parsing Chromosome 5 strand + [line 2152661]
2022-10-12 23:37:04,251 - DEBUG - Done with 5+ [line 2218657]
2022-10-12 23:37:04,251 - DEBUG - Assigning indexes to genes
2022-10-12 23:37:04,266 - DEBUG - Seen 29002 genes until now
2022-10-12 23:37:04,266 - DEBUG - Parsing Chromosome 6 strand - [line 2218658]
2022-10-12 23:37:04,573 - DEBUG - Done with 6- [line 2284937]
2022-10-12 23:37:04,573 - DEBUG - Assigning indexes to genes
2022-10-12 23:37:04,582 - DEBUG - Seen 29928 genes until now
2022-10-12 23:37:04,583 - DEBUG - Parsing Chromosome 6 strand + [line 2284938]
2022-10-12 23:37:04,852 - DEBUG - Done with 6+ [line 2345240]
2022-10-12 23:37:04,852 - DEBUG - Assigning indexes to genes
2022-10-12 23:37:04,860 - DEBUG - Seen 30829 genes until now
2022-10-12 23:37:04,860 - DEBUG - Parsing Chromosome 7 strand - [line 2345241]
2022-10-12 23:37:05,152 - DEBUG - Done with 7- [line 2406845]
2022-10-12 23:37:05,152 - DEBUG - Assigning indexes to genes
2022-10-12 23:37:05,164 - DEBUG - Seen 31621 genes until now
2022-10-12 23:37:05,164 - DEBUG - Parsing Chromosome 7 strand + [line 2406846]
2022-10-12 23:37:05,482 - DEBUG - Done with 7+ [line 2476014]
2022-10-12 23:37:05,482 - DEBUG - Assigning indexes to genes
2022-10-12 23:37:05,494 - DEBUG - Seen 32515 genes until now
2022-10-12 23:37:05,495 - DEBUG - Parsing Chromosome 8 strand - [line 2476015]
2022-10-12 23:37:05,729 - DEBUG - Done with 8- [line 2527366]
2022-10-12 23:37:05,729 - DEBUG - Assigning indexes to genes
2022-10-12 23:37:05,739 - DEBUG - Seen 33270 genes until now
2022-10-12 23:37:05,739 - DEBUG - Parsing Chromosome 8 strand + [line 2527367]
2022-10-12 23:37:06,931 - DEBUG - Done with 8+ [line 2577021]
2022-10-12 23:37:06,931 - DEBUG - Assigning indexes to genes
2022-10-12 23:37:06,940 - DEBUG - Seen 34010 genes until now
2022-10-12 23:37:06,940 - DEBUG - Parsing Chromosome 9 strand - [line 2577022]
2022-10-12 23:37:07,138 - DEBUG - Done with 9- [line 2622811]
2022-10-12 23:37:07,139 - DEBUG - Assigning indexes to genes
2022-10-12 23:37:07,144 - DEBUG - Seen 34681 genes until now
2022-10-12 23:37:07,144 - DEBUG - Parsing Chromosome 9 strand + [line 2622812]
2022-10-12 23:37:07,358 - DEBUG - Done with 9+ [line 2672374]
2022-10-12 23:37:07,359 - DEBUG - Assigning indexes to genes
2022-10-12 23:37:07,364 - DEBUG - Seen 35329 genes until now
2022-10-12 23:37:07,364 - DEBUG - Parsing Chromosome M strand - [line 2672375]
2022-10-12 23:37:07,364 - DEBUG - Done with M- [line 2672379]
2022-10-12 23:37:07,364 - DEBUG - Assigning indexes to genes
2022-10-12 23:37:07,364 - DEBUG - Seen 35330 genes until now
2022-10-12 23:37:07,364 - DEBUG - Parsing Chromosome M strand + [line 2672380]
2022-10-12 23:37:07,365 - DEBUG - Done with M+ [line 2672445]
2022-10-12 23:37:07,365 - DEBUG - Assigning indexes to genes
2022-10-12 23:37:07,365 - DEBUG - Seen 35342 genes until now
2022-10-12 23:37:07,365 - DEBUG - Parsing Chromosome X strand - [line 2672446]
2022-10-12 23:37:07,553 - DEBUG - Done with X- [line 2716088]
2022-10-12 23:37:07,553 - DEBUG - Assigning indexes to genes
2022-10-12 23:37:07,558 - DEBUG - Seen 35884 genes until now
2022-10-12 23:37:07,558 - DEBUG - Parsing Chromosome X strand + [line 2716089]
2022-10-12 23:37:07,748 - DEBUG - Done with X+ [line 2760500]
2022-10-12 23:37:07,748 - DEBUG - Assigning indexes to genes
2022-10-12 23:37:07,753 - DEBUG - Seen 36490 genes until now
2022-10-12 23:37:07,753 - DEBUG - Parsing Chromosome Y strand - [line 2760501]
2022-10-12 23:37:07,766 - DEBUG - Done with Y- [line 2763031]
2022-10-12 23:37:07,766 - DEBUG - Assigning indexes to genes
2022-10-12 23:37:07,767 - DEBUG - Seen 36543 genes until now
2022-10-12 23:37:07,767 - DEBUG - Parsing Chromosome Y strand + [line 2763032]
2022-10-12 23:37:07,780 - DEBUG - Assigning indexes to genes
2022-10-12 23:37:07,780 - DEBUG - Done with Y+ [line 2765967]
2022-10-12 23:37:07,780 - DEBUG - Fixing corner cases of transcript models containg intron longer than 1000Kbp
2022-10-12 23:37:09,916 - DEBUG - Generated 2411536 features corresponding to 199138 transcript models from /storage/singlecell/zz4/Reference/refdata-cellranger-arc-GRCh38-2020-A/genes/genes.gtf
2022-10-12 23:37:09,946 - INFO - Scan /storage/singlecell/zz4/fetal_bash/data/Retina_fetal/Multiome_14w2d_NR/outs/gex_possorted_bam.bam to validate intron intervals
2022-10-12 23:37:13,479 - DEBUG - Reading /storage/singlecell/zz4/fetal_bash/data/Retina_fetal/Multiome_14w2d_NR/outs/gex_possorted_bam.bam
2022-10-12 23:37:13,504 - DEBUG - Read first 0 million reads
2022-10-12 23:37:13,504 - DEBUG - Marking up chromosome 1
2022-10-12 23:39:20,677 - DEBUG - Read first 10 million reads
2022-10-12 23:41:32,492 - DEBUG - Read first 20 million reads
2022-10-12 23:43:43,757 - DEBUG - Read first 30 million reads
2022-10-12 23:43:46,494 - DEBUG - Marking up chromosome 10
2022-10-12 23:46:22,639 - DEBUG - Read first 40 million reads
2022-10-12 23:47:33,676 - DEBUG - Marking up chromosome 11
2022-10-12 23:48:44,806 - DEBUG - Read first 50 million reads
2022-10-12 23:51:14,337 - DEBUG - Read first 60 million reads
2022-10-12 23:54:00,318 - DEBUG - Read first 70 million reads
2022-10-12 23:54:36,112 - DEBUG - Marking up chromosome 12
2022-10-12 23:56:14,928 - DEBUG - Read first 80 million reads
2022-10-12 23:58:44,402 - DEBUG - Read first 90 million reads
2022-10-12 23:58:59,311 - DEBUG - Marking up chromosome 13
2022-10-13 00:00:44,754 - DEBUG - Read first 100 million reads
2022-10-13 00:01:17,234 - DEBUG - Marking up chromosome 14
2022-10-13 00:02:51,836 - DEBUG - Read first 110 million reads
2022-10-13 00:04:05,486 - DEBUG - Marking up chromosome 15
2022-10-13 00:05:32,746 - DEBUG - Read first 120 million reads
2022-10-13 00:07:17,418 - DEBUG - Marking up chromosome 16
2022-10-13 00:07:47,134 - DEBUG - Read first 130 million reads
2022-10-13 00:09:22,963 - DEBUG - Marking up chromosome 17
2022-10-13 00:09:56,965 - DEBUG - Read first 140 million reads
2022-10-13 00:12:16,993 - DEBUG - Read first 150 million reads
2022-10-13 00:12:27,864 - DEBUG - Marking up chromosome 18
2022-10-13 00:14:38,673 - DEBUG - Marking up chromosome 19
2022-10-13 00:14:56,129 - DEBUG - Read first 160 million reads
2022-10-13 00:16:53,694 - DEBUG - Marking up chromosome 2
2022-10-13 00:17:02,260 - DEBUG - Read first 170 million reads
2022-10-13 00:19:40,939 - DEBUG - Read first 180 million reads
2022-10-13 00:21:45,503 - DEBUG - Read first 190 million reads
2022-10-13 00:23:55,650 - DEBUG - Marking up chromosome 20
2022-10-13 00:24:09,405 - DEBUG - Read first 200 million reads
2022-10-13 00:25:15,671 - DEBUG - Marking up chromosome 21
2022-10-13 00:25:55,072 - DEBUG - Read first 210 million reads
2022-10-13 00:26:15,448 - DEBUG - Marking up chromosome 22
2022-10-13 00:27:18,922 - DEBUG - Marking up chromosome 3
2022-10-13 00:28:04,627 - DEBUG - Read first 220 million reads
2022-10-13 00:30:14,856 - DEBUG - Read first 230 million reads
2022-10-13 00:32:28,882 - DEBUG - Read first 240 million reads
2022-10-13 00:33:37,723 - DEBUG - Marking up chromosome 4
2022-10-13 00:34:54,429 - DEBUG - Read first 250 million reads
2022-10-13 00:38:22,532 - DEBUG - Read first 260 million reads
2022-10-13 00:39:20,500 - DEBUG - Marking up chromosome 5
2022-10-13 00:40:41,541 - DEBUG - Read first 270 million reads
2022-10-13 00:43:08,587 - DEBUG - Read first 280 million reads
2022-10-13 00:44:07,185 - DEBUG - Marking up chromosome 6
2022-10-13 00:45:29,617 - DEBUG - Read first 290 million reads
2022-10-13 00:47:31,565 - DEBUG - Read first 300 million reads
2022-10-13 00:48:28,486 - DEBUG - Marking up chromosome 7
2022-10-13 00:49:39,762 - DEBUG - Read first 310 million reads
2022-10-13 00:51:52,548 - DEBUG - Read first 320 million reads
2022-10-13 00:52:44,394 - DEBUG - Marking up chromosome 8
2022-10-13 00:54:03,302 - DEBUG - Read first 330 million reads
2022-10-13 00:56:22,754 - DEBUG - Marking up chromosome 9
2022-10-13 00:56:30,591 - DEBUG - Read first 340 million reads
2022-10-13 00:58:18,536 - DEBUG - Read first 350 million reads
2022-10-13 00:59:17,319 - DEBUG - Marking up chromosome MT
2022-10-13 00:59:17,319 - WARNING - The .bam file refers to a chromosome 'MT+' not present in the annotation (.gtf) file
2022-10-13 00:59:17,319 - WARNING - The .bam file refers to a chromosome 'MT-' not present in the annotation (.gtf) file
2022-10-13 00:59:42,227 - DEBUG - Marking up chromosome X
2022-10-13 00:59:52,157 - DEBUG - Read first 360 million reads
2022-10-13 01:02:40,750 - DEBUG - Marking up chromosome Y
2022-10-13 01:02:41,079 - DEBUG - Marking up chromosome KI270728.1
2022-10-13 01:02:41,085 - DEBUG - Marking up chromosome KI270727.1
2022-10-13 01:02:41,097 - DEBUG - Marking up chromosome KI270442.1
2022-10-13 01:02:41,098 - WARNING - The .bam file refers to a chromosome 'KI270442.1+' not present in the annotation (.gtf) file
2022-10-13 01:02:41,098 - WARNING - The .bam file refers to a chromosome 'KI270442.1-' not present in the annotation (.gtf) file
2022-10-13 01:02:41,112 - DEBUG - Marking up chromosome KI270729.1
2022-10-13 01:02:41,112 - WARNING - The .bam file refers to a chromosome 'KI270729.1+' not present in the annotation (.gtf) file
2022-10-13 01:02:41,112 - WARNING - The .bam file refers to a chromosome 'KI270729.1-' not present in the annotation (.gtf) file
2022-10-13 01:02:41,113 - DEBUG - Marking up chromosome GL000225.1
2022-10-13 01:02:41,113 - WARNING - The .bam file refers to a chromosome 'GL000225.1+' not present in the annotation (.gtf) file
2022-10-13 01:02:41,113 - WARNING - The .bam file refers to a chromosome 'GL000225.1-' not present in the annotation (.gtf) file
2022-10-13 01:02:41,113 - DEBUG - Marking up chromosome KI270743.1
2022-10-13 01:02:41,113 - WARNING - The .bam file refers to a chromosome 'KI270743.1+' not present in the annotation (.gtf) file
2022-10-13 01:02:41,113 - WARNING - The .bam file refers to a chromosome 'KI270743.1-' not present in the annotation (.gtf) file
2022-10-13 01:02:41,115 - DEBUG - Marking up chromosome GL000008.2
2022-10-13 01:02:41,115 - WARNING - The .bam file refers to a chromosome 'GL000008.2+' not present in the annotation (.gtf) file
2022-10-13 01:02:41,116 - WARNING - The .bam file refers to a chromosome 'GL000008.2-' not present in the annotation (.gtf) file
2022-10-13 01:02:41,124 - DEBUG - Marking up chromosome GL000009.2
2022-10-13 01:02:41,124 - WARNING - The .bam file refers to a chromosome 'GL000009.2+' not present in the annotation (.gtf) file
2022-10-13 01:02:41,126 - DEBUG - Marking up chromosome KI270722.1
2022-10-13 01:02:41,126 - WARNING - The .bam file refers to a chromosome 'KI270722.1+' not present in the annotation (.gtf) file
2022-10-13 01:02:41,126 - WARNING - The .bam file refers to a chromosome 'KI270722.1-' not present in the annotation (.gtf) file
2022-10-13 01:02:41,127 - DEBUG - Marking up chromosome GL000194.1
2022-10-13 01:02:41,127 - WARNING - The .bam file refers to a chromosome 'GL000194.1+' not present in the annotation (.gtf) file
2022-10-13 01:02:41,127 - DEBUG - Marking up chromosome KI270742.1
2022-10-13 01:02:41,127 - WARNING - The .bam file refers to a chromosome 'KI270742.1+' not present in the annotation (.gtf) file
2022-10-13 01:02:41,128 - WARNING - The .bam file refers to a chromosome 'KI270742.1-' not present in the annotation (.gtf) file
2022-10-13 01:02:41,169 - DEBUG - Marking up chromosome GL000205.2
2022-10-13 01:02:41,169 - WARNING - The .bam file refers to a chromosome 'GL000205.2+' not present in the annotation (.gtf) file
2022-10-13 01:02:41,366 - DEBUG - Marking up chromosome GL000195.1
2022-10-13 01:02:42,002 - DEBUG - Marking up chromosome KI270736.1
2022-10-13 01:02:42,002 - WARNING - The .bam file refers to a chromosome 'KI270736.1+' not present in the annotation (.gtf) file
2022-10-13 01:02:42,002 - WARNING - The .bam file refers to a chromosome 'KI270736.1-' not present in the annotation (.gtf) file
2022-10-13 01:02:42,003 - DEBUG - Marking up chromosome KI270733.1
2022-10-13 01:02:42,003 - WARNING - The .bam file refers to a chromosome 'KI270733.1+' not present in the annotation (.gtf) file
2022-10-13 01:02:42,003 - WARNING - The .bam file refers to a chromosome 'KI270733.1-' not present in the annotation (.gtf) file
2022-10-13 01:02:42,079 - DEBUG - Read first 370 million reads
2022-10-13 01:02:42,327 - DEBUG - Marking up chromosome GL000224.1
2022-10-13 01:02:42,327 - WARNING - The .bam file refers to a chromosome 'GL000224.1+' not present in the annotation (.gtf) file
2022-10-13 01:02:42,327 - WARNING - The .bam file refers to a chromosome 'GL000224.1-' not present in the annotation (.gtf) file
2022-10-13 01:02:42,345 - DEBUG - Marking up chromosome GL000219.1
2022-10-13 01:02:42,345 - WARNING - The .bam file refers to a chromosome 'GL000219.1+' not present in the annotation (.gtf) file
2022-10-13 01:02:42,904 - DEBUG - Marking up chromosome KI270719.1
2022-10-13 01:02:42,905 - WARNING - The .bam file refers to a chromosome 'KI270719.1+' not present in the annotation (.gtf) file
2022-10-13 01:02:42,905 - WARNING - The .bam file refers to a chromosome 'KI270719.1-' not present in the annotation (.gtf) file
2022-10-13 01:02:42,921 - DEBUG - Marking up chromosome GL000216.2
2022-10-13 01:02:42,921 - WARNING - The .bam file refers to a chromosome 'GL000216.2+' not present in the annotation (.gtf) file
2022-10-13 01:02:42,921 - WARNING - The .bam file refers to a chromosome 'GL000216.2-' not present in the annotation (.gtf) file
2022-10-13 01:02:42,921 - DEBUG - Marking up chromosome KI270712.1
2022-10-13 01:02:42,921 - WARNING - The .bam file refers to a chromosome 'KI270712.1+' not present in the annotation (.gtf) file
2022-10-13 01:02:42,921 - WARNING - The .bam file refers to a chromosome 'KI270712.1-' not present in the annotation (.gtf) file
2022-10-13 01:02:42,930 - DEBUG - Marking up chromosome KI270706.1
2022-10-13 01:02:42,930 - WARNING - The .bam file refers to a chromosome 'KI270706.1+' not present in the annotation (.gtf) file
2022-10-13 01:02:42,930 - WARNING - The .bam file refers to a chromosome 'KI270706.1-' not present in the annotation (.gtf) file
2022-10-13 01:02:42,934 - DEBUG - Marking up chromosome KI270725.1
2022-10-13 01:02:42,934 - WARNING - The .bam file refers to a chromosome 'KI270725.1+' not present in the annotation (.gtf) file
2022-10-13 01:02:42,934 - WARNING - The .bam file refers to a chromosome 'KI270725.1-' not present in the annotation (.gtf) file
2022-10-13 01:02:42,935 - DEBUG - Marking up chromosome KI270744.1
2022-10-13 01:02:42,935 - WARNING - The .bam file refers to a chromosome 'KI270744.1+' not present in the annotation (.gtf) file
2022-10-13 01:02:42,935 - WARNING - The .bam file refers to a chromosome 'KI270744.1-' not present in the annotation (.gtf) file
2022-10-13 01:02:42,939 - DEBUG - Marking up chromosome KI270734.1
2022-10-13 01:02:42,943 - DEBUG - Marking up chromosome GL000213.1
2022-10-13 01:02:42,943 - WARNING - The .bam file refers to a chromosome 'GL000213.1+' not present in the annotation (.gtf) file
2022-10-13 01:02:42,943 - DEBUG - Marking up chromosome GL000220.1
2022-10-13 01:02:42,943 - WARNING - The .bam file refers to a chromosome 'GL000220.1+' not present in the annotation (.gtf) file
2022-10-13 01:02:42,943 - WARNING - The .bam file refers to a chromosome 'GL000220.1-' not present in the annotation (.gtf) file
2022-10-13 01:02:46,206 - DEBUG - Marking up chromosome KI270715.1
2022-10-13 01:02:46,206 - WARNING - The .bam file refers to a chromosome 'KI270715.1+' not present in the annotation (.gtf) file
2022-10-13 01:02:46,206 - WARNING - The .bam file refers to a chromosome 'KI270715.1-' not present in the annotation (.gtf) file
2022-10-13 01:02:46,206 - DEBUG - Marking up chromosome GL000218.1
2022-10-13 01:02:46,206 - WARNING - The .bam file refers to a chromosome 'GL000218.1+' not present in the annotation (.gtf) file
2022-10-13 01:02:46,206 - DEBUG - Marking up chromosome KI270749.1
2022-10-13 01:02:46,206 - WARNING - The .bam file refers to a chromosome 'KI270749.1+' not present in the annotation (.gtf) file
2022-10-13 01:02:46,206 - WARNING - The .bam file refers to a chromosome 'KI270749.1-' not present in the annotation (.gtf) file
2022-10-13 01:02:46,211 - DEBUG - Marking up chromosome KI270741.1
2022-10-13 01:02:46,211 - WARNING - The .bam file refers to a chromosome 'KI270741.1+' not present in the annotation (.gtf) file
2022-10-13 01:02:46,211 - WARNING - The .bam file refers to a chromosome 'KI270741.1-' not present in the annotation (.gtf) file
2022-10-13 01:02:46,216 - DEBUG - Marking up chromosome GL000221.1
2022-10-13 01:02:46,216 - WARNING - The .bam file refers to a chromosome 'GL000221.1+' not present in the annotation (.gtf) file
2022-10-13 01:02:46,216 - WARNING - The .bam file refers to a chromosome 'GL000221.1-' not present in the annotation (.gtf) file
2022-10-13 01:02:46,246 - DEBUG - Marking up chromosome KI270731.1
2022-10-13 01:02:46,246 - WARNING - The .bam file refers to a chromosome 'KI270731.1+' not present in the annotation (.gtf) file
2022-10-13 01:02:46,247 - DEBUG - Marking up chromosome KI270750.1
2022-10-13 01:02:46,247 - WARNING - The .bam file refers to a chromosome 'KI270750.1+' not present in the annotation (.gtf) file
2022-10-13 01:02:46,247 - WARNING - The .bam file refers to a chromosome 'KI270750.1-' not present in the annotation (.gtf) file
2022-10-13 01:02:46,247 - DEBUG - Marking up chromosome KI270519.1
2022-10-13 01:02:46,247 - WARNING - The .bam file refers to a chromosome 'KI270519.1+' not present in the annotation (.gtf) file
2022-10-13 01:02:46,247 - WARNING - The .bam file refers to a chromosome 'KI270519.1-' not present in the annotation (.gtf) file
2022-10-13 01:02:46,247 - DEBUG - Marking up chromosome GL000214.1
2022-10-13 01:02:46,247 - WARNING - The .bam file refers to a chromosome 'GL000214.1+' not present in the annotation (.gtf) file
2022-10-13 01:02:46,248 - WARNING - The .bam file refers to a chromosome 'GL000214.1-' not present in the annotation (.gtf) file
2022-10-13 01:02:46,248 - DEBUG - Marking up chromosome KI270708.1
2022-10-13 01:02:46,249 - WARNING - The .bam file refers to a chromosome 'KI270708.1+' not present in the annotation (.gtf) file
2022-10-13 01:02:46,249 - WARNING - The .bam file refers to a chromosome 'KI270708.1-' not present in the annotation (.gtf) file
2022-10-13 01:02:46,249 - DEBUG - Marking up chromosome KI270438.1
2022-10-13 01:02:46,249 - WARNING - The .bam file refers to a chromosome 'KI270438.1+' not present in the annotation (.gtf) file
2022-10-13 01:02:46,249 - WARNING - The .bam file refers to a chromosome 'KI270438.1-' not present in the annotation (.gtf) file
2022-10-13 01:02:46,249 - DEBUG - Marking up chromosome KI270737.1
2022-10-13 01:02:46,249 - WARNING - The .bam file refers to a chromosome 'KI270737.1+' not present in the annotation (.gtf) file
2022-10-13 01:02:46,249 - WARNING - The .bam file refers to a chromosome 'KI270737.1-' not present in the annotation (.gtf) file
2022-10-13 01:02:46,250 - DEBUG - Marking up chromosome KI270721.1
2022-10-13 01:02:46,250 - WARNING - The .bam file refers to a chromosome 'KI270721.1-' not present in the annotation (.gtf) file
2022-10-13 01:02:46,252 - DEBUG - Marking up chromosome KI270738.1
2022-10-13 01:02:46,253 - WARNING - The .bam file refers to a chromosome 'KI270738.1+' not present in the annotation (.gtf) file
2022-10-13 01:02:46,253 - WARNING - The .bam file refers to a chromosome 'KI270738.1-' not present in the annotation (.gtf) file
2022-10-13 01:02:46,255 - DEBUG - Marking up chromosome KI270748.1
2022-10-13 01:02:46,255 - WARNING - The .bam file refers to a chromosome 'KI270748.1+' not present in the annotation (.gtf) file
2022-10-13 01:02:46,255 - WARNING - The .bam file refers to a chromosome 'KI270748.1-' not present in the annotation (.gtf) file
2022-10-13 01:02:46,255 - DEBUG - Marking up chromosome KI270435.1
2022-10-13 01:02:46,255 - WARNING - The .bam file refers to a chromosome 'KI270435.1+' not present in the annotation (.gtf) file
2022-10-13 01:02:46,255 - WARNING - The .bam file refers to a chromosome 'KI270435.1-' not present in the annotation (.gtf) file
2022-10-13 01:02:46,256 - DEBUG - Marking up chromosome GL000208.1
2022-10-13 01:02:46,256 - WARNING - The .bam file refers to a chromosome 'GL000208.1+' not present in the annotation (.gtf) file
2022-10-13 01:02:46,256 - WARNING - The .bam file refers to a chromosome 'GL000208.1-' not present in the annotation (.gtf) file
2022-10-13 01:02:46,256 - DEBUG - Marking up chromosome KI270538.1
2022-10-13 01:02:46,256 - WARNING - The .bam file refers to a chromosome 'KI270538.1+' not present in the annotation (.gtf) file
2022-10-13 01:02:46,256 - WARNING - The .bam file refers to a chromosome 'KI270538.1-' not present in the annotation (.gtf) file
2022-10-13 01:02:46,256 - DEBUG - Marking up chromosome KI270757.1
2022-10-13 01:02:46,256 - WARNING - The .bam file refers to a chromosome 'KI270757.1+' not present in the annotation (.gtf) file
2022-10-13 01:02:46,256 - WARNING - The .bam file refers to a chromosome 'KI270757.1-' not present in the annotation (.gtf) file
2022-10-13 01:02:46,256 - DEBUG - Marking up chromosome KI270709.1
2022-10-13 01:02:46,256 - WARNING - The .bam file refers to a chromosome 'KI270709.1+' not present in the annotation (.gtf) file
2022-10-13 01:02:46,256 - WARNING - The .bam file refers to a chromosome 'KI270709.1-' not present in the annotation (.gtf) file
2022-10-13 01:02:46,258 - DEBUG - Marking up chromosome KI270746.1
2022-10-13 01:02:46,258 - WARNING - The .bam file refers to a chromosome 'KI270746.1+' not present in the annotation (.gtf) file
2022-10-13 01:02:46,258 - WARNING - The .bam file refers to a chromosome 'KI270746.1-' not present in the annotation (.gtf) file
2022-10-13 01:02:46,258 - DEBUG - Marking up chromosome KI270753.1
2022-10-13 01:02:46,258 - WARNING - The .bam file refers to a chromosome 'KI270753.1+' not present in the annotation (.gtf) file
2022-10-13 01:02:46,258 - WARNING - The .bam file refers to a chromosome 'KI270753.1-' not present in the annotation (.gtf) file
2022-10-13 01:02:46,258 - DEBUG - Marking up chromosome KI270589.1
2022-10-13 01:02:46,258 - WARNING - The .bam file refers to a chromosome 'KI270589.1+' not present in the annotation (.gtf) file
2022-10-13 01:02:46,258 - WARNING - The .bam file refers to a chromosome 'KI270589.1-' not present in the annotation (.gtf) file
2022-10-13 01:02:46,259 - DEBUG - Marking up chromosome KI270726.1
2022-10-13 01:02:46,259 - WARNING - The .bam file refers to a chromosome 'KI270726.1-' not present in the annotation (.gtf) file
2022-10-13 01:02:46,259 - DEBUG - Marking up chromosome KI270735.1
2022-10-13 01:02:46,259 - WARNING - The .bam file refers to a chromosome 'KI270735.1+' not present in the annotation (.gtf) file
2022-10-13 01:02:46,259 - WARNING - The .bam file refers to a chromosome 'KI270735.1-' not present in the annotation (.gtf) file
2022-10-13 01:02:46,259 - DEBUG - Marking up chromosome KI270711.1
2022-10-13 01:02:46,259 - WARNING - The .bam file refers to a chromosome 'KI270711.1+' not present in the annotation (.gtf) file
2022-10-13 01:02:46,299 - DEBUG - Marking up chromosome KI270745.1
2022-10-13 01:02:46,299 - WARNING - The .bam file refers to a chromosome 'KI270745.1+' not present in the annotation (.gtf) file
2022-10-13 01:02:46,299 - WARNING - The .bam file refers to a chromosome 'KI270745.1-' not present in the annotation (.gtf) file
2022-10-13 01:02:46,303 - DEBUG - Marking up chromosome KI270714.1
2022-10-13 01:02:46,303 - WARNING - The .bam file refers to a chromosome 'KI270714.1+' not present in the annotation (.gtf) file
2022-10-13 01:02:46,303 - WARNING - The .bam file refers to a chromosome 'KI270714.1-' not present in the annotation (.gtf) file
2022-10-13 01:02:46,305 - DEBUG - Marking up chromosome KI270732.1
2022-10-13 01:02:46,305 - WARNING - The .bam file refers to a chromosome 'KI270732.1+' not present in the annotation (.gtf) file
2022-10-13 01:02:46,305 - WARNING - The .bam file refers to a chromosome 'KI270732.1-' not present in the annotation (.gtf) file
2022-10-13 01:02:46,306 - DEBUG - Marking up chromosome KI270713.1
2022-10-13 01:02:46,311 - DEBUG - Marking up chromosome KI270717.1
2022-10-13 01:02:46,311 - WARNING - The .bam file refers to a chromosome 'KI270717.1+' not present in the annotation (.gtf) file
2022-10-13 01:02:46,311 - WARNING - The .bam file refers to a chromosome 'KI270717.1-' not present in the annotation (.gtf) file
2022-10-13 01:02:46,328 - DEBUG - Marking up chromosome KI270720.1
2022-10-13 01:02:46,328 - WARNING - The .bam file refers to a chromosome 'KI270720.1+' not present in the annotation (.gtf) file
2022-10-13 01:02:46,329 - WARNING - The .bam file refers to a chromosome 'KI270720.1-' not present in the annotation (.gtf) file
2022-10-13 01:02:46,330 - DEBUG - Marking up chromosome KI270723.1
2022-10-13 01:02:46,330 - WARNING - The .bam file refers to a chromosome 'KI270723.1+' not present in the annotation (.gtf) file
2022-10-13 01:02:46,330 - WARNING - The .bam file refers to a chromosome 'KI270723.1-' not present in the annotation (.gtf) file
2022-10-13 01:02:46,331 - DEBUG - Marking up chromosome KI270718.1
2022-10-13 01:02:46,331 - WARNING - The .bam file refers to a chromosome 'KI270718.1+' not present in the annotation (.gtf) file
2022-10-13 01:02:46,331 - WARNING - The .bam file refers to a chromosome 'KI270718.1-' not present in the annotation (.gtf) file
2022-10-13 01:02:46,350 - DEBUG - Marking up chromosome KI270755.1
2022-10-13 01:02:46,350 - WARNING - The .bam file refers to a chromosome 'KI270755.1+' not present in the annotation (.gtf) file
2022-10-13 01:02:46,350 - WARNING - The .bam file refers to a chromosome 'KI270755.1-' not present in the annotation (.gtf) file
2022-10-13 01:02:46,353 - DEBUG - Marking up chromosome KI270707.1
2022-10-13 01:02:46,353 - WARNING - The .bam file refers to a chromosome 'KI270707.1+' not present in the annotation (.gtf) file
2022-10-13 01:02:46,353 - WARNING - The .bam file refers to a chromosome 'KI270707.1-' not present in the annotation (.gtf) file
2022-10-13 01:02:46,353 - DEBUG - Marking up chromosome KI270512.1
2022-10-13 01:02:46,353 - WARNING - The .bam file refers to a chromosome 'KI270512.1+' not present in the annotation (.gtf) file
2022-10-13 01:02:46,353 - WARNING - The .bam file refers to a chromosome 'KI270512.1-' not present in the annotation (.gtf) file
2022-10-13 01:02:46,353 - DEBUG - Marking up chromosome KI270448.1
2022-10-13 01:02:46,353 - WARNING - The .bam file refers to a chromosome 'KI270448.1+' not present in the annotation (.gtf) file
2022-10-13 01:02:46,353 - WARNING - The .bam file refers to a chromosome 'KI270448.1-' not present in the annotation (.gtf) file
2022-10-13 01:02:46,353 - DEBUG - Marking up chromosome KI270584.1
2022-10-13 01:02:46,353 - WARNING - The .bam file refers to a chromosome 'KI270584.1+' not present in the annotation (.gtf) file
2022-10-13 01:02:46,353 - WARNING - The .bam file refers to a chromosome 'KI270584.1-' not present in the annotation (.gtf) file
2022-10-13 01:02:46,353 - DEBUG - Marking up chromosome KI270304.1
2022-10-13 01:02:46,353 - WARNING - The .bam file refers to a chromosome 'KI270304.1+' not present in the annotation (.gtf) file
2022-10-13 01:02:46,353 - WARNING - The .bam file refers to a chromosome 'KI270304.1-' not present in the annotation (.gtf) file
2022-10-13 01:02:46,353 - DEBUG - Marking up chromosome KI270508.1
2022-10-13 01:02:46,353 - WARNING - The .bam file refers to a chromosome 'KI270508.1+' not present in the annotation (.gtf) file
2022-10-13 01:02:46,354 - WARNING - The .bam file refers to a chromosome 'KI270508.1-' not present in the annotation (.gtf) file
2022-10-13 01:02:46,354 - DEBUG - Marking up chromosome KI270303.1
2022-10-13 01:02:46,354 - WARNING - The .bam file refers to a chromosome 'KI270303.1+' not present in the annotation (.gtf) file
2022-10-13 01:02:46,354 - WARNING - The .bam file refers to a chromosome 'KI270303.1-' not present in the annotation (.gtf) file
2022-10-13 01:02:46,354 - DEBUG - Marking up chromosome KI270330.1
2022-10-13 01:02:46,354 - WARNING - The .bam file refers to a chromosome 'KI270330.1+' not present in the annotation (.gtf) file
2022-10-13 01:02:46,354 - WARNING - The .bam file refers to a chromosome 'KI270330.1-' not present in the annotation (.gtf) file
2022-10-13 01:02:46,354 - DEBUG - Marking up chromosome KI270310.1
2022-10-13 01:02:46,354 - WARNING - The .bam file refers to a chromosome 'KI270310.1+' not present in the annotation (.gtf) file
2022-10-13 01:02:46,355 - WARNING - The .bam file refers to a chromosome 'KI270310.1-' not present in the annotation (.gtf) file
2022-10-13 01:02:46,355 - DEBUG - Marking up chromosome KI270337.1
2022-10-13 01:02:46,355 - WARNING - The .bam file refers to a chromosome 'KI270337.1+' not present in the annotation (.gtf) file
2022-10-13 01:02:46,355 - WARNING - The .bam file refers to a chromosome 'KI270337.1-' not present in the annotation (.gtf) file
2022-10-13 01:02:57,239 - DEBUG - Read first 380 million reads
2022-10-13 01:03:06,926 - DEBUG - End of file. Reset index: start scanning from initial position.
2022-10-13 01:03:06,926 - DEBUG - 17497301 reads were skipped because no apropiate cell or umi barcode was found
2022-10-13 01:03:06,927 - DEBUG - Start molecule counting!
2022-10-13 01:03:10,528 - DEBUG - Features available for chromosomes : ['GL000009.2-', 'GL000194.1-', 'GL000195.1-', 'GL000195.1+', 'GL000205.2-', 'GL000213.1-', 'GL000218.1-', 'GL000219.1-', 'KI270711.1-', 'KI270713.1-', 'KI270713.1+', 'KI270721.1+', 'KI270726.1+', 'KI270727.1-', 'KI270727.1+', 'KI270728.1-', 'KI270728.1+', 'KI270731.1-', 'KI270734.1-', 'KI270734.1+', '1-', '1+', '10-', '10+', '11-', '11+', '12-', '12+', '13-', '13+', '14-', '14+', '15-', '15+', '16-', '16+', '17-', '17+', '18-', '18+', '19-', '19+', '2-', '2+', '20-', '20+', '21-', '21+', '22-', '22+', '3-', '3+', '4-', '4+', '5-', '5+', '6-', '6+', '7-', '7+', '8-', '8+', '9-', '9+', 'M-', 'M+', 'X-', 'X+', 'Y-', 'Y+']
2022-10-13 01:03:10,528 - DEBUG - Mask available for chromosomes : []
2022-10-13 01:03:10,528 - DEBUG - Summarizing the results of intron validation.
2022-10-13 01:03:11,263 - DEBUG - Validated 728185 introns (of which unique intervals 225874) out of 1106199 total possible introns (considering each possible transcript models).
2022-10-13 01:03:11,263 - DEBUG - Reading /storage/singlecell/zz4/fetal_bash/data/Retina_fetal/Multiome_14w2d_NR/outs/cellsorted_gex_possorted_bam.bam
2022-10-13 01:03:11,298 - DEBUG - Read first 0 million reads
2022-10-13 01:03:45,144 - DEBUG - Read first 10 million reads
2022-10-13 01:04:19,314 - DEBUG - Read first 20 million reads
2022-10-13 01:04:59,006 - DEBUG - Counting for batch 1, containing 100 cells and 3677386 reads
2022-10-13 01:06:59,403 - DEBUG - 0 reads not considered because fully enclosed in repeat masked regions
2022-10-13 01:07:59,317 - DEBUG - Counting for batch 2, containing 100 cells and 3874245 reads
2022-10-13 01:10:03,237 - DEBUG - 0 reads not considered because fully enclosed in repeat masked regions
2022-10-13 01:10:41,506 - DEBUG - Read first 30 million reads
2022-10-13 01:11:17,456 - DEBUG - Counting for batch 3, containing 100 cells and 4666481 reads
2022-10-13 01:13:42,020 - DEBUG - 0 reads not considered because fully enclosed in repeat masked regions
2022-10-13 01:14:50,070 - DEBUG - Counting for batch 4, containing 100 cells and 3541244 reads
2022-10-13 01:16:45,090 - DEBUG - 0 reads not considered because fully enclosed in repeat masked regions
2022-10-13 01:17:26,260 - DEBUG - Read first 40 million reads
2022-10-13 01:18:12,688 - DEBUG - Counting for batch 5, containing 100 cells and 6237219 reads
2022-10-13 01:21:27,052 - DEBUG - 0 reads not considered because fully enclosed in repeat masked regions
2022-10-13 01:22:53,801 - DEBUG - Read first 50 million reads
2022-10-13 01:23:10,798 - DEBUG - Counting for batch 6, containing 100 cells and 5943151 reads
2022-10-13 01:26:21,019 - DEBUG - 0 reads not considered because fully enclosed in repeat masked regions
2022-10-13 01:27:35,583 - DEBUG - Counting for batch 7, containing 100 cells and 3943525 reads
2022-10-13 01:29:43,141 - DEBUG - 0 reads not considered because fully enclosed in repeat masked regions
2022-10-13 01:30:38,554 - DEBUG - Read first 60 million reads
2022-10-13 01:30:55,591 - DEBUG - Counting for batch 8, containing 100 cells and 4700799 reads
2022-10-13 01:33:18,573 - DEBUG - 0 reads not considered because fully enclosed in repeat masked regions
2022-10-13 01:34:33,041 - DEBUG - Counting for batch 9, containing 100 cells and 3815364 reads
2022-10-13 01:36:29,065 - DEBUG - 0 reads not considered because fully enclosed in repeat masked regions
2022-10-13 01:37:26,219 - DEBUG - Read first 70 million reads
2022-10-13 01:37:34,197 - DEBUG - Counting for batch 10, containing 100 cells and 3870065 reads
2022-10-13 01:39:34,426 - DEBUG - 0 reads not considered because fully enclosed in repeat masked regions
2022-10-13 01:40:51,813 - DEBUG - Counting for batch 11, containing 100 cells and 4862002 reads
2022-10-13 01:43:25,714 - DEBUG - 0 reads not considered because fully enclosed in repeat masked regions
2022-10-13 01:44:27,959 - DEBUG - Read first 80 million reads
2022-10-13 01:44:40,413 - DEBUG - Counting for batch 12, containing 100 cells and 4328137 reads
2022-10-13 01:46:52,401 - DEBUG - 0 reads not considered because fully enclosed in repeat masked regions
2022-10-13 01:48:00,155 - DEBUG - Counting for batch 13, containing 100 cells and 3607156 reads
2022-10-13 01:49:50,165 - DEBUG - 0 reads not considered because fully enclosed in repeat masked regions
2022-10-13 01:50:55,803 - DEBUG - Read first 90 million reads
2022-10-13 01:50:59,302 - DEBUG - Counting for batch 14, containing 100 cells and 4451550 reads
2022-10-13 01:53:17,765 - DEBUG - 0 reads not considered because fully enclosed in repeat masked regions
2022-10-13 01:54:28,282 - DEBUG - Counting for batch 15, containing 100 cells and 4163645 reads
2022-10-13 01:56:31,764 - DEBUG - 0 reads not considered because fully enclosed in repeat masked regions
2022-10-13 01:57:32,562 - DEBUG - Counting for batch 16, containing 100 cells and 3256532 reads
2022-10-13 01:59:11,584 - DEBUG - 0 reads not considered because fully enclosed in repeat masked regions
2022-10-13 01:59:38,347 - DEBUG - Read first 100 million reads
2022-10-13 02:00:16,382 - DEBUG - Counting for batch 17, containing 100 cells and 4020752 reads
2022-10-13 02:02:15,707 - DEBUG - 0 reads not considered because fully enclosed in repeat masked regions
2022-10-13 02:03:27,532 - DEBUG - Counting for batch 18, containing 100 cells and 3843540 reads
2022-10-13 02:05:24,338 - DEBUG - 0 reads not considered because fully enclosed in repeat masked regions
2022-10-13 02:06:01,148 - DEBUG - Read first 110 million reads
2022-10-13 02:06:39,144 - DEBUG - Counting for batch 19, containing 100 cells and 4359420 reads
2022-10-13 02:08:51,755 - DEBUG - 0 reads not considered because fully enclosed in repeat masked regions
2022-10-13 02:09:55,159 - DEBUG - Counting for batch 20, containing 100 cells and 3574131 reads
2022-10-13 02:11:50,913 - DEBUG - 0 reads not considered because fully enclosed in repeat masked regions
2022-10-13 02:12:31,369 - DEBUG - Read first 120 million reads
2022-10-13 02:12:52,793 - DEBUG - Counting for batch 21, containing 100 cells and 3781744 reads
2022-10-13 02:14:52,586 - DEBUG - 0 reads not considered because fully enclosed in repeat masked regions
2022-10-13 02:16:06,875 - DEBUG - Counting for batch 22, containing 100 cells and 4239198 reads
2022-10-13 02:18:14,875 - DEBUG - 0 reads not considered because fully enclosed in repeat masked regions
2022-10-13 02:19:12,634 - DEBUG - Read first 130 million reads
2022-10-13 02:19:28,973 - DEBUG - Counting for batch 23, containing 100 cells and 3797108 reads
2022-10-13 02:21:27,072 - DEBUG - 0 reads not considered because fully enclosed in repeat masked regions
2022-10-13 02:22:52,438 - DEBUG - Counting for batch 24, containing 100 cells and 4610935 reads
2022-10-13 02:25:13,835 - DEBUG - 0 reads not considered because fully enclosed in repeat masked regions
2022-10-13 02:25:55,405 - DEBUG - Read first 140 million reads
2022-10-13 02:26:41,663 - DEBUG - Counting for batch 25, containing 100 cells and 5048726 reads
2022-10-13 02:29:19,364 - DEBUG - 0 reads not considered because fully enclosed in repeat masked regions
2022-10-13 02:30:24,878 - DEBUG - Counting for batch 26, containing 100 cells and 3538266 reads
2022-10-13 02:32:14,215 - DEBUG - 0 reads not considered because fully enclosed in repeat masked regions
2022-10-13 02:32:47,673 - DEBUG - Read first 150 million reads
2022-10-13 02:33:30,979 - DEBUG - Counting for batch 27, containing 100 cells and 4658902 reads
2022-10-13 02:35:50,865 - DEBUG - 0 reads not considered because fully enclosed in repeat masked regions
2022-10-13 02:37:06,709 - DEBUG - Counting for batch 28, containing 100 cells and 4059195 reads
2022-10-13 02:39:14,472 - DEBUG - 0 reads not considered because fully enclosed in repeat masked regions
2022-10-13 02:39:52,156 - DEBUG - Read first 160 million reads
2022-10-13 02:40:21,248 - DEBUG - Counting for batch 29, containing 100 cells and 3461923 reads
2022-10-13 02:42:09,359 - DEBUG - 0 reads not considered because fully enclosed in repeat masked regions
2022-10-13 02:42:58,635 - DEBUG - Counting for batch 30, containing 100 cells and 2653971 reads
2022-10-13 02:44:24,749 - DEBUG - 0 reads not considered because fully enclosed in repeat masked regions
2022-10-13 02:45:20,605 - DEBUG - Read first 170 million reads
2022-10-13 02:45:38,700 - DEBUG - Counting for batch 31, containing 100 cells and 5233464 reads
2022-10-13 02:48:21,977 - DEBUG - 0 reads not considered because fully enclosed in repeat masked regions
2022-10-13 02:50:07,124 - DEBUG - Counting for batch 32, containing 100 cells and 6486582 reads
2022-10-13 02:53:29,499 - DEBUG - 0 reads not considered because fully enclosed in repeat masked regions
2022-10-13 02:54:16,851 - DEBUG - Read first 180 million reads
2022-10-13 02:54:55,814 - DEBUG - Counting for batch 33, containing 100 cells and 4929400 reads
2022-10-13 02:57:23,960 - DEBUG - 0 reads not considered because fully enclosed in repeat masked regions
2022-10-13 02:58:50,780 - DEBUG - Counting for batch 34, containing 100 cells and 4499404 reads
2022-10-13 03:01:05,949 - DEBUG - 0 reads not considered because fully enclosed in repeat masked regions
2022-10-13 03:01:34,118 - DEBUG - Read first 190 million reads
2022-10-13 03:02:29,021 - DEBUG - Counting for batch 35, containing 100 cells and 4992593 reads
2022-10-13 03:04:59,363 - DEBUG - 0 reads not considered because fully enclosed in repeat masked regions
2022-10-13 03:06:11,578 - DEBUG - Read first 200 million reads
2022-10-13 03:06:14,088 - DEBUG - Counting for batch 36, containing 100 cells and 3878352 reads
2022-10-13 03:08:15,965 - DEBUG - 0 reads not considered because fully enclosed in repeat masked regions
2022-10-13 03:09:58,618 - DEBUG - Counting for batch 37, containing 100 cells and 5482680 reads
2022-10-13 03:12:55,573 - DEBUG - 0 reads not considered because fully enclosed in repeat masked regions
2022-10-13 03:14:07,232 - DEBUG - Read first 210 million reads
2022-10-13 03:14:09,394 - DEBUG - Counting for batch 38, containing 100 cells and 3159181 reads
2022-10-13 03:15:47,410 - DEBUG - 0 reads not considered because fully enclosed in repeat masked regions
2022-10-13 03:16:46,917 - DEBUG - Counting for batch 39, containing 100 cells and 3149691 reads
2022-10-13 03:18:25,974 - DEBUG - 0 reads not considered because fully enclosed in repeat masked regions
2022-10-13 03:19:32,619 - DEBUG - Counting for batch 40, containing 100 cells and 3864174 reads
2022-10-13 03:21:32,378 - DEBUG - 0 reads not considered because fully enclosed in repeat masked regions
2022-10-13 03:22:12,240 - DEBUG - Read first 220 million reads
2022-10-13 03:22:52,219 - DEBUG - Counting for batch 41, containing 100 cells and 4680720 reads
2022-10-13 03:25:23,013 - DEBUG - 0 reads not considered because fully enclosed in repeat masked regions
2022-10-13 03:26:44,421 - DEBUG - Counting for batch 42, containing 100 cells and 4643524 reads
2022-10-13 03:29:14,193 - DEBUG - 0 reads not considered because fully enclosed in repeat masked regions
2022-10-13 03:29:52,977 - DEBUG - Read first 230 million reads
2022-10-13 03:30:26,684 - DEBUG - Counting for batch 43, containing 100 cells and 4515136 reads
2022-10-13 03:33:00,628 - DEBUG - 0 reads not considered because fully enclosed in repeat masked regions
2022-10-13 03:34:08,549 - DEBUG - Counting for batch 44, containing 100 cells and 3992223 reads
2022-10-13 03:36:19,411 - DEBUG - 0 reads not considered because fully enclosed in repeat masked regions
2022-10-13 03:36:55,352 - DEBUG - Read first 240 million reads
2022-10-13 03:37:27,769 - DEBUG - Counting for batch 45, containing 100 cells and 4317531 reads
2022-10-13 03:39:38,019 - DEBUG - 0 reads not considered because fully enclosed in repeat masked regions
2022-10-13 03:41:01,814 - DEBUG - Counting for batch 46, containing 100 cells and 4743264 reads
2022-10-13 03:43:33,299 - DEBUG - 0 reads not considered because fully enclosed in repeat masked regions
2022-10-13 03:44:14,683 - DEBUG - Read first 250 million reads
2022-10-13 03:45:02,620 - DEBUG - Counting for batch 47, containing 100 cells and 4186819 reads
2022-10-13 03:47:20,582 - DEBUG - 0 reads not considered because fully enclosed in repeat masked regions
2022-10-13 03:48:28,893 - DEBUG - Counting for batch 48, containing 100 cells and 3582021 reads
2022-10-13 03:50:19,582 - DEBUG - 0 reads not considered because fully enclosed in repeat masked regions
2022-10-13 03:51:05,093 - DEBUG - Read first 260 million reads
2022-10-13 03:51:37,649 - DEBUG - Counting for batch 49, containing 100 cells and 4862689 reads
2022-10-13 03:54:10,289 - DEBUG - 0 reads not considered because fully enclosed in repeat masked regions
2022-10-13 03:55:11,882 - DEBUG - Counting for batch 50, containing 100 cells and 2981781 reads
2022-10-13 03:56:47,335 - DEBUG - 0 reads not considered because fully enclosed in repeat masked regions
2022-10-13 03:57:31,637 - DEBUG - Read first 270 million reads
2022-10-13 03:57:54,925 - DEBUG - Counting for batch 51, containing 100 cells and 4665240 reads
2022-10-13 04:00:15,610 - DEBUG - 0 reads not considered because fully enclosed in repeat masked regions
2022-10-13 04:01:47,395 - DEBUG - Counting for batch 52, containing 100 cells and 5320527 reads
2022-10-13 04:04:30,681 - DEBUG - 0 reads not considered because fully enclosed in repeat masked regions
2022-10-13 04:05:18,396 - DEBUG - Read first 280 million reads
2022-10-13 04:05:41,339 - DEBUG - Counting for batch 53, containing 100 cells and 4031848 reads
2022-10-13 04:07:49,566 - DEBUG - 0 reads not considered because fully enclosed in repeat masked regions
2022-10-13 04:08:53,836 - DEBUG - Counting for batch 54, containing 100 cells and 3943522 reads
2022-10-13 04:10:54,143 - DEBUG - 0 reads not considered because fully enclosed in repeat masked regions
2022-10-13 04:11:47,928 - DEBUG - Read first 290 million reads
2022-10-13 04:12:00,734 - DEBUG - Counting for batch 55, containing 100 cells and 3364341 reads
2022-10-13 04:13:46,426 - DEBUG - 0 reads not considered because fully enclosed in repeat masked regions
2022-10-13 04:14:48,263 - DEBUG - Counting for batch 56, containing 100 cells and 3670380 reads
2022-10-13 04:16:41,477 - DEBUG - 0 reads not considered because fully enclosed in repeat masked regions
2022-10-13 04:17:46,116 - DEBUG - Read first 300 million reads
2022-10-13 04:17:52,480 - DEBUG - Counting for batch 57, containing 100 cells and 4426840 reads
2022-10-13 04:20:13,229 - DEBUG - 0 reads not considered because fully enclosed in repeat masked regions
2022-10-13 04:21:22,851 - DEBUG - Counting for batch 58, containing 100 cells and 4433467 reads
2022-10-13 04:23:38,647 - DEBUG - 0 reads not considered because fully enclosed in repeat masked regions
2022-10-13 04:24:35,894 - DEBUG - Read first 310 million reads
2022-10-13 04:24:43,171 - DEBUG - Counting for batch 59, containing 100 cells and 3647905 reads
2022-10-13 04:26:35,730 - DEBUG - 0 reads not considered because fully enclosed in repeat masked regions
2022-10-13 04:27:32,523 - DEBUG - Counting for batch 60, containing 100 cells and 3113191 reads
2022-10-13 04:29:11,876 - DEBUG - 0 reads not considered because fully enclosed in repeat masked regions
2022-10-13 04:30:24,612 - DEBUG - Read first 320 million reads
2022-10-13 04:30:34,807 - DEBUG - Counting for batch 61, containing 100 cells and 5595416 reads
2022-10-13 04:33:23,829 - DEBUG - 0 reads not considered because fully enclosed in repeat masked regions
2022-10-13 04:34:45,007 - DEBUG - Counting for batch 62, containing 100 cells and 4164285 reads
2022-10-13 04:36:55,006 - DEBUG - 0 reads not considered because fully enclosed in repeat masked regions
2022-10-13 04:37:59,946 - DEBUG - Read first 330 million reads
2022-10-13 04:38:10,243 - DEBUG - Counting for batch 63, containing 100 cells and 4654243 reads
2022-10-13 04:40:44,555 - DEBUG - 0 reads not considered because fully enclosed in repeat masked regions
2022-10-13 04:41:43,349 - DEBUG - Counting for batch 64, containing 100 cells and 3177930 reads
2022-10-13 04:43:19,083 - DEBUG - 0 reads not considered because fully enclosed in repeat masked regions
2022-10-13 04:44:32,409 - DEBUG - Read first 340 million reads
2022-10-13 04:44:53,792 - DEBUG - Counting for batch 65, containing 100 cells and 6626714 reads
2022-10-13 04:48:23,755 - DEBUG - 0 reads not considered because fully enclosed in repeat masked regions
2022-10-13 04:49:46,807 - DEBUG - Counting for batch 66, containing 100 cells and 4340912 reads
2022-10-13 04:52:08,560 - DEBUG - 0 reads not considered because fully enclosed in repeat masked regions
2022-10-13 04:52:58,035 - DEBUG - Read first 350 million reads
2022-10-13 04:53:09,820 - DEBUG - Counting for batch 67, containing 100 cells and 3704677 reads
2022-10-13 04:55:06,597 - DEBUG - 0 reads not considered because fully enclosed in repeat masked regions
2022-10-13 04:56:07,951 - DEBUG - Counting for batch 68, containing 100 cells and 3516509 reads
2022-10-13 04:57:59,620 - DEBUG - 0 reads not considered because fully enclosed in repeat masked regions
2022-10-13 04:59:03,119 - DEBUG - Read first 360 million reads
2022-10-13 04:59:07,927 - DEBUG - Counting for batch 69, containing 100 cells and 4137261 reads
2022-10-13 05:01:15,593 - DEBUG - 0 reads not considered because fully enclosed in repeat masked regions
2022-10-13 05:02:34,974 - DEBUG - Counting for batch 70, containing 100 cells and 4881871 reads
2022-10-13 05:05:08,000 - DEBUG - 0 reads not considered because fully enclosed in repeat masked regions
2022-10-13 05:06:11,978 - DEBUG - Read first 370 million reads
2022-10-13 05:06:25,859 - DEBUG - Counting for batch 71, containing 100 cells and 4766643 reads
2022-10-13 05:08:50,620 - DEBUG - 0 reads not considered because fully enclosed in repeat masked regions
2022-10-13 05:10:15,303 - DEBUG - Counting for batch 72, containing 100 cells and 4969398 reads
2022-10-13 05:12:49,880 - DEBUG - 0 reads not considered because fully enclosed in repeat masked regions
2022-10-13 05:13:44,494 - DEBUG - Read first 380 million reads
2022-10-13 05:13:51,135 - DEBUG - Counting for batch 73, containing 100 cells and 3251091 reads
2022-10-13 05:15:30,747 - DEBUG - 0 reads not considered because fully enclosed in repeat masked regions
2022-10-13 05:16:43,278 - DEBUG - Counting for batch 74, containing 100 cells and 4258692 reads
2022-10-13 05:18:51,369 - DEBUG - 0 reads not considered because fully enclosed in repeat masked regions
2022-10-13 05:19:21,853 - DEBUG - Counting for batch 75, containing 14 cells and 800330 reads
2022-10-13 05:19:42,441 - DEBUG - 0 reads not considered because fully enclosed in repeat masked regions
2022-10-13 05:19:46,980 - DEBUG - 17497301 reads were skipped because no apropiate cell or umi barcode was found
2022-10-13 05:19:46,980 - DEBUG - Counting done!
2022-10-13 05:19:47,034 - DEBUG - Generating output file /storage/singlecell/zz4/fetal_bash/results/RNA_velocity/Multiome_14w2d_NR/Multiome_14w2d_NR.loom
2022-10-13 05:19:47,034 - DEBUG - Collecting row attributes
2022-10-13 05:19:47,207 - DEBUG - Generating data table
2022-10-13 05:19:50,188 - DEBUG - Writing loom file
2022-10-13 05:19:53,517 - DEBUG - Creating converter from 5 to 3
2022-10-13 05:19:53,518 - DEBUG - Creating converter from 3 to 5
2022-10-13 05:20:14,963 - DEBUG - Terminated Succesfully!
ended at Thu Oct 13 05:20:18 CDT 2022 on mhgcp-g00.grid.bcm.edu. Time elapsed: 05:43:47
