starting at Wed Oct 12 23:32:21 CDT 2022 on mhgcp-g00.grid.bcm.edu
SLURM_JOBID=624160
2022-10-12 23:32:45,008 - DEBUG - Using logic: Default
2022-10-12 23:32:45,016 - INFO - Read 6189 cell barcodes from /storage/singlecell/zz4/fetal_bash/data/Retina_fetal/Multiome_10w_FR/outs/filtered_feature_bc_matrix/barcodes.tsv.gz
2022-10-12 23:32:45,016 - DEBUG - Example of barcode: AAACAGCCAAACTGTT and cell_id: Multiome_10w_FR:AAACAGCCAAACTGTT-1
2022-10-12 23:32:45,035 - DEBUG - Peeking into /storage/singlecell/zz4/fetal_bash/data/Retina_fetal/Multiome_10w_FR/outs/gex_possorted_bam.bam
2022-10-12 23:32:45,156 - WARNING - Not found cell and umi barcode in entry 0 of the bam file
2022-10-12 23:32:45,156 - WARNING - Not found cell and umi barcode in entry 2 of the bam file
2022-10-12 23:32:45,156 - WARNING - Not found cell and umi barcode in entry 138 of the bam file
2022-10-12 23:32:45,157 - WARNING - Not found cell and umi barcode in entry 181 of the bam file
2022-10-12 23:32:45,157 - WARNING - Not found cell and umi barcode in entry 184 of the bam file
2022-10-12 23:32:45,157 - WARNING - Not found cell and umi barcode in entry 206 of the bam file
2022-10-12 23:32:45,157 - WARNING - Not found cell and umi barcode in entry 222 of the bam file
2022-10-12 23:32:45,157 - WARNING - Not found cell and umi barcode in entry 223 of the bam file
2022-10-12 23:32:45,157 - WARNING - Not found cell and umi barcode in entry 236 of the bam file
2022-10-12 23:32:45,157 - WARNING - Not found cell and umi barcode in entry 303 of the bam file
2022-10-12 23:32:45,157 - WARNING - Not found cell and umi barcode in entry 521 of the bam file
2022-10-12 23:32:45,158 - WARNING - Not found cell and umi barcode in entry 543 of the bam file
2022-10-12 23:32:45,158 - WARNING - Not found cell and umi barcode in entry 633 of the bam file
2022-10-12 23:32:45,158 - WARNING - Not found cell and umi barcode in entry 694 of the bam file
2022-10-12 23:32:45,158 - WARNING - Not found cell and umi barcode in entry 751 of the bam file
2022-10-12 23:32:45,158 - WARNING - Not found cell and umi barcode in entry 753 of the bam file
2022-10-12 23:32:45,158 - WARNING - Not found cell and umi barcode in entry 883 of the bam file
2022-10-12 23:32:45,159 - WARNING - Not found cell and umi barcode in entry 934 of the bam file
2022-10-12 23:32:45,159 - WARNING - Not found cell and umi barcode in entry 960 of the bam file
2022-10-12 23:32:45,159 - WARNING - Not found cell and umi barcode in entry 973 of the bam file
2022-10-12 23:32:45,159 - WARNING - Not found cell and umi barcode in entry 993 of the bam file
2022-10-12 23:32:45,159 - WARNING - Not found cell and umi barcode in entry 1002 of the bam file
2022-10-12 23:32:45,159 - WARNING - Not found cell and umi barcode in entry 1005 of the bam file
2022-10-12 23:32:45,159 - WARNING - Not found cell and umi barcode in entry 1006 of the bam file
2022-10-12 23:32:45,185 - WARNING - The file /storage/singlecell/zz4/fetal_bash/data/Retina_fetal/Multiome_10w_FR/outs/cellsorted_gex_possorted_bam.bam already exists. The sorting step will be skipped and the existing file will be used.
2022-10-12 23:32:45,186 - INFO - Load the annotation from /storage/singlecell/zz4/Reference/refdata-cellranger-arc-GRCh38-2020-A/genes/genes.gtf
2022-10-12 23:32:55,292 - DEBUG - Parsing Chromosome GL000009.2 strand - [line 0]
2022-10-12 23:32:55,292 - DEBUG - Done with GL000009.2- [line 7]
2022-10-12 23:32:55,292 - DEBUG - Assigning indexes to genes
2022-10-12 23:32:55,292 - DEBUG - Seen 1 genes until now
2022-10-12 23:32:55,292 - DEBUG - Parsing Chromosome GL000194.1 strand - [line 8]
2022-10-12 23:32:55,292 - DEBUG - Done with GL000194.1- [line 33]
2022-10-12 23:32:55,292 - DEBUG - Assigning indexes to genes
2022-10-12 23:32:55,292 - DEBUG - Seen 3 genes until now
2022-10-12 23:32:55,292 - DEBUG - Parsing Chromosome GL000195.1 strand - [line 34]
2022-10-12 23:32:55,292 - DEBUG - Done with GL000195.1- [line 43]
2022-10-12 23:32:55,292 - DEBUG - Assigning indexes to genes
2022-10-12 23:32:55,292 - DEBUG - Seen 4 genes until now
2022-10-12 23:32:55,292 - DEBUG - Parsing Chromosome GL000195.1 strand + [line 44]
2022-10-12 23:32:55,292 - DEBUG - Done with GL000195.1+ [line 57]
2022-10-12 23:32:55,293 - DEBUG - Assigning indexes to genes
2022-10-12 23:32:55,293 - DEBUG - Seen 5 genes until now
2022-10-12 23:32:55,293 - DEBUG - Parsing Chromosome GL000205.2 strand - [line 58]
2022-10-12 23:32:55,293 - DEBUG - Done with GL000205.2- [line 71]
2022-10-12 23:32:55,293 - DEBUG - Assigning indexes to genes
2022-10-12 23:32:55,293 - DEBUG - Seen 6 genes until now
2022-10-12 23:32:55,293 - DEBUG - Parsing Chromosome GL000213.1 strand - [line 72]
2022-10-12 23:32:55,293 - DEBUG - Done with GL000213.1- [line 120]
2022-10-12 23:32:55,293 - DEBUG - Assigning indexes to genes
2022-10-12 23:32:55,293 - DEBUG - Seen 7 genes until now
2022-10-12 23:32:55,293 - DEBUG - Parsing Chromosome GL000218.1 strand - [line 121]
2022-10-12 23:32:55,293 - DEBUG - Done with GL000218.1- [line 128]
2022-10-12 23:32:55,293 - DEBUG - Assigning indexes to genes
2022-10-12 23:32:55,293 - DEBUG - Seen 8 genes until now
2022-10-12 23:32:55,293 - DEBUG - Parsing Chromosome GL000219.1 strand - [line 129]
2022-10-12 23:32:55,293 - DEBUG - Done with GL000219.1- [line 141]
2022-10-12 23:32:55,293 - DEBUG - Assigning indexes to genes
2022-10-12 23:32:55,293 - DEBUG - Seen 9 genes until now
2022-10-12 23:32:55,293 - DEBUG - Parsing Chromosome KI270711.1 strand - [line 142]
2022-10-12 23:32:55,294 - DEBUG - Done with KI270711.1- [line 292]
2022-10-12 23:32:55,294 - DEBUG - Assigning indexes to genes
2022-10-12 23:32:55,294 - DEBUG - Seen 10 genes until now
2022-10-12 23:32:55,294 - DEBUG - Parsing Chromosome KI270713.1 strand - [line 293]
2022-10-12 23:32:55,294 - DEBUG - Done with KI270713.1- [line 300]
2022-10-12 23:32:55,294 - DEBUG - Assigning indexes to genes
2022-10-12 23:32:55,294 - DEBUG - Seen 11 genes until now
2022-10-12 23:32:55,294 - DEBUG - Parsing Chromosome KI270713.1 strand + [line 301]
2022-10-12 23:32:55,294 - DEBUG - Done with KI270713.1+ [line 307]
2022-10-12 23:32:55,294 - DEBUG - Assigning indexes to genes
2022-10-12 23:32:55,294 - DEBUG - Seen 12 genes until now
2022-10-12 23:32:55,294 - DEBUG - Parsing Chromosome KI270721.1 strand + [line 308]
2022-10-12 23:32:55,294 - DEBUG - Done with KI270721.1+ [line 323]
2022-10-12 23:32:55,294 - DEBUG - Assigning indexes to genes
2022-10-12 23:32:55,294 - DEBUG - Seen 13 genes until now
2022-10-12 23:32:55,295 - DEBUG - Parsing Chromosome KI270726.1 strand + [line 324]
2022-10-12 23:32:55,295 - DEBUG - Done with KI270726.1+ [line 334]
2022-10-12 23:32:55,295 - DEBUG - Assigning indexes to genes
2022-10-12 23:32:55,295 - DEBUG - Seen 15 genes until now
2022-10-12 23:32:55,295 - DEBUG - Parsing Chromosome KI270727.1 strand - [line 335]
2022-10-12 23:32:55,295 - DEBUG - Done with KI270727.1- [line 394]
2022-10-12 23:32:55,295 - DEBUG - Assigning indexes to genes
2022-10-12 23:32:55,295 - DEBUG - Seen 17 genes until now
2022-10-12 23:32:55,295 - DEBUG - Parsing Chromosome KI270727.1 strand + [line 395]
2022-10-12 23:32:55,295 - DEBUG - Done with KI270727.1+ [line 409]
2022-10-12 23:32:55,295 - DEBUG - Assigning indexes to genes
2022-10-12 23:32:55,295 - DEBUG - Seen 19 genes until now
2022-10-12 23:32:55,295 - DEBUG - Parsing Chromosome KI270728.1 strand - [line 410]
2022-10-12 23:32:55,295 - DEBUG - Done with KI270728.1- [line 486]
2022-10-12 23:32:55,296 - DEBUG - Assigning indexes to genes
2022-10-12 23:32:55,296 - DEBUG - Seen 21 genes until now
2022-10-12 23:32:55,296 - DEBUG - Parsing Chromosome KI270728.1 strand + [line 487]
2022-10-12 23:32:55,296 - DEBUG - Done with KI270728.1+ [line 523]
2022-10-12 23:32:55,296 - DEBUG - Assigning indexes to genes
2022-10-12 23:32:55,296 - DEBUG - Seen 25 genes until now
2022-10-12 23:32:55,296 - DEBUG - Parsing Chromosome KI270731.1 strand - [line 524]
2022-10-12 23:32:55,296 - DEBUG - Done with KI270731.1- [line 530]
2022-10-12 23:32:55,296 - DEBUG - Assigning indexes to genes
2022-10-12 23:32:55,296 - DEBUG - Seen 26 genes until now
2022-10-12 23:32:55,296 - DEBUG - Parsing Chromosome KI270734.1 strand - [line 531]
2022-10-12 23:32:55,296 - DEBUG - Done with KI270734.1- [line 599]
2022-10-12 23:32:55,296 - DEBUG - Assigning indexes to genes
2022-10-12 23:32:55,296 - DEBUG - Seen 27 genes until now
2022-10-12 23:32:55,296 - DEBUG - Parsing Chromosome KI270734.1 strand + [line 600]
2022-10-12 23:32:55,296 - DEBUG - Done with KI270734.1+ [line 622]
2022-10-12 23:32:55,297 - DEBUG - Assigning indexes to genes
2022-10-12 23:32:55,297 - DEBUG - Seen 29 genes until now
2022-10-12 23:32:55,297 - DEBUG - Parsing Chromosome 1 strand - [line 623]
2022-10-12 23:32:56,086 - DEBUG - Done with 1- [line 118876]
2022-10-12 23:32:56,086 - DEBUG - Assigning indexes to genes
2022-10-12 23:32:56,099 - DEBUG - Seen 1711 genes until now
2022-10-12 23:32:56,099 - DEBUG - Parsing Chromosome 1 strand + [line 118877]
2022-10-12 23:32:57,359 - DEBUG - Done with 1+ [line 253796]
2022-10-12 23:32:57,360 - DEBUG - Assigning indexes to genes
2022-10-12 23:32:57,374 - DEBUG - Seen 3439 genes until now
2022-10-12 23:32:57,374 - DEBUG - Parsing Chromosome 10 strand - [line 253797]
2022-10-12 23:32:57,592 - DEBUG - Done with 10- [line 304078]
2022-10-12 23:32:57,592 - DEBUG - Assigning indexes to genes
2022-10-12 23:32:57,597 - DEBUG - Seen 4100 genes until now
2022-10-12 23:32:57,597 - DEBUG - Parsing Chromosome 10 strand + [line 304079]
2022-10-12 23:32:58,065 - DEBUG - Done with 10+ [line 356023]
2022-10-12 23:32:58,065 - DEBUG - Assigning indexes to genes
2022-10-12 23:32:58,070 - DEBUG - Seen 4833 genes until now
2022-10-12 23:32:58,070 - DEBUG - Parsing Chromosome 11 strand - [line 356024]
2022-10-12 23:32:58,417 - DEBUG - Done with 11- [line 438038]
2022-10-12 23:32:58,417 - DEBUG - Assigning indexes to genes
2022-10-12 23:32:58,431 - DEBUG - Seen 5833 genes until now
2022-10-12 23:32:58,431 - DEBUG - Parsing Chromosome 11 strand + [line 438039]
2022-10-12 23:32:59,212 - DEBUG - Done with 11+ [line 521163]
2022-10-12 23:32:59,212 - DEBUG - Assigning indexes to genes
2022-10-12 23:32:59,223 - DEBUG - Seen 6898 genes until now
2022-10-12 23:32:59,223 - DEBUG - Parsing Chromosome 12 strand - [line 521164]
2022-10-12 23:32:59,565 - DEBUG - Done with 12- [line 601582]
2022-10-12 23:32:59,565 - DEBUG - Assigning indexes to genes
2022-10-12 23:32:59,574 - DEBUG - Seen 7848 genes until now
2022-10-12 23:32:59,574 - DEBUG - Parsing Chromosome 12 strand + [line 601583]
2022-10-12 23:32:59,918 - DEBUG - Done with 12+ [line 681983]
2022-10-12 23:32:59,918 - DEBUG - Assigning indexes to genes
2022-10-12 23:32:59,932 - DEBUG - Seen 8826 genes until now
2022-10-12 23:32:59,932 - DEBUG - Parsing Chromosome 13 strand - [line 681984]
2022-10-12 23:33:00,355 - DEBUG - Done with 13- [line 702449]
2022-10-12 23:33:00,356 - DEBUG - Assigning indexes to genes
2022-10-12 23:33:00,359 - DEBUG - Seen 9225 genes until now
2022-10-12 23:33:00,359 - DEBUG - Parsing Chromosome 13 strand + [line 702450]
2022-10-12 23:33:00,465 - DEBUG - Done with 13+ [line 726349]
2022-10-12 23:33:00,465 - DEBUG - Assigning indexes to genes
2022-10-12 23:33:00,468 - DEBUG - Seen 9614 genes until now
2022-10-12 23:33:00,469 - DEBUG - Parsing Chromosome 14 strand - [line 726350]
2022-10-12 23:33:00,662 - DEBUG - Done with 14- [line 770987]
2022-10-12 23:33:00,663 - DEBUG - Assigning indexes to genes
2022-10-12 23:33:00,669 - DEBUG - Seen 10373 genes until now
2022-10-12 23:33:00,670 - DEBUG - Parsing Chromosome 14 strand + [line 770988]
2022-10-12 23:33:00,901 - DEBUG - Done with 14+ [line 822908]
2022-10-12 23:33:00,901 - DEBUG - Assigning indexes to genes
2022-10-12 23:33:00,908 - DEBUG - Seen 11088 genes until now
2022-10-12 23:33:00,908 - DEBUG - Parsing Chromosome 15 strand - [line 822909]
2022-10-12 23:33:01,143 - DEBUG - Done with 15- [line 873715]
2022-10-12 23:33:01,143 - DEBUG - Assigning indexes to genes
2022-10-12 23:33:01,149 - DEBUG - Seen 11734 genes until now
2022-10-12 23:33:01,149 - DEBUG - Parsing Chromosome 15 strand + [line 873716]
2022-10-12 23:33:01,922 - DEBUG - Done with 15+ [line 923824]
2022-10-12 23:33:01,922 - DEBUG - Assigning indexes to genes
2022-10-12 23:33:01,932 - DEBUG - Seen 12355 genes until now
2022-10-12 23:33:01,932 - DEBUG - Parsing Chromosome 16 strand - [line 923825]
2022-10-12 23:33:02,180 - DEBUG - Done with 16- [line 979238]
2022-10-12 23:33:02,181 - DEBUG - Assigning indexes to genes
2022-10-12 23:33:02,188 - DEBUG - Seen 13151 genes until now
2022-10-12 23:33:02,188 - DEBUG - Parsing Chromosome 16 strand + [line 979239]
2022-10-12 23:33:02,539 - DEBUG - Done with 16+ [line 1052152]
2022-10-12 23:33:02,540 - DEBUG - Assigning indexes to genes
2022-10-12 23:33:02,556 - DEBUG - Seen 14004 genes until now
2022-10-12 23:33:02,556 - DEBUG - Parsing Chromosome 17 strand - [line 1052153]
2022-10-12 23:33:02,984 - DEBUG - Done with 17- [line 1140008]
2022-10-12 23:33:02,985 - DEBUG - Assigning indexes to genes
2022-10-12 23:33:02,998 - DEBUG - Seen 15039 genes until now
2022-10-12 23:33:02,998 - DEBUG - Parsing Chromosome 17 strand + [line 1140009]
2022-10-12 23:33:04,132 - DEBUG - Done with 17+ [line 1219447]
2022-10-12 23:33:04,132 - DEBUG - Assigning indexes to genes
2022-10-12 23:33:04,142 - DEBUG - Seen 15996 genes until now
2022-10-12 23:33:04,142 - DEBUG - Parsing Chromosome 18 strand - [line 1219448]
2022-10-12 23:33:04,267 - DEBUG - Done with 18- [line 1246083]
2022-10-12 23:33:04,268 - DEBUG - Assigning indexes to genes
2022-10-12 23:33:04,271 - DEBUG - Seen 16371 genes until now
2022-10-12 23:33:04,271 - DEBUG - Parsing Chromosome 18 strand + [line 1246084]
2022-10-12 23:33:04,387 - DEBUG - Done with 18+ [line 1269821]
2022-10-12 23:33:04,387 - DEBUG - Assigning indexes to genes
2022-10-12 23:33:04,391 - DEBUG - Seen 16777 genes until now
2022-10-12 23:33:04,391 - DEBUG - Parsing Chromosome 19 strand - [line 1269822]
2022-10-12 23:33:04,756 - DEBUG - Done with 19- [line 1350736]
2022-10-12 23:33:04,756 - DEBUG - Assigning indexes to genes
2022-10-12 23:33:04,766 - DEBUG - Seen 17790 genes until now
2022-10-12 23:33:04,767 - DEBUG - Parsing Chromosome 19 strand + [line 1350737]
2022-10-12 23:33:05,137 - DEBUG - Done with 19+ [line 1435648]
2022-10-12 23:33:05,137 - DEBUG - Assigning indexes to genes
2022-10-12 23:33:05,149 - DEBUG - Seen 18804 genes until now
2022-10-12 23:33:05,149 - DEBUG - Parsing Chromosome 2 strand - [line 1435649]
2022-10-12 23:33:05,648 - DEBUG - Done with 2- [line 1542996]
2022-10-12 23:33:05,649 - DEBUG - Assigning indexes to genes
2022-10-12 23:33:05,661 - DEBUG - Seen 20037 genes until now
2022-10-12 23:33:05,662 - DEBUG - Parsing Chromosome 2 strand + [line 1542997]
2022-10-12 23:33:07,071 - DEBUG - Done with 2+ [line 1642863]
2022-10-12 23:33:07,071 - DEBUG - Assigning indexes to genes
2022-10-12 23:33:07,085 - DEBUG - Seen 21345 genes until now
2022-10-12 23:33:07,085 - DEBUG - Parsing Chromosome 20 strand - [line 1642864]
2022-10-12 23:33:07,228 - DEBUG - Done with 20- [line 1672442]
2022-10-12 23:33:07,229 - DEBUG - Assigning indexes to genes
2022-10-12 23:33:07,233 - DEBUG - Seen 21828 genes until now
2022-10-12 23:33:07,233 - DEBUG - Parsing Chromosome 20 strand + [line 1672443]
2022-10-12 23:33:07,392 - DEBUG - Done with 20+ [line 1707817]
2022-10-12 23:33:07,392 - DEBUG - Assigning indexes to genes
2022-10-12 23:33:07,398 - DEBUG - Seen 22309 genes until now
2022-10-12 23:33:07,399 - DEBUG - Parsing Chromosome 21 strand - [line 1707818]
2022-10-12 23:33:07,470 - DEBUG - Done with 21- [line 1722798]
2022-10-12 23:33:07,470 - DEBUG - Assigning indexes to genes
2022-10-12 23:33:07,472 - DEBUG - Seen 22596 genes until now
2022-10-12 23:33:07,472 - DEBUG - Parsing Chromosome 21 strand + [line 1722799]
2022-10-12 23:33:07,549 - DEBUG - Done with 21+ [line 1738981]
2022-10-12 23:33:07,550 - DEBUG - Assigning indexes to genes
2022-10-12 23:33:07,552 - DEBUG - Seen 22864 genes until now
2022-10-12 23:33:07,552 - DEBUG - Parsing Chromosome 22 strand - [line 1738982]
2022-10-12 23:33:07,671 - DEBUG - Done with 22- [line 1765357]
2022-10-12 23:33:07,671 - DEBUG - Assigning indexes to genes
2022-10-12 23:33:07,675 - DEBUG - Seen 23260 genes until now
2022-10-12 23:33:07,675 - DEBUG - Parsing Chromosome 22 strand + [line 1765358]
2022-10-12 23:33:07,822 - DEBUG - Done with 22+ [line 1797598]
2022-10-12 23:33:07,822 - DEBUG - Assigning indexes to genes
2022-10-12 23:33:07,826 - DEBUG - Seen 23765 genes until now
2022-10-12 23:33:07,826 - DEBUG - Parsing Chromosome 3 strand - [line 1797599]
2022-10-12 23:33:08,241 - DEBUG - Done with 3- [line 1887377]
2022-10-12 23:33:08,241 - DEBUG - Assigning indexes to genes
2022-10-12 23:33:08,251 - DEBUG - Seen 24693 genes until now
2022-10-12 23:33:08,252 - DEBUG - Parsing Chromosome 3 strand + [line 1887378]
2022-10-12 23:33:08,668 - DEBUG - Done with 3+ [line 1977011]
2022-10-12 23:33:08,668 - DEBUG - Assigning indexes to genes
2022-10-12 23:33:08,678 - DEBUG - Seen 25658 genes until now
2022-10-12 23:33:08,678 - DEBUG - Parsing Chromosome 4 strand - [line 1977012]
2022-10-12 23:33:09,987 - DEBUG - Done with 4- [line 2034238]
2022-10-12 23:33:09,988 - DEBUG - Assigning indexes to genes
2022-10-12 23:33:09,999 - DEBUG - Seen 26401 genes until now
2022-10-12 23:33:09,999 - DEBUG - Parsing Chromosome 4 strand + [line 2034239]
2022-10-12 23:33:10,273 - DEBUG - Done with 4+ [line 2094594]
2022-10-12 23:33:10,274 - DEBUG - Assigning indexes to genes
2022-10-12 23:33:10,280 - DEBUG - Seen 27191 genes until now
2022-10-12 23:33:10,281 - DEBUG - Parsing Chromosome 5 strand - [line 2094595]
2022-10-12 23:33:10,548 - DEBUG - Done with 5- [line 2152660]
2022-10-12 23:33:10,549 - DEBUG - Assigning indexes to genes
2022-10-12 23:33:10,556 - DEBUG - Seen 28071 genes until now
2022-10-12 23:33:10,556 - DEBUG - Parsing Chromosome 5 strand + [line 2152661]
2022-10-12 23:33:10,853 - DEBUG - Done with 5+ [line 2218657]
2022-10-12 23:33:10,853 - DEBUG - Assigning indexes to genes
2022-10-12 23:33:10,861 - DEBUG - Seen 29002 genes until now
2022-10-12 23:33:10,862 - DEBUG - Parsing Chromosome 6 strand - [line 2218658]
2022-10-12 23:33:11,164 - DEBUG - Done with 6- [line 2284937]
2022-10-12 23:33:11,165 - DEBUG - Assigning indexes to genes
2022-10-12 23:33:11,172 - DEBUG - Seen 29928 genes until now
2022-10-12 23:33:11,172 - DEBUG - Parsing Chromosome 6 strand + [line 2284938]
2022-10-12 23:33:11,442 - DEBUG - Done with 6+ [line 2345240]
2022-10-12 23:33:11,443 - DEBUG - Assigning indexes to genes
2022-10-12 23:33:11,450 - DEBUG - Seen 30829 genes until now
2022-10-12 23:33:11,450 - DEBUG - Parsing Chromosome 7 strand - [line 2345241]
2022-10-12 23:33:11,732 - DEBUG - Done with 7- [line 2406845]
2022-10-12 23:33:11,732 - DEBUG - Assigning indexes to genes
2022-10-12 23:33:11,739 - DEBUG - Seen 31621 genes until now
2022-10-12 23:33:11,739 - DEBUG - Parsing Chromosome 7 strand + [line 2406846]
2022-10-12 23:33:12,046 - DEBUG - Done with 7+ [line 2476014]
2022-10-12 23:33:12,046 - DEBUG - Assigning indexes to genes
2022-10-12 23:33:12,055 - DEBUG - Seen 32515 genes until now
2022-10-12 23:33:12,055 - DEBUG - Parsing Chromosome 8 strand - [line 2476015]
2022-10-12 23:33:12,288 - DEBUG - Done with 8- [line 2527366]
2022-10-12 23:33:12,288 - DEBUG - Assigning indexes to genes
2022-10-12 23:33:12,299 - DEBUG - Seen 33270 genes until now
2022-10-12 23:33:12,299 - DEBUG - Parsing Chromosome 8 strand + [line 2527367]
2022-10-12 23:33:14,025 - DEBUG - Done with 8+ [line 2577021]
2022-10-12 23:33:14,025 - DEBUG - Assigning indexes to genes
2022-10-12 23:33:14,037 - DEBUG - Seen 34010 genes until now
2022-10-12 23:33:14,037 - DEBUG - Parsing Chromosome 9 strand - [line 2577022]
2022-10-12 23:33:14,245 - DEBUG - Done with 9- [line 2622811]
2022-10-12 23:33:14,246 - DEBUG - Assigning indexes to genes
2022-10-12 23:33:14,251 - DEBUG - Seen 34681 genes until now
2022-10-12 23:33:14,251 - DEBUG - Parsing Chromosome 9 strand + [line 2622812]
2022-10-12 23:33:14,482 - DEBUG - Done with 9+ [line 2672374]
2022-10-12 23:33:14,482 - DEBUG - Assigning indexes to genes
2022-10-12 23:33:14,488 - DEBUG - Seen 35329 genes until now
2022-10-12 23:33:14,488 - DEBUG - Parsing Chromosome M strand - [line 2672375]
2022-10-12 23:33:14,488 - DEBUG - Done with M- [line 2672379]
2022-10-12 23:33:14,488 - DEBUG - Assigning indexes to genes
2022-10-12 23:33:14,488 - DEBUG - Seen 35330 genes until now
2022-10-12 23:33:14,488 - DEBUG - Parsing Chromosome M strand + [line 2672380]
2022-10-12 23:33:14,488 - DEBUG - Done with M+ [line 2672445]
2022-10-12 23:33:14,488 - DEBUG - Assigning indexes to genes
2022-10-12 23:33:14,488 - DEBUG - Seen 35342 genes until now
2022-10-12 23:33:14,488 - DEBUG - Parsing Chromosome X strand - [line 2672446]
2022-10-12 23:33:14,682 - DEBUG - Done with X- [line 2716088]
2022-10-12 23:33:14,682 - DEBUG - Assigning indexes to genes
2022-10-12 23:33:14,688 - DEBUG - Seen 35884 genes until now
2022-10-12 23:33:14,688 - DEBUG - Parsing Chromosome X strand + [line 2716089]
2022-10-12 23:33:14,892 - DEBUG - Done with X+ [line 2760500]
2022-10-12 23:33:14,892 - DEBUG - Assigning indexes to genes
2022-10-12 23:33:14,900 - DEBUG - Seen 36490 genes until now
2022-10-12 23:33:14,900 - DEBUG - Parsing Chromosome Y strand - [line 2760501]
2022-10-12 23:33:14,914 - DEBUG - Done with Y- [line 2763031]
2022-10-12 23:33:14,914 - DEBUG - Assigning indexes to genes
2022-10-12 23:33:14,914 - DEBUG - Seen 36543 genes until now
2022-10-12 23:33:14,914 - DEBUG - Parsing Chromosome Y strand + [line 2763032]
2022-10-12 23:33:14,927 - DEBUG - Assigning indexes to genes
2022-10-12 23:33:14,928 - DEBUG - Done with Y+ [line 2765967]
2022-10-12 23:33:14,928 - DEBUG - Fixing corner cases of transcript models containg intron longer than 1000Kbp
2022-10-12 23:33:17,719 - DEBUG - Generated 2411536 features corresponding to 199138 transcript models from /storage/singlecell/zz4/Reference/refdata-cellranger-arc-GRCh38-2020-A/genes/genes.gtf
2022-10-12 23:33:17,746 - INFO - Scan /storage/singlecell/zz4/fetal_bash/data/Retina_fetal/Multiome_10w_FR/outs/gex_possorted_bam.bam to validate intron intervals
2022-10-12 23:33:21,252 - DEBUG - Reading /storage/singlecell/zz4/fetal_bash/data/Retina_fetal/Multiome_10w_FR/outs/gex_possorted_bam.bam
2022-10-12 23:33:21,279 - DEBUG - Read first 0 million reads
2022-10-12 23:33:21,279 - DEBUG - Marking up chromosome 1
2022-10-12 23:35:24,244 - DEBUG - Read first 10 million reads
2022-10-12 23:37:32,177 - DEBUG - Read first 20 million reads
2022-10-12 23:39:27,742 - DEBUG - Read first 30 million reads
2022-10-12 23:39:41,036 - DEBUG - Marking up chromosome 10
2022-10-12 23:41:43,895 - DEBUG - Read first 40 million reads
2022-10-12 23:42:58,470 - DEBUG - Marking up chromosome 11
2022-10-12 23:43:45,261 - DEBUG - Read first 50 million reads
2022-10-12 23:46:13,026 - DEBUG - Read first 60 million reads
2022-10-12 23:48:43,695 - DEBUG - Read first 70 million reads
2022-10-12 23:49:52,701 - DEBUG - Marking up chromosome 12
2022-10-12 23:51:02,940 - DEBUG - Read first 80 million reads
2022-10-12 23:53:22,223 - DEBUG - Read first 90 million reads
2022-10-12 23:54:19,921 - DEBUG - Marking up chromosome 13
2022-10-12 23:55:20,351 - DEBUG - Read first 100 million reads
2022-10-12 23:56:31,888 - DEBUG - Marking up chromosome 14
2022-10-12 23:57:18,672 - DEBUG - Read first 110 million reads
2022-10-12 23:59:05,031 - DEBUG - Marking up chromosome 15
2022-10-12 23:59:39,400 - DEBUG - Read first 120 million reads
2022-10-13 00:01:40,635 - DEBUG - Read first 130 million reads
2022-10-13 00:01:52,918 - DEBUG - Marking up chromosome 16
2022-10-13 00:03:42,169 - DEBUG - Read first 140 million reads
2022-10-13 00:03:57,646 - DEBUG - Marking up chromosome 17
2022-10-13 00:05:48,962 - DEBUG - Read first 150 million reads
2022-10-13 00:06:56,110 - DEBUG - Marking up chromosome 18
2022-10-13 00:07:59,397 - DEBUG - Read first 160 million reads
2022-10-13 00:09:06,875 - DEBUG - Marking up chromosome 19
2022-10-13 00:10:35,349 - DEBUG - Read first 170 million reads
2022-10-13 00:11:34,770 - DEBUG - Marking up chromosome 2
2022-10-13 00:12:25,528 - DEBUG - Read first 180 million reads
2022-10-13 00:14:50,127 - DEBUG - Read first 190 million reads
2022-10-13 00:17:17,266 - DEBUG - Read first 200 million reads
2022-10-13 00:18:43,617 - DEBUG - Marking up chromosome 20
2022-10-13 00:19:26,090 - DEBUG - Read first 210 million reads
2022-10-13 00:20:02,474 - DEBUG - Marking up chromosome 21
2022-10-13 00:21:03,728 - DEBUG - Marking up chromosome 22
2022-10-13 00:21:08,628 - DEBUG - Read first 220 million reads
2022-10-13 00:22:06,232 - DEBUG - Marking up chromosome 3
2022-10-13 00:23:14,747 - DEBUG - Read first 230 million reads
2022-10-13 00:25:11,942 - DEBUG - Read first 240 million reads
2022-10-13 00:27:23,997 - DEBUG - Read first 250 million reads
2022-10-13 00:28:08,333 - DEBUG - Marking up chromosome 4
2022-10-13 00:29:42,700 - DEBUG - Read first 260 million reads
2022-10-13 00:33:22,653 - DEBUG - Read first 270 million reads
2022-10-13 00:33:58,727 - DEBUG - Marking up chromosome 5
2022-10-13 00:35:22,665 - DEBUG - Read first 280 million reads
2022-10-13 00:37:39,897 - DEBUG - Read first 290 million reads
2022-10-13 00:38:36,688 - DEBUG - Marking up chromosome 6
2022-10-13 00:39:55,042 - DEBUG - Read first 300 million reads
2022-10-13 00:41:45,790 - DEBUG - Read first 310 million reads
2022-10-13 00:42:41,376 - DEBUG - Marking up chromosome 7
2022-10-13 00:43:45,745 - DEBUG - Read first 320 million reads
2022-10-13 00:45:52,397 - DEBUG - Read first 330 million reads
2022-10-13 00:46:51,492 - DEBUG - Marking up chromosome 8
2022-10-13 00:47:54,583 - DEBUG - Read first 340 million reads
2022-10-13 00:50:09,844 - DEBUG - Read first 350 million reads
2022-10-13 00:50:37,765 - DEBUG - Marking up chromosome 9
2022-10-13 00:51:58,670 - DEBUG - Read first 360 million reads
2022-10-13 00:53:23,536 - DEBUG - Marking up chromosome MT
2022-10-13 00:53:23,536 - WARNING - The .bam file refers to a chromosome 'MT+' not present in the annotation (.gtf) file
2022-10-13 00:53:23,536 - WARNING - The .bam file refers to a chromosome 'MT-' not present in the annotation (.gtf) file
2022-10-13 00:53:36,736 - DEBUG - Read first 370 million reads
2022-10-13 00:53:51,470 - DEBUG - Marking up chromosome X
2022-10-13 00:55:59,524 - DEBUG - Read first 380 million reads
2022-10-13 00:56:39,742 - DEBUG - Marking up chromosome Y
2022-10-13 00:56:40,304 - DEBUG - Marking up chromosome KI270728.1
2022-10-13 00:56:40,310 - DEBUG - Marking up chromosome KI270727.1
2022-10-13 00:56:40,312 - DEBUG - Marking up chromosome KI270442.1
2022-10-13 00:56:40,312 - WARNING - The .bam file refers to a chromosome 'KI270442.1+' not present in the annotation (.gtf) file
2022-10-13 00:56:40,312 - WARNING - The .bam file refers to a chromosome 'KI270442.1-' not present in the annotation (.gtf) file
2022-10-13 00:56:40,328 - DEBUG - Marking up chromosome KI270729.1
2022-10-13 00:56:40,328 - WARNING - The .bam file refers to a chromosome 'KI270729.1+' not present in the annotation (.gtf) file
2022-10-13 00:56:40,328 - WARNING - The .bam file refers to a chromosome 'KI270729.1-' not present in the annotation (.gtf) file
2022-10-13 00:56:40,329 - DEBUG - Marking up chromosome GL000225.1
2022-10-13 00:56:40,329 - WARNING - The .bam file refers to a chromosome 'GL000225.1+' not present in the annotation (.gtf) file
2022-10-13 00:56:40,329 - WARNING - The .bam file refers to a chromosome 'GL000225.1-' not present in the annotation (.gtf) file
2022-10-13 00:56:40,330 - DEBUG - Marking up chromosome KI270743.1
2022-10-13 00:56:40,330 - WARNING - The .bam file refers to a chromosome 'KI270743.1+' not present in the annotation (.gtf) file
2022-10-13 00:56:40,330 - WARNING - The .bam file refers to a chromosome 'KI270743.1-' not present in the annotation (.gtf) file
2022-10-13 00:56:40,332 - DEBUG - Marking up chromosome GL000008.2
2022-10-13 00:56:40,332 - WARNING - The .bam file refers to a chromosome 'GL000008.2+' not present in the annotation (.gtf) file
2022-10-13 00:56:40,332 - WARNING - The .bam file refers to a chromosome 'GL000008.2-' not present in the annotation (.gtf) file
2022-10-13 00:56:40,337 - DEBUG - Marking up chromosome GL000009.2
2022-10-13 00:56:40,337 - WARNING - The .bam file refers to a chromosome 'GL000009.2+' not present in the annotation (.gtf) file
2022-10-13 00:56:40,339 - DEBUG - Marking up chromosome KI270747.1
2022-10-13 00:56:40,339 - WARNING - The .bam file refers to a chromosome 'KI270747.1+' not present in the annotation (.gtf) file
2022-10-13 00:56:40,340 - WARNING - The .bam file refers to a chromosome 'KI270747.1-' not present in the annotation (.gtf) file
2022-10-13 00:56:40,340 - DEBUG - Marking up chromosome KI270722.1
2022-10-13 00:56:40,340 - WARNING - The .bam file refers to a chromosome 'KI270722.1+' not present in the annotation (.gtf) file
2022-10-13 00:56:40,340 - WARNING - The .bam file refers to a chromosome 'KI270722.1-' not present in the annotation (.gtf) file
2022-10-13 00:56:40,341 - DEBUG - Marking up chromosome GL000194.1
2022-10-13 00:56:40,341 - WARNING - The .bam file refers to a chromosome 'GL000194.1+' not present in the annotation (.gtf) file
2022-10-13 00:56:40,350 - DEBUG - Marking up chromosome KI270742.1
2022-10-13 00:56:40,351 - WARNING - The .bam file refers to a chromosome 'KI270742.1+' not present in the annotation (.gtf) file
2022-10-13 00:56:40,351 - WARNING - The .bam file refers to a chromosome 'KI270742.1-' not present in the annotation (.gtf) file
2022-10-13 00:56:40,371 - DEBUG - Marking up chromosome GL000205.2
2022-10-13 00:56:40,371 - WARNING - The .bam file refers to a chromosome 'GL000205.2+' not present in the annotation (.gtf) file
2022-10-13 00:56:40,652 - DEBUG - Marking up chromosome GL000195.1
2022-10-13 00:56:41,762 - DEBUG - Marking up chromosome KI270736.1
2022-10-13 00:56:41,762 - WARNING - The .bam file refers to a chromosome 'KI270736.1+' not present in the annotation (.gtf) file
2022-10-13 00:56:41,762 - WARNING - The .bam file refers to a chromosome 'KI270736.1-' not present in the annotation (.gtf) file
2022-10-13 00:56:41,763 - DEBUG - Marking up chromosome KI270733.1
2022-10-13 00:56:41,763 - WARNING - The .bam file refers to a chromosome 'KI270733.1+' not present in the annotation (.gtf) file
2022-10-13 00:56:41,763 - WARNING - The .bam file refers to a chromosome 'KI270733.1-' not present in the annotation (.gtf) file
2022-10-13 00:56:42,230 - DEBUG - Marking up chromosome GL000224.1
2022-10-13 00:56:42,231 - WARNING - The .bam file refers to a chromosome 'GL000224.1+' not present in the annotation (.gtf) file
2022-10-13 00:56:42,231 - WARNING - The .bam file refers to a chromosome 'GL000224.1-' not present in the annotation (.gtf) file
2022-10-13 00:56:42,244 - DEBUG - Marking up chromosome GL000219.1
2022-10-13 00:56:42,244 - WARNING - The .bam file refers to a chromosome 'GL000219.1+' not present in the annotation (.gtf) file
2022-10-13 00:56:42,714 - DEBUG - Marking up chromosome KI270719.1
2022-10-13 00:56:42,714 - WARNING - The .bam file refers to a chromosome 'KI270719.1+' not present in the annotation (.gtf) file
2022-10-13 00:56:42,714 - WARNING - The .bam file refers to a chromosome 'KI270719.1-' not present in the annotation (.gtf) file
2022-10-13 00:56:42,731 - DEBUG - Marking up chromosome GL000216.2
2022-10-13 00:56:42,731 - WARNING - The .bam file refers to a chromosome 'GL000216.2+' not present in the annotation (.gtf) file
2022-10-13 00:56:42,731 - WARNING - The .bam file refers to a chromosome 'GL000216.2-' not present in the annotation (.gtf) file
2022-10-13 00:56:42,731 - DEBUG - Marking up chromosome KI270712.1
2022-10-13 00:56:42,731 - WARNING - The .bam file refers to a chromosome 'KI270712.1+' not present in the annotation (.gtf) file
2022-10-13 00:56:42,731 - WARNING - The .bam file refers to a chromosome 'KI270712.1-' not present in the annotation (.gtf) file
2022-10-13 00:56:42,779 - DEBUG - Marking up chromosome KI270706.1
2022-10-13 00:56:42,779 - WARNING - The .bam file refers to a chromosome 'KI270706.1+' not present in the annotation (.gtf) file
2022-10-13 00:56:42,779 - WARNING - The .bam file refers to a chromosome 'KI270706.1-' not present in the annotation (.gtf) file
2022-10-13 00:56:42,905 - DEBUG - Marking up chromosome KI270725.1
2022-10-13 00:56:42,905 - WARNING - The .bam file refers to a chromosome 'KI270725.1+' not present in the annotation (.gtf) file
2022-10-13 00:56:42,905 - WARNING - The .bam file refers to a chromosome 'KI270725.1-' not present in the annotation (.gtf) file
2022-10-13 00:56:42,907 - DEBUG - Marking up chromosome KI270744.1
2022-10-13 00:56:42,907 - WARNING - The .bam file refers to a chromosome 'KI270744.1+' not present in the annotation (.gtf) file
2022-10-13 00:56:42,907 - WARNING - The .bam file refers to a chromosome 'KI270744.1-' not present in the annotation (.gtf) file
2022-10-13 00:56:42,912 - DEBUG - Marking up chromosome KI270734.1
2022-10-13 00:56:42,916 - DEBUG - Marking up chromosome GL000213.1
2022-10-13 00:56:42,916 - WARNING - The .bam file refers to a chromosome 'GL000213.1+' not present in the annotation (.gtf) file
2022-10-13 00:56:42,917 - DEBUG - Marking up chromosome GL000220.1
2022-10-13 00:56:42,917 - WARNING - The .bam file refers to a chromosome 'GL000220.1+' not present in the annotation (.gtf) file
2022-10-13 00:56:42,917 - WARNING - The .bam file refers to a chromosome 'GL000220.1-' not present in the annotation (.gtf) file
2022-10-13 00:56:45,964 - DEBUG - Marking up chromosome KI270715.1
2022-10-13 00:56:45,964 - WARNING - The .bam file refers to a chromosome 'KI270715.1+' not present in the annotation (.gtf) file
2022-10-13 00:56:45,964 - WARNING - The .bam file refers to a chromosome 'KI270715.1-' not present in the annotation (.gtf) file
2022-10-13 00:56:45,965 - DEBUG - Marking up chromosome GL000218.1
2022-10-13 00:56:45,965 - WARNING - The .bam file refers to a chromosome 'GL000218.1+' not present in the annotation (.gtf) file
2022-10-13 00:56:45,965 - DEBUG - Marking up chromosome KI270749.1
2022-10-13 00:56:45,965 - WARNING - The .bam file refers to a chromosome 'KI270749.1+' not present in the annotation (.gtf) file
2022-10-13 00:56:45,965 - WARNING - The .bam file refers to a chromosome 'KI270749.1-' not present in the annotation (.gtf) file
2022-10-13 00:56:45,969 - DEBUG - Marking up chromosome KI270741.1
2022-10-13 00:56:45,969 - WARNING - The .bam file refers to a chromosome 'KI270741.1+' not present in the annotation (.gtf) file
2022-10-13 00:56:45,969 - WARNING - The .bam file refers to a chromosome 'KI270741.1-' not present in the annotation (.gtf) file
2022-10-13 00:56:45,973 - DEBUG - Marking up chromosome GL000221.1
2022-10-13 00:56:45,974 - WARNING - The .bam file refers to a chromosome 'GL000221.1+' not present in the annotation (.gtf) file
2022-10-13 00:56:45,974 - WARNING - The .bam file refers to a chromosome 'GL000221.1-' not present in the annotation (.gtf) file
2022-10-13 00:56:45,999 - DEBUG - Marking up chromosome KI270716.1
2022-10-13 00:56:45,999 - WARNING - The .bam file refers to a chromosome 'KI270716.1+' not present in the annotation (.gtf) file
2022-10-13 00:56:45,999 - WARNING - The .bam file refers to a chromosome 'KI270716.1-' not present in the annotation (.gtf) file
2022-10-13 00:56:46,000 - DEBUG - Marking up chromosome KI270731.1
2022-10-13 00:56:46,000 - WARNING - The .bam file refers to a chromosome 'KI270731.1+' not present in the annotation (.gtf) file
2022-10-13 00:56:46,001 - DEBUG - Marking up chromosome KI270751.1
2022-10-13 00:56:46,001 - WARNING - The .bam file refers to a chromosome 'KI270751.1+' not present in the annotation (.gtf) file
2022-10-13 00:56:46,001 - WARNING - The .bam file refers to a chromosome 'KI270751.1-' not present in the annotation (.gtf) file
2022-10-13 00:56:46,001 - DEBUG - Marking up chromosome KI270750.1
2022-10-13 00:56:46,001 - WARNING - The .bam file refers to a chromosome 'KI270750.1+' not present in the annotation (.gtf) file
2022-10-13 00:56:46,001 - WARNING - The .bam file refers to a chromosome 'KI270750.1-' not present in the annotation (.gtf) file
2022-10-13 00:56:46,001 - DEBUG - Marking up chromosome KI270519.1
2022-10-13 00:56:46,001 - WARNING - The .bam file refers to a chromosome 'KI270519.1+' not present in the annotation (.gtf) file
2022-10-13 00:56:46,001 - WARNING - The .bam file refers to a chromosome 'KI270519.1-' not present in the annotation (.gtf) file
2022-10-13 00:56:46,002 - DEBUG - Marking up chromosome GL000214.1
2022-10-13 00:56:46,002 - WARNING - The .bam file refers to a chromosome 'GL000214.1+' not present in the annotation (.gtf) file
2022-10-13 00:56:46,002 - WARNING - The .bam file refers to a chromosome 'GL000214.1-' not present in the annotation (.gtf) file
2022-10-13 00:56:46,003 - DEBUG - Marking up chromosome KI270708.1
2022-10-13 00:56:46,003 - WARNING - The .bam file refers to a chromosome 'KI270708.1+' not present in the annotation (.gtf) file
2022-10-13 00:56:46,003 - WARNING - The .bam file refers to a chromosome 'KI270708.1-' not present in the annotation (.gtf) file
2022-10-13 00:56:46,003 - DEBUG - Marking up chromosome KI270730.1
2022-10-13 00:56:46,003 - WARNING - The .bam file refers to a chromosome 'KI270730.1+' not present in the annotation (.gtf) file
2022-10-13 00:56:46,003 - WARNING - The .bam file refers to a chromosome 'KI270730.1-' not present in the annotation (.gtf) file
2022-10-13 00:56:46,004 - DEBUG - Marking up chromosome KI270438.1
2022-10-13 00:56:46,004 - WARNING - The .bam file refers to a chromosome 'KI270438.1+' not present in the annotation (.gtf) file
2022-10-13 00:56:46,004 - WARNING - The .bam file refers to a chromosome 'KI270438.1-' not present in the annotation (.gtf) file
2022-10-13 00:56:46,005 - DEBUG - Marking up chromosome KI270737.1
2022-10-13 00:56:46,005 - WARNING - The .bam file refers to a chromosome 'KI270737.1+' not present in the annotation (.gtf) file
2022-10-13 00:56:46,005 - WARNING - The .bam file refers to a chromosome 'KI270737.1-' not present in the annotation (.gtf) file
2022-10-13 00:56:46,006 - DEBUG - Marking up chromosome KI270721.1
2022-10-13 00:56:46,006 - WARNING - The .bam file refers to a chromosome 'KI270721.1-' not present in the annotation (.gtf) file
2022-10-13 00:56:46,010 - DEBUG - Marking up chromosome KI270738.1
2022-10-13 00:56:46,010 - WARNING - The .bam file refers to a chromosome 'KI270738.1+' not present in the annotation (.gtf) file
2022-10-13 00:56:46,010 - WARNING - The .bam file refers to a chromosome 'KI270738.1-' not present in the annotation (.gtf) file
2022-10-13 00:56:46,011 - DEBUG - Marking up chromosome KI270748.1
2022-10-13 00:56:46,011 - WARNING - The .bam file refers to a chromosome 'KI270748.1+' not present in the annotation (.gtf) file
2022-10-13 00:56:46,011 - WARNING - The .bam file refers to a chromosome 'KI270748.1-' not present in the annotation (.gtf) file
2022-10-13 00:56:46,012 - DEBUG - Marking up chromosome KI270435.1
2022-10-13 00:56:46,012 - WARNING - The .bam file refers to a chromosome 'KI270435.1+' not present in the annotation (.gtf) file
2022-10-13 00:56:46,012 - WARNING - The .bam file refers to a chromosome 'KI270435.1-' not present in the annotation (.gtf) file
2022-10-13 00:56:46,013 - DEBUG - Marking up chromosome GL000208.1
2022-10-13 00:56:46,013 - WARNING - The .bam file refers to a chromosome 'GL000208.1+' not present in the annotation (.gtf) file
2022-10-13 00:56:46,013 - WARNING - The .bam file refers to a chromosome 'GL000208.1-' not present in the annotation (.gtf) file
2022-10-13 00:56:46,013 - DEBUG - Marking up chromosome KI270538.1
2022-10-13 00:56:46,013 - WARNING - The .bam file refers to a chromosome 'KI270538.1+' not present in the annotation (.gtf) file
2022-10-13 00:56:46,013 - WARNING - The .bam file refers to a chromosome 'KI270538.1-' not present in the annotation (.gtf) file
2022-10-13 00:56:46,013 - DEBUG - Marking up chromosome KI270757.1
2022-10-13 00:56:46,014 - WARNING - The .bam file refers to a chromosome 'KI270757.1+' not present in the annotation (.gtf) file
2022-10-13 00:56:46,014 - WARNING - The .bam file refers to a chromosome 'KI270757.1-' not present in the annotation (.gtf) file
2022-10-13 00:56:46,014 - DEBUG - Marking up chromosome KI270709.1
2022-10-13 00:56:46,014 - WARNING - The .bam file refers to a chromosome 'KI270709.1+' not present in the annotation (.gtf) file
2022-10-13 00:56:46,014 - WARNING - The .bam file refers to a chromosome 'KI270709.1-' not present in the annotation (.gtf) file
2022-10-13 00:56:46,015 - DEBUG - Marking up chromosome KI270746.1
2022-10-13 00:56:46,015 - WARNING - The .bam file refers to a chromosome 'KI270746.1+' not present in the annotation (.gtf) file
2022-10-13 00:56:46,015 - WARNING - The .bam file refers to a chromosome 'KI270746.1-' not present in the annotation (.gtf) file
2022-10-13 00:56:46,016 - DEBUG - Marking up chromosome KI270753.1
2022-10-13 00:56:46,016 - WARNING - The .bam file refers to a chromosome 'KI270753.1+' not present in the annotation (.gtf) file
2022-10-13 00:56:46,016 - WARNING - The .bam file refers to a chromosome 'KI270753.1-' not present in the annotation (.gtf) file
2022-10-13 00:56:46,016 - DEBUG - Marking up chromosome KI270589.1
2022-10-13 00:56:46,016 - WARNING - The .bam file refers to a chromosome 'KI270589.1+' not present in the annotation (.gtf) file
2022-10-13 00:56:46,016 - WARNING - The .bam file refers to a chromosome 'KI270589.1-' not present in the annotation (.gtf) file
2022-10-13 00:56:46,017 - DEBUG - Marking up chromosome KI270726.1
2022-10-13 00:56:46,017 - WARNING - The .bam file refers to a chromosome 'KI270726.1-' not present in the annotation (.gtf) file
2022-10-13 00:56:46,017 - DEBUG - Marking up chromosome KI270735.1
2022-10-13 00:56:46,017 - WARNING - The .bam file refers to a chromosome 'KI270735.1+' not present in the annotation (.gtf) file
2022-10-13 00:56:46,017 - WARNING - The .bam file refers to a chromosome 'KI270735.1-' not present in the annotation (.gtf) file
2022-10-13 00:56:46,018 - DEBUG - Marking up chromosome KI270711.1
2022-10-13 00:56:46,018 - WARNING - The .bam file refers to a chromosome 'KI270711.1+' not present in the annotation (.gtf) file
2022-10-13 00:56:46,076 - DEBUG - Marking up chromosome KI270745.1
2022-10-13 00:56:46,076 - WARNING - The .bam file refers to a chromosome 'KI270745.1+' not present in the annotation (.gtf) file
2022-10-13 00:56:46,076 - WARNING - The .bam file refers to a chromosome 'KI270745.1-' not present in the annotation (.gtf) file
2022-10-13 00:56:46,078 - DEBUG - Marking up chromosome KI270714.1
2022-10-13 00:56:46,078 - WARNING - The .bam file refers to a chromosome 'KI270714.1+' not present in the annotation (.gtf) file
2022-10-13 00:56:46,078 - WARNING - The .bam file refers to a chromosome 'KI270714.1-' not present in the annotation (.gtf) file
2022-10-13 00:56:46,078 - DEBUG - Marking up chromosome KI270732.1
2022-10-13 00:56:46,078 - WARNING - The .bam file refers to a chromosome 'KI270732.1+' not present in the annotation (.gtf) file
2022-10-13 00:56:46,079 - WARNING - The .bam file refers to a chromosome 'KI270732.1-' not present in the annotation (.gtf) file
2022-10-13 00:56:46,079 - DEBUG - Marking up chromosome KI270713.1
2022-10-13 00:56:46,085 - DEBUG - Marking up chromosome KI270754.1
2022-10-13 00:56:46,085 - WARNING - The .bam file refers to a chromosome 'KI270754.1+' not present in the annotation (.gtf) file
2022-10-13 00:56:46,085 - WARNING - The .bam file refers to a chromosome 'KI270754.1-' not present in the annotation (.gtf) file
2022-10-13 00:56:46,085 - DEBUG - Marking up chromosome KI270710.1
2022-10-13 00:56:46,085 - WARNING - The .bam file refers to a chromosome 'KI270710.1+' not present in the annotation (.gtf) file
2022-10-13 00:56:46,085 - WARNING - The .bam file refers to a chromosome 'KI270710.1-' not present in the annotation (.gtf) file
2022-10-13 00:56:46,086 - DEBUG - Marking up chromosome KI270717.1
2022-10-13 00:56:46,086 - WARNING - The .bam file refers to a chromosome 'KI270717.1+' not present in the annotation (.gtf) file
2022-10-13 00:56:46,086 - WARNING - The .bam file refers to a chromosome 'KI270717.1-' not present in the annotation (.gtf) file
2022-10-13 00:56:46,088 - DEBUG - Marking up chromosome KI270724.1
2022-10-13 00:56:46,088 - WARNING - The .bam file refers to a chromosome 'KI270724.1+' not present in the annotation (.gtf) file
2022-10-13 00:56:46,088 - WARNING - The .bam file refers to a chromosome 'KI270724.1-' not present in the annotation (.gtf) file
2022-10-13 00:56:46,088 - DEBUG - Marking up chromosome KI270720.1
2022-10-13 00:56:46,088 - WARNING - The .bam file refers to a chromosome 'KI270720.1+' not present in the annotation (.gtf) file
2022-10-13 00:56:46,088 - WARNING - The .bam file refers to a chromosome 'KI270720.1-' not present in the annotation (.gtf) file
2022-10-13 00:56:46,089 - DEBUG - Marking up chromosome KI270723.1
2022-10-13 00:56:46,089 - WARNING - The .bam file refers to a chromosome 'KI270723.1+' not present in the annotation (.gtf) file
2022-10-13 00:56:46,089 - WARNING - The .bam file refers to a chromosome 'KI270723.1-' not present in the annotation (.gtf) file
2022-10-13 00:56:46,090 - DEBUG - Marking up chromosome KI270718.1
2022-10-13 00:56:46,090 - WARNING - The .bam file refers to a chromosome 'KI270718.1+' not present in the annotation (.gtf) file
2022-10-13 00:56:46,090 - WARNING - The .bam file refers to a chromosome 'KI270718.1-' not present in the annotation (.gtf) file
2022-10-13 00:56:46,108 - DEBUG - Marking up chromosome KI270755.1
2022-10-13 00:56:46,108 - WARNING - The .bam file refers to a chromosome 'KI270755.1+' not present in the annotation (.gtf) file
2022-10-13 00:56:46,108 - WARNING - The .bam file refers to a chromosome 'KI270755.1-' not present in the annotation (.gtf) file
2022-10-13 00:56:46,109 - DEBUG - Marking up chromosome KI270707.1
2022-10-13 00:56:46,109 - WARNING - The .bam file refers to a chromosome 'KI270707.1+' not present in the annotation (.gtf) file
2022-10-13 00:56:46,109 - WARNING - The .bam file refers to a chromosome 'KI270707.1-' not present in the annotation (.gtf) file
2022-10-13 00:56:46,120 - DEBUG - Marking up chromosome KI270512.1
2022-10-13 00:56:46,120 - WARNING - The .bam file refers to a chromosome 'KI270512.1+' not present in the annotation (.gtf) file
2022-10-13 00:56:46,120 - WARNING - The .bam file refers to a chromosome 'KI270512.1-' not present in the annotation (.gtf) file
2022-10-13 00:56:46,120 - DEBUG - Marking up chromosome GL000226.1
2022-10-13 00:56:46,120 - WARNING - The .bam file refers to a chromosome 'GL000226.1+' not present in the annotation (.gtf) file
2022-10-13 00:56:46,120 - WARNING - The .bam file refers to a chromosome 'GL000226.1-' not present in the annotation (.gtf) file
2022-10-13 00:56:46,120 - DEBUG - Marking up chromosome KI270366.1
2022-10-13 00:56:46,120 - WARNING - The .bam file refers to a chromosome 'KI270366.1+' not present in the annotation (.gtf) file
2022-10-13 00:56:46,120 - WARNING - The .bam file refers to a chromosome 'KI270366.1-' not present in the annotation (.gtf) file
2022-10-13 00:56:46,120 - DEBUG - Marking up chromosome KI270522.1
2022-10-13 00:56:46,120 - WARNING - The .bam file refers to a chromosome 'KI270522.1+' not present in the annotation (.gtf) file
2022-10-13 00:56:46,120 - WARNING - The .bam file refers to a chromosome 'KI270522.1-' not present in the annotation (.gtf) file
2022-10-13 00:56:46,120 - DEBUG - Marking up chromosome KI270590.1
2022-10-13 00:56:46,120 - WARNING - The .bam file refers to a chromosome 'KI270590.1+' not present in the annotation (.gtf) file
2022-10-13 00:56:46,120 - WARNING - The .bam file refers to a chromosome 'KI270590.1-' not present in the annotation (.gtf) file
2022-10-13 00:56:46,120 - DEBUG - Marking up chromosome KI270584.1
2022-10-13 00:56:46,120 - WARNING - The .bam file refers to a chromosome 'KI270584.1+' not present in the annotation (.gtf) file
2022-10-13 00:56:46,121 - WARNING - The .bam file refers to a chromosome 'KI270584.1-' not present in the annotation (.gtf) file
2022-10-13 00:56:46,121 - DEBUG - Marking up chromosome KI270467.1
2022-10-13 00:56:46,121 - WARNING - The .bam file refers to a chromosome 'KI270467.1+' not present in the annotation (.gtf) file
2022-10-13 00:56:46,121 - WARNING - The .bam file refers to a chromosome 'KI270467.1-' not present in the annotation (.gtf) file
2022-10-13 00:56:46,121 - DEBUG - Marking up chromosome KI270315.1
2022-10-13 00:56:46,121 - WARNING - The .bam file refers to a chromosome 'KI270315.1+' not present in the annotation (.gtf) file
2022-10-13 00:56:46,121 - WARNING - The .bam file refers to a chromosome 'KI270315.1-' not present in the annotation (.gtf) file
2022-10-13 00:56:46,121 - DEBUG - Marking up chromosome KI270304.1
2022-10-13 00:56:46,121 - WARNING - The .bam file refers to a chromosome 'KI270304.1+' not present in the annotation (.gtf) file
2022-10-13 00:56:46,121 - WARNING - The .bam file refers to a chromosome 'KI270304.1-' not present in the annotation (.gtf) file
2022-10-13 00:56:46,121 - DEBUG - Marking up chromosome KI270303.1
2022-10-13 00:56:46,121 - WARNING - The .bam file refers to a chromosome 'KI270303.1+' not present in the annotation (.gtf) file
2022-10-13 00:56:46,121 - WARNING - The .bam file refers to a chromosome 'KI270303.1-' not present in the annotation (.gtf) file
2022-10-13 00:56:46,121 - DEBUG - Marking up chromosome KI270330.1
2022-10-13 00:56:46,121 - WARNING - The .bam file refers to a chromosome 'KI270330.1+' not present in the annotation (.gtf) file
2022-10-13 00:56:46,121 - WARNING - The .bam file refers to a chromosome 'KI270330.1-' not present in the annotation (.gtf) file
2022-10-13 00:56:46,122 - DEBUG - Marking up chromosome KI270580.1
2022-10-13 00:56:46,122 - WARNING - The .bam file refers to a chromosome 'KI270580.1+' not present in the annotation (.gtf) file
2022-10-13 00:56:46,122 - WARNING - The .bam file refers to a chromosome 'KI270580.1-' not present in the annotation (.gtf) file
2022-10-13 00:56:46,122 - DEBUG - Marking up chromosome KI270466.1
2022-10-13 00:56:46,123 - WARNING - The .bam file refers to a chromosome 'KI270466.1+' not present in the annotation (.gtf) file
2022-10-13 00:56:46,123 - WARNING - The .bam file refers to a chromosome 'KI270466.1-' not present in the annotation (.gtf) file
2022-10-13 00:56:46,123 - DEBUG - Marking up chromosome KI270310.1
2022-10-13 00:56:46,123 - WARNING - The .bam file refers to a chromosome 'KI270310.1+' not present in the annotation (.gtf) file
2022-10-13 00:56:46,123 - WARNING - The .bam file refers to a chromosome 'KI270310.1-' not present in the annotation (.gtf) file
2022-10-13 00:56:51,554 - DEBUG - Read first 390 million reads
2022-10-13 00:57:06,568 - DEBUG - Read first 400 million reads
2022-10-13 00:57:08,610 - DEBUG - End of file. Reset index: start scanning from initial position.
2022-10-13 00:57:08,611 - DEBUG - 17436441 reads were skipped because no apropiate cell or umi barcode was found
2022-10-13 00:57:08,611 - DEBUG - Start molecule counting!
2022-10-13 00:57:12,131 - DEBUG - Features available for chromosomes : ['GL000009.2-', 'GL000194.1-', 'GL000195.1-', 'GL000195.1+', 'GL000205.2-', 'GL000213.1-', 'GL000218.1-', 'GL000219.1-', 'KI270711.1-', 'KI270713.1-', 'KI270713.1+', 'KI270721.1+', 'KI270726.1+', 'KI270727.1-', 'KI270727.1+', 'KI270728.1-', 'KI270728.1+', 'KI270731.1-', 'KI270734.1-', 'KI270734.1+', '1-', '1+', '10-', '10+', '11-', '11+', '12-', '12+', '13-', '13+', '14-', '14+', '15-', '15+', '16-', '16+', '17-', '17+', '18-', '18+', '19-', '19+', '2-', '2+', '20-', '20+', '21-', '21+', '22-', '22+', '3-', '3+', '4-', '4+', '5-', '5+', '6-', '6+', '7-', '7+', '8-', '8+', '9-', '9+', 'M-', 'M+', 'X-', 'X+', 'Y-', 'Y+']
2022-10-13 00:57:12,132 - DEBUG - Mask available for chromosomes : []
2022-10-13 00:57:12,132 - DEBUG - Summarizing the results of intron validation.
2022-10-13 00:57:12,818 - DEBUG - Validated 682941 introns (of which unique intervals 211351) out of 1106199 total possible introns (considering each possible transcript models).
2022-10-13 00:57:12,819 - DEBUG - Reading /storage/singlecell/zz4/fetal_bash/data/Retina_fetal/Multiome_10w_FR/outs/cellsorted_gex_possorted_bam.bam
2022-10-13 00:57:12,882 - DEBUG - Read first 0 million reads
2022-10-13 00:57:45,004 - DEBUG - Read first 10 million reads
2022-10-13 00:58:17,876 - DEBUG - Read first 20 million reads
2022-10-13 00:59:07,489 - DEBUG - Counting for batch 1, containing 100 cells and 3982980 reads
2022-10-13 01:01:24,067 - DEBUG - 0 reads not considered because fully enclosed in repeat masked regions
2022-10-13 01:02:47,611 - DEBUG - Read first 30 million reads
2022-10-13 01:03:03,677 - DEBUG - Counting for batch 2, containing 100 cells and 5521480 reads
2022-10-13 01:06:03,245 - DEBUG - 0 reads not considered because fully enclosed in repeat masked regions
2022-10-13 01:07:32,335 - DEBUG - Counting for batch 3, containing 100 cells and 4471259 reads
2022-10-13 01:10:00,531 - DEBUG - 0 reads not considered because fully enclosed in repeat masked regions
2022-10-13 01:11:03,952 - DEBUG - Read first 40 million reads
2022-10-13 01:11:35,256 - DEBUG - Counting for batch 4, containing 100 cells and 5309522 reads
2022-10-13 01:14:38,854 - DEBUG - 0 reads not considered because fully enclosed in repeat masked regions
2022-10-13 01:16:15,200 - DEBUG - Counting for batch 5, containing 100 cells and 4952570 reads
2022-10-13 01:19:05,827 - DEBUG - 0 reads not considered because fully enclosed in repeat masked regions
2022-10-13 01:19:44,551 - DEBUG - Read first 50 million reads
2022-10-13 01:20:48,537 - DEBUG - Counting for batch 6, containing 100 cells and 5847203 reads
2022-10-13 01:24:05,239 - DEBUG - 0 reads not considered because fully enclosed in repeat masked regions
2022-10-13 01:25:22,218 - DEBUG - Read first 60 million reads
2022-10-13 01:26:02,109 - DEBUG - Counting for batch 7, containing 100 cells and 5812234 reads
2022-10-13 01:29:18,828 - DEBUG - 0 reads not considered because fully enclosed in repeat masked regions
2022-10-13 01:30:59,483 - DEBUG - Counting for batch 8, containing 100 cells and 5093981 reads
2022-10-13 01:34:05,492 - DEBUG - 0 reads not considered because fully enclosed in repeat masked regions
2022-10-13 01:34:40,240 - DEBUG - Read first 70 million reads
2022-10-13 01:35:21,843 - DEBUG - Counting for batch 9, containing 100 cells and 4571088 reads
2022-10-13 01:37:58,854 - DEBUG - 0 reads not considered because fully enclosed in repeat masked regions
2022-10-13 01:39:11,036 - DEBUG - Read first 80 million reads
2022-10-13 01:39:14,089 - DEBUG - Counting for batch 10, containing 100 cells and 4320376 reads
2022-10-13 01:41:43,839 - DEBUG - 0 reads not considered because fully enclosed in repeat masked regions
2022-10-13 01:43:05,292 - DEBUG - Counting for batch 11, containing 100 cells and 5378422 reads
2022-10-13 01:45:58,364 - DEBUG - 0 reads not considered because fully enclosed in repeat masked regions
2022-10-13 01:46:53,785 - DEBUG - Read first 90 million reads
2022-10-13 01:47:27,092 - DEBUG - Counting for batch 12, containing 100 cells and 4893518 reads
2022-10-13 01:50:00,440 - DEBUG - 0 reads not considered because fully enclosed in repeat masked regions
2022-10-13 01:51:28,642 - DEBUG - Read first 100 million reads
2022-10-13 01:51:41,094 - DEBUG - Counting for batch 13, containing 100 cells and 6081124 reads
2022-10-13 01:55:06,731 - DEBUG - 0 reads not considered because fully enclosed in repeat masked regions
2022-10-13 01:56:35,199 - DEBUG - Counting for batch 14, containing 100 cells and 5254374 reads
2022-10-13 01:59:28,136 - DEBUG - 0 reads not considered because fully enclosed in repeat masked regions
2022-10-13 02:00:21,403 - DEBUG - Read first 110 million reads
2022-10-13 02:00:55,833 - DEBUG - Counting for batch 15, containing 100 cells and 5362374 reads
2022-10-13 02:03:41,619 - DEBUG - 0 reads not considered because fully enclosed in repeat masked regions
2022-10-13 02:05:17,063 - DEBUG - Read first 120 million reads
2022-10-13 02:05:27,613 - DEBUG - Counting for batch 16, containing 100 cells and 6357693 reads
2022-10-13 02:08:47,857 - DEBUG - 0 reads not considered because fully enclosed in repeat masked regions
2022-10-13 02:10:18,172 - DEBUG - Counting for batch 17, containing 100 cells and 4691345 reads
2022-10-13 02:12:49,568 - DEBUG - 0 reads not considered because fully enclosed in repeat masked regions
2022-10-13 02:13:43,856 - DEBUG - Read first 130 million reads
2022-10-13 02:14:19,312 - DEBUG - Counting for batch 18, containing 100 cells and 5510716 reads
2022-10-13 02:17:18,443 - DEBUG - 0 reads not considered because fully enclosed in repeat masked regions
2022-10-13 02:18:49,281 - DEBUG - Read first 140 million reads
2022-10-13 02:18:56,512 - DEBUG - Counting for batch 19, containing 100 cells and 6009750 reads
2022-10-13 02:22:12,731 - DEBUG - 0 reads not considered because fully enclosed in repeat masked regions
2022-10-13 02:23:42,229 - DEBUG - Counting for batch 20, containing 100 cells and 4672190 reads
2022-10-13 02:26:07,668 - DEBUG - 0 reads not considered because fully enclosed in repeat masked regions
2022-10-13 02:27:09,130 - DEBUG - Read first 150 million reads
2022-10-13 02:27:31,491 - DEBUG - Counting for batch 21, containing 100 cells and 4751709 reads
2022-10-13 02:30:17,931 - DEBUG - 0 reads not considered because fully enclosed in repeat masked regions
2022-10-13 02:31:43,242 - DEBUG - Counting for batch 22, containing 100 cells and 5023518 reads
2022-10-13 02:34:29,877 - DEBUG - 0 reads not considered because fully enclosed in repeat masked regions
2022-10-13 02:35:11,158 - DEBUG - Read first 160 million reads
2022-10-13 02:36:01,930 - DEBUG - Counting for batch 23, containing 100 cells and 5468318 reads
2022-10-13 02:39:07,232 - DEBUG - 0 reads not considered because fully enclosed in repeat masked regions
2022-10-13 02:40:20,158 - DEBUG - Read first 170 million reads
2022-10-13 02:40:27,014 - DEBUG - Counting for batch 24, containing 100 cells and 4595281 reads
2022-10-13 02:42:58,947 - DEBUG - 0 reads not considered because fully enclosed in repeat masked regions
2022-10-13 02:44:03,562 - DEBUG - Counting for batch 25, containing 100 cells and 3671316 reads
2022-10-13 02:46:07,964 - DEBUG - 0 reads not considered because fully enclosed in repeat masked regions
2022-10-13 02:47:10,647 - DEBUG - Read first 180 million reads
2022-10-13 02:47:39,390 - DEBUG - Counting for batch 26, containing 100 cells and 6206623 reads
2022-10-13 02:51:05,665 - DEBUG - 0 reads not considered because fully enclosed in repeat masked regions
2022-10-13 02:52:46,152 - DEBUG - Counting for batch 27, containing 100 cells and 5777605 reads
2022-10-13 02:55:46,615 - DEBUG - 0 reads not considered because fully enclosed in repeat masked regions
2022-10-13 02:56:26,262 - DEBUG - Read first 190 million reads
2022-10-13 02:57:30,071 - DEBUG - Counting for batch 28, containing 100 cells and 5283066 reads
2022-10-13 03:00:16,101 - DEBUG - 0 reads not considered because fully enclosed in repeat masked regions
2022-10-13 03:01:28,887 - DEBUG - Read first 200 million reads
2022-10-13 03:01:53,027 - DEBUG - Counting for batch 29, containing 100 cells and 4839391 reads
2022-10-13 03:04:23,929 - DEBUG - 0 reads not considered because fully enclosed in repeat masked regions
2022-10-13 03:05:57,947 - DEBUG - Counting for batch 30, containing 100 cells and 5545483 reads
2022-10-13 03:08:54,121 - DEBUG - 0 reads not considered because fully enclosed in repeat masked regions
2022-10-13 03:09:39,712 - DEBUG - Read first 210 million reads
2022-10-13 03:10:21,245 - DEBUG - Counting for batch 31, containing 100 cells and 4300934 reads
2022-10-13 03:12:33,152 - DEBUG - 0 reads not considered because fully enclosed in repeat masked regions
2022-10-13 03:13:49,008 - DEBUG - Counting for batch 32, containing 100 cells and 4180954 reads
2022-10-13 03:16:00,778 - DEBUG - 0 reads not considered because fully enclosed in repeat masked regions
2022-10-13 03:16:29,286 - DEBUG - Read first 220 million reads
2022-10-13 03:17:24,894 - DEBUG - Counting for batch 33, containing 100 cells and 4621544 reads
2022-10-13 03:19:50,802 - DEBUG - 0 reads not considered because fully enclosed in repeat masked regions
2022-10-13 03:21:05,808 - DEBUG - Read first 230 million reads
2022-10-13 03:21:12,464 - DEBUG - Counting for batch 34, containing 100 cells and 4722916 reads
2022-10-13 03:23:46,012 - DEBUG - 0 reads not considered because fully enclosed in repeat masked regions
2022-10-13 03:25:08,354 - DEBUG - Counting for batch 35, containing 100 cells and 5123178 reads
2022-10-13 03:27:57,212 - DEBUG - 0 reads not considered because fully enclosed in repeat masked regions
2022-10-13 03:28:50,581 - DEBUG - Read first 240 million reads
2022-10-13 03:29:12,750 - DEBUG - Counting for batch 36, containing 100 cells and 4088044 reads
2022-10-13 03:31:26,245 - DEBUG - 0 reads not considered because fully enclosed in repeat masked regions
2022-10-13 03:32:51,885 - DEBUG - Counting for batch 37, containing 100 cells and 5286041 reads
2022-10-13 03:35:49,793 - DEBUG - 0 reads not considered because fully enclosed in repeat masked regions
2022-10-13 03:36:32,731 - DEBUG - Read first 250 million reads
2022-10-13 03:37:18,189 - DEBUG - Counting for batch 38, containing 100 cells and 5405547 reads
2022-10-13 03:40:13,453 - DEBUG - 0 reads not considered because fully enclosed in repeat masked regions
2022-10-13 03:41:40,973 - DEBUG - Read first 260 million reads
2022-10-13 03:41:49,789 - DEBUG - Counting for batch 39, containing 100 cells and 5124228 reads
2022-10-13 03:44:48,641 - DEBUG - 0 reads not considered because fully enclosed in repeat masked regions
2022-10-13 03:46:32,805 - DEBUG - Counting for batch 40, containing 100 cells and 4804756 reads
2022-10-13 03:49:04,422 - DEBUG - 0 reads not considered because fully enclosed in repeat masked regions
2022-10-13 03:50:08,778 - DEBUG - Read first 270 million reads
2022-10-13 03:50:34,572 - DEBUG - Counting for batch 41, containing 100 cells and 4666291 reads
2022-10-13 03:53:07,123 - DEBUG - 0 reads not considered because fully enclosed in repeat masked regions
2022-10-13 03:54:34,733 - DEBUG - Counting for batch 42, containing 100 cells and 4696971 reads
2022-10-13 03:57:04,796 - DEBUG - 0 reads not considered because fully enclosed in repeat masked regions
2022-10-13 03:57:51,770 - DEBUG - Read first 280 million reads
2022-10-13 03:58:43,393 - DEBUG - Counting for batch 43, containing 100 cells and 5637199 reads
2022-10-13 04:01:49,846 - DEBUG - 0 reads not considered because fully enclosed in repeat masked regions
2022-10-13 04:03:18,011 - DEBUG - Read first 290 million reads
2022-10-13 04:03:32,419 - DEBUG - Counting for batch 44, containing 100 cells and 5411467 reads
2022-10-13 04:06:24,692 - DEBUG - 0 reads not considered because fully enclosed in repeat masked regions
2022-10-13 04:07:52,807 - DEBUG - Counting for batch 45, containing 100 cells and 4738375 reads
2022-10-13 04:10:26,591 - DEBUG - 0 reads not considered because fully enclosed in repeat masked regions
2022-10-13 04:11:23,484 - DEBUG - Read first 300 million reads
2022-10-13 04:11:44,829 - DEBUG - Counting for batch 46, containing 100 cells and 4056621 reads
2022-10-13 04:14:06,697 - DEBUG - 0 reads not considered because fully enclosed in repeat masked regions
2022-10-13 04:15:53,840 - DEBUG - Counting for batch 47, containing 100 cells and 6875618 reads
2022-10-13 04:19:46,448 - DEBUG - 0 reads not considered because fully enclosed in repeat masked regions
2022-10-13 04:20:36,490 - DEBUG - Read first 310 million reads
2022-10-13 04:21:34,013 - DEBUG - Counting for batch 48, containing 100 cells and 5593477 reads
2022-10-13 04:24:35,313 - DEBUG - 0 reads not considered because fully enclosed in repeat masked regions
2022-10-13 04:25:36,893 - DEBUG - Read first 320 million reads
2022-10-13 04:26:26,987 - DEBUG - Counting for batch 49, containing 100 cells and 7480472 reads
2022-10-13 04:30:25,671 - DEBUG - 0 reads not considered because fully enclosed in repeat masked regions
2022-10-13 04:31:54,807 - DEBUG - Read first 330 million reads
2022-10-13 04:32:12,758 - DEBUG - Counting for batch 50, containing 100 cells and 5737663 reads
2022-10-13 04:35:06,139 - DEBUG - 0 reads not considered because fully enclosed in repeat masked regions
2022-10-13 04:36:33,483 - DEBUG - Counting for batch 51, containing 100 cells and 4392063 reads
2022-10-13 04:38:47,123 - DEBUG - 0 reads not considered because fully enclosed in repeat masked regions
2022-10-13 04:39:41,776 - DEBUG - Read first 340 million reads
2022-10-13 04:40:11,025 - DEBUG - Counting for batch 52, containing 100 cells and 4899469 reads
2022-10-13 04:42:45,239 - DEBUG - 0 reads not considered because fully enclosed in repeat masked regions
2022-10-13 04:44:09,299 - DEBUG - Counting for batch 53, containing 100 cells and 4476891 reads
2022-10-13 04:46:34,798 - DEBUG - 0 reads not considered because fully enclosed in repeat masked regions
2022-10-13 04:47:18,956 - DEBUG - Read first 350 million reads
2022-10-13 04:48:03,995 - DEBUG - Counting for batch 54, containing 100 cells and 5108199 reads
2022-10-13 04:50:50,173 - DEBUG - 0 reads not considered because fully enclosed in repeat masked regions
2022-10-13 04:52:02,234 - DEBUG - Counting for batch 55, containing 100 cells and 3898666 reads
2022-10-13 04:54:02,998 - DEBUG - 0 reads not considered because fully enclosed in repeat masked regions
2022-10-13 04:54:29,797 - DEBUG - Read first 360 million reads
2022-10-13 04:55:25,276 - DEBUG - Counting for batch 56, containing 100 cells and 5011505 reads
2022-10-13 04:58:06,095 - DEBUG - 0 reads not considered because fully enclosed in repeat masked regions
2022-10-13 04:59:19,440 - DEBUG - Read first 370 million reads
2022-10-13 04:59:33,506 - DEBUG - Counting for batch 57, containing 100 cells and 4847675 reads
2022-10-13 05:02:21,519 - DEBUG - 0 reads not considered because fully enclosed in repeat masked regions
2022-10-13 05:03:57,242 - DEBUG - Counting for batch 58, containing 100 cells and 4490692 reads
2022-10-13 05:06:31,201 - DEBUG - 0 reads not considered because fully enclosed in repeat masked regions
2022-10-13 05:07:24,009 - DEBUG - Read first 380 million reads
2022-10-13 05:08:03,029 - DEBUG - Counting for batch 59, containing 100 cells and 5891408 reads
2022-10-13 05:11:22,949 - DEBUG - 0 reads not considered because fully enclosed in repeat masked regions
2022-10-13 05:12:47,931 - DEBUG - Read first 390 million reads
2022-10-13 05:12:59,878 - DEBUG - Counting for batch 60, containing 100 cells and 5356465 reads
2022-10-13 05:15:53,149 - DEBUG - 0 reads not considered because fully enclosed in repeat masked regions
2022-10-13 05:17:35,256 - DEBUG - Counting for batch 61, containing 100 cells and 4682196 reads
2022-10-13 05:20:09,317 - DEBUG - 0 reads not considered because fully enclosed in repeat masked regions
2022-10-13 05:21:04,676 - DEBUG - Read first 400 million reads
2022-10-13 05:21:18,243 - DEBUG - Counting for batch 62, containing 89 cells and 4310971 reads
2022-10-13 05:23:25,134 - DEBUG - 0 reads not considered because fully enclosed in repeat masked regions
2022-10-13 05:23:51,329 - DEBUG - 17436441 reads were skipped because no apropiate cell or umi barcode was found
2022-10-13 05:23:51,333 - DEBUG - Counting done!
2022-10-13 05:23:51,383 - DEBUG - Generating output file /storage/singlecell/zz4/fetal_bash/results/RNA_velocity/Multiome_10w_FR/Multiome_10w_FR.loom
2022-10-13 05:23:51,383 - DEBUG - Collecting row attributes
2022-10-13 05:23:51,526 - DEBUG - Generating data table
2022-10-13 05:23:53,667 - DEBUG - Writing loom file
2022-10-13 05:23:56,262 - DEBUG - Creating converter from 5 to 3
2022-10-13 05:23:56,263 - DEBUG - Creating converter from 3 to 5
2022-10-13 05:24:14,007 - DEBUG - Terminated Succesfully!
ended at Thu Oct 13 05:24:18 CDT 2022 on mhgcp-g00.grid.bcm.edu. Time elapsed: 05:51:57
