Loading required package: ggplot2
Loading required package: SummarizedExperiment
Loading required package: MatrixGenerics
Loading required package: matrixStats

Attaching package: ‘MatrixGenerics’

The following objects are masked from ‘package:matrixStats’:

    colAlls, colAnyNAs, colAnys, colAvgsPerRowSet, colCollapse,
    colCounts, colCummaxs, colCummins, colCumprods, colCumsums,
    colDiffs, colIQRDiffs, colIQRs, colLogSumExps, colMadDiffs,
    colMads, colMaxs, colMeans2, colMedians, colMins, colOrderStats,
    colProds, colQuantiles, colRanges, colRanks, colSdDiffs, colSds,
    colSums2, colTabulates, colVarDiffs, colVars, colWeightedMads,
    colWeightedMeans, colWeightedMedians, colWeightedSds,
    colWeightedVars, rowAlls, rowAnyNAs, rowAnys, rowAvgsPerColSet,
    rowCollapse, rowCounts, rowCummaxs, rowCummins, rowCumprods,
    rowCumsums, rowDiffs, rowIQRDiffs, rowIQRs, rowLogSumExps,
    rowMadDiffs, rowMads, rowMaxs, rowMeans2, rowMedians, rowMins,
    rowOrderStats, rowProds, rowQuantiles, rowRanges, rowRanks,
    rowSdDiffs, rowSds, rowSums2, rowTabulates, rowVarDiffs, rowVars,
    rowWeightedMads, rowWeightedMeans, rowWeightedMedians,
    rowWeightedSds, rowWeightedVars

Loading required package: GenomicRanges
Loading required package: stats4
Loading required package: BiocGenerics

Attaching package: ‘BiocGenerics’

The following objects are masked from ‘package:stats’:

    IQR, mad, sd, var, xtabs

The following objects are masked from ‘package:base’:

    anyDuplicated, append, as.data.frame, basename, cbind, colnames,
    dirname, do.call, duplicated, eval, evalq, Filter, Find, get, grep,
    grepl, intersect, is.unsorted, lapply, Map, mapply, match, mget,
    order, paste, pmax, pmax.int, pmin, pmin.int, Position, rank,
    rbind, Reduce, rownames, sapply, setdiff, sort, table, tapply,
    union, unique, unsplit, which.max, which.min

Loading required package: S4Vectors

Attaching package: ‘S4Vectors’

The following objects are masked from ‘package:base’:

    expand.grid, I, unname

Loading required package: IRanges
Loading required package: GenomeInfoDb
Loading required package: Biobase
Welcome to Bioconductor

    Vignettes contain introductory material; view with
    'browseVignettes()'. To cite Bioconductor, see
    'citation("Biobase")', and for packages 'citation("pkgname")'.


Attaching package: ‘Biobase’

The following object is masked from ‘package:MatrixGenerics’:

    rowMedians

The following objects are masked from ‘package:matrixStats’:

    anyMissing, rowMedians

Loading required package: data.table

Attaching package: ‘data.table’

The following object is masked from ‘package:SummarizedExperiment’:

    shift

The following object is masked from ‘package:GenomicRanges’:

    shift

The following object is masked from ‘package:IRanges’:

    shift

The following objects are masked from ‘package:S4Vectors’:

    first, second

Loading required package: Matrix

Attaching package: ‘Matrix’

The following object is masked from ‘package:S4Vectors’:

    expand

Loading required package: rhdf5
Loading required package: magrittr
Setting default genome to Hg38.
Setting default number of Parallel threads to 10.
Using GeneAnnotation set by addArchRGenome(Hg38)!
Using GeneAnnotation set by addArchRGenome(Hg38)!
ArchR logging to : ArchRLogs/ArchR-createArrows-157f1d0c2fd2-Date-2022-10-11_Time-21-37-04.log
If there is an issue, please report to github with logFile!
2022-10-11 21:37:05 : Batch Execution w/ safelapply!, 0 mins elapsed.
2022-10-11 21:37:07 : (Multi_Fetal_13W_NR : 1 of 25) Reading In Fragments from inputFiles (readMethod = tabix), 0.022 mins elapsed.
2022-10-11 21:37:07 : (Multi_Fetal_13W_NR : 1 of 25) Tabix Bed To Temporary File, 0.023 mins elapsed.
2022-10-11 21:37:07 : (Multi_Fetal_20W2d_FR : 2 of 25) Reading In Fragments from inputFiles (readMethod = tabix), 0.024 mins elapsed.
2022-10-11 21:37:07 : (Multi_Fetal_19W4d_FR : 3 of 25) Reading In Fragments from inputFiles (readMethod = tabix), 0.024 mins elapsed.
2022-10-11 21:37:07 : (Multi_Fetal_19W4d_FR : 3 of 25) Tabix Bed To Temporary File, 0.025 mins elapsed.
2022-10-11 21:37:07 : (Multi_Fetal_20W2d_FR : 2 of 25) Tabix Bed To Temporary File, 0.026 mins elapsed.
2022-10-11 21:37:07 : (Multi_Fetal_14w5d_FR : 4 of 25) Reading In Fragments from inputFiles (readMethod = tabix), 0.028 mins elapsed.
2022-10-11 21:37:07 : (Multi_Fetal_14w5d_FR : 4 of 25) Tabix Bed To Temporary File, 0.029 mins elapsed.
2022-10-11 21:37:07 : (Multi_Fetal_19W4d_NR : 5 of 25) Reading In Fragments from inputFiles (readMethod = tabix), 0.031 mins elapsed.
2022-10-11 21:37:07 : (Multi_Fetal_19W4d_NR : 5 of 25) Tabix Bed To Temporary File, 0.032 mins elapsed.
2022-10-11 21:37:07 : (Multi_Fetal_11w2d_FR : 6 of 25) Reading In Fragments from inputFiles (readMethod = tabix), 0.032 mins elapsed.
2022-10-11 21:37:07 : (Multi_Fetal_11w2d_FR : 6 of 25) Tabix Bed To Temporary File, 0.033 mins elapsed.
2022-10-11 21:37:07 : (Multi_Fetal_13W_FR : 7 of 25) Reading In Fragments from inputFiles (readMethod = tabix), 0.036 mins elapsed.
2022-10-11 21:37:08 : (Multi_Fetal_13W_FR : 7 of 25) Tabix Bed To Temporary File, 0.038 mins elapsed.
2022-10-11 21:37:08 : (Multi_Fetal_23w1d_FR : 8 of 25) Reading In Fragments from inputFiles (readMethod = tabix), 0.041 mins elapsed.
2022-10-11 21:37:08 : (Multi_Fetal_23w1d_NR : 11 of 25) Reading In Fragments from inputFiles (readMethod = tabix), 0.041 mins elapsed.
2022-10-11 21:37:08 : (Multi_Fetal_11w2d_FR_2 : 9 of 25) Reading In Fragments from inputFiles (readMethod = tabix), 0.042 mins elapsed.
2022-10-11 21:37:08 : (Multi_Fetal_23w1d_FR : 8 of 25) Tabix Bed To Temporary File, 0.043 mins elapsed.
2022-10-11 21:37:08 : (Multi_Fetal_23w1d_NR : 11 of 25) Tabix Bed To Temporary File, 0.048 mins elapsed.
2022-10-11 21:37:08 : (Multi_Fetal_11w2d_FR_2 : 9 of 25) Tabix Bed To Temporary File, 0.048 mins elapsed.
2022-10-11 21:37:08 : (Multi_Fetal_20W2d_NR : 10 of 25) Reading In Fragments from inputFiles (readMethod = tabix), 0.048 mins elapsed.
2022-10-11 21:37:08 : (Multi_Fetal_20W2d_NR : 10 of 25) Tabix Bed To Temporary File, 0.05 mins elapsed.
2022-10-11 21:37:09 : (Multiome_10w_NR : 13 of 25) Reading In Fragments from inputFiles (readMethod = tabix), 0.056 mins elapsed.
2022-10-11 21:37:09 : (Multiome_10w_NR : 13 of 25) Tabix Bed To Temporary File, 0.058 mins elapsed.
2022-10-11 21:37:09 : (Multiome_10w_FR : 15 of 25) Reading In Fragments from inputFiles (readMethod = tabix), 0.059 mins elapsed.
2022-10-11 21:37:09 : (Multiome_10w_FR : 15 of 25) Tabix Bed To Temporary File, 0.062 mins elapsed.
2022-10-11 21:37:09 : (Multiome_12w3d_FR : 16 of 25) Reading In Fragments from inputFiles (readMethod = tabix), 0.062 mins elapsed.
2022-10-11 21:37:09 : (Multiome_14w2d_FR : 17 of 25) Reading In Fragments from inputFiles (readMethod = tabix), 0.063 mins elapsed.
2022-10-11 21:37:09 : (Multiome_12w3d_FR : 16 of 25) Tabix Bed To Temporary File, 0.064 mins elapsed.
2022-10-11 21:37:09 : (Multiome_14w2d_FR : 17 of 25) Tabix Bed To Temporary File, 0.064 mins elapsed.
2022-10-11 21:37:09 : (Multiome_12w3d_NR : 14 of 25) Reading In Fragments from inputFiles (readMethod = tabix), 0.065 mins elapsed.
2022-10-11 21:37:09 : (Multi_Fetal_11w2d_NR : 12 of 25) Reading In Fragments from inputFiles (readMethod = tabix), 0.066 mins elapsed.
2022-10-11 21:37:09 : (Multiome_12w3d_NR : 14 of 25) Tabix Bed To Temporary File, 0.067 mins elapsed.
2022-10-11 21:37:09 : (Multi_Fetal_11w2d_NR : 12 of 25) Tabix Bed To Temporary File, 0.068 mins elapsed.
2022-10-11 21:37:10 : (Multiome_23w4d_FR : 18 of 25) Reading In Fragments from inputFiles (readMethod = tabix), 0.07 mins elapsed.
2022-10-11 21:37:10 : (Multiome_23w4d_FR : 18 of 25) Tabix Bed To Temporary File, 0.073 mins elapsed.
2022-10-11 21:37:10 : (Multiome_20w1d_FR : 21 of 25) Reading In Fragments from inputFiles (readMethod = tabix), 0.074 mins elapsed.
2022-10-11 21:37:10 : (Multiome_20w1d_FR : 21 of 25) Tabix Bed To Temporary File, 0.075 mins elapsed.
2022-10-11 21:37:10 : (Multiome_16w4d_FR : 19 of 25) Reading In Fragments from inputFiles (readMethod = tabix), 0.077 mins elapsed.
2022-10-11 21:37:10 : (Multiome_16w4d_FR : 19 of 25) Tabix Bed To Temporary File, 0.078 mins elapsed.
2022-10-11 21:37:10 : (Multiome_23w4d_NR : 20 of 25) Reading In Fragments from inputFiles (readMethod = tabix), 0.078 mins elapsed.
2022-10-11 21:37:10 : (Multiome_23w4d_NR : 20 of 25) Tabix Bed To Temporary File, 0.08 mins elapsed.
2022-10-11 21:37:10 : (Multiome_14w2d_NR : 23 of 25) Reading In Fragments from inputFiles (readMethod = tabix), 0.086 mins elapsed.
2022-10-11 21:37:11 : (Multi_Fetal_14w5d_NR : 22 of 25) Reading In Fragments from inputFiles (readMethod = tabix), 0.087 mins elapsed.
2022-10-11 21:37:11 : (Multiome_14w2d_NR : 23 of 25) Tabix Bed To Temporary File, 0.088 mins elapsed.
2022-10-11 21:37:11 : (Multi_Fetal_14w5d_NR : 22 of 25) Tabix Bed To Temporary File, 0.091 mins elapsed.
2022-10-11 21:37:11 : (Multiome_20w1d_NR : 24 of 25) Reading In Fragments from inputFiles (readMethod = tabix), 0.095 mins elapsed.
2022-10-11 21:37:11 : (Multiome_20w1d_NR : 24 of 25) Tabix Bed To Temporary File, 0.096 mins elapsed.
2022-10-11 21:37:11 : (Multiome_16w4d_NR : 25 of 25) Reading In Fragments from inputFiles (readMethod = tabix), 0.101 mins elapsed.
2022-10-11 21:37:11 : (Multiome_16w4d_NR : 25 of 25) Tabix Bed To Temporary File, 0.102 mins elapsed.
2022-10-11 21:52:42 : (Multiome_16w4d_NR : 25 of 25) Reading TabixFile 8 Percent, 15.618 mins elapsed.
2022-10-11 21:53:43 : (Multiome_20w1d_NR : 24 of 25) Reading TabixFile 8 Percent, 16.62 mins elapsed.
2022-10-11 21:54:37 : (Multiome_14w2d_NR : 23 of 25) Reading TabixFile 8 Percent, 17.52 mins elapsed.
2022-10-11 21:55:03 : (Multiome_20w1d_FR : 21 of 25) Reading TabixFile 8 Percent, 17.959 mins elapsed.
2022-10-11 21:55:05 : (Multi_Fetal_14w5d_NR : 22 of 25) Reading TabixFile 8 Percent, 17.987 mins elapsed.
2022-10-11 21:55:46 : (Multiome_23w4d_NR : 20 of 25) Reading TabixFile 8 Percent, 18.682 mins elapsed.
2022-10-11 21:56:09 : (Multiome_12w3d_FR : 16 of 25) Reading TabixFile 8 Percent, 19.056 mins elapsed.
2022-10-11 21:56:10 : (Multiome_16w4d_FR : 19 of 25) Reading TabixFile 8 Percent, 19.075 mins elapsed.
2022-10-11 21:56:23 : (Multiome_23w4d_FR : 18 of 25) Reading TabixFile 8 Percent, 19.298 mins elapsed.
2022-10-11 21:56:27 : (Multiome_14w2d_FR : 17 of 25) Reading TabixFile 8 Percent, 19.362 mins elapsed.
2022-10-11 21:56:55 : (Multiome_10w_FR : 15 of 25) Reading TabixFile 8 Percent, 19.836 mins elapsed.
2022-10-11 21:57:16 : (Multiome_16w4d_NR : 25 of 25) Reading TabixFile 17 Percent, 20.184 mins elapsed.
2022-10-11 21:57:26 : (Multiome_12w3d_NR : 14 of 25) Reading TabixFile 8 Percent, 20.346 mins elapsed.
2022-10-11 21:58:06 : (Multiome_20w1d_NR : 24 of 25) Reading TabixFile 17 Percent, 21.006 mins elapsed.
2022-10-11 21:58:28 : (Multiome_14w2d_NR : 23 of 25) Reading TabixFile 17 Percent, 21.379 mins elapsed.
2022-10-11 21:58:30 : (Multiome_10w_NR : 13 of 25) Reading TabixFile 8 Percent, 21.41 mins elapsed.
2022-10-11 21:58:50 : (Multiome_20w1d_FR : 21 of 25) Reading TabixFile 17 Percent, 21.747 mins elapsed.
2022-10-11 21:59:07 : (Multi_Fetal_14w5d_NR : 22 of 25) Reading TabixFile 17 Percent, 22.025 mins elapsed.
2022-10-11 21:59:19 : (Multiome_16w4d_NR : 25 of 25) Reading TabixFile 25 Percent, 22.23 mins elapsed.
2022-10-11 21:59:41 : (Multiome_23w4d_NR : 20 of 25) Reading TabixFile 17 Percent, 22.589 mins elapsed.
2022-10-11 21:59:43 : (Multiome_12w3d_FR : 16 of 25) Reading TabixFile 17 Percent, 22.635 mins elapsed.
2022-10-11 21:59:48 : (Multiome_16w4d_FR : 19 of 25) Reading TabixFile 17 Percent, 22.706 mins elapsed.
2022-10-11 21:59:49 : (Multiome_23w4d_FR : 18 of 25) Reading TabixFile 17 Percent, 22.73 mins elapsed.
2022-10-11 21:59:52 : (Multiome_14w2d_FR : 17 of 25) Reading TabixFile 17 Percent, 22.777 mins elapsed.
2022-10-11 21:59:56 : (Multiome_20w1d_NR : 24 of 25) Reading TabixFile 25 Percent, 22.845 mins elapsed.
2022-10-11 22:00:06 : (Multiome_14w2d_NR : 23 of 25) Reading TabixFile 25 Percent, 23.009 mins elapsed.
2022-10-11 22:00:09 : (Multiome_10w_FR : 15 of 25) Reading TabixFile 17 Percent, 23.056 mins elapsed.
2022-10-11 22:00:27 : (Multiome_16w4d_NR : 25 of 25) Reading TabixFile 33 Percent, 23.365 mins elapsed.
2022-10-11 22:00:29 : (Multiome_20w1d_FR : 21 of 25) Reading TabixFile 25 Percent, 23.403 mins elapsed.
2022-10-11 22:00:30 : (Multi_Fetal_11w2d_NR : 12 of 25) Reading TabixFile 8 Percent, 23.418 mins elapsed.
2022-10-11 22:00:36 : (Multi_Fetal_14w5d_NR : 22 of 25) Reading TabixFile 25 Percent, 23.518 mins elapsed.
2022-10-11 22:00:40 : (Multi_Fetal_23w1d_NR : 11 of 25) Reading TabixFile 8 Percent, 23.579 mins elapsed.
2022-10-11 22:00:41 : (Multiome_12w3d_NR : 14 of 25) Reading TabixFile 17 Percent, 23.601 mins elapsed.
2022-10-11 22:01:01 : (Multiome_20w1d_NR : 24 of 25) Reading TabixFile 33 Percent, 23.931 mins elapsed.
2022-10-11 22:01:12 : (Multiome_23w4d_NR : 20 of 25) Reading TabixFile 25 Percent, 24.112 mins elapsed.
2022-10-11 22:01:17 : (Multiome_14w2d_NR : 23 of 25) Reading TabixFile 33 Percent, 24.189 mins elapsed.
2022-10-11 22:01:19 : (Multiome_12w3d_FR : 16 of 25) Reading TabixFile 25 Percent, 24.223 mins elapsed.
2022-10-11 22:01:23 : (Multiome_23w4d_FR : 18 of 25) Reading TabixFile 25 Percent, 24.292 mins elapsed.
2022-10-11 22:01:26 : (Multiome_16w4d_FR : 19 of 25) Reading TabixFile 25 Percent, 24.349 mins elapsed.
2022-10-11 22:01:27 : (Multiome_14w2d_FR : 17 of 25) Reading TabixFile 25 Percent, 24.355 mins elapsed.
2022-10-11 22:01:32 : (Multiome_16w4d_NR : 25 of 25) Reading TabixFile 42 Percent, 24.45 mins elapsed.
2022-10-11 22:01:34 : (Multi_Fetal_20W2d_NR : 10 of 25) Reading TabixFile 8 Percent, 24.473 mins elapsed.
2022-10-11 22:01:36 : (Multiome_10w_NR : 13 of 25) Reading TabixFile 17 Percent, 24.506 mins elapsed.
2022-10-11 22:01:47 : (Multi_Fetal_11w2d_FR_2 : 9 of 25) Reading TabixFile 8 Percent, 24.698 mins elapsed.
2022-10-11 22:01:47 : (Multi_Fetal_14w5d_NR : 22 of 25) Reading TabixFile 33 Percent, 24.701 mins elapsed.
2022-10-11 22:01:48 : (Multiome_20w1d_FR : 21 of 25) Reading TabixFile 33 Percent, 24.711 mins elapsed.
2022-10-11 22:01:58 : (Multiome_10w_FR : 15 of 25) Reading TabixFile 25 Percent, 24.874 mins elapsed.
2022-10-11 22:02:06 : (Multiome_20w1d_NR : 24 of 25) Reading TabixFile 42 Percent, 25.011 mins elapsed.
2022-10-11 22:02:24 : (Multiome_14w2d_NR : 23 of 25) Reading TabixFile 42 Percent, 25.306 mins elapsed.
2022-10-11 22:02:33 : (Multiome_23w4d_NR : 20 of 25) Reading TabixFile 33 Percent, 25.47 mins elapsed.
2022-10-11 22:02:35 : (Multiome_12w3d_NR : 14 of 25) Reading TabixFile 25 Percent, 25.487 mins elapsed.
2022-10-11 22:02:43 : (Multiome_16w4d_NR : 25 of 25) Reading TabixFile 50 Percent, 25.629 mins elapsed.
2022-10-11 22:02:48 : (Multiome_23w4d_FR : 18 of 25) Reading TabixFile 33 Percent, 25.713 mins elapsed.
2022-10-11 22:02:49 : (Multiome_12w3d_FR : 16 of 25) Reading TabixFile 33 Percent, 25.724 mins elapsed.
2022-10-11 22:02:50 : (Multiome_14w2d_FR : 17 of 25) Reading TabixFile 33 Percent, 25.746 mins elapsed.
2022-10-11 22:02:55 : (Multi_Fetal_14w5d_NR : 22 of 25) Reading TabixFile 42 Percent, 25.828 mins elapsed.
2022-10-11 22:02:57 : (Multiome_16w4d_FR : 19 of 25) Reading TabixFile 33 Percent, 25.854 mins elapsed.
2022-10-11 22:03:05 : (Multiome_20w1d_FR : 21 of 25) Reading TabixFile 42 Percent, 25.989 mins elapsed.
2022-10-11 22:03:19 : (Multiome_20w1d_NR : 24 of 25) Reading TabixFile 50 Percent, 26.226 mins elapsed.
2022-10-11 22:03:28 : (Multiome_16w4d_NR : 25 of 25) Reading TabixFile 58 Percent, 26.375 mins elapsed.
2022-10-11 22:03:30 : (Multiome_10w_FR : 15 of 25) Reading TabixFile 33 Percent, 26.416 mins elapsed.
2022-10-11 22:03:34 : (Multiome_14w2d_NR : 23 of 25) Reading TabixFile 50 Percent, 26.472 mins elapsed.
2022-10-11 22:03:48 : (Multiome_10w_NR : 13 of 25) Reading TabixFile 25 Percent, 26.718 mins elapsed.
2022-10-11 22:03:54 : (Multi_Fetal_11w2d_FR : 6 of 25) Reading TabixFile 8 Percent, 26.819 mins elapsed.
2022-10-11 22:03:55 : (Multiome_23w4d_NR : 20 of 25) Reading TabixFile 42 Percent, 26.825 mins elapsed.
2022-10-11 22:04:06 : (Multiome_20w1d_NR : 24 of 25) Reading TabixFile 58 Percent, 27.019 mins elapsed.
2022-10-11 22:04:07 : (Multi_Fetal_19W4d_NR : 5 of 25) Reading TabixFile 8 Percent, 27.021 mins elapsed.
2022-10-11 22:04:07 : (Multi_Fetal_14w5d_NR : 22 of 25) Reading TabixFile 50 Percent, 27.024 mins elapsed.
2022-10-11 22:04:10 : (Multiome_14w2d_FR : 17 of 25) Reading TabixFile 42 Percent, 27.086 mins elapsed.
2022-10-11 22:04:12 : (Multiome_23w4d_FR : 18 of 25) Reading TabixFile 42 Percent, 27.107 mins elapsed.
2022-10-11 22:04:13 : (Multi_Fetal_14w5d_FR : 4 of 25) Reading TabixFile 8 Percent, 27.129 mins elapsed.
2022-10-11 22:04:14 : (Multiome_12w3d_FR : 16 of 25) Reading TabixFile 42 Percent, 27.141 mins elapsed.
2022-10-11 22:04:19 : (Multiome_12w3d_NR : 14 of 25) Reading TabixFile 33 Percent, 27.222 mins elapsed.
2022-10-11 22:04:19 : (Multi_Fetal_11w2d_NR : 12 of 25) Reading TabixFile 17 Percent, 27.23 mins elapsed.
2022-10-11 22:04:19 : (Multiome_14w2d_NR : 23 of 25) Reading TabixFile 58 Percent, 27.233 mins elapsed.
2022-10-11 22:04:19 : (Multiome_16w4d_NR : 25 of 25) Reading TabixFile 67 Percent, 27.235 mins elapsed.
2022-10-11 22:04:20 : (Multiome_16w4d_FR : 19 of 25) Reading TabixFile 42 Percent, 27.238 mins elapsed.
2022-10-11 22:04:21 : (Multi_Fetal_23w1d_FR : 8 of 25) Reading TabixFile 8 Percent, 27.255 mins elapsed.
2022-10-11 22:04:21 : (Multi_Fetal_13W_FR : 7 of 25) Reading TabixFile 8 Percent, 27.262 mins elapsed.
2022-10-11 22:04:26 : (Multiome_20w1d_FR : 21 of 25) Reading TabixFile 50 Percent, 27.346 mins elapsed.
2022-10-11 22:04:28 : (Multi_Fetal_23w1d_NR : 11 of 25) Reading TabixFile 17 Percent, 27.375 mins elapsed.
2022-10-11 22:04:54 : (Multi_Fetal_14w5d_NR : 22 of 25) Reading TabixFile 58 Percent, 27.806 mins elapsed.
2022-10-11 22:04:54 : (Multi_Fetal_19W4d_FR : 3 of 25) Reading TabixFile 8 Percent, 27.819 mins elapsed.
2022-10-11 22:04:57 : (Multiome_20w1d_NR : 24 of 25) Reading TabixFile 67 Percent, 27.855 mins elapsed.
2022-10-11 22:05:00 : (Multiome_10w_FR : 15 of 25) Reading TabixFile 42 Percent, 27.916 mins elapsed.
2022-10-11 22:05:04 : (Multi_Fetal_20W2d_FR : 2 of 25) Reading TabixFile 8 Percent, 27.971 mins elapsed.
2022-10-11 22:05:09 : (Multiome_14w2d_NR : 23 of 25) Reading TabixFile 67 Percent, 28.061 mins elapsed.
2022-10-11 22:05:11 : (Multiome_16w4d_NR : 25 of 25) Reading TabixFile 75 Percent, 28.103 mins elapsed.
2022-10-11 22:05:19 : (Multiome_20w1d_FR : 21 of 25) Reading TabixFile 58 Percent, 28.234 mins elapsed.
2022-10-11 22:05:24 : (Multiome_23w4d_NR : 20 of 25) Reading TabixFile 50 Percent, 28.308 mins elapsed.
2022-10-11 22:05:39 : (Multiome_14w2d_FR : 17 of 25) Reading TabixFile 50 Percent, 28.558 mins elapsed.
2022-10-11 22:05:40 : (Multiome_23w4d_FR : 18 of 25) Reading TabixFile 50 Percent, 28.572 mins elapsed.
2022-10-11 22:05:46 : (Multiome_10w_NR : 13 of 25) Reading TabixFile 33 Percent, 28.686 mins elapsed.
2022-10-11 22:05:46 : (Multiome_12w3d_FR : 16 of 25) Reading TabixFile 50 Percent, 28.686 mins elapsed.
2022-10-11 22:05:47 : (Multi_Fetal_14w5d_NR : 22 of 25) Reading TabixFile 67 Percent, 28.695 mins elapsed.
2022-10-11 22:05:49 : (Multiome_16w4d_FR : 19 of 25) Reading TabixFile 50 Percent, 28.73 mins elapsed.
2022-10-11 22:05:50 : (Multiome_20w1d_NR : 24 of 25) Reading TabixFile 75 Percent, 28.748 mins elapsed.
2022-10-11 22:05:55 : (Multiome_12w3d_NR : 14 of 25) Reading TabixFile 42 Percent, 28.826 mins elapsed.
2022-10-11 22:05:55 : (Multiome_16w4d_NR : 25 of 25) Reading TabixFile 83 Percent, 28.827 mins elapsed.
2022-10-11 22:06:03 : (Multiome_14w2d_NR : 23 of 25) Reading TabixFile 75 Percent, 28.962 mins elapsed.
2022-10-11 22:06:17 : (Multiome_20w1d_FR : 21 of 25) Reading TabixFile 67 Percent, 29.189 mins elapsed.
2022-10-11 22:06:20 : (Multiome_16w4d_NR : 25 of 25) Reading TabixFile 92 Percent, 29.249 mins elapsed.
2022-10-11 22:06:23 : (Multiome_23w4d_NR : 20 of 25) Reading TabixFile 58 Percent, 29.29 mins elapsed.
2022-10-11 22:06:32 : (Multi_Fetal_20W2d_NR : 10 of 25) Reading TabixFile 17 Percent, 29.438 mins elapsed.
2022-10-11 22:06:36 : (Multiome_14w2d_FR : 17 of 25) Reading TabixFile 58 Percent, 29.507 mins elapsed.
2022-10-11 22:06:39 : (Multiome_10w_FR : 15 of 25) Reading TabixFile 50 Percent, 29.559 mins elapsed.
2022-10-11 22:06:39 : (Multiome_23w4d_FR : 18 of 25) Reading TabixFile 58 Percent, 29.561 mins elapsed.
2022-10-11 22:06:43 : (Multi_Fetal_14w5d_NR : 22 of 25) Reading TabixFile 75 Percent, 29.622 mins elapsed.
2022-10-11 22:06:43 : (Multiome_16w4d_NR : 25 of 25) Reading TabixFile 100 Percent, 29.633 mins elapsed.
2022-10-11 22:06:44 : (Multiome_16w4d_NR : 25 of 25) Successful creation of Temporary File, 29.65 mins elapsed.
2022-10-11 22:06:44 : (Multiome_16w4d_NR : 25 of 25) Creating ArrowFile From Temporary File, 29.65 mins elapsed.
2022-10-11 22:06:46 : (Multiome_20w1d_NR : 24 of 25) Reading TabixFile 83 Percent, 29.677 mins elapsed.
2022-10-11 22:06:46 : (Multiome_12w3d_FR : 16 of 25) Reading TabixFile 58 Percent, 29.681 mins elapsed.
2022-10-11 22:06:49 : (Multiome_16w4d_FR : 19 of 25) Reading TabixFile 58 Percent, 29.727 mins elapsed.
2022-10-11 22:06:54 : (Multiome_14w2d_NR : 23 of 25) Reading TabixFile 83 Percent, 29.804 mins elapsed.
2022-10-11 22:06:56 : (Multi_Fetal_11w2d_FR_2 : 9 of 25) Reading TabixFile 17 Percent, 29.85 mins elapsed.
2022-10-11 22:07:19 : (Multiome_20w1d_FR : 21 of 25) Reading TabixFile 75 Percent, 30.225 mins elapsed.
2022-10-11 22:07:20 : (Multiome_20w1d_NR : 24 of 25) Reading TabixFile 92 Percent, 30.245 mins elapsed.
2022-10-11 22:07:21 : (Multiome_14w2d_NR : 23 of 25) Reading TabixFile 92 Percent, 30.255 mins elapsed.
2022-10-11 22:07:26 : (Multiome_23w4d_NR : 20 of 25) Reading TabixFile 67 Percent, 30.342 mins elapsed.
2022-10-11 22:07:28 : (Multi_Fetal_13W_NR : 1 of 25) Reading TabixFile 8 Percent, 30.38 mins elapsed.
2022-10-11 22:07:35 : (Multi_Fetal_14w5d_NR : 22 of 25) Reading TabixFile 83 Percent, 30.495 mins elapsed.
2022-10-11 22:07:37 : (Multiome_14w2d_FR : 17 of 25) Reading TabixFile 67 Percent, 30.528 mins elapsed.
2022-10-11 22:07:40 : (Multiome_10w_NR : 13 of 25) Reading TabixFile 42 Percent, 30.575 mins elapsed.
2022-10-11 22:07:41 : (Multiome_12w3d_NR : 14 of 25) Reading TabixFile 50 Percent, 30.589 mins elapsed.
2022-10-11 22:07:42 : (Multiome_10w_FR : 15 of 25) Reading TabixFile 58 Percent, 30.604 mins elapsed.
2022-10-11 22:07:42 : (Multiome_23w4d_FR : 18 of 25) Reading TabixFile 67 Percent, 30.605 mins elapsed.
2022-10-11 22:07:42 : (Multi_Fetal_11w2d_NR : 12 of 25) Reading TabixFile 25 Percent, 30.615 mins elapsed.
2022-10-11 22:07:46 : (Multi_Fetal_23w1d_NR : 11 of 25) Reading TabixFile 25 Percent, 30.686 mins elapsed.
2022-10-11 22:07:48 : (Multiome_16w4d_FR : 19 of 25) Reading TabixFile 67 Percent, 30.716 mins elapsed.
2022-10-11 22:07:49 : (Multiome_14w2d_NR : 23 of 25) Reading TabixFile 100 Percent, 30.721 mins elapsed.
2022-10-11 22:07:50 : (Multiome_14w2d_NR : 23 of 25) Successful creation of Temporary File, 30.738 mins elapsed.
2022-10-11 22:07:50 : (Multiome_14w2d_NR : 23 of 25) Creating ArrowFile From Temporary File, 30.738 mins elapsed.
2022-10-11 22:07:50 : (Multiome_12w3d_FR : 16 of 25) Reading TabixFile 67 Percent, 30.742 mins elapsed.
2022-10-11 22:07:54 : (Multiome_20w1d_NR : 24 of 25) Reading TabixFile 100 Percent, 30.819 mins elapsed.
2022-10-11 22:07:56 : (Multiome_20w1d_NR : 24 of 25) Successful creation of Temporary File, 30.847 mins elapsed.
2022-10-11 22:07:56 : (Multiome_20w1d_NR : 24 of 25) Creating ArrowFile From Temporary File, 30.847 mins elapsed.
2022-10-11 22:08:03 : (Multi_Fetal_14w5d_NR : 22 of 25) Reading TabixFile 92 Percent, 30.956 mins elapsed.
2022-10-11 22:08:13 : (Multiome_20w1d_FR : 21 of 25) Reading TabixFile 83 Percent, 31.127 mins elapsed.
2022-10-11 22:08:29 : (Multi_Fetal_14w5d_NR : 22 of 25) Reading TabixFile 100 Percent, 31.388 mins elapsed.
2022-10-11 22:08:30 : (Multi_Fetal_14w5d_NR : 22 of 25) Successful creation of Temporary File, 31.407 mins elapsed.
2022-10-11 22:08:30 : (Multi_Fetal_14w5d_NR : 22 of 25) Creating ArrowFile From Temporary File, 31.408 mins elapsed.
2022-10-11 22:08:30 : (Multiome_23w4d_NR : 20 of 25) Reading TabixFile 75 Percent, 31.41 mins elapsed.
2022-10-11 22:08:43 : (Multiome_20w1d_FR : 21 of 25) Reading TabixFile 92 Percent, 31.632 mins elapsed.
2022-10-11 22:08:43 : (Multiome_14w2d_FR : 17 of 25) Reading TabixFile 75 Percent, 31.633 mins elapsed.
2022-10-11 22:08:46 : (Multiome_23w4d_FR : 18 of 25) Reading TabixFile 75 Percent, 31.672 mins elapsed.
2022-10-11 22:08:46 : (Multiome_10w_FR : 15 of 25) Reading TabixFile 67 Percent, 31.676 mins elapsed.
2022-10-11 22:08:49 : (Multiome_16w4d_FR : 19 of 25) Reading TabixFile 75 Percent, 31.734 mins elapsed.
2022-10-11 22:08:50 : (Multiome_12w3d_NR : 14 of 25) Reading TabixFile 58 Percent, 31.737 mins elapsed.
2022-10-11 22:08:59 : (Multiome_12w3d_FR : 16 of 25) Reading TabixFile 75 Percent, 31.902 mins elapsed.
2022-10-11 22:09:12 : (Multiome_20w1d_FR : 21 of 25) Reading TabixFile 100 Percent, 32.11 mins elapsed.
2022-10-11 22:09:13 : (Multiome_20w1d_FR : 21 of 25) Successful creation of Temporary File, 32.127 mins elapsed.
2022-10-11 22:09:13 : (Multiome_20w1d_FR : 21 of 25) Creating ArrowFile From Temporary File, 32.127 mins elapsed.
2022-10-11 22:09:28 : (Multiome_23w4d_NR : 20 of 25) Reading TabixFile 83 Percent, 32.371 mins elapsed.
2022-10-11 22:09:42 : (Multiome_10w_NR : 13 of 25) Reading TabixFile 50 Percent, 32.613 mins elapsed.
2022-10-11 22:09:43 : (Multiome_14w2d_FR : 17 of 25) Reading TabixFile 83 Percent, 32.621 mins elapsed.
2022-10-11 22:09:44 : (Multiome_16w4d_FR : 19 of 25) Reading TabixFile 83 Percent, 32.644 mins elapsed.
2022-10-11 22:09:44 : (Multiome_23w4d_FR : 18 of 25) Reading TabixFile 83 Percent, 32.652 mins elapsed.
2022-10-11 22:09:49 : (Multiome_16w4d_NR : 25 of 25) Successful creation of Arrow File, 32.731 mins elapsed.
2022-10-11 22:09:55 : (Multiome_10w_FR : 15 of 25) Reading TabixFile 75 Percent, 32.828 mins elapsed.
2022-10-11 22:09:59 : (Multiome_23w4d_NR : 20 of 25) Reading TabixFile 92 Percent, 32.894 mins elapsed.
2022-10-11 22:10:00 : (Multiome_12w3d_NR : 14 of 25) Reading TabixFile 67 Percent, 32.911 mins elapsed.
2022-10-11 22:10:01 : (Multiome_12w3d_FR : 16 of 25) Reading TabixFile 83 Percent, 32.927 mins elapsed.
2022-10-11 22:10:15 : (Multiome_16w4d_FR : 19 of 25) Reading TabixFile 92 Percent, 33.155 mins elapsed.
2022-10-11 22:10:15 : (Multiome_14w2d_FR : 17 of 25) Reading TabixFile 92 Percent, 33.158 mins elapsed.
2022-10-11 22:10:16 : (Multiome_23w4d_FR : 18 of 25) Reading TabixFile 92 Percent, 33.174 mins elapsed.
2022-10-11 22:10:34 : (Multiome_12w3d_FR : 16 of 25) Reading TabixFile 92 Percent, 33.478 mins elapsed.
2022-10-11 22:10:35 : (Multiome_23w4d_NR : 20 of 25) Reading TabixFile 100 Percent, 33.502 mins elapsed.
2022-10-11 22:10:37 : (Multiome_23w4d_NR : 20 of 25) Successful creation of Temporary File, 33.52 mins elapsed.
2022-10-11 22:10:37 : (Multiome_23w4d_NR : 20 of 25) Creating ArrowFile From Temporary File, 33.52 mins elapsed.
2022-10-11 22:10:38 : (Multi_Fetal_20W2d_NR : 10 of 25) Reading TabixFile 25 Percent, 33.539 mins elapsed.
2022-10-11 22:10:41 : (Multi_Fetal_19W4d_NR : 5 of 25) Reading TabixFile 17 Percent, 33.588 mins elapsed.
2022-10-11 22:10:44 : (Multi_Fetal_23w1d_FR : 8 of 25) Reading TabixFile 17 Percent, 33.644 mins elapsed.
2022-10-11 22:10:45 : (Multi_Fetal_13W_FR : 7 of 25) Reading TabixFile 17 Percent, 33.666 mins elapsed.
2022-10-11 22:10:47 : (Multiome_16w4d_FR : 19 of 25) Reading TabixFile 100 Percent, 33.697 mins elapsed.
2022-10-11 22:10:47 : (Multi_Fetal_11w2d_NR : 12 of 25) Reading TabixFile 33 Percent, 33.702 mins elapsed.
2022-10-11 22:10:48 : (Multiome_16w4d_FR : 19 of 25) Successful creation of Temporary File, 33.719 mins elapsed.
2022-10-11 22:10:48 : (Multiome_16w4d_FR : 19 of 25) Creating ArrowFile From Temporary File, 33.719 mins elapsed.
2022-10-11 22:10:49 : (Multiome_14w2d_FR : 17 of 25) Reading TabixFile 100 Percent, 33.732 mins elapsed.
2022-10-11 22:10:50 : (Multiome_14w2d_FR : 17 of 25) Successful creation of Temporary File, 33.751 mins elapsed.
2022-10-11 22:10:50 : (Multiome_14w2d_FR : 17 of 25) Creating ArrowFile From Temporary File, 33.751 mins elapsed.
2022-10-11 22:10:52 : (Multiome_23w4d_FR : 18 of 25) Reading TabixFile 100 Percent, 33.771 mins elapsed.
2022-10-11 22:10:52 : (Multi_Fetal_23w1d_NR : 11 of 25) Reading TabixFile 33 Percent, 33.776 mins elapsed.
2022-10-11 22:10:53 : (Multiome_23w4d_FR : 18 of 25) Successful creation of Temporary File, 33.789 mins elapsed.
2022-10-11 22:10:53 : (Multiome_23w4d_FR : 18 of 25) Creating ArrowFile From Temporary File, 33.789 mins elapsed.
2022-10-11 22:10:55 : (Multiome_10w_FR : 15 of 25) Reading TabixFile 83 Percent, 33.821 mins elapsed.
2022-10-11 22:11:01 : (Multiome_10w_NR : 13 of 25) Reading TabixFile 58 Percent, 33.929 mins elapsed.
2022-10-11 22:11:04 : (Multiome_14w2d_NR : 23 of 25) Successful creation of Arrow File, 33.985 mins elapsed.
2022-10-11 22:11:11 : (Multiome_12w3d_FR : 16 of 25) Reading TabixFile 100 Percent, 34.087 mins elapsed.
2022-10-11 22:11:12 : (Multiome_12w3d_FR : 16 of 25) Successful creation of Temporary File, 34.108 mins elapsed.
2022-10-11 22:11:12 : (Multiome_12w3d_FR : 16 of 25) Creating ArrowFile From Temporary File, 34.108 mins elapsed.
2022-10-11 22:11:15 : (Multiome_12w3d_NR : 14 of 25) Reading TabixFile 75 Percent, 34.16 mins elapsed.
2022-10-11 22:11:20 : (Multi_Fetal_14w5d_FR : 4 of 25) Reading TabixFile 17 Percent, 34.247 mins elapsed.
2022-10-11 22:11:23 : (Multi_Fetal_11w2d_FR_2 : 9 of 25) Reading TabixFile 25 Percent, 34.292 mins elapsed.
2022-10-11 22:11:28 : (Multi_Fetal_11w2d_FR : 6 of 25) Reading TabixFile 17 Percent, 34.377 mins elapsed.
2022-10-11 22:11:31 : (Multiome_10w_FR : 15 of 25) Reading TabixFile 92 Percent, 34.426 mins elapsed.
2022-10-11 22:11:43 : (Multiome_20w1d_NR : 24 of 25) Successful creation of Arrow File, 34.636 mins elapsed.
2022-10-11 22:11:52 : (Multiome_16w4d_NR : 25 of 25) CellStats : Number of Cells Pass Filter = 4777 , 34.771 mins elapsed.
2022-10-11 22:11:52 : (Multiome_16w4d_NR : 25 of 25) CellStats : Median Frags = 6554 , 34.771 mins elapsed.
2022-10-11 22:11:52 : (Multiome_16w4d_NR : 25 of 25) CellStats : Median TSS Enrichment = 14.956 , 34.771 mins elapsed.
2022-10-11 22:11:56 : (Multiome_16w4d_NR : 25 of 25) Adding Additional Feature Counts!, 34.843 mins elapsed.
2022-10-11 22:12:08 : (Multi_Fetal_19W4d_FR : 3 of 25) Reading TabixFile 17 Percent, 35.053 mins elapsed.
2022-10-11 22:12:13 : (Multiome_10w_FR : 15 of 25) Reading TabixFile 100 Percent, 35.127 mins elapsed.
2022-10-11 22:12:14 : (Multiome_10w_FR : 15 of 25) Successful creation of Temporary File, 35.153 mins elapsed.
2022-10-11 22:12:14 : (Multiome_10w_FR : 15 of 25) Creating ArrowFile From Temporary File, 35.153 mins elapsed.
2022-10-11 22:12:17 : (Multi_Fetal_14w5d_NR : 22 of 25) Successful creation of Arrow File, 35.201 mins elapsed.
2022-10-11 22:12:20 : (Multiome_12w3d_NR : 14 of 25) Reading TabixFile 83 Percent, 35.245 mins elapsed.
2022-10-11 22:12:21 : (Multiome_10w_NR : 13 of 25) Reading TabixFile 67 Percent, 35.265 mins elapsed.
2022-10-11 22:12:48 : (Multi_Fetal_20W2d_FR : 2 of 25) Reading TabixFile 17 Percent, 35.719 mins elapsed.
2022-10-11 22:12:50 : (Multiome_20w1d_FR : 21 of 25) Successful creation of Arrow File, 35.743 mins elapsed.
2022-10-11 22:12:55 : (Multiome_12w3d_NR : 14 of 25) Reading TabixFile 92 Percent, 35.827 mins elapsed.
2022-10-11 22:13:35 : (Multiome_16w4d_NR : 25 of 25) Removing Fragments from Filtered Cells, 36.496 mins elapsed.
2022-10-11 22:13:35 : (Multiome_16w4d_NR : 25 of 25) Creating Filtered Arrow File, 36.496 mins elapsed.
2022-10-11 22:13:35 : (Multiome_12w3d_NR : 14 of 25) Reading TabixFile 100 Percent, 36.497 mins elapsed.
2022-10-11 22:13:36 : (Multiome_12w3d_NR : 14 of 25) Successful creation of Temporary File, 36.516 mins elapsed.
2022-10-11 22:13:36 : (Multiome_12w3d_NR : 14 of 25) Creating ArrowFile From Temporary File, 36.516 mins elapsed.
2022-10-11 22:13:37 : (Multi_Fetal_11w2d_NR : 12 of 25) Reading TabixFile 42 Percent, 36.523 mins elapsed.
2022-10-11 22:13:44 : (Multiome_10w_NR : 13 of 25) Reading TabixFile 75 Percent, 36.64 mins elapsed.
2022-10-11 22:13:44 : (Multiome_14w2d_NR : 23 of 25) CellStats : Number of Cells Pass Filter = 6893 , 36.648 mins elapsed.
2022-10-11 22:13:44 : (Multiome_14w2d_NR : 23 of 25) CellStats : Median Frags = 7522 , 36.648 mins elapsed.
2022-10-11 22:13:44 : (Multiome_14w2d_NR : 23 of 25) CellStats : Median TSS Enrichment = 14.569 , 36.648 mins elapsed.
2022-10-11 22:13:49 : (Multiome_14w2d_NR : 23 of 25) Adding Additional Feature Counts!, 36.73 mins elapsed.
2022-10-11 22:14:07 : (Multi_Fetal_23w1d_NR : 11 of 25) Reading TabixFile 42 Percent, 37.025 mins elapsed.
2022-10-11 22:14:17 : (Multiome_23w4d_NR : 20 of 25) Successful creation of Arrow File, 37.199 mins elapsed.
2022-10-11 22:14:22 : (Multiome_16w4d_NR : 25 of 25) Finished Constructing Filtered Arrow File!, 37.279 mins elapsed.
2022-10-11 22:14:22 : (Multiome_16w4d_NR : 25 of 25) Adding TileMatrix!, 37.283 mins elapsed.
2022-10-11 22:14:33 : (Multiome_14w2d_FR : 17 of 25) Successful creation of Arrow File, 37.456 mins elapsed.
2022-10-11 22:14:33 : (Multi_Fetal_20W2d_NR : 10 of 25) Reading TabixFile 33 Percent, 37.467 mins elapsed.
2022-10-11 22:14:38 : (Multiome_16w4d_FR : 19 of 25) Successful creation of Arrow File, 37.546 mins elapsed.
2022-10-11 22:14:40 : (Multiome_20w1d_NR : 24 of 25) CellStats : Number of Cells Pass Filter = 6593 , 37.579 mins elapsed.
2022-10-11 22:14:40 : (Multiome_20w1d_NR : 24 of 25) CellStats : Median Frags = 6924 , 37.579 mins elapsed.
2022-10-11 22:14:40 : (Multiome_20w1d_NR : 24 of 25) CellStats : Median TSS Enrichment = 14.672 , 37.579 mins elapsed.
2022-10-11 22:14:44 : (Multiome_20w1d_NR : 24 of 25) Adding Additional Feature Counts!, 37.652 mins elapsed.
2022-10-11 22:14:54 : (Multiome_23w4d_FR : 18 of 25) Successful creation of Arrow File, 37.812 mins elapsed.
2022-10-11 22:14:56 : (Multiome_10w_NR : 13 of 25) Reading TabixFile 83 Percent, 37.852 mins elapsed.
2022-10-11 22:15:00 : (Multi_Fetal_14w5d_NR : 22 of 25) CellStats : Number of Cells Pass Filter = 8518 , 37.918 mins elapsed.
2022-10-11 22:15:00 : (Multi_Fetal_14w5d_NR : 22 of 25) CellStats : Median Frags = 8141 , 37.918 mins elapsed.
2022-10-11 22:15:00 : (Multi_Fetal_14w5d_NR : 22 of 25) CellStats : Median TSS Enrichment = 14.654 , 37.919 mins elapsed.
2022-10-11 22:15:04 : (Multi_Fetal_14w5d_NR : 22 of 25) Adding Additional Feature Counts!, 37.984 mins elapsed.
2022-10-11 22:15:18 : (Multiome_12w3d_FR : 16 of 25) Successful creation of Arrow File, 38.206 mins elapsed.
2022-10-11 22:15:20 : (Multiome_20w1d_FR : 21 of 25) CellStats : Number of Cells Pass Filter = 5875 , 38.237 mins elapsed.
2022-10-11 22:15:20 : (Multiome_20w1d_FR : 21 of 25) CellStats : Median Frags = 10350 , 38.237 mins elapsed.
2022-10-11 22:15:20 : (Multiome_20w1d_FR : 21 of 25) CellStats : Median TSS Enrichment = 10.008 , 38.237 mins elapsed.
2022-10-11 22:15:23 : (Multiome_20w1d_FR : 21 of 25) Adding Additional Feature Counts!, 38.294 mins elapsed.
2022-10-11 22:15:28 : (Multi_Fetal_11w2d_FR_2 : 9 of 25) Reading TabixFile 33 Percent, 38.379 mins elapsed.
2022-10-11 22:15:35 : (Multiome_10w_NR : 13 of 25) Reading TabixFile 92 Percent, 38.497 mins elapsed.
2022-10-11 22:15:43 : (Multiome_14w2d_NR : 23 of 25) Removing Fragments from Filtered Cells, 38.635 mins elapsed.
2022-10-11 22:15:43 : (Multiome_14w2d_NR : 23 of 25) Creating Filtered Arrow File, 38.635 mins elapsed.
2022-10-11 22:16:21 : (Multi_Fetal_23w1d_FR : 8 of 25) Reading TabixFile 25 Percent, 39.266 mins elapsed.
2022-10-11 22:16:26 : (Multiome_10w_NR : 13 of 25) Reading TabixFile 100 Percent, 39.346 mins elapsed.
2022-10-11 22:16:27 : (Multiome_10w_NR : 13 of 25) Successful creation of Temporary File, 39.368 mins elapsed.
2022-10-11 22:16:27 : (Multiome_10w_NR : 13 of 25) Creating ArrowFile From Temporary File, 39.368 mins elapsed.
2022-10-11 22:16:39 : (Multiome_10w_FR : 15 of 25) Successful creation of Arrow File, 39.563 mins elapsed.
2022-10-11 22:16:40 : (Multiome_14w2d_NR : 23 of 25) Finished Constructing Filtered Arrow File!, 39.582 mins elapsed.
2022-10-11 22:16:40 : (Multiome_14w2d_NR : 23 of 25) Adding TileMatrix!, 39.585 mins elapsed.
2022-10-11 22:16:41 : (Multi_Fetal_19W4d_NR : 5 of 25) Reading TabixFile 25 Percent, 39.588 mins elapsed.
2022-10-11 22:16:44 : (Multiome_23w4d_NR : 20 of 25) CellStats : Number of Cells Pass Filter = 6594 , 39.647 mins elapsed.
2022-10-11 22:16:44 : (Multiome_23w4d_NR : 20 of 25) CellStats : Median Frags = 7281.5 , 39.647 mins elapsed.
2022-10-11 22:16:44 : (Multiome_23w4d_NR : 20 of 25) CellStats : Median TSS Enrichment = 11.799 , 39.647 mins elapsed.
2022-10-11 22:16:48 : (Multiome_23w4d_NR : 20 of 25) Adding Additional Feature Counts!, 39.716 mins elapsed.
2022-10-11 22:16:58 : (Multi_Fetal_11w2d_NR : 12 of 25) Reading TabixFile 50 Percent, 39.871 mins elapsed.
2022-10-11 22:17:00 : (Multi_Fetal_13W_FR : 7 of 25) Reading TabixFile 25 Percent, 39.908 mins elapsed.
2022-10-11 22:17:00 : (Multiome_16w4d_FR : 19 of 25) CellStats : Number of Cells Pass Filter = 5216 , 39.912 mins elapsed.
2022-10-11 22:17:00 : (Multiome_16w4d_FR : 19 of 25) CellStats : Median Frags = 8015 , 39.912 mins elapsed.
2022-10-11 22:17:00 : (Multiome_16w4d_FR : 19 of 25) CellStats : Median TSS Enrichment = 10.8845 , 39.912 mins elapsed.
2022-10-11 22:17:02 : (Multiome_14w2d_FR : 17 of 25) CellStats : Number of Cells Pass Filter = 5791 , 39.944 mins elapsed.
2022-10-11 22:17:02 : (Multiome_14w2d_FR : 17 of 25) CellStats : Median Frags = 10974 , 39.944 mins elapsed.
2022-10-11 22:17:02 : (Multiome_14w2d_FR : 17 of 25) CellStats : Median TSS Enrichment = 10.811 , 39.944 mins elapsed.
2022-10-11 22:17:02 : (Multi_Fetal_14w5d_NR : 22 of 25) Removing Fragments from Filtered Cells, 39.946 mins elapsed.
2022-10-11 22:17:02 : (Multi_Fetal_14w5d_NR : 22 of 25) Creating Filtered Arrow File, 39.946 mins elapsed.
2022-10-11 22:17:04 : (Multiome_16w4d_FR : 19 of 25) Adding Additional Feature Counts!, 39.97 mins elapsed.
2022-10-11 22:17:05 : (Multiome_14w2d_FR : 17 of 25) Adding Additional Feature Counts!, 40.002 mins elapsed.
2022-10-11 22:17:08 : (Multiome_20w1d_NR : 24 of 25) Removing Fragments from Filtered Cells, 40.052 mins elapsed.
2022-10-11 22:17:08 : (Multiome_20w1d_NR : 24 of 25) Creating Filtered Arrow File, 40.053 mins elapsed.
2022-10-11 22:17:11 : (Multiome_20w1d_FR : 21 of 25) Removing Fragments from Filtered Cells, 40.102 mins elapsed.
2022-10-11 22:17:12 : (Multiome_20w1d_FR : 21 of 25) Creating Filtered Arrow File, 40.105 mins elapsed.
2022-10-11 22:17:27 : (Multi_Fetal_23w1d_NR : 11 of 25) Reading TabixFile 50 Percent, 40.357 mins elapsed.
2022-10-11 22:17:35 : (Multi_Fetal_13W_NR : 1 of 25) Reading TabixFile 17 Percent, 40.49 mins elapsed.
2022-10-11 22:17:37 : (Multiome_23w4d_FR : 18 of 25) CellStats : Number of Cells Pass Filter = 5694 , 40.528 mins elapsed.
2022-10-11 22:17:37 : (Multiome_23w4d_FR : 18 of 25) CellStats : Median Frags = 10162.5 , 40.528 mins elapsed.
2022-10-11 22:17:37 : (Multiome_23w4d_FR : 18 of 25) CellStats : Median TSS Enrichment = 9.798 , 40.528 mins elapsed.
2022-10-11 22:17:39 : (Multi_Fetal_14w5d_FR : 4 of 25) Reading TabixFile 25 Percent, 40.57 mins elapsed.
2022-10-11 22:17:41 : (Multiome_23w4d_FR : 18 of 25) Adding Additional Feature Counts!, 40.595 mins elapsed.
2022-10-11 22:17:59 : (Multi_Fetal_11w2d_FR : 6 of 25) Reading TabixFile 25 Percent, 40.899 mins elapsed.
2022-10-11 22:18:01 : (Multi_Fetal_14w5d_NR : 22 of 25) Finished Constructing Filtered Arrow File!, 40.92 mins elapsed.
2022-10-11 22:18:02 : (Multi_Fetal_14w5d_NR : 22 of 25) Adding TileMatrix!, 40.941 mins elapsed.
2022-10-11 22:18:02 : (Multiome_12w3d_NR : 14 of 25) Successful creation of Arrow File, 40.945 mins elapsed.
2022-10-11 22:18:07 : (Multiome_20w1d_FR : 21 of 25) Finished Constructing Filtered Arrow File!, 41.035 mins elapsed.
2022-10-11 22:18:08 : (Multiome_20w1d_FR : 21 of 25) Adding TileMatrix!, 41.043 mins elapsed.
2022-10-11 22:18:11 : (Multiome_12w3d_FR : 16 of 25) CellStats : Number of Cells Pass Filter = 7927 , 41.095 mins elapsed.
2022-10-11 22:18:11 : (Multiome_12w3d_FR : 16 of 25) CellStats : Median Frags = 10553 , 41.095 mins elapsed.
2022-10-11 22:18:11 : (Multiome_12w3d_FR : 16 of 25) CellStats : Median TSS Enrichment = 9.862 , 41.095 mins elapsed.
2022-10-11 22:18:15 : (Multiome_12w3d_FR : 16 of 25) Adding Additional Feature Counts!, 41.165 mins elapsed.
2022-10-11 22:18:19 : (Multiome_20w1d_NR : 24 of 25) Finished Constructing Filtered Arrow File!, 41.229 mins elapsed.
2022-10-11 22:18:19 : (Multiome_20w1d_NR : 24 of 25) Adding TileMatrix!, 41.234 mins elapsed.
2022-10-11 22:18:27 : (Multi_Fetal_20W2d_NR : 10 of 25) Reading TabixFile 42 Percent, 41.368 mins elapsed.
2022-10-11 22:18:28 : (Multi_Fetal_19W4d_FR : 3 of 25) Reading TabixFile 25 Percent, 41.374 mins elapsed.
2022-10-11 22:18:38 : (Multiome_23w4d_NR : 20 of 25) Removing Fragments from Filtered Cells, 41.54 mins elapsed.
2022-10-11 22:18:38 : (Multiome_23w4d_NR : 20 of 25) Creating Filtered Arrow File, 41.54 mins elapsed.
2022-10-11 22:18:53 : (Multi_Fetal_11w2d_NR : 12 of 25) Reading TabixFile 58 Percent, 41.795 mins elapsed.
2022-10-11 22:18:54 : (Multiome_16w4d_FR : 19 of 25) Removing Fragments from Filtered Cells, 41.812 mins elapsed.
2022-10-11 22:18:54 : (Multiome_16w4d_FR : 19 of 25) Creating Filtered Arrow File, 41.812 mins elapsed.
2022-10-11 22:18:59 : (Multiome_14w2d_FR : 17 of 25) Removing Fragments from Filtered Cells, 41.899 mins elapsed.
2022-10-11 22:18:59 : (Multiome_14w2d_FR : 17 of 25) Creating Filtered Arrow File, 41.899 mins elapsed.
2022-10-11 22:19:18 : (Multiome_16w4d_NR : 25 of 25) Adding GeneScoreMatrix!, 42.217 mins elapsed.
2022-10-11 22:19:20 : (Multi_Fetal_11w2d_FR_2 : 9 of 25) Reading TabixFile 42 Percent, 42.24 mins elapsed.
2022-10-11 22:19:20 : (Multi_Fetal_20W2d_FR : 2 of 25) Reading TabixFile 25 Percent, 42.249 mins elapsed.
2022-10-11 22:19:30 : (Multiome_23w4d_NR : 20 of 25) Finished Constructing Filtered Arrow File!, 42.414 mins elapsed.
2022-10-11 22:19:30 : (Multiome_23w4d_NR : 20 of 25) Adding TileMatrix!, 42.417 mins elapsed.
2022-10-11 22:19:32 : (Multi_Fetal_23w1d_NR : 11 of 25) Reading TabixFile 58 Percent, 42.438 mins elapsed.
2022-10-11 22:19:32 : (Multiome_10w_FR : 15 of 25) CellStats : Number of Cells Pass Filter = 5757 , 42.445 mins elapsed.
2022-10-11 22:19:32 : (Multiome_10w_FR : 15 of 25) CellStats : Median Frags = 13923 , 42.445 mins elapsed.
2022-10-11 22:19:32 : (Multiome_10w_FR : 15 of 25) CellStats : Median TSS Enrichment = 9.557 , 42.445 mins elapsed.
2022-10-11 22:19:36 : (Multiome_10w_FR : 15 of 25) Adding Additional Feature Counts!, 42.518 mins elapsed.
2022-10-11 22:19:37 : (Multiome_23w4d_FR : 18 of 25) Removing Fragments from Filtered Cells, 42.525 mins elapsed.
2022-10-11 22:19:37 : (Multiome_23w4d_FR : 18 of 25) Creating Filtered Arrow File, 42.525 mins elapsed.
2022-10-11 22:19:41 : (Multiome_16w4d_FR : 19 of 25) Finished Constructing Filtered Arrow File!, 42.59 mins elapsed.
2022-10-11 22:19:41 : (Multiome_16w4d_FR : 19 of 25) Adding TileMatrix!, 42.593 mins elapsed.
2022-10-11 22:19:50 : (Multiome_14w2d_FR : 17 of 25) Finished Constructing Filtered Arrow File!, 42.741 mins elapsed.
2022-10-11 22:19:50 : (Multiome_14w2d_FR : 17 of 25) Adding TileMatrix!, 42.745 mins elapsed.
2022-10-11 22:20:17 : (Multiome_12w3d_FR : 16 of 25) Removing Fragments from Filtered Cells, 43.188 mins elapsed.
2022-10-11 22:20:17 : (Multiome_12w3d_FR : 16 of 25) Creating Filtered Arrow File, 43.188 mins elapsed.
2022-10-11 22:20:31 : (Multiome_23w4d_FR : 18 of 25) Finished Constructing Filtered Arrow File!, 43.436 mins elapsed.
2022-10-11 22:20:32 : (Multiome_23w4d_FR : 18 of 25) Adding TileMatrix!, 43.44 mins elapsed.
2022-10-11 22:20:43 : (Multiome_12w3d_NR : 14 of 25) CellStats : Number of Cells Pass Filter = 8376 , 43.623 mins elapsed.
2022-10-11 22:20:43 : (Multiome_12w3d_NR : 14 of 25) CellStats : Median Frags = 7867 , 43.636 mins elapsed.
2022-10-11 22:20:43 : (Multiome_12w3d_NR : 14 of 25) CellStats : Median TSS Enrichment = 10.7905 , 43.636 mins elapsed.
2022-10-11 22:20:48 : (Multi_Fetal_11w2d_NR : 12 of 25) Reading TabixFile 67 Percent, 43.708 mins elapsed.
2022-10-11 22:20:49 : (Multiome_12w3d_NR : 14 of 25) Adding Additional Feature Counts!, 43.732 mins elapsed.
2022-10-11 22:21:12 : (Multiome_10w_NR : 13 of 25) Successful creation of Arrow File, 44.115 mins elapsed.
2022-10-11 22:21:24 : (Multiome_12w3d_FR : 16 of 25) Finished Constructing Filtered Arrow File!, 44.316 mins elapsed.
2022-10-11 22:21:25 : (Multiome_12w3d_FR : 16 of 25) Adding TileMatrix!, 44.321 mins elapsed.
2022-10-11 22:21:27 : (Multi_Fetal_23w1d_FR : 8 of 25) Reading TabixFile 33 Percent, 44.362 mins elapsed.
2022-10-11 22:21:34 : (Multiome_10w_FR : 15 of 25) Removing Fragments from Filtered Cells, 44.474 mins elapsed.
2022-10-11 22:21:34 : (Multiome_10w_FR : 15 of 25) Creating Filtered Arrow File, 44.474 mins elapsed.
2022-10-11 22:21:55 : (Multi_Fetal_23w1d_NR : 11 of 25) Reading TabixFile 67 Percent, 44.829 mins elapsed.
2022-10-11 22:22:07 : (Multi_Fetal_19W4d_NR : 5 of 25) Reading TabixFile 33 Percent, 45.027 mins elapsed.
2022-10-11 22:22:26 : (Multiome_10w_FR : 15 of 25) Finished Constructing Filtered Arrow File!, 45.349 mins elapsed.
2022-10-11 22:22:26 : (Multiome_10w_FR : 15 of 25) Adding TileMatrix!, 45.352 mins elapsed.
2022-10-11 22:22:34 : (Multi_Fetal_13W_FR : 7 of 25) Reading TabixFile 33 Percent, 45.475 mins elapsed.
2022-10-11 22:22:38 : (Multiome_16w4d_NR : 25 of 25) Finished Creating Arrow File, 45.541 mins elapsed.
2022-10-11 22:22:45 : (Multi_Fetal_20W2d_NR : 10 of 25) Reading TabixFile 50 Percent, 45.665 mins elapsed.
2022-10-11 22:22:48 : (Multiome_12w3d_NR : 14 of 25) Removing Fragments from Filtered Cells, 45.72 mins elapsed.
2022-10-11 22:22:48 : (Multiome_12w3d_NR : 14 of 25) Creating Filtered Arrow File, 45.72 mins elapsed.
2022-10-11 22:22:55 : (Multi_Fetal_11w2d_NR : 12 of 25) Reading TabixFile 75 Percent, 45.831 mins elapsed.
2022-10-11 22:23:11 : (Multiome_14w2d_NR : 23 of 25) Adding GeneScoreMatrix!, 46.089 mins elapsed.
2022-10-11 22:23:17 : (Multi_Fetal_11w2d_FR_2 : 9 of 25) Reading TabixFile 50 Percent, 46.194 mins elapsed.
2022-10-11 22:23:33 : (Multi_Fetal_14w5d_FR : 4 of 25) Reading TabixFile 33 Percent, 46.459 mins elapsed.
2022-10-11 22:23:41 : (Multi_Fetal_11w2d_FR : 6 of 25) Reading TabixFile 33 Percent, 46.588 mins elapsed.
2022-10-11 22:23:42 : (Multiome_10w_NR : 13 of 25) CellStats : Number of Cells Pass Filter = 4261 , 46.609 mins elapsed.
2022-10-11 22:23:42 : (Multiome_10w_NR : 13 of 25) CellStats : Median Frags = 15906 , 46.609 mins elapsed.
2022-10-11 22:23:42 : (Multiome_10w_NR : 13 of 25) CellStats : Median TSS Enrichment = 9.228 , 46.609 mins elapsed.
2022-10-11 22:23:45 : (Multiome_12w3d_NR : 14 of 25) Finished Constructing Filtered Arrow File!, 46.657 mins elapsed.
2022-10-11 22:23:45 : (Multiome_12w3d_NR : 14 of 25) Adding TileMatrix!, 46.66 mins elapsed.
2022-10-11 22:23:45 : (Multiome_10w_NR : 13 of 25) Adding Additional Feature Counts!, 46.662 mins elapsed.
2022-10-11 22:24:04 : (Multi_Fetal_19W4d_FR : 3 of 25) Reading TabixFile 33 Percent, 46.974 mins elapsed.
2022-10-11 22:24:22 : (Multi_Fetal_23w1d_NR : 11 of 25) Reading TabixFile 75 Percent, 47.283 mins elapsed.
2022-10-11 22:24:30 : (Multiome_20w1d_FR : 21 of 25) Adding GeneScoreMatrix!, 47.416 mins elapsed.
2022-10-11 22:24:45 : (Multi_Fetal_11w2d_NR : 12 of 25) Reading TabixFile 83 Percent, 47.661 mins elapsed.
2022-10-11 22:24:51 : (Multiome_20w1d_NR : 24 of 25) Adding GeneScoreMatrix!, 47.756 mins elapsed.
2022-10-11 22:25:08 : (Multi_Fetal_14w5d_NR : 22 of 25) Adding GeneScoreMatrix!, 48.037 mins elapsed.
2022-10-11 22:25:10 : (Multi_Fetal_20W2d_FR : 2 of 25) Reading TabixFile 33 Percent, 48.077 mins elapsed.
2022-10-11 22:25:12 : (Multiome_16w4d_FR : 19 of 25) Adding GeneScoreMatrix!, 48.115 mins elapsed.
2022-10-11 22:25:21 : (Multi_Fetal_20W2d_NR : 10 of 25) Reading TabixFile 58 Percent, 48.268 mins elapsed.
2022-10-11 22:25:25 : (Multiome_23w4d_NR : 20 of 25) Adding GeneScoreMatrix!, 48.332 mins elapsed.
2022-10-11 22:25:32 : (Multiome_10w_NR : 13 of 25) Removing Fragments from Filtered Cells, 48.441 mins elapsed.
2022-10-11 22:25:32 : (Multiome_10w_NR : 13 of 25) Creating Filtered Arrow File, 48.441 mins elapsed.
2022-10-11 22:25:37 : (Multi_Fetal_11w2d_NR : 12 of 25) Reading TabixFile 92 Percent, 48.522 mins elapsed.
2022-10-11 22:25:51 : (Multi_Fetal_11w2d_FR_2 : 9 of 25) Reading TabixFile 58 Percent, 48.768 mins elapsed.
2022-10-11 22:26:14 : (Multiome_14w2d_FR : 17 of 25) Adding GeneScoreMatrix!, 49.138 mins elapsed.
2022-10-11 22:26:14 : (Multi_Fetal_13W_NR : 1 of 25) Reading TabixFile 25 Percent, 49.141 mins elapsed.
2022-10-11 22:26:16 : (Multi_Fetal_23w1d_FR : 8 of 25) Reading TabixFile 42 Percent, 49.179 mins elapsed.
2022-10-11 22:26:19 : (Multiome_10w_NR : 13 of 25) Finished Constructing Filtered Arrow File!, 49.23 mins elapsed.
2022-10-11 22:26:19 : (Multiome_10w_NR : 13 of 25) Adding TileMatrix!, 49.234 mins elapsed.
2022-10-11 22:26:27 : (Multi_Fetal_11w2d_NR : 12 of 25) Reading TabixFile 100 Percent, 49.361 mins elapsed.
2022-10-11 22:26:28 : (Multi_Fetal_11w2d_NR : 12 of 25) Successful creation of Temporary File, 49.38 mins elapsed.
2022-10-11 22:26:28 : (Multi_Fetal_11w2d_NR : 12 of 25) Creating ArrowFile From Temporary File, 49.38 mins elapsed.
2022-10-11 22:26:37 : (Multi_Fetal_23w1d_NR : 11 of 25) Reading TabixFile 83 Percent, 49.529 mins elapsed.
2022-10-11 22:26:46 : (Multiome_23w4d_FR : 18 of 25) Adding GeneScoreMatrix!, 49.677 mins elapsed.
2022-10-11 22:27:12 : (Multi_Fetal_19W4d_NR : 5 of 25) Reading TabixFile 42 Percent, 50.119 mins elapsed.
2022-10-11 22:27:26 : (Multiome_14w2d_NR : 23 of 25) Finished Creating Arrow File, 50.347 mins elapsed.
2022-10-11 22:27:36 : (Multi_Fetal_23w1d_NR : 11 of 25) Reading TabixFile 92 Percent, 50.514 mins elapsed.
2022-10-11 22:27:44 : (Multi_Fetal_13W_FR : 7 of 25) Reading TabixFile 42 Percent, 50.644 mins elapsed.
2022-10-11 22:28:00 : (Multi_Fetal_20W2d_NR : 10 of 25) Reading TabixFile 67 Percent, 50.918 mins elapsed.
2022-10-11 22:28:24 : (Multi_Fetal_11w2d_FR_2 : 9 of 25) Reading TabixFile 67 Percent, 51.308 mins elapsed.
2022-10-11 22:28:29 : (Multi_Fetal_11w2d_FR : 6 of 25) Reading TabixFile 42 Percent, 51.398 mins elapsed.
2022-10-11 22:28:30 : (Multi_Fetal_23w1d_NR : 11 of 25) Reading TabixFile 100 Percent, 51.413 mins elapsed.
2022-10-11 22:28:31 : (Multi_Fetal_23w1d_NR : 11 of 25) Successful creation of Temporary File, 51.431 mins elapsed.
2022-10-11 22:28:31 : (Multi_Fetal_23w1d_NR : 11 of 25) Creating ArrowFile From Temporary File, 51.431 mins elapsed.
2022-10-11 22:28:36 : (Multiome_20w1d_FR : 21 of 25) Finished Creating Arrow File, 51.504 mins elapsed.
2022-10-11 22:28:36 : (Multi_Fetal_14w5d_FR : 4 of 25) Reading TabixFile 42 Percent, 51.517 mins elapsed.
2022-10-11 22:28:47 : (Multiome_20w1d_NR : 24 of 25) Finished Creating Arrow File, 51.703 mins elapsed.
2022-10-11 22:28:49 : (Multiome_16w4d_FR : 19 of 25) Finished Creating Arrow File, 51.729 mins elapsed.
2022-10-11 22:29:12 : (Multiome_12w3d_FR : 16 of 25) Adding GeneScoreMatrix!, 52.12 mins elapsed.
2022-10-11 22:29:18 : (Multiome_23w4d_NR : 20 of 25) Finished Creating Arrow File, 52.22 mins elapsed.
2022-10-11 22:29:22 : (Multi_Fetal_19W4d_FR : 3 of 25) Reading TabixFile 42 Percent, 52.281 mins elapsed.
2022-10-11 22:29:43 : (Multiome_10w_FR : 15 of 25) Adding GeneScoreMatrix!, 52.626 mins elapsed.
2022-10-11 22:29:43 : (Multi_Fetal_14w5d_NR : 22 of 25) Finished Creating Arrow File, 52.634 mins elapsed.
2022-10-11 22:30:16 : (Multiome_14w2d_FR : 17 of 25) Finished Creating Arrow File, 53.173 mins elapsed.
2022-10-11 22:30:40 : (Multi_Fetal_20W2d_FR : 2 of 25) Reading TabixFile 42 Percent, 53.571 mins elapsed.
2022-10-11 22:30:50 : (Multi_Fetal_20W2d_NR : 10 of 25) Reading TabixFile 75 Percent, 53.746 mins elapsed.
2022-10-11 22:30:53 : (Multiome_23w4d_FR : 18 of 25) Finished Creating Arrow File, 53.787 mins elapsed.
2022-10-11 22:30:55 : (Multi_Fetal_11w2d_FR_2 : 9 of 25) Reading TabixFile 75 Percent, 53.835 mins elapsed.
2022-10-11 22:30:58 : (Multi_Fetal_23w1d_FR : 8 of 25) Reading TabixFile 50 Percent, 53.872 mins elapsed.
2022-10-11 22:31:29 : (Multiome_12w3d_NR : 14 of 25) Adding GeneScoreMatrix!, 54.401 mins elapsed.
2022-10-11 22:32:23 : (Multiome_10w_NR : 13 of 25) Adding GeneScoreMatrix!, 55.287 mins elapsed.
2022-10-11 22:32:25 : (Multi_Fetal_19W4d_NR : 5 of 25) Reading TabixFile 50 Percent, 55.332 mins elapsed.
2022-10-11 22:32:54 : (Multi_Fetal_13W_FR : 7 of 25) Reading TabixFile 50 Percent, 55.806 mins elapsed.
2022-10-11 22:33:05 : (Multi_Fetal_11w2d_FR_2 : 9 of 25) Reading TabixFile 83 Percent, 56.001 mins elapsed.
2022-10-11 22:33:15 : (Multi_Fetal_20W2d_NR : 10 of 25) Reading TabixFile 83 Percent, 56.167 mins elapsed.
2022-10-11 22:33:25 : (Multi_Fetal_11w2d_NR : 12 of 25) Successful creation of Arrow File, 56.333 mins elapsed.
2022-10-11 22:33:29 : (Multi_Fetal_11w2d_FR : 6 of 25) Reading TabixFile 50 Percent, 56.392 mins elapsed.
2022-10-11 22:33:29 : (Multi_Fetal_13W_NR : 1 of 25) Reading TabixFile 33 Percent, 56.403 mins elapsed.
2022-10-11 22:33:33 : (Multi_Fetal_23w1d_FR : 8 of 25) Reading TabixFile 58 Percent, 56.466 mins elapsed.
2022-10-11 22:33:38 : (Multi_Fetal_14w5d_FR : 4 of 25) Reading TabixFile 50 Percent, 56.548 mins elapsed.
2022-10-11 22:33:50 : (Multiome_12w3d_FR : 16 of 25) Finished Creating Arrow File, 56.749 mins elapsed.
2022-10-11 22:33:55 : (Multiome_10w_FR : 15 of 25) Finished Creating Arrow File, 56.835 mins elapsed.
2022-10-11 22:34:11 : (Multi_Fetal_11w2d_FR_2 : 9 of 25) Reading TabixFile 92 Percent, 57.088 mins elapsed.
2022-10-11 22:34:21 : (Multi_Fetal_20W2d_NR : 10 of 25) Reading TabixFile 92 Percent, 57.265 mins elapsed.
2022-10-11 22:34:38 : (Multi_Fetal_19W4d_FR : 3 of 25) Reading TabixFile 50 Percent, 57.544 mins elapsed.
2022-10-11 22:35:12 : (Multi_Fetal_11w2d_FR_2 : 9 of 25) Reading TabixFile 100 Percent, 58.113 mins elapsed.
2022-10-11 22:35:13 : (Multi_Fetal_11w2d_FR_2 : 9 of 25) Successful creation of Temporary File, 58.134 mins elapsed.
2022-10-11 22:35:13 : (Multi_Fetal_11w2d_FR_2 : 9 of 25) Creating ArrowFile From Temporary File, 58.134 mins elapsed.
2022-10-11 22:35:19 : (Multi_Fetal_20W2d_NR : 10 of 25) Reading TabixFile 100 Percent, 58.235 mins elapsed.
2022-10-11 22:35:20 : (Multi_Fetal_19W4d_NR : 5 of 25) Reading TabixFile 58 Percent, 58.247 mins elapsed.
2022-10-11 22:35:20 : (Multi_Fetal_20W2d_NR : 10 of 25) Successful creation of Temporary File, 58.251 mins elapsed.
2022-10-11 22:35:20 : (Multi_Fetal_20W2d_NR : 10 of 25) Creating ArrowFile From Temporary File, 58.251 mins elapsed.
2022-10-11 22:35:25 : (Multi_Fetal_23w1d_NR : 11 of 25) Successful creation of Arrow File, 58.324 mins elapsed.
2022-10-11 22:35:44 : (Multi_Fetal_13W_FR : 7 of 25) Reading TabixFile 58 Percent, 58.643 mins elapsed.
2022-10-11 22:35:52 : (Multiome_12w3d_NR : 14 of 25) Finished Creating Arrow File, 58.779 mins elapsed.
2022-10-11 22:36:08 : (Multiome_10w_NR : 13 of 25) Finished Creating Arrow File, 59.051 mins elapsed.
2022-10-11 22:36:10 : (Multi_Fetal_20W2d_FR : 2 of 25) Reading TabixFile 50 Percent, 59.074 mins elapsed.
2022-10-11 22:36:32 : (Multi_Fetal_11w2d_FR : 6 of 25) Reading TabixFile 58 Percent, 59.448 mins elapsed.
2022-10-11 22:36:46 : (Multi_Fetal_23w1d_FR : 8 of 25) Reading TabixFile 67 Percent, 59.683 mins elapsed.
2022-10-11 22:36:47 : (Multi_Fetal_14w5d_FR : 4 of 25) Reading TabixFile 58 Percent, 59.697 mins elapsed.
2022-10-11 22:37:14 : (Multi_Fetal_11w2d_NR : 12 of 25) CellStats : Number of Cells Pass Filter = 11914 , 60.148 mins elapsed.
2022-10-11 22:37:14 : (Multi_Fetal_11w2d_NR : 12 of 25) CellStats : Median Frags = 12109.5 , 60.148 mins elapsed.
2022-10-11 22:37:14 : (Multi_Fetal_11w2d_NR : 12 of 25) CellStats : Median TSS Enrichment = 11.047 , 60.148 mins elapsed.
2022-10-11 22:37:19 : (Multi_Fetal_11w2d_NR : 12 of 25) Adding Additional Feature Counts!, 60.229 mins elapsed.
2022-10-11 22:37:36 : (Multi_Fetal_19W4d_FR : 3 of 25) Reading TabixFile 58 Percent, 60.514 mins elapsed.
2022-10-11 22:38:26 : (Multi_Fetal_19W4d_NR : 5 of 25) Reading TabixFile 67 Percent, 61.346 mins elapsed.
2022-10-11 22:38:47 : (Multi_Fetal_13W_FR : 7 of 25) Reading TabixFile 67 Percent, 61.692 mins elapsed.
2022-10-11 22:38:55 : (Multi_Fetal_23w1d_NR : 11 of 25) CellStats : Number of Cells Pass Filter = 14977 , 61.836 mins elapsed.
2022-10-11 22:38:55 : (Multi_Fetal_23w1d_NR : 11 of 25) CellStats : Median Frags = 6857 , 61.836 mins elapsed.
2022-10-11 22:38:55 : (Multi_Fetal_23w1d_NR : 11 of 25) CellStats : Median TSS Enrichment = 16.271 , 61.836 mins elapsed.
2022-10-11 22:39:00 : (Multi_Fetal_23w1d_NR : 11 of 25) Adding Additional Feature Counts!, 61.915 mins elapsed.
2022-10-11 22:39:09 : (Multi_Fetal_20W2d_FR : 2 of 25) Reading TabixFile 58 Percent, 62.059 mins elapsed.
2022-10-11 22:39:25 : (Multi_Fetal_11w2d_FR : 6 of 25) Reading TabixFile 67 Percent, 62.331 mins elapsed.
2022-10-11 22:39:29 : (Multi_Fetal_13W_NR : 1 of 25) Reading TabixFile 42 Percent, 62.403 mins elapsed.
2022-10-11 22:39:47 : (Multi_Fetal_14w5d_FR : 4 of 25) Reading TabixFile 67 Percent, 62.699 mins elapsed.
2022-10-11 22:39:51 : (Multi_Fetal_11w2d_NR : 12 of 25) Removing Fragments from Filtered Cells, 62.759 mins elapsed.
2022-10-11 22:39:51 : (Multi_Fetal_11w2d_NR : 12 of 25) Creating Filtered Arrow File, 62.759 mins elapsed.
2022-10-11 22:40:03 : (Multi_Fetal_23w1d_FR : 8 of 25) Reading TabixFile 75 Percent, 62.954 mins elapsed.
2022-10-11 22:41:03 : (Multi_Fetal_19W4d_FR : 3 of 25) Reading TabixFile 67 Percent, 63.955 mins elapsed.
2022-10-11 22:41:12 : (Multi_Fetal_11w2d_NR : 12 of 25) Finished Constructing Filtered Arrow File!, 64.114 mins elapsed.
2022-10-11 22:41:12 : (Multi_Fetal_11w2d_NR : 12 of 25) Adding TileMatrix!, 64.117 mins elapsed.
2022-10-11 22:41:29 : (Multi_Fetal_23w1d_NR : 11 of 25) Removing Fragments from Filtered Cells, 64.402 mins elapsed.
2022-10-11 22:41:29 : (Multi_Fetal_23w1d_NR : 11 of 25) Creating Filtered Arrow File, 64.402 mins elapsed.
2022-10-11 22:42:00 : (Multi_Fetal_19W4d_NR : 5 of 25) Reading TabixFile 75 Percent, 64.907 mins elapsed.
2022-10-11 22:42:18 : (Multi_Fetal_13W_FR : 7 of 25) Reading TabixFile 75 Percent, 65.213 mins elapsed.
2022-10-11 22:42:34 : (Multi_Fetal_11w2d_FR : 6 of 25) Reading TabixFile 75 Percent, 65.477 mins elapsed.
2022-10-11 22:42:41 : (Multi_Fetal_11w2d_FR_2 : 9 of 25) Successful creation of Arrow File, 65.596 mins elapsed.
2022-10-11 22:42:45 : (Multi_Fetal_20W2d_FR : 2 of 25) Reading TabixFile 67 Percent, 65.66 mins elapsed.
2022-10-11 22:42:53 : (Multi_Fetal_23w1d_NR : 11 of 25) Finished Constructing Filtered Arrow File!, 65.796 mins elapsed.
2022-10-11 22:42:53 : (Multi_Fetal_23w1d_NR : 11 of 25) Adding TileMatrix!, 65.799 mins elapsed.
2022-10-11 22:43:09 : (Multi_Fetal_23w1d_FR : 8 of 25) Reading TabixFile 83 Percent, 66.056 mins elapsed.
2022-10-11 22:43:09 : (Multi_Fetal_14w5d_FR : 4 of 25) Reading TabixFile 75 Percent, 66.059 mins elapsed.
2022-10-11 22:43:27 : (Multi_Fetal_20W2d_NR : 10 of 25) Successful creation of Arrow File, 66.369 mins elapsed.
2022-10-11 22:44:30 : (Multi_Fetal_23w1d_FR : 8 of 25) Reading TabixFile 92 Percent, 67.408 mins elapsed.
2022-10-11 22:44:42 : (Multi_Fetal_19W4d_FR : 3 of 25) Reading TabixFile 75 Percent, 67.619 mins elapsed.
2022-10-11 22:45:05 : (Multi_Fetal_11w2d_FR : 6 of 25) Reading TabixFile 83 Percent, 67.991 mins elapsed.
2022-10-11 22:45:10 : (Multi_Fetal_19W4d_NR : 5 of 25) Reading TabixFile 83 Percent, 68.072 mins elapsed.
2022-10-11 22:45:19 : (Multi_Fetal_13W_FR : 7 of 25) Reading TabixFile 83 Percent, 68.224 mins elapsed.
2022-10-11 22:45:43 : (Multi_Fetal_23w1d_FR : 8 of 25) Reading TabixFile 100 Percent, 68.63 mins elapsed.
2022-10-11 22:45:44 : (Multi_Fetal_23w1d_FR : 8 of 25) Successful creation of Temporary File, 68.649 mins elapsed.
2022-10-11 22:45:44 : (Multi_Fetal_23w1d_FR : 8 of 25) Creating ArrowFile From Temporary File, 68.649 mins elapsed.
2022-10-11 22:46:01 : (Multi_Fetal_14w5d_FR : 4 of 25) Reading TabixFile 83 Percent, 68.932 mins elapsed.
2022-10-11 22:46:08 : (Multi_Fetal_13W_NR : 1 of 25) Reading TabixFile 50 Percent, 69.051 mins elapsed.
2022-10-11 22:46:26 : (Multi_Fetal_11w2d_FR : 6 of 25) Reading TabixFile 92 Percent, 69.345 mins elapsed.
2022-10-11 22:46:34 : (Multi_Fetal_19W4d_NR : 5 of 25) Reading TabixFile 92 Percent, 69.476 mins elapsed.
2022-10-11 22:46:40 : (Multi_Fetal_13W_FR : 7 of 25) Reading TabixFile 92 Percent, 69.573 mins elapsed.
2022-10-11 22:46:46 : (Multi_Fetal_20W2d_FR : 2 of 25) Reading TabixFile 75 Percent, 69.685 mins elapsed.
2022-10-11 22:46:47 : (Multi_Fetal_11w2d_FR_2 : 9 of 25) CellStats : Number of Cells Pass Filter = 13603 , 69.691 mins elapsed.
2022-10-11 22:46:47 : (Multi_Fetal_11w2d_FR_2 : 9 of 25) CellStats : Median Frags = 10515 , 69.691 mins elapsed.
2022-10-11 22:46:47 : (Multi_Fetal_11w2d_FR_2 : 9 of 25) CellStats : Median TSS Enrichment = 7.785 , 69.691 mins elapsed.
2022-10-11 22:46:52 : (Multi_Fetal_11w2d_FR_2 : 9 of 25) Adding Additional Feature Counts!, 69.784 mins elapsed.
2022-10-11 22:47:26 : (Multi_Fetal_14w5d_FR : 4 of 25) Reading TabixFile 92 Percent, 70.338 mins elapsed.
2022-10-11 22:47:35 : (Multi_Fetal_20W2d_NR : 10 of 25) CellStats : Number of Cells Pass Filter = 16955 , 70.487 mins elapsed.
2022-10-11 22:47:35 : (Multi_Fetal_20W2d_NR : 10 of 25) CellStats : Median Frags = 9406 , 70.487 mins elapsed.
2022-10-11 22:47:35 : (Multi_Fetal_20W2d_NR : 10 of 25) CellStats : Median TSS Enrichment = 14.594 , 70.487 mins elapsed.
2022-10-11 22:47:39 : (Multi_Fetal_20W2d_NR : 10 of 25) Adding Additional Feature Counts!, 70.57 mins elapsed.
2022-10-11 22:47:50 : (Multi_Fetal_11w2d_FR : 6 of 25) Reading TabixFile 100 Percent, 70.739 mins elapsed.
2022-10-11 22:47:51 : (Multi_Fetal_11w2d_FR : 6 of 25) Successful creation of Temporary File, 70.761 mins elapsed.
2022-10-11 22:47:51 : (Multi_Fetal_11w2d_FR : 6 of 25) Creating ArrowFile From Temporary File, 70.761 mins elapsed.
2022-10-11 22:48:02 : (Multi_Fetal_19W4d_NR : 5 of 25) Reading TabixFile 100 Percent, 70.95 mins elapsed.
2022-10-11 22:48:03 : (Multi_Fetal_19W4d_NR : 5 of 25) Successful creation of Temporary File, 70.969 mins elapsed.
2022-10-11 22:48:03 : (Multi_Fetal_19W4d_NR : 5 of 25) Creating ArrowFile From Temporary File, 70.969 mins elapsed.
2022-10-11 22:48:08 : (Multi_Fetal_19W4d_FR : 3 of 25) Reading TabixFile 83 Percent, 71.038 mins elapsed.
2022-10-11 22:48:09 : (Multi_Fetal_13W_FR : 7 of 25) Reading TabixFile 100 Percent, 71.064 mins elapsed.
2022-10-11 22:48:10 : (Multi_Fetal_13W_FR : 7 of 25) Successful creation of Temporary File, 71.082 mins elapsed.
2022-10-11 22:48:10 : (Multi_Fetal_13W_FR : 7 of 25) Creating ArrowFile From Temporary File, 71.082 mins elapsed.
2022-10-11 22:48:53 : (Multi_Fetal_14w5d_FR : 4 of 25) Reading TabixFile 100 Percent, 71.796 mins elapsed.
2022-10-11 22:48:54 : (Multi_Fetal_14w5d_FR : 4 of 25) Successful creation of Temporary File, 71.817 mins elapsed.
2022-10-11 22:48:54 : (Multi_Fetal_14w5d_FR : 4 of 25) Creating ArrowFile From Temporary File, 71.818 mins elapsed.
2022-10-11 22:49:39 : (Multi_Fetal_11w2d_FR_2 : 9 of 25) Removing Fragments from Filtered Cells, 72.556 mins elapsed.
2022-10-11 22:49:39 : (Multi_Fetal_11w2d_FR_2 : 9 of 25) Creating Filtered Arrow File, 72.556 mins elapsed.
2022-10-11 22:49:41 : (Multi_Fetal_19W4d_FR : 3 of 25) Reading TabixFile 92 Percent, 72.589 mins elapsed.
2022-10-11 22:50:22 : (Multi_Fetal_13W_NR : 1 of 25) Reading TabixFile 58 Percent, 73.281 mins elapsed.
2022-10-11 22:50:35 : (Multi_Fetal_20W2d_NR : 10 of 25) Removing Fragments from Filtered Cells, 73.497 mins elapsed.
2022-10-11 22:50:35 : (Multi_Fetal_20W2d_NR : 10 of 25) Creating Filtered Arrow File, 73.497 mins elapsed.
2022-10-11 22:50:41 : (Multi_Fetal_20W2d_FR : 2 of 25) Reading TabixFile 83 Percent, 73.589 mins elapsed.
2022-10-11 22:51:11 : (Multi_Fetal_11w2d_FR_2 : 9 of 25) Finished Constructing Filtered Arrow File!, 74.101 mins elapsed.
2022-10-11 22:51:12 : (Multi_Fetal_11w2d_FR_2 : 9 of 25) Adding TileMatrix!, 74.105 mins elapsed.
2022-10-11 22:51:17 : (Multi_Fetal_19W4d_FR : 3 of 25) Reading TabixFile 100 Percent, 74.192 mins elapsed.
2022-10-11 22:51:18 : (Multi_Fetal_19W4d_FR : 3 of 25) Successful creation of Temporary File, 74.208 mins elapsed.
2022-10-11 22:51:18 : (Multi_Fetal_19W4d_FR : 3 of 25) Creating ArrowFile From Temporary File, 74.208 mins elapsed.
2022-10-11 22:52:00 : (Multi_Fetal_11w2d_NR : 12 of 25) Adding GeneScoreMatrix!, 74.909 mins elapsed.
2022-10-11 22:52:20 : (Multi_Fetal_20W2d_NR : 10 of 25) Finished Constructing Filtered Arrow File!, 75.246 mins elapsed.
2022-10-11 22:52:20 : (Multi_Fetal_20W2d_NR : 10 of 25) Adding TileMatrix!, 75.249 mins elapsed.
2022-10-11 22:52:25 : (Multi_Fetal_20W2d_FR : 2 of 25) Reading TabixFile 92 Percent, 75.321 mins elapsed.
2022-10-11 22:52:44 : (Multi_Fetal_23w1d_NR : 11 of 25) Adding GeneScoreMatrix!, 75.639 mins elapsed.
2022-10-11 22:53:54 : (Multi_Fetal_20W2d_FR : 2 of 25) Reading TabixFile 100 Percent, 76.813 mins elapsed.
2022-10-11 22:53:55 : (Multi_Fetal_20W2d_FR : 2 of 25) Successful creation of Temporary File, 76.833 mins elapsed.
2022-10-11 22:53:55 : (Multi_Fetal_20W2d_FR : 2 of 25) Creating ArrowFile From Temporary File, 76.833 mins elapsed.
2022-10-11 22:54:42 : (Multi_Fetal_13W_NR : 1 of 25) Reading TabixFile 67 Percent, 77.609 mins elapsed.
2022-10-11 22:55:25 : (Multi_Fetal_23w1d_FR : 8 of 25) Successful creation of Arrow File, 78.324 mins elapsed.
2022-10-11 22:56:53 : (Multi_Fetal_11w2d_FR : 6 of 25) Successful creation of Arrow File, 79.797 mins elapsed.
2022-10-11 22:57:41 : (Multi_Fetal_13W_FR : 7 of 25) Successful creation of Arrow File, 80.588 mins elapsed.
2022-10-11 22:58:06 : (Multi_Fetal_19W4d_NR : 5 of 25) Successful creation of Arrow File, 81.009 mins elapsed.
2022-10-11 22:58:25 : (Multi_Fetal_14w5d_FR : 4 of 25) Successful creation of Arrow File, 81.325 mins elapsed.
2022-10-11 22:58:32 : (Multi_Fetal_11w2d_NR : 12 of 25) Finished Creating Arrow File, 81.438 mins elapsed.
2022-10-11 22:58:54 : (Multi_Fetal_23w1d_NR : 11 of 25) Finished Creating Arrow File, 81.814 mins elapsed.
2022-10-11 22:59:21 : (Multi_Fetal_13W_NR : 1 of 25) Reading TabixFile 75 Percent, 82.255 mins elapsed.
2022-10-11 23:00:35 : (Multi_Fetal_23w1d_FR : 8 of 25) CellStats : Number of Cells Pass Filter = 20330 , 83.49 mins elapsed.
2022-10-11 23:00:35 : (Multi_Fetal_23w1d_FR : 8 of 25) CellStats : Median Frags = 9526 , 83.49 mins elapsed.
2022-10-11 23:00:35 : (Multi_Fetal_23w1d_FR : 8 of 25) CellStats : Median TSS Enrichment = 14.674 , 83.49 mins elapsed.
2022-10-11 23:00:40 : (Multi_Fetal_23w1d_FR : 8 of 25) Adding Additional Feature Counts!, 83.582 mins elapsed.
2022-10-11 23:01:11 : (Multi_Fetal_11w2d_FR : 6 of 25) CellStats : Number of Cells Pass Filter = 10907 , 84.099 mins elapsed.
2022-10-11 23:01:11 : (Multi_Fetal_11w2d_FR : 6 of 25) CellStats : Median Frags = 12900 , 84.099 mins elapsed.
2022-10-11 23:01:11 : (Multi_Fetal_11w2d_FR : 6 of 25) CellStats : Median TSS Enrichment = 7.426 , 84.099 mins elapsed.
2022-10-11 23:01:16 : (Multi_Fetal_11w2d_FR : 6 of 25) Adding Additional Feature Counts!, 84.182 mins elapsed.
2022-10-11 23:02:00 : (Multi_Fetal_19W4d_FR : 3 of 25) Successful creation of Arrow File, 84.91 mins elapsed.
2022-10-11 23:02:16 : (Multi_Fetal_11w2d_FR_2 : 9 of 25) Adding GeneScoreMatrix!, 85.176 mins elapsed.
2022-10-11 23:02:26 : (Multi_Fetal_13W_FR : 7 of 25) CellStats : Number of Cells Pass Filter = 17506 , 85.344 mins elapsed.
2022-10-11 23:02:26 : (Multi_Fetal_13W_FR : 7 of 25) CellStats : Median Frags = 13729.5 , 85.344 mins elapsed.
2022-10-11 23:02:26 : (Multi_Fetal_13W_FR : 7 of 25) CellStats : Median TSS Enrichment = 11.482 , 85.344 mins elapsed.
2022-10-11 23:02:31 : (Multi_Fetal_13W_FR : 7 of 25) Adding Additional Feature Counts!, 85.429 mins elapsed.
2022-10-11 23:03:16 : (Multi_Fetal_14w5d_FR : 4 of 25) CellStats : Number of Cells Pass Filter = 19885 , 86.183 mins elapsed.
2022-10-11 23:03:16 : (Multi_Fetal_14w5d_FR : 4 of 25) CellStats : Median Frags = 8696 , 86.183 mins elapsed.
2022-10-11 23:03:16 : (Multi_Fetal_14w5d_FR : 4 of 25) CellStats : Median TSS Enrichment = 12.975 , 86.183 mins elapsed.
2022-10-11 23:03:19 : (Multi_Fetal_13W_NR : 1 of 25) Reading TabixFile 83 Percent, 86.225 mins elapsed.
2022-10-11 23:03:22 : (Multi_Fetal_14w5d_FR : 4 of 25) Adding Additional Feature Counts!, 86.278 mins elapsed.
2022-10-11 23:03:24 : (Multi_Fetal_19W4d_NR : 5 of 25) CellStats : Number of Cells Pass Filter = 18534 , 86.307 mins elapsed.
2022-10-11 23:03:24 : (Multi_Fetal_19W4d_NR : 5 of 25) CellStats : Median Frags = 13670.5 , 86.307 mins elapsed.
2022-10-11 23:03:24 : (Multi_Fetal_19W4d_NR : 5 of 25) CellStats : Median TSS Enrichment = 13.7175 , 86.307 mins elapsed.
2022-10-11 23:03:29 : (Multi_Fetal_19W4d_NR : 5 of 25) Adding Additional Feature Counts!, 86.391 mins elapsed.
2022-10-11 23:03:48 : (Multi_Fetal_20W2d_FR : 2 of 25) Successful creation of Arrow File, 86.704 mins elapsed.
2022-10-11 23:03:59 : (Multi_Fetal_11w2d_FR : 6 of 25) Removing Fragments from Filtered Cells, 86.899 mins elapsed.
2022-10-11 23:03:59 : (Multi_Fetal_11w2d_FR : 6 of 25) Creating Filtered Arrow File, 86.9 mins elapsed.
2022-10-11 23:04:08 : (Multi_Fetal_23w1d_FR : 8 of 25) Removing Fragments from Filtered Cells, 87.053 mins elapsed.
2022-10-11 23:04:08 : (Multi_Fetal_23w1d_FR : 8 of 25) Creating Filtered Arrow File, 87.053 mins elapsed.
2022-10-11 23:04:23 : (Multi_Fetal_20W2d_NR : 10 of 25) Adding GeneScoreMatrix!, 87.297 mins elapsed.
2022-10-11 23:05:11 : (Multi_Fetal_13W_NR : 1 of 25) Reading TabixFile 92 Percent, 88.095 mins elapsed.
2022-10-11 23:05:24 : (Multi_Fetal_11w2d_FR : 6 of 25) Finished Constructing Filtered Arrow File!, 88.305 mins elapsed.
2022-10-11 23:05:24 : (Multi_Fetal_11w2d_FR : 6 of 25) Adding TileMatrix!, 88.312 mins elapsed.
2022-10-11 23:05:45 : (Multi_Fetal_13W_FR : 7 of 25) Removing Fragments from Filtered Cells, 88.663 mins elapsed.
2022-10-11 23:05:45 : (Multi_Fetal_13W_FR : 7 of 25) Creating Filtered Arrow File, 88.663 mins elapsed.
2022-10-11 23:06:08 : (Multi_Fetal_23w1d_FR : 8 of 25) Finished Constructing Filtered Arrow File!, 89.053 mins elapsed.
2022-10-11 23:06:09 : (Multi_Fetal_23w1d_FR : 8 of 25) Adding TileMatrix!, 89.058 mins elapsed.
2022-10-11 23:06:36 : (Multi_Fetal_14w5d_FR : 4 of 25) Removing Fragments from Filtered Cells, 89.51 mins elapsed.
2022-10-11 23:06:36 : (Multi_Fetal_14w5d_FR : 4 of 25) Creating Filtered Arrow File, 89.51 mins elapsed.
2022-10-11 23:07:15 : (Multi_Fetal_19W4d_NR : 5 of 25) Removing Fragments from Filtered Cells, 90.154 mins elapsed.
2022-10-11 23:07:15 : (Multi_Fetal_19W4d_NR : 5 of 25) Creating Filtered Arrow File, 90.154 mins elapsed.
2022-10-11 23:07:33 : (Multi_Fetal_13W_FR : 7 of 25) Finished Constructing Filtered Arrow File!, 90.469 mins elapsed.
2022-10-11 23:07:34 : (Multi_Fetal_13W_FR : 7 of 25) Adding TileMatrix!, 90.476 mins elapsed.
2022-10-11 23:07:35 : (Multi_Fetal_19W4d_FR : 3 of 25) CellStats : Number of Cells Pass Filter = 20310 , 90.498 mins elapsed.
2022-10-11 23:07:35 : (Multi_Fetal_19W4d_FR : 3 of 25) CellStats : Median Frags = 12186.5 , 90.498 mins elapsed.
2022-10-11 23:07:35 : (Multi_Fetal_19W4d_FR : 3 of 25) CellStats : Median TSS Enrichment = 13.245 , 90.499 mins elapsed.
2022-10-11 23:07:36 : (Multi_Fetal_13W_NR : 1 of 25) Reading TabixFile 100 Percent, 90.518 mins elapsed.
2022-10-11 23:07:37 : (Multi_Fetal_13W_NR : 1 of 25) Successful creation of Temporary File, 90.535 mins elapsed.
2022-10-11 23:07:37 : (Multi_Fetal_13W_NR : 1 of 25) Creating ArrowFile From Temporary File, 90.535 mins elapsed.
2022-10-11 23:07:41 : (Multi_Fetal_19W4d_FR : 3 of 25) Adding Additional Feature Counts!, 90.588 mins elapsed.
2022-10-11 23:08:32 : (Multi_Fetal_14w5d_FR : 4 of 25) Finished Constructing Filtered Arrow File!, 91.441 mins elapsed.
2022-10-11 23:08:32 : (Multi_Fetal_14w5d_FR : 4 of 25) Adding TileMatrix!, 91.444 mins elapsed.
2022-10-11 23:08:34 : (Multi_Fetal_20W2d_FR : 2 of 25) CellStats : Number of Cells Pass Filter = 13860 , 91.476 mins elapsed.
2022-10-11 23:08:34 : (Multi_Fetal_20W2d_FR : 2 of 25) CellStats : Median Frags = 14146 , 91.476 mins elapsed.
2022-10-11 23:08:34 : (Multi_Fetal_20W2d_FR : 2 of 25) CellStats : Median TSS Enrichment = 10.92 , 91.476 mins elapsed.
2022-10-11 23:08:35 : (Multi_Fetal_11w2d_FR_2 : 9 of 25) Finished Creating Arrow File, 91.498 mins elapsed.
2022-10-11 23:08:39 : (Multi_Fetal_20W2d_FR : 2 of 25) Adding Additional Feature Counts!, 91.554 mins elapsed.
2022-10-11 23:09:33 : (Multi_Fetal_19W4d_NR : 5 of 25) Finished Constructing Filtered Arrow File!, 92.466 mins elapsed.
2022-10-11 23:09:34 : (Multi_Fetal_19W4d_NR : 5 of 25) Adding TileMatrix!, 92.472 mins elapsed.
2022-10-11 23:11:28 : (Multi_Fetal_20W2d_NR : 10 of 25) Finished Creating Arrow File, 94.383 mins elapsed.
2022-10-11 23:11:49 : (Multi_Fetal_20W2d_FR : 2 of 25) Removing Fragments from Filtered Cells, 94.731 mins elapsed.
2022-10-11 23:11:49 : (Multi_Fetal_20W2d_FR : 2 of 25) Creating Filtered Arrow File, 94.731 mins elapsed.
2022-10-11 23:12:11 : (Multi_Fetal_19W4d_FR : 3 of 25) Removing Fragments from Filtered Cells, 95.101 mins elapsed.
2022-10-11 23:12:11 : (Multi_Fetal_19W4d_FR : 3 of 25) Creating Filtered Arrow File, 95.101 mins elapsed.
2022-10-11 23:13:33 : (Multi_Fetal_20W2d_FR : 2 of 25) Finished Constructing Filtered Arrow File!, 96.462 mins elapsed.
2022-10-11 23:13:33 : (Multi_Fetal_20W2d_FR : 2 of 25) Adding TileMatrix!, 96.469 mins elapsed.
2022-10-11 23:14:28 : (Multi_Fetal_19W4d_FR : 3 of 25) Finished Constructing Filtered Arrow File!, 97.374 mins elapsed.
2022-10-11 23:14:28 : (Multi_Fetal_19W4d_FR : 3 of 25) Adding TileMatrix!, 97.379 mins elapsed.
2022-10-11 23:16:32 : (Multi_Fetal_11w2d_FR : 6 of 25) Adding GeneScoreMatrix!, 99.444 mins elapsed.
2022-10-11 23:19:52 : (Multi_Fetal_13W_NR : 1 of 25) Successful creation of Arrow File, 102.787 mins elapsed.
2022-10-11 23:21:38 : (Multi_Fetal_23w1d_FR : 8 of 25) Adding GeneScoreMatrix!, 104.547 mins elapsed.
2022-10-11 23:22:38 : (Multi_Fetal_11w2d_FR : 6 of 25) Finished Creating Arrow File, 105.544 mins elapsed.
2022-10-11 23:22:56 : (Multi_Fetal_14w5d_FR : 4 of 25) Adding GeneScoreMatrix!, 105.843 mins elapsed.
2022-10-11 23:22:59 : (Multi_Fetal_13W_FR : 7 of 25) Adding GeneScoreMatrix!, 105.899 mins elapsed.
2022-10-11 23:25:44 : (Multi_Fetal_19W4d_NR : 5 of 25) Adding GeneScoreMatrix!, 108.652 mins elapsed.
2022-10-11 23:26:27 : (Multi_Fetal_13W_NR : 1 of 25) CellStats : Number of Cells Pass Filter = 24574 , 109.355 mins elapsed.
2022-10-11 23:26:27 : (Multi_Fetal_13W_NR : 1 of 25) CellStats : Median Frags = 13288 , 109.355 mins elapsed.
2022-10-11 23:26:27 : (Multi_Fetal_13W_NR : 1 of 25) CellStats : Median TSS Enrichment = 11.298 , 109.355 mins elapsed.
2022-10-11 23:26:32 : (Multi_Fetal_13W_NR : 1 of 25) Adding Additional Feature Counts!, 109.451 mins elapsed.
2022-10-11 23:26:48 : (Multi_Fetal_20W2d_FR : 2 of 25) Adding GeneScoreMatrix!, 109.705 mins elapsed.
2022-10-11 23:30:23 : (Multi_Fetal_23w1d_FR : 8 of 25) Finished Creating Arrow File, 113.293 mins elapsed.
2022-10-11 23:30:46 : (Multi_Fetal_13W_NR : 1 of 25) Removing Fragments from Filtered Cells, 113.684 mins elapsed.
2022-10-11 23:30:46 : (Multi_Fetal_13W_NR : 1 of 25) Creating Filtered Arrow File, 113.684 mins elapsed.
2022-10-11 23:30:58 : (Multi_Fetal_14w5d_FR : 4 of 25) Finished Creating Arrow File, 113.884 mins elapsed.
2022-10-11 23:31:06 : (Multi_Fetal_13W_FR : 7 of 25) Finished Creating Arrow File, 114.013 mins elapsed.
2022-10-11 23:33:08 : (Multi_Fetal_19W4d_FR : 3 of 25) Adding GeneScoreMatrix!, 116.039 mins elapsed.
2022-10-11 23:33:09 : (Multi_Fetal_13W_NR : 1 of 25) Finished Constructing Filtered Arrow File!, 116.063 mins elapsed.
2022-10-11 23:33:09 : (Multi_Fetal_13W_NR : 1 of 25) Adding TileMatrix!, 116.066 mins elapsed.
2022-10-11 23:34:12 : (Multi_Fetal_19W4d_NR : 5 of 25) Finished Creating Arrow File, 117.112 mins elapsed.
2022-10-11 23:34:14 : (Multi_Fetal_20W2d_FR : 2 of 25) Finished Creating Arrow File, 117.142 mins elapsed.
2022-10-11 23:40:57 : (Multi_Fetal_19W4d_FR : 3 of 25) Finished Creating Arrow File, 123.86 mins elapsed.
2022-10-11 23:51:08 : (Multi_Fetal_13W_NR : 1 of 25) Adding GeneScoreMatrix!, 134.046 mins elapsed.
2022-10-12 00:00:28 : (Multi_Fetal_13W_NR : 1 of 25) Finished Creating Arrow File, 143.371 mins elapsed.
ArchR logging successful to : ArchRLogs/ArchR-createArrows-157f1d0c2fd2-Date-2022-10-11_Time-21-37-04.log
ArchR logging to : ArchRLogs/ArchR-addDoubletScores-157f5002714-Date-2022-10-12_Time-00-00-28.log
If there is an issue, please report to github with logFile!
2022-10-12 00:00:31 : Batch Execution w/ safelapply!, 0 mins elapsed.
2022-10-12 00:00:31 : Multi_Fetal_13W_NR (1 of 25) :  Computing Doublet Statistics, 0 mins elapsed.
Multi_Fetal_13W_NR (1 of 25) : UMAP Projection R^2 = 0.9775
2022-10-12 00:11:59 : Multi_Fetal_20W2d_FR (2 of 25) :  Computing Doublet Statistics, 11.458 mins elapsed.
Multi_Fetal_20W2d_FR (2 of 25) : UMAP Projection R^2 = 0.82417
2022-10-12 00:19:21 : Multi_Fetal_19W4d_FR (3 of 25) :  Computing Doublet Statistics, 18.828 mins elapsed.
Filtering 1 dims correlated > 0.75 to log10(depth + 1)
Error in x$.self$finalize() : attempt to apply non-function
Multi_Fetal_19W4d_FR (3 of 25) : UMAP Projection R^2 = 0.98846
2022-10-12 00:27:52 : Multi_Fetal_14w5d_FR (4 of 25) :  Computing Doublet Statistics, 27.343 mins elapsed.
Multi_Fetal_14w5d_FR (4 of 25) : UMAP Projection R^2 = 0.99441
2022-10-12 00:35:22 : Multi_Fetal_19W4d_NR (5 of 25) :  Computing Doublet Statistics, 34.836 mins elapsed.
Multi_Fetal_19W4d_NR (5 of 25) : UMAP Projection R^2 = 0.98849
2022-10-12 00:43:36 : Multi_Fetal_11w2d_FR (6 of 25) :  Computing Doublet Statistics, 43.079 mins elapsed.
Multi_Fetal_11w2d_FR (6 of 25) : UMAP Projection R^2 = 0.72471
Multi_Fetal_11w2d_FR (6 of 25) : Correlation of UMAP Projection is below 0.9 (normally this is ~0.99)
This means there is little heterogeneity in your sample and thus doubletCalling is inaccurate.
force = FALSE, thus returning -1 doubletScores and doubletEnrichments!
Set force = TRUE if you want to continue (not recommended).
2022-10-12 00:47:59 : Multi_Fetal_13W_FR (7 of 25) :  Computing Doublet Statistics, 47.455 mins elapsed.
Multi_Fetal_13W_FR (7 of 25) : UMAP Projection R^2 = 0.99295
2022-10-12 00:55:58 : Multi_Fetal_23w1d_FR (8 of 25) :  Computing Doublet Statistics, 55.444 mins elapsed.
Filtering 1 dims correlated > 0.75 to log10(depth + 1)
Multi_Fetal_23w1d_FR (8 of 25) : UMAP Projection R^2 = 0.99568
2022-10-12 01:04:39 : Multi_Fetal_11w2d_FR_2 (9 of 25) :  Computing Doublet Statistics, 64.124 mins elapsed.
Multi_Fetal_11w2d_FR_2 (9 of 25) : UMAP Projection R^2 = 0.78396
Multi_Fetal_11w2d_FR_2 (9 of 25) : Correlation of UMAP Projection is below 0.9 (normally this is ~0.99)
This means there is little heterogeneity in your sample and thus doubletCalling is inaccurate.
force = FALSE, thus returning -1 doubletScores and doubletEnrichments!
Set force = TRUE if you want to continue (not recommended).
2022-10-12 01:09:26 : Multi_Fetal_20W2d_NR (10 of 25) :  Computing Doublet Statistics, 68.907 mins elapsed.
Error in x$.self$finalize() : attempt to apply non-function
Multi_Fetal_20W2d_NR (10 of 25) : UMAP Projection R^2 = 0.99271
2022-10-12 01:16:33 : Multi_Fetal_23w1d_NR (11 of 25) :  Computing Doublet Statistics, 76.026 mins elapsed.
Filtering 1 dims correlated > 0.75 to log10(depth + 1)
Multi_Fetal_23w1d_NR (11 of 25) : UMAP Projection R^2 = 0.99214
2022-10-12 01:22:55 : Multi_Fetal_11w2d_NR (12 of 25) :  Computing Doublet Statistics, 82.4 mins elapsed.
Error in x$.self$finalize() : attempt to apply non-function
Multi_Fetal_11w2d_NR (12 of 25) : UMAP Projection R^2 = 0.96093
2022-10-12 01:28:00 : Multiome_10w_NR (13 of 25) :  Computing Doublet Statistics, 87.472 mins elapsed.
Multiome_10w_NR (13 of 25) : UMAP Projection R^2 = 0.69989
Multiome_10w_NR (13 of 25) : Correlation of UMAP Projection is below 0.9 (normally this is ~0.99)
This means there is little heterogeneity in your sample and thus doubletCalling is inaccurate.
force = FALSE, thus returning -1 doubletScores and doubletEnrichments!
Set force = TRUE if you want to continue (not recommended).
2022-10-12 01:30:30 : Multiome_12w3d_NR (14 of 25) :  Computing Doublet Statistics, 89.973 mins elapsed.
Multiome_12w3d_NR (14 of 25) : UMAP Projection R^2 = 0.99436
2022-10-12 01:34:41 : Multiome_10w_FR (15 of 25) :  Computing Doublet Statistics, 94.162 mins elapsed.
Multiome_10w_FR (15 of 25) : UMAP Projection R^2 = 0.99079
2022-10-12 01:37:55 : Multiome_12w3d_FR (16 of 25) :  Computing Doublet Statistics, 97.393 mins elapsed.
Multiome_12w3d_FR (16 of 25) : UMAP Projection R^2 = 0.99006
2022-10-12 01:42:01 : Multiome_14w2d_FR (17 of 25) :  Computing Doublet Statistics, 101.487 mins elapsed.
Multiome_14w2d_FR (17 of 25) : UMAP Projection R^2 = 0.98438
2022-10-12 01:45:16 : Multiome_23w4d_FR (18 of 25) :  Computing Doublet Statistics, 104.749 mins elapsed.
Multiome_23w4d_FR (18 of 25) : UMAP Projection R^2 = 0.99472
2022-10-12 01:48:19 : Multiome_16w4d_FR (19 of 25) :  Computing Doublet Statistics, 107.799 mins elapsed.
Filtering 1 dims correlated > 0.75 to log10(depth + 1)
Filtering 1 dims correlated > 0.75 to log10(depth + 1)
Multiome_16w4d_FR (19 of 25) : UMAP Projection R^2 = 0.73293
Multiome_16w4d_FR (19 of 25) : Correlation of UMAP Projection is below 0.9 (normally this is ~0.99)
This means there is little heterogeneity in your sample and thus doubletCalling is inaccurate.
force = FALSE, thus returning -1 doubletScores and doubletEnrichments!
Set force = TRUE if you want to continue (not recommended).
2022-10-12 01:51:06 : Multiome_23w4d_NR (20 of 25) :  Computing Doublet Statistics, 110.573 mins elapsed.
Multiome_23w4d_NR (20 of 25) : UMAP Projection R^2 = 0.84849
2022-10-12 01:54:30 : Multiome_20w1d_FR (21 of 25) :  Computing Doublet Statistics, 113.973 mins elapsed.
Filtering 1 dims correlated > 0.75 to log10(depth + 1)
Multiome_20w1d_FR (21 of 25) : UMAP Projection R^2 = 0.75368
Multiome_20w1d_FR (21 of 25) : Correlation of UMAP Projection is below 0.9 (normally this is ~0.99)
This means there is little heterogeneity in your sample and thus doubletCalling is inaccurate.
force = FALSE, thus returning -1 doubletScores and doubletEnrichments!
Set force = TRUE if you want to continue (not recommended).
2022-10-12 01:57:43 : Multi_Fetal_14w5d_NR (22 of 25) :  Computing Doublet Statistics, 117.2 mins elapsed.
Multi_Fetal_14w5d_NR (22 of 25) : UMAP Projection R^2 = 0.99353
2022-10-12 02:02:23 : Multiome_14w2d_NR (23 of 25) :  Computing Doublet Statistics, 121.864 mins elapsed.
Biased Clusters : Cluster10 
Multiome_14w2d_NR (23 of 25) : UMAP Projection R^2 = 0.99422
2022-10-12 02:05:46 : Multiome_20w1d_NR (24 of 25) :  Computing Doublet Statistics, 125.241 mins elapsed.
Multiome_20w1d_NR (24 of 25) : UMAP Projection R^2 = 0.98446
2022-10-12 02:09:12 : Multiome_16w4d_NR (25 of 25) :  Computing Doublet Statistics, 128.676 mins elapsed.
Multiome_16w4d_NR (25 of 25) : UMAP Projection R^2 = 0.99469
ArchR logging successful to : ArchRLogs/ArchR-addDoubletScores-157f5002714-Date-2022-10-12_Time-00-00-28.log
Warning message:
`guides(<scale> = FALSE)` is deprecated. Please use `guides(<scale> = "none")` instead. 
Using GeneAnnotation set by addArchRGenome(Hg38)!
Using GeneAnnotation set by addArchRGenome(Hg38)!
Validating Arrows...
Getting SampleNames...
1 2 3 4 5 6 7 8 9 10 11 12 13 14 15 16 17 18 19 20 21 22 23 24 25 
Copying ArrowFiles to Ouptut Directory! If you want to save disk space set copyArrows = FALSE
1 2 3 4 5 6 7 8 9 10 11 12 13 14 15 16 17 18 19 20 21 22 23 24 25 
Getting Cell Metadata...
1 2 3 4 5 6 7 8 9 10 11 12 13 14 15 16 17 18 19 20 21 22 23 24 25 
Merging Cell Metadata...
Initializing ArchRProject...

                                                   / |
                                                 /    \
            .                                  /      |.
            \\\                              /        |.
              \\\                          /           `|.
                \\\                      /              |.
                  \                    /                |\
                  \\#####\           /                  ||
                ==###########>      /                   ||
                 \\##==......\    /                     ||
            ______ =       =|__ /__                     ||      \\\
        ,--' ,----`-,__ ___/'  --,-`-===================##========>
       \               '        ##_______ _____ ,--,__,=##,__   ///
        ,    __==    ___,-,__,--'#'  ==='      `-'    | ##,-/
        -,____,---'       \\####\\________________,--\\_##,/
           ___      .______        ______  __    __  .______      
          /   \     |   _  \      /      ||  |  |  | |   _  \     
         /  ^  \    |  |_)  |    |  ,----'|  |__|  | |  |_)  |    
        /  /_\  \   |      /     |  |     |   __   | |      /     
       /  _____  \  |  |\  \\___ |  `----.|  |  |  | |  |\  \\___.
      /__/     \__\ | _| `._____| \______||__|  |__| | _| `._____|
    
Copying ArchRProject to new outputDirectory : /storage/singlecell/zz4/fetal_bash/results/ArchR/Save-projretina1
Copying Arrow Files...
Copying Arrow Files (1 of 25)
Copying Arrow Files (2 of 25)
Copying Arrow Files (3 of 25)
Copying Arrow Files (4 of 25)
Copying Arrow Files (5 of 25)
Copying Arrow Files (6 of 25)
Copying Arrow Files (7 of 25)
Copying Arrow Files (8 of 25)
Copying Arrow Files (9 of 25)
Copying Arrow Files (10 of 25)
Copying Arrow Files (11 of 25)
Copying Arrow Files (12 of 25)
Copying Arrow Files (13 of 25)
Copying Arrow Files (14 of 25)
Copying Arrow Files (15 of 25)
Copying Arrow Files (16 of 25)
Copying Arrow Files (17 of 25)
Copying Arrow Files (18 of 25)
Copying Arrow Files (19 of 25)
Copying Arrow Files (20 of 25)
Copying Arrow Files (21 of 25)
Copying Arrow Files (22 of 25)
Copying Arrow Files (23 of 25)
Copying Arrow Files (24 of 25)
Copying Arrow Files (25 of 25)
Getting ImputeWeights
No imputeWeights found, returning NULL
Copying Other Files...
Saving ArchRProject...
