Attaching SeuratObject
Performing log-normalization
0%   10   20   30   40   50   60   70   80   90   100%
[----|----|----|----|----|----|----|----|----|----|
**************************************************|
Calculating gene variances
0%   10   20   30   40   50   60   70   80   90   100%
[----|----|----|----|----|----|----|----|----|----|
**************************************************|
Calculating feature variances of standardized and clipped values
0%   10   20   30   40   50   60   70   80   90   100%
[----|----|----|----|----|----|----|----|----|----|
**************************************************|
Centering and scaling data matrix
  |                                                                              |                                                                      |   0%  |                                                                              |===================================                                   |  50%  |                                                                              |======================================================================| 100%
Warning: The default method for RunUMAP has changed from calling Python UMAP via reticulate to the R-native UWOT using the cosine metric
To use Python UMAP via reticulate, set umap.method to 'umap-learn' and metric to 'correlation'
This message will be shown once per session
14:13:17 UMAP embedding parameters a = 0.9922 b = 1.112
14:13:17 Read 38862 rows and found 50 numeric columns
14:13:17 Using Annoy for neighbor search, n_neighbors = 30
14:13:17 Building Annoy index with metric = cosine, n_trees = 50
0%   10   20   30   40   50   60   70   80   90   100%
[----|----|----|----|----|----|----|----|----|----|
**************************************************|
14:13:25 Writing NN index file to temp file /storage/chen/tmp//RtmpwiT2B5/file2791041d156ef
14:13:25 Searching Annoy index using 1 thread, search_k = 3000
14:13:39 Annoy recall = 100%
14:14:07 Commencing smooth kNN distance calibration using 1 thread with target n_neighbors = 30
14:14:10 Initializing from normalized Laplacian + noise (using irlba)
14:14:12 Commencing optimization for 200 epochs, with 1826328 positive edges
Using method 'umap'
0%   10   20   30   40   50   60   70   80   90   100%
[----|----|----|----|----|----|----|----|----|----|
**************************************************|
14:15:04 Optimization finished
Performing TF-IDF normalization
Warning message:
In RunTFIDF.default(object = GetAssayData(object = object, slot = "counts"),  :
  Some features contain 0 total counts
Running SVD
Scaling cell embeddings
14:21:18 UMAP embedding parameters a = 0.9922 b = 1.112
14:21:18 Read 38862 rows and found 49 numeric columns
14:21:18 Using Annoy for neighbor search, n_neighbors = 30
14:21:18 Building Annoy index with metric = cosine, n_trees = 50
0%   10   20   30   40   50   60   70   80   90   100%
[----|----|----|----|----|----|----|----|----|----|
**************************************************|
14:21:23 Writing NN index file to temp file /storage/chen/tmp//RtmpwiT2B5/file279104aa4797a
14:21:24 Searching Annoy index using 1 thread, search_k = 3000
14:21:43 Annoy recall = 100%
14:21:45 Commencing smooth kNN distance calibration using 1 thread with target n_neighbors = 30
14:21:50 Initializing from normalized Laplacian + noise (using irlba)
14:21:52 Commencing optimization for 200 epochs, with 1539140 positive edges
Using method 'umap'
0%   10   20   30   40   50   60   70   80   90   100%
[----|----|----|----|----|----|----|----|----|----|
**************************************************|
14:22:38 Optimization finished
Calculating cell-specific modality weights
Finding 50 nearest neighbors for each modality.
Calculating kernel bandwidths
Finding multimodal neighbors
Constructing multimodal KNN graph
Constructing multimodal SNN graph
14:26:39 UMAP embedding parameters a = 0.9922 b = 1.112
14:26:41 Commencing smooth kNN distance calibration using 1 thread with target n_neighbors = 50
14:26:45 Initializing from normalized Laplacian + noise (using irlba)
14:26:48 Commencing optimization for 200 epochs, with 3018732 positive edges
Using method 'umap'
0%   10   20   30   40   50   60   70   80   90   100%
[----|----|----|----|----|----|----|----|----|----|
**************************************************|
14:28:06 Optimization finished
