starting at Thu Oct 13 13:03:43 CDT 2022 on mhgcp-g00.grid.bcm.edu
SLURM_JOBID=624544
2022-10-13 13:04:05,874 - DEBUG - Using logic: Default
2022-10-13 13:04:05,893 - INFO - Read 10968 cell barcodes from /storage/singlecell/zz4/fetal_bash/data/Retina_fetal/17W1D_Fovea_retina/outs/filtered_feature_bc_matrix/barcodes.tsv.gz
2022-10-13 13:04:05,893 - DEBUG - Example of barcode: AAACCCAAGAGTGAAG and cell_id: 17W1D_Fovea_retina:AAACCCAAGAGTGAAG-1
2022-10-13 13:04:05,910 - DEBUG - Peeking into /storage/singlecell/zz4/fetal_bash/data/Retina_fetal/17W1D_Fovea_retina/outs/possorted_genome_bam.bam
2022-10-13 13:04:06,038 - WARNING - Not found cell and umi barcode in entry 0 of the bam file
2022-10-13 13:04:06,038 - WARNING - Not found cell and umi barcode in entry 19 of the bam file
2022-10-13 13:04:06,038 - WARNING - Not found cell and umi barcode in entry 20 of the bam file
2022-10-13 13:04:06,038 - WARNING - Not found cell and umi barcode in entry 21 of the bam file
2022-10-13 13:04:06,038 - WARNING - Not found cell and umi barcode in entry 104 of the bam file
2022-10-13 13:04:06,039 - WARNING - Not found cell and umi barcode in entry 219 of the bam file
2022-10-13 13:04:06,039 - WARNING - Not found cell and umi barcode in entry 236 of the bam file
2022-10-13 13:04:06,039 - WARNING - Not found cell and umi barcode in entry 255 of the bam file
2022-10-13 13:04:06,039 - WARNING - Not found cell and umi barcode in entry 257 of the bam file
2022-10-13 13:04:06,039 - WARNING - Not found cell and umi barcode in entry 279 of the bam file
2022-10-13 13:04:06,039 - WARNING - Not found cell and umi barcode in entry 312 of the bam file
2022-10-13 13:04:06,039 - WARNING - Not found cell and umi barcode in entry 356 of the bam file
2022-10-13 13:04:06,039 - WARNING - Not found cell and umi barcode in entry 429 of the bam file
2022-10-13 13:04:06,039 - WARNING - Not found cell and umi barcode in entry 450 of the bam file
2022-10-13 13:04:06,040 - WARNING - Not found cell and umi barcode in entry 522 of the bam file
2022-10-13 13:04:06,040 - WARNING - Not found cell and umi barcode in entry 531 of the bam file
2022-10-13 13:04:06,040 - WARNING - Not found cell and umi barcode in entry 695 of the bam file
2022-10-13 13:04:06,040 - WARNING - Not found cell and umi barcode in entry 809 of the bam file
2022-10-13 13:04:06,040 - WARNING - Not found cell and umi barcode in entry 836 of the bam file
2022-10-13 13:04:06,040 - WARNING - Not found cell and umi barcode in entry 907 of the bam file
2022-10-13 13:04:06,040 - WARNING - Not found cell and umi barcode in entry 910 of the bam file
2022-10-13 13:04:06,041 - WARNING - Not found cell and umi barcode in entry 916 of the bam file
2022-10-13 13:04:06,041 - WARNING - Not found cell and umi barcode in entry 926 of the bam file
2022-10-13 13:04:06,041 - WARNING - Not found cell and umi barcode in entry 962 of the bam file
2022-10-13 13:04:06,041 - WARNING - Not found cell and umi barcode in entry 991 of the bam file
2022-10-13 13:04:06,198 - INFO - Starting the sorting process of /storage/singlecell/zz4/fetal_bash/data/Retina_fetal/17W1D_Fovea_retina/outs/possorted_genome_bam.bam the output will be at: /storage/singlecell/zz4/fetal_bash/data/Retina_fetal/17W1D_Fovea_retina/outs/cellsorted_possorted_genome_bam.bam
2022-10-13 13:04:06,198 - INFO - Command being run is: samtools sort -l 7 -m 10240M -t CB -O BAM -@ 12 -o /storage/singlecell/zz4/fetal_bash/data/Retina_fetal/17W1D_Fovea_retina/outs/cellsorted_possorted_genome_bam.bam /storage/singlecell/zz4/fetal_bash/data/Retina_fetal/17W1D_Fovea_retina/outs/possorted_genome_bam.bam
2022-10-13 13:04:06,198 - INFO - While the bam sorting happens do other things...
2022-10-13 13:04:06,198 - INFO - Load the annotation from /storage/singlecell/zz4/Reference/refdata-cellranger-arc-GRCh38-2020-A/genes/genes.gtf
2022-10-13 13:04:14,004 - DEBUG - Parsing Chromosome GL000009.2 strand - [line 0]
2022-10-13 13:04:14,005 - DEBUG - Done with GL000009.2- [line 7]
2022-10-13 13:04:14,005 - DEBUG - Assigning indexes to genes
2022-10-13 13:04:14,005 - DEBUG - Seen 1 genes until now
2022-10-13 13:04:14,005 - DEBUG - Parsing Chromosome GL000194.1 strand - [line 8]
2022-10-13 13:04:14,005 - DEBUG - Done with GL000194.1- [line 33]
2022-10-13 13:04:14,005 - DEBUG - Assigning indexes to genes
2022-10-13 13:04:14,005 - DEBUG - Seen 3 genes until now
2022-10-13 13:04:14,005 - DEBUG - Parsing Chromosome GL000195.1 strand - [line 34]
2022-10-13 13:04:14,005 - DEBUG - Done with GL000195.1- [line 43]
2022-10-13 13:04:14,005 - DEBUG - Assigning indexes to genes
2022-10-13 13:04:14,005 - DEBUG - Seen 4 genes until now
2022-10-13 13:04:14,005 - DEBUG - Parsing Chromosome GL000195.1 strand + [line 44]
2022-10-13 13:04:14,005 - DEBUG - Done with GL000195.1+ [line 57]
2022-10-13 13:04:14,005 - DEBUG - Assigning indexes to genes
2022-10-13 13:04:14,005 - DEBUG - Seen 5 genes until now
2022-10-13 13:04:14,005 - DEBUG - Parsing Chromosome GL000205.2 strand - [line 58]
2022-10-13 13:04:14,005 - DEBUG - Done with GL000205.2- [line 71]
2022-10-13 13:04:14,005 - DEBUG - Assigning indexes to genes
2022-10-13 13:04:14,005 - DEBUG - Seen 6 genes until now
2022-10-13 13:04:14,005 - DEBUG - Parsing Chromosome GL000213.1 strand - [line 72]
2022-10-13 13:04:14,006 - DEBUG - Done with GL000213.1- [line 120]
2022-10-13 13:04:14,006 - DEBUG - Assigning indexes to genes
2022-10-13 13:04:14,006 - DEBUG - Seen 7 genes until now
2022-10-13 13:04:14,006 - DEBUG - Parsing Chromosome GL000218.1 strand - [line 121]
2022-10-13 13:04:14,006 - DEBUG - Done with GL000218.1- [line 128]
2022-10-13 13:04:14,006 - DEBUG - Assigning indexes to genes
2022-10-13 13:04:14,006 - DEBUG - Seen 8 genes until now
2022-10-13 13:04:14,006 - DEBUG - Parsing Chromosome GL000219.1 strand - [line 129]
2022-10-13 13:04:14,006 - DEBUG - Done with GL000219.1- [line 141]
2022-10-13 13:04:14,006 - DEBUG - Assigning indexes to genes
2022-10-13 13:04:14,006 - DEBUG - Seen 9 genes until now
2022-10-13 13:04:14,006 - DEBUG - Parsing Chromosome KI270711.1 strand - [line 142]
2022-10-13 13:04:14,006 - DEBUG - Done with KI270711.1- [line 292]
2022-10-13 13:04:14,007 - DEBUG - Assigning indexes to genes
2022-10-13 13:04:14,007 - DEBUG - Seen 10 genes until now
2022-10-13 13:04:14,007 - DEBUG - Parsing Chromosome KI270713.1 strand - [line 293]
2022-10-13 13:04:14,007 - DEBUG - Done with KI270713.1- [line 300]
2022-10-13 13:04:14,007 - DEBUG - Assigning indexes to genes
2022-10-13 13:04:14,007 - DEBUG - Seen 11 genes until now
2022-10-13 13:04:14,007 - DEBUG - Parsing Chromosome KI270713.1 strand + [line 301]
2022-10-13 13:04:14,007 - DEBUG - Done with KI270713.1+ [line 307]
2022-10-13 13:04:14,007 - DEBUG - Assigning indexes to genes
2022-10-13 13:04:14,007 - DEBUG - Seen 12 genes until now
2022-10-13 13:04:14,007 - DEBUG - Parsing Chromosome KI270721.1 strand + [line 308]
2022-10-13 13:04:14,007 - DEBUG - Done with KI270721.1+ [line 323]
2022-10-13 13:04:14,007 - DEBUG - Assigning indexes to genes
2022-10-13 13:04:14,007 - DEBUG - Seen 13 genes until now
2022-10-13 13:04:14,007 - DEBUG - Parsing Chromosome KI270726.1 strand + [line 324]
2022-10-13 13:04:14,007 - DEBUG - Done with KI270726.1+ [line 334]
2022-10-13 13:04:14,007 - DEBUG - Assigning indexes to genes
2022-10-13 13:04:14,007 - DEBUG - Seen 15 genes until now
2022-10-13 13:04:14,007 - DEBUG - Parsing Chromosome KI270727.1 strand - [line 335]
2022-10-13 13:04:14,007 - DEBUG - Done with KI270727.1- [line 394]
2022-10-13 13:04:14,007 - DEBUG - Assigning indexes to genes
2022-10-13 13:04:14,007 - DEBUG - Seen 17 genes until now
2022-10-13 13:04:14,007 - DEBUG - Parsing Chromosome KI270727.1 strand + [line 395]
2022-10-13 13:04:14,007 - DEBUG - Done with KI270727.1+ [line 409]
2022-10-13 13:04:14,008 - DEBUG - Assigning indexes to genes
2022-10-13 13:04:14,008 - DEBUG - Seen 19 genes until now
2022-10-13 13:04:14,008 - DEBUG - Parsing Chromosome KI270728.1 strand - [line 410]
2022-10-13 13:04:14,008 - DEBUG - Done with KI270728.1- [line 486]
2022-10-13 13:04:14,008 - DEBUG - Assigning indexes to genes
2022-10-13 13:04:14,008 - DEBUG - Seen 21 genes until now
2022-10-13 13:04:14,008 - DEBUG - Parsing Chromosome KI270728.1 strand + [line 487]
2022-10-13 13:04:14,008 - DEBUG - Done with KI270728.1+ [line 523]
2022-10-13 13:04:14,008 - DEBUG - Assigning indexes to genes
2022-10-13 13:04:14,008 - DEBUG - Seen 25 genes until now
2022-10-13 13:04:14,008 - DEBUG - Parsing Chromosome KI270731.1 strand - [line 524]
2022-10-13 13:04:14,008 - DEBUG - Done with KI270731.1- [line 530]
2022-10-13 13:04:14,008 - DEBUG - Assigning indexes to genes
2022-10-13 13:04:14,008 - DEBUG - Seen 26 genes until now
2022-10-13 13:04:14,008 - DEBUG - Parsing Chromosome KI270734.1 strand - [line 531]
2022-10-13 13:04:14,008 - DEBUG - Done with KI270734.1- [line 599]
2022-10-13 13:04:14,009 - DEBUG - Assigning indexes to genes
2022-10-13 13:04:14,009 - DEBUG - Seen 27 genes until now
2022-10-13 13:04:14,009 - DEBUG - Parsing Chromosome KI270734.1 strand + [line 600]
2022-10-13 13:04:14,009 - DEBUG - Done with KI270734.1+ [line 622]
2022-10-13 13:04:14,009 - DEBUG - Assigning indexes to genes
2022-10-13 13:04:14,009 - DEBUG - Seen 29 genes until now
2022-10-13 13:04:14,009 - DEBUG - Parsing Chromosome 1 strand - [line 623]
2022-10-13 13:04:14,680 - DEBUG - Done with 1- [line 118876]
2022-10-13 13:04:14,680 - DEBUG - Assigning indexes to genes
2022-10-13 13:04:14,692 - DEBUG - Seen 1711 genes until now
2022-10-13 13:04:14,693 - DEBUG - Parsing Chromosome 1 strand + [line 118877]
2022-10-13 13:04:15,686 - DEBUG - Done with 1+ [line 253796]
2022-10-13 13:04:15,686 - DEBUG - Assigning indexes to genes
2022-10-13 13:04:15,699 - DEBUG - Seen 3439 genes until now
2022-10-13 13:04:15,700 - DEBUG - Parsing Chromosome 10 strand - [line 253797]
2022-10-13 13:04:15,900 - DEBUG - Done with 10- [line 304078]
2022-10-13 13:04:15,900 - DEBUG - Assigning indexes to genes
2022-10-13 13:04:15,905 - DEBUG - Seen 4100 genes until now
2022-10-13 13:04:15,905 - DEBUG - Parsing Chromosome 10 strand + [line 304079]
2022-10-13 13:04:16,343 - DEBUG - Done with 10+ [line 356023]
2022-10-13 13:04:16,343 - DEBUG - Assigning indexes to genes
2022-10-13 13:04:16,348 - DEBUG - Seen 4833 genes until now
2022-10-13 13:04:16,348 - DEBUG - Parsing Chromosome 11 strand - [line 356024]
2022-10-13 13:04:16,665 - DEBUG - Done with 11- [line 438038]
2022-10-13 13:04:16,684 - DEBUG - Assigning indexes to genes
2022-10-13 13:04:16,693 - DEBUG - Seen 5833 genes until now
2022-10-13 13:04:16,693 - DEBUG - Parsing Chromosome 11 strand + [line 438039]
2022-10-13 13:04:17,305 - DEBUG - Done with 11+ [line 521163]
2022-10-13 13:04:17,305 - DEBUG - Assigning indexes to genes
2022-10-13 13:04:17,314 - DEBUG - Seen 6898 genes until now
2022-10-13 13:04:17,314 - DEBUG - Parsing Chromosome 12 strand - [line 521164]
2022-10-13 13:04:17,640 - DEBUG - Done with 12- [line 601582]
2022-10-13 13:04:17,640 - DEBUG - Assigning indexes to genes
2022-10-13 13:04:17,648 - DEBUG - Seen 7848 genes until now
2022-10-13 13:04:17,648 - DEBUG - Parsing Chromosome 12 strand + [line 601583]
2022-10-13 13:04:17,971 - DEBUG - Done with 12+ [line 681983]
2022-10-13 13:04:17,971 - DEBUG - Assigning indexes to genes
2022-10-13 13:04:17,980 - DEBUG - Seen 8826 genes until now
2022-10-13 13:04:17,980 - DEBUG - Parsing Chromosome 13 strand - [line 681984]
2022-10-13 13:04:18,408 - DEBUG - Done with 13- [line 702449]
2022-10-13 13:04:18,408 - DEBUG - Assigning indexes to genes
2022-10-13 13:04:18,410 - DEBUG - Seen 9225 genes until now
2022-10-13 13:04:18,410 - DEBUG - Parsing Chromosome 13 strand + [line 702450]
2022-10-13 13:04:18,508 - DEBUG - Done with 13+ [line 726349]
2022-10-13 13:04:18,509 - DEBUG - Assigning indexes to genes
2022-10-13 13:04:18,511 - DEBUG - Seen 9614 genes until now
2022-10-13 13:04:18,511 - DEBUG - Parsing Chromosome 14 strand - [line 726350]
2022-10-13 13:04:18,685 - DEBUG - Done with 14- [line 770987]
2022-10-13 13:04:18,685 - DEBUG - Assigning indexes to genes
2022-10-13 13:04:18,690 - DEBUG - Seen 10373 genes until now
2022-10-13 13:04:18,690 - DEBUG - Parsing Chromosome 14 strand + [line 770988]
2022-10-13 13:04:18,896 - DEBUG - Done with 14+ [line 822908]
2022-10-13 13:04:18,896 - DEBUG - Assigning indexes to genes
2022-10-13 13:04:18,902 - DEBUG - Seen 11088 genes until now
2022-10-13 13:04:18,902 - DEBUG - Parsing Chromosome 15 strand - [line 822909]
2022-10-13 13:04:19,108 - DEBUG - Done with 15- [line 873715]
2022-10-13 13:04:19,109 - DEBUG - Assigning indexes to genes
2022-10-13 13:04:19,115 - DEBUG - Seen 11734 genes until now
2022-10-13 13:04:19,115 - DEBUG - Parsing Chromosome 15 strand + [line 873716]
2022-10-13 13:04:19,665 - DEBUG - Done with 15+ [line 923824]
2022-10-13 13:04:19,666 - DEBUG - Assigning indexes to genes
2022-10-13 13:04:19,672 - DEBUG - Seen 12355 genes until now
2022-10-13 13:04:19,672 - DEBUG - Parsing Chromosome 16 strand - [line 923825]
2022-10-13 13:04:19,896 - DEBUG - Done with 16- [line 979238]
2022-10-13 13:04:19,896 - DEBUG - Assigning indexes to genes
2022-10-13 13:04:19,902 - DEBUG - Seen 13151 genes until now
2022-10-13 13:04:19,902 - DEBUG - Parsing Chromosome 16 strand + [line 979239]
2022-10-13 13:04:20,196 - DEBUG - Done with 16+ [line 1052152]
2022-10-13 13:04:20,197 - DEBUG - Assigning indexes to genes
2022-10-13 13:04:20,204 - DEBUG - Seen 14004 genes until now
2022-10-13 13:04:20,204 - DEBUG - Parsing Chromosome 17 strand - [line 1052153]
2022-10-13 13:04:20,544 - DEBUG - Done with 17- [line 1140008]
2022-10-13 13:04:20,544 - DEBUG - Assigning indexes to genes
2022-10-13 13:04:20,553 - DEBUG - Seen 15039 genes until now
2022-10-13 13:04:20,553 - DEBUG - Parsing Chromosome 17 strand + [line 1140009]
2022-10-13 13:04:21,318 - DEBUG - Done with 17+ [line 1219447]
2022-10-13 13:04:21,318 - DEBUG - Assigning indexes to genes
2022-10-13 13:04:21,329 - DEBUG - Seen 15996 genes until now
2022-10-13 13:04:21,329 - DEBUG - Parsing Chromosome 18 strand - [line 1219448]
2022-10-13 13:04:21,441 - DEBUG - Done with 18- [line 1246083]
2022-10-13 13:04:21,441 - DEBUG - Assigning indexes to genes
2022-10-13 13:04:21,443 - DEBUG - Seen 16371 genes until now
2022-10-13 13:04:21,444 - DEBUG - Parsing Chromosome 18 strand + [line 1246084]
2022-10-13 13:04:21,539 - DEBUG - Done with 18+ [line 1269821]
2022-10-13 13:04:21,539 - DEBUG - Assigning indexes to genes
2022-10-13 13:04:21,542 - DEBUG - Seen 16777 genes until now
2022-10-13 13:04:21,542 - DEBUG - Parsing Chromosome 19 strand - [line 1269822]
2022-10-13 13:04:21,854 - DEBUG - Done with 19- [line 1350736]
2022-10-13 13:04:21,854 - DEBUG - Assigning indexes to genes
2022-10-13 13:04:21,867 - DEBUG - Seen 17790 genes until now
2022-10-13 13:04:21,867 - DEBUG - Parsing Chromosome 19 strand + [line 1350737]
2022-10-13 13:04:22,200 - DEBUG - Done with 19+ [line 1435648]
2022-10-13 13:04:22,200 - DEBUG - Assigning indexes to genes
2022-10-13 13:04:22,212 - DEBUG - Seen 18804 genes until now
2022-10-13 13:04:22,212 - DEBUG - Parsing Chromosome 2 strand - [line 1435649]
2022-10-13 13:04:22,660 - DEBUG - Done with 2- [line 1542996]
2022-10-13 13:04:22,660 - DEBUG - Assigning indexes to genes
2022-10-13 13:04:22,673 - DEBUG - Seen 20037 genes until now
2022-10-13 13:04:22,674 - DEBUG - Parsing Chromosome 2 strand + [line 1542997]
2022-10-13 13:04:23,538 - DEBUG - Done with 2+ [line 1642863]
2022-10-13 13:04:23,538 - DEBUG - Assigning indexes to genes
2022-10-13 13:04:23,553 - DEBUG - Seen 21345 genes until now
2022-10-13 13:04:23,553 - DEBUG - Parsing Chromosome 20 strand - [line 1642864]
2022-10-13 13:04:23,672 - DEBUG - Done with 20- [line 1672442]
2022-10-13 13:04:23,672 - DEBUG - Assigning indexes to genes
2022-10-13 13:04:23,678 - DEBUG - Seen 21828 genes until now
2022-10-13 13:04:23,678 - DEBUG - Parsing Chromosome 20 strand + [line 1672443]
2022-10-13 13:04:23,822 - DEBUG - Done with 20+ [line 1707817]
2022-10-13 13:04:23,822 - DEBUG - Assigning indexes to genes
2022-10-13 13:04:23,831 - DEBUG - Seen 22309 genes until now
2022-10-13 13:04:23,832 - DEBUG - Parsing Chromosome 21 strand - [line 1707818]
2022-10-13 13:04:23,894 - DEBUG - Done with 21- [line 1722798]
2022-10-13 13:04:23,894 - DEBUG - Assigning indexes to genes
2022-10-13 13:04:23,896 - DEBUG - Seen 22596 genes until now
2022-10-13 13:04:23,896 - DEBUG - Parsing Chromosome 21 strand + [line 1722799]
2022-10-13 13:04:23,965 - DEBUG - Done with 21+ [line 1738981]
2022-10-13 13:04:23,965 - DEBUG - Assigning indexes to genes
2022-10-13 13:04:23,967 - DEBUG - Seen 22864 genes until now
2022-10-13 13:04:23,967 - DEBUG - Parsing Chromosome 22 strand - [line 1738982]
2022-10-13 13:04:24,071 - DEBUG - Done with 22- [line 1765357]
2022-10-13 13:04:24,071 - DEBUG - Assigning indexes to genes
2022-10-13 13:04:24,074 - DEBUG - Seen 23260 genes until now
2022-10-13 13:04:24,074 - DEBUG - Parsing Chromosome 22 strand + [line 1765358]
2022-10-13 13:04:24,201 - DEBUG - Done with 22+ [line 1797598]
2022-10-13 13:04:24,201 - DEBUG - Assigning indexes to genes
2022-10-13 13:04:24,205 - DEBUG - Seen 23765 genes until now
2022-10-13 13:04:24,205 - DEBUG - Parsing Chromosome 3 strand - [line 1797599]
2022-10-13 13:04:24,586 - DEBUG - Done with 3- [line 1887377]
2022-10-13 13:04:24,586 - DEBUG - Assigning indexes to genes
2022-10-13 13:04:24,597 - DEBUG - Seen 24693 genes until now
2022-10-13 13:04:24,597 - DEBUG - Parsing Chromosome 3 strand + [line 1887378]
2022-10-13 13:04:24,961 - DEBUG - Done with 3+ [line 1977011]
2022-10-13 13:04:24,961 - DEBUG - Assigning indexes to genes
2022-10-13 13:04:24,971 - DEBUG - Seen 25658 genes until now
2022-10-13 13:04:24,971 - DEBUG - Parsing Chromosome 4 strand - [line 1977012]
2022-10-13 13:04:25,840 - DEBUG - Done with 4- [line 2034238]
2022-10-13 13:04:25,840 - DEBUG - Assigning indexes to genes
2022-10-13 13:04:25,847 - DEBUG - Seen 26401 genes until now
2022-10-13 13:04:25,847 - DEBUG - Parsing Chromosome 4 strand + [line 2034239]
2022-10-13 13:04:26,108 - DEBUG - Done with 4+ [line 2094594]
2022-10-13 13:04:26,108 - DEBUG - Assigning indexes to genes
2022-10-13 13:04:26,118 - DEBUG - Seen 27191 genes until now
2022-10-13 13:04:26,118 - DEBUG - Parsing Chromosome 5 strand - [line 2094595]
2022-10-13 13:04:26,357 - DEBUG - Done with 5- [line 2152660]
2022-10-13 13:04:26,357 - DEBUG - Assigning indexes to genes
2022-10-13 13:04:26,367 - DEBUG - Seen 28071 genes until now
2022-10-13 13:04:26,367 - DEBUG - Parsing Chromosome 5 strand + [line 2152661]
2022-10-13 13:04:26,628 - DEBUG - Done with 5+ [line 2218657]
2022-10-13 13:04:26,628 - DEBUG - Assigning indexes to genes
2022-10-13 13:04:26,637 - DEBUG - Seen 29002 genes until now
2022-10-13 13:04:26,637 - DEBUG - Parsing Chromosome 6 strand - [line 2218658]
2022-10-13 13:04:26,915 - DEBUG - Done with 6- [line 2284937]
2022-10-13 13:04:26,915 - DEBUG - Assigning indexes to genes
2022-10-13 13:04:26,926 - DEBUG - Seen 29928 genes until now
2022-10-13 13:04:26,926 - DEBUG - Parsing Chromosome 6 strand + [line 2284938]
2022-10-13 13:04:27,177 - DEBUG - Done with 6+ [line 2345240]
2022-10-13 13:04:27,177 - DEBUG - Assigning indexes to genes
2022-10-13 13:04:27,188 - DEBUG - Seen 30829 genes until now
2022-10-13 13:04:27,188 - DEBUG - Parsing Chromosome 7 strand - [line 2345241]
2022-10-13 13:04:27,440 - DEBUG - Done with 7- [line 2406845]
2022-10-13 13:04:27,440 - DEBUG - Assigning indexes to genes
2022-10-13 13:04:27,449 - DEBUG - Seen 31621 genes until now
2022-10-13 13:04:27,449 - DEBUG - Parsing Chromosome 7 strand + [line 2406846]
2022-10-13 13:04:27,713 - DEBUG - Done with 7+ [line 2476014]
2022-10-13 13:04:27,713 - DEBUG - Assigning indexes to genes
2022-10-13 13:04:27,721 - DEBUG - Seen 32515 genes until now
2022-10-13 13:04:27,721 - DEBUG - Parsing Chromosome 8 strand - [line 2476015]
2022-10-13 13:04:27,916 - DEBUG - Done with 8- [line 2527366]
2022-10-13 13:04:27,916 - DEBUG - Assigning indexes to genes
2022-10-13 13:04:27,922 - DEBUG - Seen 33270 genes until now
2022-10-13 13:04:27,922 - DEBUG - Parsing Chromosome 8 strand + [line 2527367]
2022-10-13 13:04:28,854 - DEBUG - Done with 8+ [line 2577021]
2022-10-13 13:04:28,856 - DEBUG - Assigning indexes to genes
2022-10-13 13:04:28,863 - DEBUG - Seen 34010 genes until now
2022-10-13 13:04:28,863 - DEBUG - Parsing Chromosome 9 strand - [line 2577022]
2022-10-13 13:04:29,073 - DEBUG - Done with 9- [line 2622811]
2022-10-13 13:04:29,074 - DEBUG - Assigning indexes to genes
2022-10-13 13:04:29,082 - DEBUG - Seen 34681 genes until now
2022-10-13 13:04:29,082 - DEBUG - Parsing Chromosome 9 strand + [line 2622812]
2022-10-13 13:04:29,396 - DEBUG - Done with 9+ [line 2672374]
2022-10-13 13:04:29,397 - DEBUG - Assigning indexes to genes
2022-10-13 13:04:29,408 - DEBUG - Seen 35329 genes until now
2022-10-13 13:04:29,408 - DEBUG - Parsing Chromosome M strand - [line 2672375]
2022-10-13 13:04:29,408 - DEBUG - Done with M- [line 2672379]
2022-10-13 13:04:29,408 - DEBUG - Assigning indexes to genes
2022-10-13 13:04:29,408 - DEBUG - Seen 35330 genes until now
2022-10-13 13:04:29,408 - DEBUG - Parsing Chromosome M strand + [line 2672380]
2022-10-13 13:04:29,409 - DEBUG - Done with M+ [line 2672445]
2022-10-13 13:04:29,409 - DEBUG - Assigning indexes to genes
2022-10-13 13:04:29,409 - DEBUG - Seen 35342 genes until now
2022-10-13 13:04:29,409 - DEBUG - Parsing Chromosome X strand - [line 2672446]
2022-10-13 13:04:29,649 - DEBUG - Done with X- [line 2716088]
2022-10-13 13:04:29,649 - DEBUG - Assigning indexes to genes
2022-10-13 13:04:29,655 - DEBUG - Seen 35884 genes until now
2022-10-13 13:04:29,655 - DEBUG - Parsing Chromosome X strand + [line 2716089]
2022-10-13 13:04:29,887 - DEBUG - Done with X+ [line 2760500]
2022-10-13 13:04:29,887 - DEBUG - Assigning indexes to genes
2022-10-13 13:04:29,901 - DEBUG - Seen 36490 genes until now
2022-10-13 13:04:29,902 - DEBUG - Parsing Chromosome Y strand - [line 2760501]
2022-10-13 13:04:29,918 - DEBUG - Done with Y- [line 2763031]
2022-10-13 13:04:29,918 - DEBUG - Assigning indexes to genes
2022-10-13 13:04:29,919 - DEBUG - Seen 36543 genes until now
2022-10-13 13:04:29,919 - DEBUG - Parsing Chromosome Y strand + [line 2763032]
2022-10-13 13:04:29,931 - DEBUG - Assigning indexes to genes
2022-10-13 13:04:29,932 - DEBUG - Done with Y+ [line 2765967]
2022-10-13 13:04:29,932 - DEBUG - Fixing corner cases of transcript models containg intron longer than 1000Kbp
2022-10-13 13:04:32,856 - DEBUG - Generated 2411536 features corresponding to 199138 transcript models from /storage/singlecell/zz4/Reference/refdata-cellranger-arc-GRCh38-2020-A/genes/genes.gtf
2022-10-13 13:04:32,906 - INFO - Scan /storage/singlecell/zz4/fetal_bash/data/Retina_fetal/17W1D_Fovea_retina/outs/possorted_genome_bam.bam to validate intron intervals
2022-10-13 13:04:36,666 - DEBUG - Reading /storage/singlecell/zz4/fetal_bash/data/Retina_fetal/17W1D_Fovea_retina/outs/possorted_genome_bam.bam
2022-10-13 13:04:36,747 - DEBUG - Read first 0 million reads
2022-10-13 13:04:36,747 - DEBUG - Marking up chromosome 1
2022-10-13 13:06:32,721 - DEBUG - Read first 10 million reads
2022-10-13 13:08:36,121 - DEBUG - Read first 20 million reads
2022-10-13 13:10:42,000 - DEBUG - Read first 30 million reads
2022-10-13 13:10:44,210 - DEBUG - Marking up chromosome 10
2022-10-13 13:13:02,808 - DEBUG - Read first 40 million reads
2022-10-13 13:13:57,429 - DEBUG - Marking up chromosome 11
2022-10-13 13:14:55,632 - DEBUG - Read first 50 million reads
2022-10-13 13:17:20,855 - DEBUG - Read first 60 million reads
2022-10-13 13:19:26,623 - DEBUG - Read first 70 million reads
2022-10-13 13:20:11,516 - DEBUG - Marking up chromosome 12
2022-10-13 13:21:18,672 - DEBUG - Read first 80 million reads
2022-10-13 13:23:18,876 - DEBUG - Read first 90 million reads
2022-10-13 13:23:51,867 - DEBUG - Marking up chromosome 13
2022-10-13 13:24:59,637 - DEBUG - Read first 100 million reads
2022-10-13 13:25:36,288 - DEBUG - Marking up chromosome 14
2022-10-13 13:26:46,561 - DEBUG - Read first 110 million reads
2022-10-13 13:28:15,775 - DEBUG - Marking up chromosome 15
2022-10-13 13:29:04,032 - DEBUG - Read first 120 million reads
2022-10-13 13:31:12,620 - DEBUG - Marking up chromosome 16
2022-10-13 13:31:17,152 - DEBUG - Read first 130 million reads
2022-10-13 13:33:51,742 - DEBUG - Marking up chromosome 17
2022-10-13 13:33:56,040 - DEBUG - Read first 140 million reads
2022-10-13 13:36:28,515 - DEBUG - Read first 150 million reads
2022-10-13 13:37:31,851 - DEBUG - Marking up chromosome 18
2022-10-13 13:39:35,145 - DEBUG - Read first 160 million reads
2022-10-13 13:39:54,479 - DEBUG - Marking up chromosome 19
2022-10-13 13:42:08,175 - DEBUG - Read first 170 million reads
2022-10-13 13:42:35,379 - DEBUG - Marking up chromosome 2
2022-10-13 13:44:55,880 - DEBUG - Read first 180 million reads
2022-10-13 13:47:33,632 - DEBUG - Read first 190 million reads
2022-10-13 13:50:10,280 - DEBUG - Read first 200 million reads
2022-10-13 13:50:25,476 - DEBUG - Marking up chromosome 20
2022-10-13 13:52:10,326 - DEBUG - Marking up chromosome 21
2022-10-13 13:52:15,320 - DEBUG - Read first 210 million reads
2022-10-13 13:53:29,719 - DEBUG - Marking up chromosome 22
2022-10-13 13:54:30,971 - DEBUG - Read first 220 million reads
2022-10-13 13:54:36,293 - DEBUG - Marking up chromosome 3
2022-10-13 13:56:50,614 - DEBUG - Read first 230 million reads
2022-10-13 13:59:09,952 - DEBUG - Read first 240 million reads
2022-10-13 14:00:53,438 - DEBUG - Marking up chromosome 4
2022-10-13 14:01:39,846 - DEBUG - Read first 250 million reads
2022-10-13 14:04:41,359 - DEBUG - Read first 260 million reads
2022-10-13 14:06:14,734 - DEBUG - Marking up chromosome 5
2022-10-13 14:06:56,839 - DEBUG - Read first 270 million reads
2022-10-13 14:09:27,921 - DEBUG - Read first 280 million reads
2022-10-13 14:10:39,548 - DEBUG - Marking up chromosome 6
2022-10-13 14:11:55,723 - DEBUG - Read first 290 million reads
2022-10-13 14:14:12,739 - DEBUG - Read first 300 million reads
2022-10-13 14:15:10,038 - DEBUG - Marking up chromosome 7
2022-10-13 14:16:22,013 - DEBUG - Read first 310 million reads
2022-10-13 14:18:33,400 - DEBUG - Read first 320 million reads
2022-10-13 14:19:46,030 - DEBUG - Marking up chromosome 8
2022-10-13 14:20:50,326 - DEBUG - Read first 330 million reads
2022-10-13 14:23:19,523 - DEBUG - Read first 340 million reads
2022-10-13 14:23:31,321 - DEBUG - Marking up chromosome 9
2022-10-13 14:25:22,405 - DEBUG - Read first 350 million reads
2022-10-13 14:26:29,802 - DEBUG - Marking up chromosome MT
2022-10-13 14:26:29,803 - WARNING - The .bam file refers to a chromosome 'MT+' not present in the annotation (.gtf) file
2022-10-13 14:26:29,803 - WARNING - The .bam file refers to a chromosome 'MT-' not present in the annotation (.gtf) file
2022-10-13 14:26:36,345 - DEBUG - Marking up chromosome X
2022-10-13 14:27:18,451 - DEBUG - Read first 360 million reads
2022-10-13 14:29:35,426 - DEBUG - Marking up chromosome Y
2022-10-13 14:29:35,622 - DEBUG - Marking up chromosome KI270728.1
2022-10-13 14:29:35,645 - DEBUG - Marking up chromosome KI270727.1
2022-10-13 14:29:35,673 - DEBUG - Marking up chromosome KI270442.1
2022-10-13 14:29:35,673 - WARNING - The .bam file refers to a chromosome 'KI270442.1+' not present in the annotation (.gtf) file
2022-10-13 14:29:35,673 - WARNING - The .bam file refers to a chromosome 'KI270442.1-' not present in the annotation (.gtf) file
2022-10-13 14:29:35,696 - DEBUG - Marking up chromosome KI270729.1
2022-10-13 14:29:35,696 - WARNING - The .bam file refers to a chromosome 'KI270729.1+' not present in the annotation (.gtf) file
2022-10-13 14:29:35,696 - WARNING - The .bam file refers to a chromosome 'KI270729.1-' not present in the annotation (.gtf) file
2022-10-13 14:29:35,698 - DEBUG - Marking up chromosome GL000225.1
2022-10-13 14:29:35,698 - WARNING - The .bam file refers to a chromosome 'GL000225.1+' not present in the annotation (.gtf) file
2022-10-13 14:29:35,698 - WARNING - The .bam file refers to a chromosome 'GL000225.1-' not present in the annotation (.gtf) file
2022-10-13 14:29:35,698 - DEBUG - Marking up chromosome KI270743.1
2022-10-13 14:29:35,698 - WARNING - The .bam file refers to a chromosome 'KI270743.1+' not present in the annotation (.gtf) file
2022-10-13 14:29:35,698 - WARNING - The .bam file refers to a chromosome 'KI270743.1-' not present in the annotation (.gtf) file
2022-10-13 14:29:35,703 - DEBUG - Marking up chromosome GL000008.2
2022-10-13 14:29:35,703 - WARNING - The .bam file refers to a chromosome 'GL000008.2+' not present in the annotation (.gtf) file
2022-10-13 14:29:35,703 - WARNING - The .bam file refers to a chromosome 'GL000008.2-' not present in the annotation (.gtf) file
2022-10-13 14:29:35,708 - DEBUG - Marking up chromosome GL000009.2
2022-10-13 14:29:35,709 - WARNING - The .bam file refers to a chromosome 'GL000009.2+' not present in the annotation (.gtf) file
2022-10-13 14:29:35,714 - DEBUG - Marking up chromosome KI270747.1
2022-10-13 14:29:35,714 - WARNING - The .bam file refers to a chromosome 'KI270747.1+' not present in the annotation (.gtf) file
2022-10-13 14:29:35,714 - WARNING - The .bam file refers to a chromosome 'KI270747.1-' not present in the annotation (.gtf) file
2022-10-13 14:29:35,714 - DEBUG - Marking up chromosome KI270722.1
2022-10-13 14:29:35,714 - WARNING - The .bam file refers to a chromosome 'KI270722.1+' not present in the annotation (.gtf) file
2022-10-13 14:29:35,714 - WARNING - The .bam file refers to a chromosome 'KI270722.1-' not present in the annotation (.gtf) file
2022-10-13 14:29:35,715 - DEBUG - Marking up chromosome GL000194.1
2022-10-13 14:29:35,715 - WARNING - The .bam file refers to a chromosome 'GL000194.1+' not present in the annotation (.gtf) file
2022-10-13 14:29:35,717 - DEBUG - Marking up chromosome KI270742.1
2022-10-13 14:29:35,717 - WARNING - The .bam file refers to a chromosome 'KI270742.1+' not present in the annotation (.gtf) file
2022-10-13 14:29:35,717 - WARNING - The .bam file refers to a chromosome 'KI270742.1-' not present in the annotation (.gtf) file
2022-10-13 14:29:35,795 - DEBUG - Marking up chromosome GL000205.2
2022-10-13 14:29:35,795 - WARNING - The .bam file refers to a chromosome 'GL000205.2+' not present in the annotation (.gtf) file
2022-10-13 14:29:35,980 - DEBUG - Marking up chromosome GL000195.1
2022-10-13 14:29:36,979 - DEBUG - Marking up chromosome KI270733.1
2022-10-13 14:29:36,980 - WARNING - The .bam file refers to a chromosome 'KI270733.1+' not present in the annotation (.gtf) file
2022-10-13 14:29:36,980 - WARNING - The .bam file refers to a chromosome 'KI270733.1-' not present in the annotation (.gtf) file
2022-10-13 14:29:38,612 - DEBUG - Marking up chromosome GL000224.1
2022-10-13 14:29:38,613 - WARNING - The .bam file refers to a chromosome 'GL000224.1+' not present in the annotation (.gtf) file
2022-10-13 14:29:38,613 - WARNING - The .bam file refers to a chromosome 'GL000224.1-' not present in the annotation (.gtf) file
2022-10-13 14:29:38,648 - DEBUG - Marking up chromosome GL000219.1
2022-10-13 14:29:38,648 - WARNING - The .bam file refers to a chromosome 'GL000219.1+' not present in the annotation (.gtf) file
2022-10-13 14:29:38,715 - DEBUG - Marking up chromosome KI270719.1
2022-10-13 14:29:38,715 - WARNING - The .bam file refers to a chromosome 'KI270719.1+' not present in the annotation (.gtf) file
2022-10-13 14:29:38,715 - WARNING - The .bam file refers to a chromosome 'KI270719.1-' not present in the annotation (.gtf) file
2022-10-13 14:29:38,732 - DEBUG - Marking up chromosome GL000216.2
2022-10-13 14:29:38,732 - WARNING - The .bam file refers to a chromosome 'GL000216.2+' not present in the annotation (.gtf) file
2022-10-13 14:29:38,732 - WARNING - The .bam file refers to a chromosome 'GL000216.2-' not present in the annotation (.gtf) file
2022-10-13 14:29:38,732 - DEBUG - Marking up chromosome KI270712.1
2022-10-13 14:29:38,732 - WARNING - The .bam file refers to a chromosome 'KI270712.1+' not present in the annotation (.gtf) file
2022-10-13 14:29:38,732 - WARNING - The .bam file refers to a chromosome 'KI270712.1-' not present in the annotation (.gtf) file
2022-10-13 14:29:38,747 - DEBUG - Marking up chromosome KI270706.1
2022-10-13 14:29:38,748 - WARNING - The .bam file refers to a chromosome 'KI270706.1+' not present in the annotation (.gtf) file
2022-10-13 14:29:38,748 - WARNING - The .bam file refers to a chromosome 'KI270706.1-' not present in the annotation (.gtf) file
2022-10-13 14:29:38,797 - DEBUG - Marking up chromosome KI270725.1
2022-10-13 14:29:38,797 - WARNING - The .bam file refers to a chromosome 'KI270725.1+' not present in the annotation (.gtf) file
2022-10-13 14:29:38,797 - WARNING - The .bam file refers to a chromosome 'KI270725.1-' not present in the annotation (.gtf) file
2022-10-13 14:29:38,799 - DEBUG - Marking up chromosome KI270744.1
2022-10-13 14:29:38,799 - WARNING - The .bam file refers to a chromosome 'KI270744.1+' not present in the annotation (.gtf) file
2022-10-13 14:29:38,799 - WARNING - The .bam file refers to a chromosome 'KI270744.1-' not present in the annotation (.gtf) file
2022-10-13 14:29:38,804 - DEBUG - Marking up chromosome KI270734.1
2022-10-13 14:29:38,809 - DEBUG - Marking up chromosome GL000213.1
2022-10-13 14:29:38,809 - WARNING - The .bam file refers to a chromosome 'GL000213.1+' not present in the annotation (.gtf) file
2022-10-13 14:29:38,810 - DEBUG - Marking up chromosome GL000220.1
2022-10-13 14:29:38,810 - WARNING - The .bam file refers to a chromosome 'GL000220.1+' not present in the annotation (.gtf) file
2022-10-13 14:29:38,810 - WARNING - The .bam file refers to a chromosome 'GL000220.1-' not present in the annotation (.gtf) file
2022-10-13 14:29:41,589 - DEBUG - Read first 370 million reads
2022-10-13 14:29:45,814 - DEBUG - Marking up chromosome KI270715.1
2022-10-13 14:29:45,814 - WARNING - The .bam file refers to a chromosome 'KI270715.1+' not present in the annotation (.gtf) file
2022-10-13 14:29:45,815 - WARNING - The .bam file refers to a chromosome 'KI270715.1-' not present in the annotation (.gtf) file
2022-10-13 14:29:45,815 - DEBUG - Marking up chromosome GL000218.1
2022-10-13 14:29:45,815 - WARNING - The .bam file refers to a chromosome 'GL000218.1+' not present in the annotation (.gtf) file
2022-10-13 14:29:45,818 - DEBUG - Marking up chromosome KI270749.1
2022-10-13 14:29:45,818 - WARNING - The .bam file refers to a chromosome 'KI270749.1+' not present in the annotation (.gtf) file
2022-10-13 14:29:45,818 - WARNING - The .bam file refers to a chromosome 'KI270749.1-' not present in the annotation (.gtf) file
2022-10-13 14:29:45,825 - DEBUG - Marking up chromosome KI270741.1
2022-10-13 14:29:45,825 - WARNING - The .bam file refers to a chromosome 'KI270741.1+' not present in the annotation (.gtf) file
2022-10-13 14:29:45,825 - WARNING - The .bam file refers to a chromosome 'KI270741.1-' not present in the annotation (.gtf) file
2022-10-13 14:29:45,825 - DEBUG - Marking up chromosome GL000221.1
2022-10-13 14:29:45,825 - WARNING - The .bam file refers to a chromosome 'GL000221.1+' not present in the annotation (.gtf) file
2022-10-13 14:29:45,825 - WARNING - The .bam file refers to a chromosome 'GL000221.1-' not present in the annotation (.gtf) file
2022-10-13 14:29:45,898 - DEBUG - Marking up chromosome KI270716.1
2022-10-13 14:29:45,899 - WARNING - The .bam file refers to a chromosome 'KI270716.1+' not present in the annotation (.gtf) file
2022-10-13 14:29:45,899 - WARNING - The .bam file refers to a chromosome 'KI270716.1-' not present in the annotation (.gtf) file
2022-10-13 14:29:45,899 - DEBUG - Marking up chromosome KI270731.1
2022-10-13 14:29:45,899 - WARNING - The .bam file refers to a chromosome 'KI270731.1+' not present in the annotation (.gtf) file
2022-10-13 14:29:45,900 - DEBUG - Marking up chromosome KI270751.1
2022-10-13 14:29:45,900 - WARNING - The .bam file refers to a chromosome 'KI270751.1+' not present in the annotation (.gtf) file
2022-10-13 14:29:45,900 - WARNING - The .bam file refers to a chromosome 'KI270751.1-' not present in the annotation (.gtf) file
2022-10-13 14:29:45,900 - DEBUG - Marking up chromosome KI270750.1
2022-10-13 14:29:45,900 - WARNING - The .bam file refers to a chromosome 'KI270750.1+' not present in the annotation (.gtf) file
2022-10-13 14:29:45,900 - WARNING - The .bam file refers to a chromosome 'KI270750.1-' not present in the annotation (.gtf) file
2022-10-13 14:29:45,901 - DEBUG - Marking up chromosome KI270519.1
2022-10-13 14:29:45,901 - WARNING - The .bam file refers to a chromosome 'KI270519.1+' not present in the annotation (.gtf) file
2022-10-13 14:29:45,901 - WARNING - The .bam file refers to a chromosome 'KI270519.1-' not present in the annotation (.gtf) file
2022-10-13 14:29:45,901 - DEBUG - Marking up chromosome GL000214.1
2022-10-13 14:29:45,901 - WARNING - The .bam file refers to a chromosome 'GL000214.1+' not present in the annotation (.gtf) file
2022-10-13 14:29:45,901 - WARNING - The .bam file refers to a chromosome 'GL000214.1-' not present in the annotation (.gtf) file
2022-10-13 14:29:45,903 - DEBUG - Marking up chromosome KI270708.1
2022-10-13 14:29:45,903 - WARNING - The .bam file refers to a chromosome 'KI270708.1+' not present in the annotation (.gtf) file
2022-10-13 14:29:45,903 - WARNING - The .bam file refers to a chromosome 'KI270708.1-' not present in the annotation (.gtf) file
2022-10-13 14:29:45,904 - DEBUG - Marking up chromosome KI270438.1
2022-10-13 14:29:45,904 - WARNING - The .bam file refers to a chromosome 'KI270438.1+' not present in the annotation (.gtf) file
2022-10-13 14:29:45,904 - WARNING - The .bam file refers to a chromosome 'KI270438.1-' not present in the annotation (.gtf) file
2022-10-13 14:29:45,904 - DEBUG - Marking up chromosome KI270737.1
2022-10-13 14:29:45,905 - WARNING - The .bam file refers to a chromosome 'KI270737.1+' not present in the annotation (.gtf) file
2022-10-13 14:29:45,905 - WARNING - The .bam file refers to a chromosome 'KI270737.1-' not present in the annotation (.gtf) file
2022-10-13 14:29:45,906 - DEBUG - Marking up chromosome KI270721.1
2022-10-13 14:29:45,906 - WARNING - The .bam file refers to a chromosome 'KI270721.1-' not present in the annotation (.gtf) file
2022-10-13 14:29:45,909 - DEBUG - Marking up chromosome KI270738.1
2022-10-13 14:29:45,909 - WARNING - The .bam file refers to a chromosome 'KI270738.1+' not present in the annotation (.gtf) file
2022-10-13 14:29:45,910 - WARNING - The .bam file refers to a chromosome 'KI270738.1-' not present in the annotation (.gtf) file
2022-10-13 14:29:45,913 - DEBUG - Marking up chromosome KI270748.1
2022-10-13 14:29:45,913 - WARNING - The .bam file refers to a chromosome 'KI270748.1+' not present in the annotation (.gtf) file
2022-10-13 14:29:45,913 - WARNING - The .bam file refers to a chromosome 'KI270748.1-' not present in the annotation (.gtf) file
2022-10-13 14:29:45,915 - DEBUG - Marking up chromosome KI270435.1
2022-10-13 14:29:45,915 - WARNING - The .bam file refers to a chromosome 'KI270435.1+' not present in the annotation (.gtf) file
2022-10-13 14:29:45,915 - WARNING - The .bam file refers to a chromosome 'KI270435.1-' not present in the annotation (.gtf) file
2022-10-13 14:29:45,916 - DEBUG - Marking up chromosome GL000208.1
2022-10-13 14:29:45,916 - WARNING - The .bam file refers to a chromosome 'GL000208.1+' not present in the annotation (.gtf) file
2022-10-13 14:29:45,916 - WARNING - The .bam file refers to a chromosome 'GL000208.1-' not present in the annotation (.gtf) file
2022-10-13 14:29:45,918 - DEBUG - Marking up chromosome KI270538.1
2022-10-13 14:29:45,918 - WARNING - The .bam file refers to a chromosome 'KI270538.1+' not present in the annotation (.gtf) file
2022-10-13 14:29:45,918 - WARNING - The .bam file refers to a chromosome 'KI270538.1-' not present in the annotation (.gtf) file
2022-10-13 14:29:45,918 - DEBUG - Marking up chromosome KI270757.1
2022-10-13 14:29:45,918 - WARNING - The .bam file refers to a chromosome 'KI270757.1+' not present in the annotation (.gtf) file
2022-10-13 14:29:45,918 - WARNING - The .bam file refers to a chromosome 'KI270757.1-' not present in the annotation (.gtf) file
2022-10-13 14:29:45,918 - DEBUG - Marking up chromosome KI270709.1
2022-10-13 14:29:45,918 - WARNING - The .bam file refers to a chromosome 'KI270709.1+' not present in the annotation (.gtf) file
2022-10-13 14:29:45,918 - WARNING - The .bam file refers to a chromosome 'KI270709.1-' not present in the annotation (.gtf) file
2022-10-13 14:29:45,920 - DEBUG - Marking up chromosome KI270746.1
2022-10-13 14:29:45,920 - WARNING - The .bam file refers to a chromosome 'KI270746.1+' not present in the annotation (.gtf) file
2022-10-13 14:29:45,920 - WARNING - The .bam file refers to a chromosome 'KI270746.1-' not present in the annotation (.gtf) file
2022-10-13 14:29:45,922 - DEBUG - Marking up chromosome KI270753.1
2022-10-13 14:29:45,922 - WARNING - The .bam file refers to a chromosome 'KI270753.1+' not present in the annotation (.gtf) file
2022-10-13 14:29:45,922 - WARNING - The .bam file refers to a chromosome 'KI270753.1-' not present in the annotation (.gtf) file
2022-10-13 14:29:45,922 - DEBUG - Marking up chromosome KI270589.1
2022-10-13 14:29:45,922 - WARNING - The .bam file refers to a chromosome 'KI270589.1+' not present in the annotation (.gtf) file
2022-10-13 14:29:45,922 - WARNING - The .bam file refers to a chromosome 'KI270589.1-' not present in the annotation (.gtf) file
2022-10-13 14:29:45,923 - DEBUG - Marking up chromosome KI270726.1
2022-10-13 14:29:45,923 - WARNING - The .bam file refers to a chromosome 'KI270726.1-' not present in the annotation (.gtf) file
2022-10-13 14:29:45,923 - DEBUG - Marking up chromosome KI270735.1
2022-10-13 14:29:45,923 - WARNING - The .bam file refers to a chromosome 'KI270735.1+' not present in the annotation (.gtf) file
2022-10-13 14:29:45,924 - WARNING - The .bam file refers to a chromosome 'KI270735.1-' not present in the annotation (.gtf) file
2022-10-13 14:29:45,924 - DEBUG - Marking up chromosome KI270711.1
2022-10-13 14:29:45,924 - WARNING - The .bam file refers to a chromosome 'KI270711.1+' not present in the annotation (.gtf) file
2022-10-13 14:29:45,959 - DEBUG - Marking up chromosome KI270745.1
2022-10-13 14:29:45,959 - WARNING - The .bam file refers to a chromosome 'KI270745.1+' not present in the annotation (.gtf) file
2022-10-13 14:29:45,959 - WARNING - The .bam file refers to a chromosome 'KI270745.1-' not present in the annotation (.gtf) file
2022-10-13 14:29:45,960 - DEBUG - Marking up chromosome KI270714.1
2022-10-13 14:29:45,960 - WARNING - The .bam file refers to a chromosome 'KI270714.1+' not present in the annotation (.gtf) file
2022-10-13 14:29:45,960 - WARNING - The .bam file refers to a chromosome 'KI270714.1-' not present in the annotation (.gtf) file
2022-10-13 14:29:45,963 - DEBUG - Marking up chromosome KI270732.1
2022-10-13 14:29:45,964 - WARNING - The .bam file refers to a chromosome 'KI270732.1+' not present in the annotation (.gtf) file
2022-10-13 14:29:45,964 - WARNING - The .bam file refers to a chromosome 'KI270732.1-' not present in the annotation (.gtf) file
2022-10-13 14:29:45,965 - DEBUG - Marking up chromosome KI270713.1
2022-10-13 14:29:45,984 - DEBUG - Marking up chromosome KI270710.1
2022-10-13 14:29:45,985 - WARNING - The .bam file refers to a chromosome 'KI270710.1+' not present in the annotation (.gtf) file
2022-10-13 14:29:45,985 - WARNING - The .bam file refers to a chromosome 'KI270710.1-' not present in the annotation (.gtf) file
2022-10-13 14:29:45,985 - DEBUG - Marking up chromosome KI270717.1
2022-10-13 14:29:45,985 - WARNING - The .bam file refers to a chromosome 'KI270717.1+' not present in the annotation (.gtf) file
2022-10-13 14:29:45,985 - WARNING - The .bam file refers to a chromosome 'KI270717.1-' not present in the annotation (.gtf) file
2022-10-13 14:29:45,992 - DEBUG - Marking up chromosome KI270724.1
2022-10-13 14:29:45,992 - WARNING - The .bam file refers to a chromosome 'KI270724.1+' not present in the annotation (.gtf) file
2022-10-13 14:29:45,992 - WARNING - The .bam file refers to a chromosome 'KI270724.1-' not present in the annotation (.gtf) file
2022-10-13 14:29:45,992 - DEBUG - Marking up chromosome KI270720.1
2022-10-13 14:29:45,992 - WARNING - The .bam file refers to a chromosome 'KI270720.1+' not present in the annotation (.gtf) file
2022-10-13 14:29:45,992 - WARNING - The .bam file refers to a chromosome 'KI270720.1-' not present in the annotation (.gtf) file
2022-10-13 14:29:45,994 - DEBUG - Marking up chromosome KI270723.1
2022-10-13 14:29:45,994 - WARNING - The .bam file refers to a chromosome 'KI270723.1+' not present in the annotation (.gtf) file
2022-10-13 14:29:45,994 - WARNING - The .bam file refers to a chromosome 'KI270723.1-' not present in the annotation (.gtf) file
2022-10-13 14:29:45,996 - DEBUG - Marking up chromosome KI270718.1
2022-10-13 14:29:45,996 - WARNING - The .bam file refers to a chromosome 'KI270718.1+' not present in the annotation (.gtf) file
2022-10-13 14:29:45,996 - WARNING - The .bam file refers to a chromosome 'KI270718.1-' not present in the annotation (.gtf) file
2022-10-13 14:29:46,018 - DEBUG - Marking up chromosome KI270755.1
2022-10-13 14:29:46,018 - WARNING - The .bam file refers to a chromosome 'KI270755.1+' not present in the annotation (.gtf) file
2022-10-13 14:29:46,018 - WARNING - The .bam file refers to a chromosome 'KI270755.1-' not present in the annotation (.gtf) file
2022-10-13 14:29:46,019 - DEBUG - Marking up chromosome KI270707.1
2022-10-13 14:29:46,019 - WARNING - The .bam file refers to a chromosome 'KI270707.1+' not present in the annotation (.gtf) file
2022-10-13 14:29:46,019 - WARNING - The .bam file refers to a chromosome 'KI270707.1-' not present in the annotation (.gtf) file
2022-10-13 14:29:46,021 - DEBUG - Marking up chromosome KI270752.1
2022-10-13 14:29:46,021 - WARNING - The .bam file refers to a chromosome 'KI270752.1+' not present in the annotation (.gtf) file
2022-10-13 14:29:46,021 - WARNING - The .bam file refers to a chromosome 'KI270752.1-' not present in the annotation (.gtf) file
2022-10-13 14:29:46,021 - DEBUG - Marking up chromosome KI270512.1
2022-10-13 14:29:46,021 - WARNING - The .bam file refers to a chromosome 'KI270512.1+' not present in the annotation (.gtf) file
2022-10-13 14:29:46,021 - WARNING - The .bam file refers to a chromosome 'KI270512.1-' not present in the annotation (.gtf) file
2022-10-13 14:29:46,021 - DEBUG - Marking up chromosome KI270311.1
2022-10-13 14:29:46,021 - WARNING - The .bam file refers to a chromosome 'KI270311.1+' not present in the annotation (.gtf) file
2022-10-13 14:29:46,021 - WARNING - The .bam file refers to a chromosome 'KI270311.1-' not present in the annotation (.gtf) file
2022-10-13 14:29:46,021 - DEBUG - Marking up chromosome KI270448.1
2022-10-13 14:29:46,021 - WARNING - The .bam file refers to a chromosome 'KI270448.1+' not present in the annotation (.gtf) file
2022-10-13 14:29:46,021 - WARNING - The .bam file refers to a chromosome 'KI270448.1-' not present in the annotation (.gtf) file
2022-10-13 14:29:46,022 - DEBUG - Marking up chromosome KI270521.1
2022-10-13 14:29:46,022 - WARNING - The .bam file refers to a chromosome 'KI270521.1+' not present in the annotation (.gtf) file
2022-10-13 14:29:46,022 - WARNING - The .bam file refers to a chromosome 'KI270521.1-' not present in the annotation (.gtf) file
2022-10-13 14:29:46,022 - DEBUG - Marking up chromosome KI270515.1
2022-10-13 14:29:46,022 - WARNING - The .bam file refers to a chromosome 'KI270515.1+' not present in the annotation (.gtf) file
2022-10-13 14:29:46,022 - WARNING - The .bam file refers to a chromosome 'KI270515.1-' not present in the annotation (.gtf) file
2022-10-13 14:29:46,022 - DEBUG - Marking up chromosome KI270508.1
2022-10-13 14:29:46,022 - WARNING - The .bam file refers to a chromosome 'KI270508.1+' not present in the annotation (.gtf) file
2022-10-13 14:29:46,022 - WARNING - The .bam file refers to a chromosome 'KI270508.1-' not present in the annotation (.gtf) file
2022-10-13 14:29:46,022 - DEBUG - Marking up chromosome KI270363.1
2022-10-13 14:29:46,022 - WARNING - The .bam file refers to a chromosome 'KI270363.1+' not present in the annotation (.gtf) file
2022-10-13 14:29:46,022 - WARNING - The .bam file refers to a chromosome 'KI270363.1-' not present in the annotation (.gtf) file
2022-10-13 14:29:46,022 - DEBUG - Marking up chromosome KI270330.1
2022-10-13 14:29:46,022 - WARNING - The .bam file refers to a chromosome 'KI270330.1+' not present in the annotation (.gtf) file
2022-10-13 14:29:46,022 - WARNING - The .bam file refers to a chromosome 'KI270330.1-' not present in the annotation (.gtf) file
2022-10-13 14:29:46,028 - DEBUG - Marking up chromosome KI270373.1
2022-10-13 14:29:46,028 - WARNING - The .bam file refers to a chromosome 'KI270373.1+' not present in the annotation (.gtf) file
2022-10-13 14:29:46,028 - WARNING - The .bam file refers to a chromosome 'KI270373.1-' not present in the annotation (.gtf) file
2022-10-13 14:30:02,861 - DEBUG - Read first 380 million reads
2022-10-13 14:30:24,092 - DEBUG - Read first 390 million reads
2022-10-13 14:30:44,449 - DEBUG - Read first 400 million reads
2022-10-13 14:30:54,533 - DEBUG - End of file. Reset index: start scanning from initial position.
2022-10-13 14:30:54,534 - DEBUG - 14203377 reads were skipped because no apropiate cell or umi barcode was found
2022-10-13 14:30:54,534 - INFO - Now just waiting that the bam sorting process terminates
2022-10-13 14:30:54,534 - INFO - bam file #0 has been sorted
2022-10-13 14:30:54,534 - DEBUG - Start molecule counting!
2022-10-13 14:30:59,276 - DEBUG - Features available for chromosomes : ['GL000009.2-', 'GL000194.1-', 'GL000195.1-', 'GL000195.1+', 'GL000205.2-', 'GL000213.1-', 'GL000218.1-', 'GL000219.1-', 'KI270711.1-', 'KI270713.1-', 'KI270713.1+', 'KI270721.1+', 'KI270726.1+', 'KI270727.1-', 'KI270727.1+', 'KI270728.1-', 'KI270728.1+', 'KI270731.1-', 'KI270734.1-', 'KI270734.1+', '1-', '1+', '10-', '10+', '11-', '11+', '12-', '12+', '13-', '13+', '14-', '14+', '15-', '15+', '16-', '16+', '17-', '17+', '18-', '18+', '19-', '19+', '2-', '2+', '20-', '20+', '21-', '21+', '22-', '22+', '3-', '3+', '4-', '4+', '5-', '5+', '6-', '6+', '7-', '7+', '8-', '8+', '9-', '9+', 'M-', 'M+', 'X-', 'X+', 'Y-', 'Y+']
2022-10-13 14:30:59,276 - DEBUG - Mask available for chromosomes : []
2022-10-13 14:30:59,276 - DEBUG - Summarizing the results of intron validation.
2022-10-13 14:31:00,145 - DEBUG - Validated 696601 introns (of which unique intervals 215330) out of 1106199 total possible introns (considering each possible transcript models).
2022-10-13 14:31:00,145 - DEBUG - Reading /storage/singlecell/zz4/fetal_bash/data/Retina_fetal/17W1D_Fovea_retina/outs/cellsorted_possorted_genome_bam.bam
2022-10-13 14:31:00,229 - DEBUG - Read first 0 million reads
2022-10-13 14:31:45,522 - DEBUG - Read first 10 million reads
2022-10-13 14:32:16,827 - DEBUG - Read first 20 million reads
2022-10-13 14:32:59,957 - DEBUG - Counting for batch 1, containing 100 cells and 2561223 reads
2022-10-13 14:34:22,565 - DEBUG - 0 reads not considered because fully enclosed in repeat masked regions
2022-10-13 14:35:20,128 - DEBUG - Counting for batch 2, containing 100 cells and 2591563 reads
2022-10-13 14:36:49,170 - DEBUG - 0 reads not considered because fully enclosed in repeat masked regions
2022-10-13 14:37:31,155 - DEBUG - Read first 30 million reads
2022-10-13 14:37:45,758 - DEBUG - Counting for batch 3, containing 100 cells and 2338804 reads
2022-10-13 14:39:11,295 - DEBUG - 0 reads not considered because fully enclosed in repeat masked regions
2022-10-13 14:40:00,087 - DEBUG - Counting for batch 4, containing 100 cells and 2328367 reads
2022-10-13 14:41:19,423 - DEBUG - 0 reads not considered because fully enclosed in repeat masked regions
2022-10-13 14:42:19,029 - DEBUG - Counting for batch 5, containing 100 cells and 2622228 reads
2022-10-13 14:44:06,661 - DEBUG - 0 reads not considered because fully enclosed in repeat masked regions
2022-10-13 14:44:40,753 - DEBUG - Read first 40 million reads
2022-10-13 14:45:04,268 - DEBUG - Counting for batch 6, containing 100 cells and 2366808 reads
2022-10-13 14:46:40,617 - DEBUG - 0 reads not considered because fully enclosed in repeat masked regions
2022-10-13 14:47:40,877 - DEBUG - Counting for batch 7, containing 100 cells and 2537533 reads
2022-10-13 14:49:20,785 - DEBUG - 0 reads not considered because fully enclosed in repeat masked regions
2022-10-13 14:50:20,183 - DEBUG - Counting for batch 8, containing 100 cells and 2457681 reads
2022-10-13 14:52:03,969 - DEBUG - 0 reads not considered because fully enclosed in repeat masked regions
2022-10-13 14:52:27,387 - DEBUG - Read first 50 million reads
2022-10-13 14:53:03,724 - DEBUG - Counting for batch 9, containing 100 cells and 2577338 reads
2022-10-13 14:54:45,555 - DEBUG - 0 reads not considered because fully enclosed in repeat masked regions
2022-10-13 14:55:40,530 - DEBUG - Counting for batch 10, containing 100 cells and 2312777 reads
2022-10-13 14:57:20,520 - DEBUG - 0 reads not considered because fully enclosed in repeat masked regions
2022-10-13 14:58:17,307 - DEBUG - Read first 60 million reads
2022-10-13 14:58:20,410 - DEBUG - Counting for batch 11, containing 100 cells and 2454592 reads
2022-10-13 15:00:08,759 - DEBUG - 0 reads not considered because fully enclosed in repeat masked regions
2022-10-13 15:01:12,124 - DEBUG - Counting for batch 12, containing 100 cells and 2438519 reads
2022-10-13 15:02:33,600 - DEBUG - 0 reads not considered because fully enclosed in repeat masked regions
2022-10-13 15:03:33,082 - DEBUG - Counting for batch 13, containing 100 cells and 2313517 reads
2022-10-13 15:04:54,804 - DEBUG - 0 reads not considered because fully enclosed in repeat masked regions
2022-10-13 15:05:39,237 - DEBUG - Read first 70 million reads
2022-10-13 15:05:54,071 - DEBUG - Counting for batch 14, containing 100 cells and 2661200 reads
2022-10-13 15:07:24,214 - DEBUG - 0 reads not considered because fully enclosed in repeat masked regions
2022-10-13 15:08:20,613 - DEBUG - Counting for batch 15, containing 100 cells and 2017899 reads
2022-10-13 15:09:29,352 - DEBUG - 0 reads not considered because fully enclosed in repeat masked regions
2022-10-13 15:10:27,265 - DEBUG - Counting for batch 16, containing 100 cells and 2332056 reads
2022-10-13 15:11:43,505 - DEBUG - 0 reads not considered because fully enclosed in repeat masked regions
2022-10-13 15:12:26,634 - DEBUG - Read first 80 million reads
2022-10-13 15:12:40,637 - DEBUG - Counting for batch 17, containing 100 cells and 2301366 reads
2022-10-13 15:14:13,049 - DEBUG - 0 reads not considered because fully enclosed in repeat masked regions
2022-10-13 15:15:54,755 - DEBUG - Counting for batch 18, containing 100 cells and 2325922 reads
2022-10-13 15:18:43,163 - DEBUG - 0 reads not considered because fully enclosed in repeat masked regions
2022-10-13 15:20:32,407 - DEBUG - Counting for batch 19, containing 100 cells and 2241979 reads
2022-10-13 15:23:31,715 - DEBUG - 0 reads not considered because fully enclosed in repeat masked regions
2022-10-13 15:24:45,169 - DEBUG - Read first 90 million reads
2022-10-13 15:25:20,115 - DEBUG - Counting for batch 20, containing 100 cells and 2618896 reads
2022-10-13 15:28:39,192 - DEBUG - 0 reads not considered because fully enclosed in repeat masked regions
2022-10-13 15:30:34,031 - DEBUG - Counting for batch 21, containing 100 cells and 2265362 reads
2022-10-13 15:33:08,508 - DEBUG - 0 reads not considered because fully enclosed in repeat masked regions
2022-10-13 15:34:57,409 - DEBUG - Counting for batch 22, containing 100 cells and 2523819 reads
2022-10-13 15:37:39,733 - DEBUG - 0 reads not considered because fully enclosed in repeat masked regions
2022-10-13 15:38:34,658 - DEBUG - Read first 100 million reads
2022-10-13 15:39:26,590 - DEBUG - Counting for batch 23, containing 100 cells and 2493339 reads
2022-10-13 15:41:58,866 - DEBUG - 0 reads not considered because fully enclosed in repeat masked regions
2022-10-13 15:43:30,085 - DEBUG - Counting for batch 24, containing 100 cells and 2278157 reads
2022-10-13 15:45:41,233 - DEBUG - 0 reads not considered because fully enclosed in repeat masked regions
2022-10-13 15:47:22,170 - DEBUG - Counting for batch 25, containing 100 cells and 2623748 reads
2022-10-13 15:50:03,855 - DEBUG - 0 reads not considered because fully enclosed in repeat masked regions
2022-10-13 15:50:50,424 - DEBUG - Read first 110 million reads
2022-10-13 15:52:04,127 - DEBUG - Counting for batch 26, containing 100 cells and 2784275 reads
2022-10-13 15:54:43,167 - DEBUG - 0 reads not considered because fully enclosed in repeat masked regions
2022-10-13 15:56:12,794 - DEBUG - Counting for batch 27, containing 100 cells and 2547096 reads
2022-10-13 15:58:34,145 - DEBUG - 0 reads not considered because fully enclosed in repeat masked regions
2022-10-13 15:59:44,706 - DEBUG - Read first 120 million reads
2022-10-13 16:00:06,751 - DEBUG - Counting for batch 28, containing 100 cells and 2617718 reads
2022-10-13 16:02:26,681 - DEBUG - 0 reads not considered because fully enclosed in repeat masked regions
2022-10-13 16:03:46,355 - DEBUG - Counting for batch 29, containing 100 cells and 2576709 reads
2022-10-13 16:06:10,641 - DEBUG - 0 reads not considered because fully enclosed in repeat masked regions
2022-10-13 16:07:32,619 - DEBUG - Counting for batch 30, containing 100 cells and 2214328 reads
2022-10-13 16:09:37,893 - DEBUG - 0 reads not considered because fully enclosed in repeat masked regions
2022-10-13 16:10:26,752 - DEBUG - Read first 130 million reads
2022-10-13 16:10:56,638 - DEBUG - Counting for batch 31, containing 100 cells and 2569700 reads
2022-10-13 16:13:12,015 - DEBUG - 0 reads not considered because fully enclosed in repeat masked regions
2022-10-13 16:14:54,678 - DEBUG - Counting for batch 32, containing 100 cells and 2808969 reads
2022-10-13 16:17:43,120 - DEBUG - 0 reads not considered because fully enclosed in repeat masked regions
2022-10-13 16:19:22,310 - DEBUG - Counting for batch 33, containing 100 cells and 2478260 reads
2022-10-13 16:21:35,777 - DEBUG - 0 reads not considered because fully enclosed in repeat masked regions
2022-10-13 16:22:15,552 - DEBUG - Read first 140 million reads
2022-10-13 16:23:06,627 - DEBUG - Counting for batch 34, containing 100 cells and 2375740 reads
2022-10-13 16:25:11,369 - DEBUG - 0 reads not considered because fully enclosed in repeat masked regions
2022-10-13 16:26:44,450 - DEBUG - Counting for batch 35, containing 100 cells and 2787663 reads
2022-10-13 16:29:25,377 - DEBUG - 0 reads not considered because fully enclosed in repeat masked regions
2022-10-13 16:31:03,458 - DEBUG - Read first 150 million reads
2022-10-13 16:31:22,549 - DEBUG - Counting for batch 36, containing 100 cells and 2728012 reads
2022-10-13 16:34:36,277 - DEBUG - 0 reads not considered because fully enclosed in repeat masked regions
2022-10-13 16:36:35,463 - DEBUG - Counting for batch 37, containing 100 cells and 2373718 reads
2022-10-13 16:39:44,897 - DEBUG - 0 reads not considered because fully enclosed in repeat masked regions
2022-10-13 16:41:29,066 - DEBUG - Counting for batch 38, containing 100 cells and 1990219 reads
2022-10-13 16:43:58,460 - DEBUG - 0 reads not considered because fully enclosed in repeat masked regions
2022-10-13 16:45:27,873 - DEBUG - Read first 160 million reads
2022-10-13 16:45:46,847 - DEBUG - Counting for batch 39, containing 100 cells and 2565459 reads
2022-10-13 16:48:40,612 - DEBUG - 0 reads not considered because fully enclosed in repeat masked regions
2022-10-13 16:50:17,426 - DEBUG - Counting for batch 40, containing 100 cells and 2340367 reads
2022-10-13 16:52:50,713 - DEBUG - 0 reads not considered because fully enclosed in repeat masked regions
2022-10-13 16:54:19,399 - DEBUG - Counting for batch 41, containing 100 cells and 2231097 reads
2022-10-13 16:56:30,614 - DEBUG - 0 reads not considered because fully enclosed in repeat masked regions
2022-10-13 16:57:32,791 - DEBUG - Read first 170 million reads
2022-10-13 16:57:42,341 - DEBUG - Counting for batch 42, containing 100 cells and 1910093 reads
2022-10-13 16:59:34,023 - DEBUG - 0 reads not considered because fully enclosed in repeat masked regions
2022-10-13 17:01:01,352 - DEBUG - Counting for batch 43, containing 100 cells and 2390237 reads
2022-10-13 17:03:26,763 - DEBUG - 0 reads not considered because fully enclosed in repeat masked regions
2022-10-13 17:04:53,877 - DEBUG - Counting for batch 44, containing 100 cells and 2351054 reads
2022-10-13 17:07:07,607 - DEBUG - 0 reads not considered because fully enclosed in repeat masked regions
2022-10-13 17:08:11,445 - DEBUG - Read first 180 million reads
2022-10-13 17:08:28,946 - DEBUG - Counting for batch 45, containing 100 cells and 2201668 reads
2022-10-13 17:10:33,405 - DEBUG - 0 reads not considered because fully enclosed in repeat masked regions
2022-10-13 17:11:52,717 - DEBUG - Counting for batch 46, containing 100 cells and 2411236 reads
2022-10-13 17:14:07,886 - DEBUG - 0 reads not considered because fully enclosed in repeat masked regions
2022-10-13 17:15:25,781 - DEBUG - Counting for batch 47, containing 100 cells and 2343674 reads
2022-10-13 17:17:37,966 - DEBUG - 0 reads not considered because fully enclosed in repeat masked regions
2022-10-13 17:18:37,363 - DEBUG - Read first 190 million reads
2022-10-13 17:18:57,327 - DEBUG - Counting for batch 48, containing 100 cells and 2193120 reads
2022-10-13 17:21:07,169 - DEBUG - 0 reads not considered because fully enclosed in repeat masked regions
2022-10-13 17:22:32,523 - DEBUG - Counting for batch 49, containing 100 cells and 2516440 reads
2022-10-13 17:25:12,475 - DEBUG - 0 reads not considered because fully enclosed in repeat masked regions
2022-10-13 17:26:37,175 - DEBUG - Counting for batch 50, containing 100 cells and 2218069 reads
2022-10-13 17:28:23,562 - DEBUG - 0 reads not considered because fully enclosed in repeat masked regions
2022-10-13 17:29:16,219 - DEBUG - Read first 200 million reads
2022-10-13 17:29:39,153 - DEBUG - Counting for batch 51, containing 100 cells and 2229026 reads
2022-10-13 17:31:45,032 - DEBUG - 0 reads not considered because fully enclosed in repeat masked regions
2022-10-13 17:33:09,728 - DEBUG - Counting for batch 52, containing 100 cells and 2456367 reads
2022-10-13 17:35:37,144 - DEBUG - 0 reads not considered because fully enclosed in repeat masked regions
2022-10-13 17:37:06,546 - DEBUG - Counting for batch 53, containing 100 cells and 2727281 reads
2022-10-13 17:39:34,666 - DEBUG - 0 reads not considered because fully enclosed in repeat masked regions
2022-10-13 17:40:13,810 - DEBUG - Read first 210 million reads
2022-10-13 17:40:52,119 - DEBUG - Counting for batch 54, containing 100 cells and 2446334 reads
2022-10-13 17:42:57,843 - DEBUG - 0 reads not considered because fully enclosed in repeat masked regions
2022-10-13 17:44:24,069 - DEBUG - Counting for batch 55, containing 100 cells and 2500988 reads
2022-10-13 17:46:36,503 - DEBUG - 0 reads not considered because fully enclosed in repeat masked regions
2022-10-13 17:47:55,063 - DEBUG - Counting for batch 56, containing 100 cells and 2355560 reads
2022-10-13 17:49:48,595 - DEBUG - 0 reads not considered because fully enclosed in repeat masked regions
2022-10-13 17:50:08,231 - DEBUG - Read first 220 million reads
2022-10-13 17:51:03,459 - DEBUG - Counting for batch 57, containing 100 cells and 2272294 reads
2022-10-13 17:52:21,595 - DEBUG - 0 reads not considered because fully enclosed in repeat masked regions
2022-10-13 17:53:23,807 - DEBUG - Counting for batch 58, containing 100 cells and 2474692 reads
2022-10-13 17:55:24,387 - DEBUG - 0 reads not considered because fully enclosed in repeat masked regions
2022-10-13 17:56:33,343 - DEBUG - Read first 230 million reads
2022-10-13 17:56:39,656 - DEBUG - Counting for batch 59, containing 100 cells and 2626609 reads
2022-10-13 17:58:57,171 - DEBUG - 0 reads not considered because fully enclosed in repeat masked regions
2022-10-13 18:00:21,782 - DEBUG - Counting for batch 60, containing 100 cells and 2662632 reads
2022-10-13 18:02:30,775 - DEBUG - 0 reads not considered because fully enclosed in repeat masked regions
2022-10-13 18:03:46,205 - DEBUG - Counting for batch 61, containing 100 cells and 2262995 reads
2022-10-13 18:05:36,833 - DEBUG - 0 reads not considered because fully enclosed in repeat masked regions
2022-10-13 18:06:26,548 - DEBUG - Read first 240 million reads
2022-10-13 18:06:43,633 - DEBUG - Counting for batch 62, containing 100 cells and 2230052 reads
2022-10-13 18:08:26,209 - DEBUG - 0 reads not considered because fully enclosed in repeat masked regions
2022-10-13 18:09:35,682 - DEBUG - Counting for batch 63, containing 100 cells and 2235036 reads
2022-10-13 18:11:21,845 - DEBUG - 0 reads not considered because fully enclosed in repeat masked regions
2022-10-13 18:12:23,104 - DEBUG - Counting for batch 64, containing 100 cells and 2241460 reads
2022-10-13 18:14:11,381 - DEBUG - 0 reads not considered because fully enclosed in repeat masked regions
2022-10-13 18:15:04,364 - DEBUG - Read first 250 million reads
2022-10-13 18:15:19,935 - DEBUG - Counting for batch 65, containing 100 cells and 2326373 reads
2022-10-13 18:17:05,571 - DEBUG - 0 reads not considered because fully enclosed in repeat masked regions
2022-10-13 18:18:16,278 - DEBUG - Counting for batch 66, containing 100 cells and 2226651 reads
2022-10-13 18:19:59,354 - DEBUG - 0 reads not considered because fully enclosed in repeat masked regions
2022-10-13 18:21:04,104 - DEBUG - Counting for batch 67, containing 100 cells and 2307819 reads
2022-10-13 18:22:44,165 - DEBUG - 0 reads not considered because fully enclosed in repeat masked regions
2022-10-13 18:23:40,732 - DEBUG - Read first 260 million reads
2022-10-13 18:23:52,858 - DEBUG - Counting for batch 68, containing 100 cells and 2289674 reads
2022-10-13 18:25:42,466 - DEBUG - 0 reads not considered because fully enclosed in repeat masked regions
2022-10-13 18:26:48,558 - DEBUG - Counting for batch 69, containing 100 cells and 2225970 reads
2022-10-13 18:28:25,276 - DEBUG - 0 reads not considered because fully enclosed in repeat masked regions
2022-10-13 18:29:38,717 - DEBUG - Counting for batch 70, containing 100 cells and 2618972 reads
2022-10-13 18:31:40,014 - DEBUG - 0 reads not considered because fully enclosed in repeat masked regions
2022-10-13 18:32:31,827 - DEBUG - Read first 270 million reads
2022-10-13 18:32:53,612 - DEBUG - Counting for batch 71, containing 100 cells and 2566853 reads
2022-10-13 18:34:48,104 - DEBUG - 0 reads not considered because fully enclosed in repeat masked regions
2022-10-13 18:36:03,905 - DEBUG - Counting for batch 72, containing 100 cells and 2383686 reads
2022-10-13 18:37:54,362 - DEBUG - 0 reads not considered because fully enclosed in repeat masked regions
2022-10-13 18:39:02,418 - DEBUG - Counting for batch 73, containing 100 cells and 2284329 reads
2022-10-13 18:40:43,885 - DEBUG - 0 reads not considered because fully enclosed in repeat masked regions
2022-10-13 18:41:29,404 - DEBUG - Read first 280 million reads
2022-10-13 18:41:48,481 - DEBUG - Counting for batch 74, containing 100 cells and 1932252 reads
2022-10-13 18:43:14,322 - DEBUG - 0 reads not considered because fully enclosed in repeat masked regions
2022-10-13 18:44:18,083 - DEBUG - Counting for batch 75, containing 100 cells and 2413960 reads
2022-10-13 18:46:02,331 - DEBUG - 0 reads not considered because fully enclosed in repeat masked regions
2022-10-13 18:46:51,729 - DEBUG - Counting for batch 76, containing 100 cells and 2017324 reads
2022-10-13 18:48:25,748 - DEBUG - 0 reads not considered because fully enclosed in repeat masked regions
2022-10-13 18:49:10,332 - DEBUG - Read first 290 million reads
2022-10-13 18:49:27,814 - DEBUG - Counting for batch 77, containing 100 cells and 2190063 reads
2022-10-13 18:51:00,564 - DEBUG - 0 reads not considered because fully enclosed in repeat masked regions
2022-10-13 18:52:02,672 - DEBUG - Counting for batch 78, containing 100 cells and 2370382 reads
2022-10-13 18:53:47,669 - DEBUG - 0 reads not considered because fully enclosed in repeat masked regions
2022-10-13 18:55:01,892 - DEBUG - Counting for batch 79, containing 100 cells and 2590058 reads
2022-10-13 18:56:55,171 - DEBUG - 0 reads not considered because fully enclosed in repeat masked regions
2022-10-13 18:57:42,290 - DEBUG - Read first 300 million reads
2022-10-13 18:58:11,046 - DEBUG - Counting for batch 80, containing 100 cells and 2795662 reads
2022-10-13 19:00:11,693 - DEBUG - 0 reads not considered because fully enclosed in repeat masked regions
2022-10-13 19:01:26,059 - DEBUG - Counting for batch 81, containing 100 cells and 2490806 reads
2022-10-13 19:03:25,871 - DEBUG - 0 reads not considered because fully enclosed in repeat masked regions
2022-10-13 19:04:38,954 - DEBUG - Counting for batch 82, containing 100 cells and 2491549 reads
2022-10-13 19:06:35,702 - DEBUG - 0 reads not considered because fully enclosed in repeat masked regions
2022-10-13 19:06:58,452 - DEBUG - Read first 310 million reads
2022-10-13 19:07:46,344 - DEBUG - Counting for batch 83, containing 100 cells and 2328339 reads
2022-10-13 19:09:35,890 - DEBUG - 0 reads not considered because fully enclosed in repeat masked regions
2022-10-13 19:10:41,102 - DEBUG - Counting for batch 84, containing 100 cells and 2500361 reads
2022-10-13 19:12:34,399 - DEBUG - 0 reads not considered because fully enclosed in repeat masked regions
2022-10-13 19:13:38,782 - DEBUG - Read first 320 million reads
2022-10-13 19:13:44,495 - DEBUG - Counting for batch 85, containing 100 cells and 2511570 reads
2022-10-13 19:15:31,357 - DEBUG - 0 reads not considered because fully enclosed in repeat masked regions
2022-10-13 19:16:34,467 - DEBUG - Counting for batch 86, containing 100 cells and 2262503 reads
2022-10-13 19:18:18,579 - DEBUG - 0 reads not considered because fully enclosed in repeat masked regions
2022-10-13 19:19:30,036 - DEBUG - Counting for batch 87, containing 100 cells and 2508458 reads
2022-10-13 19:21:39,958 - DEBUG - 0 reads not considered because fully enclosed in repeat masked regions
2022-10-13 19:22:25,723 - DEBUG - Read first 330 million reads
2022-10-13 19:22:46,858 - DEBUG - Counting for batch 88, containing 100 cells and 2652718 reads
2022-10-13 19:24:47,654 - DEBUG - 0 reads not considered because fully enclosed in repeat masked regions
2022-10-13 19:25:56,423 - DEBUG - Counting for batch 89, containing 100 cells and 2572610 reads
2022-10-13 19:27:48,228 - DEBUG - 0 reads not considered because fully enclosed in repeat masked regions
2022-10-13 19:29:05,601 - DEBUG - Counting for batch 90, containing 100 cells and 2446453 reads
2022-10-13 19:30:46,454 - DEBUG - 0 reads not considered because fully enclosed in repeat masked regions
2022-10-13 19:31:24,472 - DEBUG - Read first 340 million reads
2022-10-13 19:31:48,166 - DEBUG - Counting for batch 91, containing 100 cells and 2355258 reads
2022-10-13 19:33:29,486 - DEBUG - 0 reads not considered because fully enclosed in repeat masked regions
2022-10-13 19:34:29,487 - DEBUG - Counting for batch 92, containing 100 cells and 1998204 reads
2022-10-13 19:36:05,863 - DEBUG - 0 reads not considered because fully enclosed in repeat masked regions
2022-10-13 19:37:11,525 - DEBUG - Counting for batch 93, containing 100 cells and 2567450 reads
2022-10-13 19:39:01,160 - DEBUG - 0 reads not considered because fully enclosed in repeat masked regions
2022-10-13 19:39:30,952 - DEBUG - Read first 350 million reads
2022-10-13 19:39:49,868 - DEBUG - Counting for batch 94, containing 100 cells and 2196921 reads
2022-10-13 19:41:32,120 - DEBUG - 0 reads not considered because fully enclosed in repeat masked regions
2022-10-13 19:42:33,755 - DEBUG - Counting for batch 95, containing 100 cells and 2236052 reads
2022-10-13 19:44:11,709 - DEBUG - 0 reads not considered because fully enclosed in repeat masked regions
2022-10-13 19:45:11,469 - DEBUG - Counting for batch 96, containing 100 cells and 2631729 reads
2022-10-13 19:47:08,740 - DEBUG - 0 reads not considered because fully enclosed in repeat masked regions
2022-10-13 19:47:41,325 - DEBUG - Read first 360 million reads
2022-10-13 19:48:19,234 - DEBUG - Counting for batch 97, containing 100 cells and 2373681 reads
2022-10-13 19:49:59,307 - DEBUG - 0 reads not considered because fully enclosed in repeat masked regions
2022-10-13 19:51:02,073 - DEBUG - Counting for batch 98, containing 100 cells and 2414705 reads
2022-10-13 19:52:44,626 - DEBUG - 0 reads not considered because fully enclosed in repeat masked regions
2022-10-13 19:53:42,796 - DEBUG - Counting for batch 99, containing 100 cells and 2078753 reads
2022-10-13 19:55:13,121 - DEBUG - 0 reads not considered because fully enclosed in repeat masked regions
2022-10-13 19:55:40,671 - DEBUG - Read first 370 million reads
2022-10-13 19:56:07,277 - DEBUG - Counting for batch 100, containing 100 cells and 2376824 reads
2022-10-13 19:57:54,690 - DEBUG - 0 reads not considered because fully enclosed in repeat masked regions
2022-10-13 19:58:54,603 - DEBUG - Counting for batch 101, containing 100 cells and 1837872 reads
2022-10-13 20:00:09,861 - DEBUG - 0 reads not considered because fully enclosed in repeat masked regions
2022-10-13 20:01:11,016 - DEBUG - Counting for batch 102, containing 100 cells and 2206239 reads
2022-10-13 20:02:38,437 - DEBUG - 0 reads not considered because fully enclosed in repeat masked regions
2022-10-13 20:03:13,623 - DEBUG - Read first 380 million reads
2022-10-13 20:03:45,261 - DEBUG - Counting for batch 103, containing 100 cells and 2241248 reads
2022-10-13 20:05:20,594 - DEBUG - 0 reads not considered because fully enclosed in repeat masked regions
2022-10-13 20:06:24,970 - DEBUG - Counting for batch 104, containing 100 cells and 2310742 reads
2022-10-13 20:08:10,797 - DEBUG - 0 reads not considered because fully enclosed in repeat masked regions
2022-10-13 20:09:11,933 - DEBUG - Counting for batch 105, containing 100 cells and 2365737 reads
2022-10-13 20:10:57,747 - DEBUG - 0 reads not considered because fully enclosed in repeat masked regions
2022-10-13 20:11:28,866 - DEBUG - Read first 390 million reads
2022-10-13 20:12:02,422 - DEBUG - Counting for batch 106, containing 100 cells and 2569573 reads
2022-10-13 20:14:00,832 - DEBUG - 0 reads not considered because fully enclosed in repeat masked regions
2022-10-13 20:15:08,114 - DEBUG - Counting for batch 107, containing 100 cells and 2404786 reads
2022-10-13 20:16:47,180 - DEBUG - 0 reads not considered because fully enclosed in repeat masked regions
2022-10-13 20:17:47,086 - DEBUG - Counting for batch 108, containing 100 cells and 2152420 reads
2022-10-13 20:19:22,192 - DEBUG - 0 reads not considered because fully enclosed in repeat masked regions
2022-10-13 20:19:56,078 - DEBUG - Read first 400 million reads
2022-10-13 20:20:42,738 - DEBUG - Counting for batch 109, containing 100 cells and 2642229 reads
2022-10-13 20:22:47,270 - DEBUG - 0 reads not considered because fully enclosed in repeat masked regions
2022-10-13 20:23:35,350 - DEBUG - Counting for batch 110, containing 68 cells and 1516419 reads
2022-10-13 20:24:36,489 - DEBUG - 0 reads not considered because fully enclosed in repeat masked regions
2022-10-13 20:24:46,554 - DEBUG - 14203377 reads were skipped because no apropiate cell or umi barcode was found
2022-10-13 20:24:46,555 - DEBUG - Counting done!
2022-10-13 20:24:46,675 - DEBUG - Generating output file /storage/singlecell/zz4/fetal_bash/results/RNA_velocity/17W1D_Fovea_retina/17W1D_Fovea_retina.loom
2022-10-13 20:24:46,676 - DEBUG - Collecting row attributes
2022-10-13 20:24:46,930 - DEBUG - Generating data table
2022-10-13 20:24:54,541 - DEBUG - Writing loom file
2022-10-13 20:25:04,398 - DEBUG - Creating converter from 5 to 3
2022-10-13 20:25:04,409 - DEBUG - Creating converter from 3 to 5
2022-10-13 20:25:46,909 - DEBUG - Terminated Succesfully!
ended at Thu Oct 13 20:25:56 CDT 2022 on mhgcp-g00.grid.bcm.edu. Time elapsed: 07:22:13
